[2025-07-22T17:54:59.992+0000] {processor.py:161} INFO - Started process (PID=78) to work on /opt/airflow/dags/flight_etl_dag.py
[2025-07-22T17:54:59.996+0000] {processor.py:830} INFO - Processing file /opt/airflow/dags/flight_etl_dag.py for tasks to queue
[2025-07-22T17:55:00.003+0000] {logging_mixin.py:188} INFO - [2025-07-22T17:55:00.002+0000] {dagbag.py:538} INFO - Filling up the DagBag from /opt/airflow/dags/flight_etl_dag.py
[2025-07-22T17:55:02.338+0000] {processor.py:840} INFO - DAG(s) 'flight_etl_dag' retrieved from /opt/airflow/dags/flight_etl_dag.py
[2025-07-22T17:55:02.811+0000] {logging_mixin.py:188} INFO - [2025-07-22T17:55:02.810+0000] {dag.py:3036} INFO - Sync 1 DAGs
[2025-07-22T17:55:02.873+0000] {logging_mixin.py:188} INFO - [2025-07-22T17:55:02.872+0000] {dag.py:3823} INFO - Setting next_dagrun for flight_etl_dag to 2025-07-22 00:00:00+00:00, run_after=2025-07-23 00:00:00+00:00
[2025-07-22T17:55:02.963+0000] {processor.py:183} INFO - Processing /opt/airflow/dags/flight_etl_dag.py took 2.981 seconds
[2025-07-22T17:55:33.487+0000] {processor.py:161} INFO - Started process (PID=148) to work on /opt/airflow/dags/flight_etl_dag.py
[2025-07-22T17:55:33.489+0000] {processor.py:830} INFO - Processing file /opt/airflow/dags/flight_etl_dag.py for tasks to queue
[2025-07-22T17:55:33.492+0000] {logging_mixin.py:188} INFO - [2025-07-22T17:55:33.492+0000] {dagbag.py:538} INFO - Filling up the DagBag from /opt/airflow/dags/flight_etl_dag.py
[2025-07-22T17:55:34.645+0000] {processor.py:840} INFO - DAG(s) 'flight_etl_dag' retrieved from /opt/airflow/dags/flight_etl_dag.py
[2025-07-22T17:55:34.676+0000] {logging_mixin.py:188} INFO - [2025-07-22T17:55:34.675+0000] {dag.py:3036} INFO - Sync 1 DAGs
[2025-07-22T17:55:34.733+0000] {logging_mixin.py:188} INFO - [2025-07-22T17:55:34.733+0000] {dag.py:3823} INFO - Setting next_dagrun for flight_etl_dag to 2025-07-22 00:00:00+00:00, run_after=2025-07-23 00:00:00+00:00
[2025-07-22T17:55:34.778+0000] {processor.py:183} INFO - Processing /opt/airflow/dags/flight_etl_dag.py took 1.296 seconds
[2025-07-22T17:56:04.897+0000] {processor.py:161} INFO - Started process (PID=206) to work on /opt/airflow/dags/flight_etl_dag.py
[2025-07-22T17:56:04.899+0000] {processor.py:830} INFO - Processing file /opt/airflow/dags/flight_etl_dag.py for tasks to queue
[2025-07-22T17:56:04.904+0000] {logging_mixin.py:188} INFO - [2025-07-22T17:56:04.904+0000] {dagbag.py:538} INFO - Filling up the DagBag from /opt/airflow/dags/flight_etl_dag.py
[2025-07-22T17:56:05.716+0000] {processor.py:840} INFO - DAG(s) 'flight_etl_dag' retrieved from /opt/airflow/dags/flight_etl_dag.py
[2025-07-22T17:56:05.761+0000] {logging_mixin.py:188} INFO - [2025-07-22T17:56:05.760+0000] {dag.py:3036} INFO - Sync 1 DAGs
[2025-07-22T17:56:05.785+0000] {logging_mixin.py:188} INFO - [2025-07-22T17:56:05.785+0000] {dag.py:3823} INFO - Setting next_dagrun for flight_etl_dag to 2025-07-22 00:00:00+00:00, run_after=2025-07-23 00:00:00+00:00
[2025-07-22T17:56:05.812+0000] {processor.py:183} INFO - Processing /opt/airflow/dags/flight_etl_dag.py took 0.922 seconds
[2025-07-22T17:56:35.938+0000] {processor.py:161} INFO - Started process (PID=263) to work on /opt/airflow/dags/flight_etl_dag.py
[2025-07-22T17:56:35.940+0000] {processor.py:830} INFO - Processing file /opt/airflow/dags/flight_etl_dag.py for tasks to queue
[2025-07-22T17:56:35.945+0000] {logging_mixin.py:188} INFO - [2025-07-22T17:56:35.944+0000] {dagbag.py:538} INFO - Filling up the DagBag from /opt/airflow/dags/flight_etl_dag.py
[2025-07-22T17:56:36.701+0000] {processor.py:840} INFO - DAG(s) 'flight_etl_dag' retrieved from /opt/airflow/dags/flight_etl_dag.py
[2025-07-22T17:56:36.738+0000] {logging_mixin.py:188} INFO - [2025-07-22T17:56:36.737+0000] {dag.py:3036} INFO - Sync 1 DAGs
[2025-07-22T17:56:36.774+0000] {logging_mixin.py:188} INFO - [2025-07-22T17:56:36.774+0000] {dag.py:3823} INFO - Setting next_dagrun for flight_etl_dag to 2025-07-22 00:00:00+00:00, run_after=2025-07-23 00:00:00+00:00
[2025-07-22T17:56:36.827+0000] {processor.py:183} INFO - Processing /opt/airflow/dags/flight_etl_dag.py took 0.894 seconds
[2025-07-22T17:57:06.995+0000] {processor.py:161} INFO - Started process (PID=323) to work on /opt/airflow/dags/flight_etl_dag.py
[2025-07-22T17:57:06.997+0000] {processor.py:830} INFO - Processing file /opt/airflow/dags/flight_etl_dag.py for tasks to queue
[2025-07-22T17:57:07.001+0000] {logging_mixin.py:188} INFO - [2025-07-22T17:57:07.000+0000] {dagbag.py:538} INFO - Filling up the DagBag from /opt/airflow/dags/flight_etl_dag.py
[2025-07-22T17:57:07.615+0000] {processor.py:840} INFO - DAG(s) 'flight_etl_dag' retrieved from /opt/airflow/dags/flight_etl_dag.py
[2025-07-22T17:57:07.642+0000] {logging_mixin.py:188} INFO - [2025-07-22T17:57:07.641+0000] {dag.py:3036} INFO - Sync 1 DAGs
[2025-07-22T17:57:07.672+0000] {logging_mixin.py:188} INFO - [2025-07-22T17:57:07.672+0000] {dag.py:3823} INFO - Setting next_dagrun for flight_etl_dag to 2025-07-22 00:00:00+00:00, run_after=2025-07-23 00:00:00+00:00
[2025-07-22T17:57:07.708+0000] {processor.py:183} INFO - Processing /opt/airflow/dags/flight_etl_dag.py took 0.719 seconds
[2025-07-22T17:57:38.304+0000] {processor.py:161} INFO - Started process (PID=380) to work on /opt/airflow/dags/flight_etl_dag.py
[2025-07-22T17:57:38.306+0000] {processor.py:830} INFO - Processing file /opt/airflow/dags/flight_etl_dag.py for tasks to queue
[2025-07-22T17:57:38.309+0000] {logging_mixin.py:188} INFO - [2025-07-22T17:57:38.309+0000] {dagbag.py:538} INFO - Filling up the DagBag from /opt/airflow/dags/flight_etl_dag.py
[2025-07-22T17:57:38.967+0000] {processor.py:840} INFO - DAG(s) 'flight_etl_dag' retrieved from /opt/airflow/dags/flight_etl_dag.py
[2025-07-22T17:57:39.001+0000] {logging_mixin.py:188} INFO - [2025-07-22T17:57:39.001+0000] {dag.py:3036} INFO - Sync 1 DAGs
[2025-07-22T17:57:39.033+0000] {logging_mixin.py:188} INFO - [2025-07-22T17:57:39.032+0000] {dag.py:3823} INFO - Setting next_dagrun for flight_etl_dag to 2025-07-22 00:00:00+00:00, run_after=2025-07-23 00:00:00+00:00
[2025-07-22T17:57:39.071+0000] {processor.py:183} INFO - Processing /opt/airflow/dags/flight_etl_dag.py took 0.772 seconds
[2025-07-22T17:58:09.168+0000] {processor.py:161} INFO - Started process (PID=441) to work on /opt/airflow/dags/flight_etl_dag.py
[2025-07-22T17:58:09.170+0000] {processor.py:830} INFO - Processing file /opt/airflow/dags/flight_etl_dag.py for tasks to queue
[2025-07-22T17:58:09.173+0000] {logging_mixin.py:188} INFO - [2025-07-22T17:58:09.172+0000] {dagbag.py:538} INFO - Filling up the DagBag from /opt/airflow/dags/flight_etl_dag.py
[2025-07-22T17:58:09.770+0000] {processor.py:840} INFO - DAG(s) 'flight_etl_dag' retrieved from /opt/airflow/dags/flight_etl_dag.py
[2025-07-22T17:58:09.792+0000] {logging_mixin.py:188} INFO - [2025-07-22T17:58:09.792+0000] {dag.py:3036} INFO - Sync 1 DAGs
[2025-07-22T17:58:09.819+0000] {logging_mixin.py:188} INFO - [2025-07-22T17:58:09.819+0000] {dag.py:3823} INFO - Setting next_dagrun for flight_etl_dag to 2025-07-22 00:00:00+00:00, run_after=2025-07-23 00:00:00+00:00
[2025-07-22T17:58:09.853+0000] {processor.py:183} INFO - Processing /opt/airflow/dags/flight_etl_dag.py took 0.689 seconds
[2025-07-22T17:58:40.631+0000] {processor.py:161} INFO - Started process (PID=498) to work on /opt/airflow/dags/flight_etl_dag.py
[2025-07-22T17:58:40.632+0000] {processor.py:830} INFO - Processing file /opt/airflow/dags/flight_etl_dag.py for tasks to queue
[2025-07-22T17:58:40.639+0000] {logging_mixin.py:188} INFO - [2025-07-22T17:58:40.638+0000] {dagbag.py:538} INFO - Filling up the DagBag from /opt/airflow/dags/flight_etl_dag.py
[2025-07-22T17:58:41.314+0000] {processor.py:840} INFO - DAG(s) 'flight_etl_dag' retrieved from /opt/airflow/dags/flight_etl_dag.py
[2025-07-22T17:58:41.339+0000] {logging_mixin.py:188} INFO - [2025-07-22T17:58:41.339+0000] {dag.py:3036} INFO - Sync 1 DAGs
[2025-07-22T17:58:41.370+0000] {logging_mixin.py:188} INFO - [2025-07-22T17:58:41.370+0000] {dag.py:3823} INFO - Setting next_dagrun for flight_etl_dag to 2025-07-22 00:00:00+00:00, run_after=2025-07-23 00:00:00+00:00
[2025-07-22T17:58:41.397+0000] {processor.py:183} INFO - Processing /opt/airflow/dags/flight_etl_dag.py took 0.770 seconds
[2025-07-22T17:59:11.469+0000] {processor.py:161} INFO - Started process (PID=558) to work on /opt/airflow/dags/flight_etl_dag.py
[2025-07-22T17:59:11.470+0000] {processor.py:830} INFO - Processing file /opt/airflow/dags/flight_etl_dag.py for tasks to queue
[2025-07-22T17:59:11.473+0000] {logging_mixin.py:188} INFO - [2025-07-22T17:59:11.473+0000] {dagbag.py:538} INFO - Filling up the DagBag from /opt/airflow/dags/flight_etl_dag.py
[2025-07-22T17:59:12.203+0000] {processor.py:840} INFO - DAG(s) 'flight_etl_dag' retrieved from /opt/airflow/dags/flight_etl_dag.py
[2025-07-22T17:59:12.250+0000] {logging_mixin.py:188} INFO - [2025-07-22T17:59:12.249+0000] {dag.py:3036} INFO - Sync 1 DAGs
[2025-07-22T17:59:12.282+0000] {logging_mixin.py:188} INFO - [2025-07-22T17:59:12.282+0000] {dag.py:3823} INFO - Setting next_dagrun for flight_etl_dag to 2025-07-22 00:00:00+00:00, run_after=2025-07-23 00:00:00+00:00
[2025-07-22T17:59:12.328+0000] {processor.py:183} INFO - Processing /opt/airflow/dags/flight_etl_dag.py took 0.864 seconds
[2025-07-22T17:59:42.954+0000] {processor.py:161} INFO - Started process (PID=616) to work on /opt/airflow/dags/flight_etl_dag.py
[2025-07-22T17:59:42.957+0000] {processor.py:830} INFO - Processing file /opt/airflow/dags/flight_etl_dag.py for tasks to queue
[2025-07-22T17:59:42.960+0000] {logging_mixin.py:188} INFO - [2025-07-22T17:59:42.960+0000] {dagbag.py:538} INFO - Filling up the DagBag from /opt/airflow/dags/flight_etl_dag.py
[2025-07-22T17:59:43.633+0000] {processor.py:840} INFO - DAG(s) 'flight_etl_dag' retrieved from /opt/airflow/dags/flight_etl_dag.py
[2025-07-22T17:59:43.654+0000] {logging_mixin.py:188} INFO - [2025-07-22T17:59:43.653+0000] {dag.py:3036} INFO - Sync 1 DAGs
[2025-07-22T17:59:43.683+0000] {logging_mixin.py:188} INFO - [2025-07-22T17:59:43.683+0000] {dag.py:3823} INFO - Setting next_dagrun for flight_etl_dag to 2025-07-22 00:00:00+00:00, run_after=2025-07-23 00:00:00+00:00
[2025-07-22T17:59:43.717+0000] {processor.py:183} INFO - Processing /opt/airflow/dags/flight_etl_dag.py took 0.770 seconds
[2025-07-22T18:00:13.979+0000] {processor.py:161} INFO - Started process (PID=677) to work on /opt/airflow/dags/flight_etl_dag.py
[2025-07-22T18:00:13.982+0000] {processor.py:830} INFO - Processing file /opt/airflow/dags/flight_etl_dag.py for tasks to queue
[2025-07-22T18:00:13.985+0000] {logging_mixin.py:188} INFO - [2025-07-22T18:00:13.985+0000] {dagbag.py:538} INFO - Filling up the DagBag from /opt/airflow/dags/flight_etl_dag.py
[2025-07-22T18:00:14.721+0000] {processor.py:840} INFO - DAG(s) 'flight_etl_dag' retrieved from /opt/airflow/dags/flight_etl_dag.py
[2025-07-22T18:00:14.758+0000] {logging_mixin.py:188} INFO - [2025-07-22T18:00:14.757+0000] {dag.py:3036} INFO - Sync 1 DAGs
[2025-07-22T18:00:14.789+0000] {logging_mixin.py:188} INFO - [2025-07-22T18:00:14.788+0000] {dag.py:3823} INFO - Setting next_dagrun for flight_etl_dag to 2025-07-22 00:00:00+00:00, run_after=2025-07-23 00:00:00+00:00
[2025-07-22T18:00:14.829+0000] {processor.py:183} INFO - Processing /opt/airflow/dags/flight_etl_dag.py took 0.855 seconds
