[2025-07-15T18:16:40.218+0000] {taskinstance.py:1956} INFO - Dependencies all met for dep_context=non-requeueable deps ti=<TaskInstance: flight_etl_dag.loading_data manual__2025-07-15T18:16:26.177105+00:00 [queued]>
[2025-07-15T18:16:40.232+0000] {taskinstance.py:1956} INFO - Dependencies all met for dep_context=requeueable deps ti=<TaskInstance: flight_etl_dag.loading_data manual__2025-07-15T18:16:26.177105+00:00 [queued]>
[2025-07-15T18:16:40.233+0000] {taskinstance.py:2170} INFO - Starting attempt 1 of 2
[2025-07-15T18:16:40.255+0000] {taskinstance.py:2191} INFO - Executing <Task(PythonOperator): loading_data> on 2025-07-15 18:16:26.177105+00:00
[2025-07-15T18:16:40.263+0000] {standard_task_runner.py:60} INFO - Started process 144 to run task
[2025-07-15T18:16:40.268+0000] {standard_task_runner.py:87} INFO - Running: ['airflow', 'tasks', 'run', 'flight_etl_dag', 'loading_data', 'manual__2025-07-15T18:16:26.177105+00:00', '--job-id', '23', '--raw', '--subdir', 'DAGS_FOLDER/flight_etl_dag.py', '--cfg-path', '/tmp/tmpeb13qg_2']
[2025-07-15T18:16:40.269+0000] {standard_task_runner.py:88} INFO - Job 23: Subtask loading_data
[2025-07-15T18:16:40.363+0000] {task_command.py:423} INFO - Running <TaskInstance: flight_etl_dag.loading_data manual__2025-07-15T18:16:26.177105+00:00 [running]> on host 3eb6f9d291a3
[2025-07-15T18:16:40.494+0000] {taskinstance.py:2480} INFO - Exporting env vars: AIRFLOW_CTX_DAG_OWNER='airflow' AIRFLOW_CTX_DAG_ID='flight_etl_dag' AIRFLOW_CTX_TASK_ID='loading_data' AIRFLOW_CTX_EXECUTION_DATE='2025-07-15T18:16:26.177105+00:00' AIRFLOW_CTX_TRY_NUMBER='1' AIRFLOW_CTX_DAG_RUN_ID='manual__2025-07-15T18:16:26.177105+00:00'
[2025-07-15T18:16:40.583+0000] {logging_mixin.py:188} INFO - Data to load:
[2025-07-15T18:16:40.607+0000] {logging_mixin.py:188} INFO -   aircraft_id flight_number origin_country  ...  position_source      time       date
0      c07d0b      CGVJE            Canada  ...            ADS-B  13:13:46 2025-07-15
1      ab1644      UAL2364   United States  ...            ADS-B  13:15:40 2025-07-15
2      a61867      N492K     United States  ...            ADS-B  13:13:48 2025-07-15
3      39de4a      TVF8965          France  ...            ADS-B  13:15:18 2025-07-15
4      a53edd      GPD437    United States  ...            ADS-B  13:15:10 2025-07-15

[5 rows x 11 columns]
[2025-07-15T18:16:40.615+0000] {logging_mixin.py:188} INFO - Airflow DB Connection: ('172.18.0.3', 'opensky', 'postgres')
[2025-07-15T18:16:40.626+0000] {logging_mixin.py:188} INFO - Tables created successfully.
[2025-07-15T18:16:44.914+0000] {logging_mixin.py:188} INFO - Data Loaded successfully !
[2025-07-15T18:16:44.916+0000] {python.py:201} INFO - Done. Returned value was: None
[2025-07-15T18:16:44.928+0000] {taskinstance.py:1138} INFO - Marking task as SUCCESS. dag_id=flight_etl_dag, task_id=loading_data, execution_date=20250715T181626, start_date=20250715T181640, end_date=20250715T181644
[2025-07-15T18:16:44.987+0000] {local_task_job_runner.py:234} INFO - Task exited with return code 0
[2025-07-15T18:16:45.010+0000] {taskinstance.py:3280} INFO - 0 downstream tasks scheduled from follow-on schedule check
