[2025-07-15T18:16:37.234+0000] {taskinstance.py:1956} INFO - Dependencies all met for dep_context=non-requeueable deps ti=<TaskInstance: flight_etl_dag.transforming_data manual__2025-07-15T18:16:26.177105+00:00 [queued]>
[2025-07-15T18:16:37.252+0000] {taskinstance.py:1956} INFO - Dependencies all met for dep_context=requeueable deps ti=<TaskInstance: flight_etl_dag.transforming_data manual__2025-07-15T18:16:26.177105+00:00 [queued]>
[2025-07-15T18:16:37.253+0000] {taskinstance.py:2170} INFO - Starting attempt 1 of 2
[2025-07-15T18:16:37.268+0000] {taskinstance.py:2191} INFO - Executing <Task(PythonOperator): transforming_data> on 2025-07-15 18:16:26.177105+00:00
[2025-07-15T18:16:37.275+0000] {standard_task_runner.py:60} INFO - Started process 137 to run task
[2025-07-15T18:16:37.279+0000] {standard_task_runner.py:87} INFO - Running: ['airflow', 'tasks', 'run', 'flight_etl_dag', 'transforming_data', 'manual__2025-07-15T18:16:26.177105+00:00', '--job-id', '22', '--raw', '--subdir', 'DAGS_FOLDER/flight_etl_dag.py', '--cfg-path', '/tmp/tmp7bbtlb71']
[2025-07-15T18:16:37.281+0000] {standard_task_runner.py:88} INFO - Job 22: Subtask transforming_data
[2025-07-15T18:16:37.394+0000] {task_command.py:423} INFO - Running <TaskInstance: flight_etl_dag.transforming_data manual__2025-07-15T18:16:26.177105+00:00 [running]> on host 3eb6f9d291a3
[2025-07-15T18:16:37.535+0000] {taskinstance.py:2480} INFO - Exporting env vars: AIRFLOW_CTX_DAG_OWNER='airflow' AIRFLOW_CTX_DAG_ID='flight_etl_dag' AIRFLOW_CTX_TASK_ID='transforming_data' AIRFLOW_CTX_EXECUTION_DATE='2025-07-15T18:16:26.177105+00:00' AIRFLOW_CTX_TRY_NUMBER='1' AIRFLOW_CTX_DAG_RUN_ID='manual__2025-07-15T18:16:26.177105+00:00'
[2025-07-15T18:16:37.762+0000] {python.py:201} INFO - Done. Returned value was:      aircraft_id flight_number  ...      time        date
0         c07d0b      CGVJE     ...  13:13:46  2025-07-15
1         ab1644      UAL2364   ...  13:15:40  2025-07-15
2         a61867      N492K     ...  13:13:48  2025-07-15
3         39de4a      TVF8965   ...  13:15:18  2025-07-15
4         a53edd      GPD437    ...  13:15:10  2025-07-15
...          ...           ...  ...       ...         ...
4059      adbf87                ...  13:13:47  2025-07-15
4060      e880e8      FAP01     ...  13:15:35  2025-07-15
4061      a55568                ...  13:13:46  2025-07-15
4062      ad00be      N937MA    ...  13:15:23  2025-07-15
4063      458665      CAT764    ...  13:13:48  2025-07-15

[3894 rows x 11 columns]
[2025-07-15T18:16:37.893+0000] {taskinstance.py:1138} INFO - Marking task as SUCCESS. dag_id=flight_etl_dag, task_id=transforming_data, execution_date=20250715T181626, start_date=20250715T181637, end_date=20250715T181637
[2025-07-15T18:16:37.936+0000] {local_task_job_runner.py:234} INFO - Task exited with return code 0
[2025-07-15T18:16:37.978+0000] {taskinstance.py:3280} INFO - 1 downstream tasks scheduled from follow-on schedule check
