[2025-07-10T00:00:08.651+0000] {processor.py:161} INFO - Started process (PID=723) to work on /home/airflow/.local/lib/python3.8/site-packages/airflow/example_dags/example_branch_day_of_week_operator.py
[2025-07-10T00:00:08.653+0000] {processor.py:830} INFO - Processing file /home/airflow/.local/lib/python3.8/site-packages/airflow/example_dags/example_branch_day_of_week_operator.py for tasks to queue
[2025-07-10T00:00:08.655+0000] {logging_mixin.py:188} INFO - [2025-07-10T00:00:08.655+0000] {dagbag.py:538} INFO - Filling up the DagBag from /home/airflow/.local/lib/python3.8/site-packages/airflow/example_dags/example_branch_day_of_week_operator.py
[2025-07-10T00:00:08.673+0000] {processor.py:840} INFO - DAG(s) 'example_weekday_branch_operator' retrieved from /home/airflow/.local/lib/python3.8/site-packages/airflow/example_dags/example_branch_day_of_week_operator.py
[2025-07-10T00:00:08.710+0000] {logging_mixin.py:188} INFO - [2025-07-10T00:00:08.710+0000] {dag.py:3036} INFO - Sync 1 DAGs
[2025-07-10T00:00:08.743+0000] {logging_mixin.py:188} INFO - [2025-07-10T00:00:08.743+0000] {dag.py:3823} INFO - Setting next_dagrun for example_weekday_branch_operator to 2025-07-09 00:00:00+00:00, run_after=2025-07-10 00:00:00+00:00
[2025-07-10T00:00:08.782+0000] {processor.py:183} INFO - Processing /home/airflow/.local/lib/python3.8/site-packages/airflow/example_dags/example_branch_day_of_week_operator.py took 0.137 seconds
[2025-07-10T00:01:38.542+0000] {processor.py:161} INFO - Started process (PID=97) to work on /home/airflow/.local/lib/python3.8/site-packages/airflow/example_dags/example_branch_day_of_week_operator.py
[2025-07-10T00:01:38.544+0000] {processor.py:830} INFO - Processing file /home/airflow/.local/lib/python3.8/site-packages/airflow/example_dags/example_branch_day_of_week_operator.py for tasks to queue
[2025-07-10T00:01:38.547+0000] {logging_mixin.py:188} INFO - [2025-07-10T00:01:38.546+0000] {dagbag.py:538} INFO - Filling up the DagBag from /home/airflow/.local/lib/python3.8/site-packages/airflow/example_dags/example_branch_day_of_week_operator.py
[2025-07-10T00:01:38.564+0000] {processor.py:840} INFO - DAG(s) 'example_weekday_branch_operator' retrieved from /home/airflow/.local/lib/python3.8/site-packages/airflow/example_dags/example_branch_day_of_week_operator.py
[2025-07-10T00:01:38.714+0000] {logging_mixin.py:188} INFO - [2025-07-10T00:01:38.713+0000] {dag.py:3036} INFO - Sync 1 DAGs
[2025-07-10T00:01:38.741+0000] {logging_mixin.py:188} INFO - [2025-07-10T00:01:38.740+0000] {dag.py:3823} INFO - Setting next_dagrun for example_weekday_branch_operator to 2025-07-09 00:00:00+00:00, run_after=2025-07-10 00:00:00+00:00
[2025-07-10T00:01:38.769+0000] {processor.py:183} INFO - Processing /home/airflow/.local/lib/python3.8/site-packages/airflow/example_dags/example_branch_day_of_week_operator.py took 0.232 seconds
[2025-07-10T00:02:08.996+0000] {processor.py:161} INFO - Started process (PID=153) to work on /home/airflow/.local/lib/python3.8/site-packages/airflow/example_dags/example_branch_day_of_week_operator.py
[2025-07-10T00:02:08.998+0000] {processor.py:830} INFO - Processing file /home/airflow/.local/lib/python3.8/site-packages/airflow/example_dags/example_branch_day_of_week_operator.py for tasks to queue
[2025-07-10T00:02:09.003+0000] {logging_mixin.py:188} INFO - [2025-07-10T00:02:09.002+0000] {dagbag.py:538} INFO - Filling up the DagBag from /home/airflow/.local/lib/python3.8/site-packages/airflow/example_dags/example_branch_day_of_week_operator.py
[2025-07-10T00:02:09.019+0000] {processor.py:840} INFO - DAG(s) 'example_weekday_branch_operator' retrieved from /home/airflow/.local/lib/python3.8/site-packages/airflow/example_dags/example_branch_day_of_week_operator.py
[2025-07-10T00:02:09.046+0000] {logging_mixin.py:188} INFO - [2025-07-10T00:02:09.046+0000] {dag.py:3036} INFO - Sync 1 DAGs
[2025-07-10T00:02:09.089+0000] {logging_mixin.py:188} INFO - [2025-07-10T00:02:09.089+0000] {dag.py:3823} INFO - Setting next_dagrun for example_weekday_branch_operator to 2025-07-09 00:00:00+00:00, run_after=2025-07-10 00:00:00+00:00
[2025-07-10T00:02:09.128+0000] {processor.py:183} INFO - Processing /home/airflow/.local/lib/python3.8/site-packages/airflow/example_dags/example_branch_day_of_week_operator.py took 0.139 seconds
[2025-07-10T00:02:40.455+0000] {processor.py:161} INFO - Started process (PID=209) to work on /home/airflow/.local/lib/python3.8/site-packages/airflow/example_dags/example_branch_day_of_week_operator.py
[2025-07-10T00:02:40.456+0000] {processor.py:830} INFO - Processing file /home/airflow/.local/lib/python3.8/site-packages/airflow/example_dags/example_branch_day_of_week_operator.py for tasks to queue
[2025-07-10T00:02:40.459+0000] {logging_mixin.py:188} INFO - [2025-07-10T00:02:40.459+0000] {dagbag.py:538} INFO - Filling up the DagBag from /home/airflow/.local/lib/python3.8/site-packages/airflow/example_dags/example_branch_day_of_week_operator.py
[2025-07-10T00:02:40.469+0000] {processor.py:840} INFO - DAG(s) 'example_weekday_branch_operator' retrieved from /home/airflow/.local/lib/python3.8/site-packages/airflow/example_dags/example_branch_day_of_week_operator.py
[2025-07-10T00:02:40.600+0000] {logging_mixin.py:188} INFO - [2025-07-10T00:02:40.599+0000] {dag.py:3036} INFO - Sync 1 DAGs
[2025-07-10T00:02:40.627+0000] {logging_mixin.py:188} INFO - [2025-07-10T00:02:40.627+0000] {dag.py:3823} INFO - Setting next_dagrun for example_weekday_branch_operator to 2025-07-09 00:00:00+00:00, run_after=2025-07-10 00:00:00+00:00
[2025-07-10T00:02:40.655+0000] {processor.py:183} INFO - Processing /home/airflow/.local/lib/python3.8/site-packages/airflow/example_dags/example_branch_day_of_week_operator.py took 0.205 seconds
[2025-07-10T00:03:11.450+0000] {processor.py:161} INFO - Started process (PID=265) to work on /home/airflow/.local/lib/python3.8/site-packages/airflow/example_dags/example_branch_day_of_week_operator.py
[2025-07-10T00:03:11.452+0000] {processor.py:830} INFO - Processing file /home/airflow/.local/lib/python3.8/site-packages/airflow/example_dags/example_branch_day_of_week_operator.py for tasks to queue
[2025-07-10T00:03:11.454+0000] {logging_mixin.py:188} INFO - [2025-07-10T00:03:11.454+0000] {dagbag.py:538} INFO - Filling up the DagBag from /home/airflow/.local/lib/python3.8/site-packages/airflow/example_dags/example_branch_day_of_week_operator.py
[2025-07-10T00:03:11.465+0000] {processor.py:840} INFO - DAG(s) 'example_weekday_branch_operator' retrieved from /home/airflow/.local/lib/python3.8/site-packages/airflow/example_dags/example_branch_day_of_week_operator.py
[2025-07-10T00:03:11.496+0000] {logging_mixin.py:188} INFO - [2025-07-10T00:03:11.496+0000] {dag.py:3036} INFO - Sync 1 DAGs
[2025-07-10T00:03:11.523+0000] {logging_mixin.py:188} INFO - [2025-07-10T00:03:11.523+0000] {dag.py:3823} INFO - Setting next_dagrun for example_weekday_branch_operator to 2025-07-09 00:00:00+00:00, run_after=2025-07-10 00:00:00+00:00
[2025-07-10T00:03:11.553+0000] {processor.py:183} INFO - Processing /home/airflow/.local/lib/python3.8/site-packages/airflow/example_dags/example_branch_day_of_week_operator.py took 0.108 seconds
[2025-07-10T00:03:41.871+0000] {processor.py:161} INFO - Started process (PID=321) to work on /home/airflow/.local/lib/python3.8/site-packages/airflow/example_dags/example_branch_day_of_week_operator.py
[2025-07-10T00:03:41.873+0000] {processor.py:830} INFO - Processing file /home/airflow/.local/lib/python3.8/site-packages/airflow/example_dags/example_branch_day_of_week_operator.py for tasks to queue
[2025-07-10T00:03:41.876+0000] {logging_mixin.py:188} INFO - [2025-07-10T00:03:41.875+0000] {dagbag.py:538} INFO - Filling up the DagBag from /home/airflow/.local/lib/python3.8/site-packages/airflow/example_dags/example_branch_day_of_week_operator.py
[2025-07-10T00:03:41.887+0000] {processor.py:840} INFO - DAG(s) 'example_weekday_branch_operator' retrieved from /home/airflow/.local/lib/python3.8/site-packages/airflow/example_dags/example_branch_day_of_week_operator.py
[2025-07-10T00:03:41.916+0000] {logging_mixin.py:188} INFO - [2025-07-10T00:03:41.915+0000] {dag.py:3036} INFO - Sync 1 DAGs
[2025-07-10T00:03:41.943+0000] {logging_mixin.py:188} INFO - [2025-07-10T00:03:41.943+0000] {dag.py:3823} INFO - Setting next_dagrun for example_weekday_branch_operator to 2025-07-09 00:00:00+00:00, run_after=2025-07-10 00:00:00+00:00
[2025-07-10T00:03:41.974+0000] {processor.py:183} INFO - Processing /home/airflow/.local/lib/python3.8/site-packages/airflow/example_dags/example_branch_day_of_week_operator.py took 0.108 seconds
[2025-07-10T00:04:12.463+0000] {processor.py:161} INFO - Started process (PID=377) to work on /home/airflow/.local/lib/python3.8/site-packages/airflow/example_dags/example_branch_day_of_week_operator.py
[2025-07-10T00:04:12.465+0000] {processor.py:830} INFO - Processing file /home/airflow/.local/lib/python3.8/site-packages/airflow/example_dags/example_branch_day_of_week_operator.py for tasks to queue
[2025-07-10T00:04:12.473+0000] {logging_mixin.py:188} INFO - [2025-07-10T00:04:12.472+0000] {dagbag.py:538} INFO - Filling up the DagBag from /home/airflow/.local/lib/python3.8/site-packages/airflow/example_dags/example_branch_day_of_week_operator.py
[2025-07-10T00:04:12.484+0000] {processor.py:840} INFO - DAG(s) 'example_weekday_branch_operator' retrieved from /home/airflow/.local/lib/python3.8/site-packages/airflow/example_dags/example_branch_day_of_week_operator.py
[2025-07-10T00:04:12.539+0000] {logging_mixin.py:188} INFO - [2025-07-10T00:04:12.538+0000] {dag.py:3036} INFO - Sync 1 DAGs
[2025-07-10T00:04:12.594+0000] {logging_mixin.py:188} INFO - [2025-07-10T00:04:12.593+0000] {dag.py:3823} INFO - Setting next_dagrun for example_weekday_branch_operator to 2025-07-09 00:00:00+00:00, run_after=2025-07-10 00:00:00+00:00
[2025-07-10T00:04:12.631+0000] {processor.py:183} INFO - Processing /home/airflow/.local/lib/python3.8/site-packages/airflow/example_dags/example_branch_day_of_week_operator.py took 0.173 seconds
[2025-07-10T02:03:32.484+0000] {processor.py:161} INFO - Started process (PID=91) to work on /home/airflow/.local/lib/python3.8/site-packages/airflow/example_dags/example_branch_day_of_week_operator.py
[2025-07-10T02:03:32.486+0000] {processor.py:830} INFO - Processing file /home/airflow/.local/lib/python3.8/site-packages/airflow/example_dags/example_branch_day_of_week_operator.py for tasks to queue
[2025-07-10T02:03:32.488+0000] {logging_mixin.py:188} INFO - [2025-07-10T02:03:32.488+0000] {dagbag.py:538} INFO - Filling up the DagBag from /home/airflow/.local/lib/python3.8/site-packages/airflow/example_dags/example_branch_day_of_week_operator.py
[2025-07-10T02:03:32.500+0000] {processor.py:840} INFO - DAG(s) 'example_weekday_branch_operator' retrieved from /home/airflow/.local/lib/python3.8/site-packages/airflow/example_dags/example_branch_day_of_week_operator.py
[2025-07-10T02:03:32.528+0000] {logging_mixin.py:188} INFO - [2025-07-10T02:03:32.528+0000] {dag.py:3036} INFO - Sync 1 DAGs
[2025-07-10T02:03:32.551+0000] {logging_mixin.py:188} INFO - [2025-07-10T02:03:32.551+0000] {dag.py:3823} INFO - Setting next_dagrun for example_weekday_branch_operator to 2025-07-09 00:00:00+00:00, run_after=2025-07-10 00:00:00+00:00
[2025-07-10T02:03:32.575+0000] {processor.py:183} INFO - Processing /home/airflow/.local/lib/python3.8/site-packages/airflow/example_dags/example_branch_day_of_week_operator.py took 0.094 seconds
[2025-07-10T02:04:03.392+0000] {processor.py:161} INFO - Started process (PID=147) to work on /home/airflow/.local/lib/python3.8/site-packages/airflow/example_dags/example_branch_day_of_week_operator.py
[2025-07-10T02:04:03.394+0000] {processor.py:830} INFO - Processing file /home/airflow/.local/lib/python3.8/site-packages/airflow/example_dags/example_branch_day_of_week_operator.py for tasks to queue
[2025-07-10T02:04:03.396+0000] {logging_mixin.py:188} INFO - [2025-07-10T02:04:03.396+0000] {dagbag.py:538} INFO - Filling up the DagBag from /home/airflow/.local/lib/python3.8/site-packages/airflow/example_dags/example_branch_day_of_week_operator.py
[2025-07-10T02:04:03.404+0000] {processor.py:840} INFO - DAG(s) 'example_weekday_branch_operator' retrieved from /home/airflow/.local/lib/python3.8/site-packages/airflow/example_dags/example_branch_day_of_week_operator.py
[2025-07-10T02:04:03.426+0000] {logging_mixin.py:188} INFO - [2025-07-10T02:04:03.425+0000] {dag.py:3036} INFO - Sync 1 DAGs
[2025-07-10T02:04:03.447+0000] {logging_mixin.py:188} INFO - [2025-07-10T02:04:03.447+0000] {dag.py:3823} INFO - Setting next_dagrun for example_weekday_branch_operator to 2025-07-09 00:00:00+00:00, run_after=2025-07-10 00:00:00+00:00
[2025-07-10T02:04:03.472+0000] {processor.py:183} INFO - Processing /home/airflow/.local/lib/python3.8/site-packages/airflow/example_dags/example_branch_day_of_week_operator.py took 0.084 seconds
[2025-07-10T02:04:34.656+0000] {processor.py:161} INFO - Started process (PID=203) to work on /home/airflow/.local/lib/python3.8/site-packages/airflow/example_dags/example_branch_day_of_week_operator.py
[2025-07-10T02:04:34.657+0000] {processor.py:830} INFO - Processing file /home/airflow/.local/lib/python3.8/site-packages/airflow/example_dags/example_branch_day_of_week_operator.py for tasks to queue
[2025-07-10T02:04:34.660+0000] {logging_mixin.py:188} INFO - [2025-07-10T02:04:34.660+0000] {dagbag.py:538} INFO - Filling up the DagBag from /home/airflow/.local/lib/python3.8/site-packages/airflow/example_dags/example_branch_day_of_week_operator.py
[2025-07-10T02:04:34.668+0000] {processor.py:840} INFO - DAG(s) 'example_weekday_branch_operator' retrieved from /home/airflow/.local/lib/python3.8/site-packages/airflow/example_dags/example_branch_day_of_week_operator.py
[2025-07-10T02:04:34.694+0000] {logging_mixin.py:188} INFO - [2025-07-10T02:04:34.694+0000] {dag.py:3036} INFO - Sync 1 DAGs
[2025-07-10T02:04:34.715+0000] {logging_mixin.py:188} INFO - [2025-07-10T02:04:34.715+0000] {dag.py:3823} INFO - Setting next_dagrun for example_weekday_branch_operator to 2025-07-09 00:00:00+00:00, run_after=2025-07-10 00:00:00+00:00
[2025-07-10T02:04:34.741+0000] {processor.py:183} INFO - Processing /home/airflow/.local/lib/python3.8/site-packages/airflow/example_dags/example_branch_day_of_week_operator.py took 0.090 seconds
[2025-07-10T02:05:05.698+0000] {processor.py:161} INFO - Started process (PID=259) to work on /home/airflow/.local/lib/python3.8/site-packages/airflow/example_dags/example_branch_day_of_week_operator.py
[2025-07-10T02:05:05.699+0000] {processor.py:830} INFO - Processing file /home/airflow/.local/lib/python3.8/site-packages/airflow/example_dags/example_branch_day_of_week_operator.py for tasks to queue
[2025-07-10T02:05:05.702+0000] {logging_mixin.py:188} INFO - [2025-07-10T02:05:05.701+0000] {dagbag.py:538} INFO - Filling up the DagBag from /home/airflow/.local/lib/python3.8/site-packages/airflow/example_dags/example_branch_day_of_week_operator.py
[2025-07-10T02:05:05.710+0000] {processor.py:840} INFO - DAG(s) 'example_weekday_branch_operator' retrieved from /home/airflow/.local/lib/python3.8/site-packages/airflow/example_dags/example_branch_day_of_week_operator.py
[2025-07-10T02:05:05.738+0000] {logging_mixin.py:188} INFO - [2025-07-10T02:05:05.737+0000] {dag.py:3036} INFO - Sync 1 DAGs
[2025-07-10T02:05:05.763+0000] {logging_mixin.py:188} INFO - [2025-07-10T02:05:05.763+0000] {dag.py:3823} INFO - Setting next_dagrun for example_weekday_branch_operator to 2025-07-09 00:00:00+00:00, run_after=2025-07-10 00:00:00+00:00
[2025-07-10T02:05:05.790+0000] {processor.py:183} INFO - Processing /home/airflow/.local/lib/python3.8/site-packages/airflow/example_dags/example_branch_day_of_week_operator.py took 0.097 seconds
[2025-07-10T02:05:36.697+0000] {processor.py:161} INFO - Started process (PID=315) to work on /home/airflow/.local/lib/python3.8/site-packages/airflow/example_dags/example_branch_day_of_week_operator.py
[2025-07-10T02:05:36.699+0000] {processor.py:830} INFO - Processing file /home/airflow/.local/lib/python3.8/site-packages/airflow/example_dags/example_branch_day_of_week_operator.py for tasks to queue
[2025-07-10T02:05:36.701+0000] {logging_mixin.py:188} INFO - [2025-07-10T02:05:36.701+0000] {dagbag.py:538} INFO - Filling up the DagBag from /home/airflow/.local/lib/python3.8/site-packages/airflow/example_dags/example_branch_day_of_week_operator.py
[2025-07-10T02:05:36.710+0000] {processor.py:840} INFO - DAG(s) 'example_weekday_branch_operator' retrieved from /home/airflow/.local/lib/python3.8/site-packages/airflow/example_dags/example_branch_day_of_week_operator.py
[2025-07-10T02:05:36.722+0000] {logging_mixin.py:188} INFO - [2025-07-10T02:05:36.722+0000] {dag.py:3036} INFO - Sync 1 DAGs
[2025-07-10T02:05:36.745+0000] {logging_mixin.py:188} INFO - [2025-07-10T02:05:36.745+0000] {dag.py:3823} INFO - Setting next_dagrun for example_weekday_branch_operator to 2025-07-09 00:00:00+00:00, run_after=2025-07-10 00:00:00+00:00
[2025-07-10T02:05:36.773+0000] {processor.py:183} INFO - Processing /home/airflow/.local/lib/python3.8/site-packages/airflow/example_dags/example_branch_day_of_week_operator.py took 0.078 seconds
[2025-07-10T02:06:07.638+0000] {processor.py:161} INFO - Started process (PID=371) to work on /home/airflow/.local/lib/python3.8/site-packages/airflow/example_dags/example_branch_day_of_week_operator.py
[2025-07-10T02:06:07.640+0000] {processor.py:830} INFO - Processing file /home/airflow/.local/lib/python3.8/site-packages/airflow/example_dags/example_branch_day_of_week_operator.py for tasks to queue
[2025-07-10T02:06:07.645+0000] {logging_mixin.py:188} INFO - [2025-07-10T02:06:07.644+0000] {dagbag.py:538} INFO - Filling up the DagBag from /home/airflow/.local/lib/python3.8/site-packages/airflow/example_dags/example_branch_day_of_week_operator.py
[2025-07-10T02:06:07.660+0000] {processor.py:840} INFO - DAG(s) 'example_weekday_branch_operator' retrieved from /home/airflow/.local/lib/python3.8/site-packages/airflow/example_dags/example_branch_day_of_week_operator.py
[2025-07-10T02:06:07.773+0000] {logging_mixin.py:188} INFO - [2025-07-10T02:06:07.773+0000] {dag.py:3036} INFO - Sync 1 DAGs
[2025-07-10T02:06:07.795+0000] {logging_mixin.py:188} INFO - [2025-07-10T02:06:07.795+0000] {dag.py:3823} INFO - Setting next_dagrun for example_weekday_branch_operator to 2025-07-09 00:00:00+00:00, run_after=2025-07-10 00:00:00+00:00
[2025-07-10T02:06:07.819+0000] {processor.py:183} INFO - Processing /home/airflow/.local/lib/python3.8/site-packages/airflow/example_dags/example_branch_day_of_week_operator.py took 0.188 seconds
[2025-07-10T02:06:38.669+0000] {processor.py:161} INFO - Started process (PID=427) to work on /home/airflow/.local/lib/python3.8/site-packages/airflow/example_dags/example_branch_day_of_week_operator.py
[2025-07-10T02:06:38.672+0000] {processor.py:830} INFO - Processing file /home/airflow/.local/lib/python3.8/site-packages/airflow/example_dags/example_branch_day_of_week_operator.py for tasks to queue
[2025-07-10T02:06:38.675+0000] {logging_mixin.py:188} INFO - [2025-07-10T02:06:38.674+0000] {dagbag.py:538} INFO - Filling up the DagBag from /home/airflow/.local/lib/python3.8/site-packages/airflow/example_dags/example_branch_day_of_week_operator.py
[2025-07-10T02:06:38.686+0000] {processor.py:840} INFO - DAG(s) 'example_weekday_branch_operator' retrieved from /home/airflow/.local/lib/python3.8/site-packages/airflow/example_dags/example_branch_day_of_week_operator.py
[2025-07-10T02:06:38.718+0000] {logging_mixin.py:188} INFO - [2025-07-10T02:06:38.718+0000] {dag.py:3036} INFO - Sync 1 DAGs
[2025-07-10T02:06:38.744+0000] {logging_mixin.py:188} INFO - [2025-07-10T02:06:38.744+0000] {dag.py:3823} INFO - Setting next_dagrun for example_weekday_branch_operator to 2025-07-09 00:00:00+00:00, run_after=2025-07-10 00:00:00+00:00
[2025-07-10T02:06:38.772+0000] {processor.py:183} INFO - Processing /home/airflow/.local/lib/python3.8/site-packages/airflow/example_dags/example_branch_day_of_week_operator.py took 0.109 seconds
[2025-07-10T02:07:08.954+0000] {processor.py:161} INFO - Started process (PID=482) to work on /home/airflow/.local/lib/python3.8/site-packages/airflow/example_dags/example_branch_day_of_week_operator.py
[2025-07-10T02:07:08.957+0000] {processor.py:830} INFO - Processing file /home/airflow/.local/lib/python3.8/site-packages/airflow/example_dags/example_branch_day_of_week_operator.py for tasks to queue
[2025-07-10T02:07:08.962+0000] {logging_mixin.py:188} INFO - [2025-07-10T02:07:08.961+0000] {dagbag.py:538} INFO - Filling up the DagBag from /home/airflow/.local/lib/python3.8/site-packages/airflow/example_dags/example_branch_day_of_week_operator.py
[2025-07-10T02:07:08.982+0000] {processor.py:840} INFO - DAG(s) 'example_weekday_branch_operator' retrieved from /home/airflow/.local/lib/python3.8/site-packages/airflow/example_dags/example_branch_day_of_week_operator.py
[2025-07-10T02:07:09.018+0000] {logging_mixin.py:188} INFO - [2025-07-10T02:07:09.018+0000] {dag.py:3036} INFO - Sync 1 DAGs
[2025-07-10T02:07:09.042+0000] {logging_mixin.py:188} INFO - [2025-07-10T02:07:09.041+0000] {dag.py:3823} INFO - Setting next_dagrun for example_weekday_branch_operator to 2025-07-09 00:00:00+00:00, run_after=2025-07-10 00:00:00+00:00
[2025-07-10T02:07:09.070+0000] {processor.py:183} INFO - Processing /home/airflow/.local/lib/python3.8/site-packages/airflow/example_dags/example_branch_day_of_week_operator.py took 0.122 seconds
[2025-07-10T02:07:39.513+0000] {processor.py:161} INFO - Started process (PID=538) to work on /home/airflow/.local/lib/python3.8/site-packages/airflow/example_dags/example_branch_day_of_week_operator.py
[2025-07-10T02:07:39.515+0000] {processor.py:830} INFO - Processing file /home/airflow/.local/lib/python3.8/site-packages/airflow/example_dags/example_branch_day_of_week_operator.py for tasks to queue
[2025-07-10T02:07:39.518+0000] {logging_mixin.py:188} INFO - [2025-07-10T02:07:39.517+0000] {dagbag.py:538} INFO - Filling up the DagBag from /home/airflow/.local/lib/python3.8/site-packages/airflow/example_dags/example_branch_day_of_week_operator.py
[2025-07-10T02:07:39.525+0000] {processor.py:840} INFO - DAG(s) 'example_weekday_branch_operator' retrieved from /home/airflow/.local/lib/python3.8/site-packages/airflow/example_dags/example_branch_day_of_week_operator.py
[2025-07-10T02:07:39.545+0000] {logging_mixin.py:188} INFO - [2025-07-10T02:07:39.545+0000] {dag.py:3036} INFO - Sync 1 DAGs
[2025-07-10T02:07:39.565+0000] {logging_mixin.py:188} INFO - [2025-07-10T02:07:39.565+0000] {dag.py:3823} INFO - Setting next_dagrun for example_weekday_branch_operator to 2025-07-09 00:00:00+00:00, run_after=2025-07-10 00:00:00+00:00
[2025-07-10T02:07:39.587+0000] {processor.py:183} INFO - Processing /home/airflow/.local/lib/python3.8/site-packages/airflow/example_dags/example_branch_day_of_week_operator.py took 0.078 seconds
[2025-07-10T02:08:09.878+0000] {processor.py:161} INFO - Started process (PID=594) to work on /home/airflow/.local/lib/python3.8/site-packages/airflow/example_dags/example_branch_day_of_week_operator.py
[2025-07-10T02:08:09.879+0000] {processor.py:830} INFO - Processing file /home/airflow/.local/lib/python3.8/site-packages/airflow/example_dags/example_branch_day_of_week_operator.py for tasks to queue
[2025-07-10T02:08:09.883+0000] {logging_mixin.py:188} INFO - [2025-07-10T02:08:09.882+0000] {dagbag.py:538} INFO - Filling up the DagBag from /home/airflow/.local/lib/python3.8/site-packages/airflow/example_dags/example_branch_day_of_week_operator.py
[2025-07-10T02:08:09.894+0000] {processor.py:840} INFO - DAG(s) 'example_weekday_branch_operator' retrieved from /home/airflow/.local/lib/python3.8/site-packages/airflow/example_dags/example_branch_day_of_week_operator.py
[2025-07-10T02:08:09.924+0000] {logging_mixin.py:188} INFO - [2025-07-10T02:08:09.924+0000] {dag.py:3036} INFO - Sync 1 DAGs
[2025-07-10T02:08:09.951+0000] {logging_mixin.py:188} INFO - [2025-07-10T02:08:09.950+0000] {dag.py:3823} INFO - Setting next_dagrun for example_weekday_branch_operator to 2025-07-09 00:00:00+00:00, run_after=2025-07-10 00:00:00+00:00
[2025-07-10T02:08:09.977+0000] {processor.py:183} INFO - Processing /home/airflow/.local/lib/python3.8/site-packages/airflow/example_dags/example_branch_day_of_week_operator.py took 0.108 seconds
[2025-07-10T02:08:40.472+0000] {processor.py:161} INFO - Started process (PID=650) to work on /home/airflow/.local/lib/python3.8/site-packages/airflow/example_dags/example_branch_day_of_week_operator.py
[2025-07-10T02:08:40.473+0000] {processor.py:830} INFO - Processing file /home/airflow/.local/lib/python3.8/site-packages/airflow/example_dags/example_branch_day_of_week_operator.py for tasks to queue
[2025-07-10T02:08:40.475+0000] {logging_mixin.py:188} INFO - [2025-07-10T02:08:40.475+0000] {dagbag.py:538} INFO - Filling up the DagBag from /home/airflow/.local/lib/python3.8/site-packages/airflow/example_dags/example_branch_day_of_week_operator.py
[2025-07-10T02:08:40.483+0000] {processor.py:840} INFO - DAG(s) 'example_weekday_branch_operator' retrieved from /home/airflow/.local/lib/python3.8/site-packages/airflow/example_dags/example_branch_day_of_week_operator.py
[2025-07-10T02:08:40.505+0000] {logging_mixin.py:188} INFO - [2025-07-10T02:08:40.505+0000] {dag.py:3036} INFO - Sync 1 DAGs
[2025-07-10T02:08:40.527+0000] {logging_mixin.py:188} INFO - [2025-07-10T02:08:40.527+0000] {dag.py:3823} INFO - Setting next_dagrun for example_weekday_branch_operator to 2025-07-09 00:00:00+00:00, run_after=2025-07-10 00:00:00+00:00
[2025-07-10T02:08:40.549+0000] {processor.py:183} INFO - Processing /home/airflow/.local/lib/python3.8/site-packages/airflow/example_dags/example_branch_day_of_week_operator.py took 0.080 seconds
[2025-07-10T02:09:46.941+0000] {processor.py:161} INFO - Started process (PID=85) to work on /home/airflow/.local/lib/python3.8/site-packages/airflow/example_dags/example_branch_day_of_week_operator.py
[2025-07-10T02:09:46.942+0000] {processor.py:830} INFO - Processing file /home/airflow/.local/lib/python3.8/site-packages/airflow/example_dags/example_branch_day_of_week_operator.py for tasks to queue
[2025-07-10T02:09:46.945+0000] {logging_mixin.py:188} INFO - [2025-07-10T02:09:46.944+0000] {dagbag.py:538} INFO - Filling up the DagBag from /home/airflow/.local/lib/python3.8/site-packages/airflow/example_dags/example_branch_day_of_week_operator.py
[2025-07-10T02:09:46.956+0000] {processor.py:840} INFO - DAG(s) 'example_weekday_branch_operator' retrieved from /home/airflow/.local/lib/python3.8/site-packages/airflow/example_dags/example_branch_day_of_week_operator.py
[2025-07-10T02:09:46.972+0000] {logging_mixin.py:188} INFO - [2025-07-10T02:09:46.972+0000] {dag.py:3036} INFO - Sync 1 DAGs
[2025-07-10T02:09:47.005+0000] {logging_mixin.py:188} INFO - [2025-07-10T02:09:47.005+0000] {dag.py:3823} INFO - Setting next_dagrun for example_weekday_branch_operator to 2025-07-09 00:00:00+00:00, run_after=2025-07-10 00:00:00+00:00
[2025-07-10T02:09:47.036+0000] {processor.py:183} INFO - Processing /home/airflow/.local/lib/python3.8/site-packages/airflow/example_dags/example_branch_day_of_week_operator.py took 0.099 seconds
[2025-07-10T02:10:18.473+0000] {processor.py:161} INFO - Started process (PID=141) to work on /home/airflow/.local/lib/python3.8/site-packages/airflow/example_dags/example_branch_day_of_week_operator.py
[2025-07-10T02:10:18.474+0000] {processor.py:830} INFO - Processing file /home/airflow/.local/lib/python3.8/site-packages/airflow/example_dags/example_branch_day_of_week_operator.py for tasks to queue
[2025-07-10T02:10:18.476+0000] {logging_mixin.py:188} INFO - [2025-07-10T02:10:18.476+0000] {dagbag.py:538} INFO - Filling up the DagBag from /home/airflow/.local/lib/python3.8/site-packages/airflow/example_dags/example_branch_day_of_week_operator.py
[2025-07-10T02:10:18.484+0000] {processor.py:840} INFO - DAG(s) 'example_weekday_branch_operator' retrieved from /home/airflow/.local/lib/python3.8/site-packages/airflow/example_dags/example_branch_day_of_week_operator.py
[2025-07-10T02:10:18.570+0000] {logging_mixin.py:188} INFO - [2025-07-10T02:10:18.569+0000] {dag.py:3036} INFO - Sync 1 DAGs
[2025-07-10T02:10:18.588+0000] {logging_mixin.py:188} INFO - [2025-07-10T02:10:18.588+0000] {dag.py:3823} INFO - Setting next_dagrun for example_weekday_branch_operator to 2025-07-09 00:00:00+00:00, run_after=2025-07-10 00:00:00+00:00
[2025-07-10T02:10:18.614+0000] {processor.py:183} INFO - Processing /home/airflow/.local/lib/python3.8/site-packages/airflow/example_dags/example_branch_day_of_week_operator.py took 0.145 seconds
[2025-07-10T02:10:50.248+0000] {processor.py:161} INFO - Started process (PID=197) to work on /home/airflow/.local/lib/python3.8/site-packages/airflow/example_dags/example_branch_day_of_week_operator.py
[2025-07-10T02:10:50.250+0000] {processor.py:830} INFO - Processing file /home/airflow/.local/lib/python3.8/site-packages/airflow/example_dags/example_branch_day_of_week_operator.py for tasks to queue
[2025-07-10T02:10:50.253+0000] {logging_mixin.py:188} INFO - [2025-07-10T02:10:50.252+0000] {dagbag.py:538} INFO - Filling up the DagBag from /home/airflow/.local/lib/python3.8/site-packages/airflow/example_dags/example_branch_day_of_week_operator.py
[2025-07-10T02:10:50.261+0000] {processor.py:840} INFO - DAG(s) 'example_weekday_branch_operator' retrieved from /home/airflow/.local/lib/python3.8/site-packages/airflow/example_dags/example_branch_day_of_week_operator.py
[2025-07-10T02:10:50.284+0000] {logging_mixin.py:188} INFO - [2025-07-10T02:10:50.284+0000] {dag.py:3036} INFO - Sync 1 DAGs
[2025-07-10T02:10:50.307+0000] {logging_mixin.py:188} INFO - [2025-07-10T02:10:50.307+0000] {dag.py:3823} INFO - Setting next_dagrun for example_weekday_branch_operator to 2025-07-09 00:00:00+00:00, run_after=2025-07-10 00:00:00+00:00
[2025-07-10T02:10:50.337+0000] {processor.py:183} INFO - Processing /home/airflow/.local/lib/python3.8/site-packages/airflow/example_dags/example_branch_day_of_week_operator.py took 0.093 seconds
[2025-07-10T02:11:20.662+0000] {processor.py:161} INFO - Started process (PID=253) to work on /home/airflow/.local/lib/python3.8/site-packages/airflow/example_dags/example_branch_day_of_week_operator.py
[2025-07-10T02:11:20.663+0000] {processor.py:830} INFO - Processing file /home/airflow/.local/lib/python3.8/site-packages/airflow/example_dags/example_branch_day_of_week_operator.py for tasks to queue
[2025-07-10T02:11:20.666+0000] {logging_mixin.py:188} INFO - [2025-07-10T02:11:20.665+0000] {dagbag.py:538} INFO - Filling up the DagBag from /home/airflow/.local/lib/python3.8/site-packages/airflow/example_dags/example_branch_day_of_week_operator.py
[2025-07-10T02:11:20.674+0000] {processor.py:840} INFO - DAG(s) 'example_weekday_branch_operator' retrieved from /home/airflow/.local/lib/python3.8/site-packages/airflow/example_dags/example_branch_day_of_week_operator.py
[2025-07-10T02:11:20.695+0000] {logging_mixin.py:188} INFO - [2025-07-10T02:11:20.695+0000] {dag.py:3036} INFO - Sync 1 DAGs
[2025-07-10T02:11:20.716+0000] {logging_mixin.py:188} INFO - [2025-07-10T02:11:20.716+0000] {dag.py:3823} INFO - Setting next_dagrun for example_weekday_branch_operator to 2025-07-09 00:00:00+00:00, run_after=2025-07-10 00:00:00+00:00
[2025-07-10T02:11:20.744+0000] {processor.py:183} INFO - Processing /home/airflow/.local/lib/python3.8/site-packages/airflow/example_dags/example_branch_day_of_week_operator.py took 0.085 seconds
[2025-07-10T02:11:51.514+0000] {processor.py:161} INFO - Started process (PID=309) to work on /home/airflow/.local/lib/python3.8/site-packages/airflow/example_dags/example_branch_day_of_week_operator.py
[2025-07-10T02:11:51.516+0000] {processor.py:830} INFO - Processing file /home/airflow/.local/lib/python3.8/site-packages/airflow/example_dags/example_branch_day_of_week_operator.py for tasks to queue
[2025-07-10T02:11:51.520+0000] {logging_mixin.py:188} INFO - [2025-07-10T02:11:51.520+0000] {dagbag.py:538} INFO - Filling up the DagBag from /home/airflow/.local/lib/python3.8/site-packages/airflow/example_dags/example_branch_day_of_week_operator.py
[2025-07-10T02:11:51.531+0000] {processor.py:840} INFO - DAG(s) 'example_weekday_branch_operator' retrieved from /home/airflow/.local/lib/python3.8/site-packages/airflow/example_dags/example_branch_day_of_week_operator.py
[2025-07-10T02:11:51.556+0000] {logging_mixin.py:188} INFO - [2025-07-10T02:11:51.556+0000] {dag.py:3036} INFO - Sync 1 DAGs
[2025-07-10T02:11:51.578+0000] {logging_mixin.py:188} INFO - [2025-07-10T02:11:51.578+0000] {dag.py:3823} INFO - Setting next_dagrun for example_weekday_branch_operator to 2025-07-09 00:00:00+00:00, run_after=2025-07-10 00:00:00+00:00
[2025-07-10T02:11:51.614+0000] {processor.py:183} INFO - Processing /home/airflow/.local/lib/python3.8/site-packages/airflow/example_dags/example_branch_day_of_week_operator.py took 0.106 seconds
[2025-07-10T02:14:06.744+0000] {processor.py:161} INFO - Started process (PID=90) to work on /home/airflow/.local/lib/python3.8/site-packages/airflow/example_dags/example_branch_day_of_week_operator.py
[2025-07-10T02:14:06.746+0000] {processor.py:830} INFO - Processing file /home/airflow/.local/lib/python3.8/site-packages/airflow/example_dags/example_branch_day_of_week_operator.py for tasks to queue
[2025-07-10T02:14:06.750+0000] {logging_mixin.py:188} INFO - [2025-07-10T02:14:06.750+0000] {dagbag.py:538} INFO - Filling up the DagBag from /home/airflow/.local/lib/python3.8/site-packages/airflow/example_dags/example_branch_day_of_week_operator.py
[2025-07-10T02:14:06.768+0000] {processor.py:840} INFO - DAG(s) 'example_weekday_branch_operator' retrieved from /home/airflow/.local/lib/python3.8/site-packages/airflow/example_dags/example_branch_day_of_week_operator.py
[2025-07-10T02:14:06.902+0000] {logging_mixin.py:188} INFO - [2025-07-10T02:14:06.901+0000] {override.py:1769} INFO - Created Permission View: can delete on DAG:example_weekday_branch_operator
[2025-07-10T02:14:06.915+0000] {logging_mixin.py:188} INFO - [2025-07-10T02:14:06.915+0000] {override.py:1769} INFO - Created Permission View: can read on DAG:example_weekday_branch_operator
[2025-07-10T02:14:06.926+0000] {logging_mixin.py:188} INFO - [2025-07-10T02:14:06.926+0000] {override.py:1769} INFO - Created Permission View: can edit on DAG:example_weekday_branch_operator
[2025-07-10T02:14:06.927+0000] {logging_mixin.py:188} INFO - [2025-07-10T02:14:06.927+0000] {dag.py:3036} INFO - Sync 1 DAGs
[2025-07-10T02:14:06.939+0000] {logging_mixin.py:188} INFO - [2025-07-10T02:14:06.939+0000] {dag.py:3058} INFO - Creating ORM DAG for example_weekday_branch_operator
[2025-07-10T02:14:06.951+0000] {logging_mixin.py:188} INFO - [2025-07-10T02:14:06.951+0000] {dag.py:3823} INFO - Setting next_dagrun for example_weekday_branch_operator to 2025-07-09 00:00:00+00:00, run_after=2025-07-10 00:00:00+00:00
[2025-07-10T02:14:06.975+0000] {processor.py:183} INFO - Processing /home/airflow/.local/lib/python3.8/site-packages/airflow/example_dags/example_branch_day_of_week_operator.py took 0.237 seconds
[2025-07-10T02:14:37.117+0000] {processor.py:161} INFO - Started process (PID=146) to work on /home/airflow/.local/lib/python3.8/site-packages/airflow/example_dags/example_branch_day_of_week_operator.py
[2025-07-10T02:14:37.118+0000] {processor.py:830} INFO - Processing file /home/airflow/.local/lib/python3.8/site-packages/airflow/example_dags/example_branch_day_of_week_operator.py for tasks to queue
[2025-07-10T02:14:37.121+0000] {logging_mixin.py:188} INFO - [2025-07-10T02:14:37.121+0000] {dagbag.py:538} INFO - Filling up the DagBag from /home/airflow/.local/lib/python3.8/site-packages/airflow/example_dags/example_branch_day_of_week_operator.py
[2025-07-10T02:14:37.133+0000] {processor.py:840} INFO - DAG(s) 'example_weekday_branch_operator' retrieved from /home/airflow/.local/lib/python3.8/site-packages/airflow/example_dags/example_branch_day_of_week_operator.py
[2025-07-10T02:14:37.161+0000] {logging_mixin.py:188} INFO - [2025-07-10T02:14:37.161+0000] {dag.py:3036} INFO - Sync 1 DAGs
[2025-07-10T02:14:37.188+0000] {logging_mixin.py:188} INFO - [2025-07-10T02:14:37.188+0000] {dag.py:3823} INFO - Setting next_dagrun for example_weekday_branch_operator to 2025-07-09 00:00:00+00:00, run_after=2025-07-10 00:00:00+00:00
[2025-07-10T02:14:37.215+0000] {processor.py:183} INFO - Processing /home/airflow/.local/lib/python3.8/site-packages/airflow/example_dags/example_branch_day_of_week_operator.py took 0.103 seconds
[2025-07-10T02:15:07.503+0000] {processor.py:161} INFO - Started process (PID=202) to work on /home/airflow/.local/lib/python3.8/site-packages/airflow/example_dags/example_branch_day_of_week_operator.py
[2025-07-10T02:15:07.504+0000] {processor.py:830} INFO - Processing file /home/airflow/.local/lib/python3.8/site-packages/airflow/example_dags/example_branch_day_of_week_operator.py for tasks to queue
[2025-07-10T02:15:07.508+0000] {logging_mixin.py:188} INFO - [2025-07-10T02:15:07.507+0000] {dagbag.py:538} INFO - Filling up the DagBag from /home/airflow/.local/lib/python3.8/site-packages/airflow/example_dags/example_branch_day_of_week_operator.py
[2025-07-10T02:15:07.516+0000] {processor.py:840} INFO - DAG(s) 'example_weekday_branch_operator' retrieved from /home/airflow/.local/lib/python3.8/site-packages/airflow/example_dags/example_branch_day_of_week_operator.py
[2025-07-10T02:15:07.538+0000] {logging_mixin.py:188} INFO - [2025-07-10T02:15:07.538+0000] {dag.py:3036} INFO - Sync 1 DAGs
[2025-07-10T02:15:07.562+0000] {logging_mixin.py:188} INFO - [2025-07-10T02:15:07.561+0000] {dag.py:3823} INFO - Setting next_dagrun for example_weekday_branch_operator to 2025-07-09 00:00:00+00:00, run_after=2025-07-10 00:00:00+00:00
[2025-07-10T02:15:07.585+0000] {processor.py:183} INFO - Processing /home/airflow/.local/lib/python3.8/site-packages/airflow/example_dags/example_branch_day_of_week_operator.py took 0.086 seconds
[2025-07-10T02:15:38.648+0000] {processor.py:161} INFO - Started process (PID=258) to work on /home/airflow/.local/lib/python3.8/site-packages/airflow/example_dags/example_branch_day_of_week_operator.py
[2025-07-10T02:15:38.650+0000] {processor.py:830} INFO - Processing file /home/airflow/.local/lib/python3.8/site-packages/airflow/example_dags/example_branch_day_of_week_operator.py for tasks to queue
[2025-07-10T02:15:38.653+0000] {logging_mixin.py:188} INFO - [2025-07-10T02:15:38.652+0000] {dagbag.py:538} INFO - Filling up the DagBag from /home/airflow/.local/lib/python3.8/site-packages/airflow/example_dags/example_branch_day_of_week_operator.py
[2025-07-10T02:15:38.663+0000] {processor.py:840} INFO - DAG(s) 'example_weekday_branch_operator' retrieved from /home/airflow/.local/lib/python3.8/site-packages/airflow/example_dags/example_branch_day_of_week_operator.py
[2025-07-10T02:15:38.703+0000] {logging_mixin.py:188} INFO - [2025-07-10T02:15:38.703+0000] {dag.py:3036} INFO - Sync 1 DAGs
[2025-07-10T02:15:38.744+0000] {logging_mixin.py:188} INFO - [2025-07-10T02:15:38.743+0000] {dag.py:3823} INFO - Setting next_dagrun for example_weekday_branch_operator to 2025-07-09 00:00:00+00:00, run_after=2025-07-10 00:00:00+00:00
[2025-07-10T02:15:38.790+0000] {processor.py:183} INFO - Processing /home/airflow/.local/lib/python3.8/site-packages/airflow/example_dags/example_branch_day_of_week_operator.py took 0.146 seconds
[2025-07-10T02:16:39.061+0000] {processor.py:161} INFO - Started process (PID=90) to work on /home/airflow/.local/lib/python3.8/site-packages/airflow/example_dags/example_branch_day_of_week_operator.py
[2025-07-10T02:16:39.063+0000] {processor.py:830} INFO - Processing file /home/airflow/.local/lib/python3.8/site-packages/airflow/example_dags/example_branch_day_of_week_operator.py for tasks to queue
[2025-07-10T02:16:39.065+0000] {logging_mixin.py:188} INFO - [2025-07-10T02:16:39.065+0000] {dagbag.py:538} INFO - Filling up the DagBag from /home/airflow/.local/lib/python3.8/site-packages/airflow/example_dags/example_branch_day_of_week_operator.py
[2025-07-10T02:16:39.077+0000] {processor.py:840} INFO - DAG(s) 'example_weekday_branch_operator' retrieved from /home/airflow/.local/lib/python3.8/site-packages/airflow/example_dags/example_branch_day_of_week_operator.py
[2025-07-10T02:16:39.095+0000] {logging_mixin.py:188} INFO - [2025-07-10T02:16:39.095+0000] {dag.py:3036} INFO - Sync 1 DAGs
[2025-07-10T02:16:39.126+0000] {logging_mixin.py:188} INFO - [2025-07-10T02:16:39.125+0000] {dag.py:3823} INFO - Setting next_dagrun for example_weekday_branch_operator to 2025-07-09 00:00:00+00:00, run_after=2025-07-10 00:00:00+00:00
[2025-07-10T02:16:39.155+0000] {processor.py:183} INFO - Processing /home/airflow/.local/lib/python3.8/site-packages/airflow/example_dags/example_branch_day_of_week_operator.py took 0.097 seconds
[2025-07-10T02:17:11.270+0000] {processor.py:161} INFO - Started process (PID=146) to work on /home/airflow/.local/lib/python3.8/site-packages/airflow/example_dags/example_branch_day_of_week_operator.py
[2025-07-10T02:17:11.272+0000] {processor.py:830} INFO - Processing file /home/airflow/.local/lib/python3.8/site-packages/airflow/example_dags/example_branch_day_of_week_operator.py for tasks to queue
[2025-07-10T02:17:11.275+0000] {logging_mixin.py:188} INFO - [2025-07-10T02:17:11.275+0000] {dagbag.py:538} INFO - Filling up the DagBag from /home/airflow/.local/lib/python3.8/site-packages/airflow/example_dags/example_branch_day_of_week_operator.py
[2025-07-10T02:17:11.288+0000] {processor.py:840} INFO - DAG(s) 'example_weekday_branch_operator' retrieved from /home/airflow/.local/lib/python3.8/site-packages/airflow/example_dags/example_branch_day_of_week_operator.py
[2025-07-10T02:17:11.473+0000] {logging_mixin.py:188} INFO - [2025-07-10T02:17:11.472+0000] {dag.py:3036} INFO - Sync 1 DAGs
[2025-07-10T02:17:11.518+0000] {logging_mixin.py:188} INFO - [2025-07-10T02:17:11.517+0000] {dag.py:3823} INFO - Setting next_dagrun for example_weekday_branch_operator to 2025-07-09 00:00:00+00:00, run_after=2025-07-10 00:00:00+00:00
[2025-07-10T02:17:11.563+0000] {processor.py:183} INFO - Processing /home/airflow/.local/lib/python3.8/site-packages/airflow/example_dags/example_branch_day_of_week_operator.py took 0.299 seconds
