[2025-07-10T00:00:09.933+0000] {processor.py:161} INFO - Started process (PID=734) to work on /home/airflow/.local/lib/python3.8/site-packages/airflow/example_dags/example_branch_python_dop_operator_3.py
[2025-07-10T00:00:09.937+0000] {processor.py:830} INFO - Processing file /home/airflow/.local/lib/python3.8/site-packages/airflow/example_dags/example_branch_python_dop_operator_3.py for tasks to queue
[2025-07-10T00:00:09.940+0000] {logging_mixin.py:188} INFO - [2025-07-10T00:00:09.939+0000] {dagbag.py:538} INFO - Filling up the DagBag from /home/airflow/.local/lib/python3.8/site-packages/airflow/example_dags/example_branch_python_dop_operator_3.py
[2025-07-10T00:00:09.961+0000] {processor.py:840} INFO - DAG(s) 'example_branch_dop_operator_v3' retrieved from /home/airflow/.local/lib/python3.8/site-packages/airflow/example_dags/example_branch_python_dop_operator_3.py
[2025-07-10T00:00:09.995+0000] {logging_mixin.py:188} INFO - [2025-07-10T00:00:09.995+0000] {dag.py:3036} INFO - Sync 1 DAGs
[2025-07-10T00:00:10.032+0000] {logging_mixin.py:188} INFO - [2025-07-10T00:00:10.032+0000] {dag.py:3823} INFO - Setting next_dagrun for example_branch_dop_operator_v3 to 2025-07-09 23:59:00+00:00, run_after=2025-07-10 00:00:00+00:00
[2025-07-10T00:00:10.072+0000] {processor.py:183} INFO - Processing /home/airflow/.local/lib/python3.8/site-packages/airflow/example_dags/example_branch_python_dop_operator_3.py took 0.148 seconds
[2025-07-10T00:01:39.988+0000] {processor.py:161} INFO - Started process (PID=108) to work on /home/airflow/.local/lib/python3.8/site-packages/airflow/example_dags/example_branch_python_dop_operator_3.py
[2025-07-10T00:01:39.990+0000] {processor.py:830} INFO - Processing file /home/airflow/.local/lib/python3.8/site-packages/airflow/example_dags/example_branch_python_dop_operator_3.py for tasks to queue
[2025-07-10T00:01:39.993+0000] {logging_mixin.py:188} INFO - [2025-07-10T00:01:39.993+0000] {dagbag.py:538} INFO - Filling up the DagBag from /home/airflow/.local/lib/python3.8/site-packages/airflow/example_dags/example_branch_python_dop_operator_3.py
[2025-07-10T00:01:40.008+0000] {processor.py:840} INFO - DAG(s) 'example_branch_dop_operator_v3' retrieved from /home/airflow/.local/lib/python3.8/site-packages/airflow/example_dags/example_branch_python_dop_operator_3.py
[2025-07-10T00:01:40.138+0000] {logging_mixin.py:188} INFO - [2025-07-10T00:01:40.138+0000] {dag.py:3036} INFO - Sync 1 DAGs
[2025-07-10T00:01:40.169+0000] {logging_mixin.py:188} INFO - [2025-07-10T00:01:40.169+0000] {dag.py:3823} INFO - Setting next_dagrun for example_branch_dop_operator_v3 to 2025-07-10 00:00:00+00:00, run_after=2025-07-10 00:01:00+00:00
[2025-07-10T00:01:40.201+0000] {processor.py:183} INFO - Processing /home/airflow/.local/lib/python3.8/site-packages/airflow/example_dags/example_branch_python_dop_operator_3.py took 0.218 seconds
[2025-07-10T00:02:10.623+0000] {processor.py:161} INFO - Started process (PID=164) to work on /home/airflow/.local/lib/python3.8/site-packages/airflow/example_dags/example_branch_python_dop_operator_3.py
[2025-07-10T00:02:10.626+0000] {processor.py:830} INFO - Processing file /home/airflow/.local/lib/python3.8/site-packages/airflow/example_dags/example_branch_python_dop_operator_3.py for tasks to queue
[2025-07-10T00:02:10.632+0000] {logging_mixin.py:188} INFO - [2025-07-10T00:02:10.631+0000] {dagbag.py:538} INFO - Filling up the DagBag from /home/airflow/.local/lib/python3.8/site-packages/airflow/example_dags/example_branch_python_dop_operator_3.py
[2025-07-10T00:02:10.644+0000] {processor.py:840} INFO - DAG(s) 'example_branch_dop_operator_v3' retrieved from /home/airflow/.local/lib/python3.8/site-packages/airflow/example_dags/example_branch_python_dop_operator_3.py
[2025-07-10T00:02:10.663+0000] {logging_mixin.py:188} INFO - [2025-07-10T00:02:10.663+0000] {dag.py:3036} INFO - Sync 1 DAGs
[2025-07-10T00:02:10.698+0000] {logging_mixin.py:188} INFO - [2025-07-10T00:02:10.697+0000] {dag.py:3823} INFO - Setting next_dagrun for example_branch_dop_operator_v3 to 2025-07-10 00:01:00+00:00, run_after=2025-07-10 00:02:00+00:00
[2025-07-10T00:02:10.726+0000] {processor.py:183} INFO - Processing /home/airflow/.local/lib/python3.8/site-packages/airflow/example_dags/example_branch_python_dop_operator_3.py took 0.110 seconds
[2025-07-10T00:02:42.524+0000] {processor.py:161} INFO - Started process (PID=220) to work on /home/airflow/.local/lib/python3.8/site-packages/airflow/example_dags/example_branch_python_dop_operator_3.py
[2025-07-10T00:02:42.527+0000] {processor.py:830} INFO - Processing file /home/airflow/.local/lib/python3.8/site-packages/airflow/example_dags/example_branch_python_dop_operator_3.py for tasks to queue
[2025-07-10T00:02:42.533+0000] {logging_mixin.py:188} INFO - [2025-07-10T00:02:42.532+0000] {dagbag.py:538} INFO - Filling up the DagBag from /home/airflow/.local/lib/python3.8/site-packages/airflow/example_dags/example_branch_python_dop_operator_3.py
[2025-07-10T00:02:42.547+0000] {processor.py:840} INFO - DAG(s) 'example_branch_dop_operator_v3' retrieved from /home/airflow/.local/lib/python3.8/site-packages/airflow/example_dags/example_branch_python_dop_operator_3.py
[2025-07-10T00:02:42.707+0000] {logging_mixin.py:188} INFO - [2025-07-10T00:02:42.706+0000] {dag.py:3036} INFO - Sync 1 DAGs
[2025-07-10T00:02:42.737+0000] {logging_mixin.py:188} INFO - [2025-07-10T00:02:42.737+0000] {dag.py:3823} INFO - Setting next_dagrun for example_branch_dop_operator_v3 to 2025-07-10 00:01:00+00:00, run_after=2025-07-10 00:02:00+00:00
[2025-07-10T00:02:42.775+0000] {processor.py:183} INFO - Processing /home/airflow/.local/lib/python3.8/site-packages/airflow/example_dags/example_branch_python_dop_operator_3.py took 0.256 seconds
[2025-07-10T00:03:13.462+0000] {processor.py:161} INFO - Started process (PID=276) to work on /home/airflow/.local/lib/python3.8/site-packages/airflow/example_dags/example_branch_python_dop_operator_3.py
[2025-07-10T00:03:13.464+0000] {processor.py:830} INFO - Processing file /home/airflow/.local/lib/python3.8/site-packages/airflow/example_dags/example_branch_python_dop_operator_3.py for tasks to queue
[2025-07-10T00:03:13.467+0000] {logging_mixin.py:188} INFO - [2025-07-10T00:03:13.466+0000] {dagbag.py:538} INFO - Filling up the DagBag from /home/airflow/.local/lib/python3.8/site-packages/airflow/example_dags/example_branch_python_dop_operator_3.py
[2025-07-10T00:03:13.479+0000] {processor.py:840} INFO - DAG(s) 'example_branch_dop_operator_v3' retrieved from /home/airflow/.local/lib/python3.8/site-packages/airflow/example_dags/example_branch_python_dop_operator_3.py
[2025-07-10T00:03:13.509+0000] {logging_mixin.py:188} INFO - [2025-07-10T00:03:13.508+0000] {dag.py:3036} INFO - Sync 1 DAGs
[2025-07-10T00:03:13.542+0000] {logging_mixin.py:188} INFO - [2025-07-10T00:03:13.542+0000] {dag.py:3823} INFO - Setting next_dagrun for example_branch_dop_operator_v3 to 2025-07-10 00:02:00+00:00, run_after=2025-07-10 00:03:00+00:00
[2025-07-10T00:03:13.572+0000] {processor.py:183} INFO - Processing /home/airflow/.local/lib/python3.8/site-packages/airflow/example_dags/example_branch_python_dop_operator_3.py took 0.114 seconds
[2025-07-10T00:03:44.047+0000] {processor.py:161} INFO - Started process (PID=332) to work on /home/airflow/.local/lib/python3.8/site-packages/airflow/example_dags/example_branch_python_dop_operator_3.py
[2025-07-10T00:03:44.050+0000] {processor.py:830} INFO - Processing file /home/airflow/.local/lib/python3.8/site-packages/airflow/example_dags/example_branch_python_dop_operator_3.py for tasks to queue
[2025-07-10T00:03:44.055+0000] {logging_mixin.py:188} INFO - [2025-07-10T00:03:44.054+0000] {dagbag.py:538} INFO - Filling up the DagBag from /home/airflow/.local/lib/python3.8/site-packages/airflow/example_dags/example_branch_python_dop_operator_3.py
[2025-07-10T00:03:44.067+0000] {processor.py:840} INFO - DAG(s) 'example_branch_dop_operator_v3' retrieved from /home/airflow/.local/lib/python3.8/site-packages/airflow/example_dags/example_branch_python_dop_operator_3.py
[2025-07-10T00:03:44.097+0000] {logging_mixin.py:188} INFO - [2025-07-10T00:03:44.096+0000] {dag.py:3036} INFO - Sync 1 DAGs
[2025-07-10T00:03:44.129+0000] {logging_mixin.py:188} INFO - [2025-07-10T00:03:44.129+0000] {dag.py:3823} INFO - Setting next_dagrun for example_branch_dop_operator_v3 to 2025-07-10 00:02:00+00:00, run_after=2025-07-10 00:03:00+00:00
[2025-07-10T00:03:44.160+0000] {processor.py:183} INFO - Processing /home/airflow/.local/lib/python3.8/site-packages/airflow/example_dags/example_branch_python_dop_operator_3.py took 0.123 seconds
[2025-07-10T00:04:14.672+0000] {processor.py:161} INFO - Started process (PID=388) to work on /home/airflow/.local/lib/python3.8/site-packages/airflow/example_dags/example_branch_python_dop_operator_3.py
[2025-07-10T00:04:14.674+0000] {processor.py:830} INFO - Processing file /home/airflow/.local/lib/python3.8/site-packages/airflow/example_dags/example_branch_python_dop_operator_3.py for tasks to queue
[2025-07-10T00:04:14.678+0000] {logging_mixin.py:188} INFO - [2025-07-10T00:04:14.678+0000] {dagbag.py:538} INFO - Filling up the DagBag from /home/airflow/.local/lib/python3.8/site-packages/airflow/example_dags/example_branch_python_dop_operator_3.py
[2025-07-10T00:04:14.694+0000] {processor.py:840} INFO - DAG(s) 'example_branch_dop_operator_v3' retrieved from /home/airflow/.local/lib/python3.8/site-packages/airflow/example_dags/example_branch_python_dop_operator_3.py
[2025-07-10T00:04:14.737+0000] {logging_mixin.py:188} INFO - [2025-07-10T00:04:14.736+0000] {dag.py:3036} INFO - Sync 1 DAGs
[2025-07-10T00:04:14.778+0000] {logging_mixin.py:188} INFO - [2025-07-10T00:04:14.777+0000] {dag.py:3823} INFO - Setting next_dagrun for example_branch_dop_operator_v3 to 2025-07-10 00:03:00+00:00, run_after=2025-07-10 00:04:00+00:00
[2025-07-10T00:04:14.815+0000] {processor.py:183} INFO - Processing /home/airflow/.local/lib/python3.8/site-packages/airflow/example_dags/example_branch_python_dop_operator_3.py took 0.149 seconds
[2025-07-10T02:03:33.399+0000] {processor.py:161} INFO - Started process (PID=102) to work on /home/airflow/.local/lib/python3.8/site-packages/airflow/example_dags/example_branch_python_dop_operator_3.py
[2025-07-10T02:03:33.401+0000] {processor.py:830} INFO - Processing file /home/airflow/.local/lib/python3.8/site-packages/airflow/example_dags/example_branch_python_dop_operator_3.py for tasks to queue
[2025-07-10T02:03:33.403+0000] {logging_mixin.py:188} INFO - [2025-07-10T02:03:33.403+0000] {dagbag.py:538} INFO - Filling up the DagBag from /home/airflow/.local/lib/python3.8/site-packages/airflow/example_dags/example_branch_python_dop_operator_3.py
[2025-07-10T02:03:33.415+0000] {processor.py:840} INFO - DAG(s) 'example_branch_dop_operator_v3' retrieved from /home/airflow/.local/lib/python3.8/site-packages/airflow/example_dags/example_branch_python_dop_operator_3.py
[2025-07-10T02:03:33.444+0000] {logging_mixin.py:188} INFO - [2025-07-10T02:03:33.444+0000] {dag.py:3036} INFO - Sync 1 DAGs
[2025-07-10T02:03:33.469+0000] {logging_mixin.py:188} INFO - [2025-07-10T02:03:33.469+0000] {dag.py:3823} INFO - Setting next_dagrun for example_branch_dop_operator_v3 to 2025-07-10 02:02:00+00:00, run_after=2025-07-10 02:03:00+00:00
[2025-07-10T02:03:33.490+0000] {processor.py:183} INFO - Processing /home/airflow/.local/lib/python3.8/site-packages/airflow/example_dags/example_branch_python_dop_operator_3.py took 0.095 seconds
[2025-07-10T02:04:04.052+0000] {processor.py:161} INFO - Started process (PID=158) to work on /home/airflow/.local/lib/python3.8/site-packages/airflow/example_dags/example_branch_python_dop_operator_3.py
[2025-07-10T02:04:04.054+0000] {processor.py:830} INFO - Processing file /home/airflow/.local/lib/python3.8/site-packages/airflow/example_dags/example_branch_python_dop_operator_3.py for tasks to queue
[2025-07-10T02:04:04.056+0000] {logging_mixin.py:188} INFO - [2025-07-10T02:04:04.056+0000] {dagbag.py:538} INFO - Filling up the DagBag from /home/airflow/.local/lib/python3.8/site-packages/airflow/example_dags/example_branch_python_dop_operator_3.py
[2025-07-10T02:04:04.065+0000] {processor.py:840} INFO - DAG(s) 'example_branch_dop_operator_v3' retrieved from /home/airflow/.local/lib/python3.8/site-packages/airflow/example_dags/example_branch_python_dop_operator_3.py
[2025-07-10T02:04:04.087+0000] {logging_mixin.py:188} INFO - [2025-07-10T02:04:04.087+0000] {dag.py:3036} INFO - Sync 1 DAGs
[2025-07-10T02:04:04.113+0000] {logging_mixin.py:188} INFO - [2025-07-10T02:04:04.113+0000] {dag.py:3823} INFO - Setting next_dagrun for example_branch_dop_operator_v3 to 2025-07-10 02:03:00+00:00, run_after=2025-07-10 02:04:00+00:00
[2025-07-10T02:04:04.136+0000] {processor.py:183} INFO - Processing /home/airflow/.local/lib/python3.8/site-packages/airflow/example_dags/example_branch_python_dop_operator_3.py took 0.087 seconds
[2025-07-10T02:04:35.552+0000] {processor.py:161} INFO - Started process (PID=214) to work on /home/airflow/.local/lib/python3.8/site-packages/airflow/example_dags/example_branch_python_dop_operator_3.py
[2025-07-10T02:04:35.554+0000] {processor.py:830} INFO - Processing file /home/airflow/.local/lib/python3.8/site-packages/airflow/example_dags/example_branch_python_dop_operator_3.py for tasks to queue
[2025-07-10T02:04:35.556+0000] {logging_mixin.py:188} INFO - [2025-07-10T02:04:35.555+0000] {dagbag.py:538} INFO - Filling up the DagBag from /home/airflow/.local/lib/python3.8/site-packages/airflow/example_dags/example_branch_python_dop_operator_3.py
[2025-07-10T02:04:35.565+0000] {processor.py:840} INFO - DAG(s) 'example_branch_dop_operator_v3' retrieved from /home/airflow/.local/lib/python3.8/site-packages/airflow/example_dags/example_branch_python_dop_operator_3.py
[2025-07-10T02:04:35.585+0000] {logging_mixin.py:188} INFO - [2025-07-10T02:04:35.585+0000] {dag.py:3036} INFO - Sync 1 DAGs
[2025-07-10T02:04:35.611+0000] {logging_mixin.py:188} INFO - [2025-07-10T02:04:35.610+0000] {dag.py:3823} INFO - Setting next_dagrun for example_branch_dop_operator_v3 to 2025-07-10 02:03:00+00:00, run_after=2025-07-10 02:04:00+00:00
[2025-07-10T02:04:35.634+0000] {processor.py:183} INFO - Processing /home/airflow/.local/lib/python3.8/site-packages/airflow/example_dags/example_branch_python_dop_operator_3.py took 0.086 seconds
[2025-07-10T02:05:06.524+0000] {processor.py:161} INFO - Started process (PID=270) to work on /home/airflow/.local/lib/python3.8/site-packages/airflow/example_dags/example_branch_python_dop_operator_3.py
[2025-07-10T02:05:06.527+0000] {processor.py:830} INFO - Processing file /home/airflow/.local/lib/python3.8/site-packages/airflow/example_dags/example_branch_python_dop_operator_3.py for tasks to queue
[2025-07-10T02:05:06.531+0000] {logging_mixin.py:188} INFO - [2025-07-10T02:05:06.531+0000] {dagbag.py:538} INFO - Filling up the DagBag from /home/airflow/.local/lib/python3.8/site-packages/airflow/example_dags/example_branch_python_dop_operator_3.py
[2025-07-10T02:05:06.545+0000] {processor.py:840} INFO - DAG(s) 'example_branch_dop_operator_v3' retrieved from /home/airflow/.local/lib/python3.8/site-packages/airflow/example_dags/example_branch_python_dop_operator_3.py
[2025-07-10T02:05:06.573+0000] {logging_mixin.py:188} INFO - [2025-07-10T02:05:06.573+0000] {dag.py:3036} INFO - Sync 1 DAGs
[2025-07-10T02:05:06.606+0000] {logging_mixin.py:188} INFO - [2025-07-10T02:05:06.605+0000] {dag.py:3823} INFO - Setting next_dagrun for example_branch_dop_operator_v3 to 2025-07-10 02:04:00+00:00, run_after=2025-07-10 02:05:00+00:00
[2025-07-10T02:05:06.632+0000] {processor.py:183} INFO - Processing /home/airflow/.local/lib/python3.8/site-packages/airflow/example_dags/example_branch_python_dop_operator_3.py took 0.114 seconds
[2025-07-10T02:05:37.475+0000] {processor.py:161} INFO - Started process (PID=326) to work on /home/airflow/.local/lib/python3.8/site-packages/airflow/example_dags/example_branch_python_dop_operator_3.py
[2025-07-10T02:05:37.478+0000] {processor.py:830} INFO - Processing file /home/airflow/.local/lib/python3.8/site-packages/airflow/example_dags/example_branch_python_dop_operator_3.py for tasks to queue
[2025-07-10T02:05:37.481+0000] {logging_mixin.py:188} INFO - [2025-07-10T02:05:37.481+0000] {dagbag.py:538} INFO - Filling up the DagBag from /home/airflow/.local/lib/python3.8/site-packages/airflow/example_dags/example_branch_python_dop_operator_3.py
[2025-07-10T02:05:37.492+0000] {processor.py:840} INFO - DAG(s) 'example_branch_dop_operator_v3' retrieved from /home/airflow/.local/lib/python3.8/site-packages/airflow/example_dags/example_branch_python_dop_operator_3.py
[2025-07-10T02:05:37.509+0000] {logging_mixin.py:188} INFO - [2025-07-10T02:05:37.508+0000] {dag.py:3036} INFO - Sync 1 DAGs
[2025-07-10T02:05:37.534+0000] {logging_mixin.py:188} INFO - [2025-07-10T02:05:37.534+0000] {dag.py:3823} INFO - Setting next_dagrun for example_branch_dop_operator_v3 to 2025-07-10 02:04:00+00:00, run_after=2025-07-10 02:05:00+00:00
[2025-07-10T02:05:37.558+0000] {processor.py:183} INFO - Processing /home/airflow/.local/lib/python3.8/site-packages/airflow/example_dags/example_branch_python_dop_operator_3.py took 0.090 seconds
[2025-07-10T02:06:09.131+0000] {processor.py:161} INFO - Started process (PID=382) to work on /home/airflow/.local/lib/python3.8/site-packages/airflow/example_dags/example_branch_python_dop_operator_3.py
[2025-07-10T02:06:09.132+0000] {processor.py:830} INFO - Processing file /home/airflow/.local/lib/python3.8/site-packages/airflow/example_dags/example_branch_python_dop_operator_3.py for tasks to queue
[2025-07-10T02:06:09.134+0000] {logging_mixin.py:188} INFO - [2025-07-10T02:06:09.134+0000] {dagbag.py:538} INFO - Filling up the DagBag from /home/airflow/.local/lib/python3.8/site-packages/airflow/example_dags/example_branch_python_dop_operator_3.py
[2025-07-10T02:06:09.144+0000] {processor.py:840} INFO - DAG(s) 'example_branch_dop_operator_v3' retrieved from /home/airflow/.local/lib/python3.8/site-packages/airflow/example_dags/example_branch_python_dop_operator_3.py
[2025-07-10T02:06:09.238+0000] {logging_mixin.py:188} INFO - [2025-07-10T02:06:09.238+0000] {dag.py:3036} INFO - Sync 1 DAGs
[2025-07-10T02:06:09.263+0000] {logging_mixin.py:188} INFO - [2025-07-10T02:06:09.263+0000] {dag.py:3823} INFO - Setting next_dagrun for example_branch_dop_operator_v3 to 2025-07-10 02:05:00+00:00, run_after=2025-07-10 02:06:00+00:00
[2025-07-10T02:06:09.292+0000] {processor.py:183} INFO - Processing /home/airflow/.local/lib/python3.8/site-packages/airflow/example_dags/example_branch_python_dop_operator_3.py took 0.165 seconds
[2025-07-10T02:06:39.901+0000] {processor.py:161} INFO - Started process (PID=438) to work on /home/airflow/.local/lib/python3.8/site-packages/airflow/example_dags/example_branch_python_dop_operator_3.py
[2025-07-10T02:06:39.902+0000] {processor.py:830} INFO - Processing file /home/airflow/.local/lib/python3.8/site-packages/airflow/example_dags/example_branch_python_dop_operator_3.py for tasks to queue
[2025-07-10T02:06:39.904+0000] {logging_mixin.py:188} INFO - [2025-07-10T02:06:39.904+0000] {dagbag.py:538} INFO - Filling up the DagBag from /home/airflow/.local/lib/python3.8/site-packages/airflow/example_dags/example_branch_python_dop_operator_3.py
[2025-07-10T02:06:39.914+0000] {processor.py:840} INFO - DAG(s) 'example_branch_dop_operator_v3' retrieved from /home/airflow/.local/lib/python3.8/site-packages/airflow/example_dags/example_branch_python_dop_operator_3.py
[2025-07-10T02:06:39.938+0000] {logging_mixin.py:188} INFO - [2025-07-10T02:06:39.938+0000] {dag.py:3036} INFO - Sync 1 DAGs
[2025-07-10T02:06:39.965+0000] {logging_mixin.py:188} INFO - [2025-07-10T02:06:39.965+0000] {dag.py:3823} INFO - Setting next_dagrun for example_branch_dop_operator_v3 to 2025-07-10 02:05:00+00:00, run_after=2025-07-10 02:06:00+00:00
[2025-07-10T02:06:39.987+0000] {processor.py:183} INFO - Processing /home/airflow/.local/lib/python3.8/site-packages/airflow/example_dags/example_branch_python_dop_operator_3.py took 0.090 seconds
[2025-07-10T02:07:10.531+0000] {processor.py:161} INFO - Started process (PID=494) to work on /home/airflow/.local/lib/python3.8/site-packages/airflow/example_dags/example_branch_python_dop_operator_3.py
[2025-07-10T02:07:10.533+0000] {processor.py:830} INFO - Processing file /home/airflow/.local/lib/python3.8/site-packages/airflow/example_dags/example_branch_python_dop_operator_3.py for tasks to queue
[2025-07-10T02:07:10.536+0000] {logging_mixin.py:188} INFO - [2025-07-10T02:07:10.535+0000] {dagbag.py:538} INFO - Filling up the DagBag from /home/airflow/.local/lib/python3.8/site-packages/airflow/example_dags/example_branch_python_dop_operator_3.py
[2025-07-10T02:07:10.545+0000] {processor.py:840} INFO - DAG(s) 'example_branch_dop_operator_v3' retrieved from /home/airflow/.local/lib/python3.8/site-packages/airflow/example_dags/example_branch_python_dop_operator_3.py
[2025-07-10T02:07:10.570+0000] {logging_mixin.py:188} INFO - [2025-07-10T02:07:10.569+0000] {dag.py:3036} INFO - Sync 1 DAGs
[2025-07-10T02:07:10.598+0000] {logging_mixin.py:188} INFO - [2025-07-10T02:07:10.598+0000] {dag.py:3823} INFO - Setting next_dagrun for example_branch_dop_operator_v3 to 2025-07-10 02:06:00+00:00, run_after=2025-07-10 02:07:00+00:00
[2025-07-10T02:07:10.629+0000] {processor.py:183} INFO - Processing /home/airflow/.local/lib/python3.8/site-packages/airflow/example_dags/example_branch_python_dop_operator_3.py took 0.102 seconds
[2025-07-10T02:07:41.523+0000] {processor.py:161} INFO - Started process (PID=550) to work on /home/airflow/.local/lib/python3.8/site-packages/airflow/example_dags/example_branch_python_dop_operator_3.py
[2025-07-10T02:07:41.524+0000] {processor.py:830} INFO - Processing file /home/airflow/.local/lib/python3.8/site-packages/airflow/example_dags/example_branch_python_dop_operator_3.py for tasks to queue
[2025-07-10T02:07:41.526+0000] {logging_mixin.py:188} INFO - [2025-07-10T02:07:41.526+0000] {dagbag.py:538} INFO - Filling up the DagBag from /home/airflow/.local/lib/python3.8/site-packages/airflow/example_dags/example_branch_python_dop_operator_3.py
[2025-07-10T02:07:41.535+0000] {processor.py:840} INFO - DAG(s) 'example_branch_dop_operator_v3' retrieved from /home/airflow/.local/lib/python3.8/site-packages/airflow/example_dags/example_branch_python_dop_operator_3.py
[2025-07-10T02:07:41.557+0000] {logging_mixin.py:188} INFO - [2025-07-10T02:07:41.556+0000] {dag.py:3036} INFO - Sync 1 DAGs
[2025-07-10T02:07:41.579+0000] {logging_mixin.py:188} INFO - [2025-07-10T02:07:41.578+0000] {dag.py:3823} INFO - Setting next_dagrun for example_branch_dop_operator_v3 to 2025-07-10 02:06:00+00:00, run_after=2025-07-10 02:07:00+00:00
[2025-07-10T02:07:41.600+0000] {processor.py:183} INFO - Processing /home/airflow/.local/lib/python3.8/site-packages/airflow/example_dags/example_branch_python_dop_operator_3.py took 0.081 seconds
[2025-07-10T02:08:12.705+0000] {processor.py:161} INFO - Started process (PID=606) to work on /home/airflow/.local/lib/python3.8/site-packages/airflow/example_dags/example_branch_python_dop_operator_3.py
[2025-07-10T02:08:12.707+0000] {processor.py:830} INFO - Processing file /home/airflow/.local/lib/python3.8/site-packages/airflow/example_dags/example_branch_python_dop_operator_3.py for tasks to queue
[2025-07-10T02:08:12.710+0000] {logging_mixin.py:188} INFO - [2025-07-10T02:08:12.710+0000] {dagbag.py:538} INFO - Filling up the DagBag from /home/airflow/.local/lib/python3.8/site-packages/airflow/example_dags/example_branch_python_dop_operator_3.py
[2025-07-10T02:08:12.720+0000] {processor.py:840} INFO - DAG(s) 'example_branch_dop_operator_v3' retrieved from /home/airflow/.local/lib/python3.8/site-packages/airflow/example_dags/example_branch_python_dop_operator_3.py
[2025-07-10T02:08:12.742+0000] {logging_mixin.py:188} INFO - [2025-07-10T02:08:12.742+0000] {dag.py:3036} INFO - Sync 1 DAGs
[2025-07-10T02:08:12.774+0000] {logging_mixin.py:188} INFO - [2025-07-10T02:08:12.774+0000] {dag.py:3823} INFO - Setting next_dagrun for example_branch_dop_operator_v3 to 2025-07-10 02:07:00+00:00, run_after=2025-07-10 02:08:00+00:00
[2025-07-10T02:08:12.799+0000] {processor.py:183} INFO - Processing /home/airflow/.local/lib/python3.8/site-packages/airflow/example_dags/example_branch_python_dop_operator_3.py took 0.102 seconds
[2025-07-10T02:08:43.504+0000] {processor.py:161} INFO - Started process (PID=662) to work on /home/airflow/.local/lib/python3.8/site-packages/airflow/example_dags/example_branch_python_dop_operator_3.py
[2025-07-10T02:08:43.506+0000] {processor.py:830} INFO - Processing file /home/airflow/.local/lib/python3.8/site-packages/airflow/example_dags/example_branch_python_dop_operator_3.py for tasks to queue
[2025-07-10T02:08:43.508+0000] {logging_mixin.py:188} INFO - [2025-07-10T02:08:43.508+0000] {dagbag.py:538} INFO - Filling up the DagBag from /home/airflow/.local/lib/python3.8/site-packages/airflow/example_dags/example_branch_python_dop_operator_3.py
[2025-07-10T02:08:43.519+0000] {processor.py:840} INFO - DAG(s) 'example_branch_dop_operator_v3' retrieved from /home/airflow/.local/lib/python3.8/site-packages/airflow/example_dags/example_branch_python_dop_operator_3.py
[2025-07-10T02:08:43.554+0000] {logging_mixin.py:188} INFO - [2025-07-10T02:08:43.554+0000] {dag.py:3036} INFO - Sync 1 DAGs
[2025-07-10T02:08:43.583+0000] {logging_mixin.py:188} INFO - [2025-07-10T02:08:43.583+0000] {dag.py:3823} INFO - Setting next_dagrun for example_branch_dop_operator_v3 to 2025-07-10 02:07:00+00:00, run_after=2025-07-10 02:08:00+00:00
[2025-07-10T02:08:43.608+0000] {processor.py:183} INFO - Processing /home/airflow/.local/lib/python3.8/site-packages/airflow/example_dags/example_branch_python_dop_operator_3.py took 0.108 seconds
[2025-07-10T02:09:48.036+0000] {processor.py:161} INFO - Started process (PID=96) to work on /home/airflow/.local/lib/python3.8/site-packages/airflow/example_dags/example_branch_python_dop_operator_3.py
[2025-07-10T02:09:48.040+0000] {processor.py:830} INFO - Processing file /home/airflow/.local/lib/python3.8/site-packages/airflow/example_dags/example_branch_python_dop_operator_3.py for tasks to queue
[2025-07-10T02:09:48.045+0000] {logging_mixin.py:188} INFO - [2025-07-10T02:09:48.044+0000] {dagbag.py:538} INFO - Filling up the DagBag from /home/airflow/.local/lib/python3.8/site-packages/airflow/example_dags/example_branch_python_dop_operator_3.py
[2025-07-10T02:09:48.074+0000] {processor.py:840} INFO - DAG(s) 'example_branch_dop_operator_v3' retrieved from /home/airflow/.local/lib/python3.8/site-packages/airflow/example_dags/example_branch_python_dop_operator_3.py
[2025-07-10T02:09:48.099+0000] {logging_mixin.py:188} INFO - [2025-07-10T02:09:48.098+0000] {dag.py:3036} INFO - Sync 1 DAGs
[2025-07-10T02:09:48.155+0000] {logging_mixin.py:188} INFO - [2025-07-10T02:09:48.154+0000] {dag.py:3823} INFO - Setting next_dagrun for example_branch_dop_operator_v3 to 2025-07-10 02:08:00+00:00, run_after=2025-07-10 02:09:00+00:00
[2025-07-10T02:09:48.208+0000] {processor.py:183} INFO - Processing /home/airflow/.local/lib/python3.8/site-packages/airflow/example_dags/example_branch_python_dop_operator_3.py took 0.181 seconds
[2025-07-10T02:10:19.768+0000] {processor.py:161} INFO - Started process (PID=152) to work on /home/airflow/.local/lib/python3.8/site-packages/airflow/example_dags/example_branch_python_dop_operator_3.py
[2025-07-10T02:10:19.770+0000] {processor.py:830} INFO - Processing file /home/airflow/.local/lib/python3.8/site-packages/airflow/example_dags/example_branch_python_dop_operator_3.py for tasks to queue
[2025-07-10T02:10:19.772+0000] {logging_mixin.py:188} INFO - [2025-07-10T02:10:19.771+0000] {dagbag.py:538} INFO - Filling up the DagBag from /home/airflow/.local/lib/python3.8/site-packages/airflow/example_dags/example_branch_python_dop_operator_3.py
[2025-07-10T02:10:19.780+0000] {processor.py:840} INFO - DAG(s) 'example_branch_dop_operator_v3' retrieved from /home/airflow/.local/lib/python3.8/site-packages/airflow/example_dags/example_branch_python_dop_operator_3.py
[2025-07-10T02:10:19.858+0000] {logging_mixin.py:188} INFO - [2025-07-10T02:10:19.858+0000] {dag.py:3036} INFO - Sync 1 DAGs
[2025-07-10T02:10:19.876+0000] {logging_mixin.py:188} INFO - [2025-07-10T02:10:19.876+0000] {dag.py:3823} INFO - Setting next_dagrun for example_branch_dop_operator_v3 to 2025-07-10 02:09:00+00:00, run_after=2025-07-10 02:10:00+00:00
[2025-07-10T02:10:19.899+0000] {processor.py:183} INFO - Processing /home/airflow/.local/lib/python3.8/site-packages/airflow/example_dags/example_branch_python_dop_operator_3.py took 0.134 seconds
[2025-07-10T02:10:51.519+0000] {processor.py:161} INFO - Started process (PID=208) to work on /home/airflow/.local/lib/python3.8/site-packages/airflow/example_dags/example_branch_python_dop_operator_3.py
[2025-07-10T02:10:51.522+0000] {processor.py:830} INFO - Processing file /home/airflow/.local/lib/python3.8/site-packages/airflow/example_dags/example_branch_python_dop_operator_3.py for tasks to queue
[2025-07-10T02:10:51.527+0000] {logging_mixin.py:188} INFO - [2025-07-10T02:10:51.526+0000] {dagbag.py:538} INFO - Filling up the DagBag from /home/airflow/.local/lib/python3.8/site-packages/airflow/example_dags/example_branch_python_dop_operator_3.py
[2025-07-10T02:10:51.546+0000] {processor.py:840} INFO - DAG(s) 'example_branch_dop_operator_v3' retrieved from /home/airflow/.local/lib/python3.8/site-packages/airflow/example_dags/example_branch_python_dop_operator_3.py
[2025-07-10T02:10:51.582+0000] {logging_mixin.py:188} INFO - [2025-07-10T02:10:51.582+0000] {dag.py:3036} INFO - Sync 1 DAGs
[2025-07-10T02:10:51.619+0000] {logging_mixin.py:188} INFO - [2025-07-10T02:10:51.619+0000] {dag.py:3823} INFO - Setting next_dagrun for example_branch_dop_operator_v3 to 2025-07-10 02:09:00+00:00, run_after=2025-07-10 02:10:00+00:00
[2025-07-10T02:10:51.653+0000] {processor.py:183} INFO - Processing /home/airflow/.local/lib/python3.8/site-packages/airflow/example_dags/example_branch_python_dop_operator_3.py took 0.141 seconds
[2025-07-10T02:11:21.802+0000] {processor.py:161} INFO - Started process (PID=264) to work on /home/airflow/.local/lib/python3.8/site-packages/airflow/example_dags/example_branch_python_dop_operator_3.py
[2025-07-10T02:11:21.803+0000] {processor.py:830} INFO - Processing file /home/airflow/.local/lib/python3.8/site-packages/airflow/example_dags/example_branch_python_dop_operator_3.py for tasks to queue
[2025-07-10T02:11:21.806+0000] {logging_mixin.py:188} INFO - [2025-07-10T02:11:21.806+0000] {dagbag.py:538} INFO - Filling up the DagBag from /home/airflow/.local/lib/python3.8/site-packages/airflow/example_dags/example_branch_python_dop_operator_3.py
[2025-07-10T02:11:21.815+0000] {processor.py:840} INFO - DAG(s) 'example_branch_dop_operator_v3' retrieved from /home/airflow/.local/lib/python3.8/site-packages/airflow/example_dags/example_branch_python_dop_operator_3.py
[2025-07-10T02:11:21.839+0000] {logging_mixin.py:188} INFO - [2025-07-10T02:11:21.839+0000] {dag.py:3036} INFO - Sync 1 DAGs
[2025-07-10T02:11:21.865+0000] {logging_mixin.py:188} INFO - [2025-07-10T02:11:21.865+0000] {dag.py:3823} INFO - Setting next_dagrun for example_branch_dop_operator_v3 to 2025-07-10 02:10:00+00:00, run_after=2025-07-10 02:11:00+00:00
[2025-07-10T02:11:21.891+0000] {processor.py:183} INFO - Processing /home/airflow/.local/lib/python3.8/site-packages/airflow/example_dags/example_branch_python_dop_operator_3.py took 0.093 seconds
[2025-07-10T02:11:52.516+0000] {processor.py:161} INFO - Started process (PID=320) to work on /home/airflow/.local/lib/python3.8/site-packages/airflow/example_dags/example_branch_python_dop_operator_3.py
[2025-07-10T02:11:52.519+0000] {processor.py:830} INFO - Processing file /home/airflow/.local/lib/python3.8/site-packages/airflow/example_dags/example_branch_python_dop_operator_3.py for tasks to queue
[2025-07-10T02:11:52.523+0000] {logging_mixin.py:188} INFO - [2025-07-10T02:11:52.523+0000] {dagbag.py:538} INFO - Filling up the DagBag from /home/airflow/.local/lib/python3.8/site-packages/airflow/example_dags/example_branch_python_dop_operator_3.py
[2025-07-10T02:11:52.533+0000] {processor.py:840} INFO - DAG(s) 'example_branch_dop_operator_v3' retrieved from /home/airflow/.local/lib/python3.8/site-packages/airflow/example_dags/example_branch_python_dop_operator_3.py
[2025-07-10T02:11:52.556+0000] {logging_mixin.py:188} INFO - [2025-07-10T02:11:52.555+0000] {dag.py:3036} INFO - Sync 1 DAGs
[2025-07-10T02:11:52.584+0000] {logging_mixin.py:188} INFO - [2025-07-10T02:11:52.583+0000] {dag.py:3823} INFO - Setting next_dagrun for example_branch_dop_operator_v3 to 2025-07-10 02:10:00+00:00, run_after=2025-07-10 02:11:00+00:00
[2025-07-10T02:11:52.609+0000] {processor.py:183} INFO - Processing /home/airflow/.local/lib/python3.8/site-packages/airflow/example_dags/example_branch_python_dop_operator_3.py took 0.097 seconds
[2025-07-10T02:14:08.469+0000] {processor.py:161} INFO - Started process (PID=101) to work on /home/airflow/.local/lib/python3.8/site-packages/airflow/example_dags/example_branch_python_dop_operator_3.py
[2025-07-10T02:14:08.470+0000] {processor.py:830} INFO - Processing file /home/airflow/.local/lib/python3.8/site-packages/airflow/example_dags/example_branch_python_dop_operator_3.py for tasks to queue
[2025-07-10T02:14:08.474+0000] {logging_mixin.py:188} INFO - [2025-07-10T02:14:08.473+0000] {dagbag.py:538} INFO - Filling up the DagBag from /home/airflow/.local/lib/python3.8/site-packages/airflow/example_dags/example_branch_python_dop_operator_3.py
[2025-07-10T02:14:08.488+0000] {processor.py:840} INFO - DAG(s) 'example_branch_dop_operator_v3' retrieved from /home/airflow/.local/lib/python3.8/site-packages/airflow/example_dags/example_branch_python_dop_operator_3.py
[2025-07-10T02:14:08.624+0000] {logging_mixin.py:188} INFO - [2025-07-10T02:14:08.624+0000] {override.py:1769} INFO - Created Permission View: can delete on DAG:example_branch_dop_operator_v3
[2025-07-10T02:14:08.641+0000] {logging_mixin.py:188} INFO - [2025-07-10T02:14:08.641+0000] {override.py:1769} INFO - Created Permission View: can read on DAG:example_branch_dop_operator_v3
[2025-07-10T02:14:08.655+0000] {logging_mixin.py:188} INFO - [2025-07-10T02:14:08.655+0000] {override.py:1769} INFO - Created Permission View: can edit on DAG:example_branch_dop_operator_v3
[2025-07-10T02:14:08.656+0000] {logging_mixin.py:188} INFO - [2025-07-10T02:14:08.656+0000] {dag.py:3036} INFO - Sync 1 DAGs
[2025-07-10T02:14:08.670+0000] {logging_mixin.py:188} INFO - [2025-07-10T02:14:08.670+0000] {dag.py:3058} INFO - Creating ORM DAG for example_branch_dop_operator_v3
[2025-07-10T02:14:08.688+0000] {logging_mixin.py:188} INFO - [2025-07-10T02:14:08.687+0000] {dag.py:3823} INFO - Setting next_dagrun for example_branch_dop_operator_v3 to 2025-07-10 02:13:00+00:00, run_after=2025-07-10 02:14:00+00:00
[2025-07-10T02:14:08.711+0000] {processor.py:183} INFO - Processing /home/airflow/.local/lib/python3.8/site-packages/airflow/example_dags/example_branch_python_dop_operator_3.py took 0.246 seconds
[2025-07-10T02:14:39.116+0000] {processor.py:161} INFO - Started process (PID=157) to work on /home/airflow/.local/lib/python3.8/site-packages/airflow/example_dags/example_branch_python_dop_operator_3.py
[2025-07-10T02:14:39.118+0000] {processor.py:830} INFO - Processing file /home/airflow/.local/lib/python3.8/site-packages/airflow/example_dags/example_branch_python_dop_operator_3.py for tasks to queue
[2025-07-10T02:14:39.120+0000] {logging_mixin.py:188} INFO - [2025-07-10T02:14:39.120+0000] {dagbag.py:538} INFO - Filling up the DagBag from /home/airflow/.local/lib/python3.8/site-packages/airflow/example_dags/example_branch_python_dop_operator_3.py
[2025-07-10T02:14:39.132+0000] {processor.py:840} INFO - DAG(s) 'example_branch_dop_operator_v3' retrieved from /home/airflow/.local/lib/python3.8/site-packages/airflow/example_dags/example_branch_python_dop_operator_3.py
[2025-07-10T02:14:39.163+0000] {logging_mixin.py:188} INFO - [2025-07-10T02:14:39.162+0000] {dag.py:3036} INFO - Sync 1 DAGs
[2025-07-10T02:14:39.193+0000] {logging_mixin.py:188} INFO - [2025-07-10T02:14:39.192+0000] {dag.py:3823} INFO - Setting next_dagrun for example_branch_dop_operator_v3 to 2025-07-10 02:13:00+00:00, run_after=2025-07-10 02:14:00+00:00
[2025-07-10T02:14:39.220+0000] {processor.py:183} INFO - Processing /home/airflow/.local/lib/python3.8/site-packages/airflow/example_dags/example_branch_python_dop_operator_3.py took 0.107 seconds
[2025-07-10T02:15:09.391+0000] {processor.py:161} INFO - Started process (PID=213) to work on /home/airflow/.local/lib/python3.8/site-packages/airflow/example_dags/example_branch_python_dop_operator_3.py
[2025-07-10T02:15:09.392+0000] {processor.py:830} INFO - Processing file /home/airflow/.local/lib/python3.8/site-packages/airflow/example_dags/example_branch_python_dop_operator_3.py for tasks to queue
[2025-07-10T02:15:09.395+0000] {logging_mixin.py:188} INFO - [2025-07-10T02:15:09.394+0000] {dagbag.py:538} INFO - Filling up the DagBag from /home/airflow/.local/lib/python3.8/site-packages/airflow/example_dags/example_branch_python_dop_operator_3.py
[2025-07-10T02:15:09.403+0000] {processor.py:840} INFO - DAG(s) 'example_branch_dop_operator_v3' retrieved from /home/airflow/.local/lib/python3.8/site-packages/airflow/example_dags/example_branch_python_dop_operator_3.py
[2025-07-10T02:15:09.430+0000] {logging_mixin.py:188} INFO - [2025-07-10T02:15:09.429+0000] {dag.py:3036} INFO - Sync 1 DAGs
[2025-07-10T02:15:09.454+0000] {logging_mixin.py:188} INFO - [2025-07-10T02:15:09.453+0000] {dag.py:3823} INFO - Setting next_dagrun for example_branch_dop_operator_v3 to 2025-07-10 02:14:00+00:00, run_after=2025-07-10 02:15:00+00:00
[2025-07-10T02:15:09.477+0000] {processor.py:183} INFO - Processing /home/airflow/.local/lib/python3.8/site-packages/airflow/example_dags/example_branch_python_dop_operator_3.py took 0.090 seconds
[2025-07-10T02:16:40.601+0000] {processor.py:161} INFO - Started process (PID=101) to work on /home/airflow/.local/lib/python3.8/site-packages/airflow/example_dags/example_branch_python_dop_operator_3.py
[2025-07-10T02:16:40.604+0000] {processor.py:830} INFO - Processing file /home/airflow/.local/lib/python3.8/site-packages/airflow/example_dags/example_branch_python_dop_operator_3.py for tasks to queue
[2025-07-10T02:16:40.608+0000] {logging_mixin.py:188} INFO - [2025-07-10T02:16:40.608+0000] {dagbag.py:538} INFO - Filling up the DagBag from /home/airflow/.local/lib/python3.8/site-packages/airflow/example_dags/example_branch_python_dop_operator_3.py
[2025-07-10T02:16:40.627+0000] {processor.py:840} INFO - DAG(s) 'example_branch_dop_operator_v3' retrieved from /home/airflow/.local/lib/python3.8/site-packages/airflow/example_dags/example_branch_python_dop_operator_3.py
[2025-07-10T02:16:40.649+0000] {logging_mixin.py:188} INFO - [2025-07-10T02:16:40.649+0000] {dag.py:3036} INFO - Sync 1 DAGs
[2025-07-10T02:16:40.690+0000] {logging_mixin.py:188} INFO - [2025-07-10T02:16:40.690+0000] {dag.py:3823} INFO - Setting next_dagrun for example_branch_dop_operator_v3 to 2025-07-10 02:15:00+00:00, run_after=2025-07-10 02:16:00+00:00
[2025-07-10T02:16:40.729+0000] {processor.py:183} INFO - Processing /home/airflow/.local/lib/python3.8/site-packages/airflow/example_dags/example_branch_python_dop_operator_3.py took 0.134 seconds
[2025-07-10T02:17:12.827+0000] {processor.py:161} INFO - Started process (PID=157) to work on /home/airflow/.local/lib/python3.8/site-packages/airflow/example_dags/example_branch_python_dop_operator_3.py
[2025-07-10T02:17:12.830+0000] {processor.py:830} INFO - Processing file /home/airflow/.local/lib/python3.8/site-packages/airflow/example_dags/example_branch_python_dop_operator_3.py for tasks to queue
[2025-07-10T02:17:12.833+0000] {logging_mixin.py:188} INFO - [2025-07-10T02:17:12.832+0000] {dagbag.py:538} INFO - Filling up the DagBag from /home/airflow/.local/lib/python3.8/site-packages/airflow/example_dags/example_branch_python_dop_operator_3.py
[2025-07-10T02:17:12.844+0000] {processor.py:840} INFO - DAG(s) 'example_branch_dop_operator_v3' retrieved from /home/airflow/.local/lib/python3.8/site-packages/airflow/example_dags/example_branch_python_dop_operator_3.py
[2025-07-10T02:17:12.952+0000] {logging_mixin.py:188} INFO - [2025-07-10T02:17:12.952+0000] {dag.py:3036} INFO - Sync 1 DAGs
[2025-07-10T02:17:12.979+0000] {logging_mixin.py:188} INFO - [2025-07-10T02:17:12.978+0000] {dag.py:3823} INFO - Setting next_dagrun for example_branch_dop_operator_v3 to 2025-07-10 02:16:00+00:00, run_after=2025-07-10 02:17:00+00:00
[2025-07-10T02:17:13.007+0000] {processor.py:183} INFO - Processing /home/airflow/.local/lib/python3.8/site-packages/airflow/example_dags/example_branch_python_dop_operator_3.py took 0.184 seconds
