[2025-07-10T00:00:05.133+0000] {processor.py:161} INFO - Started process (PID=710) to work on /home/airflow/.local/lib/python3.8/site-packages/airflow/example_dags/example_task_group.py
[2025-07-10T00:00:05.136+0000] {processor.py:830} INFO - Processing file /home/airflow/.local/lib/python3.8/site-packages/airflow/example_dags/example_task_group.py for tasks to queue
[2025-07-10T00:00:05.139+0000] {logging_mixin.py:188} INFO - [2025-07-10T00:00:05.138+0000] {dagbag.py:538} INFO - Filling up the DagBag from /home/airflow/.local/lib/python3.8/site-packages/airflow/example_dags/example_task_group.py
[2025-07-10T00:00:05.151+0000] {processor.py:840} INFO - DAG(s) 'example_task_group' retrieved from /home/airflow/.local/lib/python3.8/site-packages/airflow/example_dags/example_task_group.py
[2025-07-10T00:00:05.198+0000] {logging_mixin.py:188} INFO - [2025-07-10T00:00:05.198+0000] {dag.py:3036} INFO - Sync 1 DAGs
[2025-07-10T00:00:05.243+0000] {logging_mixin.py:188} INFO - [2025-07-10T00:00:05.243+0000] {dag.py:3823} INFO - Setting next_dagrun for example_task_group to 2025-07-09 00:00:00+00:00, run_after=2025-07-10 00:00:00+00:00
[2025-07-10T00:00:05.287+0000] {processor.py:183} INFO - Processing /home/airflow/.local/lib/python3.8/site-packages/airflow/example_dags/example_task_group.py took 0.159 seconds
[2025-07-10T00:01:36.533+0000] {processor.py:161} INFO - Started process (PID=79) to work on /home/airflow/.local/lib/python3.8/site-packages/airflow/example_dags/example_task_group.py
[2025-07-10T00:01:36.535+0000] {processor.py:830} INFO - Processing file /home/airflow/.local/lib/python3.8/site-packages/airflow/example_dags/example_task_group.py for tasks to queue
[2025-07-10T00:01:36.538+0000] {logging_mixin.py:188} INFO - [2025-07-10T00:01:36.537+0000] {dagbag.py:538} INFO - Filling up the DagBag from /home/airflow/.local/lib/python3.8/site-packages/airflow/example_dags/example_task_group.py
[2025-07-10T00:01:36.552+0000] {processor.py:840} INFO - DAG(s) 'example_task_group' retrieved from /home/airflow/.local/lib/python3.8/site-packages/airflow/example_dags/example_task_group.py
[2025-07-10T00:01:36.706+0000] {logging_mixin.py:188} INFO - [2025-07-10T00:01:36.705+0000] {dag.py:3036} INFO - Sync 1 DAGs
[2025-07-10T00:01:36.745+0000] {logging_mixin.py:188} INFO - [2025-07-10T00:01:36.745+0000] {dag.py:3823} INFO - Setting next_dagrun for example_task_group to 2025-07-09 00:00:00+00:00, run_after=2025-07-10 00:00:00+00:00
[2025-07-10T00:01:36.776+0000] {processor.py:183} INFO - Processing /home/airflow/.local/lib/python3.8/site-packages/airflow/example_dags/example_task_group.py took 0.248 seconds
[2025-07-10T00:02:07.503+0000] {processor.py:161} INFO - Started process (PID=141) to work on /home/airflow/.local/lib/python3.8/site-packages/airflow/example_dags/example_task_group.py
[2025-07-10T00:02:07.505+0000] {processor.py:830} INFO - Processing file /home/airflow/.local/lib/python3.8/site-packages/airflow/example_dags/example_task_group.py for tasks to queue
[2025-07-10T00:02:07.518+0000] {logging_mixin.py:188} INFO - [2025-07-10T00:02:07.517+0000] {dagbag.py:538} INFO - Filling up the DagBag from /home/airflow/.local/lib/python3.8/site-packages/airflow/example_dags/example_task_group.py
[2025-07-10T00:02:07.556+0000] {processor.py:840} INFO - DAG(s) 'example_task_group' retrieved from /home/airflow/.local/lib/python3.8/site-packages/airflow/example_dags/example_task_group.py
[2025-07-10T00:02:07.584+0000] {logging_mixin.py:188} INFO - [2025-07-10T00:02:07.584+0000] {dag.py:3036} INFO - Sync 1 DAGs
[2025-07-10T00:02:07.644+0000] {logging_mixin.py:188} INFO - [2025-07-10T00:02:07.643+0000] {dag.py:3823} INFO - Setting next_dagrun for example_task_group to 2025-07-09 00:00:00+00:00, run_after=2025-07-10 00:00:00+00:00
[2025-07-10T00:02:07.687+0000] {processor.py:183} INFO - Processing /home/airflow/.local/lib/python3.8/site-packages/airflow/example_dags/example_task_group.py took 0.193 seconds
[2025-07-10T00:02:38.552+0000] {processor.py:161} INFO - Started process (PID=197) to work on /home/airflow/.local/lib/python3.8/site-packages/airflow/example_dags/example_task_group.py
[2025-07-10T00:02:38.554+0000] {processor.py:830} INFO - Processing file /home/airflow/.local/lib/python3.8/site-packages/airflow/example_dags/example_task_group.py for tasks to queue
[2025-07-10T00:02:38.558+0000] {logging_mixin.py:188} INFO - [2025-07-10T00:02:38.557+0000] {dagbag.py:538} INFO - Filling up the DagBag from /home/airflow/.local/lib/python3.8/site-packages/airflow/example_dags/example_task_group.py
[2025-07-10T00:02:38.571+0000] {processor.py:840} INFO - DAG(s) 'example_task_group' retrieved from /home/airflow/.local/lib/python3.8/site-packages/airflow/example_dags/example_task_group.py
[2025-07-10T00:02:38.754+0000] {logging_mixin.py:188} INFO - [2025-07-10T00:02:38.754+0000] {dag.py:3036} INFO - Sync 1 DAGs
[2025-07-10T00:02:38.784+0000] {logging_mixin.py:188} INFO - [2025-07-10T00:02:38.784+0000] {dag.py:3823} INFO - Setting next_dagrun for example_task_group to 2025-07-09 00:00:00+00:00, run_after=2025-07-10 00:00:00+00:00
[2025-07-10T00:02:38.815+0000] {processor.py:183} INFO - Processing /home/airflow/.local/lib/python3.8/site-packages/airflow/example_dags/example_task_group.py took 0.275 seconds
[2025-07-10T00:03:09.649+0000] {processor.py:161} INFO - Started process (PID=253) to work on /home/airflow/.local/lib/python3.8/site-packages/airflow/example_dags/example_task_group.py
[2025-07-10T00:03:09.651+0000] {processor.py:830} INFO - Processing file /home/airflow/.local/lib/python3.8/site-packages/airflow/example_dags/example_task_group.py for tasks to queue
[2025-07-10T00:03:09.655+0000] {logging_mixin.py:188} INFO - [2025-07-10T00:03:09.655+0000] {dagbag.py:538} INFO - Filling up the DagBag from /home/airflow/.local/lib/python3.8/site-packages/airflow/example_dags/example_task_group.py
[2025-07-10T00:03:09.676+0000] {processor.py:840} INFO - DAG(s) 'example_task_group' retrieved from /home/airflow/.local/lib/python3.8/site-packages/airflow/example_dags/example_task_group.py
[2025-07-10T00:03:09.711+0000] {logging_mixin.py:188} INFO - [2025-07-10T00:03:09.710+0000] {dag.py:3036} INFO - Sync 1 DAGs
[2025-07-10T00:03:09.741+0000] {logging_mixin.py:188} INFO - [2025-07-10T00:03:09.741+0000] {dag.py:3823} INFO - Setting next_dagrun for example_task_group to 2025-07-09 00:00:00+00:00, run_after=2025-07-10 00:00:00+00:00
[2025-07-10T00:03:09.774+0000] {processor.py:183} INFO - Processing /home/airflow/.local/lib/python3.8/site-packages/airflow/example_dags/example_task_group.py took 0.130 seconds
[2025-07-10T00:03:40.547+0000] {processor.py:161} INFO - Started process (PID=309) to work on /home/airflow/.local/lib/python3.8/site-packages/airflow/example_dags/example_task_group.py
[2025-07-10T00:03:40.549+0000] {processor.py:830} INFO - Processing file /home/airflow/.local/lib/python3.8/site-packages/airflow/example_dags/example_task_group.py for tasks to queue
[2025-07-10T00:03:40.552+0000] {logging_mixin.py:188} INFO - [2025-07-10T00:03:40.551+0000] {dagbag.py:538} INFO - Filling up the DagBag from /home/airflow/.local/lib/python3.8/site-packages/airflow/example_dags/example_task_group.py
[2025-07-10T00:03:40.564+0000] {processor.py:840} INFO - DAG(s) 'example_task_group' retrieved from /home/airflow/.local/lib/python3.8/site-packages/airflow/example_dags/example_task_group.py
[2025-07-10T00:03:40.611+0000] {logging_mixin.py:188} INFO - [2025-07-10T00:03:40.611+0000] {dag.py:3036} INFO - Sync 1 DAGs
[2025-07-10T00:03:40.651+0000] {logging_mixin.py:188} INFO - [2025-07-10T00:03:40.651+0000] {dag.py:3823} INFO - Setting next_dagrun for example_task_group to 2025-07-09 00:00:00+00:00, run_after=2025-07-10 00:00:00+00:00
[2025-07-10T00:03:40.714+0000] {processor.py:183} INFO - Processing /home/airflow/.local/lib/python3.8/site-packages/airflow/example_dags/example_task_group.py took 0.172 seconds
[2025-07-10T00:04:10.917+0000] {processor.py:161} INFO - Started process (PID=364) to work on /home/airflow/.local/lib/python3.8/site-packages/airflow/example_dags/example_task_group.py
[2025-07-10T00:04:10.920+0000] {processor.py:830} INFO - Processing file /home/airflow/.local/lib/python3.8/site-packages/airflow/example_dags/example_task_group.py for tasks to queue
[2025-07-10T00:04:10.924+0000] {logging_mixin.py:188} INFO - [2025-07-10T00:04:10.924+0000] {dagbag.py:538} INFO - Filling up the DagBag from /home/airflow/.local/lib/python3.8/site-packages/airflow/example_dags/example_task_group.py
[2025-07-10T00:04:10.937+0000] {processor.py:840} INFO - DAG(s) 'example_task_group' retrieved from /home/airflow/.local/lib/python3.8/site-packages/airflow/example_dags/example_task_group.py
[2025-07-10T00:04:10.981+0000] {logging_mixin.py:188} INFO - [2025-07-10T00:04:10.980+0000] {dag.py:3036} INFO - Sync 1 DAGs
[2025-07-10T00:04:11.015+0000] {logging_mixin.py:188} INFO - [2025-07-10T00:04:11.015+0000] {dag.py:3823} INFO - Setting next_dagrun for example_task_group to 2025-07-09 00:00:00+00:00, run_after=2025-07-10 00:00:00+00:00
[2025-07-10T00:04:11.056+0000] {processor.py:183} INFO - Processing /home/airflow/.local/lib/python3.8/site-packages/airflow/example_dags/example_task_group.py took 0.146 seconds
[2025-07-10T02:03:31.304+0000] {processor.py:161} INFO - Started process (PID=79) to work on /home/airflow/.local/lib/python3.8/site-packages/airflow/example_dags/example_task_group.py
[2025-07-10T02:03:31.305+0000] {processor.py:830} INFO - Processing file /home/airflow/.local/lib/python3.8/site-packages/airflow/example_dags/example_task_group.py for tasks to queue
[2025-07-10T02:03:31.307+0000] {logging_mixin.py:188} INFO - [2025-07-10T02:03:31.307+0000] {dagbag.py:538} INFO - Filling up the DagBag from /home/airflow/.local/lib/python3.8/site-packages/airflow/example_dags/example_task_group.py
[2025-07-10T02:03:31.321+0000] {processor.py:840} INFO - DAG(s) 'example_task_group' retrieved from /home/airflow/.local/lib/python3.8/site-packages/airflow/example_dags/example_task_group.py
[2025-07-10T02:03:31.357+0000] {logging_mixin.py:188} INFO - [2025-07-10T02:03:31.357+0000] {dag.py:3036} INFO - Sync 1 DAGs
[2025-07-10T02:03:31.385+0000] {logging_mixin.py:188} INFO - [2025-07-10T02:03:31.385+0000] {dag.py:3823} INFO - Setting next_dagrun for example_task_group to 2025-07-09 00:00:00+00:00, run_after=2025-07-10 00:00:00+00:00
[2025-07-10T02:03:31.414+0000] {processor.py:183} INFO - Processing /home/airflow/.local/lib/python3.8/site-packages/airflow/example_dags/example_task_group.py took 0.115 seconds
[2025-07-10T02:04:02.202+0000] {processor.py:161} INFO - Started process (PID=134) to work on /home/airflow/.local/lib/python3.8/site-packages/airflow/example_dags/example_task_group.py
[2025-07-10T02:04:02.204+0000] {processor.py:830} INFO - Processing file /home/airflow/.local/lib/python3.8/site-packages/airflow/example_dags/example_task_group.py for tasks to queue
[2025-07-10T02:04:02.208+0000] {logging_mixin.py:188} INFO - [2025-07-10T02:04:02.207+0000] {dagbag.py:538} INFO - Filling up the DagBag from /home/airflow/.local/lib/python3.8/site-packages/airflow/example_dags/example_task_group.py
[2025-07-10T02:04:02.219+0000] {processor.py:840} INFO - DAG(s) 'example_task_group' retrieved from /home/airflow/.local/lib/python3.8/site-packages/airflow/example_dags/example_task_group.py
[2025-07-10T02:04:02.251+0000] {logging_mixin.py:188} INFO - [2025-07-10T02:04:02.251+0000] {dag.py:3036} INFO - Sync 1 DAGs
[2025-07-10T02:04:02.278+0000] {logging_mixin.py:188} INFO - [2025-07-10T02:04:02.278+0000] {dag.py:3823} INFO - Setting next_dagrun for example_task_group to 2025-07-09 00:00:00+00:00, run_after=2025-07-10 00:00:00+00:00
[2025-07-10T02:04:02.305+0000] {processor.py:183} INFO - Processing /home/airflow/.local/lib/python3.8/site-packages/airflow/example_dags/example_task_group.py took 0.109 seconds
[2025-07-10T02:04:32.558+0000] {processor.py:161} INFO - Started process (PID=189) to work on /home/airflow/.local/lib/python3.8/site-packages/airflow/example_dags/example_task_group.py
[2025-07-10T02:04:32.560+0000] {processor.py:830} INFO - Processing file /home/airflow/.local/lib/python3.8/site-packages/airflow/example_dags/example_task_group.py for tasks to queue
[2025-07-10T02:04:32.564+0000] {logging_mixin.py:188} INFO - [2025-07-10T02:04:32.563+0000] {dagbag.py:538} INFO - Filling up the DagBag from /home/airflow/.local/lib/python3.8/site-packages/airflow/example_dags/example_task_group.py
[2025-07-10T02:04:32.575+0000] {processor.py:840} INFO - DAG(s) 'example_task_group' retrieved from /home/airflow/.local/lib/python3.8/site-packages/airflow/example_dags/example_task_group.py
[2025-07-10T02:04:32.611+0000] {logging_mixin.py:188} INFO - [2025-07-10T02:04:32.611+0000] {dag.py:3036} INFO - Sync 1 DAGs
[2025-07-10T02:04:32.639+0000] {logging_mixin.py:188} INFO - [2025-07-10T02:04:32.639+0000] {dag.py:3823} INFO - Setting next_dagrun for example_task_group to 2025-07-09 00:00:00+00:00, run_after=2025-07-10 00:00:00+00:00
[2025-07-10T02:04:32.668+0000] {processor.py:183} INFO - Processing /home/airflow/.local/lib/python3.8/site-packages/airflow/example_dags/example_task_group.py took 0.116 seconds
[2025-07-10T02:05:02.894+0000] {processor.py:161} INFO - Started process (PID=245) to work on /home/airflow/.local/lib/python3.8/site-packages/airflow/example_dags/example_task_group.py
[2025-07-10T02:05:02.896+0000] {processor.py:830} INFO - Processing file /home/airflow/.local/lib/python3.8/site-packages/airflow/example_dags/example_task_group.py for tasks to queue
[2025-07-10T02:05:02.898+0000] {logging_mixin.py:188} INFO - [2025-07-10T02:05:02.898+0000] {dagbag.py:538} INFO - Filling up the DagBag from /home/airflow/.local/lib/python3.8/site-packages/airflow/example_dags/example_task_group.py
[2025-07-10T02:05:02.906+0000] {processor.py:840} INFO - DAG(s) 'example_task_group' retrieved from /home/airflow/.local/lib/python3.8/site-packages/airflow/example_dags/example_task_group.py
[2025-07-10T02:05:02.932+0000] {logging_mixin.py:188} INFO - [2025-07-10T02:05:02.932+0000] {dag.py:3036} INFO - Sync 1 DAGs
[2025-07-10T02:05:02.957+0000] {logging_mixin.py:188} INFO - [2025-07-10T02:05:02.957+0000] {dag.py:3823} INFO - Setting next_dagrun for example_task_group to 2025-07-09 00:00:00+00:00, run_after=2025-07-10 00:00:00+00:00
[2025-07-10T02:05:02.997+0000] {processor.py:183} INFO - Processing /home/airflow/.local/lib/python3.8/site-packages/airflow/example_dags/example_task_group.py took 0.108 seconds
[2025-07-10T02:05:33.510+0000] {processor.py:161} INFO - Started process (PID=301) to work on /home/airflow/.local/lib/python3.8/site-packages/airflow/example_dags/example_task_group.py
[2025-07-10T02:05:33.513+0000] {processor.py:830} INFO - Processing file /home/airflow/.local/lib/python3.8/site-packages/airflow/example_dags/example_task_group.py for tasks to queue
[2025-07-10T02:05:33.516+0000] {logging_mixin.py:188} INFO - [2025-07-10T02:05:33.516+0000] {dagbag.py:538} INFO - Filling up the DagBag from /home/airflow/.local/lib/python3.8/site-packages/airflow/example_dags/example_task_group.py
[2025-07-10T02:05:33.525+0000] {processor.py:840} INFO - DAG(s) 'example_task_group' retrieved from /home/airflow/.local/lib/python3.8/site-packages/airflow/example_dags/example_task_group.py
[2025-07-10T02:05:33.543+0000] {logging_mixin.py:188} INFO - [2025-07-10T02:05:33.543+0000] {dag.py:3036} INFO - Sync 1 DAGs
[2025-07-10T02:05:33.565+0000] {logging_mixin.py:188} INFO - [2025-07-10T02:05:33.565+0000] {dag.py:3823} INFO - Setting next_dagrun for example_task_group to 2025-07-09 00:00:00+00:00, run_after=2025-07-10 00:00:00+00:00
[2025-07-10T02:05:33.591+0000] {processor.py:183} INFO - Processing /home/airflow/.local/lib/python3.8/site-packages/airflow/example_dags/example_task_group.py took 0.089 seconds
[2025-07-10T02:06:03.903+0000] {processor.py:161} INFO - Started process (PID=357) to work on /home/airflow/.local/lib/python3.8/site-packages/airflow/example_dags/example_task_group.py
[2025-07-10T02:06:03.904+0000] {processor.py:830} INFO - Processing file /home/airflow/.local/lib/python3.8/site-packages/airflow/example_dags/example_task_group.py for tasks to queue
[2025-07-10T02:06:03.907+0000] {logging_mixin.py:188} INFO - [2025-07-10T02:06:03.907+0000] {dagbag.py:538} INFO - Filling up the DagBag from /home/airflow/.local/lib/python3.8/site-packages/airflow/example_dags/example_task_group.py
[2025-07-10T02:06:03.916+0000] {processor.py:840} INFO - DAG(s) 'example_task_group' retrieved from /home/airflow/.local/lib/python3.8/site-packages/airflow/example_dags/example_task_group.py
[2025-07-10T02:06:04.021+0000] {logging_mixin.py:188} INFO - [2025-07-10T02:06:04.020+0000] {dag.py:3036} INFO - Sync 1 DAGs
[2025-07-10T02:06:04.043+0000] {logging_mixin.py:188} INFO - [2025-07-10T02:06:04.043+0000] {dag.py:3823} INFO - Setting next_dagrun for example_task_group to 2025-07-09 00:00:00+00:00, run_after=2025-07-10 00:00:00+00:00
[2025-07-10T02:06:04.069+0000] {processor.py:183} INFO - Processing /home/airflow/.local/lib/python3.8/site-packages/airflow/example_dags/example_task_group.py took 0.171 seconds
[2025-07-10T02:06:34.545+0000] {processor.py:161} INFO - Started process (PID=413) to work on /home/airflow/.local/lib/python3.8/site-packages/airflow/example_dags/example_task_group.py
[2025-07-10T02:06:34.547+0000] {processor.py:830} INFO - Processing file /home/airflow/.local/lib/python3.8/site-packages/airflow/example_dags/example_task_group.py for tasks to queue
[2025-07-10T02:06:34.551+0000] {logging_mixin.py:188} INFO - [2025-07-10T02:06:34.550+0000] {dagbag.py:538} INFO - Filling up the DagBag from /home/airflow/.local/lib/python3.8/site-packages/airflow/example_dags/example_task_group.py
[2025-07-10T02:06:34.565+0000] {processor.py:840} INFO - DAG(s) 'example_task_group' retrieved from /home/airflow/.local/lib/python3.8/site-packages/airflow/example_dags/example_task_group.py
[2025-07-10T02:06:34.598+0000] {logging_mixin.py:188} INFO - [2025-07-10T02:06:34.598+0000] {dag.py:3036} INFO - Sync 1 DAGs
[2025-07-10T02:06:34.620+0000] {logging_mixin.py:188} INFO - [2025-07-10T02:06:34.619+0000] {dag.py:3823} INFO - Setting next_dagrun for example_task_group to 2025-07-09 00:00:00+00:00, run_after=2025-07-10 00:00:00+00:00
[2025-07-10T02:06:34.671+0000] {processor.py:183} INFO - Processing /home/airflow/.local/lib/python3.8/site-packages/airflow/example_dags/example_task_group.py took 0.134 seconds
[2025-07-10T02:07:04.798+0000] {processor.py:161} INFO - Started process (PID=469) to work on /home/airflow/.local/lib/python3.8/site-packages/airflow/example_dags/example_task_group.py
[2025-07-10T02:07:04.801+0000] {processor.py:830} INFO - Processing file /home/airflow/.local/lib/python3.8/site-packages/airflow/example_dags/example_task_group.py for tasks to queue
[2025-07-10T02:07:04.805+0000] {logging_mixin.py:188} INFO - [2025-07-10T02:07:04.804+0000] {dagbag.py:538} INFO - Filling up the DagBag from /home/airflow/.local/lib/python3.8/site-packages/airflow/example_dags/example_task_group.py
[2025-07-10T02:07:04.814+0000] {processor.py:840} INFO - DAG(s) 'example_task_group' retrieved from /home/airflow/.local/lib/python3.8/site-packages/airflow/example_dags/example_task_group.py
[2025-07-10T02:07:04.838+0000] {logging_mixin.py:188} INFO - [2025-07-10T02:07:04.838+0000] {dag.py:3036} INFO - Sync 1 DAGs
[2025-07-10T02:07:04.859+0000] {logging_mixin.py:188} INFO - [2025-07-10T02:07:04.859+0000] {dag.py:3823} INFO - Setting next_dagrun for example_task_group to 2025-07-09 00:00:00+00:00, run_after=2025-07-10 00:00:00+00:00
[2025-07-10T02:07:04.891+0000] {processor.py:183} INFO - Processing /home/airflow/.local/lib/python3.8/site-packages/airflow/example_dags/example_task_group.py took 0.100 seconds
[2025-07-10T02:07:35.310+0000] {processor.py:161} INFO - Started process (PID=525) to work on /home/airflow/.local/lib/python3.8/site-packages/airflow/example_dags/example_task_group.py
[2025-07-10T02:07:35.312+0000] {processor.py:830} INFO - Processing file /home/airflow/.local/lib/python3.8/site-packages/airflow/example_dags/example_task_group.py for tasks to queue
[2025-07-10T02:07:35.314+0000] {logging_mixin.py:188} INFO - [2025-07-10T02:07:35.314+0000] {dagbag.py:538} INFO - Filling up the DagBag from /home/airflow/.local/lib/python3.8/site-packages/airflow/example_dags/example_task_group.py
[2025-07-10T02:07:35.322+0000] {processor.py:840} INFO - DAG(s) 'example_task_group' retrieved from /home/airflow/.local/lib/python3.8/site-packages/airflow/example_dags/example_task_group.py
[2025-07-10T02:07:35.343+0000] {logging_mixin.py:188} INFO - [2025-07-10T02:07:35.343+0000] {dag.py:3036} INFO - Sync 1 DAGs
[2025-07-10T02:07:35.361+0000] {logging_mixin.py:188} INFO - [2025-07-10T02:07:35.361+0000] {dag.py:3823} INFO - Setting next_dagrun for example_task_group to 2025-07-09 00:00:00+00:00, run_after=2025-07-10 00:00:00+00:00
[2025-07-10T02:07:35.385+0000] {processor.py:183} INFO - Processing /home/airflow/.local/lib/python3.8/site-packages/airflow/example_dags/example_task_group.py took 0.079 seconds
[2025-07-10T02:08:05.577+0000] {processor.py:161} INFO - Started process (PID=581) to work on /home/airflow/.local/lib/python3.8/site-packages/airflow/example_dags/example_task_group.py
[2025-07-10T02:08:05.578+0000] {processor.py:830} INFO - Processing file /home/airflow/.local/lib/python3.8/site-packages/airflow/example_dags/example_task_group.py for tasks to queue
[2025-07-10T02:08:05.580+0000] {logging_mixin.py:188} INFO - [2025-07-10T02:08:05.580+0000] {dagbag.py:538} INFO - Filling up the DagBag from /home/airflow/.local/lib/python3.8/site-packages/airflow/example_dags/example_task_group.py
[2025-07-10T02:08:05.586+0000] {processor.py:840} INFO - DAG(s) 'example_task_group' retrieved from /home/airflow/.local/lib/python3.8/site-packages/airflow/example_dags/example_task_group.py
[2025-07-10T02:08:05.607+0000] {logging_mixin.py:188} INFO - [2025-07-10T02:08:05.607+0000] {dag.py:3036} INFO - Sync 1 DAGs
[2025-07-10T02:08:05.626+0000] {logging_mixin.py:188} INFO - [2025-07-10T02:08:05.625+0000] {dag.py:3823} INFO - Setting next_dagrun for example_task_group to 2025-07-09 00:00:00+00:00, run_after=2025-07-10 00:00:00+00:00
[2025-07-10T02:08:05.651+0000] {processor.py:183} INFO - Processing /home/airflow/.local/lib/python3.8/site-packages/airflow/example_dags/example_task_group.py took 0.078 seconds
[2025-07-10T02:08:36.246+0000] {processor.py:161} INFO - Started process (PID=637) to work on /home/airflow/.local/lib/python3.8/site-packages/airflow/example_dags/example_task_group.py
[2025-07-10T02:08:36.250+0000] {processor.py:830} INFO - Processing file /home/airflow/.local/lib/python3.8/site-packages/airflow/example_dags/example_task_group.py for tasks to queue
[2025-07-10T02:08:36.256+0000] {logging_mixin.py:188} INFO - [2025-07-10T02:08:36.255+0000] {dagbag.py:538} INFO - Filling up the DagBag from /home/airflow/.local/lib/python3.8/site-packages/airflow/example_dags/example_task_group.py
[2025-07-10T02:08:36.275+0000] {processor.py:840} INFO - DAG(s) 'example_task_group' retrieved from /home/airflow/.local/lib/python3.8/site-packages/airflow/example_dags/example_task_group.py
[2025-07-10T02:08:36.314+0000] {logging_mixin.py:188} INFO - [2025-07-10T02:08:36.314+0000] {dag.py:3036} INFO - Sync 1 DAGs
[2025-07-10T02:08:36.341+0000] {logging_mixin.py:188} INFO - [2025-07-10T02:08:36.341+0000] {dag.py:3823} INFO - Setting next_dagrun for example_task_group to 2025-07-09 00:00:00+00:00, run_after=2025-07-10 00:00:00+00:00
[2025-07-10T02:08:36.367+0000] {processor.py:183} INFO - Processing /home/airflow/.local/lib/python3.8/site-packages/airflow/example_dags/example_task_group.py took 0.127 seconds
[2025-07-10T02:09:46.169+0000] {processor.py:161} INFO - Started process (PID=67) to work on /home/airflow/.local/lib/python3.8/site-packages/airflow/example_dags/example_task_group.py
[2025-07-10T02:09:46.170+0000] {processor.py:830} INFO - Processing file /home/airflow/.local/lib/python3.8/site-packages/airflow/example_dags/example_task_group.py for tasks to queue
[2025-07-10T02:09:46.173+0000] {logging_mixin.py:188} INFO - [2025-07-10T02:09:46.172+0000] {dagbag.py:538} INFO - Filling up the DagBag from /home/airflow/.local/lib/python3.8/site-packages/airflow/example_dags/example_task_group.py
[2025-07-10T02:09:46.182+0000] {processor.py:840} INFO - DAG(s) 'example_task_group' retrieved from /home/airflow/.local/lib/python3.8/site-packages/airflow/example_dags/example_task_group.py
[2025-07-10T02:09:46.198+0000] {logging_mixin.py:188} INFO - [2025-07-10T02:09:46.198+0000] {dag.py:3036} INFO - Sync 1 DAGs
[2025-07-10T02:09:46.224+0000] {logging_mixin.py:188} INFO - [2025-07-10T02:09:46.224+0000] {dag.py:3823} INFO - Setting next_dagrun for example_task_group to 2025-07-09 00:00:00+00:00, run_after=2025-07-10 00:00:00+00:00
[2025-07-10T02:09:46.248+0000] {processor.py:183} INFO - Processing /home/airflow/.local/lib/python3.8/site-packages/airflow/example_dags/example_task_group.py took 0.083 seconds
[2025-07-10T02:10:17.011+0000] {processor.py:161} INFO - Started process (PID=129) to work on /home/airflow/.local/lib/python3.8/site-packages/airflow/example_dags/example_task_group.py
[2025-07-10T02:10:17.012+0000] {processor.py:830} INFO - Processing file /home/airflow/.local/lib/python3.8/site-packages/airflow/example_dags/example_task_group.py for tasks to queue
[2025-07-10T02:10:17.017+0000] {logging_mixin.py:188} INFO - [2025-07-10T02:10:17.016+0000] {dagbag.py:538} INFO - Filling up the DagBag from /home/airflow/.local/lib/python3.8/site-packages/airflow/example_dags/example_task_group.py
[2025-07-10T02:10:17.029+0000] {processor.py:840} INFO - DAG(s) 'example_task_group' retrieved from /home/airflow/.local/lib/python3.8/site-packages/airflow/example_dags/example_task_group.py
[2025-07-10T02:10:17.135+0000] {logging_mixin.py:188} INFO - [2025-07-10T02:10:17.135+0000] {dag.py:3036} INFO - Sync 1 DAGs
[2025-07-10T02:10:17.162+0000] {logging_mixin.py:188} INFO - [2025-07-10T02:10:17.162+0000] {dag.py:3823} INFO - Setting next_dagrun for example_task_group to 2025-07-09 00:00:00+00:00, run_after=2025-07-10 00:00:00+00:00
[2025-07-10T02:10:17.197+0000] {processor.py:183} INFO - Processing /home/airflow/.local/lib/python3.8/site-packages/airflow/example_dags/example_task_group.py took 0.190 seconds
[2025-07-10T02:10:48.618+0000] {processor.py:161} INFO - Started process (PID=185) to work on /home/airflow/.local/lib/python3.8/site-packages/airflow/example_dags/example_task_group.py
[2025-07-10T02:10:48.620+0000] {processor.py:830} INFO - Processing file /home/airflow/.local/lib/python3.8/site-packages/airflow/example_dags/example_task_group.py for tasks to queue
[2025-07-10T02:10:48.624+0000] {logging_mixin.py:188} INFO - [2025-07-10T02:10:48.624+0000] {dagbag.py:538} INFO - Filling up the DagBag from /home/airflow/.local/lib/python3.8/site-packages/airflow/example_dags/example_task_group.py
[2025-07-10T02:10:48.638+0000] {processor.py:840} INFO - DAG(s) 'example_task_group' retrieved from /home/airflow/.local/lib/python3.8/site-packages/airflow/example_dags/example_task_group.py
[2025-07-10T02:10:48.680+0000] {logging_mixin.py:188} INFO - [2025-07-10T02:10:48.679+0000] {dag.py:3036} INFO - Sync 1 DAGs
[2025-07-10T02:10:48.720+0000] {logging_mixin.py:188} INFO - [2025-07-10T02:10:48.720+0000] {dag.py:3823} INFO - Setting next_dagrun for example_task_group to 2025-07-09 00:00:00+00:00, run_after=2025-07-10 00:00:00+00:00
[2025-07-10T02:10:48.769+0000] {processor.py:183} INFO - Processing /home/airflow/.local/lib/python3.8/site-packages/airflow/example_dags/example_task_group.py took 0.157 seconds
[2025-07-10T02:11:19.558+0000] {processor.py:161} INFO - Started process (PID=241) to work on /home/airflow/.local/lib/python3.8/site-packages/airflow/example_dags/example_task_group.py
[2025-07-10T02:11:19.559+0000] {processor.py:830} INFO - Processing file /home/airflow/.local/lib/python3.8/site-packages/airflow/example_dags/example_task_group.py for tasks to queue
[2025-07-10T02:11:19.562+0000] {logging_mixin.py:188} INFO - [2025-07-10T02:11:19.562+0000] {dagbag.py:538} INFO - Filling up the DagBag from /home/airflow/.local/lib/python3.8/site-packages/airflow/example_dags/example_task_group.py
[2025-07-10T02:11:19.570+0000] {processor.py:840} INFO - DAG(s) 'example_task_group' retrieved from /home/airflow/.local/lib/python3.8/site-packages/airflow/example_dags/example_task_group.py
[2025-07-10T02:11:19.593+0000] {logging_mixin.py:188} INFO - [2025-07-10T02:11:19.593+0000] {dag.py:3036} INFO - Sync 1 DAGs
[2025-07-10T02:11:19.616+0000] {logging_mixin.py:188} INFO - [2025-07-10T02:11:19.616+0000] {dag.py:3823} INFO - Setting next_dagrun for example_task_group to 2025-07-09 00:00:00+00:00, run_after=2025-07-10 00:00:00+00:00
[2025-07-10T02:11:19.640+0000] {processor.py:183} INFO - Processing /home/airflow/.local/lib/python3.8/site-packages/airflow/example_dags/example_task_group.py took 0.085 seconds
[2025-07-10T02:11:50.328+0000] {processor.py:161} INFO - Started process (PID=297) to work on /home/airflow/.local/lib/python3.8/site-packages/airflow/example_dags/example_task_group.py
[2025-07-10T02:11:50.330+0000] {processor.py:830} INFO - Processing file /home/airflow/.local/lib/python3.8/site-packages/airflow/example_dags/example_task_group.py for tasks to queue
[2025-07-10T02:11:50.333+0000] {logging_mixin.py:188} INFO - [2025-07-10T02:11:50.332+0000] {dagbag.py:538} INFO - Filling up the DagBag from /home/airflow/.local/lib/python3.8/site-packages/airflow/example_dags/example_task_group.py
[2025-07-10T02:11:50.341+0000] {processor.py:840} INFO - DAG(s) 'example_task_group' retrieved from /home/airflow/.local/lib/python3.8/site-packages/airflow/example_dags/example_task_group.py
[2025-07-10T02:11:50.364+0000] {logging_mixin.py:188} INFO - [2025-07-10T02:11:50.364+0000] {dag.py:3036} INFO - Sync 1 DAGs
[2025-07-10T02:11:50.386+0000] {logging_mixin.py:188} INFO - [2025-07-10T02:11:50.385+0000] {dag.py:3823} INFO - Setting next_dagrun for example_task_group to 2025-07-09 00:00:00+00:00, run_after=2025-07-10 00:00:00+00:00
[2025-07-10T02:11:50.408+0000] {processor.py:183} INFO - Processing /home/airflow/.local/lib/python3.8/site-packages/airflow/example_dags/example_task_group.py took 0.085 seconds
[2025-07-10T02:14:04.678+0000] {processor.py:161} INFO - Started process (PID=78) to work on /home/airflow/.local/lib/python3.8/site-packages/airflow/example_dags/example_task_group.py
[2025-07-10T02:14:04.680+0000] {processor.py:830} INFO - Processing file /home/airflow/.local/lib/python3.8/site-packages/airflow/example_dags/example_task_group.py for tasks to queue
[2025-07-10T02:14:04.683+0000] {logging_mixin.py:188} INFO - [2025-07-10T02:14:04.683+0000] {dagbag.py:538} INFO - Filling up the DagBag from /home/airflow/.local/lib/python3.8/site-packages/airflow/example_dags/example_task_group.py
[2025-07-10T02:14:04.697+0000] {processor.py:840} INFO - DAG(s) 'example_task_group' retrieved from /home/airflow/.local/lib/python3.8/site-packages/airflow/example_dags/example_task_group.py
[2025-07-10T02:14:04.841+0000] {logging_mixin.py:188} INFO - [2025-07-10T02:14:04.840+0000] {override.py:1769} INFO - Created Permission View: can delete on DAG:example_task_group
[2025-07-10T02:14:04.863+0000] {logging_mixin.py:188} INFO - [2025-07-10T02:14:04.863+0000] {override.py:1769} INFO - Created Permission View: can read on DAG:example_task_group
[2025-07-10T02:14:04.879+0000] {logging_mixin.py:188} INFO - [2025-07-10T02:14:04.879+0000] {override.py:1769} INFO - Created Permission View: can edit on DAG:example_task_group
[2025-07-10T02:14:04.881+0000] {logging_mixin.py:188} INFO - [2025-07-10T02:14:04.881+0000] {dag.py:3036} INFO - Sync 1 DAGs
[2025-07-10T02:14:04.897+0000] {logging_mixin.py:188} INFO - [2025-07-10T02:14:04.897+0000] {dag.py:3058} INFO - Creating ORM DAG for example_task_group
[2025-07-10T02:14:04.911+0000] {logging_mixin.py:188} INFO - [2025-07-10T02:14:04.911+0000] {dag.py:3823} INFO - Setting next_dagrun for example_task_group to 2025-07-09 00:00:00+00:00, run_after=2025-07-10 00:00:00+00:00
[2025-07-10T02:14:04.942+0000] {processor.py:183} INFO - Processing /home/airflow/.local/lib/python3.8/site-packages/airflow/example_dags/example_task_group.py took 0.269 seconds
[2025-07-10T02:14:35.758+0000] {processor.py:161} INFO - Started process (PID=134) to work on /home/airflow/.local/lib/python3.8/site-packages/airflow/example_dags/example_task_group.py
[2025-07-10T02:14:35.760+0000] {processor.py:830} INFO - Processing file /home/airflow/.local/lib/python3.8/site-packages/airflow/example_dags/example_task_group.py for tasks to queue
[2025-07-10T02:14:35.762+0000] {logging_mixin.py:188} INFO - [2025-07-10T02:14:35.762+0000] {dagbag.py:538} INFO - Filling up the DagBag from /home/airflow/.local/lib/python3.8/site-packages/airflow/example_dags/example_task_group.py
[2025-07-10T02:14:35.772+0000] {processor.py:840} INFO - DAG(s) 'example_task_group' retrieved from /home/airflow/.local/lib/python3.8/site-packages/airflow/example_dags/example_task_group.py
[2025-07-10T02:14:35.798+0000] {logging_mixin.py:188} INFO - [2025-07-10T02:14:35.798+0000] {dag.py:3036} INFO - Sync 1 DAGs
[2025-07-10T02:14:35.822+0000] {logging_mixin.py:188} INFO - [2025-07-10T02:14:35.822+0000] {dag.py:3823} INFO - Setting next_dagrun for example_task_group to 2025-07-09 00:00:00+00:00, run_after=2025-07-10 00:00:00+00:00
[2025-07-10T02:14:35.847+0000] {processor.py:183} INFO - Processing /home/airflow/.local/lib/python3.8/site-packages/airflow/example_dags/example_task_group.py took 0.093 seconds
[2025-07-10T02:15:06.574+0000] {processor.py:161} INFO - Started process (PID=190) to work on /home/airflow/.local/lib/python3.8/site-packages/airflow/example_dags/example_task_group.py
[2025-07-10T02:15:06.577+0000] {processor.py:830} INFO - Processing file /home/airflow/.local/lib/python3.8/site-packages/airflow/example_dags/example_task_group.py for tasks to queue
[2025-07-10T02:15:06.582+0000] {logging_mixin.py:188} INFO - [2025-07-10T02:15:06.581+0000] {dagbag.py:538} INFO - Filling up the DagBag from /home/airflow/.local/lib/python3.8/site-packages/airflow/example_dags/example_task_group.py
[2025-07-10T02:15:06.591+0000] {processor.py:840} INFO - DAG(s) 'example_task_group' retrieved from /home/airflow/.local/lib/python3.8/site-packages/airflow/example_dags/example_task_group.py
[2025-07-10T02:15:06.622+0000] {logging_mixin.py:188} INFO - [2025-07-10T02:15:06.621+0000] {dag.py:3036} INFO - Sync 1 DAGs
[2025-07-10T02:15:06.647+0000] {logging_mixin.py:188} INFO - [2025-07-10T02:15:06.647+0000] {dag.py:3823} INFO - Setting next_dagrun for example_task_group to 2025-07-09 00:00:00+00:00, run_after=2025-07-10 00:00:00+00:00
[2025-07-10T02:15:06.676+0000] {processor.py:183} INFO - Processing /home/airflow/.local/lib/python3.8/site-packages/airflow/example_dags/example_task_group.py took 0.108 seconds
[2025-07-10T02:15:37.268+0000] {processor.py:161} INFO - Started process (PID=246) to work on /home/airflow/.local/lib/python3.8/site-packages/airflow/example_dags/example_task_group.py
[2025-07-10T02:15:37.270+0000] {processor.py:830} INFO - Processing file /home/airflow/.local/lib/python3.8/site-packages/airflow/example_dags/example_task_group.py for tasks to queue
[2025-07-10T02:15:37.274+0000] {logging_mixin.py:188} INFO - [2025-07-10T02:15:37.274+0000] {dagbag.py:538} INFO - Filling up the DagBag from /home/airflow/.local/lib/python3.8/site-packages/airflow/example_dags/example_task_group.py
[2025-07-10T02:15:37.283+0000] {processor.py:840} INFO - DAG(s) 'example_task_group' retrieved from /home/airflow/.local/lib/python3.8/site-packages/airflow/example_dags/example_task_group.py
[2025-07-10T02:15:37.312+0000] {logging_mixin.py:188} INFO - [2025-07-10T02:15:37.312+0000] {dag.py:3036} INFO - Sync 1 DAGs
[2025-07-10T02:15:37.341+0000] {logging_mixin.py:188} INFO - [2025-07-10T02:15:37.340+0000] {dag.py:3823} INFO - Setting next_dagrun for example_task_group to 2025-07-09 00:00:00+00:00, run_after=2025-07-10 00:00:00+00:00
[2025-07-10T02:15:37.370+0000] {processor.py:183} INFO - Processing /home/airflow/.local/lib/python3.8/site-packages/airflow/example_dags/example_task_group.py took 0.109 seconds
[2025-07-10T02:16:38.039+0000] {processor.py:161} INFO - Started process (PID=78) to work on /home/airflow/.local/lib/python3.8/site-packages/airflow/example_dags/example_task_group.py
[2025-07-10T02:16:38.041+0000] {processor.py:830} INFO - Processing file /home/airflow/.local/lib/python3.8/site-packages/airflow/example_dags/example_task_group.py for tasks to queue
[2025-07-10T02:16:38.045+0000] {logging_mixin.py:188} INFO - [2025-07-10T02:16:38.044+0000] {dagbag.py:538} INFO - Filling up the DagBag from /home/airflow/.local/lib/python3.8/site-packages/airflow/example_dags/example_task_group.py
[2025-07-10T02:16:38.057+0000] {processor.py:840} INFO - DAG(s) 'example_task_group' retrieved from /home/airflow/.local/lib/python3.8/site-packages/airflow/example_dags/example_task_group.py
[2025-07-10T02:16:38.075+0000] {logging_mixin.py:188} INFO - [2025-07-10T02:16:38.075+0000] {dag.py:3036} INFO - Sync 1 DAGs
[2025-07-10T02:16:38.099+0000] {logging_mixin.py:188} INFO - [2025-07-10T02:16:38.099+0000] {dag.py:3823} INFO - Setting next_dagrun for example_task_group to 2025-07-09 00:00:00+00:00, run_after=2025-07-10 00:00:00+00:00
[2025-07-10T02:16:38.132+0000] {processor.py:183} INFO - Processing /home/airflow/.local/lib/python3.8/site-packages/airflow/example_dags/example_task_group.py took 0.096 seconds
[2025-07-10T02:17:09.383+0000] {processor.py:161} INFO - Started process (PID=134) to work on /home/airflow/.local/lib/python3.8/site-packages/airflow/example_dags/example_task_group.py
[2025-07-10T02:17:09.385+0000] {processor.py:830} INFO - Processing file /home/airflow/.local/lib/python3.8/site-packages/airflow/example_dags/example_task_group.py for tasks to queue
[2025-07-10T02:17:09.387+0000] {logging_mixin.py:188} INFO - [2025-07-10T02:17:09.387+0000] {dagbag.py:538} INFO - Filling up the DagBag from /home/airflow/.local/lib/python3.8/site-packages/airflow/example_dags/example_task_group.py
[2025-07-10T02:17:09.396+0000] {processor.py:840} INFO - DAG(s) 'example_task_group' retrieved from /home/airflow/.local/lib/python3.8/site-packages/airflow/example_dags/example_task_group.py
[2025-07-10T02:17:09.488+0000] {logging_mixin.py:188} INFO - [2025-07-10T02:17:09.488+0000] {dag.py:3036} INFO - Sync 1 DAGs
[2025-07-10T02:17:09.510+0000] {logging_mixin.py:188} INFO - [2025-07-10T02:17:09.510+0000] {dag.py:3823} INFO - Setting next_dagrun for example_task_group to 2025-07-09 00:00:00+00:00, run_after=2025-07-10 00:00:00+00:00
[2025-07-10T02:17:09.537+0000] {processor.py:183} INFO - Processing /home/airflow/.local/lib/python3.8/site-packages/airflow/example_dags/example_task_group.py took 0.158 seconds
