[2025-07-10T00:00:09.723+0000] {processor.py:161} INFO - Started process (PID=733) to work on /home/airflow/.local/lib/python3.8/site-packages/airflow/example_dags/example_task_group_decorator.py
[2025-07-10T00:00:09.725+0000] {processor.py:830} INFO - Processing file /home/airflow/.local/lib/python3.8/site-packages/airflow/example_dags/example_task_group_decorator.py for tasks to queue
[2025-07-10T00:00:09.727+0000] {logging_mixin.py:188} INFO - [2025-07-10T00:00:09.726+0000] {dagbag.py:538} INFO - Filling up the DagBag from /home/airflow/.local/lib/python3.8/site-packages/airflow/example_dags/example_task_group_decorator.py
[2025-07-10T00:00:09.752+0000] {processor.py:840} INFO - DAG(s) 'example_task_group_decorator' retrieved from /home/airflow/.local/lib/python3.8/site-packages/airflow/example_dags/example_task_group_decorator.py
[2025-07-10T00:00:09.790+0000] {logging_mixin.py:188} INFO - [2025-07-10T00:00:09.790+0000] {dag.py:3036} INFO - Sync 1 DAGs
[2025-07-10T00:00:09.818+0000] {logging_mixin.py:188} INFO - [2025-07-10T00:00:09.817+0000] {dag.py:3823} INFO - Setting next_dagrun for example_task_group_decorator to 2025-07-09 00:00:00+00:00, run_after=2025-07-10 00:00:00+00:00
[2025-07-10T00:00:09.848+0000] {processor.py:183} INFO - Processing /home/airflow/.local/lib/python3.8/site-packages/airflow/example_dags/example_task_group_decorator.py took 0.129 seconds
[2025-07-10T00:01:39.831+0000] {processor.py:161} INFO - Started process (PID=107) to work on /home/airflow/.local/lib/python3.8/site-packages/airflow/example_dags/example_task_group_decorator.py
[2025-07-10T00:01:39.833+0000] {processor.py:830} INFO - Processing file /home/airflow/.local/lib/python3.8/site-packages/airflow/example_dags/example_task_group_decorator.py for tasks to queue
[2025-07-10T00:01:39.835+0000] {logging_mixin.py:188} INFO - [2025-07-10T00:01:39.835+0000] {dagbag.py:538} INFO - Filling up the DagBag from /home/airflow/.local/lib/python3.8/site-packages/airflow/example_dags/example_task_group_decorator.py
[2025-07-10T00:01:39.857+0000] {processor.py:840} INFO - DAG(s) 'example_task_group_decorator' retrieved from /home/airflow/.local/lib/python3.8/site-packages/airflow/example_dags/example_task_group_decorator.py
[2025-07-10T00:01:39.991+0000] {logging_mixin.py:188} INFO - [2025-07-10T00:01:39.991+0000] {dag.py:3036} INFO - Sync 1 DAGs
[2025-07-10T00:01:40.017+0000] {logging_mixin.py:188} INFO - [2025-07-10T00:01:40.017+0000] {dag.py:3823} INFO - Setting next_dagrun for example_task_group_decorator to 2025-07-09 00:00:00+00:00, run_after=2025-07-10 00:00:00+00:00
[2025-07-10T00:01:40.045+0000] {processor.py:183} INFO - Processing /home/airflow/.local/lib/python3.8/site-packages/airflow/example_dags/example_task_group_decorator.py took 0.219 seconds
[2025-07-10T00:02:10.400+0000] {processor.py:161} INFO - Started process (PID=163) to work on /home/airflow/.local/lib/python3.8/site-packages/airflow/example_dags/example_task_group_decorator.py
[2025-07-10T00:02:10.405+0000] {processor.py:830} INFO - Processing file /home/airflow/.local/lib/python3.8/site-packages/airflow/example_dags/example_task_group_decorator.py for tasks to queue
[2025-07-10T00:02:10.409+0000] {logging_mixin.py:188} INFO - [2025-07-10T00:02:10.409+0000] {dagbag.py:538} INFO - Filling up the DagBag from /home/airflow/.local/lib/python3.8/site-packages/airflow/example_dags/example_task_group_decorator.py
[2025-07-10T00:02:10.433+0000] {processor.py:840} INFO - DAG(s) 'example_task_group_decorator' retrieved from /home/airflow/.local/lib/python3.8/site-packages/airflow/example_dags/example_task_group_decorator.py
[2025-07-10T00:02:10.457+0000] {logging_mixin.py:188} INFO - [2025-07-10T00:02:10.457+0000] {dag.py:3036} INFO - Sync 1 DAGs
[2025-07-10T00:02:10.493+0000] {logging_mixin.py:188} INFO - [2025-07-10T00:02:10.492+0000] {dag.py:3823} INFO - Setting next_dagrun for example_task_group_decorator to 2025-07-09 00:00:00+00:00, run_after=2025-07-10 00:00:00+00:00
[2025-07-10T00:02:10.533+0000] {processor.py:183} INFO - Processing /home/airflow/.local/lib/python3.8/site-packages/airflow/example_dags/example_task_group_decorator.py took 0.138 seconds
[2025-07-10T00:02:42.428+0000] {processor.py:161} INFO - Started process (PID=219) to work on /home/airflow/.local/lib/python3.8/site-packages/airflow/example_dags/example_task_group_decorator.py
[2025-07-10T00:02:42.433+0000] {processor.py:830} INFO - Processing file /home/airflow/.local/lib/python3.8/site-packages/airflow/example_dags/example_task_group_decorator.py for tasks to queue
[2025-07-10T00:02:42.449+0000] {logging_mixin.py:188} INFO - [2025-07-10T00:02:42.448+0000] {dagbag.py:538} INFO - Filling up the DagBag from /home/airflow/.local/lib/python3.8/site-packages/airflow/example_dags/example_task_group_decorator.py
[2025-07-10T00:02:42.479+0000] {processor.py:840} INFO - DAG(s) 'example_task_group_decorator' retrieved from /home/airflow/.local/lib/python3.8/site-packages/airflow/example_dags/example_task_group_decorator.py
[2025-07-10T00:02:42.657+0000] {logging_mixin.py:188} INFO - [2025-07-10T00:02:42.656+0000] {dag.py:3036} INFO - Sync 1 DAGs
[2025-07-10T00:02:42.687+0000] {logging_mixin.py:188} INFO - [2025-07-10T00:02:42.687+0000] {dag.py:3823} INFO - Setting next_dagrun for example_task_group_decorator to 2025-07-09 00:00:00+00:00, run_after=2025-07-10 00:00:00+00:00
[2025-07-10T00:02:42.716+0000] {processor.py:183} INFO - Processing /home/airflow/.local/lib/python3.8/site-packages/airflow/example_dags/example_task_group_decorator.py took 0.297 seconds
[2025-07-10T00:03:13.446+0000] {processor.py:161} INFO - Started process (PID=275) to work on /home/airflow/.local/lib/python3.8/site-packages/airflow/example_dags/example_task_group_decorator.py
[2025-07-10T00:03:13.448+0000] {processor.py:830} INFO - Processing file /home/airflow/.local/lib/python3.8/site-packages/airflow/example_dags/example_task_group_decorator.py for tasks to queue
[2025-07-10T00:03:13.451+0000] {logging_mixin.py:188} INFO - [2025-07-10T00:03:13.451+0000] {dagbag.py:538} INFO - Filling up the DagBag from /home/airflow/.local/lib/python3.8/site-packages/airflow/example_dags/example_task_group_decorator.py
[2025-07-10T00:03:13.474+0000] {processor.py:840} INFO - DAG(s) 'example_task_group_decorator' retrieved from /home/airflow/.local/lib/python3.8/site-packages/airflow/example_dags/example_task_group_decorator.py
[2025-07-10T00:03:13.507+0000] {logging_mixin.py:188} INFO - [2025-07-10T00:03:13.507+0000] {dag.py:3036} INFO - Sync 1 DAGs
[2025-07-10T00:03:13.538+0000] {logging_mixin.py:188} INFO - [2025-07-10T00:03:13.538+0000] {dag.py:3823} INFO - Setting next_dagrun for example_task_group_decorator to 2025-07-09 00:00:00+00:00, run_after=2025-07-10 00:00:00+00:00
[2025-07-10T00:03:13.568+0000] {processor.py:183} INFO - Processing /home/airflow/.local/lib/python3.8/site-packages/airflow/example_dags/example_task_group_decorator.py took 0.128 seconds
[2025-07-10T00:03:43.843+0000] {processor.py:161} INFO - Started process (PID=331) to work on /home/airflow/.local/lib/python3.8/site-packages/airflow/example_dags/example_task_group_decorator.py
[2025-07-10T00:03:43.846+0000] {processor.py:830} INFO - Processing file /home/airflow/.local/lib/python3.8/site-packages/airflow/example_dags/example_task_group_decorator.py for tasks to queue
[2025-07-10T00:03:43.848+0000] {logging_mixin.py:188} INFO - [2025-07-10T00:03:43.848+0000] {dagbag.py:538} INFO - Filling up the DagBag from /home/airflow/.local/lib/python3.8/site-packages/airflow/example_dags/example_task_group_decorator.py
[2025-07-10T00:03:43.865+0000] {processor.py:840} INFO - DAG(s) 'example_task_group_decorator' retrieved from /home/airflow/.local/lib/python3.8/site-packages/airflow/example_dags/example_task_group_decorator.py
[2025-07-10T00:03:43.914+0000] {logging_mixin.py:188} INFO - [2025-07-10T00:03:43.914+0000] {dag.py:3036} INFO - Sync 1 DAGs
[2025-07-10T00:03:43.950+0000] {logging_mixin.py:188} INFO - [2025-07-10T00:03:43.949+0000] {dag.py:3823} INFO - Setting next_dagrun for example_task_group_decorator to 2025-07-09 00:00:00+00:00, run_after=2025-07-10 00:00:00+00:00
[2025-07-10T00:03:43.976+0000] {processor.py:183} INFO - Processing /home/airflow/.local/lib/python3.8/site-packages/airflow/example_dags/example_task_group_decorator.py took 0.137 seconds
[2025-07-10T00:04:14.672+0000] {processor.py:161} INFO - Started process (PID=387) to work on /home/airflow/.local/lib/python3.8/site-packages/airflow/example_dags/example_task_group_decorator.py
[2025-07-10T00:04:14.674+0000] {processor.py:830} INFO - Processing file /home/airflow/.local/lib/python3.8/site-packages/airflow/example_dags/example_task_group_decorator.py for tasks to queue
[2025-07-10T00:04:14.678+0000] {logging_mixin.py:188} INFO - [2025-07-10T00:04:14.678+0000] {dagbag.py:538} INFO - Filling up the DagBag from /home/airflow/.local/lib/python3.8/site-packages/airflow/example_dags/example_task_group_decorator.py
[2025-07-10T00:04:14.705+0000] {processor.py:840} INFO - DAG(s) 'example_task_group_decorator' retrieved from /home/airflow/.local/lib/python3.8/site-packages/airflow/example_dags/example_task_group_decorator.py
[2025-07-10T00:04:14.748+0000] {logging_mixin.py:188} INFO - [2025-07-10T00:04:14.748+0000] {dag.py:3036} INFO - Sync 1 DAGs
[2025-07-10T00:04:14.782+0000] {logging_mixin.py:188} INFO - [2025-07-10T00:04:14.781+0000] {dag.py:3823} INFO - Setting next_dagrun for example_task_group_decorator to 2025-07-09 00:00:00+00:00, run_after=2025-07-10 00:00:00+00:00
[2025-07-10T00:04:14.813+0000] {processor.py:183} INFO - Processing /home/airflow/.local/lib/python3.8/site-packages/airflow/example_dags/example_task_group_decorator.py took 0.147 seconds
[2025-07-10T02:03:33.313+0000] {processor.py:161} INFO - Started process (PID=101) to work on /home/airflow/.local/lib/python3.8/site-packages/airflow/example_dags/example_task_group_decorator.py
[2025-07-10T02:03:33.315+0000] {processor.py:830} INFO - Processing file /home/airflow/.local/lib/python3.8/site-packages/airflow/example_dags/example_task_group_decorator.py for tasks to queue
[2025-07-10T02:03:33.318+0000] {logging_mixin.py:188} INFO - [2025-07-10T02:03:33.317+0000] {dagbag.py:538} INFO - Filling up the DagBag from /home/airflow/.local/lib/python3.8/site-packages/airflow/example_dags/example_task_group_decorator.py
[2025-07-10T02:03:33.340+0000] {processor.py:840} INFO - DAG(s) 'example_task_group_decorator' retrieved from /home/airflow/.local/lib/python3.8/site-packages/airflow/example_dags/example_task_group_decorator.py
[2025-07-10T02:03:33.371+0000] {logging_mixin.py:188} INFO - [2025-07-10T02:03:33.371+0000] {dag.py:3036} INFO - Sync 1 DAGs
[2025-07-10T02:03:33.392+0000] {logging_mixin.py:188} INFO - [2025-07-10T02:03:33.392+0000] {dag.py:3823} INFO - Setting next_dagrun for example_task_group_decorator to 2025-07-09 00:00:00+00:00, run_after=2025-07-10 00:00:00+00:00
[2025-07-10T02:03:33.416+0000] {processor.py:183} INFO - Processing /home/airflow/.local/lib/python3.8/site-packages/airflow/example_dags/example_task_group_decorator.py took 0.106 seconds
[2025-07-10T02:04:04.009+0000] {processor.py:161} INFO - Started process (PID=157) to work on /home/airflow/.local/lib/python3.8/site-packages/airflow/example_dags/example_task_group_decorator.py
[2025-07-10T02:04:04.010+0000] {processor.py:830} INFO - Processing file /home/airflow/.local/lib/python3.8/site-packages/airflow/example_dags/example_task_group_decorator.py for tasks to queue
[2025-07-10T02:04:04.013+0000] {logging_mixin.py:188} INFO - [2025-07-10T02:04:04.013+0000] {dagbag.py:538} INFO - Filling up the DagBag from /home/airflow/.local/lib/python3.8/site-packages/airflow/example_dags/example_task_group_decorator.py
[2025-07-10T02:04:04.027+0000] {processor.py:840} INFO - DAG(s) 'example_task_group_decorator' retrieved from /home/airflow/.local/lib/python3.8/site-packages/airflow/example_dags/example_task_group_decorator.py
[2025-07-10T02:04:04.052+0000] {logging_mixin.py:188} INFO - [2025-07-10T02:04:04.052+0000] {dag.py:3036} INFO - Sync 1 DAGs
[2025-07-10T02:04:04.073+0000] {logging_mixin.py:188} INFO - [2025-07-10T02:04:04.073+0000] {dag.py:3823} INFO - Setting next_dagrun for example_task_group_decorator to 2025-07-09 00:00:00+00:00, run_after=2025-07-10 00:00:00+00:00
[2025-07-10T02:04:04.096+0000] {processor.py:183} INFO - Processing /home/airflow/.local/lib/python3.8/site-packages/airflow/example_dags/example_task_group_decorator.py took 0.090 seconds
[2025-07-10T02:04:35.528+0000] {processor.py:161} INFO - Started process (PID=213) to work on /home/airflow/.local/lib/python3.8/site-packages/airflow/example_dags/example_task_group_decorator.py
[2025-07-10T02:04:35.530+0000] {processor.py:830} INFO - Processing file /home/airflow/.local/lib/python3.8/site-packages/airflow/example_dags/example_task_group_decorator.py for tasks to queue
[2025-07-10T02:04:35.532+0000] {logging_mixin.py:188} INFO - [2025-07-10T02:04:35.532+0000] {dagbag.py:538} INFO - Filling up the DagBag from /home/airflow/.local/lib/python3.8/site-packages/airflow/example_dags/example_task_group_decorator.py
[2025-07-10T02:04:35.545+0000] {processor.py:840} INFO - DAG(s) 'example_task_group_decorator' retrieved from /home/airflow/.local/lib/python3.8/site-packages/airflow/example_dags/example_task_group_decorator.py
[2025-07-10T02:04:35.568+0000] {logging_mixin.py:188} INFO - [2025-07-10T02:04:35.568+0000] {dag.py:3036} INFO - Sync 1 DAGs
[2025-07-10T02:04:35.588+0000] {logging_mixin.py:188} INFO - [2025-07-10T02:04:35.588+0000] {dag.py:3823} INFO - Setting next_dagrun for example_task_group_decorator to 2025-07-09 00:00:00+00:00, run_after=2025-07-10 00:00:00+00:00
[2025-07-10T02:04:35.614+0000] {processor.py:183} INFO - Processing /home/airflow/.local/lib/python3.8/site-packages/airflow/example_dags/example_task_group_decorator.py took 0.089 seconds
[2025-07-10T02:05:06.411+0000] {processor.py:161} INFO - Started process (PID=269) to work on /home/airflow/.local/lib/python3.8/site-packages/airflow/example_dags/example_task_group_decorator.py
[2025-07-10T02:05:06.413+0000] {processor.py:830} INFO - Processing file /home/airflow/.local/lib/python3.8/site-packages/airflow/example_dags/example_task_group_decorator.py for tasks to queue
[2025-07-10T02:05:06.415+0000] {logging_mixin.py:188} INFO - [2025-07-10T02:05:06.415+0000] {dagbag.py:538} INFO - Filling up the DagBag from /home/airflow/.local/lib/python3.8/site-packages/airflow/example_dags/example_task_group_decorator.py
[2025-07-10T02:05:06.430+0000] {processor.py:840} INFO - DAG(s) 'example_task_group_decorator' retrieved from /home/airflow/.local/lib/python3.8/site-packages/airflow/example_dags/example_task_group_decorator.py
[2025-07-10T02:05:06.467+0000] {logging_mixin.py:188} INFO - [2025-07-10T02:05:06.467+0000] {dag.py:3036} INFO - Sync 1 DAGs
[2025-07-10T02:05:06.490+0000] {logging_mixin.py:188} INFO - [2025-07-10T02:05:06.490+0000] {dag.py:3823} INFO - Setting next_dagrun for example_task_group_decorator to 2025-07-09 00:00:00+00:00, run_after=2025-07-10 00:00:00+00:00
[2025-07-10T02:05:06.518+0000] {processor.py:183} INFO - Processing /home/airflow/.local/lib/python3.8/site-packages/airflow/example_dags/example_task_group_decorator.py took 0.110 seconds
[2025-07-10T02:05:37.336+0000] {processor.py:161} INFO - Started process (PID=325) to work on /home/airflow/.local/lib/python3.8/site-packages/airflow/example_dags/example_task_group_decorator.py
[2025-07-10T02:05:37.338+0000] {processor.py:830} INFO - Processing file /home/airflow/.local/lib/python3.8/site-packages/airflow/example_dags/example_task_group_decorator.py for tasks to queue
[2025-07-10T02:05:37.340+0000] {logging_mixin.py:188} INFO - [2025-07-10T02:05:37.340+0000] {dagbag.py:538} INFO - Filling up the DagBag from /home/airflow/.local/lib/python3.8/site-packages/airflow/example_dags/example_task_group_decorator.py
[2025-07-10T02:05:37.353+0000] {processor.py:840} INFO - DAG(s) 'example_task_group_decorator' retrieved from /home/airflow/.local/lib/python3.8/site-packages/airflow/example_dags/example_task_group_decorator.py
[2025-07-10T02:05:37.368+0000] {logging_mixin.py:188} INFO - [2025-07-10T02:05:37.368+0000] {dag.py:3036} INFO - Sync 1 DAGs
[2025-07-10T02:05:37.390+0000] {logging_mixin.py:188} INFO - [2025-07-10T02:05:37.390+0000] {dag.py:3823} INFO - Setting next_dagrun for example_task_group_decorator to 2025-07-09 00:00:00+00:00, run_after=2025-07-10 00:00:00+00:00
[2025-07-10T02:05:37.414+0000] {processor.py:183} INFO - Processing /home/airflow/.local/lib/python3.8/site-packages/airflow/example_dags/example_task_group_decorator.py took 0.082 seconds
[2025-07-10T02:06:08.990+0000] {processor.py:161} INFO - Started process (PID=381) to work on /home/airflow/.local/lib/python3.8/site-packages/airflow/example_dags/example_task_group_decorator.py
[2025-07-10T02:06:08.991+0000] {processor.py:830} INFO - Processing file /home/airflow/.local/lib/python3.8/site-packages/airflow/example_dags/example_task_group_decorator.py for tasks to queue
[2025-07-10T02:06:08.994+0000] {logging_mixin.py:188} INFO - [2025-07-10T02:06:08.993+0000] {dagbag.py:538} INFO - Filling up the DagBag from /home/airflow/.local/lib/python3.8/site-packages/airflow/example_dags/example_task_group_decorator.py
[2025-07-10T02:06:09.007+0000] {processor.py:840} INFO - DAG(s) 'example_task_group_decorator' retrieved from /home/airflow/.local/lib/python3.8/site-packages/airflow/example_dags/example_task_group_decorator.py
[2025-07-10T02:06:09.110+0000] {logging_mixin.py:188} INFO - [2025-07-10T02:06:09.110+0000] {dag.py:3036} INFO - Sync 1 DAGs
[2025-07-10T02:06:09.132+0000] {logging_mixin.py:188} INFO - [2025-07-10T02:06:09.131+0000] {dag.py:3823} INFO - Setting next_dagrun for example_task_group_decorator to 2025-07-09 00:00:00+00:00, run_after=2025-07-10 00:00:00+00:00
[2025-07-10T02:06:09.156+0000] {processor.py:183} INFO - Processing /home/airflow/.local/lib/python3.8/site-packages/airflow/example_dags/example_task_group_decorator.py took 0.169 seconds
[2025-07-10T02:06:39.835+0000] {processor.py:161} INFO - Started process (PID=437) to work on /home/airflow/.local/lib/python3.8/site-packages/airflow/example_dags/example_task_group_decorator.py
[2025-07-10T02:06:39.836+0000] {processor.py:830} INFO - Processing file /home/airflow/.local/lib/python3.8/site-packages/airflow/example_dags/example_task_group_decorator.py for tasks to queue
[2025-07-10T02:06:39.839+0000] {logging_mixin.py:188} INFO - [2025-07-10T02:06:39.838+0000] {dagbag.py:538} INFO - Filling up the DagBag from /home/airflow/.local/lib/python3.8/site-packages/airflow/example_dags/example_task_group_decorator.py
[2025-07-10T02:06:39.853+0000] {processor.py:840} INFO - DAG(s) 'example_task_group_decorator' retrieved from /home/airflow/.local/lib/python3.8/site-packages/airflow/example_dags/example_task_group_decorator.py
[2025-07-10T02:06:39.898+0000] {logging_mixin.py:188} INFO - [2025-07-10T02:06:39.897+0000] {dag.py:3036} INFO - Sync 1 DAGs
[2025-07-10T02:06:39.919+0000] {logging_mixin.py:188} INFO - [2025-07-10T02:06:39.919+0000] {dag.py:3823} INFO - Setting next_dagrun for example_task_group_decorator to 2025-07-09 00:00:00+00:00, run_after=2025-07-10 00:00:00+00:00
[2025-07-10T02:06:39.942+0000] {processor.py:183} INFO - Processing /home/airflow/.local/lib/python3.8/site-packages/airflow/example_dags/example_task_group_decorator.py took 0.111 seconds
[2025-07-10T02:07:10.452+0000] {processor.py:161} INFO - Started process (PID=493) to work on /home/airflow/.local/lib/python3.8/site-packages/airflow/example_dags/example_task_group_decorator.py
[2025-07-10T02:07:10.454+0000] {processor.py:830} INFO - Processing file /home/airflow/.local/lib/python3.8/site-packages/airflow/example_dags/example_task_group_decorator.py for tasks to queue
[2025-07-10T02:07:10.457+0000] {logging_mixin.py:188} INFO - [2025-07-10T02:07:10.457+0000] {dagbag.py:538} INFO - Filling up the DagBag from /home/airflow/.local/lib/python3.8/site-packages/airflow/example_dags/example_task_group_decorator.py
[2025-07-10T02:07:10.471+0000] {processor.py:840} INFO - DAG(s) 'example_task_group_decorator' retrieved from /home/airflow/.local/lib/python3.8/site-packages/airflow/example_dags/example_task_group_decorator.py
[2025-07-10T02:07:10.496+0000] {logging_mixin.py:188} INFO - [2025-07-10T02:07:10.495+0000] {dag.py:3036} INFO - Sync 1 DAGs
[2025-07-10T02:07:10.520+0000] {logging_mixin.py:188} INFO - [2025-07-10T02:07:10.519+0000] {dag.py:3823} INFO - Setting next_dagrun for example_task_group_decorator to 2025-07-09 00:00:00+00:00, run_after=2025-07-10 00:00:00+00:00
[2025-07-10T02:07:10.541+0000] {processor.py:183} INFO - Processing /home/airflow/.local/lib/python3.8/site-packages/airflow/example_dags/example_task_group_decorator.py took 0.092 seconds
[2025-07-10T02:07:41.487+0000] {processor.py:161} INFO - Started process (PID=549) to work on /home/airflow/.local/lib/python3.8/site-packages/airflow/example_dags/example_task_group_decorator.py
[2025-07-10T02:07:41.488+0000] {processor.py:830} INFO - Processing file /home/airflow/.local/lib/python3.8/site-packages/airflow/example_dags/example_task_group_decorator.py for tasks to queue
[2025-07-10T02:07:41.491+0000] {logging_mixin.py:188} INFO - [2025-07-10T02:07:41.491+0000] {dagbag.py:538} INFO - Filling up the DagBag from /home/airflow/.local/lib/python3.8/site-packages/airflow/example_dags/example_task_group_decorator.py
[2025-07-10T02:07:41.504+0000] {processor.py:840} INFO - DAG(s) 'example_task_group_decorator' retrieved from /home/airflow/.local/lib/python3.8/site-packages/airflow/example_dags/example_task_group_decorator.py
[2025-07-10T02:07:41.525+0000] {logging_mixin.py:188} INFO - [2025-07-10T02:07:41.525+0000] {dag.py:3036} INFO - Sync 1 DAGs
[2025-07-10T02:07:41.543+0000] {logging_mixin.py:188} INFO - [2025-07-10T02:07:41.543+0000] {dag.py:3823} INFO - Setting next_dagrun for example_task_group_decorator to 2025-07-09 00:00:00+00:00, run_after=2025-07-10 00:00:00+00:00
[2025-07-10T02:07:41.564+0000] {processor.py:183} INFO - Processing /home/airflow/.local/lib/python3.8/site-packages/airflow/example_dags/example_task_group_decorator.py took 0.080 seconds
[2025-07-10T02:08:12.540+0000] {processor.py:161} INFO - Started process (PID=605) to work on /home/airflow/.local/lib/python3.8/site-packages/airflow/example_dags/example_task_group_decorator.py
[2025-07-10T02:08:12.543+0000] {processor.py:830} INFO - Processing file /home/airflow/.local/lib/python3.8/site-packages/airflow/example_dags/example_task_group_decorator.py for tasks to queue
[2025-07-10T02:08:12.547+0000] {logging_mixin.py:188} INFO - [2025-07-10T02:08:12.547+0000] {dagbag.py:538} INFO - Filling up the DagBag from /home/airflow/.local/lib/python3.8/site-packages/airflow/example_dags/example_task_group_decorator.py
[2025-07-10T02:08:12.565+0000] {processor.py:840} INFO - DAG(s) 'example_task_group_decorator' retrieved from /home/airflow/.local/lib/python3.8/site-packages/airflow/example_dags/example_task_group_decorator.py
[2025-07-10T02:08:12.598+0000] {logging_mixin.py:188} INFO - [2025-07-10T02:08:12.597+0000] {dag.py:3036} INFO - Sync 1 DAGs
[2025-07-10T02:08:12.618+0000] {logging_mixin.py:188} INFO - [2025-07-10T02:08:12.618+0000] {dag.py:3823} INFO - Setting next_dagrun for example_task_group_decorator to 2025-07-09 00:00:00+00:00, run_after=2025-07-10 00:00:00+00:00
[2025-07-10T02:08:12.642+0000] {processor.py:183} INFO - Processing /home/airflow/.local/lib/python3.8/site-packages/airflow/example_dags/example_task_group_decorator.py took 0.109 seconds
[2025-07-10T02:08:43.371+0000] {processor.py:161} INFO - Started process (PID=661) to work on /home/airflow/.local/lib/python3.8/site-packages/airflow/example_dags/example_task_group_decorator.py
[2025-07-10T02:08:43.373+0000] {processor.py:830} INFO - Processing file /home/airflow/.local/lib/python3.8/site-packages/airflow/example_dags/example_task_group_decorator.py for tasks to queue
[2025-07-10T02:08:43.375+0000] {logging_mixin.py:188} INFO - [2025-07-10T02:08:43.375+0000] {dagbag.py:538} INFO - Filling up the DagBag from /home/airflow/.local/lib/python3.8/site-packages/airflow/example_dags/example_task_group_decorator.py
[2025-07-10T02:08:43.388+0000] {processor.py:840} INFO - DAG(s) 'example_task_group_decorator' retrieved from /home/airflow/.local/lib/python3.8/site-packages/airflow/example_dags/example_task_group_decorator.py
[2025-07-10T02:08:43.413+0000] {logging_mixin.py:188} INFO - [2025-07-10T02:08:43.413+0000] {dag.py:3036} INFO - Sync 1 DAGs
[2025-07-10T02:08:43.436+0000] {logging_mixin.py:188} INFO - [2025-07-10T02:08:43.436+0000] {dag.py:3823} INFO - Setting next_dagrun for example_task_group_decorator to 2025-07-09 00:00:00+00:00, run_after=2025-07-10 00:00:00+00:00
[2025-07-10T02:08:43.462+0000] {processor.py:183} INFO - Processing /home/airflow/.local/lib/python3.8/site-packages/airflow/example_dags/example_task_group_decorator.py took 0.094 seconds
[2025-07-10T02:09:47.917+0000] {processor.py:161} INFO - Started process (PID=95) to work on /home/airflow/.local/lib/python3.8/site-packages/airflow/example_dags/example_task_group_decorator.py
[2025-07-10T02:09:47.922+0000] {processor.py:830} INFO - Processing file /home/airflow/.local/lib/python3.8/site-packages/airflow/example_dags/example_task_group_decorator.py for tasks to queue
[2025-07-10T02:09:47.928+0000] {logging_mixin.py:188} INFO - [2025-07-10T02:09:47.927+0000] {dagbag.py:538} INFO - Filling up the DagBag from /home/airflow/.local/lib/python3.8/site-packages/airflow/example_dags/example_task_group_decorator.py
[2025-07-10T02:09:47.962+0000] {processor.py:840} INFO - DAG(s) 'example_task_group_decorator' retrieved from /home/airflow/.local/lib/python3.8/site-packages/airflow/example_dags/example_task_group_decorator.py
[2025-07-10T02:09:47.990+0000] {logging_mixin.py:188} INFO - [2025-07-10T02:09:47.989+0000] {dag.py:3036} INFO - Sync 1 DAGs
[2025-07-10T02:09:48.048+0000] {logging_mixin.py:188} INFO - [2025-07-10T02:09:48.047+0000] {dag.py:3823} INFO - Setting next_dagrun for example_task_group_decorator to 2025-07-09 00:00:00+00:00, run_after=2025-07-10 00:00:00+00:00
[2025-07-10T02:09:48.091+0000] {processor.py:183} INFO - Processing /home/airflow/.local/lib/python3.8/site-packages/airflow/example_dags/example_task_group_decorator.py took 0.184 seconds
[2025-07-10T02:10:19.581+0000] {processor.py:161} INFO - Started process (PID=151) to work on /home/airflow/.local/lib/python3.8/site-packages/airflow/example_dags/example_task_group_decorator.py
[2025-07-10T02:10:19.582+0000] {processor.py:830} INFO - Processing file /home/airflow/.local/lib/python3.8/site-packages/airflow/example_dags/example_task_group_decorator.py for tasks to queue
[2025-07-10T02:10:19.585+0000] {logging_mixin.py:188} INFO - [2025-07-10T02:10:19.584+0000] {dagbag.py:538} INFO - Filling up the DagBag from /home/airflow/.local/lib/python3.8/site-packages/airflow/example_dags/example_task_group_decorator.py
[2025-07-10T02:10:19.597+0000] {processor.py:840} INFO - DAG(s) 'example_task_group_decorator' retrieved from /home/airflow/.local/lib/python3.8/site-packages/airflow/example_dags/example_task_group_decorator.py
[2025-07-10T02:10:19.682+0000] {logging_mixin.py:188} INFO - [2025-07-10T02:10:19.682+0000] {dag.py:3036} INFO - Sync 1 DAGs
[2025-07-10T02:10:19.704+0000] {logging_mixin.py:188} INFO - [2025-07-10T02:10:19.704+0000] {dag.py:3823} INFO - Setting next_dagrun for example_task_group_decorator to 2025-07-09 00:00:00+00:00, run_after=2025-07-10 00:00:00+00:00
[2025-07-10T02:10:19.724+0000] {processor.py:183} INFO - Processing /home/airflow/.local/lib/python3.8/site-packages/airflow/example_dags/example_task_group_decorator.py took 0.148 seconds
[2025-07-10T02:10:51.465+0000] {processor.py:161} INFO - Started process (PID=207) to work on /home/airflow/.local/lib/python3.8/site-packages/airflow/example_dags/example_task_group_decorator.py
[2025-07-10T02:10:51.467+0000] {processor.py:830} INFO - Processing file /home/airflow/.local/lib/python3.8/site-packages/airflow/example_dags/example_task_group_decorator.py for tasks to queue
[2025-07-10T02:10:51.472+0000] {logging_mixin.py:188} INFO - [2025-07-10T02:10:51.471+0000] {dagbag.py:538} INFO - Filling up the DagBag from /home/airflow/.local/lib/python3.8/site-packages/airflow/example_dags/example_task_group_decorator.py
[2025-07-10T02:10:51.507+0000] {processor.py:840} INFO - DAG(s) 'example_task_group_decorator' retrieved from /home/airflow/.local/lib/python3.8/site-packages/airflow/example_dags/example_task_group_decorator.py
[2025-07-10T02:10:51.555+0000] {logging_mixin.py:188} INFO - [2025-07-10T02:10:51.554+0000] {dag.py:3036} INFO - Sync 1 DAGs
[2025-07-10T02:10:51.591+0000] {logging_mixin.py:188} INFO - [2025-07-10T02:10:51.591+0000] {dag.py:3823} INFO - Setting next_dagrun for example_task_group_decorator to 2025-07-09 00:00:00+00:00, run_after=2025-07-10 00:00:00+00:00
[2025-07-10T02:10:51.619+0000] {processor.py:183} INFO - Processing /home/airflow/.local/lib/python3.8/site-packages/airflow/example_dags/example_task_group_decorator.py took 0.161 seconds
[2025-07-10T02:11:21.801+0000] {processor.py:161} INFO - Started process (PID=263) to work on /home/airflow/.local/lib/python3.8/site-packages/airflow/example_dags/example_task_group_decorator.py
[2025-07-10T02:11:21.803+0000] {processor.py:830} INFO - Processing file /home/airflow/.local/lib/python3.8/site-packages/airflow/example_dags/example_task_group_decorator.py for tasks to queue
[2025-07-10T02:11:21.805+0000] {logging_mixin.py:188} INFO - [2025-07-10T02:11:21.805+0000] {dagbag.py:538} INFO - Filling up the DagBag from /home/airflow/.local/lib/python3.8/site-packages/airflow/example_dags/example_task_group_decorator.py
[2025-07-10T02:11:21.818+0000] {processor.py:840} INFO - DAG(s) 'example_task_group_decorator' retrieved from /home/airflow/.local/lib/python3.8/site-packages/airflow/example_dags/example_task_group_decorator.py
[2025-07-10T02:11:21.844+0000] {logging_mixin.py:188} INFO - [2025-07-10T02:11:21.844+0000] {dag.py:3036} INFO - Sync 1 DAGs
[2025-07-10T02:11:21.866+0000] {logging_mixin.py:188} INFO - [2025-07-10T02:11:21.866+0000] {dag.py:3823} INFO - Setting next_dagrun for example_task_group_decorator to 2025-07-09 00:00:00+00:00, run_after=2025-07-10 00:00:00+00:00
[2025-07-10T02:11:21.889+0000] {processor.py:183} INFO - Processing /home/airflow/.local/lib/python3.8/site-packages/airflow/example_dags/example_task_group_decorator.py took 0.092 seconds
[2025-07-10T02:11:52.482+0000] {processor.py:161} INFO - Started process (PID=319) to work on /home/airflow/.local/lib/python3.8/site-packages/airflow/example_dags/example_task_group_decorator.py
[2025-07-10T02:11:52.487+0000] {processor.py:830} INFO - Processing file /home/airflow/.local/lib/python3.8/site-packages/airflow/example_dags/example_task_group_decorator.py for tasks to queue
[2025-07-10T02:11:52.491+0000] {logging_mixin.py:188} INFO - [2025-07-10T02:11:52.491+0000] {dagbag.py:538} INFO - Filling up the DagBag from /home/airflow/.local/lib/python3.8/site-packages/airflow/example_dags/example_task_group_decorator.py
[2025-07-10T02:11:52.514+0000] {processor.py:840} INFO - DAG(s) 'example_task_group_decorator' retrieved from /home/airflow/.local/lib/python3.8/site-packages/airflow/example_dags/example_task_group_decorator.py
[2025-07-10T02:11:52.543+0000] {logging_mixin.py:188} INFO - [2025-07-10T02:11:52.543+0000] {dag.py:3036} INFO - Sync 1 DAGs
[2025-07-10T02:11:52.566+0000] {logging_mixin.py:188} INFO - [2025-07-10T02:11:52.565+0000] {dag.py:3823} INFO - Setting next_dagrun for example_task_group_decorator to 2025-07-09 00:00:00+00:00, run_after=2025-07-10 00:00:00+00:00
[2025-07-10T02:11:52.593+0000] {processor.py:183} INFO - Processing /home/airflow/.local/lib/python3.8/site-packages/airflow/example_dags/example_task_group_decorator.py took 0.116 seconds
[2025-07-10T02:14:08.239+0000] {processor.py:161} INFO - Started process (PID=100) to work on /home/airflow/.local/lib/python3.8/site-packages/airflow/example_dags/example_task_group_decorator.py
[2025-07-10T02:14:08.240+0000] {processor.py:830} INFO - Processing file /home/airflow/.local/lib/python3.8/site-packages/airflow/example_dags/example_task_group_decorator.py for tasks to queue
[2025-07-10T02:14:08.243+0000] {logging_mixin.py:188} INFO - [2025-07-10T02:14:08.243+0000] {dagbag.py:538} INFO - Filling up the DagBag from /home/airflow/.local/lib/python3.8/site-packages/airflow/example_dags/example_task_group_decorator.py
[2025-07-10T02:14:08.264+0000] {processor.py:840} INFO - DAG(s) 'example_task_group_decorator' retrieved from /home/airflow/.local/lib/python3.8/site-packages/airflow/example_dags/example_task_group_decorator.py
[2025-07-10T02:14:08.436+0000] {logging_mixin.py:188} INFO - [2025-07-10T02:14:08.435+0000] {override.py:1769} INFO - Created Permission View: can delete on DAG:example_task_group_decorator
[2025-07-10T02:14:08.455+0000] {logging_mixin.py:188} INFO - [2025-07-10T02:14:08.455+0000] {override.py:1769} INFO - Created Permission View: can read on DAG:example_task_group_decorator
[2025-07-10T02:14:08.468+0000] {logging_mixin.py:188} INFO - [2025-07-10T02:14:08.468+0000] {override.py:1769} INFO - Created Permission View: can edit on DAG:example_task_group_decorator
[2025-07-10T02:14:08.470+0000] {logging_mixin.py:188} INFO - [2025-07-10T02:14:08.470+0000] {dag.py:3036} INFO - Sync 1 DAGs
[2025-07-10T02:14:08.483+0000] {logging_mixin.py:188} INFO - [2025-07-10T02:14:08.483+0000] {dag.py:3058} INFO - Creating ORM DAG for example_task_group_decorator
[2025-07-10T02:14:08.497+0000] {logging_mixin.py:188} INFO - [2025-07-10T02:14:08.497+0000] {dag.py:3823} INFO - Setting next_dagrun for example_task_group_decorator to 2025-07-09 00:00:00+00:00, run_after=2025-07-10 00:00:00+00:00
[2025-07-10T02:14:08.524+0000] {processor.py:183} INFO - Processing /home/airflow/.local/lib/python3.8/site-packages/airflow/example_dags/example_task_group_decorator.py took 0.290 seconds
[2025-07-10T02:14:38.961+0000] {processor.py:161} INFO - Started process (PID=156) to work on /home/airflow/.local/lib/python3.8/site-packages/airflow/example_dags/example_task_group_decorator.py
[2025-07-10T02:14:38.963+0000] {processor.py:830} INFO - Processing file /home/airflow/.local/lib/python3.8/site-packages/airflow/example_dags/example_task_group_decorator.py for tasks to queue
[2025-07-10T02:14:38.965+0000] {logging_mixin.py:188} INFO - [2025-07-10T02:14:38.965+0000] {dagbag.py:538} INFO - Filling up the DagBag from /home/airflow/.local/lib/python3.8/site-packages/airflow/example_dags/example_task_group_decorator.py
[2025-07-10T02:14:38.981+0000] {processor.py:840} INFO - DAG(s) 'example_task_group_decorator' retrieved from /home/airflow/.local/lib/python3.8/site-packages/airflow/example_dags/example_task_group_decorator.py
[2025-07-10T02:14:39.011+0000] {logging_mixin.py:188} INFO - [2025-07-10T02:14:39.011+0000] {dag.py:3036} INFO - Sync 1 DAGs
[2025-07-10T02:14:39.038+0000] {logging_mixin.py:188} INFO - [2025-07-10T02:14:39.038+0000] {dag.py:3823} INFO - Setting next_dagrun for example_task_group_decorator to 2025-07-09 00:00:00+00:00, run_after=2025-07-10 00:00:00+00:00
[2025-07-10T02:14:39.069+0000] {processor.py:183} INFO - Processing /home/airflow/.local/lib/python3.8/site-packages/airflow/example_dags/example_task_group_decorator.py took 0.113 seconds
[2025-07-10T02:15:09.231+0000] {processor.py:161} INFO - Started process (PID=212) to work on /home/airflow/.local/lib/python3.8/site-packages/airflow/example_dags/example_task_group_decorator.py
[2025-07-10T02:15:09.232+0000] {processor.py:830} INFO - Processing file /home/airflow/.local/lib/python3.8/site-packages/airflow/example_dags/example_task_group_decorator.py for tasks to queue
[2025-07-10T02:15:09.235+0000] {logging_mixin.py:188} INFO - [2025-07-10T02:15:09.234+0000] {dagbag.py:538} INFO - Filling up the DagBag from /home/airflow/.local/lib/python3.8/site-packages/airflow/example_dags/example_task_group_decorator.py
[2025-07-10T02:15:09.249+0000] {processor.py:840} INFO - DAG(s) 'example_task_group_decorator' retrieved from /home/airflow/.local/lib/python3.8/site-packages/airflow/example_dags/example_task_group_decorator.py
[2025-07-10T02:15:09.280+0000] {logging_mixin.py:188} INFO - [2025-07-10T02:15:09.280+0000] {dag.py:3036} INFO - Sync 1 DAGs
[2025-07-10T02:15:09.310+0000] {logging_mixin.py:188} INFO - [2025-07-10T02:15:09.310+0000] {dag.py:3823} INFO - Setting next_dagrun for example_task_group_decorator to 2025-07-09 00:00:00+00:00, run_after=2025-07-10 00:00:00+00:00
[2025-07-10T02:15:09.341+0000] {processor.py:183} INFO - Processing /home/airflow/.local/lib/python3.8/site-packages/airflow/example_dags/example_task_group_decorator.py took 0.113 seconds
[2025-07-10T02:16:40.401+0000] {processor.py:161} INFO - Started process (PID=100) to work on /home/airflow/.local/lib/python3.8/site-packages/airflow/example_dags/example_task_group_decorator.py
[2025-07-10T02:16:40.404+0000] {processor.py:830} INFO - Processing file /home/airflow/.local/lib/python3.8/site-packages/airflow/example_dags/example_task_group_decorator.py for tasks to queue
[2025-07-10T02:16:40.408+0000] {logging_mixin.py:188} INFO - [2025-07-10T02:16:40.407+0000] {dagbag.py:538} INFO - Filling up the DagBag from /home/airflow/.local/lib/python3.8/site-packages/airflow/example_dags/example_task_group_decorator.py
[2025-07-10T02:16:40.439+0000] {processor.py:840} INFO - DAG(s) 'example_task_group_decorator' retrieved from /home/airflow/.local/lib/python3.8/site-packages/airflow/example_dags/example_task_group_decorator.py
[2025-07-10T02:16:40.460+0000] {logging_mixin.py:188} INFO - [2025-07-10T02:16:40.460+0000] {dag.py:3036} INFO - Sync 1 DAGs
[2025-07-10T02:16:40.494+0000] {logging_mixin.py:188} INFO - [2025-07-10T02:16:40.494+0000] {dag.py:3823} INFO - Setting next_dagrun for example_task_group_decorator to 2025-07-09 00:00:00+00:00, run_after=2025-07-10 00:00:00+00:00
[2025-07-10T02:16:40.532+0000] {processor.py:183} INFO - Processing /home/airflow/.local/lib/python3.8/site-packages/airflow/example_dags/example_task_group_decorator.py took 0.139 seconds
[2025-07-10T02:17:12.614+0000] {processor.py:161} INFO - Started process (PID=156) to work on /home/airflow/.local/lib/python3.8/site-packages/airflow/example_dags/example_task_group_decorator.py
[2025-07-10T02:17:12.616+0000] {processor.py:830} INFO - Processing file /home/airflow/.local/lib/python3.8/site-packages/airflow/example_dags/example_task_group_decorator.py for tasks to queue
[2025-07-10T02:17:12.619+0000] {logging_mixin.py:188} INFO - [2025-07-10T02:17:12.619+0000] {dagbag.py:538} INFO - Filling up the DagBag from /home/airflow/.local/lib/python3.8/site-packages/airflow/example_dags/example_task_group_decorator.py
[2025-07-10T02:17:12.636+0000] {processor.py:840} INFO - DAG(s) 'example_task_group_decorator' retrieved from /home/airflow/.local/lib/python3.8/site-packages/airflow/example_dags/example_task_group_decorator.py
[2025-07-10T02:17:12.757+0000] {logging_mixin.py:188} INFO - [2025-07-10T02:17:12.757+0000] {dag.py:3036} INFO - Sync 1 DAGs
[2025-07-10T02:17:12.779+0000] {logging_mixin.py:188} INFO - [2025-07-10T02:17:12.779+0000] {dag.py:3823} INFO - Setting next_dagrun for example_task_group_decorator to 2025-07-09 00:00:00+00:00, run_after=2025-07-10 00:00:00+00:00
[2025-07-10T02:17:12.806+0000] {processor.py:183} INFO - Processing /home/airflow/.local/lib/python3.8/site-packages/airflow/example_dags/example_task_group_decorator.py took 0.199 seconds
