[2025-07-10T00:00:09.411+0000] {processor.py:161} INFO - Started process (PID=730) to work on /home/airflow/.local/lib/python3.8/site-packages/airflow/example_dags/example_time_delta_sensor_async.py
[2025-07-10T00:00:09.413+0000] {processor.py:830} INFO - Processing file /home/airflow/.local/lib/python3.8/site-packages/airflow/example_dags/example_time_delta_sensor_async.py for tasks to queue
[2025-07-10T00:00:09.415+0000] {logging_mixin.py:188} INFO - [2025-07-10T00:00:09.414+0000] {dagbag.py:538} INFO - Filling up the DagBag from /home/airflow/.local/lib/python3.8/site-packages/airflow/example_dags/example_time_delta_sensor_async.py
[2025-07-10T00:00:09.423+0000] {processor.py:840} INFO - DAG(s) 'example_time_delta_sensor_async' retrieved from /home/airflow/.local/lib/python3.8/site-packages/airflow/example_dags/example_time_delta_sensor_async.py
[2025-07-10T00:00:09.459+0000] {logging_mixin.py:188} INFO - [2025-07-10T00:00:09.458+0000] {dag.py:3036} INFO - Sync 1 DAGs
[2025-07-10T00:00:09.476+0000] {logging_mixin.py:188} INFO - [2025-07-10T00:00:09.476+0000] {dag.py:3823} INFO - Setting next_dagrun for example_time_delta_sensor_async to None, run_after=None
[2025-07-10T00:00:09.506+0000] {processor.py:183} INFO - Processing /home/airflow/.local/lib/python3.8/site-packages/airflow/example_dags/example_time_delta_sensor_async.py took 0.100 seconds
[2025-07-10T00:01:39.454+0000] {processor.py:161} INFO - Started process (PID=104) to work on /home/airflow/.local/lib/python3.8/site-packages/airflow/example_dags/example_time_delta_sensor_async.py
[2025-07-10T00:01:39.456+0000] {processor.py:830} INFO - Processing file /home/airflow/.local/lib/python3.8/site-packages/airflow/example_dags/example_time_delta_sensor_async.py for tasks to queue
[2025-07-10T00:01:39.459+0000] {logging_mixin.py:188} INFO - [2025-07-10T00:01:39.458+0000] {dagbag.py:538} INFO - Filling up the DagBag from /home/airflow/.local/lib/python3.8/site-packages/airflow/example_dags/example_time_delta_sensor_async.py
[2025-07-10T00:01:39.469+0000] {processor.py:840} INFO - DAG(s) 'example_time_delta_sensor_async' retrieved from /home/airflow/.local/lib/python3.8/site-packages/airflow/example_dags/example_time_delta_sensor_async.py
[2025-07-10T00:01:39.602+0000] {logging_mixin.py:188} INFO - [2025-07-10T00:01:39.602+0000] {dag.py:3036} INFO - Sync 1 DAGs
[2025-07-10T00:01:39.615+0000] {logging_mixin.py:188} INFO - [2025-07-10T00:01:39.615+0000] {dag.py:3823} INFO - Setting next_dagrun for example_time_delta_sensor_async to None, run_after=None
[2025-07-10T00:01:39.645+0000] {processor.py:183} INFO - Processing /home/airflow/.local/lib/python3.8/site-packages/airflow/example_dags/example_time_delta_sensor_async.py took 0.195 seconds
[2025-07-10T00:02:10.017+0000] {processor.py:161} INFO - Started process (PID=160) to work on /home/airflow/.local/lib/python3.8/site-packages/airflow/example_dags/example_time_delta_sensor_async.py
[2025-07-10T00:02:10.019+0000] {processor.py:830} INFO - Processing file /home/airflow/.local/lib/python3.8/site-packages/airflow/example_dags/example_time_delta_sensor_async.py for tasks to queue
[2025-07-10T00:02:10.023+0000] {logging_mixin.py:188} INFO - [2025-07-10T00:02:10.023+0000] {dagbag.py:538} INFO - Filling up the DagBag from /home/airflow/.local/lib/python3.8/site-packages/airflow/example_dags/example_time_delta_sensor_async.py
[2025-07-10T00:02:10.033+0000] {processor.py:840} INFO - DAG(s) 'example_time_delta_sensor_async' retrieved from /home/airflow/.local/lib/python3.8/site-packages/airflow/example_dags/example_time_delta_sensor_async.py
[2025-07-10T00:02:10.059+0000] {logging_mixin.py:188} INFO - [2025-07-10T00:02:10.059+0000] {dag.py:3036} INFO - Sync 1 DAGs
[2025-07-10T00:02:10.083+0000] {logging_mixin.py:188} INFO - [2025-07-10T00:02:10.082+0000] {dag.py:3823} INFO - Setting next_dagrun for example_time_delta_sensor_async to None, run_after=None
[2025-07-10T00:02:10.121+0000] {processor.py:183} INFO - Processing /home/airflow/.local/lib/python3.8/site-packages/airflow/example_dags/example_time_delta_sensor_async.py took 0.110 seconds
[2025-07-10T00:02:41.838+0000] {processor.py:161} INFO - Started process (PID=216) to work on /home/airflow/.local/lib/python3.8/site-packages/airflow/example_dags/example_time_delta_sensor_async.py
[2025-07-10T00:02:41.840+0000] {processor.py:830} INFO - Processing file /home/airflow/.local/lib/python3.8/site-packages/airflow/example_dags/example_time_delta_sensor_async.py for tasks to queue
[2025-07-10T00:02:41.844+0000] {logging_mixin.py:188} INFO - [2025-07-10T00:02:41.844+0000] {dagbag.py:538} INFO - Filling up the DagBag from /home/airflow/.local/lib/python3.8/site-packages/airflow/example_dags/example_time_delta_sensor_async.py
[2025-07-10T00:02:41.853+0000] {processor.py:840} INFO - DAG(s) 'example_time_delta_sensor_async' retrieved from /home/airflow/.local/lib/python3.8/site-packages/airflow/example_dags/example_time_delta_sensor_async.py
[2025-07-10T00:02:41.983+0000] {logging_mixin.py:188} INFO - [2025-07-10T00:02:41.982+0000] {dag.py:3036} INFO - Sync 1 DAGs
[2025-07-10T00:02:41.996+0000] {logging_mixin.py:188} INFO - [2025-07-10T00:02:41.996+0000] {dag.py:3823} INFO - Setting next_dagrun for example_time_delta_sensor_async to None, run_after=None
[2025-07-10T00:02:42.033+0000] {processor.py:183} INFO - Processing /home/airflow/.local/lib/python3.8/site-packages/airflow/example_dags/example_time_delta_sensor_async.py took 0.201 seconds
[2025-07-10T00:03:12.250+0000] {processor.py:161} INFO - Started process (PID=272) to work on /home/airflow/.local/lib/python3.8/site-packages/airflow/example_dags/example_time_delta_sensor_async.py
[2025-07-10T00:03:12.252+0000] {processor.py:830} INFO - Processing file /home/airflow/.local/lib/python3.8/site-packages/airflow/example_dags/example_time_delta_sensor_async.py for tasks to queue
[2025-07-10T00:03:12.255+0000] {logging_mixin.py:188} INFO - [2025-07-10T00:03:12.255+0000] {dagbag.py:538} INFO - Filling up the DagBag from /home/airflow/.local/lib/python3.8/site-packages/airflow/example_dags/example_time_delta_sensor_async.py
[2025-07-10T00:03:12.263+0000] {processor.py:840} INFO - DAG(s) 'example_time_delta_sensor_async' retrieved from /home/airflow/.local/lib/python3.8/site-packages/airflow/example_dags/example_time_delta_sensor_async.py
[2025-07-10T00:03:12.290+0000] {logging_mixin.py:188} INFO - [2025-07-10T00:03:12.290+0000] {dag.py:3036} INFO - Sync 1 DAGs
[2025-07-10T00:03:12.305+0000] {logging_mixin.py:188} INFO - [2025-07-10T00:03:12.305+0000] {dag.py:3823} INFO - Setting next_dagrun for example_time_delta_sensor_async to None, run_after=None
[2025-07-10T00:03:12.332+0000] {processor.py:183} INFO - Processing /home/airflow/.local/lib/python3.8/site-packages/airflow/example_dags/example_time_delta_sensor_async.py took 0.086 seconds
[2025-07-10T00:03:42.665+0000] {processor.py:161} INFO - Started process (PID=328) to work on /home/airflow/.local/lib/python3.8/site-packages/airflow/example_dags/example_time_delta_sensor_async.py
[2025-07-10T00:03:42.675+0000] {processor.py:830} INFO - Processing file /home/airflow/.local/lib/python3.8/site-packages/airflow/example_dags/example_time_delta_sensor_async.py for tasks to queue
[2025-07-10T00:03:42.679+0000] {logging_mixin.py:188} INFO - [2025-07-10T00:03:42.678+0000] {dagbag.py:538} INFO - Filling up the DagBag from /home/airflow/.local/lib/python3.8/site-packages/airflow/example_dags/example_time_delta_sensor_async.py
[2025-07-10T00:03:42.687+0000] {processor.py:840} INFO - DAG(s) 'example_time_delta_sensor_async' retrieved from /home/airflow/.local/lib/python3.8/site-packages/airflow/example_dags/example_time_delta_sensor_async.py
[2025-07-10T00:03:42.723+0000] {logging_mixin.py:188} INFO - [2025-07-10T00:03:42.722+0000] {dag.py:3036} INFO - Sync 1 DAGs
[2025-07-10T00:03:42.738+0000] {logging_mixin.py:188} INFO - [2025-07-10T00:03:42.738+0000] {dag.py:3823} INFO - Setting next_dagrun for example_time_delta_sensor_async to None, run_after=None
[2025-07-10T00:03:42.766+0000] {processor.py:183} INFO - Processing /home/airflow/.local/lib/python3.8/site-packages/airflow/example_dags/example_time_delta_sensor_async.py took 0.106 seconds
[2025-07-10T00:04:13.434+0000] {processor.py:161} INFO - Started process (PID=384) to work on /home/airflow/.local/lib/python3.8/site-packages/airflow/example_dags/example_time_delta_sensor_async.py
[2025-07-10T00:04:13.436+0000] {processor.py:830} INFO - Processing file /home/airflow/.local/lib/python3.8/site-packages/airflow/example_dags/example_time_delta_sensor_async.py for tasks to queue
[2025-07-10T00:04:13.440+0000] {logging_mixin.py:188} INFO - [2025-07-10T00:04:13.440+0000] {dagbag.py:538} INFO - Filling up the DagBag from /home/airflow/.local/lib/python3.8/site-packages/airflow/example_dags/example_time_delta_sensor_async.py
[2025-07-10T00:04:13.449+0000] {processor.py:840} INFO - DAG(s) 'example_time_delta_sensor_async' retrieved from /home/airflow/.local/lib/python3.8/site-packages/airflow/example_dags/example_time_delta_sensor_async.py
[2025-07-10T00:04:13.489+0000] {logging_mixin.py:188} INFO - [2025-07-10T00:04:13.488+0000] {dag.py:3036} INFO - Sync 1 DAGs
[2025-07-10T00:04:13.506+0000] {logging_mixin.py:188} INFO - [2025-07-10T00:04:13.506+0000] {dag.py:3823} INFO - Setting next_dagrun for example_time_delta_sensor_async to None, run_after=None
[2025-07-10T00:04:13.540+0000] {processor.py:183} INFO - Processing /home/airflow/.local/lib/python3.8/site-packages/airflow/example_dags/example_time_delta_sensor_async.py took 0.113 seconds
[2025-07-10T02:03:33.100+0000] {processor.py:161} INFO - Started process (PID=98) to work on /home/airflow/.local/lib/python3.8/site-packages/airflow/example_dags/example_time_delta_sensor_async.py
[2025-07-10T02:03:33.102+0000] {processor.py:830} INFO - Processing file /home/airflow/.local/lib/python3.8/site-packages/airflow/example_dags/example_time_delta_sensor_async.py for tasks to queue
[2025-07-10T02:03:33.104+0000] {logging_mixin.py:188} INFO - [2025-07-10T02:03:33.104+0000] {dagbag.py:538} INFO - Filling up the DagBag from /home/airflow/.local/lib/python3.8/site-packages/airflow/example_dags/example_time_delta_sensor_async.py
[2025-07-10T02:03:33.113+0000] {processor.py:840} INFO - DAG(s) 'example_time_delta_sensor_async' retrieved from /home/airflow/.local/lib/python3.8/site-packages/airflow/example_dags/example_time_delta_sensor_async.py
[2025-07-10T02:03:33.141+0000] {logging_mixin.py:188} INFO - [2025-07-10T02:03:33.141+0000] {dag.py:3036} INFO - Sync 1 DAGs
[2025-07-10T02:03:33.154+0000] {logging_mixin.py:188} INFO - [2025-07-10T02:03:33.154+0000] {dag.py:3823} INFO - Setting next_dagrun for example_time_delta_sensor_async to None, run_after=None
[2025-07-10T02:03:33.181+0000] {processor.py:183} INFO - Processing /home/airflow/.local/lib/python3.8/site-packages/airflow/example_dags/example_time_delta_sensor_async.py took 0.085 seconds
[2025-07-10T02:04:03.789+0000] {processor.py:161} INFO - Started process (PID=154) to work on /home/airflow/.local/lib/python3.8/site-packages/airflow/example_dags/example_time_delta_sensor_async.py
[2025-07-10T02:04:03.790+0000] {processor.py:830} INFO - Processing file /home/airflow/.local/lib/python3.8/site-packages/airflow/example_dags/example_time_delta_sensor_async.py for tasks to queue
[2025-07-10T02:04:03.793+0000] {logging_mixin.py:188} INFO - [2025-07-10T02:04:03.793+0000] {dagbag.py:538} INFO - Filling up the DagBag from /home/airflow/.local/lib/python3.8/site-packages/airflow/example_dags/example_time_delta_sensor_async.py
[2025-07-10T02:04:03.799+0000] {processor.py:840} INFO - DAG(s) 'example_time_delta_sensor_async' retrieved from /home/airflow/.local/lib/python3.8/site-packages/airflow/example_dags/example_time_delta_sensor_async.py
[2025-07-10T02:04:03.825+0000] {logging_mixin.py:188} INFO - [2025-07-10T02:04:03.824+0000] {dag.py:3036} INFO - Sync 1 DAGs
[2025-07-10T02:04:03.842+0000] {logging_mixin.py:188} INFO - [2025-07-10T02:04:03.842+0000] {dag.py:3823} INFO - Setting next_dagrun for example_time_delta_sensor_async to None, run_after=None
[2025-07-10T02:04:03.873+0000] {processor.py:183} INFO - Processing /home/airflow/.local/lib/python3.8/site-packages/airflow/example_dags/example_time_delta_sensor_async.py took 0.088 seconds
[2025-07-10T02:04:35.299+0000] {processor.py:161} INFO - Started process (PID=210) to work on /home/airflow/.local/lib/python3.8/site-packages/airflow/example_dags/example_time_delta_sensor_async.py
[2025-07-10T02:04:35.300+0000] {processor.py:830} INFO - Processing file /home/airflow/.local/lib/python3.8/site-packages/airflow/example_dags/example_time_delta_sensor_async.py for tasks to queue
[2025-07-10T02:04:35.303+0000] {logging_mixin.py:188} INFO - [2025-07-10T02:04:35.302+0000] {dagbag.py:538} INFO - Filling up the DagBag from /home/airflow/.local/lib/python3.8/site-packages/airflow/example_dags/example_time_delta_sensor_async.py
[2025-07-10T02:04:35.308+0000] {processor.py:840} INFO - DAG(s) 'example_time_delta_sensor_async' retrieved from /home/airflow/.local/lib/python3.8/site-packages/airflow/example_dags/example_time_delta_sensor_async.py
[2025-07-10T02:04:35.332+0000] {logging_mixin.py:188} INFO - [2025-07-10T02:04:35.331+0000] {dag.py:3036} INFO - Sync 1 DAGs
[2025-07-10T02:04:35.343+0000] {logging_mixin.py:188} INFO - [2025-07-10T02:04:35.343+0000] {dag.py:3823} INFO - Setting next_dagrun for example_time_delta_sensor_async to None, run_after=None
[2025-07-10T02:04:35.365+0000] {processor.py:183} INFO - Processing /home/airflow/.local/lib/python3.8/site-packages/airflow/example_dags/example_time_delta_sensor_async.py took 0.072 seconds
[2025-07-10T02:05:06.212+0000] {processor.py:161} INFO - Started process (PID=266) to work on /home/airflow/.local/lib/python3.8/site-packages/airflow/example_dags/example_time_delta_sensor_async.py
[2025-07-10T02:05:06.214+0000] {processor.py:830} INFO - Processing file /home/airflow/.local/lib/python3.8/site-packages/airflow/example_dags/example_time_delta_sensor_async.py for tasks to queue
[2025-07-10T02:05:06.217+0000] {logging_mixin.py:188} INFO - [2025-07-10T02:05:06.217+0000] {dagbag.py:538} INFO - Filling up the DagBag from /home/airflow/.local/lib/python3.8/site-packages/airflow/example_dags/example_time_delta_sensor_async.py
[2025-07-10T02:05:06.227+0000] {processor.py:840} INFO - DAG(s) 'example_time_delta_sensor_async' retrieved from /home/airflow/.local/lib/python3.8/site-packages/airflow/example_dags/example_time_delta_sensor_async.py
[2025-07-10T02:05:06.255+0000] {logging_mixin.py:188} INFO - [2025-07-10T02:05:06.255+0000] {dag.py:3036} INFO - Sync 1 DAGs
[2025-07-10T02:05:06.268+0000] {logging_mixin.py:188} INFO - [2025-07-10T02:05:06.268+0000] {dag.py:3823} INFO - Setting next_dagrun for example_time_delta_sensor_async to None, run_after=None
[2025-07-10T02:05:06.296+0000] {processor.py:183} INFO - Processing /home/airflow/.local/lib/python3.8/site-packages/airflow/example_dags/example_time_delta_sensor_async.py took 0.088 seconds
[2025-07-10T02:05:37.087+0000] {processor.py:161} INFO - Started process (PID=322) to work on /home/airflow/.local/lib/python3.8/site-packages/airflow/example_dags/example_time_delta_sensor_async.py
[2025-07-10T02:05:37.089+0000] {processor.py:830} INFO - Processing file /home/airflow/.local/lib/python3.8/site-packages/airflow/example_dags/example_time_delta_sensor_async.py for tasks to queue
[2025-07-10T02:05:37.091+0000] {logging_mixin.py:188} INFO - [2025-07-10T02:05:37.090+0000] {dagbag.py:538} INFO - Filling up the DagBag from /home/airflow/.local/lib/python3.8/site-packages/airflow/example_dags/example_time_delta_sensor_async.py
[2025-07-10T02:05:37.097+0000] {processor.py:840} INFO - DAG(s) 'example_time_delta_sensor_async' retrieved from /home/airflow/.local/lib/python3.8/site-packages/airflow/example_dags/example_time_delta_sensor_async.py
[2025-07-10T02:05:37.112+0000] {logging_mixin.py:188} INFO - [2025-07-10T02:05:37.112+0000] {dag.py:3036} INFO - Sync 1 DAGs
[2025-07-10T02:05:37.127+0000] {logging_mixin.py:188} INFO - [2025-07-10T02:05:37.126+0000] {dag.py:3823} INFO - Setting next_dagrun for example_time_delta_sensor_async to None, run_after=None
[2025-07-10T02:05:37.153+0000] {processor.py:183} INFO - Processing /home/airflow/.local/lib/python3.8/site-packages/airflow/example_dags/example_time_delta_sensor_async.py took 0.070 seconds
[2025-07-10T02:06:08.716+0000] {processor.py:161} INFO - Started process (PID=378) to work on /home/airflow/.local/lib/python3.8/site-packages/airflow/example_dags/example_time_delta_sensor_async.py
[2025-07-10T02:06:08.718+0000] {processor.py:830} INFO - Processing file /home/airflow/.local/lib/python3.8/site-packages/airflow/example_dags/example_time_delta_sensor_async.py for tasks to queue
[2025-07-10T02:06:08.721+0000] {logging_mixin.py:188} INFO - [2025-07-10T02:06:08.721+0000] {dagbag.py:538} INFO - Filling up the DagBag from /home/airflow/.local/lib/python3.8/site-packages/airflow/example_dags/example_time_delta_sensor_async.py
[2025-07-10T02:06:08.727+0000] {processor.py:840} INFO - DAG(s) 'example_time_delta_sensor_async' retrieved from /home/airflow/.local/lib/python3.8/site-packages/airflow/example_dags/example_time_delta_sensor_async.py
[2025-07-10T02:06:08.826+0000] {logging_mixin.py:188} INFO - [2025-07-10T02:06:08.826+0000] {dag.py:3036} INFO - Sync 1 DAGs
[2025-07-10T02:06:08.837+0000] {logging_mixin.py:188} INFO - [2025-07-10T02:06:08.837+0000] {dag.py:3823} INFO - Setting next_dagrun for example_time_delta_sensor_async to None, run_after=None
[2025-07-10T02:06:08.863+0000] {processor.py:183} INFO - Processing /home/airflow/.local/lib/python3.8/site-packages/airflow/example_dags/example_time_delta_sensor_async.py took 0.150 seconds
[2025-07-10T02:06:39.637+0000] {processor.py:161} INFO - Started process (PID=434) to work on /home/airflow/.local/lib/python3.8/site-packages/airflow/example_dags/example_time_delta_sensor_async.py
[2025-07-10T02:06:39.638+0000] {processor.py:830} INFO - Processing file /home/airflow/.local/lib/python3.8/site-packages/airflow/example_dags/example_time_delta_sensor_async.py for tasks to queue
[2025-07-10T02:06:39.641+0000] {logging_mixin.py:188} INFO - [2025-07-10T02:06:39.641+0000] {dagbag.py:538} INFO - Filling up the DagBag from /home/airflow/.local/lib/python3.8/site-packages/airflow/example_dags/example_time_delta_sensor_async.py
[2025-07-10T02:06:39.647+0000] {processor.py:840} INFO - DAG(s) 'example_time_delta_sensor_async' retrieved from /home/airflow/.local/lib/python3.8/site-packages/airflow/example_dags/example_time_delta_sensor_async.py
[2025-07-10T02:06:39.671+0000] {logging_mixin.py:188} INFO - [2025-07-10T02:06:39.671+0000] {dag.py:3036} INFO - Sync 1 DAGs
[2025-07-10T02:06:39.684+0000] {logging_mixin.py:188} INFO - [2025-07-10T02:06:39.684+0000] {dag.py:3823} INFO - Setting next_dagrun for example_time_delta_sensor_async to None, run_after=None
[2025-07-10T02:06:39.708+0000] {processor.py:183} INFO - Processing /home/airflow/.local/lib/python3.8/site-packages/airflow/example_dags/example_time_delta_sensor_async.py took 0.075 seconds
[2025-07-10T02:07:10.091+0000] {processor.py:161} INFO - Started process (PID=490) to work on /home/airflow/.local/lib/python3.8/site-packages/airflow/example_dags/example_time_delta_sensor_async.py
[2025-07-10T02:07:10.094+0000] {processor.py:830} INFO - Processing file /home/airflow/.local/lib/python3.8/site-packages/airflow/example_dags/example_time_delta_sensor_async.py for tasks to queue
[2025-07-10T02:07:10.099+0000] {logging_mixin.py:188} INFO - [2025-07-10T02:07:10.098+0000] {dagbag.py:538} INFO - Filling up the DagBag from /home/airflow/.local/lib/python3.8/site-packages/airflow/example_dags/example_time_delta_sensor_async.py
[2025-07-10T02:07:10.108+0000] {processor.py:840} INFO - DAG(s) 'example_time_delta_sensor_async' retrieved from /home/airflow/.local/lib/python3.8/site-packages/airflow/example_dags/example_time_delta_sensor_async.py
[2025-07-10T02:07:10.151+0000] {logging_mixin.py:188} INFO - [2025-07-10T02:07:10.150+0000] {dag.py:3036} INFO - Sync 1 DAGs
[2025-07-10T02:07:10.176+0000] {logging_mixin.py:188} INFO - [2025-07-10T02:07:10.175+0000] {dag.py:3823} INFO - Setting next_dagrun for example_time_delta_sensor_async to None, run_after=None
[2025-07-10T02:07:10.226+0000] {processor.py:183} INFO - Processing /home/airflow/.local/lib/python3.8/site-packages/airflow/example_dags/example_time_delta_sensor_async.py took 0.144 seconds
[2025-07-10T02:07:41.076+0000] {processor.py:161} INFO - Started process (PID=546) to work on /home/airflow/.local/lib/python3.8/site-packages/airflow/example_dags/example_time_delta_sensor_async.py
[2025-07-10T02:07:41.078+0000] {processor.py:830} INFO - Processing file /home/airflow/.local/lib/python3.8/site-packages/airflow/example_dags/example_time_delta_sensor_async.py for tasks to queue
[2025-07-10T02:07:41.083+0000] {logging_mixin.py:188} INFO - [2025-07-10T02:07:41.082+0000] {dagbag.py:538} INFO - Filling up the DagBag from /home/airflow/.local/lib/python3.8/site-packages/airflow/example_dags/example_time_delta_sensor_async.py
[2025-07-10T02:07:41.090+0000] {processor.py:840} INFO - DAG(s) 'example_time_delta_sensor_async' retrieved from /home/airflow/.local/lib/python3.8/site-packages/airflow/example_dags/example_time_delta_sensor_async.py
[2025-07-10T02:07:41.112+0000] {logging_mixin.py:188} INFO - [2025-07-10T02:07:41.112+0000] {dag.py:3036} INFO - Sync 1 DAGs
[2025-07-10T02:07:41.122+0000] {logging_mixin.py:188} INFO - [2025-07-10T02:07:41.121+0000] {dag.py:3823} INFO - Setting next_dagrun for example_time_delta_sensor_async to None, run_after=None
[2025-07-10T02:07:41.142+0000] {processor.py:183} INFO - Processing /home/airflow/.local/lib/python3.8/site-packages/airflow/example_dags/example_time_delta_sensor_async.py took 0.072 seconds
[2025-07-10T02:08:11.370+0000] {processor.py:161} INFO - Started process (PID=601) to work on /home/airflow/.local/lib/python3.8/site-packages/airflow/example_dags/example_time_delta_sensor_async.py
[2025-07-10T02:08:11.373+0000] {processor.py:830} INFO - Processing file /home/airflow/.local/lib/python3.8/site-packages/airflow/example_dags/example_time_delta_sensor_async.py for tasks to queue
[2025-07-10T02:08:11.377+0000] {logging_mixin.py:188} INFO - [2025-07-10T02:08:11.376+0000] {dagbag.py:538} INFO - Filling up the DagBag from /home/airflow/.local/lib/python3.8/site-packages/airflow/example_dags/example_time_delta_sensor_async.py
[2025-07-10T02:08:11.384+0000] {processor.py:840} INFO - DAG(s) 'example_time_delta_sensor_async' retrieved from /home/airflow/.local/lib/python3.8/site-packages/airflow/example_dags/example_time_delta_sensor_async.py
[2025-07-10T02:08:11.412+0000] {logging_mixin.py:188} INFO - [2025-07-10T02:08:11.411+0000] {dag.py:3036} INFO - Sync 1 DAGs
[2025-07-10T02:08:11.425+0000] {logging_mixin.py:188} INFO - [2025-07-10T02:08:11.425+0000] {dag.py:3823} INFO - Setting next_dagrun for example_time_delta_sensor_async to None, run_after=None
[2025-07-10T02:08:11.450+0000] {processor.py:183} INFO - Processing /home/airflow/.local/lib/python3.8/site-packages/airflow/example_dags/example_time_delta_sensor_async.py took 0.090 seconds
[2025-07-10T02:08:41.967+0000] {processor.py:161} INFO - Started process (PID=657) to work on /home/airflow/.local/lib/python3.8/site-packages/airflow/example_dags/example_time_delta_sensor_async.py
[2025-07-10T02:08:41.968+0000] {processor.py:830} INFO - Processing file /home/airflow/.local/lib/python3.8/site-packages/airflow/example_dags/example_time_delta_sensor_async.py for tasks to queue
[2025-07-10T02:08:41.971+0000] {logging_mixin.py:188} INFO - [2025-07-10T02:08:41.970+0000] {dagbag.py:538} INFO - Filling up the DagBag from /home/airflow/.local/lib/python3.8/site-packages/airflow/example_dags/example_time_delta_sensor_async.py
[2025-07-10T02:08:41.975+0000] {processor.py:840} INFO - DAG(s) 'example_time_delta_sensor_async' retrieved from /home/airflow/.local/lib/python3.8/site-packages/airflow/example_dags/example_time_delta_sensor_async.py
[2025-07-10T02:08:41.995+0000] {logging_mixin.py:188} INFO - [2025-07-10T02:08:41.995+0000] {dag.py:3036} INFO - Sync 1 DAGs
[2025-07-10T02:08:42.007+0000] {logging_mixin.py:188} INFO - [2025-07-10T02:08:42.007+0000] {dag.py:3823} INFO - Setting next_dagrun for example_time_delta_sensor_async to None, run_after=None
[2025-07-10T02:08:42.034+0000] {processor.py:183} INFO - Processing /home/airflow/.local/lib/python3.8/site-packages/airflow/example_dags/example_time_delta_sensor_async.py took 0.070 seconds
[2025-07-10T02:09:47.591+0000] {processor.py:161} INFO - Started process (PID=92) to work on /home/airflow/.local/lib/python3.8/site-packages/airflow/example_dags/example_time_delta_sensor_async.py
[2025-07-10T02:09:47.594+0000] {processor.py:830} INFO - Processing file /home/airflow/.local/lib/python3.8/site-packages/airflow/example_dags/example_time_delta_sensor_async.py for tasks to queue
[2025-07-10T02:09:47.600+0000] {logging_mixin.py:188} INFO - [2025-07-10T02:09:47.599+0000] {dagbag.py:538} INFO - Filling up the DagBag from /home/airflow/.local/lib/python3.8/site-packages/airflow/example_dags/example_time_delta_sensor_async.py
[2025-07-10T02:09:47.626+0000] {processor.py:840} INFO - DAG(s) 'example_time_delta_sensor_async' retrieved from /home/airflow/.local/lib/python3.8/site-packages/airflow/example_dags/example_time_delta_sensor_async.py
[2025-07-10T02:09:47.660+0000] {logging_mixin.py:188} INFO - [2025-07-10T02:09:47.659+0000] {dag.py:3036} INFO - Sync 1 DAGs
[2025-07-10T02:09:47.685+0000] {logging_mixin.py:188} INFO - [2025-07-10T02:09:47.684+0000] {dag.py:3823} INFO - Setting next_dagrun for example_time_delta_sensor_async to None, run_after=None
[2025-07-10T02:09:47.721+0000] {processor.py:183} INFO - Processing /home/airflow/.local/lib/python3.8/site-packages/airflow/example_dags/example_time_delta_sensor_async.py took 0.140 seconds
[2025-07-10T02:10:19.400+0000] {processor.py:161} INFO - Started process (PID=148) to work on /home/airflow/.local/lib/python3.8/site-packages/airflow/example_dags/example_time_delta_sensor_async.py
[2025-07-10T02:10:19.402+0000] {processor.py:830} INFO - Processing file /home/airflow/.local/lib/python3.8/site-packages/airflow/example_dags/example_time_delta_sensor_async.py for tasks to queue
[2025-07-10T02:10:19.404+0000] {logging_mixin.py:188} INFO - [2025-07-10T02:10:19.403+0000] {dagbag.py:538} INFO - Filling up the DagBag from /home/airflow/.local/lib/python3.8/site-packages/airflow/example_dags/example_time_delta_sensor_async.py
[2025-07-10T02:10:19.408+0000] {processor.py:840} INFO - DAG(s) 'example_time_delta_sensor_async' retrieved from /home/airflow/.local/lib/python3.8/site-packages/airflow/example_dags/example_time_delta_sensor_async.py
[2025-07-10T02:10:19.491+0000] {logging_mixin.py:188} INFO - [2025-07-10T02:10:19.491+0000] {dag.py:3036} INFO - Sync 1 DAGs
[2025-07-10T02:10:19.500+0000] {logging_mixin.py:188} INFO - [2025-07-10T02:10:19.500+0000] {dag.py:3823} INFO - Setting next_dagrun for example_time_delta_sensor_async to None, run_after=None
[2025-07-10T02:10:19.524+0000] {processor.py:183} INFO - Processing /home/airflow/.local/lib/python3.8/site-packages/airflow/example_dags/example_time_delta_sensor_async.py took 0.128 seconds
[2025-07-10T02:10:51.035+0000] {processor.py:161} INFO - Started process (PID=204) to work on /home/airflow/.local/lib/python3.8/site-packages/airflow/example_dags/example_time_delta_sensor_async.py
[2025-07-10T02:10:51.038+0000] {processor.py:830} INFO - Processing file /home/airflow/.local/lib/python3.8/site-packages/airflow/example_dags/example_time_delta_sensor_async.py for tasks to queue
[2025-07-10T02:10:51.042+0000] {logging_mixin.py:188} INFO - [2025-07-10T02:10:51.041+0000] {dagbag.py:538} INFO - Filling up the DagBag from /home/airflow/.local/lib/python3.8/site-packages/airflow/example_dags/example_time_delta_sensor_async.py
[2025-07-10T02:10:51.051+0000] {processor.py:840} INFO - DAG(s) 'example_time_delta_sensor_async' retrieved from /home/airflow/.local/lib/python3.8/site-packages/airflow/example_dags/example_time_delta_sensor_async.py
[2025-07-10T02:10:51.097+0000] {logging_mixin.py:188} INFO - [2025-07-10T02:10:51.097+0000] {dag.py:3036} INFO - Sync 1 DAGs
[2025-07-10T02:10:51.122+0000] {logging_mixin.py:188} INFO - [2025-07-10T02:10:51.121+0000] {dag.py:3823} INFO - Setting next_dagrun for example_time_delta_sensor_async to None, run_after=None
[2025-07-10T02:10:51.168+0000] {processor.py:183} INFO - Processing /home/airflow/.local/lib/python3.8/site-packages/airflow/example_dags/example_time_delta_sensor_async.py took 0.139 seconds
[2025-07-10T02:11:21.357+0000] {processor.py:161} INFO - Started process (PID=260) to work on /home/airflow/.local/lib/python3.8/site-packages/airflow/example_dags/example_time_delta_sensor_async.py
[2025-07-10T02:11:21.358+0000] {processor.py:830} INFO - Processing file /home/airflow/.local/lib/python3.8/site-packages/airflow/example_dags/example_time_delta_sensor_async.py for tasks to queue
[2025-07-10T02:11:21.361+0000] {logging_mixin.py:188} INFO - [2025-07-10T02:11:21.361+0000] {dagbag.py:538} INFO - Filling up the DagBag from /home/airflow/.local/lib/python3.8/site-packages/airflow/example_dags/example_time_delta_sensor_async.py
[2025-07-10T02:11:21.366+0000] {processor.py:840} INFO - DAG(s) 'example_time_delta_sensor_async' retrieved from /home/airflow/.local/lib/python3.8/site-packages/airflow/example_dags/example_time_delta_sensor_async.py
[2025-07-10T02:11:21.393+0000] {logging_mixin.py:188} INFO - [2025-07-10T02:11:21.393+0000] {dag.py:3036} INFO - Sync 1 DAGs
[2025-07-10T02:11:21.408+0000] {logging_mixin.py:188} INFO - [2025-07-10T02:11:21.408+0000] {dag.py:3823} INFO - Setting next_dagrun for example_time_delta_sensor_async to None, run_after=None
[2025-07-10T02:11:21.433+0000] {processor.py:183} INFO - Processing /home/airflow/.local/lib/python3.8/site-packages/airflow/example_dags/example_time_delta_sensor_async.py took 0.080 seconds
[2025-07-10T02:11:52.221+0000] {processor.py:161} INFO - Started process (PID=316) to work on /home/airflow/.local/lib/python3.8/site-packages/airflow/example_dags/example_time_delta_sensor_async.py
[2025-07-10T02:11:52.222+0000] {processor.py:830} INFO - Processing file /home/airflow/.local/lib/python3.8/site-packages/airflow/example_dags/example_time_delta_sensor_async.py for tasks to queue
[2025-07-10T02:11:52.224+0000] {logging_mixin.py:188} INFO - [2025-07-10T02:11:52.224+0000] {dagbag.py:538} INFO - Filling up the DagBag from /home/airflow/.local/lib/python3.8/site-packages/airflow/example_dags/example_time_delta_sensor_async.py
[2025-07-10T02:11:52.229+0000] {processor.py:840} INFO - DAG(s) 'example_time_delta_sensor_async' retrieved from /home/airflow/.local/lib/python3.8/site-packages/airflow/example_dags/example_time_delta_sensor_async.py
[2025-07-10T02:11:52.257+0000] {logging_mixin.py:188} INFO - [2025-07-10T02:11:52.256+0000] {dag.py:3036} INFO - Sync 1 DAGs
[2025-07-10T02:11:52.271+0000] {logging_mixin.py:188} INFO - [2025-07-10T02:11:52.271+0000] {dag.py:3823} INFO - Setting next_dagrun for example_time_delta_sensor_async to None, run_after=None
[2025-07-10T02:11:52.298+0000] {processor.py:183} INFO - Processing /home/airflow/.local/lib/python3.8/site-packages/airflow/example_dags/example_time_delta_sensor_async.py took 0.080 seconds
[2025-07-10T02:14:07.720+0000] {processor.py:161} INFO - Started process (PID=97) to work on /home/airflow/.local/lib/python3.8/site-packages/airflow/example_dags/example_time_delta_sensor_async.py
[2025-07-10T02:14:07.722+0000] {processor.py:830} INFO - Processing file /home/airflow/.local/lib/python3.8/site-packages/airflow/example_dags/example_time_delta_sensor_async.py for tasks to queue
[2025-07-10T02:14:07.725+0000] {logging_mixin.py:188} INFO - [2025-07-10T02:14:07.725+0000] {dagbag.py:538} INFO - Filling up the DagBag from /home/airflow/.local/lib/python3.8/site-packages/airflow/example_dags/example_time_delta_sensor_async.py
[2025-07-10T02:14:07.736+0000] {processor.py:840} INFO - DAG(s) 'example_time_delta_sensor_async' retrieved from /home/airflow/.local/lib/python3.8/site-packages/airflow/example_dags/example_time_delta_sensor_async.py
[2025-07-10T02:14:07.904+0000] {logging_mixin.py:188} INFO - [2025-07-10T02:14:07.903+0000] {override.py:1769} INFO - Created Permission View: can delete on DAG:example_time_delta_sensor_async
[2025-07-10T02:14:07.920+0000] {logging_mixin.py:188} INFO - [2025-07-10T02:14:07.919+0000] {override.py:1769} INFO - Created Permission View: can read on DAG:example_time_delta_sensor_async
[2025-07-10T02:14:07.932+0000] {logging_mixin.py:188} INFO - [2025-07-10T02:14:07.932+0000] {override.py:1769} INFO - Created Permission View: can edit on DAG:example_time_delta_sensor_async
[2025-07-10T02:14:07.934+0000] {logging_mixin.py:188} INFO - [2025-07-10T02:14:07.933+0000] {dag.py:3036} INFO - Sync 1 DAGs
[2025-07-10T02:14:07.947+0000] {logging_mixin.py:188} INFO - [2025-07-10T02:14:07.947+0000] {dag.py:3058} INFO - Creating ORM DAG for example_time_delta_sensor_async
[2025-07-10T02:14:07.948+0000] {logging_mixin.py:188} INFO - [2025-07-10T02:14:07.948+0000] {dag.py:3823} INFO - Setting next_dagrun for example_time_delta_sensor_async to None, run_after=None
[2025-07-10T02:14:07.973+0000] {processor.py:183} INFO - Processing /home/airflow/.local/lib/python3.8/site-packages/airflow/example_dags/example_time_delta_sensor_async.py took 0.258 seconds
[2025-07-10T02:14:38.603+0000] {processor.py:161} INFO - Started process (PID=153) to work on /home/airflow/.local/lib/python3.8/site-packages/airflow/example_dags/example_time_delta_sensor_async.py
[2025-07-10T02:14:38.605+0000] {processor.py:830} INFO - Processing file /home/airflow/.local/lib/python3.8/site-packages/airflow/example_dags/example_time_delta_sensor_async.py for tasks to queue
[2025-07-10T02:14:38.608+0000] {logging_mixin.py:188} INFO - [2025-07-10T02:14:38.608+0000] {dagbag.py:538} INFO - Filling up the DagBag from /home/airflow/.local/lib/python3.8/site-packages/airflow/example_dags/example_time_delta_sensor_async.py
[2025-07-10T02:14:38.615+0000] {processor.py:840} INFO - DAG(s) 'example_time_delta_sensor_async' retrieved from /home/airflow/.local/lib/python3.8/site-packages/airflow/example_dags/example_time_delta_sensor_async.py
[2025-07-10T02:14:38.647+0000] {logging_mixin.py:188} INFO - [2025-07-10T02:14:38.647+0000] {dag.py:3036} INFO - Sync 1 DAGs
[2025-07-10T02:14:38.664+0000] {logging_mixin.py:188} INFO - [2025-07-10T02:14:38.663+0000] {dag.py:3823} INFO - Setting next_dagrun for example_time_delta_sensor_async to None, run_after=None
[2025-07-10T02:14:38.711+0000] {processor.py:183} INFO - Processing /home/airflow/.local/lib/python3.8/site-packages/airflow/example_dags/example_time_delta_sensor_async.py took 0.113 seconds
[2025-07-10T02:15:08.953+0000] {processor.py:161} INFO - Started process (PID=209) to work on /home/airflow/.local/lib/python3.8/site-packages/airflow/example_dags/example_time_delta_sensor_async.py
[2025-07-10T02:15:08.954+0000] {processor.py:830} INFO - Processing file /home/airflow/.local/lib/python3.8/site-packages/airflow/example_dags/example_time_delta_sensor_async.py for tasks to queue
[2025-07-10T02:15:08.957+0000] {logging_mixin.py:188} INFO - [2025-07-10T02:15:08.957+0000] {dagbag.py:538} INFO - Filling up the DagBag from /home/airflow/.local/lib/python3.8/site-packages/airflow/example_dags/example_time_delta_sensor_async.py
[2025-07-10T02:15:08.964+0000] {processor.py:840} INFO - DAG(s) 'example_time_delta_sensor_async' retrieved from /home/airflow/.local/lib/python3.8/site-packages/airflow/example_dags/example_time_delta_sensor_async.py
[2025-07-10T02:15:08.988+0000] {logging_mixin.py:188} INFO - [2025-07-10T02:15:08.988+0000] {dag.py:3036} INFO - Sync 1 DAGs
[2025-07-10T02:15:09.000+0000] {logging_mixin.py:188} INFO - [2025-07-10T02:15:09.000+0000] {dag.py:3823} INFO - Setting next_dagrun for example_time_delta_sensor_async to None, run_after=None
[2025-07-10T02:15:09.030+0000] {processor.py:183} INFO - Processing /home/airflow/.local/lib/python3.8/site-packages/airflow/example_dags/example_time_delta_sensor_async.py took 0.081 seconds
[2025-07-10T02:16:40.016+0000] {processor.py:161} INFO - Started process (PID=97) to work on /home/airflow/.local/lib/python3.8/site-packages/airflow/example_dags/example_time_delta_sensor_async.py
[2025-07-10T02:16:40.018+0000] {processor.py:830} INFO - Processing file /home/airflow/.local/lib/python3.8/site-packages/airflow/example_dags/example_time_delta_sensor_async.py for tasks to queue
[2025-07-10T02:16:40.022+0000] {logging_mixin.py:188} INFO - [2025-07-10T02:16:40.022+0000] {dagbag.py:538} INFO - Filling up the DagBag from /home/airflow/.local/lib/python3.8/site-packages/airflow/example_dags/example_time_delta_sensor_async.py
[2025-07-10T02:16:40.036+0000] {processor.py:840} INFO - DAG(s) 'example_time_delta_sensor_async' retrieved from /home/airflow/.local/lib/python3.8/site-packages/airflow/example_dags/example_time_delta_sensor_async.py
[2025-07-10T02:16:40.060+0000] {logging_mixin.py:188} INFO - [2025-07-10T02:16:40.060+0000] {dag.py:3036} INFO - Sync 1 DAGs
[2025-07-10T02:16:40.081+0000] {logging_mixin.py:188} INFO - [2025-07-10T02:16:40.081+0000] {dag.py:3823} INFO - Setting next_dagrun for example_time_delta_sensor_async to None, run_after=None
[2025-07-10T02:16:40.123+0000] {processor.py:183} INFO - Processing /home/airflow/.local/lib/python3.8/site-packages/airflow/example_dags/example_time_delta_sensor_async.py took 0.113 seconds
[2025-07-10T02:17:12.322+0000] {processor.py:161} INFO - Started process (PID=153) to work on /home/airflow/.local/lib/python3.8/site-packages/airflow/example_dags/example_time_delta_sensor_async.py
[2025-07-10T02:17:12.325+0000] {processor.py:830} INFO - Processing file /home/airflow/.local/lib/python3.8/site-packages/airflow/example_dags/example_time_delta_sensor_async.py for tasks to queue
[2025-07-10T02:17:12.329+0000] {logging_mixin.py:188} INFO - [2025-07-10T02:17:12.329+0000] {dagbag.py:538} INFO - Filling up the DagBag from /home/airflow/.local/lib/python3.8/site-packages/airflow/example_dags/example_time_delta_sensor_async.py
[2025-07-10T02:17:12.338+0000] {processor.py:840} INFO - DAG(s) 'example_time_delta_sensor_async' retrieved from /home/airflow/.local/lib/python3.8/site-packages/airflow/example_dags/example_time_delta_sensor_async.py
[2025-07-10T02:17:12.462+0000] {logging_mixin.py:188} INFO - [2025-07-10T02:17:12.462+0000] {dag.py:3036} INFO - Sync 1 DAGs
[2025-07-10T02:17:12.474+0000] {logging_mixin.py:188} INFO - [2025-07-10T02:17:12.474+0000] {dag.py:3823} INFO - Setting next_dagrun for example_time_delta_sensor_async to None, run_after=None
[2025-07-10T02:17:12.505+0000] {processor.py:183} INFO - Processing /home/airflow/.local/lib/python3.8/site-packages/airflow/example_dags/example_time_delta_sensor_async.py took 0.187 seconds
