[2025-07-10T00:00:06.738+0000] {processor.py:161} INFO - Started process (PID=715) to work on /home/airflow/.local/lib/python3.8/site-packages/airflow/example_dags/example_sensors.py
[2025-07-10T00:00:06.740+0000] {processor.py:830} INFO - Processing file /home/airflow/.local/lib/python3.8/site-packages/airflow/example_dags/example_sensors.py for tasks to queue
[2025-07-10T00:00:06.742+0000] {logging_mixin.py:188} INFO - [2025-07-10T00:00:06.741+0000] {dagbag.py:538} INFO - Filling up the DagBag from /home/airflow/.local/lib/python3.8/site-packages/airflow/example_dags/example_sensors.py
[2025-07-10T00:00:06.756+0000] {processor.py:840} INFO - DAG(s) 'example_sensors' retrieved from /home/airflow/.local/lib/python3.8/site-packages/airflow/example_dags/example_sensors.py
[2025-07-10T00:00:06.792+0000] {logging_mixin.py:188} INFO - [2025-07-10T00:00:06.792+0000] {dag.py:3036} INFO - Sync 1 DAGs
[2025-07-10T00:00:06.810+0000] {logging_mixin.py:188} INFO - [2025-07-10T00:00:06.810+0000] {dag.py:3823} INFO - Setting next_dagrun for example_sensors to None, run_after=None
[2025-07-10T00:00:06.849+0000] {processor.py:183} INFO - Processing /home/airflow/.local/lib/python3.8/site-packages/airflow/example_dags/example_sensors.py took 0.116 seconds
[2025-07-10T00:01:37.402+0000] {processor.py:161} INFO - Started process (PID=89) to work on /home/airflow/.local/lib/python3.8/site-packages/airflow/example_dags/example_sensors.py
[2025-07-10T00:01:37.404+0000] {processor.py:830} INFO - Processing file /home/airflow/.local/lib/python3.8/site-packages/airflow/example_dags/example_sensors.py for tasks to queue
[2025-07-10T00:01:37.407+0000] {logging_mixin.py:188} INFO - [2025-07-10T00:01:37.407+0000] {dagbag.py:538} INFO - Filling up the DagBag from /home/airflow/.local/lib/python3.8/site-packages/airflow/example_dags/example_sensors.py
[2025-07-10T00:01:37.425+0000] {processor.py:840} INFO - DAG(s) 'example_sensors' retrieved from /home/airflow/.local/lib/python3.8/site-packages/airflow/example_dags/example_sensors.py
[2025-07-10T00:01:37.578+0000] {logging_mixin.py:188} INFO - [2025-07-10T00:01:37.577+0000] {dag.py:3036} INFO - Sync 1 DAGs
[2025-07-10T00:01:37.590+0000] {logging_mixin.py:188} INFO - [2025-07-10T00:01:37.590+0000] {dag.py:3823} INFO - Setting next_dagrun for example_sensors to None, run_after=None
[2025-07-10T00:01:37.621+0000] {processor.py:183} INFO - Processing /home/airflow/.local/lib/python3.8/site-packages/airflow/example_dags/example_sensors.py took 0.223 seconds
[2025-07-10T00:02:07.953+0000] {processor.py:161} INFO - Started process (PID=145) to work on /home/airflow/.local/lib/python3.8/site-packages/airflow/example_dags/example_sensors.py
[2025-07-10T00:02:07.955+0000] {processor.py:830} INFO - Processing file /home/airflow/.local/lib/python3.8/site-packages/airflow/example_dags/example_sensors.py for tasks to queue
[2025-07-10T00:02:07.960+0000] {logging_mixin.py:188} INFO - [2025-07-10T00:02:07.959+0000] {dagbag.py:538} INFO - Filling up the DagBag from /home/airflow/.local/lib/python3.8/site-packages/airflow/example_dags/example_sensors.py
[2025-07-10T00:02:07.978+0000] {processor.py:840} INFO - DAG(s) 'example_sensors' retrieved from /home/airflow/.local/lib/python3.8/site-packages/airflow/example_dags/example_sensors.py
[2025-07-10T00:02:07.997+0000] {logging_mixin.py:188} INFO - [2025-07-10T00:02:07.996+0000] {dag.py:3036} INFO - Sync 1 DAGs
[2025-07-10T00:02:08.012+0000] {logging_mixin.py:188} INFO - [2025-07-10T00:02:08.012+0000] {dag.py:3823} INFO - Setting next_dagrun for example_sensors to None, run_after=None
[2025-07-10T00:02:08.056+0000] {processor.py:183} INFO - Processing /home/airflow/.local/lib/python3.8/site-packages/airflow/example_dags/example_sensors.py took 0.111 seconds
[2025-07-10T00:02:39.235+0000] {processor.py:161} INFO - Started process (PID=201) to work on /home/airflow/.local/lib/python3.8/site-packages/airflow/example_dags/example_sensors.py
[2025-07-10T00:02:39.237+0000] {processor.py:830} INFO - Processing file /home/airflow/.local/lib/python3.8/site-packages/airflow/example_dags/example_sensors.py for tasks to queue
[2025-07-10T00:02:39.240+0000] {logging_mixin.py:188} INFO - [2025-07-10T00:02:39.240+0000] {dagbag.py:538} INFO - Filling up the DagBag from /home/airflow/.local/lib/python3.8/site-packages/airflow/example_dags/example_sensors.py
[2025-07-10T00:02:39.254+0000] {processor.py:840} INFO - DAG(s) 'example_sensors' retrieved from /home/airflow/.local/lib/python3.8/site-packages/airflow/example_dags/example_sensors.py
[2025-07-10T00:02:39.395+0000] {logging_mixin.py:188} INFO - [2025-07-10T00:02:39.395+0000] {dag.py:3036} INFO - Sync 1 DAGs
[2025-07-10T00:02:39.408+0000] {logging_mixin.py:188} INFO - [2025-07-10T00:02:39.408+0000] {dag.py:3823} INFO - Setting next_dagrun for example_sensors to None, run_after=None
[2025-07-10T00:02:39.443+0000] {processor.py:183} INFO - Processing /home/airflow/.local/lib/python3.8/site-packages/airflow/example_dags/example_sensors.py took 0.213 seconds
[2025-07-10T00:03:10.196+0000] {processor.py:161} INFO - Started process (PID=257) to work on /home/airflow/.local/lib/python3.8/site-packages/airflow/example_dags/example_sensors.py
[2025-07-10T00:03:10.198+0000] {processor.py:830} INFO - Processing file /home/airflow/.local/lib/python3.8/site-packages/airflow/example_dags/example_sensors.py for tasks to queue
[2025-07-10T00:03:10.200+0000] {logging_mixin.py:188} INFO - [2025-07-10T00:03:10.200+0000] {dagbag.py:538} INFO - Filling up the DagBag from /home/airflow/.local/lib/python3.8/site-packages/airflow/example_dags/example_sensors.py
[2025-07-10T00:03:10.212+0000] {processor.py:840} INFO - DAG(s) 'example_sensors' retrieved from /home/airflow/.local/lib/python3.8/site-packages/airflow/example_dags/example_sensors.py
[2025-07-10T00:03:10.248+0000] {logging_mixin.py:188} INFO - [2025-07-10T00:03:10.248+0000] {dag.py:3036} INFO - Sync 1 DAGs
[2025-07-10T00:03:10.265+0000] {logging_mixin.py:188} INFO - [2025-07-10T00:03:10.265+0000] {dag.py:3823} INFO - Setting next_dagrun for example_sensors to None, run_after=None
[2025-07-10T00:03:10.301+0000] {processor.py:183} INFO - Processing /home/airflow/.local/lib/python3.8/site-packages/airflow/example_dags/example_sensors.py took 0.110 seconds
[2025-07-10T00:03:41.184+0000] {processor.py:161} INFO - Started process (PID=313) to work on /home/airflow/.local/lib/python3.8/site-packages/airflow/example_dags/example_sensors.py
[2025-07-10T00:03:41.187+0000] {processor.py:830} INFO - Processing file /home/airflow/.local/lib/python3.8/site-packages/airflow/example_dags/example_sensors.py for tasks to queue
[2025-07-10T00:03:41.193+0000] {logging_mixin.py:188} INFO - [2025-07-10T00:03:41.192+0000] {dagbag.py:538} INFO - Filling up the DagBag from /home/airflow/.local/lib/python3.8/site-packages/airflow/example_dags/example_sensors.py
[2025-07-10T00:03:41.211+0000] {processor.py:840} INFO - DAG(s) 'example_sensors' retrieved from /home/airflow/.local/lib/python3.8/site-packages/airflow/example_dags/example_sensors.py
[2025-07-10T00:03:41.249+0000] {logging_mixin.py:188} INFO - [2025-07-10T00:03:41.248+0000] {dag.py:3036} INFO - Sync 1 DAGs
[2025-07-10T00:03:41.268+0000] {logging_mixin.py:188} INFO - [2025-07-10T00:03:41.267+0000] {dag.py:3823} INFO - Setting next_dagrun for example_sensors to None, run_after=None
[2025-07-10T00:03:41.309+0000] {processor.py:183} INFO - Processing /home/airflow/.local/lib/python3.8/site-packages/airflow/example_dags/example_sensors.py took 0.131 seconds
[2025-07-10T00:04:11.534+0000] {processor.py:161} INFO - Started process (PID=369) to work on /home/airflow/.local/lib/python3.8/site-packages/airflow/example_dags/example_sensors.py
[2025-07-10T00:04:11.536+0000] {processor.py:830} INFO - Processing file /home/airflow/.local/lib/python3.8/site-packages/airflow/example_dags/example_sensors.py for tasks to queue
[2025-07-10T00:04:11.544+0000] {logging_mixin.py:188} INFO - [2025-07-10T00:04:11.543+0000] {dagbag.py:538} INFO - Filling up the DagBag from /home/airflow/.local/lib/python3.8/site-packages/airflow/example_dags/example_sensors.py
[2025-07-10T00:04:11.572+0000] {processor.py:840} INFO - DAG(s) 'example_sensors' retrieved from /home/airflow/.local/lib/python3.8/site-packages/airflow/example_dags/example_sensors.py
[2025-07-10T00:04:11.619+0000] {logging_mixin.py:188} INFO - [2025-07-10T00:04:11.619+0000] {dag.py:3036} INFO - Sync 1 DAGs
[2025-07-10T00:04:11.637+0000] {logging_mixin.py:188} INFO - [2025-07-10T00:04:11.636+0000] {dag.py:3823} INFO - Setting next_dagrun for example_sensors to None, run_after=None
[2025-07-10T00:04:11.676+0000] {processor.py:183} INFO - Processing /home/airflow/.local/lib/python3.8/site-packages/airflow/example_dags/example_sensors.py took 0.147 seconds
[2025-07-10T02:03:31.828+0000] {processor.py:161} INFO - Started process (PID=83) to work on /home/airflow/.local/lib/python3.8/site-packages/airflow/example_dags/example_sensors.py
[2025-07-10T02:03:31.830+0000] {processor.py:830} INFO - Processing file /home/airflow/.local/lib/python3.8/site-packages/airflow/example_dags/example_sensors.py for tasks to queue
[2025-07-10T02:03:31.834+0000] {logging_mixin.py:188} INFO - [2025-07-10T02:03:31.833+0000] {dagbag.py:538} INFO - Filling up the DagBag from /home/airflow/.local/lib/python3.8/site-packages/airflow/example_dags/example_sensors.py
[2025-07-10T02:03:31.847+0000] {processor.py:840} INFO - DAG(s) 'example_sensors' retrieved from /home/airflow/.local/lib/python3.8/site-packages/airflow/example_dags/example_sensors.py
[2025-07-10T02:03:31.886+0000] {logging_mixin.py:188} INFO - [2025-07-10T02:03:31.886+0000] {dag.py:3036} INFO - Sync 1 DAGs
[2025-07-10T02:03:31.899+0000] {logging_mixin.py:188} INFO - [2025-07-10T02:03:31.899+0000] {dag.py:3823} INFO - Setting next_dagrun for example_sensors to None, run_after=None
[2025-07-10T02:03:31.929+0000] {processor.py:183} INFO - Processing /home/airflow/.local/lib/python3.8/site-packages/airflow/example_dags/example_sensors.py took 0.105 seconds
[2025-07-10T02:04:02.912+0000] {processor.py:161} INFO - Started process (PID=139) to work on /home/airflow/.local/lib/python3.8/site-packages/airflow/example_dags/example_sensors.py
[2025-07-10T02:04:02.914+0000] {processor.py:830} INFO - Processing file /home/airflow/.local/lib/python3.8/site-packages/airflow/example_dags/example_sensors.py for tasks to queue
[2025-07-10T02:04:02.916+0000] {logging_mixin.py:188} INFO - [2025-07-10T02:04:02.916+0000] {dagbag.py:538} INFO - Filling up the DagBag from /home/airflow/.local/lib/python3.8/site-packages/airflow/example_dags/example_sensors.py
[2025-07-10T02:04:02.925+0000] {processor.py:840} INFO - DAG(s) 'example_sensors' retrieved from /home/airflow/.local/lib/python3.8/site-packages/airflow/example_dags/example_sensors.py
[2025-07-10T02:04:02.953+0000] {logging_mixin.py:188} INFO - [2025-07-10T02:04:02.953+0000] {dag.py:3036} INFO - Sync 1 DAGs
[2025-07-10T02:04:02.965+0000] {logging_mixin.py:188} INFO - [2025-07-10T02:04:02.965+0000] {dag.py:3823} INFO - Setting next_dagrun for example_sensors to None, run_after=None
[2025-07-10T02:04:02.992+0000] {processor.py:183} INFO - Processing /home/airflow/.local/lib/python3.8/site-packages/airflow/example_dags/example_sensors.py took 0.083 seconds
[2025-07-10T02:04:33.687+0000] {processor.py:161} INFO - Started process (PID=195) to work on /home/airflow/.local/lib/python3.8/site-packages/airflow/example_dags/example_sensors.py
[2025-07-10T02:04:33.689+0000] {processor.py:830} INFO - Processing file /home/airflow/.local/lib/python3.8/site-packages/airflow/example_dags/example_sensors.py for tasks to queue
[2025-07-10T02:04:33.693+0000] {logging_mixin.py:188} INFO - [2025-07-10T02:04:33.692+0000] {dagbag.py:538} INFO - Filling up the DagBag from /home/airflow/.local/lib/python3.8/site-packages/airflow/example_dags/example_sensors.py
[2025-07-10T02:04:33.705+0000] {processor.py:840} INFO - DAG(s) 'example_sensors' retrieved from /home/airflow/.local/lib/python3.8/site-packages/airflow/example_dags/example_sensors.py
[2025-07-10T02:04:33.734+0000] {logging_mixin.py:188} INFO - [2025-07-10T02:04:33.734+0000] {dag.py:3036} INFO - Sync 1 DAGs
[2025-07-10T02:04:33.746+0000] {logging_mixin.py:188} INFO - [2025-07-10T02:04:33.746+0000] {dag.py:3823} INFO - Setting next_dagrun for example_sensors to None, run_after=None
[2025-07-10T02:04:33.772+0000] {processor.py:183} INFO - Processing /home/airflow/.local/lib/python3.8/site-packages/airflow/example_dags/example_sensors.py took 0.091 seconds
[2025-07-10T02:05:04.561+0000] {processor.py:161} INFO - Started process (PID=250) to work on /home/airflow/.local/lib/python3.8/site-packages/airflow/example_dags/example_sensors.py
[2025-07-10T02:05:04.563+0000] {processor.py:830} INFO - Processing file /home/airflow/.local/lib/python3.8/site-packages/airflow/example_dags/example_sensors.py for tasks to queue
[2025-07-10T02:05:04.565+0000] {logging_mixin.py:188} INFO - [2025-07-10T02:05:04.565+0000] {dagbag.py:538} INFO - Filling up the DagBag from /home/airflow/.local/lib/python3.8/site-packages/airflow/example_dags/example_sensors.py
[2025-07-10T02:05:04.576+0000] {processor.py:840} INFO - DAG(s) 'example_sensors' retrieved from /home/airflow/.local/lib/python3.8/site-packages/airflow/example_dags/example_sensors.py
[2025-07-10T02:05:04.603+0000] {logging_mixin.py:188} INFO - [2025-07-10T02:05:04.602+0000] {dag.py:3036} INFO - Sync 1 DAGs
[2025-07-10T02:05:04.617+0000] {logging_mixin.py:188} INFO - [2025-07-10T02:05:04.617+0000] {dag.py:3823} INFO - Setting next_dagrun for example_sensors to None, run_after=None
[2025-07-10T02:05:04.643+0000] {processor.py:183} INFO - Processing /home/airflow/.local/lib/python3.8/site-packages/airflow/example_dags/example_sensors.py took 0.085 seconds
[2025-07-10T02:05:34.802+0000] {processor.py:161} INFO - Started process (PID=306) to work on /home/airflow/.local/lib/python3.8/site-packages/airflow/example_dags/example_sensors.py
[2025-07-10T02:05:34.803+0000] {processor.py:830} INFO - Processing file /home/airflow/.local/lib/python3.8/site-packages/airflow/example_dags/example_sensors.py for tasks to queue
[2025-07-10T02:05:34.806+0000] {logging_mixin.py:188} INFO - [2025-07-10T02:05:34.805+0000] {dagbag.py:538} INFO - Filling up the DagBag from /home/airflow/.local/lib/python3.8/site-packages/airflow/example_dags/example_sensors.py
[2025-07-10T02:05:34.815+0000] {processor.py:840} INFO - DAG(s) 'example_sensors' retrieved from /home/airflow/.local/lib/python3.8/site-packages/airflow/example_dags/example_sensors.py
[2025-07-10T02:05:34.831+0000] {logging_mixin.py:188} INFO - [2025-07-10T02:05:34.830+0000] {dag.py:3036} INFO - Sync 1 DAGs
[2025-07-10T02:05:34.845+0000] {logging_mixin.py:188} INFO - [2025-07-10T02:05:34.845+0000] {dag.py:3823} INFO - Setting next_dagrun for example_sensors to None, run_after=None
[2025-07-10T02:05:34.872+0000] {processor.py:183} INFO - Processing /home/airflow/.local/lib/python3.8/site-packages/airflow/example_dags/example_sensors.py took 0.074 seconds
[2025-07-10T02:06:05.495+0000] {processor.py:161} INFO - Started process (PID=362) to work on /home/airflow/.local/lib/python3.8/site-packages/airflow/example_dags/example_sensors.py
[2025-07-10T02:06:05.496+0000] {processor.py:830} INFO - Processing file /home/airflow/.local/lib/python3.8/site-packages/airflow/example_dags/example_sensors.py for tasks to queue
[2025-07-10T02:06:05.499+0000] {logging_mixin.py:188} INFO - [2025-07-10T02:06:05.499+0000] {dagbag.py:538} INFO - Filling up the DagBag from /home/airflow/.local/lib/python3.8/site-packages/airflow/example_dags/example_sensors.py
[2025-07-10T02:06:05.508+0000] {processor.py:840} INFO - DAG(s) 'example_sensors' retrieved from /home/airflow/.local/lib/python3.8/site-packages/airflow/example_dags/example_sensors.py
[2025-07-10T02:06:05.598+0000] {logging_mixin.py:188} INFO - [2025-07-10T02:06:05.598+0000] {dag.py:3036} INFO - Sync 1 DAGs
[2025-07-10T02:06:05.609+0000] {logging_mixin.py:188} INFO - [2025-07-10T02:06:05.608+0000] {dag.py:3823} INFO - Setting next_dagrun for example_sensors to None, run_after=None
[2025-07-10T02:06:05.637+0000] {processor.py:183} INFO - Processing /home/airflow/.local/lib/python3.8/site-packages/airflow/example_dags/example_sensors.py took 0.146 seconds
[2025-07-10T02:06:36.008+0000] {processor.py:161} INFO - Started process (PID=418) to work on /home/airflow/.local/lib/python3.8/site-packages/airflow/example_dags/example_sensors.py
[2025-07-10T02:06:36.010+0000] {processor.py:830} INFO - Processing file /home/airflow/.local/lib/python3.8/site-packages/airflow/example_dags/example_sensors.py for tasks to queue
[2025-07-10T02:06:36.013+0000] {logging_mixin.py:188} INFO - [2025-07-10T02:06:36.013+0000] {dagbag.py:538} INFO - Filling up the DagBag from /home/airflow/.local/lib/python3.8/site-packages/airflow/example_dags/example_sensors.py
[2025-07-10T02:06:36.023+0000] {processor.py:840} INFO - DAG(s) 'example_sensors' retrieved from /home/airflow/.local/lib/python3.8/site-packages/airflow/example_dags/example_sensors.py
[2025-07-10T02:06:36.051+0000] {logging_mixin.py:188} INFO - [2025-07-10T02:06:36.051+0000] {dag.py:3036} INFO - Sync 1 DAGs
[2025-07-10T02:06:36.062+0000] {logging_mixin.py:188} INFO - [2025-07-10T02:06:36.062+0000] {dag.py:3823} INFO - Setting next_dagrun for example_sensors to None, run_after=None
[2025-07-10T02:06:36.089+0000] {processor.py:183} INFO - Processing /home/airflow/.local/lib/python3.8/site-packages/airflow/example_dags/example_sensors.py took 0.085 seconds
[2025-07-10T02:07:06.289+0000] {processor.py:161} INFO - Started process (PID=474) to work on /home/airflow/.local/lib/python3.8/site-packages/airflow/example_dags/example_sensors.py
[2025-07-10T02:07:06.290+0000] {processor.py:830} INFO - Processing file /home/airflow/.local/lib/python3.8/site-packages/airflow/example_dags/example_sensors.py for tasks to queue
[2025-07-10T02:07:06.292+0000] {logging_mixin.py:188} INFO - [2025-07-10T02:07:06.292+0000] {dagbag.py:538} INFO - Filling up the DagBag from /home/airflow/.local/lib/python3.8/site-packages/airflow/example_dags/example_sensors.py
[2025-07-10T02:07:06.301+0000] {processor.py:840} INFO - DAG(s) 'example_sensors' retrieved from /home/airflow/.local/lib/python3.8/site-packages/airflow/example_dags/example_sensors.py
[2025-07-10T02:07:06.331+0000] {logging_mixin.py:188} INFO - [2025-07-10T02:07:06.331+0000] {dag.py:3036} INFO - Sync 1 DAGs
[2025-07-10T02:07:06.343+0000] {logging_mixin.py:188} INFO - [2025-07-10T02:07:06.343+0000] {dag.py:3823} INFO - Setting next_dagrun for example_sensors to None, run_after=None
[2025-07-10T02:07:06.370+0000] {processor.py:183} INFO - Processing /home/airflow/.local/lib/python3.8/site-packages/airflow/example_dags/example_sensors.py took 0.085 seconds
[2025-07-10T02:07:36.898+0000] {processor.py:161} INFO - Started process (PID=530) to work on /home/airflow/.local/lib/python3.8/site-packages/airflow/example_dags/example_sensors.py
[2025-07-10T02:07:36.900+0000] {processor.py:830} INFO - Processing file /home/airflow/.local/lib/python3.8/site-packages/airflow/example_dags/example_sensors.py for tasks to queue
[2025-07-10T02:07:36.903+0000] {logging_mixin.py:188} INFO - [2025-07-10T02:07:36.903+0000] {dagbag.py:538} INFO - Filling up the DagBag from /home/airflow/.local/lib/python3.8/site-packages/airflow/example_dags/example_sensors.py
[2025-07-10T02:07:36.912+0000] {processor.py:840} INFO - DAG(s) 'example_sensors' retrieved from /home/airflow/.local/lib/python3.8/site-packages/airflow/example_dags/example_sensors.py
[2025-07-10T02:07:36.942+0000] {logging_mixin.py:188} INFO - [2025-07-10T02:07:36.942+0000] {dag.py:3036} INFO - Sync 1 DAGs
[2025-07-10T02:07:36.956+0000] {logging_mixin.py:188} INFO - [2025-07-10T02:07:36.956+0000] {dag.py:3823} INFO - Setting next_dagrun for example_sensors to None, run_after=None
[2025-07-10T02:07:36.989+0000] {processor.py:183} INFO - Processing /home/airflow/.local/lib/python3.8/site-packages/airflow/example_dags/example_sensors.py took 0.095 seconds
[2025-07-10T02:08:07.245+0000] {processor.py:161} INFO - Started process (PID=586) to work on /home/airflow/.local/lib/python3.8/site-packages/airflow/example_dags/example_sensors.py
[2025-07-10T02:08:07.247+0000] {processor.py:830} INFO - Processing file /home/airflow/.local/lib/python3.8/site-packages/airflow/example_dags/example_sensors.py for tasks to queue
[2025-07-10T02:08:07.249+0000] {logging_mixin.py:188} INFO - [2025-07-10T02:08:07.249+0000] {dagbag.py:538} INFO - Filling up the DagBag from /home/airflow/.local/lib/python3.8/site-packages/airflow/example_dags/example_sensors.py
[2025-07-10T02:08:07.259+0000] {processor.py:840} INFO - DAG(s) 'example_sensors' retrieved from /home/airflow/.local/lib/python3.8/site-packages/airflow/example_dags/example_sensors.py
[2025-07-10T02:08:07.281+0000] {logging_mixin.py:188} INFO - [2025-07-10T02:08:07.281+0000] {dag.py:3036} INFO - Sync 1 DAGs
[2025-07-10T02:08:07.293+0000] {logging_mixin.py:188} INFO - [2025-07-10T02:08:07.293+0000] {dag.py:3823} INFO - Setting next_dagrun for example_sensors to None, run_after=None
[2025-07-10T02:08:07.323+0000] {processor.py:183} INFO - Processing /home/airflow/.local/lib/python3.8/site-packages/airflow/example_dags/example_sensors.py took 0.081 seconds
[2025-07-10T02:08:37.680+0000] {processor.py:161} INFO - Started process (PID=642) to work on /home/airflow/.local/lib/python3.8/site-packages/airflow/example_dags/example_sensors.py
[2025-07-10T02:08:37.683+0000] {processor.py:830} INFO - Processing file /home/airflow/.local/lib/python3.8/site-packages/airflow/example_dags/example_sensors.py for tasks to queue
[2025-07-10T02:08:37.686+0000] {logging_mixin.py:188} INFO - [2025-07-10T02:08:37.685+0000] {dagbag.py:538} INFO - Filling up the DagBag from /home/airflow/.local/lib/python3.8/site-packages/airflow/example_dags/example_sensors.py
[2025-07-10T02:08:37.694+0000] {processor.py:840} INFO - DAG(s) 'example_sensors' retrieved from /home/airflow/.local/lib/python3.8/site-packages/airflow/example_dags/example_sensors.py
[2025-07-10T02:08:37.726+0000] {logging_mixin.py:188} INFO - [2025-07-10T02:08:37.726+0000] {dag.py:3036} INFO - Sync 1 DAGs
[2025-07-10T02:08:37.739+0000] {logging_mixin.py:188} INFO - [2025-07-10T02:08:37.738+0000] {dag.py:3823} INFO - Setting next_dagrun for example_sensors to None, run_after=None
[2025-07-10T02:08:37.765+0000] {processor.py:183} INFO - Processing /home/airflow/.local/lib/python3.8/site-packages/airflow/example_dags/example_sensors.py took 0.089 seconds
[2025-07-10T02:09:46.435+0000] {processor.py:161} INFO - Started process (PID=71) to work on /home/airflow/.local/lib/python3.8/site-packages/airflow/example_dags/example_sensors.py
[2025-07-10T02:09:46.437+0000] {processor.py:830} INFO - Processing file /home/airflow/.local/lib/python3.8/site-packages/airflow/example_dags/example_sensors.py for tasks to queue
[2025-07-10T02:09:46.439+0000] {logging_mixin.py:188} INFO - [2025-07-10T02:09:46.439+0000] {dagbag.py:538} INFO - Filling up the DagBag from /home/airflow/.local/lib/python3.8/site-packages/airflow/example_dags/example_sensors.py
[2025-07-10T02:09:46.452+0000] {processor.py:840} INFO - DAG(s) 'example_sensors' retrieved from /home/airflow/.local/lib/python3.8/site-packages/airflow/example_dags/example_sensors.py
[2025-07-10T02:09:46.471+0000] {logging_mixin.py:188} INFO - [2025-07-10T02:09:46.471+0000] {dag.py:3036} INFO - Sync 1 DAGs
[2025-07-10T02:09:46.493+0000] {logging_mixin.py:188} INFO - [2025-07-10T02:09:46.493+0000] {dag.py:3823} INFO - Setting next_dagrun for example_sensors to None, run_after=None
[2025-07-10T02:09:46.517+0000] {processor.py:183} INFO - Processing /home/airflow/.local/lib/python3.8/site-packages/airflow/example_dags/example_sensors.py took 0.085 seconds
[2025-07-10T02:10:17.513+0000] {processor.py:161} INFO - Started process (PID=133) to work on /home/airflow/.local/lib/python3.8/site-packages/airflow/example_dags/example_sensors.py
[2025-07-10T02:10:17.514+0000] {processor.py:830} INFO - Processing file /home/airflow/.local/lib/python3.8/site-packages/airflow/example_dags/example_sensors.py for tasks to queue
[2025-07-10T02:10:17.517+0000] {logging_mixin.py:188} INFO - [2025-07-10T02:10:17.516+0000] {dagbag.py:538} INFO - Filling up the DagBag from /home/airflow/.local/lib/python3.8/site-packages/airflow/example_dags/example_sensors.py
[2025-07-10T02:10:17.525+0000] {processor.py:840} INFO - DAG(s) 'example_sensors' retrieved from /home/airflow/.local/lib/python3.8/site-packages/airflow/example_dags/example_sensors.py
[2025-07-10T02:10:17.620+0000] {logging_mixin.py:188} INFO - [2025-07-10T02:10:17.620+0000] {dag.py:3036} INFO - Sync 1 DAGs
[2025-07-10T02:10:17.630+0000] {logging_mixin.py:188} INFO - [2025-07-10T02:10:17.629+0000] {dag.py:3823} INFO - Setting next_dagrun for example_sensors to None, run_after=None
[2025-07-10T02:10:17.655+0000] {processor.py:183} INFO - Processing /home/airflow/.local/lib/python3.8/site-packages/airflow/example_dags/example_sensors.py took 0.146 seconds
[2025-07-10T02:10:49.379+0000] {processor.py:161} INFO - Started process (PID=189) to work on /home/airflow/.local/lib/python3.8/site-packages/airflow/example_dags/example_sensors.py
[2025-07-10T02:10:49.382+0000] {processor.py:830} INFO - Processing file /home/airflow/.local/lib/python3.8/site-packages/airflow/example_dags/example_sensors.py for tasks to queue
[2025-07-10T02:10:49.386+0000] {logging_mixin.py:188} INFO - [2025-07-10T02:10:49.386+0000] {dagbag.py:538} INFO - Filling up the DagBag from /home/airflow/.local/lib/python3.8/site-packages/airflow/example_dags/example_sensors.py
[2025-07-10T02:10:49.402+0000] {processor.py:840} INFO - DAG(s) 'example_sensors' retrieved from /home/airflow/.local/lib/python3.8/site-packages/airflow/example_dags/example_sensors.py
[2025-07-10T02:10:49.443+0000] {logging_mixin.py:188} INFO - [2025-07-10T02:10:49.442+0000] {dag.py:3036} INFO - Sync 1 DAGs
[2025-07-10T02:10:49.462+0000] {logging_mixin.py:188} INFO - [2025-07-10T02:10:49.461+0000] {dag.py:3823} INFO - Setting next_dagrun for example_sensors to None, run_after=None
[2025-07-10T02:10:49.501+0000] {processor.py:183} INFO - Processing /home/airflow/.local/lib/python3.8/site-packages/airflow/example_dags/example_sensors.py took 0.134 seconds
[2025-07-10T02:11:19.851+0000] {processor.py:161} INFO - Started process (PID=244) to work on /home/airflow/.local/lib/python3.8/site-packages/airflow/example_dags/example_sensors.py
[2025-07-10T02:11:19.853+0000] {processor.py:830} INFO - Processing file /home/airflow/.local/lib/python3.8/site-packages/airflow/example_dags/example_sensors.py for tasks to queue
[2025-07-10T02:11:19.855+0000] {logging_mixin.py:188} INFO - [2025-07-10T02:11:19.855+0000] {dagbag.py:538} INFO - Filling up the DagBag from /home/airflow/.local/lib/python3.8/site-packages/airflow/example_dags/example_sensors.py
[2025-07-10T02:11:19.865+0000] {processor.py:840} INFO - DAG(s) 'example_sensors' retrieved from /home/airflow/.local/lib/python3.8/site-packages/airflow/example_dags/example_sensors.py
[2025-07-10T02:11:19.892+0000] {logging_mixin.py:188} INFO - [2025-07-10T02:11:19.892+0000] {dag.py:3036} INFO - Sync 1 DAGs
[2025-07-10T02:11:19.907+0000] {logging_mixin.py:188} INFO - [2025-07-10T02:11:19.907+0000] {dag.py:3823} INFO - Setting next_dagrun for example_sensors to None, run_after=None
[2025-07-10T02:11:19.939+0000] {processor.py:183} INFO - Processing /home/airflow/.local/lib/python3.8/site-packages/airflow/example_dags/example_sensors.py took 0.092 seconds
[2025-07-10T02:11:50.966+0000] {processor.py:161} INFO - Started process (PID=301) to work on /home/airflow/.local/lib/python3.8/site-packages/airflow/example_dags/example_sensors.py
[2025-07-10T02:11:50.968+0000] {processor.py:830} INFO - Processing file /home/airflow/.local/lib/python3.8/site-packages/airflow/example_dags/example_sensors.py for tasks to queue
[2025-07-10T02:11:50.971+0000] {logging_mixin.py:188} INFO - [2025-07-10T02:11:50.971+0000] {dagbag.py:538} INFO - Filling up the DagBag from /home/airflow/.local/lib/python3.8/site-packages/airflow/example_dags/example_sensors.py
[2025-07-10T02:11:50.984+0000] {processor.py:840} INFO - DAG(s) 'example_sensors' retrieved from /home/airflow/.local/lib/python3.8/site-packages/airflow/example_dags/example_sensors.py
[2025-07-10T02:11:51.012+0000] {logging_mixin.py:188} INFO - [2025-07-10T02:11:51.011+0000] {dag.py:3036} INFO - Sync 1 DAGs
[2025-07-10T02:11:51.023+0000] {logging_mixin.py:188} INFO - [2025-07-10T02:11:51.023+0000] {dag.py:3823} INFO - Setting next_dagrun for example_sensors to None, run_after=None
[2025-07-10T02:11:51.049+0000] {processor.py:183} INFO - Processing /home/airflow/.local/lib/python3.8/site-packages/airflow/example_dags/example_sensors.py took 0.087 seconds
[2025-07-10T02:14:05.691+0000] {processor.py:161} INFO - Started process (PID=82) to work on /home/airflow/.local/lib/python3.8/site-packages/airflow/example_dags/example_sensors.py
[2025-07-10T02:14:05.693+0000] {processor.py:830} INFO - Processing file /home/airflow/.local/lib/python3.8/site-packages/airflow/example_dags/example_sensors.py for tasks to queue
[2025-07-10T02:14:05.696+0000] {logging_mixin.py:188} INFO - [2025-07-10T02:14:05.696+0000] {dagbag.py:538} INFO - Filling up the DagBag from /home/airflow/.local/lib/python3.8/site-packages/airflow/example_dags/example_sensors.py
[2025-07-10T02:14:05.715+0000] {processor.py:840} INFO - DAG(s) 'example_sensors' retrieved from /home/airflow/.local/lib/python3.8/site-packages/airflow/example_dags/example_sensors.py
[2025-07-10T02:14:05.850+0000] {logging_mixin.py:188} INFO - [2025-07-10T02:14:05.850+0000] {override.py:1769} INFO - Created Permission View: can delete on DAG:example_sensors
[2025-07-10T02:14:05.865+0000] {logging_mixin.py:188} INFO - [2025-07-10T02:14:05.865+0000] {override.py:1769} INFO - Created Permission View: can read on DAG:example_sensors
[2025-07-10T02:14:05.878+0000] {logging_mixin.py:188} INFO - [2025-07-10T02:14:05.877+0000] {override.py:1769} INFO - Created Permission View: can edit on DAG:example_sensors
[2025-07-10T02:14:05.879+0000] {logging_mixin.py:188} INFO - [2025-07-10T02:14:05.878+0000] {dag.py:3036} INFO - Sync 1 DAGs
[2025-07-10T02:14:05.892+0000] {logging_mixin.py:188} INFO - [2025-07-10T02:14:05.891+0000] {dag.py:3058} INFO - Creating ORM DAG for example_sensors
[2025-07-10T02:14:05.893+0000] {logging_mixin.py:188} INFO - [2025-07-10T02:14:05.893+0000] {dag.py:3823} INFO - Setting next_dagrun for example_sensors to None, run_after=None
[2025-07-10T02:14:05.921+0000] {processor.py:183} INFO - Processing /home/airflow/.local/lib/python3.8/site-packages/airflow/example_dags/example_sensors.py took 0.236 seconds
[2025-07-10T02:14:36.167+0000] {processor.py:161} INFO - Started process (PID=138) to work on /home/airflow/.local/lib/python3.8/site-packages/airflow/example_dags/example_sensors.py
[2025-07-10T02:14:36.169+0000] {processor.py:830} INFO - Processing file /home/airflow/.local/lib/python3.8/site-packages/airflow/example_dags/example_sensors.py for tasks to queue
[2025-07-10T02:14:36.171+0000] {logging_mixin.py:188} INFO - [2025-07-10T02:14:36.171+0000] {dagbag.py:538} INFO - Filling up the DagBag from /home/airflow/.local/lib/python3.8/site-packages/airflow/example_dags/example_sensors.py
[2025-07-10T02:14:36.181+0000] {processor.py:840} INFO - DAG(s) 'example_sensors' retrieved from /home/airflow/.local/lib/python3.8/site-packages/airflow/example_dags/example_sensors.py
[2025-07-10T02:14:36.208+0000] {logging_mixin.py:188} INFO - [2025-07-10T02:14:36.208+0000] {dag.py:3036} INFO - Sync 1 DAGs
[2025-07-10T02:14:36.222+0000] {logging_mixin.py:188} INFO - [2025-07-10T02:14:36.221+0000] {dag.py:3823} INFO - Setting next_dagrun for example_sensors to None, run_after=None
[2025-07-10T02:14:36.247+0000] {processor.py:183} INFO - Processing /home/airflow/.local/lib/python3.8/site-packages/airflow/example_dags/example_sensors.py took 0.083 seconds
[2025-07-10T02:15:07.009+0000] {processor.py:161} INFO - Started process (PID=194) to work on /home/airflow/.local/lib/python3.8/site-packages/airflow/example_dags/example_sensors.py
[2025-07-10T02:15:07.011+0000] {processor.py:830} INFO - Processing file /home/airflow/.local/lib/python3.8/site-packages/airflow/example_dags/example_sensors.py for tasks to queue
[2025-07-10T02:15:07.013+0000] {logging_mixin.py:188} INFO - [2025-07-10T02:15:07.013+0000] {dagbag.py:538} INFO - Filling up the DagBag from /home/airflow/.local/lib/python3.8/site-packages/airflow/example_dags/example_sensors.py
[2025-07-10T02:15:07.024+0000] {processor.py:840} INFO - DAG(s) 'example_sensors' retrieved from /home/airflow/.local/lib/python3.8/site-packages/airflow/example_dags/example_sensors.py
[2025-07-10T02:15:07.048+0000] {logging_mixin.py:188} INFO - [2025-07-10T02:15:07.048+0000] {dag.py:3036} INFO - Sync 1 DAGs
[2025-07-10T02:15:07.061+0000] {logging_mixin.py:188} INFO - [2025-07-10T02:15:07.060+0000] {dag.py:3823} INFO - Setting next_dagrun for example_sensors to None, run_after=None
[2025-07-10T02:15:07.087+0000] {processor.py:183} INFO - Processing /home/airflow/.local/lib/python3.8/site-packages/airflow/example_dags/example_sensors.py took 0.081 seconds
[2025-07-10T02:15:37.713+0000] {processor.py:161} INFO - Started process (PID=250) to work on /home/airflow/.local/lib/python3.8/site-packages/airflow/example_dags/example_sensors.py
[2025-07-10T02:15:37.715+0000] {processor.py:830} INFO - Processing file /home/airflow/.local/lib/python3.8/site-packages/airflow/example_dags/example_sensors.py for tasks to queue
[2025-07-10T02:15:37.718+0000] {logging_mixin.py:188} INFO - [2025-07-10T02:15:37.718+0000] {dagbag.py:538} INFO - Filling up the DagBag from /home/airflow/.local/lib/python3.8/site-packages/airflow/example_dags/example_sensors.py
[2025-07-10T02:15:37.727+0000] {processor.py:840} INFO - DAG(s) 'example_sensors' retrieved from /home/airflow/.local/lib/python3.8/site-packages/airflow/example_dags/example_sensors.py
[2025-07-10T02:15:37.756+0000] {logging_mixin.py:188} INFO - [2025-07-10T02:15:37.756+0000] {dag.py:3036} INFO - Sync 1 DAGs
[2025-07-10T02:15:37.769+0000] {logging_mixin.py:188} INFO - [2025-07-10T02:15:37.768+0000] {dag.py:3823} INFO - Setting next_dagrun for example_sensors to None, run_after=None
[2025-07-10T02:15:37.796+0000] {processor.py:183} INFO - Processing /home/airflow/.local/lib/python3.8/site-packages/airflow/example_dags/example_sensors.py took 0.086 seconds
[2025-07-10T02:16:38.469+0000] {processor.py:161} INFO - Started process (PID=82) to work on /home/airflow/.local/lib/python3.8/site-packages/airflow/example_dags/example_sensors.py
[2025-07-10T02:16:38.471+0000] {processor.py:830} INFO - Processing file /home/airflow/.local/lib/python3.8/site-packages/airflow/example_dags/example_sensors.py for tasks to queue
[2025-07-10T02:16:38.474+0000] {logging_mixin.py:188} INFO - [2025-07-10T02:16:38.473+0000] {dagbag.py:538} INFO - Filling up the DagBag from /home/airflow/.local/lib/python3.8/site-packages/airflow/example_dags/example_sensors.py
[2025-07-10T02:16:38.486+0000] {processor.py:840} INFO - DAG(s) 'example_sensors' retrieved from /home/airflow/.local/lib/python3.8/site-packages/airflow/example_dags/example_sensors.py
[2025-07-10T02:16:38.500+0000] {logging_mixin.py:188} INFO - [2025-07-10T02:16:38.500+0000] {dag.py:3036} INFO - Sync 1 DAGs
[2025-07-10T02:16:38.512+0000] {logging_mixin.py:188} INFO - [2025-07-10T02:16:38.512+0000] {dag.py:3823} INFO - Setting next_dagrun for example_sensors to None, run_after=None
[2025-07-10T02:16:38.534+0000] {processor.py:183} INFO - Processing /home/airflow/.local/lib/python3.8/site-packages/airflow/example_dags/example_sensors.py took 0.068 seconds
[2025-07-10T02:17:10.206+0000] {processor.py:161} INFO - Started process (PID=138) to work on /home/airflow/.local/lib/python3.8/site-packages/airflow/example_dags/example_sensors.py
[2025-07-10T02:17:10.208+0000] {processor.py:830} INFO - Processing file /home/airflow/.local/lib/python3.8/site-packages/airflow/example_dags/example_sensors.py for tasks to queue
[2025-07-10T02:17:10.210+0000] {logging_mixin.py:188} INFO - [2025-07-10T02:17:10.209+0000] {dagbag.py:538} INFO - Filling up the DagBag from /home/airflow/.local/lib/python3.8/site-packages/airflow/example_dags/example_sensors.py
[2025-07-10T02:17:10.219+0000] {processor.py:840} INFO - DAG(s) 'example_sensors' retrieved from /home/airflow/.local/lib/python3.8/site-packages/airflow/example_dags/example_sensors.py
[2025-07-10T02:17:10.314+0000] {logging_mixin.py:188} INFO - [2025-07-10T02:17:10.314+0000] {dag.py:3036} INFO - Sync 1 DAGs
[2025-07-10T02:17:10.325+0000] {logging_mixin.py:188} INFO - [2025-07-10T02:17:10.325+0000] {dag.py:3823} INFO - Setting next_dagrun for example_sensors to None, run_after=None
[2025-07-10T02:17:10.355+0000] {processor.py:183} INFO - Processing /home/airflow/.local/lib/python3.8/site-packages/airflow/example_dags/example_sensors.py took 0.152 seconds
