[2025-07-10T00:00:06.367+0000] {processor.py:161} INFO - Started process (PID=711) to work on /home/airflow/.local/lib/python3.8/site-packages/airflow/example_dags/example_dag_decorator.py
[2025-07-10T00:00:06.369+0000] {processor.py:830} INFO - Processing file /home/airflow/.local/lib/python3.8/site-packages/airflow/example_dags/example_dag_decorator.py for tasks to queue
[2025-07-10T00:00:06.371+0000] {logging_mixin.py:188} INFO - [2025-07-10T00:00:06.371+0000] {dagbag.py:538} INFO - Filling up the DagBag from /home/airflow/.local/lib/python3.8/site-packages/airflow/example_dags/example_dag_decorator.py
[2025-07-10T00:00:06.480+0000] {processor.py:840} INFO - DAG(s) 'example_dag_decorator' retrieved from /home/airflow/.local/lib/python3.8/site-packages/airflow/example_dags/example_dag_decorator.py
[2025-07-10T00:00:06.613+0000] {logging_mixin.py:188} INFO - [2025-07-10T00:00:06.613+0000] {dag.py:3036} INFO - Sync 1 DAGs
[2025-07-10T00:00:06.627+0000] {logging_mixin.py:188} INFO - [2025-07-10T00:00:06.626+0000] {dag.py:3823} INFO - Setting next_dagrun for example_dag_decorator to None, run_after=None
[2025-07-10T00:00:06.659+0000] {processor.py:183} INFO - Processing /home/airflow/.local/lib/python3.8/site-packages/airflow/example_dags/example_dag_decorator.py took 0.297 seconds
[2025-07-10T00:01:36.511+0000] {processor.py:161} INFO - Started process (PID=78) to work on /home/airflow/.local/lib/python3.8/site-packages/airflow/example_dags/example_dag_decorator.py
[2025-07-10T00:01:36.513+0000] {processor.py:830} INFO - Processing file /home/airflow/.local/lib/python3.8/site-packages/airflow/example_dags/example_dag_decorator.py for tasks to queue
[2025-07-10T00:01:36.517+0000] {logging_mixin.py:188} INFO - [2025-07-10T00:01:36.517+0000] {dagbag.py:538} INFO - Filling up the DagBag from /home/airflow/.local/lib/python3.8/site-packages/airflow/example_dags/example_dag_decorator.py
[2025-07-10T00:01:36.829+0000] {processor.py:840} INFO - DAG(s) 'example_dag_decorator' retrieved from /home/airflow/.local/lib/python3.8/site-packages/airflow/example_dags/example_dag_decorator.py
[2025-07-10T00:01:36.961+0000] {logging_mixin.py:188} INFO - [2025-07-10T00:01:36.960+0000] {dag.py:3036} INFO - Sync 1 DAGs
[2025-07-10T00:01:36.973+0000] {logging_mixin.py:188} INFO - [2025-07-10T00:01:36.973+0000] {dag.py:3823} INFO - Setting next_dagrun for example_dag_decorator to None, run_after=None
[2025-07-10T00:01:37.014+0000] {processor.py:183} INFO - Processing /home/airflow/.local/lib/python3.8/site-packages/airflow/example_dags/example_dag_decorator.py took 0.507 seconds
[2025-07-10T00:02:07.464+0000] {processor.py:161} INFO - Started process (PID=140) to work on /home/airflow/.local/lib/python3.8/site-packages/airflow/example_dags/example_dag_decorator.py
[2025-07-10T00:02:07.466+0000] {processor.py:830} INFO - Processing file /home/airflow/.local/lib/python3.8/site-packages/airflow/example_dags/example_dag_decorator.py for tasks to queue
[2025-07-10T00:02:07.470+0000] {logging_mixin.py:188} INFO - [2025-07-10T00:02:07.470+0000] {dagbag.py:538} INFO - Filling up the DagBag from /home/airflow/.local/lib/python3.8/site-packages/airflow/example_dags/example_dag_decorator.py
[2025-07-10T00:02:07.690+0000] {processor.py:840} INFO - DAG(s) 'example_dag_decorator' retrieved from /home/airflow/.local/lib/python3.8/site-packages/airflow/example_dags/example_dag_decorator.py
[2025-07-10T00:02:07.708+0000] {logging_mixin.py:188} INFO - [2025-07-10T00:02:07.708+0000] {dag.py:3036} INFO - Sync 1 DAGs
[2025-07-10T00:02:07.730+0000] {logging_mixin.py:188} INFO - [2025-07-10T00:02:07.729+0000] {dag.py:3823} INFO - Setting next_dagrun for example_dag_decorator to None, run_after=None
[2025-07-10T00:02:07.762+0000] {processor.py:183} INFO - Processing /home/airflow/.local/lib/python3.8/site-packages/airflow/example_dags/example_dag_decorator.py took 0.304 seconds
[2025-07-10T00:02:38.457+0000] {processor.py:161} INFO - Started process (PID=196) to work on /home/airflow/.local/lib/python3.8/site-packages/airflow/example_dags/example_dag_decorator.py
[2025-07-10T00:02:38.462+0000] {processor.py:830} INFO - Processing file /home/airflow/.local/lib/python3.8/site-packages/airflow/example_dags/example_dag_decorator.py for tasks to queue
[2025-07-10T00:02:38.470+0000] {logging_mixin.py:188} INFO - [2025-07-10T00:02:38.469+0000] {dagbag.py:538} INFO - Filling up the DagBag from /home/airflow/.local/lib/python3.8/site-packages/airflow/example_dags/example_dag_decorator.py
[2025-07-10T00:02:38.706+0000] {processor.py:840} INFO - DAG(s) 'example_dag_decorator' retrieved from /home/airflow/.local/lib/python3.8/site-packages/airflow/example_dags/example_dag_decorator.py
[2025-07-10T00:02:38.845+0000] {logging_mixin.py:188} INFO - [2025-07-10T00:02:38.845+0000] {dag.py:3036} INFO - Sync 1 DAGs
[2025-07-10T00:02:38.862+0000] {logging_mixin.py:188} INFO - [2025-07-10T00:02:38.861+0000] {dag.py:3823} INFO - Setting next_dagrun for example_dag_decorator to None, run_after=None
[2025-07-10T00:02:38.892+0000] {processor.py:183} INFO - Processing /home/airflow/.local/lib/python3.8/site-packages/airflow/example_dags/example_dag_decorator.py took 0.442 seconds
[2025-07-10T00:03:09.648+0000] {processor.py:161} INFO - Started process (PID=252) to work on /home/airflow/.local/lib/python3.8/site-packages/airflow/example_dags/example_dag_decorator.py
[2025-07-10T00:03:09.651+0000] {processor.py:830} INFO - Processing file /home/airflow/.local/lib/python3.8/site-packages/airflow/example_dags/example_dag_decorator.py for tasks to queue
[2025-07-10T00:03:09.654+0000] {logging_mixin.py:188} INFO - [2025-07-10T00:03:09.654+0000] {dagbag.py:538} INFO - Filling up the DagBag from /home/airflow/.local/lib/python3.8/site-packages/airflow/example_dags/example_dag_decorator.py
[2025-07-10T00:03:09.788+0000] {processor.py:840} INFO - DAG(s) 'example_dag_decorator' retrieved from /home/airflow/.local/lib/python3.8/site-packages/airflow/example_dags/example_dag_decorator.py
[2025-07-10T00:03:09.919+0000] {logging_mixin.py:188} INFO - [2025-07-10T00:03:09.919+0000] {dag.py:3036} INFO - Sync 1 DAGs
[2025-07-10T00:03:09.933+0000] {logging_mixin.py:188} INFO - [2025-07-10T00:03:09.933+0000] {dag.py:3823} INFO - Setting next_dagrun for example_dag_decorator to None, run_after=None
[2025-07-10T00:03:09.964+0000] {processor.py:183} INFO - Processing /home/airflow/.local/lib/python3.8/site-packages/airflow/example_dags/example_dag_decorator.py took 0.323 seconds
[2025-07-10T00:03:40.547+0000] {processor.py:161} INFO - Started process (PID=308) to work on /home/airflow/.local/lib/python3.8/site-packages/airflow/example_dags/example_dag_decorator.py
[2025-07-10T00:03:40.549+0000] {processor.py:830} INFO - Processing file /home/airflow/.local/lib/python3.8/site-packages/airflow/example_dags/example_dag_decorator.py for tasks to queue
[2025-07-10T00:03:40.552+0000] {logging_mixin.py:188} INFO - [2025-07-10T00:03:40.551+0000] {dagbag.py:538} INFO - Filling up the DagBag from /home/airflow/.local/lib/python3.8/site-packages/airflow/example_dags/example_dag_decorator.py
[2025-07-10T00:03:40.733+0000] {processor.py:840} INFO - DAG(s) 'example_dag_decorator' retrieved from /home/airflow/.local/lib/python3.8/site-packages/airflow/example_dags/example_dag_decorator.py
[2025-07-10T00:03:40.886+0000] {logging_mixin.py:188} INFO - [2025-07-10T00:03:40.886+0000] {dag.py:3036} INFO - Sync 1 DAGs
[2025-07-10T00:03:40.905+0000] {logging_mixin.py:188} INFO - [2025-07-10T00:03:40.905+0000] {dag.py:3823} INFO - Setting next_dagrun for example_dag_decorator to None, run_after=None
[2025-07-10T00:03:40.943+0000] {processor.py:183} INFO - Processing /home/airflow/.local/lib/python3.8/site-packages/airflow/example_dags/example_dag_decorator.py took 0.401 seconds
[2025-07-10T00:04:11.132+0000] {processor.py:161} INFO - Started process (PID=365) to work on /home/airflow/.local/lib/python3.8/site-packages/airflow/example_dags/example_dag_decorator.py
[2025-07-10T00:04:11.134+0000] {processor.py:830} INFO - Processing file /home/airflow/.local/lib/python3.8/site-packages/airflow/example_dags/example_dag_decorator.py for tasks to queue
[2025-07-10T00:04:11.137+0000] {logging_mixin.py:188} INFO - [2025-07-10T00:04:11.137+0000] {dagbag.py:538} INFO - Filling up the DagBag from /home/airflow/.local/lib/python3.8/site-packages/airflow/example_dags/example_dag_decorator.py
[2025-07-10T00:04:11.267+0000] {processor.py:840} INFO - DAG(s) 'example_dag_decorator' retrieved from /home/airflow/.local/lib/python3.8/site-packages/airflow/example_dags/example_dag_decorator.py
[2025-07-10T00:04:11.392+0000] {logging_mixin.py:188} INFO - [2025-07-10T00:04:11.392+0000] {dag.py:3036} INFO - Sync 1 DAGs
[2025-07-10T00:04:11.405+0000] {logging_mixin.py:188} INFO - [2025-07-10T00:04:11.405+0000] {dag.py:3823} INFO - Setting next_dagrun for example_dag_decorator to None, run_after=None
[2025-07-10T00:04:11.439+0000] {processor.py:183} INFO - Processing /home/airflow/.local/lib/python3.8/site-packages/airflow/example_dags/example_dag_decorator.py took 0.312 seconds
[2025-07-10T00:04:41.891+0000] {processor.py:161} INFO - Started process (PID=420) to work on /home/airflow/.local/lib/python3.8/site-packages/airflow/example_dags/example_dag_decorator.py
[2025-07-10T00:04:41.893+0000] {processor.py:830} INFO - Processing file /home/airflow/.local/lib/python3.8/site-packages/airflow/example_dags/example_dag_decorator.py for tasks to queue
[2025-07-10T00:04:41.897+0000] {logging_mixin.py:188} INFO - [2025-07-10T00:04:41.896+0000] {dagbag.py:538} INFO - Filling up the DagBag from /home/airflow/.local/lib/python3.8/site-packages/airflow/example_dags/example_dag_decorator.py
[2025-07-10T00:04:42.026+0000] {processor.py:840} INFO - DAG(s) 'example_dag_decorator' retrieved from /home/airflow/.local/lib/python3.8/site-packages/airflow/example_dags/example_dag_decorator.py
[2025-07-10T00:04:42.146+0000] {logging_mixin.py:188} INFO - [2025-07-10T00:04:42.145+0000] {dag.py:3036} INFO - Sync 1 DAGs
[2025-07-10T00:04:42.170+0000] {logging_mixin.py:188} INFO - [2025-07-10T00:04:42.169+0000] {dag.py:3823} INFO - Setting next_dagrun for example_dag_decorator to None, run_after=None
[2025-07-10T00:04:47.112+0000] {logging_mixin.py:188} INFO - [2025-07-10T00:04:47.112+0000] {process_utils.py:262} INFO - Waiting up to 5 seconds for processes to exit...
[2025-07-10T02:03:31.212+0000] {processor.py:161} INFO - Started process (PID=78) to work on /home/airflow/.local/lib/python3.8/site-packages/airflow/example_dags/example_dag_decorator.py
[2025-07-10T02:03:31.213+0000] {processor.py:830} INFO - Processing file /home/airflow/.local/lib/python3.8/site-packages/airflow/example_dags/example_dag_decorator.py for tasks to queue
[2025-07-10T02:03:31.216+0000] {logging_mixin.py:188} INFO - [2025-07-10T02:03:31.216+0000] {dagbag.py:538} INFO - Filling up the DagBag from /home/airflow/.local/lib/python3.8/site-packages/airflow/example_dags/example_dag_decorator.py
[2025-07-10T02:03:31.399+0000] {processor.py:840} INFO - DAG(s) 'example_dag_decorator' retrieved from /home/airflow/.local/lib/python3.8/site-packages/airflow/example_dags/example_dag_decorator.py
[2025-07-10T02:03:31.558+0000] {logging_mixin.py:188} INFO - [2025-07-10T02:03:31.558+0000] {dag.py:3036} INFO - Sync 1 DAGs
[2025-07-10T02:03:31.579+0000] {logging_mixin.py:188} INFO - [2025-07-10T02:03:31.579+0000] {dag.py:3823} INFO - Setting next_dagrun for example_dag_decorator to None, run_after=None
[2025-07-10T02:03:31.615+0000] {processor.py:183} INFO - Processing /home/airflow/.local/lib/python3.8/site-packages/airflow/example_dags/example_dag_decorator.py took 0.407 seconds
[2025-07-10T02:04:02.352+0000] {processor.py:161} INFO - Started process (PID=135) to work on /home/airflow/.local/lib/python3.8/site-packages/airflow/example_dags/example_dag_decorator.py
[2025-07-10T02:04:02.354+0000] {processor.py:830} INFO - Processing file /home/airflow/.local/lib/python3.8/site-packages/airflow/example_dags/example_dag_decorator.py for tasks to queue
[2025-07-10T02:04:02.357+0000] {logging_mixin.py:188} INFO - [2025-07-10T02:04:02.357+0000] {dagbag.py:538} INFO - Filling up the DagBag from /home/airflow/.local/lib/python3.8/site-packages/airflow/example_dags/example_dag_decorator.py
[2025-07-10T02:04:02.458+0000] {processor.py:840} INFO - DAG(s) 'example_dag_decorator' retrieved from /home/airflow/.local/lib/python3.8/site-packages/airflow/example_dags/example_dag_decorator.py
[2025-07-10T02:04:02.557+0000] {logging_mixin.py:188} INFO - [2025-07-10T02:04:02.557+0000] {dag.py:3036} INFO - Sync 1 DAGs
[2025-07-10T02:04:02.568+0000] {logging_mixin.py:188} INFO - [2025-07-10T02:04:02.568+0000] {dag.py:3823} INFO - Setting next_dagrun for example_dag_decorator to None, run_after=None
[2025-07-10T02:04:02.595+0000] {processor.py:183} INFO - Processing /home/airflow/.local/lib/python3.8/site-packages/airflow/example_dags/example_dag_decorator.py took 0.249 seconds
[2025-07-10T02:04:32.762+0000] {processor.py:161} INFO - Started process (PID=190) to work on /home/airflow/.local/lib/python3.8/site-packages/airflow/example_dags/example_dag_decorator.py
[2025-07-10T02:04:32.764+0000] {processor.py:830} INFO - Processing file /home/airflow/.local/lib/python3.8/site-packages/airflow/example_dags/example_dag_decorator.py for tasks to queue
[2025-07-10T02:04:32.767+0000] {logging_mixin.py:188} INFO - [2025-07-10T02:04:32.767+0000] {dagbag.py:538} INFO - Filling up the DagBag from /home/airflow/.local/lib/python3.8/site-packages/airflow/example_dags/example_dag_decorator.py
[2025-07-10T02:04:32.870+0000] {processor.py:840} INFO - DAG(s) 'example_dag_decorator' retrieved from /home/airflow/.local/lib/python3.8/site-packages/airflow/example_dags/example_dag_decorator.py
[2025-07-10T02:04:32.982+0000] {logging_mixin.py:188} INFO - [2025-07-10T02:04:32.982+0000] {dag.py:3036} INFO - Sync 1 DAGs
[2025-07-10T02:04:32.997+0000] {logging_mixin.py:188} INFO - [2025-07-10T02:04:32.997+0000] {dag.py:3823} INFO - Setting next_dagrun for example_dag_decorator to None, run_after=None
[2025-07-10T02:04:33.021+0000] {processor.py:183} INFO - Processing /home/airflow/.local/lib/python3.8/site-packages/airflow/example_dags/example_dag_decorator.py took 0.265 seconds
[2025-07-10T02:05:03.920+0000] {processor.py:161} INFO - Started process (PID=246) to work on /home/airflow/.local/lib/python3.8/site-packages/airflow/example_dags/example_dag_decorator.py
[2025-07-10T02:05:03.922+0000] {processor.py:830} INFO - Processing file /home/airflow/.local/lib/python3.8/site-packages/airflow/example_dags/example_dag_decorator.py for tasks to queue
[2025-07-10T02:05:03.926+0000] {logging_mixin.py:188} INFO - [2025-07-10T02:05:03.925+0000] {dagbag.py:538} INFO - Filling up the DagBag from /home/airflow/.local/lib/python3.8/site-packages/airflow/example_dags/example_dag_decorator.py
[2025-07-10T02:05:04.075+0000] {processor.py:840} INFO - DAG(s) 'example_dag_decorator' retrieved from /home/airflow/.local/lib/python3.8/site-packages/airflow/example_dags/example_dag_decorator.py
[2025-07-10T02:05:04.274+0000] {logging_mixin.py:188} INFO - [2025-07-10T02:05:04.274+0000] {dag.py:3036} INFO - Sync 1 DAGs
[2025-07-10T02:05:04.295+0000] {logging_mixin.py:188} INFO - [2025-07-10T02:05:04.294+0000] {dag.py:3823} INFO - Setting next_dagrun for example_dag_decorator to None, run_after=None
[2025-07-10T02:05:04.344+0000] {processor.py:183} INFO - Processing /home/airflow/.local/lib/python3.8/site-packages/airflow/example_dags/example_dag_decorator.py took 0.431 seconds
[2025-07-10T02:05:34.525+0000] {processor.py:161} INFO - Started process (PID=302) to work on /home/airflow/.local/lib/python3.8/site-packages/airflow/example_dags/example_dag_decorator.py
[2025-07-10T02:05:34.528+0000] {processor.py:830} INFO - Processing file /home/airflow/.local/lib/python3.8/site-packages/airflow/example_dags/example_dag_decorator.py for tasks to queue
[2025-07-10T02:05:34.533+0000] {logging_mixin.py:188} INFO - [2025-07-10T02:05:34.533+0000] {dagbag.py:538} INFO - Filling up the DagBag from /home/airflow/.local/lib/python3.8/site-packages/airflow/example_dags/example_dag_decorator.py
[2025-07-10T02:05:34.642+0000] {processor.py:840} INFO - DAG(s) 'example_dag_decorator' retrieved from /home/airflow/.local/lib/python3.8/site-packages/airflow/example_dags/example_dag_decorator.py
[2025-07-10T02:05:34.657+0000] {logging_mixin.py:188} INFO - [2025-07-10T02:05:34.657+0000] {dag.py:3036} INFO - Sync 1 DAGs
[2025-07-10T02:05:34.671+0000] {logging_mixin.py:188} INFO - [2025-07-10T02:05:34.670+0000] {dag.py:3823} INFO - Setting next_dagrun for example_dag_decorator to None, run_after=None
[2025-07-10T02:05:34.692+0000] {processor.py:183} INFO - Processing /home/airflow/.local/lib/python3.8/site-packages/airflow/example_dags/example_dag_decorator.py took 0.173 seconds
[2025-07-10T02:06:04.967+0000] {processor.py:161} INFO - Started process (PID=358) to work on /home/airflow/.local/lib/python3.8/site-packages/airflow/example_dags/example_dag_decorator.py
[2025-07-10T02:06:04.969+0000] {processor.py:830} INFO - Processing file /home/airflow/.local/lib/python3.8/site-packages/airflow/example_dags/example_dag_decorator.py for tasks to queue
[2025-07-10T02:06:04.972+0000] {logging_mixin.py:188} INFO - [2025-07-10T02:06:04.972+0000] {dagbag.py:538} INFO - Filling up the DagBag from /home/airflow/.local/lib/python3.8/site-packages/airflow/example_dags/example_dag_decorator.py
[2025-07-10T02:06:05.076+0000] {processor.py:840} INFO - DAG(s) 'example_dag_decorator' retrieved from /home/airflow/.local/lib/python3.8/site-packages/airflow/example_dags/example_dag_decorator.py
[2025-07-10T02:06:05.178+0000] {logging_mixin.py:188} INFO - [2025-07-10T02:06:05.177+0000] {dag.py:3036} INFO - Sync 1 DAGs
[2025-07-10T02:06:05.188+0000] {logging_mixin.py:188} INFO - [2025-07-10T02:06:05.188+0000] {dag.py:3823} INFO - Setting next_dagrun for example_dag_decorator to None, run_after=None
[2025-07-10T02:06:05.231+0000] {processor.py:183} INFO - Processing /home/airflow/.local/lib/python3.8/site-packages/airflow/example_dags/example_dag_decorator.py took 0.268 seconds
[2025-07-10T02:06:35.567+0000] {processor.py:161} INFO - Started process (PID=414) to work on /home/airflow/.local/lib/python3.8/site-packages/airflow/example_dags/example_dag_decorator.py
[2025-07-10T02:06:35.570+0000] {processor.py:830} INFO - Processing file /home/airflow/.local/lib/python3.8/site-packages/airflow/example_dags/example_dag_decorator.py for tasks to queue
[2025-07-10T02:06:35.575+0000] {logging_mixin.py:188} INFO - [2025-07-10T02:06:35.574+0000] {dagbag.py:538} INFO - Filling up the DagBag from /home/airflow/.local/lib/python3.8/site-packages/airflow/example_dags/example_dag_decorator.py
[2025-07-10T02:06:35.677+0000] {processor.py:840} INFO - DAG(s) 'example_dag_decorator' retrieved from /home/airflow/.local/lib/python3.8/site-packages/airflow/example_dags/example_dag_decorator.py
[2025-07-10T02:06:35.786+0000] {logging_mixin.py:188} INFO - [2025-07-10T02:06:35.786+0000] {dag.py:3036} INFO - Sync 1 DAGs
[2025-07-10T02:06:35.797+0000] {logging_mixin.py:188} INFO - [2025-07-10T02:06:35.796+0000] {dag.py:3823} INFO - Setting next_dagrun for example_dag_decorator to None, run_after=None
[2025-07-10T02:06:35.824+0000] {processor.py:183} INFO - Processing /home/airflow/.local/lib/python3.8/site-packages/airflow/example_dags/example_dag_decorator.py took 0.264 seconds
[2025-07-10T02:07:05.968+0000] {processor.py:161} INFO - Started process (PID=471) to work on /home/airflow/.local/lib/python3.8/site-packages/airflow/example_dags/example_dag_decorator.py
[2025-07-10T02:07:05.970+0000] {processor.py:830} INFO - Processing file /home/airflow/.local/lib/python3.8/site-packages/airflow/example_dags/example_dag_decorator.py for tasks to queue
[2025-07-10T02:07:05.973+0000] {logging_mixin.py:188} INFO - [2025-07-10T02:07:05.972+0000] {dagbag.py:538} INFO - Filling up the DagBag from /home/airflow/.local/lib/python3.8/site-packages/airflow/example_dags/example_dag_decorator.py
[2025-07-10T02:07:06.091+0000] {processor.py:840} INFO - DAG(s) 'example_dag_decorator' retrieved from /home/airflow/.local/lib/python3.8/site-packages/airflow/example_dags/example_dag_decorator.py
[2025-07-10T02:07:06.205+0000] {logging_mixin.py:188} INFO - [2025-07-10T02:07:06.204+0000] {dag.py:3036} INFO - Sync 1 DAGs
[2025-07-10T02:07:06.217+0000] {logging_mixin.py:188} INFO - [2025-07-10T02:07:06.216+0000] {dag.py:3823} INFO - Setting next_dagrun for example_dag_decorator to None, run_after=None
[2025-07-10T02:07:06.246+0000] {processor.py:183} INFO - Processing /home/airflow/.local/lib/python3.8/site-packages/airflow/example_dags/example_dag_decorator.py took 0.286 seconds
[2025-07-10T02:07:36.361+0000] {processor.py:161} INFO - Started process (PID=526) to work on /home/airflow/.local/lib/python3.8/site-packages/airflow/example_dags/example_dag_decorator.py
[2025-07-10T02:07:36.363+0000] {processor.py:830} INFO - Processing file /home/airflow/.local/lib/python3.8/site-packages/airflow/example_dags/example_dag_decorator.py for tasks to queue
[2025-07-10T02:07:36.367+0000] {logging_mixin.py:188} INFO - [2025-07-10T02:07:36.366+0000] {dagbag.py:538} INFO - Filling up the DagBag from /home/airflow/.local/lib/python3.8/site-packages/airflow/example_dags/example_dag_decorator.py
[2025-07-10T02:07:36.531+0000] {processor.py:840} INFO - DAG(s) 'example_dag_decorator' retrieved from /home/airflow/.local/lib/python3.8/site-packages/airflow/example_dags/example_dag_decorator.py
[2025-07-10T02:07:36.663+0000] {logging_mixin.py:188} INFO - [2025-07-10T02:07:36.662+0000] {dag.py:3036} INFO - Sync 1 DAGs
[2025-07-10T02:07:36.677+0000] {logging_mixin.py:188} INFO - [2025-07-10T02:07:36.676+0000] {dag.py:3823} INFO - Setting next_dagrun for example_dag_decorator to None, run_after=None
[2025-07-10T02:07:36.707+0000] {processor.py:183} INFO - Processing /home/airflow/.local/lib/python3.8/site-packages/airflow/example_dags/example_dag_decorator.py took 0.356 seconds
[2025-07-10T02:08:06.982+0000] {processor.py:161} INFO - Started process (PID=583) to work on /home/airflow/.local/lib/python3.8/site-packages/airflow/example_dags/example_dag_decorator.py
[2025-07-10T02:08:06.984+0000] {processor.py:830} INFO - Processing file /home/airflow/.local/lib/python3.8/site-packages/airflow/example_dags/example_dag_decorator.py for tasks to queue
[2025-07-10T02:08:06.989+0000] {logging_mixin.py:188} INFO - [2025-07-10T02:08:06.988+0000] {dagbag.py:538} INFO - Filling up the DagBag from /home/airflow/.local/lib/python3.8/site-packages/airflow/example_dags/example_dag_decorator.py
[2025-07-10T02:08:07.097+0000] {processor.py:840} INFO - DAG(s) 'example_dag_decorator' retrieved from /home/airflow/.local/lib/python3.8/site-packages/airflow/example_dags/example_dag_decorator.py
[2025-07-10T02:08:07.194+0000] {logging_mixin.py:188} INFO - [2025-07-10T02:08:07.194+0000] {dag.py:3036} INFO - Sync 1 DAGs
[2025-07-10T02:08:07.205+0000] {logging_mixin.py:188} INFO - [2025-07-10T02:08:07.204+0000] {dag.py:3823} INFO - Setting next_dagrun for example_dag_decorator to None, run_after=None
[2025-07-10T02:08:07.231+0000] {processor.py:183} INFO - Processing /home/airflow/.local/lib/python3.8/site-packages/airflow/example_dags/example_dag_decorator.py took 0.256 seconds
[2025-07-10T02:08:37.680+0000] {processor.py:161} INFO - Started process (PID=641) to work on /home/airflow/.local/lib/python3.8/site-packages/airflow/example_dags/example_dag_decorator.py
[2025-07-10T02:08:37.682+0000] {processor.py:830} INFO - Processing file /home/airflow/.local/lib/python3.8/site-packages/airflow/example_dags/example_dag_decorator.py for tasks to queue
[2025-07-10T02:08:37.685+0000] {logging_mixin.py:188} INFO - [2025-07-10T02:08:37.685+0000] {dagbag.py:538} INFO - Filling up the DagBag from /home/airflow/.local/lib/python3.8/site-packages/airflow/example_dags/example_dag_decorator.py
[2025-07-10T02:08:37.785+0000] {processor.py:840} INFO - DAG(s) 'example_dag_decorator' retrieved from /home/airflow/.local/lib/python3.8/site-packages/airflow/example_dags/example_dag_decorator.py
[2025-07-10T02:08:37.871+0000] {logging_mixin.py:188} INFO - [2025-07-10T02:08:37.871+0000] {dag.py:3036} INFO - Sync 1 DAGs
[2025-07-10T02:08:37.881+0000] {logging_mixin.py:188} INFO - [2025-07-10T02:08:37.881+0000] {dag.py:3823} INFO - Setting next_dagrun for example_dag_decorator to None, run_after=None
[2025-07-10T02:08:37.908+0000] {processor.py:183} INFO - Processing /home/airflow/.local/lib/python3.8/site-packages/airflow/example_dags/example_dag_decorator.py took 0.232 seconds
[2025-07-10T02:09:46.103+0000] {processor.py:161} INFO - Started process (PID=66) to work on /home/airflow/.local/lib/python3.8/site-packages/airflow/example_dags/example_dag_decorator.py
[2025-07-10T02:09:46.105+0000] {processor.py:830} INFO - Processing file /home/airflow/.local/lib/python3.8/site-packages/airflow/example_dags/example_dag_decorator.py for tasks to queue
[2025-07-10T02:09:46.108+0000] {logging_mixin.py:188} INFO - [2025-07-10T02:09:46.107+0000] {dagbag.py:538} INFO - Filling up the DagBag from /home/airflow/.local/lib/python3.8/site-packages/airflow/example_dags/example_dag_decorator.py
[2025-07-10T02:09:46.206+0000] {processor.py:840} INFO - DAG(s) 'example_dag_decorator' retrieved from /home/airflow/.local/lib/python3.8/site-packages/airflow/example_dags/example_dag_decorator.py
[2025-07-10T02:09:46.221+0000] {logging_mixin.py:188} INFO - [2025-07-10T02:09:46.220+0000] {dag.py:3036} INFO - Sync 1 DAGs
[2025-07-10T02:09:46.235+0000] {logging_mixin.py:188} INFO - [2025-07-10T02:09:46.234+0000] {dag.py:3823} INFO - Setting next_dagrun for example_dag_decorator to None, run_after=None
[2025-07-10T02:09:46.259+0000] {processor.py:183} INFO - Processing /home/airflow/.local/lib/python3.8/site-packages/airflow/example_dags/example_dag_decorator.py took 0.159 seconds
[2025-07-10T02:10:16.988+0000] {processor.py:161} INFO - Started process (PID=128) to work on /home/airflow/.local/lib/python3.8/site-packages/airflow/example_dags/example_dag_decorator.py
[2025-07-10T02:10:16.990+0000] {processor.py:830} INFO - Processing file /home/airflow/.local/lib/python3.8/site-packages/airflow/example_dags/example_dag_decorator.py for tasks to queue
[2025-07-10T02:10:16.992+0000] {logging_mixin.py:188} INFO - [2025-07-10T02:10:16.992+0000] {dagbag.py:538} INFO - Filling up the DagBag from /home/airflow/.local/lib/python3.8/site-packages/airflow/example_dags/example_dag_decorator.py
[2025-07-10T02:10:17.101+0000] {processor.py:840} INFO - DAG(s) 'example_dag_decorator' retrieved from /home/airflow/.local/lib/python3.8/site-packages/airflow/example_dags/example_dag_decorator.py
[2025-07-10T02:10:17.221+0000] {logging_mixin.py:188} INFO - [2025-07-10T02:10:17.221+0000] {dag.py:3036} INFO - Sync 1 DAGs
[2025-07-10T02:10:17.232+0000] {logging_mixin.py:188} INFO - [2025-07-10T02:10:17.232+0000] {dag.py:3823} INFO - Setting next_dagrun for example_dag_decorator to None, run_after=None
[2025-07-10T02:10:17.264+0000] {processor.py:183} INFO - Processing /home/airflow/.local/lib/python3.8/site-packages/airflow/example_dags/example_dag_decorator.py took 0.279 seconds
[2025-07-10T02:10:48.333+0000] {processor.py:161} INFO - Started process (PID=184) to work on /home/airflow/.local/lib/python3.8/site-packages/airflow/example_dags/example_dag_decorator.py
[2025-07-10T02:10:48.336+0000] {processor.py:830} INFO - Processing file /home/airflow/.local/lib/python3.8/site-packages/airflow/example_dags/example_dag_decorator.py for tasks to queue
[2025-07-10T02:10:48.340+0000] {logging_mixin.py:188} INFO - [2025-07-10T02:10:48.340+0000] {dagbag.py:538} INFO - Filling up the DagBag from /home/airflow/.local/lib/python3.8/site-packages/airflow/example_dags/example_dag_decorator.py
[2025-07-10T02:10:48.534+0000] {processor.py:840} INFO - DAG(s) 'example_dag_decorator' retrieved from /home/airflow/.local/lib/python3.8/site-packages/airflow/example_dags/example_dag_decorator.py
[2025-07-10T02:10:48.719+0000] {logging_mixin.py:188} INFO - [2025-07-10T02:10:48.719+0000] {dag.py:3036} INFO - Sync 1 DAGs
[2025-07-10T02:10:48.740+0000] {logging_mixin.py:188} INFO - [2025-07-10T02:10:48.739+0000] {dag.py:3823} INFO - Setting next_dagrun for example_dag_decorator to None, run_after=None
[2025-07-10T02:10:48.779+0000] {processor.py:183} INFO - Processing /home/airflow/.local/lib/python3.8/site-packages/airflow/example_dags/example_dag_decorator.py took 0.452 seconds
[2025-07-10T02:11:19.558+0000] {processor.py:161} INFO - Started process (PID=240) to work on /home/airflow/.local/lib/python3.8/site-packages/airflow/example_dags/example_dag_decorator.py
[2025-07-10T02:11:19.559+0000] {processor.py:830} INFO - Processing file /home/airflow/.local/lib/python3.8/site-packages/airflow/example_dags/example_dag_decorator.py for tasks to queue
[2025-07-10T02:11:19.562+0000] {logging_mixin.py:188} INFO - [2025-07-10T02:11:19.562+0000] {dagbag.py:538} INFO - Filling up the DagBag from /home/airflow/.local/lib/python3.8/site-packages/airflow/example_dags/example_dag_decorator.py
[2025-07-10T02:11:19.663+0000] {processor.py:840} INFO - DAG(s) 'example_dag_decorator' retrieved from /home/airflow/.local/lib/python3.8/site-packages/airflow/example_dags/example_dag_decorator.py
[2025-07-10T02:11:19.763+0000] {logging_mixin.py:188} INFO - [2025-07-10T02:11:19.762+0000] {dag.py:3036} INFO - Sync 1 DAGs
[2025-07-10T02:11:19.774+0000] {logging_mixin.py:188} INFO - [2025-07-10T02:11:19.774+0000] {dag.py:3823} INFO - Setting next_dagrun for example_dag_decorator to None, run_after=None
[2025-07-10T02:11:19.799+0000] {processor.py:183} INFO - Processing /home/airflow/.local/lib/python3.8/site-packages/airflow/example_dags/example_dag_decorator.py took 0.245 seconds
[2025-07-10T02:11:50.020+0000] {processor.py:161} INFO - Started process (PID=296) to work on /home/airflow/.local/lib/python3.8/site-packages/airflow/example_dags/example_dag_decorator.py
[2025-07-10T02:11:50.021+0000] {processor.py:830} INFO - Processing file /home/airflow/.local/lib/python3.8/site-packages/airflow/example_dags/example_dag_decorator.py for tasks to queue
[2025-07-10T02:11:50.025+0000] {logging_mixin.py:188} INFO - [2025-07-10T02:11:50.024+0000] {dagbag.py:538} INFO - Filling up the DagBag from /home/airflow/.local/lib/python3.8/site-packages/airflow/example_dags/example_dag_decorator.py
[2025-07-10T02:11:50.132+0000] {processor.py:840} INFO - DAG(s) 'example_dag_decorator' retrieved from /home/airflow/.local/lib/python3.8/site-packages/airflow/example_dags/example_dag_decorator.py
[2025-07-10T02:11:50.225+0000] {logging_mixin.py:188} INFO - [2025-07-10T02:11:50.225+0000] {dag.py:3036} INFO - Sync 1 DAGs
[2025-07-10T02:11:50.236+0000] {logging_mixin.py:188} INFO - [2025-07-10T02:11:50.235+0000] {dag.py:3823} INFO - Setting next_dagrun for example_dag_decorator to None, run_after=None
[2025-07-10T02:11:50.264+0000] {processor.py:183} INFO - Processing /home/airflow/.local/lib/python3.8/site-packages/airflow/example_dags/example_dag_decorator.py took 0.250 seconds
[2025-07-10T02:14:04.526+0000] {processor.py:161} INFO - Started process (PID=77) to work on /home/airflow/.local/lib/python3.8/site-packages/airflow/example_dags/example_dag_decorator.py
[2025-07-10T02:14:04.528+0000] {processor.py:830} INFO - Processing file /home/airflow/.local/lib/python3.8/site-packages/airflow/example_dags/example_dag_decorator.py for tasks to queue
[2025-07-10T02:14:04.532+0000] {logging_mixin.py:188} INFO - [2025-07-10T02:14:04.532+0000] {dagbag.py:538} INFO - Filling up the DagBag from /home/airflow/.local/lib/python3.8/site-packages/airflow/example_dags/example_dag_decorator.py
[2025-07-10T02:14:04.855+0000] {processor.py:840} INFO - DAG(s) 'example_dag_decorator' retrieved from /home/airflow/.local/lib/python3.8/site-packages/airflow/example_dags/example_dag_decorator.py
[2025-07-10T02:14:05.016+0000] {logging_mixin.py:188} INFO - [2025-07-10T02:14:05.015+0000] {override.py:1769} INFO - Created Permission View: can delete on DAG:example_dag_decorator
[2025-07-10T02:14:05.037+0000] {logging_mixin.py:188} INFO - [2025-07-10T02:14:05.037+0000] {override.py:1769} INFO - Created Permission View: can read on DAG:example_dag_decorator
[2025-07-10T02:14:05.050+0000] {logging_mixin.py:188} INFO - [2025-07-10T02:14:05.049+0000] {override.py:1769} INFO - Created Permission View: can edit on DAG:example_dag_decorator
[2025-07-10T02:14:05.051+0000] {logging_mixin.py:188} INFO - [2025-07-10T02:14:05.051+0000] {dag.py:3036} INFO - Sync 1 DAGs
[2025-07-10T02:14:05.079+0000] {logging_mixin.py:188} INFO - [2025-07-10T02:14:05.078+0000] {dag.py:3058} INFO - Creating ORM DAG for example_dag_decorator
[2025-07-10T02:14:05.081+0000] {logging_mixin.py:188} INFO - [2025-07-10T02:14:05.080+0000] {dag.py:3823} INFO - Setting next_dagrun for example_dag_decorator to None, run_after=None
[2025-07-10T02:14:05.123+0000] {processor.py:183} INFO - Processing /home/airflow/.local/lib/python3.8/site-packages/airflow/example_dags/example_dag_decorator.py took 0.603 seconds
[2025-07-10T02:14:35.758+0000] {processor.py:161} INFO - Started process (PID=133) to work on /home/airflow/.local/lib/python3.8/site-packages/airflow/example_dags/example_dag_decorator.py
[2025-07-10T02:14:35.760+0000] {processor.py:830} INFO - Processing file /home/airflow/.local/lib/python3.8/site-packages/airflow/example_dags/example_dag_decorator.py for tasks to queue
[2025-07-10T02:14:35.762+0000] {logging_mixin.py:188} INFO - [2025-07-10T02:14:35.762+0000] {dagbag.py:538} INFO - Filling up the DagBag from /home/airflow/.local/lib/python3.8/site-packages/airflow/example_dags/example_dag_decorator.py
[2025-07-10T02:14:35.863+0000] {processor.py:840} INFO - DAG(s) 'example_dag_decorator' retrieved from /home/airflow/.local/lib/python3.8/site-packages/airflow/example_dags/example_dag_decorator.py
[2025-07-10T02:14:35.959+0000] {logging_mixin.py:188} INFO - [2025-07-10T02:14:35.958+0000] {dag.py:3036} INFO - Sync 1 DAGs
[2025-07-10T02:14:35.969+0000] {logging_mixin.py:188} INFO - [2025-07-10T02:14:35.969+0000] {dag.py:3823} INFO - Setting next_dagrun for example_dag_decorator to None, run_after=None
[2025-07-10T02:14:35.995+0000] {processor.py:183} INFO - Processing /home/airflow/.local/lib/python3.8/site-packages/airflow/example_dags/example_dag_decorator.py took 0.240 seconds
[2025-07-10T02:15:06.576+0000] {processor.py:161} INFO - Started process (PID=189) to work on /home/airflow/.local/lib/python3.8/site-packages/airflow/example_dags/example_dag_decorator.py
[2025-07-10T02:15:06.579+0000] {processor.py:830} INFO - Processing file /home/airflow/.local/lib/python3.8/site-packages/airflow/example_dags/example_dag_decorator.py for tasks to queue
[2025-07-10T02:15:06.583+0000] {logging_mixin.py:188} INFO - [2025-07-10T02:15:06.582+0000] {dagbag.py:538} INFO - Filling up the DagBag from /home/airflow/.local/lib/python3.8/site-packages/airflow/example_dags/example_dag_decorator.py
[2025-07-10T02:15:06.698+0000] {processor.py:840} INFO - DAG(s) 'example_dag_decorator' retrieved from /home/airflow/.local/lib/python3.8/site-packages/airflow/example_dags/example_dag_decorator.py
[2025-07-10T02:15:06.807+0000] {logging_mixin.py:188} INFO - [2025-07-10T02:15:06.806+0000] {dag.py:3036} INFO - Sync 1 DAGs
[2025-07-10T02:15:06.818+0000] {logging_mixin.py:188} INFO - [2025-07-10T02:15:06.817+0000] {dag.py:3823} INFO - Setting next_dagrun for example_dag_decorator to None, run_after=None
[2025-07-10T02:15:06.845+0000] {processor.py:183} INFO - Processing /home/airflow/.local/lib/python3.8/site-packages/airflow/example_dags/example_dag_decorator.py took 0.277 seconds
[2025-07-10T02:15:37.267+0000] {processor.py:161} INFO - Started process (PID=245) to work on /home/airflow/.local/lib/python3.8/site-packages/airflow/example_dags/example_dag_decorator.py
[2025-07-10T02:15:37.270+0000] {processor.py:830} INFO - Processing file /home/airflow/.local/lib/python3.8/site-packages/airflow/example_dags/example_dag_decorator.py for tasks to queue
[2025-07-10T02:15:37.273+0000] {logging_mixin.py:188} INFO - [2025-07-10T02:15:37.273+0000] {dagbag.py:538} INFO - Filling up the DagBag from /home/airflow/.local/lib/python3.8/site-packages/airflow/example_dags/example_dag_decorator.py
[2025-07-10T02:15:37.389+0000] {processor.py:840} INFO - DAG(s) 'example_dag_decorator' retrieved from /home/airflow/.local/lib/python3.8/site-packages/airflow/example_dags/example_dag_decorator.py
[2025-07-10T02:15:37.494+0000] {logging_mixin.py:188} INFO - [2025-07-10T02:15:37.493+0000] {dag.py:3036} INFO - Sync 1 DAGs
[2025-07-10T02:15:37.505+0000] {logging_mixin.py:188} INFO - [2025-07-10T02:15:37.504+0000] {dag.py:3823} INFO - Setting next_dagrun for example_dag_decorator to None, run_after=None
[2025-07-10T02:15:37.528+0000] {processor.py:183} INFO - Processing /home/airflow/.local/lib/python3.8/site-packages/airflow/example_dags/example_dag_decorator.py took 0.268 seconds
[2025-07-10T02:16:38.022+0000] {processor.py:161} INFO - Started process (PID=77) to work on /home/airflow/.local/lib/python3.8/site-packages/airflow/example_dags/example_dag_decorator.py
[2025-07-10T02:16:38.023+0000] {processor.py:830} INFO - Processing file /home/airflow/.local/lib/python3.8/site-packages/airflow/example_dags/example_dag_decorator.py for tasks to queue
[2025-07-10T02:16:38.026+0000] {logging_mixin.py:188} INFO - [2025-07-10T02:16:38.026+0000] {dagbag.py:538} INFO - Filling up the DagBag from /home/airflow/.local/lib/python3.8/site-packages/airflow/example_dags/example_dag_decorator.py
[2025-07-10T02:16:38.221+0000] {processor.py:840} INFO - DAG(s) 'example_dag_decorator' retrieved from /home/airflow/.local/lib/python3.8/site-packages/airflow/example_dags/example_dag_decorator.py
[2025-07-10T02:16:38.239+0000] {logging_mixin.py:188} INFO - [2025-07-10T02:16:38.239+0000] {dag.py:3036} INFO - Sync 1 DAGs
[2025-07-10T02:16:38.254+0000] {logging_mixin.py:188} INFO - [2025-07-10T02:16:38.254+0000] {dag.py:3823} INFO - Setting next_dagrun for example_dag_decorator to None, run_after=None
[2025-07-10T02:16:38.282+0000] {processor.py:183} INFO - Processing /home/airflow/.local/lib/python3.8/site-packages/airflow/example_dags/example_dag_decorator.py took 0.263 seconds
[2025-07-10T02:17:09.296+0000] {processor.py:161} INFO - Started process (PID=133) to work on /home/airflow/.local/lib/python3.8/site-packages/airflow/example_dags/example_dag_decorator.py
[2025-07-10T02:17:09.297+0000] {processor.py:830} INFO - Processing file /home/airflow/.local/lib/python3.8/site-packages/airflow/example_dags/example_dag_decorator.py for tasks to queue
[2025-07-10T02:17:09.301+0000] {logging_mixin.py:188} INFO - [2025-07-10T02:17:09.300+0000] {dagbag.py:538} INFO - Filling up the DagBag from /home/airflow/.local/lib/python3.8/site-packages/airflow/example_dags/example_dag_decorator.py
[2025-07-10T02:17:09.402+0000] {processor.py:840} INFO - DAG(s) 'example_dag_decorator' retrieved from /home/airflow/.local/lib/python3.8/site-packages/airflow/example_dags/example_dag_decorator.py
[2025-07-10T02:17:09.492+0000] {logging_mixin.py:188} INFO - [2025-07-10T02:17:09.492+0000] {dag.py:3036} INFO - Sync 1 DAGs
[2025-07-10T02:17:09.504+0000] {logging_mixin.py:188} INFO - [2025-07-10T02:17:09.504+0000] {dag.py:3823} INFO - Setting next_dagrun for example_dag_decorator to None, run_after=None
[2025-07-10T02:17:09.534+0000] {processor.py:183} INFO - Processing /home/airflow/.local/lib/python3.8/site-packages/airflow/example_dags/example_dag_decorator.py took 0.242 seconds
