[2025-07-10T00:00:12.053+0000] {processor.py:161} INFO - Started process (PID=742) to work on /home/airflow/.local/lib/python3.8/site-packages/airflow/example_dags/example_subdag_operator.py
[2025-07-10T00:00:12.055+0000] {processor.py:830} INFO - Processing file /home/airflow/.local/lib/python3.8/site-packages/airflow/example_dags/example_subdag_operator.py for tasks to queue
[2025-07-10T00:00:12.057+0000] {logging_mixin.py:188} INFO - [2025-07-10T00:00:12.057+0000] {dagbag.py:538} INFO - Filling up the DagBag from /home/airflow/.local/lib/python3.8/site-packages/airflow/example_dags/example_subdag_operator.py
[2025-07-10T00:00:12.103+0000] {processor.py:840} INFO - DAG(s) 'example_subdag_operator.section-1', 'example_subdag_operator.section-2', 'example_subdag_operator' retrieved from /home/airflow/.local/lib/python3.8/site-packages/airflow/example_dags/example_subdag_operator.py
[2025-07-10T00:00:12.122+0000] {logging_mixin.py:188} INFO - [2025-07-10T00:00:12.122+0000] {dag.py:3036} INFO - Sync 3 DAGs
[2025-07-10T00:00:12.147+0000] {logging_mixin.py:188} INFO - [2025-07-10T00:00:12.147+0000] {dag.py:3823} INFO - Setting next_dagrun for example_subdag_operator to 2022-01-01 00:00:00+00:00, run_after=2022-01-01 00:00:00+00:00
[2025-07-10T00:00:12.153+0000] {logging_mixin.py:188} INFO - [2025-07-10T00:00:12.153+0000] {dag.py:3823} INFO - Setting next_dagrun for example_subdag_operator.section-1 to None, run_after=None
[2025-07-10T00:00:12.157+0000] {logging_mixin.py:188} INFO - [2025-07-10T00:00:12.157+0000] {dag.py:3823} INFO - Setting next_dagrun for example_subdag_operator.section-2 to None, run_after=None
[2025-07-10T00:00:12.172+0000] {logging_mixin.py:188} INFO - [2025-07-10T00:00:12.172+0000] {dag.py:3036} INFO - Sync 2 DAGs
[2025-07-10T00:00:12.191+0000] {logging_mixin.py:188} INFO - [2025-07-10T00:00:12.191+0000] {dag.py:3823} INFO - Setting next_dagrun for example_subdag_operator.section-1 to None, run_after=None
[2025-07-10T00:00:12.199+0000] {logging_mixin.py:188} INFO - [2025-07-10T00:00:12.198+0000] {dag.py:3823} INFO - Setting next_dagrun for example_subdag_operator.section-2 to None, run_after=None
[2025-07-10T00:00:12.239+0000] {processor.py:183} INFO - Processing /home/airflow/.local/lib/python3.8/site-packages/airflow/example_dags/example_subdag_operator.py took 0.194 seconds
[2025-07-10T00:01:40.996+0000] {processor.py:161} INFO - Started process (PID=115) to work on /home/airflow/.local/lib/python3.8/site-packages/airflow/example_dags/example_subdag_operator.py
[2025-07-10T00:01:41.000+0000] {processor.py:830} INFO - Processing file /home/airflow/.local/lib/python3.8/site-packages/airflow/example_dags/example_subdag_operator.py for tasks to queue
[2025-07-10T00:01:41.005+0000] {logging_mixin.py:188} INFO - [2025-07-10T00:01:41.004+0000] {dagbag.py:538} INFO - Filling up the DagBag from /home/airflow/.local/lib/python3.8/site-packages/airflow/example_dags/example_subdag_operator.py
[2025-07-10T00:01:41.077+0000] {processor.py:840} INFO - DAG(s) 'example_subdag_operator.section-1', 'example_subdag_operator.section-2', 'example_subdag_operator' retrieved from /home/airflow/.local/lib/python3.8/site-packages/airflow/example_dags/example_subdag_operator.py
[2025-07-10T00:01:41.329+0000] {logging_mixin.py:188} INFO - [2025-07-10T00:01:41.329+0000] {dag.py:3036} INFO - Sync 3 DAGs
[2025-07-10T00:01:41.375+0000] {logging_mixin.py:188} INFO - [2025-07-10T00:01:41.374+0000] {dag.py:3823} INFO - Setting next_dagrun for example_subdag_operator to 2022-01-01 00:00:00+00:00, run_after=2022-01-01 00:00:00+00:00
[2025-07-10T00:01:41.382+0000] {logging_mixin.py:188} INFO - [2025-07-10T00:01:41.381+0000] {dag.py:3823} INFO - Setting next_dagrun for example_subdag_operator.section-1 to None, run_after=None
[2025-07-10T00:01:41.385+0000] {logging_mixin.py:188} INFO - [2025-07-10T00:01:41.385+0000] {dag.py:3823} INFO - Setting next_dagrun for example_subdag_operator.section-2 to None, run_after=None
[2025-07-10T00:01:41.403+0000] {logging_mixin.py:188} INFO - [2025-07-10T00:01:41.403+0000] {dag.py:3036} INFO - Sync 2 DAGs
[2025-07-10T00:01:41.414+0000] {logging_mixin.py:188} INFO - [2025-07-10T00:01:41.414+0000] {dag.py:3823} INFO - Setting next_dagrun for example_subdag_operator.section-1 to None, run_after=None
[2025-07-10T00:01:41.416+0000] {logging_mixin.py:188} INFO - [2025-07-10T00:01:41.416+0000] {dag.py:3823} INFO - Setting next_dagrun for example_subdag_operator.section-2 to None, run_after=None
[2025-07-10T00:01:41.443+0000] {processor.py:183} INFO - Processing /home/airflow/.local/lib/python3.8/site-packages/airflow/example_dags/example_subdag_operator.py took 0.457 seconds
[2025-07-10T00:02:12.137+0000] {processor.py:161} INFO - Started process (PID=171) to work on /home/airflow/.local/lib/python3.8/site-packages/airflow/example_dags/example_subdag_operator.py
[2025-07-10T00:02:12.140+0000] {processor.py:830} INFO - Processing file /home/airflow/.local/lib/python3.8/site-packages/airflow/example_dags/example_subdag_operator.py for tasks to queue
[2025-07-10T00:02:12.145+0000] {logging_mixin.py:188} INFO - [2025-07-10T00:02:12.144+0000] {dagbag.py:538} INFO - Filling up the DagBag from /home/airflow/.local/lib/python3.8/site-packages/airflow/example_dags/example_subdag_operator.py
[2025-07-10T00:02:12.184+0000] {processor.py:840} INFO - DAG(s) 'example_subdag_operator.section-1', 'example_subdag_operator.section-2', 'example_subdag_operator' retrieved from /home/airflow/.local/lib/python3.8/site-packages/airflow/example_dags/example_subdag_operator.py
[2025-07-10T00:02:12.191+0000] {logging_mixin.py:188} INFO - [2025-07-10T00:02:12.191+0000] {dag.py:3036} INFO - Sync 3 DAGs
[2025-07-10T00:02:12.221+0000] {logging_mixin.py:188} INFO - [2025-07-10T00:02:12.220+0000] {dag.py:3823} INFO - Setting next_dagrun for example_subdag_operator to 2022-01-01 00:00:00+00:00, run_after=2022-01-01 00:00:00+00:00
[2025-07-10T00:02:12.228+0000] {logging_mixin.py:188} INFO - [2025-07-10T00:02:12.228+0000] {dag.py:3823} INFO - Setting next_dagrun for example_subdag_operator.section-1 to None, run_after=None
[2025-07-10T00:02:12.232+0000] {logging_mixin.py:188} INFO - [2025-07-10T00:02:12.232+0000] {dag.py:3823} INFO - Setting next_dagrun for example_subdag_operator.section-2 to None, run_after=None
[2025-07-10T00:02:12.245+0000] {logging_mixin.py:188} INFO - [2025-07-10T00:02:12.244+0000] {dag.py:3036} INFO - Sync 2 DAGs
[2025-07-10T00:02:12.254+0000] {logging_mixin.py:188} INFO - [2025-07-10T00:02:12.254+0000] {dag.py:3823} INFO - Setting next_dagrun for example_subdag_operator.section-1 to None, run_after=None
[2025-07-10T00:02:12.256+0000] {logging_mixin.py:188} INFO - [2025-07-10T00:02:12.255+0000] {dag.py:3823} INFO - Setting next_dagrun for example_subdag_operator.section-2 to None, run_after=None
[2025-07-10T00:02:12.282+0000] {processor.py:183} INFO - Processing /home/airflow/.local/lib/python3.8/site-packages/airflow/example_dags/example_subdag_operator.py took 0.152 seconds
[2025-07-10T00:02:43.432+0000] {processor.py:161} INFO - Started process (PID=227) to work on /home/airflow/.local/lib/python3.8/site-packages/airflow/example_dags/example_subdag_operator.py
[2025-07-10T00:02:43.433+0000] {processor.py:830} INFO - Processing file /home/airflow/.local/lib/python3.8/site-packages/airflow/example_dags/example_subdag_operator.py for tasks to queue
[2025-07-10T00:02:43.436+0000] {logging_mixin.py:188} INFO - [2025-07-10T00:02:43.436+0000] {dagbag.py:538} INFO - Filling up the DagBag from /home/airflow/.local/lib/python3.8/site-packages/airflow/example_dags/example_subdag_operator.py
[2025-07-10T00:02:43.469+0000] {processor.py:840} INFO - DAG(s) 'example_subdag_operator.section-1', 'example_subdag_operator.section-2', 'example_subdag_operator' retrieved from /home/airflow/.local/lib/python3.8/site-packages/airflow/example_dags/example_subdag_operator.py
[2025-07-10T00:02:43.582+0000] {logging_mixin.py:188} INFO - [2025-07-10T00:02:43.582+0000] {dag.py:3036} INFO - Sync 3 DAGs
[2025-07-10T00:02:43.603+0000] {logging_mixin.py:188} INFO - [2025-07-10T00:02:43.603+0000] {dag.py:3823} INFO - Setting next_dagrun for example_subdag_operator to 2022-01-01 00:00:00+00:00, run_after=2022-01-01 00:00:00+00:00
[2025-07-10T00:02:43.607+0000] {logging_mixin.py:188} INFO - [2025-07-10T00:02:43.607+0000] {dag.py:3823} INFO - Setting next_dagrun for example_subdag_operator.section-1 to None, run_after=None
[2025-07-10T00:02:43.610+0000] {logging_mixin.py:188} INFO - [2025-07-10T00:02:43.609+0000] {dag.py:3823} INFO - Setting next_dagrun for example_subdag_operator.section-2 to None, run_after=None
[2025-07-10T00:02:43.620+0000] {logging_mixin.py:188} INFO - [2025-07-10T00:02:43.620+0000] {dag.py:3036} INFO - Sync 2 DAGs
[2025-07-10T00:02:43.627+0000] {logging_mixin.py:188} INFO - [2025-07-10T00:02:43.627+0000] {dag.py:3823} INFO - Setting next_dagrun for example_subdag_operator.section-1 to None, run_after=None
[2025-07-10T00:02:43.628+0000] {logging_mixin.py:188} INFO - [2025-07-10T00:02:43.628+0000] {dag.py:3823} INFO - Setting next_dagrun for example_subdag_operator.section-2 to None, run_after=None
[2025-07-10T00:02:43.647+0000] {processor.py:183} INFO - Processing /home/airflow/.local/lib/python3.8/site-packages/airflow/example_dags/example_subdag_operator.py took 0.220 seconds
[2025-07-10T00:03:14.277+0000] {processor.py:161} INFO - Started process (PID=283) to work on /home/airflow/.local/lib/python3.8/site-packages/airflow/example_dags/example_subdag_operator.py
[2025-07-10T00:03:14.279+0000] {processor.py:830} INFO - Processing file /home/airflow/.local/lib/python3.8/site-packages/airflow/example_dags/example_subdag_operator.py for tasks to queue
[2025-07-10T00:03:14.282+0000] {logging_mixin.py:188} INFO - [2025-07-10T00:03:14.281+0000] {dagbag.py:538} INFO - Filling up the DagBag from /home/airflow/.local/lib/python3.8/site-packages/airflow/example_dags/example_subdag_operator.py
[2025-07-10T00:03:14.314+0000] {processor.py:840} INFO - DAG(s) 'example_subdag_operator.section-1', 'example_subdag_operator.section-2', 'example_subdag_operator' retrieved from /home/airflow/.local/lib/python3.8/site-packages/airflow/example_dags/example_subdag_operator.py
[2025-07-10T00:03:14.332+0000] {logging_mixin.py:188} INFO - [2025-07-10T00:03:14.332+0000] {dag.py:3036} INFO - Sync 3 DAGs
[2025-07-10T00:03:14.357+0000] {logging_mixin.py:188} INFO - [2025-07-10T00:03:14.357+0000] {dag.py:3823} INFO - Setting next_dagrun for example_subdag_operator to 2022-01-01 00:00:00+00:00, run_after=2022-01-01 00:00:00+00:00
[2025-07-10T00:03:14.362+0000] {logging_mixin.py:188} INFO - [2025-07-10T00:03:14.362+0000] {dag.py:3823} INFO - Setting next_dagrun for example_subdag_operator.section-1 to None, run_after=None
[2025-07-10T00:03:14.365+0000] {logging_mixin.py:188} INFO - [2025-07-10T00:03:14.365+0000] {dag.py:3823} INFO - Setting next_dagrun for example_subdag_operator.section-2 to None, run_after=None
[2025-07-10T00:03:14.376+0000] {logging_mixin.py:188} INFO - [2025-07-10T00:03:14.375+0000] {dag.py:3036} INFO - Sync 2 DAGs
[2025-07-10T00:03:14.387+0000] {logging_mixin.py:188} INFO - [2025-07-10T00:03:14.387+0000] {dag.py:3823} INFO - Setting next_dagrun for example_subdag_operator.section-1 to None, run_after=None
[2025-07-10T00:03:14.389+0000] {logging_mixin.py:188} INFO - [2025-07-10T00:03:14.388+0000] {dag.py:3823} INFO - Setting next_dagrun for example_subdag_operator.section-2 to None, run_after=None
[2025-07-10T00:03:14.409+0000] {processor.py:183} INFO - Processing /home/airflow/.local/lib/python3.8/site-packages/airflow/example_dags/example_subdag_operator.py took 0.136 seconds
[2025-07-10T00:03:44.800+0000] {processor.py:161} INFO - Started process (PID=339) to work on /home/airflow/.local/lib/python3.8/site-packages/airflow/example_dags/example_subdag_operator.py
[2025-07-10T00:03:44.802+0000] {processor.py:830} INFO - Processing file /home/airflow/.local/lib/python3.8/site-packages/airflow/example_dags/example_subdag_operator.py for tasks to queue
[2025-07-10T00:03:44.807+0000] {logging_mixin.py:188} INFO - [2025-07-10T00:03:44.806+0000] {dagbag.py:538} INFO - Filling up the DagBag from /home/airflow/.local/lib/python3.8/site-packages/airflow/example_dags/example_subdag_operator.py
[2025-07-10T00:03:44.841+0000] {processor.py:840} INFO - DAG(s) 'example_subdag_operator.section-1', 'example_subdag_operator.section-2', 'example_subdag_operator' retrieved from /home/airflow/.local/lib/python3.8/site-packages/airflow/example_dags/example_subdag_operator.py
[2025-07-10T00:03:44.860+0000] {logging_mixin.py:188} INFO - [2025-07-10T00:03:44.859+0000] {dag.py:3036} INFO - Sync 3 DAGs
[2025-07-10T00:03:44.884+0000] {logging_mixin.py:188} INFO - [2025-07-10T00:03:44.883+0000] {dag.py:3823} INFO - Setting next_dagrun for example_subdag_operator to 2022-01-01 00:00:00+00:00, run_after=2022-01-01 00:00:00+00:00
[2025-07-10T00:03:44.889+0000] {logging_mixin.py:188} INFO - [2025-07-10T00:03:44.888+0000] {dag.py:3823} INFO - Setting next_dagrun for example_subdag_operator.section-1 to None, run_after=None
[2025-07-10T00:03:44.892+0000] {logging_mixin.py:188} INFO - [2025-07-10T00:03:44.892+0000] {dag.py:3823} INFO - Setting next_dagrun for example_subdag_operator.section-2 to None, run_after=None
[2025-07-10T00:03:44.902+0000] {logging_mixin.py:188} INFO - [2025-07-10T00:03:44.902+0000] {dag.py:3036} INFO - Sync 2 DAGs
[2025-07-10T00:03:44.912+0000] {logging_mixin.py:188} INFO - [2025-07-10T00:03:44.912+0000] {dag.py:3823} INFO - Setting next_dagrun for example_subdag_operator.section-1 to None, run_after=None
[2025-07-10T00:03:44.913+0000] {logging_mixin.py:188} INFO - [2025-07-10T00:03:44.913+0000] {dag.py:3823} INFO - Setting next_dagrun for example_subdag_operator.section-2 to None, run_after=None
[2025-07-10T00:03:44.931+0000] {processor.py:183} INFO - Processing /home/airflow/.local/lib/python3.8/site-packages/airflow/example_dags/example_subdag_operator.py took 0.136 seconds
[2025-07-10T00:04:15.618+0000] {processor.py:161} INFO - Started process (PID=395) to work on /home/airflow/.local/lib/python3.8/site-packages/airflow/example_dags/example_subdag_operator.py
[2025-07-10T00:04:15.620+0000] {processor.py:830} INFO - Processing file /home/airflow/.local/lib/python3.8/site-packages/airflow/example_dags/example_subdag_operator.py for tasks to queue
[2025-07-10T00:04:15.623+0000] {logging_mixin.py:188} INFO - [2025-07-10T00:04:15.622+0000] {dagbag.py:538} INFO - Filling up the DagBag from /home/airflow/.local/lib/python3.8/site-packages/airflow/example_dags/example_subdag_operator.py
[2025-07-10T00:04:15.669+0000] {processor.py:840} INFO - DAG(s) 'example_subdag_operator.section-1', 'example_subdag_operator.section-2', 'example_subdag_operator' retrieved from /home/airflow/.local/lib/python3.8/site-packages/airflow/example_dags/example_subdag_operator.py
[2025-07-10T00:04:15.695+0000] {logging_mixin.py:188} INFO - [2025-07-10T00:04:15.694+0000] {dag.py:3036} INFO - Sync 3 DAGs
[2025-07-10T00:04:15.731+0000] {logging_mixin.py:188} INFO - [2025-07-10T00:04:15.731+0000] {dag.py:3823} INFO - Setting next_dagrun for example_subdag_operator to 2022-01-01 00:00:00+00:00, run_after=2022-01-01 00:00:00+00:00
[2025-07-10T00:04:15.737+0000] {logging_mixin.py:188} INFO - [2025-07-10T00:04:15.736+0000] {dag.py:3823} INFO - Setting next_dagrun for example_subdag_operator.section-1 to None, run_after=None
[2025-07-10T00:04:15.739+0000] {logging_mixin.py:188} INFO - [2025-07-10T00:04:15.739+0000] {dag.py:3823} INFO - Setting next_dagrun for example_subdag_operator.section-2 to None, run_after=None
[2025-07-10T00:04:15.753+0000] {logging_mixin.py:188} INFO - [2025-07-10T00:04:15.752+0000] {dag.py:3036} INFO - Sync 2 DAGs
[2025-07-10T00:04:15.764+0000] {logging_mixin.py:188} INFO - [2025-07-10T00:04:15.764+0000] {dag.py:3823} INFO - Setting next_dagrun for example_subdag_operator.section-1 to None, run_after=None
[2025-07-10T00:04:15.765+0000] {logging_mixin.py:188} INFO - [2025-07-10T00:04:15.765+0000] {dag.py:3823} INFO - Setting next_dagrun for example_subdag_operator.section-2 to None, run_after=None
[2025-07-10T00:04:15.787+0000] {processor.py:183} INFO - Processing /home/airflow/.local/lib/python3.8/site-packages/airflow/example_dags/example_subdag_operator.py took 0.174 seconds
[2025-07-10T02:03:33.906+0000] {processor.py:161} INFO - Started process (PID=109) to work on /home/airflow/.local/lib/python3.8/site-packages/airflow/example_dags/example_subdag_operator.py
[2025-07-10T02:03:33.909+0000] {processor.py:830} INFO - Processing file /home/airflow/.local/lib/python3.8/site-packages/airflow/example_dags/example_subdag_operator.py for tasks to queue
[2025-07-10T02:03:33.912+0000] {logging_mixin.py:188} INFO - [2025-07-10T02:03:33.911+0000] {dagbag.py:538} INFO - Filling up the DagBag from /home/airflow/.local/lib/python3.8/site-packages/airflow/example_dags/example_subdag_operator.py
[2025-07-10T02:03:33.942+0000] {processor.py:840} INFO - DAG(s) 'example_subdag_operator.section-1', 'example_subdag_operator.section-2', 'example_subdag_operator' retrieved from /home/airflow/.local/lib/python3.8/site-packages/airflow/example_dags/example_subdag_operator.py
[2025-07-10T02:03:33.961+0000] {logging_mixin.py:188} INFO - [2025-07-10T02:03:33.961+0000] {dag.py:3036} INFO - Sync 3 DAGs
[2025-07-10T02:03:33.985+0000] {logging_mixin.py:188} INFO - [2025-07-10T02:03:33.985+0000] {dag.py:3823} INFO - Setting next_dagrun for example_subdag_operator to 2022-01-01 00:00:00+00:00, run_after=2022-01-01 00:00:00+00:00
[2025-07-10T02:03:33.990+0000] {logging_mixin.py:188} INFO - [2025-07-10T02:03:33.989+0000] {dag.py:3823} INFO - Setting next_dagrun for example_subdag_operator.section-1 to None, run_after=None
[2025-07-10T02:03:33.992+0000] {logging_mixin.py:188} INFO - [2025-07-10T02:03:33.991+0000] {dag.py:3823} INFO - Setting next_dagrun for example_subdag_operator.section-2 to None, run_after=None
[2025-07-10T02:03:34.000+0000] {logging_mixin.py:188} INFO - [2025-07-10T02:03:34.000+0000] {dag.py:3036} INFO - Sync 2 DAGs
[2025-07-10T02:03:34.006+0000] {logging_mixin.py:188} INFO - [2025-07-10T02:03:34.005+0000] {dag.py:3823} INFO - Setting next_dagrun for example_subdag_operator.section-1 to None, run_after=None
[2025-07-10T02:03:34.007+0000] {logging_mixin.py:188} INFO - [2025-07-10T02:03:34.007+0000] {dag.py:3823} INFO - Setting next_dagrun for example_subdag_operator.section-2 to None, run_after=None
[2025-07-10T02:03:34.024+0000] {processor.py:183} INFO - Processing /home/airflow/.local/lib/python3.8/site-packages/airflow/example_dags/example_subdag_operator.py took 0.121 seconds
[2025-07-10T02:04:04.487+0000] {processor.py:161} INFO - Started process (PID=165) to work on /home/airflow/.local/lib/python3.8/site-packages/airflow/example_dags/example_subdag_operator.py
[2025-07-10T02:04:04.489+0000] {processor.py:830} INFO - Processing file /home/airflow/.local/lib/python3.8/site-packages/airflow/example_dags/example_subdag_operator.py for tasks to queue
[2025-07-10T02:04:04.492+0000] {logging_mixin.py:188} INFO - [2025-07-10T02:04:04.491+0000] {dagbag.py:538} INFO - Filling up the DagBag from /home/airflow/.local/lib/python3.8/site-packages/airflow/example_dags/example_subdag_operator.py
[2025-07-10T02:04:04.519+0000] {processor.py:840} INFO - DAG(s) 'example_subdag_operator.section-1', 'example_subdag_operator.section-2', 'example_subdag_operator' retrieved from /home/airflow/.local/lib/python3.8/site-packages/airflow/example_dags/example_subdag_operator.py
[2025-07-10T02:04:04.534+0000] {logging_mixin.py:188} INFO - [2025-07-10T02:04:04.534+0000] {dag.py:3036} INFO - Sync 3 DAGs
[2025-07-10T02:04:04.555+0000] {logging_mixin.py:188} INFO - [2025-07-10T02:04:04.555+0000] {dag.py:3823} INFO - Setting next_dagrun for example_subdag_operator to 2022-01-01 00:00:00+00:00, run_after=2022-01-01 00:00:00+00:00
[2025-07-10T02:04:04.560+0000] {logging_mixin.py:188} INFO - [2025-07-10T02:04:04.560+0000] {dag.py:3823} INFO - Setting next_dagrun for example_subdag_operator.section-1 to None, run_after=None
[2025-07-10T02:04:04.562+0000] {logging_mixin.py:188} INFO - [2025-07-10T02:04:04.562+0000] {dag.py:3823} INFO - Setting next_dagrun for example_subdag_operator.section-2 to None, run_after=None
[2025-07-10T02:04:04.571+0000] {logging_mixin.py:188} INFO - [2025-07-10T02:04:04.571+0000] {dag.py:3036} INFO - Sync 2 DAGs
[2025-07-10T02:04:04.577+0000] {logging_mixin.py:188} INFO - [2025-07-10T02:04:04.577+0000] {dag.py:3823} INFO - Setting next_dagrun for example_subdag_operator.section-1 to None, run_after=None
[2025-07-10T02:04:04.579+0000] {logging_mixin.py:188} INFO - [2025-07-10T02:04:04.579+0000] {dag.py:3823} INFO - Setting next_dagrun for example_subdag_operator.section-2 to None, run_after=None
[2025-07-10T02:04:04.596+0000] {processor.py:183} INFO - Processing /home/airflow/.local/lib/python3.8/site-packages/airflow/example_dags/example_subdag_operator.py took 0.112 seconds
[2025-07-10T02:04:35.980+0000] {processor.py:161} INFO - Started process (PID=221) to work on /home/airflow/.local/lib/python3.8/site-packages/airflow/example_dags/example_subdag_operator.py
[2025-07-10T02:04:35.982+0000] {processor.py:830} INFO - Processing file /home/airflow/.local/lib/python3.8/site-packages/airflow/example_dags/example_subdag_operator.py for tasks to queue
[2025-07-10T02:04:35.985+0000] {logging_mixin.py:188} INFO - [2025-07-10T02:04:35.984+0000] {dagbag.py:538} INFO - Filling up the DagBag from /home/airflow/.local/lib/python3.8/site-packages/airflow/example_dags/example_subdag_operator.py
[2025-07-10T02:04:36.009+0000] {processor.py:840} INFO - DAG(s) 'example_subdag_operator.section-1', 'example_subdag_operator.section-2', 'example_subdag_operator' retrieved from /home/airflow/.local/lib/python3.8/site-packages/airflow/example_dags/example_subdag_operator.py
[2025-07-10T02:04:36.024+0000] {logging_mixin.py:188} INFO - [2025-07-10T02:04:36.023+0000] {dag.py:3036} INFO - Sync 3 DAGs
[2025-07-10T02:04:36.043+0000] {logging_mixin.py:188} INFO - [2025-07-10T02:04:36.043+0000] {dag.py:3823} INFO - Setting next_dagrun for example_subdag_operator to 2022-01-01 00:00:00+00:00, run_after=2022-01-01 00:00:00+00:00
[2025-07-10T02:04:36.047+0000] {logging_mixin.py:188} INFO - [2025-07-10T02:04:36.047+0000] {dag.py:3823} INFO - Setting next_dagrun for example_subdag_operator.section-1 to None, run_after=None
[2025-07-10T02:04:36.049+0000] {logging_mixin.py:188} INFO - [2025-07-10T02:04:36.049+0000] {dag.py:3823} INFO - Setting next_dagrun for example_subdag_operator.section-2 to None, run_after=None
[2025-07-10T02:04:36.057+0000] {logging_mixin.py:188} INFO - [2025-07-10T02:04:36.057+0000] {dag.py:3036} INFO - Sync 2 DAGs
[2025-07-10T02:04:36.064+0000] {logging_mixin.py:188} INFO - [2025-07-10T02:04:36.064+0000] {dag.py:3823} INFO - Setting next_dagrun for example_subdag_operator.section-1 to None, run_after=None
[2025-07-10T02:04:36.065+0000] {logging_mixin.py:188} INFO - [2025-07-10T02:04:36.065+0000] {dag.py:3823} INFO - Setting next_dagrun for example_subdag_operator.section-2 to None, run_after=None
[2025-07-10T02:04:36.081+0000] {processor.py:183} INFO - Processing /home/airflow/.local/lib/python3.8/site-packages/airflow/example_dags/example_subdag_operator.py took 0.104 seconds
[2025-07-10T02:05:06.963+0000] {processor.py:161} INFO - Started process (PID=277) to work on /home/airflow/.local/lib/python3.8/site-packages/airflow/example_dags/example_subdag_operator.py
[2025-07-10T02:05:06.964+0000] {processor.py:830} INFO - Processing file /home/airflow/.local/lib/python3.8/site-packages/airflow/example_dags/example_subdag_operator.py for tasks to queue
[2025-07-10T02:05:06.966+0000] {logging_mixin.py:188} INFO - [2025-07-10T02:05:06.966+0000] {dagbag.py:538} INFO - Filling up the DagBag from /home/airflow/.local/lib/python3.8/site-packages/airflow/example_dags/example_subdag_operator.py
[2025-07-10T02:05:06.993+0000] {processor.py:840} INFO - DAG(s) 'example_subdag_operator.section-1', 'example_subdag_operator.section-2', 'example_subdag_operator' retrieved from /home/airflow/.local/lib/python3.8/site-packages/airflow/example_dags/example_subdag_operator.py
[2025-07-10T02:05:07.008+0000] {logging_mixin.py:188} INFO - [2025-07-10T02:05:07.008+0000] {dag.py:3036} INFO - Sync 3 DAGs
[2025-07-10T02:05:07.031+0000] {logging_mixin.py:188} INFO - [2025-07-10T02:05:07.030+0000] {dag.py:3823} INFO - Setting next_dagrun for example_subdag_operator to 2022-01-01 00:00:00+00:00, run_after=2022-01-01 00:00:00+00:00
[2025-07-10T02:05:07.035+0000] {logging_mixin.py:188} INFO - [2025-07-10T02:05:07.035+0000] {dag.py:3823} INFO - Setting next_dagrun for example_subdag_operator.section-1 to None, run_after=None
[2025-07-10T02:05:07.037+0000] {logging_mixin.py:188} INFO - [2025-07-10T02:05:07.037+0000] {dag.py:3823} INFO - Setting next_dagrun for example_subdag_operator.section-2 to None, run_after=None
[2025-07-10T02:05:07.046+0000] {logging_mixin.py:188} INFO - [2025-07-10T02:05:07.045+0000] {dag.py:3036} INFO - Sync 2 DAGs
[2025-07-10T02:05:07.052+0000] {logging_mixin.py:188} INFO - [2025-07-10T02:05:07.051+0000] {dag.py:3823} INFO - Setting next_dagrun for example_subdag_operator.section-1 to None, run_after=None
[2025-07-10T02:05:07.053+0000] {logging_mixin.py:188} INFO - [2025-07-10T02:05:07.052+0000] {dag.py:3823} INFO - Setting next_dagrun for example_subdag_operator.section-2 to None, run_after=None
[2025-07-10T02:05:07.073+0000] {processor.py:183} INFO - Processing /home/airflow/.local/lib/python3.8/site-packages/airflow/example_dags/example_subdag_operator.py took 0.114 seconds
[2025-07-10T02:05:38.176+0000] {processor.py:161} INFO - Started process (PID=333) to work on /home/airflow/.local/lib/python3.8/site-packages/airflow/example_dags/example_subdag_operator.py
[2025-07-10T02:05:38.179+0000] {processor.py:830} INFO - Processing file /home/airflow/.local/lib/python3.8/site-packages/airflow/example_dags/example_subdag_operator.py for tasks to queue
[2025-07-10T02:05:38.183+0000] {logging_mixin.py:188} INFO - [2025-07-10T02:05:38.182+0000] {dagbag.py:538} INFO - Filling up the DagBag from /home/airflow/.local/lib/python3.8/site-packages/airflow/example_dags/example_subdag_operator.py
[2025-07-10T02:05:38.215+0000] {processor.py:840} INFO - DAG(s) 'example_subdag_operator.section-1', 'example_subdag_operator.section-2', 'example_subdag_operator' retrieved from /home/airflow/.local/lib/python3.8/site-packages/airflow/example_dags/example_subdag_operator.py
[2025-07-10T02:05:38.219+0000] {logging_mixin.py:188} INFO - [2025-07-10T02:05:38.219+0000] {dag.py:3036} INFO - Sync 3 DAGs
[2025-07-10T02:05:38.241+0000] {logging_mixin.py:188} INFO - [2025-07-10T02:05:38.241+0000] {dag.py:3823} INFO - Setting next_dagrun for example_subdag_operator to 2022-01-01 00:00:00+00:00, run_after=2022-01-01 00:00:00+00:00
[2025-07-10T02:05:38.245+0000] {logging_mixin.py:188} INFO - [2025-07-10T02:05:38.245+0000] {dag.py:3823} INFO - Setting next_dagrun for example_subdag_operator.section-1 to None, run_after=None
[2025-07-10T02:05:38.247+0000] {logging_mixin.py:188} INFO - [2025-07-10T02:05:38.247+0000] {dag.py:3823} INFO - Setting next_dagrun for example_subdag_operator.section-2 to None, run_after=None
[2025-07-10T02:05:38.255+0000] {logging_mixin.py:188} INFO - [2025-07-10T02:05:38.255+0000] {dag.py:3036} INFO - Sync 2 DAGs
[2025-07-10T02:05:38.261+0000] {logging_mixin.py:188} INFO - [2025-07-10T02:05:38.261+0000] {dag.py:3823} INFO - Setting next_dagrun for example_subdag_operator.section-1 to None, run_after=None
[2025-07-10T02:05:38.262+0000] {logging_mixin.py:188} INFO - [2025-07-10T02:05:38.262+0000] {dag.py:3823} INFO - Setting next_dagrun for example_subdag_operator.section-2 to None, run_after=None
[2025-07-10T02:05:38.281+0000] {processor.py:183} INFO - Processing /home/airflow/.local/lib/python3.8/site-packages/airflow/example_dags/example_subdag_operator.py took 0.113 seconds
[2025-07-10T02:06:09.753+0000] {processor.py:161} INFO - Started process (PID=389) to work on /home/airflow/.local/lib/python3.8/site-packages/airflow/example_dags/example_subdag_operator.py
[2025-07-10T02:06:09.754+0000] {processor.py:830} INFO - Processing file /home/airflow/.local/lib/python3.8/site-packages/airflow/example_dags/example_subdag_operator.py for tasks to queue
[2025-07-10T02:06:09.757+0000] {logging_mixin.py:188} INFO - [2025-07-10T02:06:09.756+0000] {dagbag.py:538} INFO - Filling up the DagBag from /home/airflow/.local/lib/python3.8/site-packages/airflow/example_dags/example_subdag_operator.py
[2025-07-10T02:06:09.783+0000] {processor.py:840} INFO - DAG(s) 'example_subdag_operator.section-1', 'example_subdag_operator.section-2', 'example_subdag_operator' retrieved from /home/airflow/.local/lib/python3.8/site-packages/airflow/example_dags/example_subdag_operator.py
[2025-07-10T02:06:09.873+0000] {logging_mixin.py:188} INFO - [2025-07-10T02:06:09.872+0000] {dag.py:3036} INFO - Sync 3 DAGs
[2025-07-10T02:06:09.898+0000] {logging_mixin.py:188} INFO - [2025-07-10T02:06:09.897+0000] {dag.py:3823} INFO - Setting next_dagrun for example_subdag_operator to 2022-01-01 00:00:00+00:00, run_after=2022-01-01 00:00:00+00:00
[2025-07-10T02:06:09.901+0000] {logging_mixin.py:188} INFO - [2025-07-10T02:06:09.901+0000] {dag.py:3823} INFO - Setting next_dagrun for example_subdag_operator.section-1 to None, run_after=None
[2025-07-10T02:06:09.903+0000] {logging_mixin.py:188} INFO - [2025-07-10T02:06:09.903+0000] {dag.py:3823} INFO - Setting next_dagrun for example_subdag_operator.section-2 to None, run_after=None
[2025-07-10T02:06:09.915+0000] {logging_mixin.py:188} INFO - [2025-07-10T02:06:09.915+0000] {dag.py:3036} INFO - Sync 2 DAGs
[2025-07-10T02:06:09.921+0000] {logging_mixin.py:188} INFO - [2025-07-10T02:06:09.921+0000] {dag.py:3823} INFO - Setting next_dagrun for example_subdag_operator.section-1 to None, run_after=None
[2025-07-10T02:06:09.923+0000] {logging_mixin.py:188} INFO - [2025-07-10T02:06:09.922+0000] {dag.py:3823} INFO - Setting next_dagrun for example_subdag_operator.section-2 to None, run_after=None
[2025-07-10T02:06:09.937+0000] {processor.py:183} INFO - Processing /home/airflow/.local/lib/python3.8/site-packages/airflow/example_dags/example_subdag_operator.py took 0.188 seconds
[2025-07-10T02:06:40.422+0000] {processor.py:161} INFO - Started process (PID=445) to work on /home/airflow/.local/lib/python3.8/site-packages/airflow/example_dags/example_subdag_operator.py
[2025-07-10T02:06:40.423+0000] {processor.py:830} INFO - Processing file /home/airflow/.local/lib/python3.8/site-packages/airflow/example_dags/example_subdag_operator.py for tasks to queue
[2025-07-10T02:06:40.426+0000] {logging_mixin.py:188} INFO - [2025-07-10T02:06:40.425+0000] {dagbag.py:538} INFO - Filling up the DagBag from /home/airflow/.local/lib/python3.8/site-packages/airflow/example_dags/example_subdag_operator.py
[2025-07-10T02:06:40.461+0000] {processor.py:840} INFO - DAG(s) 'example_subdag_operator.section-1', 'example_subdag_operator.section-2', 'example_subdag_operator' retrieved from /home/airflow/.local/lib/python3.8/site-packages/airflow/example_dags/example_subdag_operator.py
[2025-07-10T02:06:40.481+0000] {logging_mixin.py:188} INFO - [2025-07-10T02:06:40.481+0000] {dag.py:3036} INFO - Sync 3 DAGs
[2025-07-10T02:06:40.505+0000] {logging_mixin.py:188} INFO - [2025-07-10T02:06:40.505+0000] {dag.py:3823} INFO - Setting next_dagrun for example_subdag_operator to 2022-01-01 00:00:00+00:00, run_after=2022-01-01 00:00:00+00:00
[2025-07-10T02:06:40.509+0000] {logging_mixin.py:188} INFO - [2025-07-10T02:06:40.509+0000] {dag.py:3823} INFO - Setting next_dagrun for example_subdag_operator.section-1 to None, run_after=None
[2025-07-10T02:06:40.511+0000] {logging_mixin.py:188} INFO - [2025-07-10T02:06:40.511+0000] {dag.py:3823} INFO - Setting next_dagrun for example_subdag_operator.section-2 to None, run_after=None
[2025-07-10T02:06:40.522+0000] {logging_mixin.py:188} INFO - [2025-07-10T02:06:40.521+0000] {dag.py:3036} INFO - Sync 2 DAGs
[2025-07-10T02:06:40.527+0000] {logging_mixin.py:188} INFO - [2025-07-10T02:06:40.527+0000] {dag.py:3823} INFO - Setting next_dagrun for example_subdag_operator.section-1 to None, run_after=None
[2025-07-10T02:06:40.528+0000] {logging_mixin.py:188} INFO - [2025-07-10T02:06:40.528+0000] {dag.py:3823} INFO - Setting next_dagrun for example_subdag_operator.section-2 to None, run_after=None
[2025-07-10T02:06:40.550+0000] {processor.py:183} INFO - Processing /home/airflow/.local/lib/python3.8/site-packages/airflow/example_dags/example_subdag_operator.py took 0.133 seconds
[2025-07-10T02:07:10.958+0000] {processor.py:161} INFO - Started process (PID=501) to work on /home/airflow/.local/lib/python3.8/site-packages/airflow/example_dags/example_subdag_operator.py
[2025-07-10T02:07:10.960+0000] {processor.py:830} INFO - Processing file /home/airflow/.local/lib/python3.8/site-packages/airflow/example_dags/example_subdag_operator.py for tasks to queue
[2025-07-10T02:07:10.962+0000] {logging_mixin.py:188} INFO - [2025-07-10T02:07:10.962+0000] {dagbag.py:538} INFO - Filling up the DagBag from /home/airflow/.local/lib/python3.8/site-packages/airflow/example_dags/example_subdag_operator.py
[2025-07-10T02:07:10.992+0000] {processor.py:840} INFO - DAG(s) 'example_subdag_operator.section-1', 'example_subdag_operator.section-2', 'example_subdag_operator' retrieved from /home/airflow/.local/lib/python3.8/site-packages/airflow/example_dags/example_subdag_operator.py
[2025-07-10T02:07:11.011+0000] {logging_mixin.py:188} INFO - [2025-07-10T02:07:11.011+0000] {dag.py:3036} INFO - Sync 3 DAGs
[2025-07-10T02:07:11.037+0000] {logging_mixin.py:188} INFO - [2025-07-10T02:07:11.037+0000] {dag.py:3823} INFO - Setting next_dagrun for example_subdag_operator to 2022-01-01 00:00:00+00:00, run_after=2022-01-01 00:00:00+00:00
[2025-07-10T02:07:11.041+0000] {logging_mixin.py:188} INFO - [2025-07-10T02:07:11.041+0000] {dag.py:3823} INFO - Setting next_dagrun for example_subdag_operator.section-1 to None, run_after=None
[2025-07-10T02:07:11.044+0000] {logging_mixin.py:188} INFO - [2025-07-10T02:07:11.044+0000] {dag.py:3823} INFO - Setting next_dagrun for example_subdag_operator.section-2 to None, run_after=None
[2025-07-10T02:07:11.054+0000] {logging_mixin.py:188} INFO - [2025-07-10T02:07:11.054+0000] {dag.py:3036} INFO - Sync 2 DAGs
[2025-07-10T02:07:11.065+0000] {logging_mixin.py:188} INFO - [2025-07-10T02:07:11.064+0000] {dag.py:3823} INFO - Setting next_dagrun for example_subdag_operator.section-1 to None, run_after=None
[2025-07-10T02:07:11.066+0000] {logging_mixin.py:188} INFO - [2025-07-10T02:07:11.066+0000] {dag.py:3823} INFO - Setting next_dagrun for example_subdag_operator.section-2 to None, run_after=None
[2025-07-10T02:07:11.089+0000] {processor.py:183} INFO - Processing /home/airflow/.local/lib/python3.8/site-packages/airflow/example_dags/example_subdag_operator.py took 0.134 seconds
[2025-07-10T02:07:41.919+0000] {processor.py:161} INFO - Started process (PID=557) to work on /home/airflow/.local/lib/python3.8/site-packages/airflow/example_dags/example_subdag_operator.py
[2025-07-10T02:07:41.921+0000] {processor.py:830} INFO - Processing file /home/airflow/.local/lib/python3.8/site-packages/airflow/example_dags/example_subdag_operator.py for tasks to queue
[2025-07-10T02:07:41.923+0000] {logging_mixin.py:188} INFO - [2025-07-10T02:07:41.923+0000] {dagbag.py:538} INFO - Filling up the DagBag from /home/airflow/.local/lib/python3.8/site-packages/airflow/example_dags/example_subdag_operator.py
[2025-07-10T02:07:41.947+0000] {processor.py:840} INFO - DAG(s) 'example_subdag_operator.section-1', 'example_subdag_operator.section-2', 'example_subdag_operator' retrieved from /home/airflow/.local/lib/python3.8/site-packages/airflow/example_dags/example_subdag_operator.py
[2025-07-10T02:07:41.961+0000] {logging_mixin.py:188} INFO - [2025-07-10T02:07:41.961+0000] {dag.py:3036} INFO - Sync 3 DAGs
[2025-07-10T02:07:41.979+0000] {logging_mixin.py:188} INFO - [2025-07-10T02:07:41.979+0000] {dag.py:3823} INFO - Setting next_dagrun for example_subdag_operator to 2022-01-01 00:00:00+00:00, run_after=2022-01-01 00:00:00+00:00
[2025-07-10T02:07:41.983+0000] {logging_mixin.py:188} INFO - [2025-07-10T02:07:41.983+0000] {dag.py:3823} INFO - Setting next_dagrun for example_subdag_operator.section-1 to None, run_after=None
[2025-07-10T02:07:41.985+0000] {logging_mixin.py:188} INFO - [2025-07-10T02:07:41.985+0000] {dag.py:3823} INFO - Setting next_dagrun for example_subdag_operator.section-2 to None, run_after=None
[2025-07-10T02:07:41.992+0000] {logging_mixin.py:188} INFO - [2025-07-10T02:07:41.992+0000] {dag.py:3036} INFO - Sync 2 DAGs
[2025-07-10T02:07:41.998+0000] {logging_mixin.py:188} INFO - [2025-07-10T02:07:41.997+0000] {dag.py:3823} INFO - Setting next_dagrun for example_subdag_operator.section-1 to None, run_after=None
[2025-07-10T02:07:41.999+0000] {logging_mixin.py:188} INFO - [2025-07-10T02:07:41.999+0000] {dag.py:3823} INFO - Setting next_dagrun for example_subdag_operator.section-2 to None, run_after=None
[2025-07-10T02:07:42.017+0000] {processor.py:183} INFO - Processing /home/airflow/.local/lib/python3.8/site-packages/airflow/example_dags/example_subdag_operator.py took 0.101 seconds
[2025-07-10T02:08:13.158+0000] {processor.py:161} INFO - Started process (PID=613) to work on /home/airflow/.local/lib/python3.8/site-packages/airflow/example_dags/example_subdag_operator.py
[2025-07-10T02:08:13.159+0000] {processor.py:830} INFO - Processing file /home/airflow/.local/lib/python3.8/site-packages/airflow/example_dags/example_subdag_operator.py for tasks to queue
[2025-07-10T02:08:13.162+0000] {logging_mixin.py:188} INFO - [2025-07-10T02:08:13.161+0000] {dagbag.py:538} INFO - Filling up the DagBag from /home/airflow/.local/lib/python3.8/site-packages/airflow/example_dags/example_subdag_operator.py
[2025-07-10T02:08:13.191+0000] {processor.py:840} INFO - DAG(s) 'example_subdag_operator.section-1', 'example_subdag_operator.section-2', 'example_subdag_operator' retrieved from /home/airflow/.local/lib/python3.8/site-packages/airflow/example_dags/example_subdag_operator.py
[2025-07-10T02:08:13.210+0000] {logging_mixin.py:188} INFO - [2025-07-10T02:08:13.210+0000] {dag.py:3036} INFO - Sync 3 DAGs
[2025-07-10T02:08:13.234+0000] {logging_mixin.py:188} INFO - [2025-07-10T02:08:13.234+0000] {dag.py:3823} INFO - Setting next_dagrun for example_subdag_operator to 2022-01-01 00:00:00+00:00, run_after=2022-01-01 00:00:00+00:00
[2025-07-10T02:08:13.238+0000] {logging_mixin.py:188} INFO - [2025-07-10T02:08:13.238+0000] {dag.py:3823} INFO - Setting next_dagrun for example_subdag_operator.section-1 to None, run_after=None
[2025-07-10T02:08:13.240+0000] {logging_mixin.py:188} INFO - [2025-07-10T02:08:13.240+0000] {dag.py:3823} INFO - Setting next_dagrun for example_subdag_operator.section-2 to None, run_after=None
[2025-07-10T02:08:13.249+0000] {logging_mixin.py:188} INFO - [2025-07-10T02:08:13.249+0000] {dag.py:3036} INFO - Sync 2 DAGs
[2025-07-10T02:08:13.257+0000] {logging_mixin.py:188} INFO - [2025-07-10T02:08:13.256+0000] {dag.py:3823} INFO - Setting next_dagrun for example_subdag_operator.section-1 to None, run_after=None
[2025-07-10T02:08:13.258+0000] {logging_mixin.py:188} INFO - [2025-07-10T02:08:13.257+0000] {dag.py:3823} INFO - Setting next_dagrun for example_subdag_operator.section-2 to None, run_after=None
[2025-07-10T02:08:13.275+0000] {processor.py:183} INFO - Processing /home/airflow/.local/lib/python3.8/site-packages/airflow/example_dags/example_subdag_operator.py took 0.121 seconds
[2025-07-10T02:08:44.203+0000] {processor.py:161} INFO - Started process (PID=669) to work on /home/airflow/.local/lib/python3.8/site-packages/airflow/example_dags/example_subdag_operator.py
[2025-07-10T02:08:44.205+0000] {processor.py:830} INFO - Processing file /home/airflow/.local/lib/python3.8/site-packages/airflow/example_dags/example_subdag_operator.py for tasks to queue
[2025-07-10T02:08:44.207+0000] {logging_mixin.py:188} INFO - [2025-07-10T02:08:44.206+0000] {dagbag.py:538} INFO - Filling up the DagBag from /home/airflow/.local/lib/python3.8/site-packages/airflow/example_dags/example_subdag_operator.py
[2025-07-10T02:08:44.233+0000] {processor.py:840} INFO - DAG(s) 'example_subdag_operator.section-1', 'example_subdag_operator.section-2', 'example_subdag_operator' retrieved from /home/airflow/.local/lib/python3.8/site-packages/airflow/example_dags/example_subdag_operator.py
[2025-07-10T02:08:44.247+0000] {logging_mixin.py:188} INFO - [2025-07-10T02:08:44.246+0000] {dag.py:3036} INFO - Sync 3 DAGs
[2025-07-10T02:08:44.268+0000] {logging_mixin.py:188} INFO - [2025-07-10T02:08:44.268+0000] {dag.py:3823} INFO - Setting next_dagrun for example_subdag_operator to 2022-01-01 00:00:00+00:00, run_after=2022-01-01 00:00:00+00:00
[2025-07-10T02:08:44.273+0000] {logging_mixin.py:188} INFO - [2025-07-10T02:08:44.272+0000] {dag.py:3823} INFO - Setting next_dagrun for example_subdag_operator.section-1 to None, run_after=None
[2025-07-10T02:08:44.275+0000] {logging_mixin.py:188} INFO - [2025-07-10T02:08:44.275+0000] {dag.py:3823} INFO - Setting next_dagrun for example_subdag_operator.section-2 to None, run_after=None
[2025-07-10T02:08:44.282+0000] {logging_mixin.py:188} INFO - [2025-07-10T02:08:44.282+0000] {dag.py:3036} INFO - Sync 2 DAGs
[2025-07-10T02:08:44.288+0000] {logging_mixin.py:188} INFO - [2025-07-10T02:08:44.288+0000] {dag.py:3823} INFO - Setting next_dagrun for example_subdag_operator.section-1 to None, run_after=None
[2025-07-10T02:08:44.289+0000] {logging_mixin.py:188} INFO - [2025-07-10T02:08:44.289+0000] {dag.py:3823} INFO - Setting next_dagrun for example_subdag_operator.section-2 to None, run_after=None
[2025-07-10T02:08:44.307+0000] {processor.py:183} INFO - Processing /home/airflow/.local/lib/python3.8/site-packages/airflow/example_dags/example_subdag_operator.py took 0.107 seconds
[2025-07-10T02:09:48.851+0000] {processor.py:161} INFO - Started process (PID=103) to work on /home/airflow/.local/lib/python3.8/site-packages/airflow/example_dags/example_subdag_operator.py
[2025-07-10T02:09:48.853+0000] {processor.py:830} INFO - Processing file /home/airflow/.local/lib/python3.8/site-packages/airflow/example_dags/example_subdag_operator.py for tasks to queue
[2025-07-10T02:09:48.858+0000] {logging_mixin.py:188} INFO - [2025-07-10T02:09:48.857+0000] {dagbag.py:538} INFO - Filling up the DagBag from /home/airflow/.local/lib/python3.8/site-packages/airflow/example_dags/example_subdag_operator.py
[2025-07-10T02:09:48.906+0000] {processor.py:840} INFO - DAG(s) 'example_subdag_operator.section-1', 'example_subdag_operator.section-2', 'example_subdag_operator' retrieved from /home/airflow/.local/lib/python3.8/site-packages/airflow/example_dags/example_subdag_operator.py
[2025-07-10T02:09:48.914+0000] {logging_mixin.py:188} INFO - [2025-07-10T02:09:48.914+0000] {dag.py:3036} INFO - Sync 3 DAGs
[2025-07-10T02:09:48.946+0000] {logging_mixin.py:188} INFO - [2025-07-10T02:09:48.945+0000] {dag.py:3823} INFO - Setting next_dagrun for example_subdag_operator to 2022-01-01 00:00:00+00:00, run_after=2022-01-01 00:00:00+00:00
[2025-07-10T02:09:48.951+0000] {logging_mixin.py:188} INFO - [2025-07-10T02:09:48.951+0000] {dag.py:3823} INFO - Setting next_dagrun for example_subdag_operator.section-1 to None, run_after=None
[2025-07-10T02:09:48.954+0000] {logging_mixin.py:188} INFO - [2025-07-10T02:09:48.953+0000] {dag.py:3823} INFO - Setting next_dagrun for example_subdag_operator.section-2 to None, run_after=None
[2025-07-10T02:09:48.964+0000] {logging_mixin.py:188} INFO - [2025-07-10T02:09:48.963+0000] {dag.py:3036} INFO - Sync 2 DAGs
[2025-07-10T02:09:48.971+0000] {logging_mixin.py:188} INFO - [2025-07-10T02:09:48.970+0000] {dag.py:3823} INFO - Setting next_dagrun for example_subdag_operator.section-1 to None, run_after=None
[2025-07-10T02:09:48.972+0000] {logging_mixin.py:188} INFO - [2025-07-10T02:09:48.972+0000] {dag.py:3823} INFO - Setting next_dagrun for example_subdag_operator.section-2 to None, run_after=None
[2025-07-10T02:09:48.994+0000] {processor.py:183} INFO - Processing /home/airflow/.local/lib/python3.8/site-packages/airflow/example_dags/example_subdag_operator.py took 0.149 seconds
[2025-07-10T02:10:20.657+0000] {processor.py:161} INFO - Started process (PID=159) to work on /home/airflow/.local/lib/python3.8/site-packages/airflow/example_dags/example_subdag_operator.py
[2025-07-10T02:10:20.659+0000] {processor.py:830} INFO - Processing file /home/airflow/.local/lib/python3.8/site-packages/airflow/example_dags/example_subdag_operator.py for tasks to queue
[2025-07-10T02:10:20.661+0000] {logging_mixin.py:188} INFO - [2025-07-10T02:10:20.660+0000] {dagbag.py:538} INFO - Filling up the DagBag from /home/airflow/.local/lib/python3.8/site-packages/airflow/example_dags/example_subdag_operator.py
[2025-07-10T02:10:20.686+0000] {processor.py:840} INFO - DAG(s) 'example_subdag_operator.section-1', 'example_subdag_operator.section-2', 'example_subdag_operator' retrieved from /home/airflow/.local/lib/python3.8/site-packages/airflow/example_dags/example_subdag_operator.py
[2025-07-10T02:10:20.756+0000] {logging_mixin.py:188} INFO - [2025-07-10T02:10:20.756+0000] {dag.py:3036} INFO - Sync 3 DAGs
[2025-07-10T02:10:20.773+0000] {logging_mixin.py:188} INFO - [2025-07-10T02:10:20.772+0000] {dag.py:3823} INFO - Setting next_dagrun for example_subdag_operator to 2022-01-01 00:00:00+00:00, run_after=2022-01-01 00:00:00+00:00
[2025-07-10T02:10:20.776+0000] {logging_mixin.py:188} INFO - [2025-07-10T02:10:20.776+0000] {dag.py:3823} INFO - Setting next_dagrun for example_subdag_operator.section-1 to None, run_after=None
[2025-07-10T02:10:20.778+0000] {logging_mixin.py:188} INFO - [2025-07-10T02:10:20.778+0000] {dag.py:3823} INFO - Setting next_dagrun for example_subdag_operator.section-2 to None, run_after=None
[2025-07-10T02:10:20.787+0000] {logging_mixin.py:188} INFO - [2025-07-10T02:10:20.787+0000] {dag.py:3036} INFO - Sync 2 DAGs
[2025-07-10T02:10:20.792+0000] {logging_mixin.py:188} INFO - [2025-07-10T02:10:20.792+0000] {dag.py:3823} INFO - Setting next_dagrun for example_subdag_operator.section-1 to None, run_after=None
[2025-07-10T02:10:20.794+0000] {logging_mixin.py:188} INFO - [2025-07-10T02:10:20.794+0000] {dag.py:3823} INFO - Setting next_dagrun for example_subdag_operator.section-2 to None, run_after=None
[2025-07-10T02:10:20.816+0000] {processor.py:183} INFO - Processing /home/airflow/.local/lib/python3.8/site-packages/airflow/example_dags/example_subdag_operator.py took 0.162 seconds
[2025-07-10T02:10:52.078+0000] {processor.py:161} INFO - Started process (PID=215) to work on /home/airflow/.local/lib/python3.8/site-packages/airflow/example_dags/example_subdag_operator.py
[2025-07-10T02:10:52.080+0000] {processor.py:830} INFO - Processing file /home/airflow/.local/lib/python3.8/site-packages/airflow/example_dags/example_subdag_operator.py for tasks to queue
[2025-07-10T02:10:52.082+0000] {logging_mixin.py:188} INFO - [2025-07-10T02:10:52.082+0000] {dagbag.py:538} INFO - Filling up the DagBag from /home/airflow/.local/lib/python3.8/site-packages/airflow/example_dags/example_subdag_operator.py
[2025-07-10T02:10:52.107+0000] {processor.py:840} INFO - DAG(s) 'example_subdag_operator.section-1', 'example_subdag_operator.section-2', 'example_subdag_operator' retrieved from /home/airflow/.local/lib/python3.8/site-packages/airflow/example_dags/example_subdag_operator.py
[2025-07-10T02:10:52.128+0000] {logging_mixin.py:188} INFO - [2025-07-10T02:10:52.128+0000] {dag.py:3036} INFO - Sync 3 DAGs
[2025-07-10T02:10:52.153+0000] {logging_mixin.py:188} INFO - [2025-07-10T02:10:52.153+0000] {dag.py:3823} INFO - Setting next_dagrun for example_subdag_operator to 2022-01-01 00:00:00+00:00, run_after=2022-01-01 00:00:00+00:00
[2025-07-10T02:10:52.157+0000] {logging_mixin.py:188} INFO - [2025-07-10T02:10:52.157+0000] {dag.py:3823} INFO - Setting next_dagrun for example_subdag_operator.section-1 to None, run_after=None
[2025-07-10T02:10:52.159+0000] {logging_mixin.py:188} INFO - [2025-07-10T02:10:52.158+0000] {dag.py:3823} INFO - Setting next_dagrun for example_subdag_operator.section-2 to None, run_after=None
[2025-07-10T02:10:52.165+0000] {logging_mixin.py:188} INFO - [2025-07-10T02:10:52.165+0000] {dag.py:3036} INFO - Sync 2 DAGs
[2025-07-10T02:10:52.171+0000] {logging_mixin.py:188} INFO - [2025-07-10T02:10:52.171+0000] {dag.py:3823} INFO - Setting next_dagrun for example_subdag_operator.section-1 to None, run_after=None
[2025-07-10T02:10:52.172+0000] {logging_mixin.py:188} INFO - [2025-07-10T02:10:52.172+0000] {dag.py:3823} INFO - Setting next_dagrun for example_subdag_operator.section-2 to None, run_after=None
[2025-07-10T02:10:52.188+0000] {processor.py:183} INFO - Processing /home/airflow/.local/lib/python3.8/site-packages/airflow/example_dags/example_subdag_operator.py took 0.114 seconds
[2025-07-10T02:11:22.598+0000] {processor.py:161} INFO - Started process (PID=271) to work on /home/airflow/.local/lib/python3.8/site-packages/airflow/example_dags/example_subdag_operator.py
[2025-07-10T02:11:22.601+0000] {processor.py:830} INFO - Processing file /home/airflow/.local/lib/python3.8/site-packages/airflow/example_dags/example_subdag_operator.py for tasks to queue
[2025-07-10T02:11:22.604+0000] {logging_mixin.py:188} INFO - [2025-07-10T02:11:22.604+0000] {dagbag.py:538} INFO - Filling up the DagBag from /home/airflow/.local/lib/python3.8/site-packages/airflow/example_dags/example_subdag_operator.py
[2025-07-10T02:11:22.631+0000] {processor.py:840} INFO - DAG(s) 'example_subdag_operator.section-1', 'example_subdag_operator.section-2', 'example_subdag_operator' retrieved from /home/airflow/.local/lib/python3.8/site-packages/airflow/example_dags/example_subdag_operator.py
[2025-07-10T02:11:22.646+0000] {logging_mixin.py:188} INFO - [2025-07-10T02:11:22.645+0000] {dag.py:3036} INFO - Sync 3 DAGs
[2025-07-10T02:11:22.667+0000] {logging_mixin.py:188} INFO - [2025-07-10T02:11:22.667+0000] {dag.py:3823} INFO - Setting next_dagrun for example_subdag_operator to 2022-01-01 00:00:00+00:00, run_after=2022-01-01 00:00:00+00:00
[2025-07-10T02:11:22.671+0000] {logging_mixin.py:188} INFO - [2025-07-10T02:11:22.671+0000] {dag.py:3823} INFO - Setting next_dagrun for example_subdag_operator.section-1 to None, run_after=None
[2025-07-10T02:11:22.673+0000] {logging_mixin.py:188} INFO - [2025-07-10T02:11:22.673+0000] {dag.py:3823} INFO - Setting next_dagrun for example_subdag_operator.section-2 to None, run_after=None
[2025-07-10T02:11:22.681+0000] {logging_mixin.py:188} INFO - [2025-07-10T02:11:22.681+0000] {dag.py:3036} INFO - Sync 2 DAGs
[2025-07-10T02:11:22.687+0000] {logging_mixin.py:188} INFO - [2025-07-10T02:11:22.687+0000] {dag.py:3823} INFO - Setting next_dagrun for example_subdag_operator.section-1 to None, run_after=None
[2025-07-10T02:11:22.688+0000] {logging_mixin.py:188} INFO - [2025-07-10T02:11:22.688+0000] {dag.py:3823} INFO - Setting next_dagrun for example_subdag_operator.section-2 to None, run_after=None
[2025-07-10T02:11:22.704+0000] {processor.py:183} INFO - Processing /home/airflow/.local/lib/python3.8/site-packages/airflow/example_dags/example_subdag_operator.py took 0.111 seconds
[2025-07-10T02:11:52.981+0000] {processor.py:161} INFO - Started process (PID=327) to work on /home/airflow/.local/lib/python3.8/site-packages/airflow/example_dags/example_subdag_operator.py
[2025-07-10T02:11:52.983+0000] {processor.py:830} INFO - Processing file /home/airflow/.local/lib/python3.8/site-packages/airflow/example_dags/example_subdag_operator.py for tasks to queue
[2025-07-10T02:11:52.986+0000] {logging_mixin.py:188} INFO - [2025-07-10T02:11:52.986+0000] {dagbag.py:538} INFO - Filling up the DagBag from /home/airflow/.local/lib/python3.8/site-packages/airflow/example_dags/example_subdag_operator.py
[2025-07-10T02:11:53.015+0000] {processor.py:840} INFO - DAG(s) 'example_subdag_operator.section-1', 'example_subdag_operator.section-2', 'example_subdag_operator' retrieved from /home/airflow/.local/lib/python3.8/site-packages/airflow/example_dags/example_subdag_operator.py
[2025-07-10T02:11:53.030+0000] {logging_mixin.py:188} INFO - [2025-07-10T02:11:53.030+0000] {dag.py:3036} INFO - Sync 3 DAGs
[2025-07-10T02:11:53.051+0000] {logging_mixin.py:188} INFO - [2025-07-10T02:11:53.051+0000] {dag.py:3823} INFO - Setting next_dagrun for example_subdag_operator to 2022-01-01 00:00:00+00:00, run_after=2022-01-01 00:00:00+00:00
[2025-07-10T02:11:53.055+0000] {logging_mixin.py:188} INFO - [2025-07-10T02:11:53.055+0000] {dag.py:3823} INFO - Setting next_dagrun for example_subdag_operator.section-1 to None, run_after=None
[2025-07-10T02:11:53.058+0000] {logging_mixin.py:188} INFO - [2025-07-10T02:11:53.058+0000] {dag.py:3823} INFO - Setting next_dagrun for example_subdag_operator.section-2 to None, run_after=None
[2025-07-10T02:11:53.068+0000] {logging_mixin.py:188} INFO - [2025-07-10T02:11:53.068+0000] {dag.py:3036} INFO - Sync 2 DAGs
[2025-07-10T02:11:53.074+0000] {logging_mixin.py:188} INFO - [2025-07-10T02:11:53.074+0000] {dag.py:3823} INFO - Setting next_dagrun for example_subdag_operator.section-1 to None, run_after=None
[2025-07-10T02:11:53.075+0000] {logging_mixin.py:188} INFO - [2025-07-10T02:11:53.075+0000] {dag.py:3823} INFO - Setting next_dagrun for example_subdag_operator.section-2 to None, run_after=None
[2025-07-10T02:11:53.094+0000] {processor.py:183} INFO - Processing /home/airflow/.local/lib/python3.8/site-packages/airflow/example_dags/example_subdag_operator.py took 0.117 seconds
[2025-07-10T02:14:09.393+0000] {processor.py:161} INFO - Started process (PID=108) to work on /home/airflow/.local/lib/python3.8/site-packages/airflow/example_dags/example_subdag_operator.py
[2025-07-10T02:14:09.395+0000] {processor.py:830} INFO - Processing file /home/airflow/.local/lib/python3.8/site-packages/airflow/example_dags/example_subdag_operator.py for tasks to queue
[2025-07-10T02:14:09.397+0000] {logging_mixin.py:188} INFO - [2025-07-10T02:14:09.397+0000] {dagbag.py:538} INFO - Filling up the DagBag from /home/airflow/.local/lib/python3.8/site-packages/airflow/example_dags/example_subdag_operator.py
[2025-07-10T02:14:09.427+0000] {processor.py:840} INFO - DAG(s) 'example_subdag_operator.section-1', 'example_subdag_operator.section-2', 'example_subdag_operator' retrieved from /home/airflow/.local/lib/python3.8/site-packages/airflow/example_dags/example_subdag_operator.py
[2025-07-10T02:14:09.546+0000] {logging_mixin.py:188} INFO - [2025-07-10T02:14:09.545+0000] {override.py:1769} INFO - Created Permission View: can delete on DAG:example_subdag_operator
[2025-07-10T02:14:09.563+0000] {logging_mixin.py:188} INFO - [2025-07-10T02:14:09.563+0000] {override.py:1769} INFO - Created Permission View: can read on DAG:example_subdag_operator
[2025-07-10T02:14:09.575+0000] {logging_mixin.py:188} INFO - [2025-07-10T02:14:09.575+0000] {override.py:1769} INFO - Created Permission View: can edit on DAG:example_subdag_operator
[2025-07-10T02:14:09.576+0000] {logging_mixin.py:188} INFO - [2025-07-10T02:14:09.576+0000] {dag.py:3036} INFO - Sync 3 DAGs
[2025-07-10T02:14:09.589+0000] {logging_mixin.py:188} INFO - [2025-07-10T02:14:09.588+0000] {dag.py:3058} INFO - Creating ORM DAG for example_subdag_operator.section-2
[2025-07-10T02:14:09.590+0000] {logging_mixin.py:188} INFO - [2025-07-10T02:14:09.590+0000] {dag.py:3058} INFO - Creating ORM DAG for example_subdag_operator
[2025-07-10T02:14:09.591+0000] {logging_mixin.py:188} INFO - [2025-07-10T02:14:09.591+0000] {dag.py:3058} INFO - Creating ORM DAG for example_subdag_operator.section-1
[2025-07-10T02:14:09.604+0000] {logging_mixin.py:188} INFO - [2025-07-10T02:14:09.604+0000] {dag.py:3823} INFO - Setting next_dagrun for example_subdag_operator to 2022-01-01 00:00:00+00:00, run_after=2022-01-01 00:00:00+00:00
[2025-07-10T02:14:09.606+0000] {logging_mixin.py:188} INFO - [2025-07-10T02:14:09.605+0000] {dag.py:3823} INFO - Setting next_dagrun for example_subdag_operator.section-1 to None, run_after=None
[2025-07-10T02:14:09.607+0000] {logging_mixin.py:188} INFO - [2025-07-10T02:14:09.606+0000] {dag.py:3823} INFO - Setting next_dagrun for example_subdag_operator.section-2 to None, run_after=None
[2025-07-10T02:14:09.617+0000] {logging_mixin.py:188} INFO - [2025-07-10T02:14:09.617+0000] {dag.py:3036} INFO - Sync 2 DAGs
[2025-07-10T02:14:09.623+0000] {logging_mixin.py:188} INFO - [2025-07-10T02:14:09.623+0000] {dag.py:3823} INFO - Setting next_dagrun for example_subdag_operator.section-1 to None, run_after=None
[2025-07-10T02:14:09.629+0000] {logging_mixin.py:188} INFO - [2025-07-10T02:14:09.629+0000] {dag.py:3823} INFO - Setting next_dagrun for example_subdag_operator.section-2 to None, run_after=None
[2025-07-10T02:14:09.648+0000] {processor.py:183} INFO - Processing /home/airflow/.local/lib/python3.8/site-packages/airflow/example_dags/example_subdag_operator.py took 0.259 seconds
[2025-07-10T02:14:39.954+0000] {processor.py:161} INFO - Started process (PID=164) to work on /home/airflow/.local/lib/python3.8/site-packages/airflow/example_dags/example_subdag_operator.py
[2025-07-10T02:14:39.956+0000] {processor.py:830} INFO - Processing file /home/airflow/.local/lib/python3.8/site-packages/airflow/example_dags/example_subdag_operator.py for tasks to queue
[2025-07-10T02:14:39.959+0000] {logging_mixin.py:188} INFO - [2025-07-10T02:14:39.958+0000] {dagbag.py:538} INFO - Filling up the DagBag from /home/airflow/.local/lib/python3.8/site-packages/airflow/example_dags/example_subdag_operator.py
[2025-07-10T02:14:39.986+0000] {processor.py:840} INFO - DAG(s) 'example_subdag_operator.section-1', 'example_subdag_operator.section-2', 'example_subdag_operator' retrieved from /home/airflow/.local/lib/python3.8/site-packages/airflow/example_dags/example_subdag_operator.py
[2025-07-10T02:14:40.003+0000] {logging_mixin.py:188} INFO - [2025-07-10T02:14:40.003+0000] {dag.py:3036} INFO - Sync 3 DAGs
[2025-07-10T02:14:40.025+0000] {logging_mixin.py:188} INFO - [2025-07-10T02:14:40.025+0000] {dag.py:3823} INFO - Setting next_dagrun for example_subdag_operator to 2022-01-01 00:00:00+00:00, run_after=2022-01-01 00:00:00+00:00
[2025-07-10T02:14:40.030+0000] {logging_mixin.py:188} INFO - [2025-07-10T02:14:40.029+0000] {dag.py:3823} INFO - Setting next_dagrun for example_subdag_operator.section-1 to None, run_after=None
[2025-07-10T02:14:40.032+0000] {logging_mixin.py:188} INFO - [2025-07-10T02:14:40.032+0000] {dag.py:3823} INFO - Setting next_dagrun for example_subdag_operator.section-2 to None, run_after=None
[2025-07-10T02:14:40.040+0000] {logging_mixin.py:188} INFO - [2025-07-10T02:14:40.040+0000] {dag.py:3036} INFO - Sync 2 DAGs
[2025-07-10T02:14:40.048+0000] {logging_mixin.py:188} INFO - [2025-07-10T02:14:40.048+0000] {dag.py:3823} INFO - Setting next_dagrun for example_subdag_operator.section-1 to None, run_after=None
[2025-07-10T02:14:40.049+0000] {logging_mixin.py:188} INFO - [2025-07-10T02:14:40.049+0000] {dag.py:3823} INFO - Setting next_dagrun for example_subdag_operator.section-2 to None, run_after=None
[2025-07-10T02:14:40.068+0000] {processor.py:183} INFO - Processing /home/airflow/.local/lib/python3.8/site-packages/airflow/example_dags/example_subdag_operator.py took 0.119 seconds
[2025-07-10T02:15:10.252+0000] {processor.py:161} INFO - Started process (PID=221) to work on /home/airflow/.local/lib/python3.8/site-packages/airflow/example_dags/example_subdag_operator.py
[2025-07-10T02:15:10.254+0000] {processor.py:830} INFO - Processing file /home/airflow/.local/lib/python3.8/site-packages/airflow/example_dags/example_subdag_operator.py for tasks to queue
[2025-07-10T02:15:10.257+0000] {logging_mixin.py:188} INFO - [2025-07-10T02:15:10.256+0000] {dagbag.py:538} INFO - Filling up the DagBag from /home/airflow/.local/lib/python3.8/site-packages/airflow/example_dags/example_subdag_operator.py
[2025-07-10T02:15:10.288+0000] {processor.py:840} INFO - DAG(s) 'example_subdag_operator.section-1', 'example_subdag_operator.section-2', 'example_subdag_operator' retrieved from /home/airflow/.local/lib/python3.8/site-packages/airflow/example_dags/example_subdag_operator.py
[2025-07-10T02:15:10.307+0000] {logging_mixin.py:188} INFO - [2025-07-10T02:15:10.307+0000] {dag.py:3036} INFO - Sync 3 DAGs
[2025-07-10T02:15:10.330+0000] {logging_mixin.py:188} INFO - [2025-07-10T02:15:10.330+0000] {dag.py:3823} INFO - Setting next_dagrun for example_subdag_operator to 2022-01-01 00:00:00+00:00, run_after=2022-01-01 00:00:00+00:00
[2025-07-10T02:15:10.335+0000] {logging_mixin.py:188} INFO - [2025-07-10T02:15:10.335+0000] {dag.py:3823} INFO - Setting next_dagrun for example_subdag_operator.section-1 to None, run_after=None
[2025-07-10T02:15:10.338+0000] {logging_mixin.py:188} INFO - [2025-07-10T02:15:10.337+0000] {dag.py:3823} INFO - Setting next_dagrun for example_subdag_operator.section-2 to None, run_after=None
[2025-07-10T02:15:10.347+0000] {logging_mixin.py:188} INFO - [2025-07-10T02:15:10.347+0000] {dag.py:3036} INFO - Sync 2 DAGs
[2025-07-10T02:15:10.354+0000] {logging_mixin.py:188} INFO - [2025-07-10T02:15:10.353+0000] {dag.py:3823} INFO - Setting next_dagrun for example_subdag_operator.section-1 to None, run_after=None
[2025-07-10T02:15:10.355+0000] {logging_mixin.py:188} INFO - [2025-07-10T02:15:10.355+0000] {dag.py:3823} INFO - Setting next_dagrun for example_subdag_operator.section-2 to None, run_after=None
[2025-07-10T02:15:10.386+0000] {processor.py:183} INFO - Processing /home/airflow/.local/lib/python3.8/site-packages/airflow/example_dags/example_subdag_operator.py took 0.137 seconds
[2025-07-10T02:16:41.400+0000] {processor.py:161} INFO - Started process (PID=108) to work on /home/airflow/.local/lib/python3.8/site-packages/airflow/example_dags/example_subdag_operator.py
[2025-07-10T02:16:41.403+0000] {processor.py:830} INFO - Processing file /home/airflow/.local/lib/python3.8/site-packages/airflow/example_dags/example_subdag_operator.py for tasks to queue
[2025-07-10T02:16:41.407+0000] {logging_mixin.py:188} INFO - [2025-07-10T02:16:41.407+0000] {dagbag.py:538} INFO - Filling up the DagBag from /home/airflow/.local/lib/python3.8/site-packages/airflow/example_dags/example_subdag_operator.py
[2025-07-10T02:16:41.465+0000] {processor.py:840} INFO - DAG(s) 'example_subdag_operator.section-1', 'example_subdag_operator.section-2', 'example_subdag_operator' retrieved from /home/airflow/.local/lib/python3.8/site-packages/airflow/example_dags/example_subdag_operator.py
[2025-07-10T02:16:41.757+0000] {logging_mixin.py:188} INFO - [2025-07-10T02:16:41.756+0000] {dag.py:3036} INFO - Sync 3 DAGs
[2025-07-10T02:16:41.789+0000] {logging_mixin.py:188} INFO - [2025-07-10T02:16:41.788+0000] {dag.py:3823} INFO - Setting next_dagrun for example_subdag_operator to 2022-01-01 00:00:00+00:00, run_after=2022-01-01 00:00:00+00:00
[2025-07-10T02:16:41.795+0000] {logging_mixin.py:188} INFO - [2025-07-10T02:16:41.794+0000] {dag.py:3823} INFO - Setting next_dagrun for example_subdag_operator.section-1 to None, run_after=None
[2025-07-10T02:16:41.799+0000] {logging_mixin.py:188} INFO - [2025-07-10T02:16:41.798+0000] {dag.py:3823} INFO - Setting next_dagrun for example_subdag_operator.section-2 to None, run_after=None
[2025-07-10T02:16:41.821+0000] {logging_mixin.py:188} INFO - [2025-07-10T02:16:41.820+0000] {dag.py:3036} INFO - Sync 2 DAGs
[2025-07-10T02:16:41.833+0000] {logging_mixin.py:188} INFO - [2025-07-10T02:16:41.832+0000] {dag.py:3823} INFO - Setting next_dagrun for example_subdag_operator.section-1 to None, run_after=None
[2025-07-10T02:16:41.835+0000] {logging_mixin.py:188} INFO - [2025-07-10T02:16:41.834+0000] {dag.py:3823} INFO - Setting next_dagrun for example_subdag_operator.section-2 to None, run_after=None
[2025-07-10T02:16:41.867+0000] {processor.py:183} INFO - Processing /home/airflow/.local/lib/python3.8/site-packages/airflow/example_dags/example_subdag_operator.py took 0.476 seconds
[2025-07-10T02:17:13.566+0000] {processor.py:161} INFO - Started process (PID=164) to work on /home/airflow/.local/lib/python3.8/site-packages/airflow/example_dags/example_subdag_operator.py
[2025-07-10T02:17:13.569+0000] {processor.py:830} INFO - Processing file /home/airflow/.local/lib/python3.8/site-packages/airflow/example_dags/example_subdag_operator.py for tasks to queue
[2025-07-10T02:17:13.575+0000] {logging_mixin.py:188} INFO - [2025-07-10T02:17:13.574+0000] {dagbag.py:538} INFO - Filling up the DagBag from /home/airflow/.local/lib/python3.8/site-packages/airflow/example_dags/example_subdag_operator.py
[2025-07-10T02:17:13.608+0000] {processor.py:840} INFO - DAG(s) 'example_subdag_operator.section-1', 'example_subdag_operator.section-2', 'example_subdag_operator' retrieved from /home/airflow/.local/lib/python3.8/site-packages/airflow/example_dags/example_subdag_operator.py
[2025-07-10T02:17:13.635+0000] {logging_mixin.py:188} INFO - [2025-07-10T02:17:13.635+0000] {dag.py:3036} INFO - Sync 3 DAGs
[2025-07-10T02:17:13.660+0000] {logging_mixin.py:188} INFO - [2025-07-10T02:17:13.660+0000] {dag.py:3823} INFO - Setting next_dagrun for example_subdag_operator to 2022-01-01 00:00:00+00:00, run_after=2022-01-01 00:00:00+00:00
[2025-07-10T02:17:13.666+0000] {logging_mixin.py:188} INFO - [2025-07-10T02:17:13.665+0000] {dag.py:3823} INFO - Setting next_dagrun for example_subdag_operator.section-1 to None, run_after=None
[2025-07-10T02:17:13.668+0000] {logging_mixin.py:188} INFO - [2025-07-10T02:17:13.668+0000] {dag.py:3823} INFO - Setting next_dagrun for example_subdag_operator.section-2 to None, run_after=None
[2025-07-10T02:17:13.678+0000] {logging_mixin.py:188} INFO - [2025-07-10T02:17:13.677+0000] {dag.py:3036} INFO - Sync 2 DAGs
[2025-07-10T02:17:13.687+0000] {logging_mixin.py:188} INFO - [2025-07-10T02:17:13.687+0000] {dag.py:3823} INFO - Setting next_dagrun for example_subdag_operator.section-1 to None, run_after=None
[2025-07-10T02:17:13.688+0000] {logging_mixin.py:188} INFO - [2025-07-10T02:17:13.688+0000] {dag.py:3823} INFO - Setting next_dagrun for example_subdag_operator.section-2 to None, run_after=None
[2025-07-10T02:17:13.709+0000] {processor.py:183} INFO - Processing /home/airflow/.local/lib/python3.8/site-packages/airflow/example_dags/example_subdag_operator.py took 0.149 seconds
