[2025-07-10T00:00:09.027+0000] {processor.py:161} INFO - Started process (PID=726) to work on /home/airflow/.local/lib/python3.8/site-packages/airflow/example_dags/example_python_operator.py
[2025-07-10T00:00:09.029+0000] {processor.py:830} INFO - Processing file /home/airflow/.local/lib/python3.8/site-packages/airflow/example_dags/example_python_operator.py for tasks to queue
[2025-07-10T00:00:09.031+0000] {logging_mixin.py:188} INFO - [2025-07-10T00:00:09.030+0000] {dagbag.py:538} INFO - Filling up the DagBag from /home/airflow/.local/lib/python3.8/site-packages/airflow/example_dags/example_python_operator.py
[2025-07-10T00:00:09.049+0000] {processor.py:840} INFO - DAG(s) 'example_python_operator' retrieved from /home/airflow/.local/lib/python3.8/site-packages/airflow/example_dags/example_python_operator.py
[2025-07-10T00:00:09.086+0000] {logging_mixin.py:188} INFO - [2025-07-10T00:00:09.086+0000] {dag.py:3036} INFO - Sync 1 DAGs
[2025-07-10T00:00:09.104+0000] {logging_mixin.py:188} INFO - [2025-07-10T00:00:09.104+0000] {dag.py:3823} INFO - Setting next_dagrun for example_python_operator to None, run_after=None
[2025-07-10T00:00:09.143+0000] {processor.py:183} INFO - Processing /home/airflow/.local/lib/python3.8/site-packages/airflow/example_dags/example_python_operator.py took 0.120 seconds
[2025-07-10T00:01:38.943+0000] {processor.py:161} INFO - Started process (PID=100) to work on /home/airflow/.local/lib/python3.8/site-packages/airflow/example_dags/example_python_operator.py
[2025-07-10T00:01:38.945+0000] {processor.py:830} INFO - Processing file /home/airflow/.local/lib/python3.8/site-packages/airflow/example_dags/example_python_operator.py for tasks to queue
[2025-07-10T00:01:38.948+0000] {logging_mixin.py:188} INFO - [2025-07-10T00:01:38.948+0000] {dagbag.py:538} INFO - Filling up the DagBag from /home/airflow/.local/lib/python3.8/site-packages/airflow/example_dags/example_python_operator.py
[2025-07-10T00:01:38.966+0000] {processor.py:840} INFO - DAG(s) 'example_python_operator' retrieved from /home/airflow/.local/lib/python3.8/site-packages/airflow/example_dags/example_python_operator.py
[2025-07-10T00:01:39.094+0000] {logging_mixin.py:188} INFO - [2025-07-10T00:01:39.094+0000] {dag.py:3036} INFO - Sync 1 DAGs
[2025-07-10T00:01:39.107+0000] {logging_mixin.py:188} INFO - [2025-07-10T00:01:39.106+0000] {dag.py:3823} INFO - Setting next_dagrun for example_python_operator to None, run_after=None
[2025-07-10T00:01:39.140+0000] {processor.py:183} INFO - Processing /home/airflow/.local/lib/python3.8/site-packages/airflow/example_dags/example_python_operator.py took 0.201 seconds
[2025-07-10T00:02:09.431+0000] {processor.py:161} INFO - Started process (PID=156) to work on /home/airflow/.local/lib/python3.8/site-packages/airflow/example_dags/example_python_operator.py
[2025-07-10T00:02:09.434+0000] {processor.py:830} INFO - Processing file /home/airflow/.local/lib/python3.8/site-packages/airflow/example_dags/example_python_operator.py for tasks to queue
[2025-07-10T00:02:09.438+0000] {logging_mixin.py:188} INFO - [2025-07-10T00:02:09.437+0000] {dagbag.py:538} INFO - Filling up the DagBag from /home/airflow/.local/lib/python3.8/site-packages/airflow/example_dags/example_python_operator.py
[2025-07-10T00:02:09.457+0000] {processor.py:840} INFO - DAG(s) 'example_python_operator' retrieved from /home/airflow/.local/lib/python3.8/site-packages/airflow/example_dags/example_python_operator.py
[2025-07-10T00:02:09.476+0000] {logging_mixin.py:188} INFO - [2025-07-10T00:02:09.476+0000] {dag.py:3036} INFO - Sync 1 DAGs
[2025-07-10T00:02:09.492+0000] {logging_mixin.py:188} INFO - [2025-07-10T00:02:09.492+0000] {dag.py:3823} INFO - Setting next_dagrun for example_python_operator to None, run_after=None
[2025-07-10T00:02:09.521+0000] {processor.py:183} INFO - Processing /home/airflow/.local/lib/python3.8/site-packages/airflow/example_dags/example_python_operator.py took 0.096 seconds
[2025-07-10T00:02:40.981+0000] {processor.py:161} INFO - Started process (PID=212) to work on /home/airflow/.local/lib/python3.8/site-packages/airflow/example_dags/example_python_operator.py
[2025-07-10T00:02:40.983+0000] {processor.py:830} INFO - Processing file /home/airflow/.local/lib/python3.8/site-packages/airflow/example_dags/example_python_operator.py for tasks to queue
[2025-07-10T00:02:40.985+0000] {logging_mixin.py:188} INFO - [2025-07-10T00:02:40.985+0000] {dagbag.py:538} INFO - Filling up the DagBag from /home/airflow/.local/lib/python3.8/site-packages/airflow/example_dags/example_python_operator.py
[2025-07-10T00:02:40.999+0000] {processor.py:840} INFO - DAG(s) 'example_python_operator' retrieved from /home/airflow/.local/lib/python3.8/site-packages/airflow/example_dags/example_python_operator.py
[2025-07-10T00:02:41.124+0000] {logging_mixin.py:188} INFO - [2025-07-10T00:02:41.124+0000] {dag.py:3036} INFO - Sync 1 DAGs
[2025-07-10T00:02:41.142+0000] {logging_mixin.py:188} INFO - [2025-07-10T00:02:41.141+0000] {dag.py:3823} INFO - Setting next_dagrun for example_python_operator to None, run_after=None
[2025-07-10T00:02:41.174+0000] {processor.py:183} INFO - Processing /home/airflow/.local/lib/python3.8/site-packages/airflow/example_dags/example_python_operator.py took 0.198 seconds
[2025-07-10T00:03:11.767+0000] {processor.py:161} INFO - Started process (PID=268) to work on /home/airflow/.local/lib/python3.8/site-packages/airflow/example_dags/example_python_operator.py
[2025-07-10T00:03:11.768+0000] {processor.py:830} INFO - Processing file /home/airflow/.local/lib/python3.8/site-packages/airflow/example_dags/example_python_operator.py for tasks to queue
[2025-07-10T00:03:11.772+0000] {logging_mixin.py:188} INFO - [2025-07-10T00:03:11.771+0000] {dagbag.py:538} INFO - Filling up the DagBag from /home/airflow/.local/lib/python3.8/site-packages/airflow/example_dags/example_python_operator.py
[2025-07-10T00:03:11.785+0000] {processor.py:840} INFO - DAG(s) 'example_python_operator' retrieved from /home/airflow/.local/lib/python3.8/site-packages/airflow/example_dags/example_python_operator.py
[2025-07-10T00:03:11.814+0000] {logging_mixin.py:188} INFO - [2025-07-10T00:03:11.814+0000] {dag.py:3036} INFO - Sync 1 DAGs
[2025-07-10T00:03:11.833+0000] {logging_mixin.py:188} INFO - [2025-07-10T00:03:11.832+0000] {dag.py:3823} INFO - Setting next_dagrun for example_python_operator to None, run_after=None
[2025-07-10T00:03:11.864+0000] {processor.py:183} INFO - Processing /home/airflow/.local/lib/python3.8/site-packages/airflow/example_dags/example_python_operator.py took 0.101 seconds
[2025-07-10T00:03:42.075+0000] {processor.py:161} INFO - Started process (PID=324) to work on /home/airflow/.local/lib/python3.8/site-packages/airflow/example_dags/example_python_operator.py
[2025-07-10T00:03:42.077+0000] {processor.py:830} INFO - Processing file /home/airflow/.local/lib/python3.8/site-packages/airflow/example_dags/example_python_operator.py for tasks to queue
[2025-07-10T00:03:42.080+0000] {logging_mixin.py:188} INFO - [2025-07-10T00:03:42.079+0000] {dagbag.py:538} INFO - Filling up the DagBag from /home/airflow/.local/lib/python3.8/site-packages/airflow/example_dags/example_python_operator.py
[2025-07-10T00:03:42.093+0000] {processor.py:840} INFO - DAG(s) 'example_python_operator' retrieved from /home/airflow/.local/lib/python3.8/site-packages/airflow/example_dags/example_python_operator.py
[2025-07-10T00:03:42.125+0000] {logging_mixin.py:188} INFO - [2025-07-10T00:03:42.125+0000] {dag.py:3036} INFO - Sync 1 DAGs
[2025-07-10T00:03:42.140+0000] {logging_mixin.py:188} INFO - [2025-07-10T00:03:42.140+0000] {dag.py:3823} INFO - Setting next_dagrun for example_python_operator to None, run_after=None
[2025-07-10T00:03:42.167+0000] {processor.py:183} INFO - Processing /home/airflow/.local/lib/python3.8/site-packages/airflow/example_dags/example_python_operator.py took 0.096 seconds
[2025-07-10T00:04:12.843+0000] {processor.py:161} INFO - Started process (PID=380) to work on /home/airflow/.local/lib/python3.8/site-packages/airflow/example_dags/example_python_operator.py
[2025-07-10T00:04:12.845+0000] {processor.py:830} INFO - Processing file /home/airflow/.local/lib/python3.8/site-packages/airflow/example_dags/example_python_operator.py for tasks to queue
[2025-07-10T00:04:12.849+0000] {logging_mixin.py:188} INFO - [2025-07-10T00:04:12.848+0000] {dagbag.py:538} INFO - Filling up the DagBag from /home/airflow/.local/lib/python3.8/site-packages/airflow/example_dags/example_python_operator.py
[2025-07-10T00:04:12.863+0000] {processor.py:840} INFO - DAG(s) 'example_python_operator' retrieved from /home/airflow/.local/lib/python3.8/site-packages/airflow/example_dags/example_python_operator.py
[2025-07-10T00:04:12.897+0000] {logging_mixin.py:188} INFO - [2025-07-10T00:04:12.896+0000] {dag.py:3036} INFO - Sync 1 DAGs
[2025-07-10T00:04:12.914+0000] {logging_mixin.py:188} INFO - [2025-07-10T00:04:12.914+0000] {dag.py:3823} INFO - Setting next_dagrun for example_python_operator to None, run_after=None
[2025-07-10T00:04:12.952+0000] {processor.py:183} INFO - Processing /home/airflow/.local/lib/python3.8/site-packages/airflow/example_dags/example_python_operator.py took 0.114 seconds
[2025-07-10T02:03:32.684+0000] {processor.py:161} INFO - Started process (PID=94) to work on /home/airflow/.local/lib/python3.8/site-packages/airflow/example_dags/example_python_operator.py
[2025-07-10T02:03:32.686+0000] {processor.py:830} INFO - Processing file /home/airflow/.local/lib/python3.8/site-packages/airflow/example_dags/example_python_operator.py for tasks to queue
[2025-07-10T02:03:32.689+0000] {logging_mixin.py:188} INFO - [2025-07-10T02:03:32.688+0000] {dagbag.py:538} INFO - Filling up the DagBag from /home/airflow/.local/lib/python3.8/site-packages/airflow/example_dags/example_python_operator.py
[2025-07-10T02:03:32.703+0000] {processor.py:840} INFO - DAG(s) 'example_python_operator' retrieved from /home/airflow/.local/lib/python3.8/site-packages/airflow/example_dags/example_python_operator.py
[2025-07-10T02:03:32.812+0000] {logging_mixin.py:188} INFO - [2025-07-10T02:03:32.811+0000] {dag.py:3036} INFO - Sync 1 DAGs
[2025-07-10T02:03:32.824+0000] {logging_mixin.py:188} INFO - [2025-07-10T02:03:32.823+0000] {dag.py:3823} INFO - Setting next_dagrun for example_python_operator to None, run_after=None
[2025-07-10T02:03:32.854+0000] {processor.py:183} INFO - Processing /home/airflow/.local/lib/python3.8/site-packages/airflow/example_dags/example_python_operator.py took 0.173 seconds
[2025-07-10T02:04:03.531+0000] {processor.py:161} INFO - Started process (PID=150) to work on /home/airflow/.local/lib/python3.8/site-packages/airflow/example_dags/example_python_operator.py
[2025-07-10T02:04:03.533+0000] {processor.py:830} INFO - Processing file /home/airflow/.local/lib/python3.8/site-packages/airflow/example_dags/example_python_operator.py for tasks to queue
[2025-07-10T02:04:03.536+0000] {logging_mixin.py:188} INFO - [2025-07-10T02:04:03.535+0000] {dagbag.py:538} INFO - Filling up the DagBag from /home/airflow/.local/lib/python3.8/site-packages/airflow/example_dags/example_python_operator.py
[2025-07-10T02:04:03.547+0000] {processor.py:840} INFO - DAG(s) 'example_python_operator' retrieved from /home/airflow/.local/lib/python3.8/site-packages/airflow/example_dags/example_python_operator.py
[2025-07-10T02:04:03.575+0000] {logging_mixin.py:188} INFO - [2025-07-10T02:04:03.574+0000] {dag.py:3036} INFO - Sync 1 DAGs
[2025-07-10T02:04:03.587+0000] {logging_mixin.py:188} INFO - [2025-07-10T02:04:03.586+0000] {dag.py:3823} INFO - Setting next_dagrun for example_python_operator to None, run_after=None
[2025-07-10T02:04:03.609+0000] {processor.py:183} INFO - Processing /home/airflow/.local/lib/python3.8/site-packages/airflow/example_dags/example_python_operator.py took 0.081 seconds
[2025-07-10T02:04:34.909+0000] {processor.py:161} INFO - Started process (PID=206) to work on /home/airflow/.local/lib/python3.8/site-packages/airflow/example_dags/example_python_operator.py
[2025-07-10T02:04:34.911+0000] {processor.py:830} INFO - Processing file /home/airflow/.local/lib/python3.8/site-packages/airflow/example_dags/example_python_operator.py for tasks to queue
[2025-07-10T02:04:34.913+0000] {logging_mixin.py:188} INFO - [2025-07-10T02:04:34.913+0000] {dagbag.py:538} INFO - Filling up the DagBag from /home/airflow/.local/lib/python3.8/site-packages/airflow/example_dags/example_python_operator.py
[2025-07-10T02:04:34.924+0000] {processor.py:840} INFO - DAG(s) 'example_python_operator' retrieved from /home/airflow/.local/lib/python3.8/site-packages/airflow/example_dags/example_python_operator.py
[2025-07-10T02:04:34.946+0000] {logging_mixin.py:188} INFO - [2025-07-10T02:04:34.946+0000] {dag.py:3036} INFO - Sync 1 DAGs
[2025-07-10T02:04:34.958+0000] {logging_mixin.py:188} INFO - [2025-07-10T02:04:34.958+0000] {dag.py:3823} INFO - Setting next_dagrun for example_python_operator to None, run_after=None
[2025-07-10T02:04:34.983+0000] {processor.py:183} INFO - Processing /home/airflow/.local/lib/python3.8/site-packages/airflow/example_dags/example_python_operator.py took 0.078 seconds
[2025-07-10T02:05:05.931+0000] {processor.py:161} INFO - Started process (PID=262) to work on /home/airflow/.local/lib/python3.8/site-packages/airflow/example_dags/example_python_operator.py
[2025-07-10T02:05:05.932+0000] {processor.py:830} INFO - Processing file /home/airflow/.local/lib/python3.8/site-packages/airflow/example_dags/example_python_operator.py for tasks to queue
[2025-07-10T02:05:05.935+0000] {logging_mixin.py:188} INFO - [2025-07-10T02:05:05.934+0000] {dagbag.py:538} INFO - Filling up the DagBag from /home/airflow/.local/lib/python3.8/site-packages/airflow/example_dags/example_python_operator.py
[2025-07-10T02:05:05.948+0000] {processor.py:840} INFO - DAG(s) 'example_python_operator' retrieved from /home/airflow/.local/lib/python3.8/site-packages/airflow/example_dags/example_python_operator.py
[2025-07-10T02:05:05.978+0000] {logging_mixin.py:188} INFO - [2025-07-10T02:05:05.978+0000] {dag.py:3036} INFO - Sync 1 DAGs
[2025-07-10T02:05:05.992+0000] {logging_mixin.py:188} INFO - [2025-07-10T02:05:05.992+0000] {dag.py:3823} INFO - Setting next_dagrun for example_python_operator to None, run_after=None
[2025-07-10T02:05:06.015+0000] {processor.py:183} INFO - Processing /home/airflow/.local/lib/python3.8/site-packages/airflow/example_dags/example_python_operator.py took 0.089 seconds
[2025-07-10T02:05:36.832+0000] {processor.py:161} INFO - Started process (PID=318) to work on /home/airflow/.local/lib/python3.8/site-packages/airflow/example_dags/example_python_operator.py
[2025-07-10T02:05:36.834+0000] {processor.py:830} INFO - Processing file /home/airflow/.local/lib/python3.8/site-packages/airflow/example_dags/example_python_operator.py for tasks to queue
[2025-07-10T02:05:36.836+0000] {logging_mixin.py:188} INFO - [2025-07-10T02:05:36.836+0000] {dagbag.py:538} INFO - Filling up the DagBag from /home/airflow/.local/lib/python3.8/site-packages/airflow/example_dags/example_python_operator.py
[2025-07-10T02:05:36.846+0000] {processor.py:840} INFO - DAG(s) 'example_python_operator' retrieved from /home/airflow/.local/lib/python3.8/site-packages/airflow/example_dags/example_python_operator.py
[2025-07-10T02:05:36.861+0000] {logging_mixin.py:188} INFO - [2025-07-10T02:05:36.861+0000] {dag.py:3036} INFO - Sync 1 DAGs
[2025-07-10T02:05:36.875+0000] {logging_mixin.py:188} INFO - [2025-07-10T02:05:36.875+0000] {dag.py:3823} INFO - Setting next_dagrun for example_python_operator to None, run_after=None
[2025-07-10T02:05:36.900+0000] {processor.py:183} INFO - Processing /home/airflow/.local/lib/python3.8/site-packages/airflow/example_dags/example_python_operator.py took 0.071 seconds
[2025-07-10T02:06:08.284+0000] {processor.py:161} INFO - Started process (PID=374) to work on /home/airflow/.local/lib/python3.8/site-packages/airflow/example_dags/example_python_operator.py
[2025-07-10T02:06:08.286+0000] {processor.py:830} INFO - Processing file /home/airflow/.local/lib/python3.8/site-packages/airflow/example_dags/example_python_operator.py for tasks to queue
[2025-07-10T02:06:08.289+0000] {logging_mixin.py:188} INFO - [2025-07-10T02:06:08.288+0000] {dagbag.py:538} INFO - Filling up the DagBag from /home/airflow/.local/lib/python3.8/site-packages/airflow/example_dags/example_python_operator.py
[2025-07-10T02:06:08.300+0000] {processor.py:840} INFO - DAG(s) 'example_python_operator' retrieved from /home/airflow/.local/lib/python3.8/site-packages/airflow/example_dags/example_python_operator.py
[2025-07-10T02:06:08.424+0000] {logging_mixin.py:188} INFO - [2025-07-10T02:06:08.424+0000] {dag.py:3036} INFO - Sync 1 DAGs
[2025-07-10T02:06:08.435+0000] {logging_mixin.py:188} INFO - [2025-07-10T02:06:08.435+0000] {dag.py:3823} INFO - Setting next_dagrun for example_python_operator to None, run_after=None
[2025-07-10T02:06:08.465+0000] {processor.py:183} INFO - Processing /home/airflow/.local/lib/python3.8/site-packages/airflow/example_dags/example_python_operator.py took 0.185 seconds
[2025-07-10T02:06:39.158+0000] {processor.py:161} INFO - Started process (PID=430) to work on /home/airflow/.local/lib/python3.8/site-packages/airflow/example_dags/example_python_operator.py
[2025-07-10T02:06:39.159+0000] {processor.py:830} INFO - Processing file /home/airflow/.local/lib/python3.8/site-packages/airflow/example_dags/example_python_operator.py for tasks to queue
[2025-07-10T02:06:39.162+0000] {logging_mixin.py:188} INFO - [2025-07-10T02:06:39.161+0000] {dagbag.py:538} INFO - Filling up the DagBag from /home/airflow/.local/lib/python3.8/site-packages/airflow/example_dags/example_python_operator.py
[2025-07-10T02:06:39.176+0000] {processor.py:840} INFO - DAG(s) 'example_python_operator' retrieved from /home/airflow/.local/lib/python3.8/site-packages/airflow/example_dags/example_python_operator.py
[2025-07-10T02:06:39.210+0000] {logging_mixin.py:188} INFO - [2025-07-10T02:06:39.209+0000] {dag.py:3036} INFO - Sync 1 DAGs
[2025-07-10T02:06:39.230+0000] {logging_mixin.py:188} INFO - [2025-07-10T02:06:39.229+0000] {dag.py:3823} INFO - Setting next_dagrun for example_python_operator to None, run_after=None
[2025-07-10T02:06:39.274+0000] {processor.py:183} INFO - Processing /home/airflow/.local/lib/python3.8/site-packages/airflow/example_dags/example_python_operator.py took 0.120 seconds
[2025-07-10T02:07:09.355+0000] {processor.py:161} INFO - Started process (PID=485) to work on /home/airflow/.local/lib/python3.8/site-packages/airflow/example_dags/example_python_operator.py
[2025-07-10T02:07:09.358+0000] {processor.py:830} INFO - Processing file /home/airflow/.local/lib/python3.8/site-packages/airflow/example_dags/example_python_operator.py for tasks to queue
[2025-07-10T02:07:09.362+0000] {logging_mixin.py:188} INFO - [2025-07-10T02:07:09.361+0000] {dagbag.py:538} INFO - Filling up the DagBag from /home/airflow/.local/lib/python3.8/site-packages/airflow/example_dags/example_python_operator.py
[2025-07-10T02:07:09.376+0000] {processor.py:840} INFO - DAG(s) 'example_python_operator' retrieved from /home/airflow/.local/lib/python3.8/site-packages/airflow/example_dags/example_python_operator.py
[2025-07-10T02:07:09.400+0000] {logging_mixin.py:188} INFO - [2025-07-10T02:07:09.400+0000] {dag.py:3036} INFO - Sync 1 DAGs
[2025-07-10T02:07:09.413+0000] {logging_mixin.py:188} INFO - [2025-07-10T02:07:09.412+0000] {dag.py:3823} INFO - Setting next_dagrun for example_python_operator to None, run_after=None
[2025-07-10T02:07:09.459+0000] {processor.py:183} INFO - Processing /home/airflow/.local/lib/python3.8/site-packages/airflow/example_dags/example_python_operator.py took 0.109 seconds
[2025-07-10T02:07:39.747+0000] {processor.py:161} INFO - Started process (PID=541) to work on /home/airflow/.local/lib/python3.8/site-packages/airflow/example_dags/example_python_operator.py
[2025-07-10T02:07:39.748+0000] {processor.py:830} INFO - Processing file /home/airflow/.local/lib/python3.8/site-packages/airflow/example_dags/example_python_operator.py for tasks to queue
[2025-07-10T02:07:39.751+0000] {logging_mixin.py:188} INFO - [2025-07-10T02:07:39.750+0000] {dagbag.py:538} INFO - Filling up the DagBag from /home/airflow/.local/lib/python3.8/site-packages/airflow/example_dags/example_python_operator.py
[2025-07-10T02:07:39.760+0000] {processor.py:840} INFO - DAG(s) 'example_python_operator' retrieved from /home/airflow/.local/lib/python3.8/site-packages/airflow/example_dags/example_python_operator.py
[2025-07-10T02:07:39.779+0000] {logging_mixin.py:188} INFO - [2025-07-10T02:07:39.779+0000] {dag.py:3036} INFO - Sync 1 DAGs
[2025-07-10T02:07:39.789+0000] {logging_mixin.py:188} INFO - [2025-07-10T02:07:39.789+0000] {dag.py:3823} INFO - Setting next_dagrun for example_python_operator to None, run_after=None
[2025-07-10T02:07:39.813+0000] {processor.py:183} INFO - Processing /home/airflow/.local/lib/python3.8/site-packages/airflow/example_dags/example_python_operator.py took 0.070 seconds
[2025-07-10T02:08:10.157+0000] {processor.py:161} INFO - Started process (PID=597) to work on /home/airflow/.local/lib/python3.8/site-packages/airflow/example_dags/example_python_operator.py
[2025-07-10T02:08:10.159+0000] {processor.py:830} INFO - Processing file /home/airflow/.local/lib/python3.8/site-packages/airflow/example_dags/example_python_operator.py for tasks to queue
[2025-07-10T02:08:10.162+0000] {logging_mixin.py:188} INFO - [2025-07-10T02:08:10.161+0000] {dagbag.py:538} INFO - Filling up the DagBag from /home/airflow/.local/lib/python3.8/site-packages/airflow/example_dags/example_python_operator.py
[2025-07-10T02:08:10.173+0000] {processor.py:840} INFO - DAG(s) 'example_python_operator' retrieved from /home/airflow/.local/lib/python3.8/site-packages/airflow/example_dags/example_python_operator.py
[2025-07-10T02:08:10.197+0000] {logging_mixin.py:188} INFO - [2025-07-10T02:08:10.197+0000] {dag.py:3036} INFO - Sync 1 DAGs
[2025-07-10T02:08:10.209+0000] {logging_mixin.py:188} INFO - [2025-07-10T02:08:10.209+0000] {dag.py:3823} INFO - Setting next_dagrun for example_python_operator to None, run_after=None
[2025-07-10T02:08:10.236+0000] {processor.py:183} INFO - Processing /home/airflow/.local/lib/python3.8/site-packages/airflow/example_dags/example_python_operator.py took 0.083 seconds
[2025-07-10T02:08:40.714+0000] {processor.py:161} INFO - Started process (PID=653) to work on /home/airflow/.local/lib/python3.8/site-packages/airflow/example_dags/example_python_operator.py
[2025-07-10T02:08:40.715+0000] {processor.py:830} INFO - Processing file /home/airflow/.local/lib/python3.8/site-packages/airflow/example_dags/example_python_operator.py for tasks to queue
[2025-07-10T02:08:40.718+0000] {logging_mixin.py:188} INFO - [2025-07-10T02:08:40.717+0000] {dagbag.py:538} INFO - Filling up the DagBag from /home/airflow/.local/lib/python3.8/site-packages/airflow/example_dags/example_python_operator.py
[2025-07-10T02:08:40.726+0000] {processor.py:840} INFO - DAG(s) 'example_python_operator' retrieved from /home/airflow/.local/lib/python3.8/site-packages/airflow/example_dags/example_python_operator.py
[2025-07-10T02:08:40.749+0000] {logging_mixin.py:188} INFO - [2025-07-10T02:08:40.748+0000] {dag.py:3036} INFO - Sync 1 DAGs
[2025-07-10T02:08:40.759+0000] {logging_mixin.py:188} INFO - [2025-07-10T02:08:40.759+0000] {dag.py:3823} INFO - Setting next_dagrun for example_python_operator to None, run_after=None
[2025-07-10T02:08:40.785+0000] {processor.py:183} INFO - Processing /home/airflow/.local/lib/python3.8/site-packages/airflow/example_dags/example_python_operator.py took 0.075 seconds
[2025-07-10T02:09:47.111+0000] {processor.py:161} INFO - Started process (PID=88) to work on /home/airflow/.local/lib/python3.8/site-packages/airflow/example_dags/example_python_operator.py
[2025-07-10T02:09:47.114+0000] {processor.py:830} INFO - Processing file /home/airflow/.local/lib/python3.8/site-packages/airflow/example_dags/example_python_operator.py for tasks to queue
[2025-07-10T02:09:47.117+0000] {logging_mixin.py:188} INFO - [2025-07-10T02:09:47.117+0000] {dagbag.py:538} INFO - Filling up the DagBag from /home/airflow/.local/lib/python3.8/site-packages/airflow/example_dags/example_python_operator.py
[2025-07-10T02:09:47.138+0000] {processor.py:840} INFO - DAG(s) 'example_python_operator' retrieved from /home/airflow/.local/lib/python3.8/site-packages/airflow/example_dags/example_python_operator.py
[2025-07-10T02:09:47.167+0000] {logging_mixin.py:188} INFO - [2025-07-10T02:09:47.167+0000] {dag.py:3036} INFO - Sync 1 DAGs
[2025-07-10T02:09:47.204+0000] {logging_mixin.py:188} INFO - [2025-07-10T02:09:47.203+0000] {dag.py:3823} INFO - Setting next_dagrun for example_python_operator to None, run_after=None
[2025-07-10T02:09:47.250+0000] {processor.py:183} INFO - Processing /home/airflow/.local/lib/python3.8/site-packages/airflow/example_dags/example_python_operator.py took 0.143 seconds
[2025-07-10T02:10:18.845+0000] {processor.py:161} INFO - Started process (PID=144) to work on /home/airflow/.local/lib/python3.8/site-packages/airflow/example_dags/example_python_operator.py
[2025-07-10T02:10:18.847+0000] {processor.py:830} INFO - Processing file /home/airflow/.local/lib/python3.8/site-packages/airflow/example_dags/example_python_operator.py for tasks to queue
[2025-07-10T02:10:18.850+0000] {logging_mixin.py:188} INFO - [2025-07-10T02:10:18.849+0000] {dagbag.py:538} INFO - Filling up the DagBag from /home/airflow/.local/lib/python3.8/site-packages/airflow/example_dags/example_python_operator.py
[2025-07-10T02:10:18.861+0000] {processor.py:840} INFO - DAG(s) 'example_python_operator' retrieved from /home/airflow/.local/lib/python3.8/site-packages/airflow/example_dags/example_python_operator.py
[2025-07-10T02:10:18.941+0000] {logging_mixin.py:188} INFO - [2025-07-10T02:10:18.940+0000] {dag.py:3036} INFO - Sync 1 DAGs
[2025-07-10T02:10:18.950+0000] {logging_mixin.py:188} INFO - [2025-07-10T02:10:18.949+0000] {dag.py:3823} INFO - Setting next_dagrun for example_python_operator to None, run_after=None
[2025-07-10T02:10:18.974+0000] {processor.py:183} INFO - Processing /home/airflow/.local/lib/python3.8/site-packages/airflow/example_dags/example_python_operator.py took 0.136 seconds
[2025-07-10T02:10:50.509+0000] {processor.py:161} INFO - Started process (PID=200) to work on /home/airflow/.local/lib/python3.8/site-packages/airflow/example_dags/example_python_operator.py
[2025-07-10T02:10:50.510+0000] {processor.py:830} INFO - Processing file /home/airflow/.local/lib/python3.8/site-packages/airflow/example_dags/example_python_operator.py for tasks to queue
[2025-07-10T02:10:50.512+0000] {logging_mixin.py:188} INFO - [2025-07-10T02:10:50.512+0000] {dagbag.py:538} INFO - Filling up the DagBag from /home/airflow/.local/lib/python3.8/site-packages/airflow/example_dags/example_python_operator.py
[2025-07-10T02:10:50.522+0000] {processor.py:840} INFO - DAG(s) 'example_python_operator' retrieved from /home/airflow/.local/lib/python3.8/site-packages/airflow/example_dags/example_python_operator.py
[2025-07-10T02:10:50.547+0000] {logging_mixin.py:188} INFO - [2025-07-10T02:10:50.546+0000] {dag.py:3036} INFO - Sync 1 DAGs
[2025-07-10T02:10:50.558+0000] {logging_mixin.py:188} INFO - [2025-07-10T02:10:50.558+0000] {dag.py:3823} INFO - Setting next_dagrun for example_python_operator to None, run_after=None
[2025-07-10T02:10:50.586+0000] {processor.py:183} INFO - Processing /home/airflow/.local/lib/python3.8/site-packages/airflow/example_dags/example_python_operator.py took 0.081 seconds
[2025-07-10T02:11:20.905+0000] {processor.py:161} INFO - Started process (PID=256) to work on /home/airflow/.local/lib/python3.8/site-packages/airflow/example_dags/example_python_operator.py
[2025-07-10T02:11:20.907+0000] {processor.py:830} INFO - Processing file /home/airflow/.local/lib/python3.8/site-packages/airflow/example_dags/example_python_operator.py for tasks to queue
[2025-07-10T02:11:20.909+0000] {logging_mixin.py:188} INFO - [2025-07-10T02:11:20.909+0000] {dagbag.py:538} INFO - Filling up the DagBag from /home/airflow/.local/lib/python3.8/site-packages/airflow/example_dags/example_python_operator.py
[2025-07-10T02:11:20.920+0000] {processor.py:840} INFO - DAG(s) 'example_python_operator' retrieved from /home/airflow/.local/lib/python3.8/site-packages/airflow/example_dags/example_python_operator.py
[2025-07-10T02:11:20.952+0000] {logging_mixin.py:188} INFO - [2025-07-10T02:11:20.951+0000] {dag.py:3036} INFO - Sync 1 DAGs
[2025-07-10T02:11:20.967+0000] {logging_mixin.py:188} INFO - [2025-07-10T02:11:20.966+0000] {dag.py:3823} INFO - Setting next_dagrun for example_python_operator to None, run_after=None
[2025-07-10T02:11:20.997+0000] {processor.py:183} INFO - Processing /home/airflow/.local/lib/python3.8/site-packages/airflow/example_dags/example_python_operator.py took 0.096 seconds
[2025-07-10T02:11:51.799+0000] {processor.py:161} INFO - Started process (PID=312) to work on /home/airflow/.local/lib/python3.8/site-packages/airflow/example_dags/example_python_operator.py
[2025-07-10T02:11:51.801+0000] {processor.py:830} INFO - Processing file /home/airflow/.local/lib/python3.8/site-packages/airflow/example_dags/example_python_operator.py for tasks to queue
[2025-07-10T02:11:51.803+0000] {logging_mixin.py:188} INFO - [2025-07-10T02:11:51.803+0000] {dagbag.py:538} INFO - Filling up the DagBag from /home/airflow/.local/lib/python3.8/site-packages/airflow/example_dags/example_python_operator.py
[2025-07-10T02:11:51.813+0000] {processor.py:840} INFO - DAG(s) 'example_python_operator' retrieved from /home/airflow/.local/lib/python3.8/site-packages/airflow/example_dags/example_python_operator.py
[2025-07-10T02:11:51.836+0000] {logging_mixin.py:188} INFO - [2025-07-10T02:11:51.836+0000] {dag.py:3036} INFO - Sync 1 DAGs
[2025-07-10T02:11:51.851+0000] {logging_mixin.py:188} INFO - [2025-07-10T02:11:51.851+0000] {dag.py:3823} INFO - Setting next_dagrun for example_python_operator to None, run_after=None
[2025-07-10T02:11:51.878+0000] {processor.py:183} INFO - Processing /home/airflow/.local/lib/python3.8/site-packages/airflow/example_dags/example_python_operator.py took 0.082 seconds
[2025-07-10T02:14:07.116+0000] {processor.py:161} INFO - Started process (PID=93) to work on /home/airflow/.local/lib/python3.8/site-packages/airflow/example_dags/example_python_operator.py
[2025-07-10T02:14:07.118+0000] {processor.py:830} INFO - Processing file /home/airflow/.local/lib/python3.8/site-packages/airflow/example_dags/example_python_operator.py for tasks to queue
[2025-07-10T02:14:07.121+0000] {logging_mixin.py:188} INFO - [2025-07-10T02:14:07.120+0000] {dagbag.py:538} INFO - Filling up the DagBag from /home/airflow/.local/lib/python3.8/site-packages/airflow/example_dags/example_python_operator.py
[2025-07-10T02:14:07.138+0000] {processor.py:840} INFO - DAG(s) 'example_python_operator' retrieved from /home/airflow/.local/lib/python3.8/site-packages/airflow/example_dags/example_python_operator.py
[2025-07-10T02:14:07.268+0000] {logging_mixin.py:188} INFO - [2025-07-10T02:14:07.267+0000] {override.py:1769} INFO - Created Permission View: can delete on DAG:example_python_operator
[2025-07-10T02:14:07.282+0000] {logging_mixin.py:188} INFO - [2025-07-10T02:14:07.282+0000] {override.py:1769} INFO - Created Permission View: can read on DAG:example_python_operator
[2025-07-10T02:14:07.294+0000] {logging_mixin.py:188} INFO - [2025-07-10T02:14:07.293+0000] {override.py:1769} INFO - Created Permission View: can edit on DAG:example_python_operator
[2025-07-10T02:14:07.295+0000] {logging_mixin.py:188} INFO - [2025-07-10T02:14:07.295+0000] {dag.py:3036} INFO - Sync 1 DAGs
[2025-07-10T02:14:07.307+0000] {logging_mixin.py:188} INFO - [2025-07-10T02:14:07.307+0000] {dag.py:3058} INFO - Creating ORM DAG for example_python_operator
[2025-07-10T02:14:07.309+0000] {logging_mixin.py:188} INFO - [2025-07-10T02:14:07.309+0000] {dag.py:3823} INFO - Setting next_dagrun for example_python_operator to None, run_after=None
[2025-07-10T02:14:07.333+0000] {processor.py:183} INFO - Processing /home/airflow/.local/lib/python3.8/site-packages/airflow/example_dags/example_python_operator.py took 0.221 seconds
[2025-07-10T02:14:37.410+0000] {processor.py:161} INFO - Started process (PID=149) to work on /home/airflow/.local/lib/python3.8/site-packages/airflow/example_dags/example_python_operator.py
[2025-07-10T02:14:37.412+0000] {processor.py:830} INFO - Processing file /home/airflow/.local/lib/python3.8/site-packages/airflow/example_dags/example_python_operator.py for tasks to queue
[2025-07-10T02:14:37.415+0000] {logging_mixin.py:188} INFO - [2025-07-10T02:14:37.415+0000] {dagbag.py:538} INFO - Filling up the DagBag from /home/airflow/.local/lib/python3.8/site-packages/airflow/example_dags/example_python_operator.py
[2025-07-10T02:14:37.430+0000] {processor.py:840} INFO - DAG(s) 'example_python_operator' retrieved from /home/airflow/.local/lib/python3.8/site-packages/airflow/example_dags/example_python_operator.py
[2025-07-10T02:14:37.461+0000] {logging_mixin.py:188} INFO - [2025-07-10T02:14:37.461+0000] {dag.py:3036} INFO - Sync 1 DAGs
[2025-07-10T02:14:37.479+0000] {logging_mixin.py:188} INFO - [2025-07-10T02:14:37.479+0000] {dag.py:3823} INFO - Setting next_dagrun for example_python_operator to None, run_after=None
[2025-07-10T02:14:37.511+0000] {processor.py:183} INFO - Processing /home/airflow/.local/lib/python3.8/site-packages/airflow/example_dags/example_python_operator.py took 0.104 seconds
[2025-07-10T02:15:07.667+0000] {processor.py:161} INFO - Started process (PID=205) to work on /home/airflow/.local/lib/python3.8/site-packages/airflow/example_dags/example_python_operator.py
[2025-07-10T02:15:07.669+0000] {processor.py:830} INFO - Processing file /home/airflow/.local/lib/python3.8/site-packages/airflow/example_dags/example_python_operator.py for tasks to queue
[2025-07-10T02:15:07.675+0000] {logging_mixin.py:188} INFO - [2025-07-10T02:15:07.675+0000] {dagbag.py:538} INFO - Filling up the DagBag from /home/airflow/.local/lib/python3.8/site-packages/airflow/example_dags/example_python_operator.py
[2025-07-10T02:15:07.689+0000] {processor.py:840} INFO - DAG(s) 'example_python_operator' retrieved from /home/airflow/.local/lib/python3.8/site-packages/airflow/example_dags/example_python_operator.py
[2025-07-10T02:15:07.717+0000] {logging_mixin.py:188} INFO - [2025-07-10T02:15:07.717+0000] {dag.py:3036} INFO - Sync 1 DAGs
[2025-07-10T02:15:07.730+0000] {logging_mixin.py:188} INFO - [2025-07-10T02:15:07.730+0000] {dag.py:3823} INFO - Setting next_dagrun for example_python_operator to None, run_after=None
[2025-07-10T02:15:07.757+0000] {processor.py:183} INFO - Processing /home/airflow/.local/lib/python3.8/site-packages/airflow/example_dags/example_python_operator.py took 0.095 seconds
[2025-07-10T02:16:39.387+0000] {processor.py:161} INFO - Started process (PID=93) to work on /home/airflow/.local/lib/python3.8/site-packages/airflow/example_dags/example_python_operator.py
[2025-07-10T02:16:39.390+0000] {processor.py:830} INFO - Processing file /home/airflow/.local/lib/python3.8/site-packages/airflow/example_dags/example_python_operator.py for tasks to queue
[2025-07-10T02:16:39.393+0000] {logging_mixin.py:188} INFO - [2025-07-10T02:16:39.393+0000] {dagbag.py:538} INFO - Filling up the DagBag from /home/airflow/.local/lib/python3.8/site-packages/airflow/example_dags/example_python_operator.py
[2025-07-10T02:16:39.416+0000] {processor.py:840} INFO - DAG(s) 'example_python_operator' retrieved from /home/airflow/.local/lib/python3.8/site-packages/airflow/example_dags/example_python_operator.py
[2025-07-10T02:16:39.440+0000] {logging_mixin.py:188} INFO - [2025-07-10T02:16:39.439+0000] {dag.py:3036} INFO - Sync 1 DAGs
[2025-07-10T02:16:39.465+0000] {logging_mixin.py:188} INFO - [2025-07-10T02:16:39.465+0000] {dag.py:3823} INFO - Setting next_dagrun for example_python_operator to None, run_after=None
[2025-07-10T02:16:39.518+0000] {processor.py:183} INFO - Processing /home/airflow/.local/lib/python3.8/site-packages/airflow/example_dags/example_python_operator.py took 0.137 seconds
[2025-07-10T02:17:11.840+0000] {processor.py:161} INFO - Started process (PID=149) to work on /home/airflow/.local/lib/python3.8/site-packages/airflow/example_dags/example_python_operator.py
[2025-07-10T02:17:11.842+0000] {processor.py:830} INFO - Processing file /home/airflow/.local/lib/python3.8/site-packages/airflow/example_dags/example_python_operator.py for tasks to queue
[2025-07-10T02:17:11.845+0000] {logging_mixin.py:188} INFO - [2025-07-10T02:17:11.845+0000] {dagbag.py:538} INFO - Filling up the DagBag from /home/airflow/.local/lib/python3.8/site-packages/airflow/example_dags/example_python_operator.py
[2025-07-10T02:17:11.859+0000] {processor.py:840} INFO - DAG(s) 'example_python_operator' retrieved from /home/airflow/.local/lib/python3.8/site-packages/airflow/example_dags/example_python_operator.py
[2025-07-10T02:17:11.977+0000] {logging_mixin.py:188} INFO - [2025-07-10T02:17:11.977+0000] {dag.py:3036} INFO - Sync 1 DAGs
[2025-07-10T02:17:11.990+0000] {logging_mixin.py:188} INFO - [2025-07-10T02:17:11.990+0000] {dag.py:3823} INFO - Setting next_dagrun for example_python_operator to None, run_after=None
[2025-07-10T02:17:12.019+0000] {processor.py:183} INFO - Processing /home/airflow/.local/lib/python3.8/site-packages/airflow/example_dags/example_python_operator.py took 0.183 seconds
