[2025-07-10T00:00:08.853+0000] {processor.py:161} INFO - Started process (PID=725) to work on /home/airflow/.local/lib/python3.8/site-packages/airflow/example_dags/example_latest_only.py
[2025-07-10T00:00:08.855+0000] {processor.py:830} INFO - Processing file /home/airflow/.local/lib/python3.8/site-packages/airflow/example_dags/example_latest_only.py for tasks to queue
[2025-07-10T00:00:08.857+0000] {logging_mixin.py:188} INFO - [2025-07-10T00:00:08.857+0000] {dagbag.py:538} INFO - Filling up the DagBag from /home/airflow/.local/lib/python3.8/site-packages/airflow/example_dags/example_latest_only.py
[2025-07-10T00:00:08.865+0000] {processor.py:840} INFO - DAG(s) 'latest_only' retrieved from /home/airflow/.local/lib/python3.8/site-packages/airflow/example_dags/example_latest_only.py
[2025-07-10T00:00:08.899+0000] {logging_mixin.py:188} INFO - [2025-07-10T00:00:08.898+0000] {dag.py:3036} INFO - Sync 1 DAGs
[2025-07-10T00:00:08.930+0000] {logging_mixin.py:188} INFO - [2025-07-10T00:00:08.930+0000] {dag.py:3823} INFO - Setting next_dagrun for latest_only to 2025-07-09 20:00:00+00:00, run_after=2025-07-10 00:00:00+00:00
[2025-07-10T00:00:08.964+0000] {processor.py:183} INFO - Processing /home/airflow/.local/lib/python3.8/site-packages/airflow/example_dags/example_latest_only.py took 0.121 seconds
[2025-07-10T00:01:38.817+0000] {processor.py:161} INFO - Started process (PID=99) to work on /home/airflow/.local/lib/python3.8/site-packages/airflow/example_dags/example_latest_only.py
[2025-07-10T00:01:38.819+0000] {processor.py:830} INFO - Processing file /home/airflow/.local/lib/python3.8/site-packages/airflow/example_dags/example_latest_only.py for tasks to queue
[2025-07-10T00:01:38.823+0000] {logging_mixin.py:188} INFO - [2025-07-10T00:01:38.823+0000] {dagbag.py:538} INFO - Filling up the DagBag from /home/airflow/.local/lib/python3.8/site-packages/airflow/example_dags/example_latest_only.py
[2025-07-10T00:01:38.835+0000] {processor.py:840} INFO - DAG(s) 'latest_only' retrieved from /home/airflow/.local/lib/python3.8/site-packages/airflow/example_dags/example_latest_only.py
[2025-07-10T00:01:38.964+0000] {logging_mixin.py:188} INFO - [2025-07-10T00:01:38.964+0000] {dag.py:3036} INFO - Sync 1 DAGs
[2025-07-10T00:01:38.987+0000] {logging_mixin.py:188} INFO - [2025-07-10T00:01:38.987+0000] {dag.py:3823} INFO - Setting next_dagrun for latest_only to 2025-07-09 20:00:00+00:00, run_after=2025-07-10 00:00:00+00:00
[2025-07-10T00:01:39.017+0000] {processor.py:183} INFO - Processing /home/airflow/.local/lib/python3.8/site-packages/airflow/example_dags/example_latest_only.py took 0.207 seconds
[2025-07-10T00:02:09.430+0000] {processor.py:161} INFO - Started process (PID=155) to work on /home/airflow/.local/lib/python3.8/site-packages/airflow/example_dags/example_latest_only.py
[2025-07-10T00:02:09.432+0000] {processor.py:830} INFO - Processing file /home/airflow/.local/lib/python3.8/site-packages/airflow/example_dags/example_latest_only.py for tasks to queue
[2025-07-10T00:02:09.436+0000] {logging_mixin.py:188} INFO - [2025-07-10T00:02:09.436+0000] {dagbag.py:538} INFO - Filling up the DagBag from /home/airflow/.local/lib/python3.8/site-packages/airflow/example_dags/example_latest_only.py
[2025-07-10T00:02:09.446+0000] {processor.py:840} INFO - DAG(s) 'latest_only' retrieved from /home/airflow/.local/lib/python3.8/site-packages/airflow/example_dags/example_latest_only.py
[2025-07-10T00:02:09.468+0000] {logging_mixin.py:188} INFO - [2025-07-10T00:02:09.467+0000] {dag.py:3036} INFO - Sync 1 DAGs
[2025-07-10T00:02:09.498+0000] {logging_mixin.py:188} INFO - [2025-07-10T00:02:09.498+0000] {dag.py:3823} INFO - Setting next_dagrun for latest_only to 2025-07-09 20:00:00+00:00, run_after=2025-07-10 00:00:00+00:00
[2025-07-10T00:02:09.524+0000] {processor.py:183} INFO - Processing /home/airflow/.local/lib/python3.8/site-packages/airflow/example_dags/example_latest_only.py took 0.100 seconds
[2025-07-10T00:02:40.981+0000] {processor.py:161} INFO - Started process (PID=211) to work on /home/airflow/.local/lib/python3.8/site-packages/airflow/example_dags/example_latest_only.py
[2025-07-10T00:02:40.983+0000] {processor.py:830} INFO - Processing file /home/airflow/.local/lib/python3.8/site-packages/airflow/example_dags/example_latest_only.py for tasks to queue
[2025-07-10T00:02:40.985+0000] {logging_mixin.py:188} INFO - [2025-07-10T00:02:40.985+0000] {dagbag.py:538} INFO - Filling up the DagBag from /home/airflow/.local/lib/python3.8/site-packages/airflow/example_dags/example_latest_only.py
[2025-07-10T00:02:40.992+0000] {processor.py:840} INFO - DAG(s) 'latest_only' retrieved from /home/airflow/.local/lib/python3.8/site-packages/airflow/example_dags/example_latest_only.py
[2025-07-10T00:02:41.124+0000] {logging_mixin.py:188} INFO - [2025-07-10T00:02:41.123+0000] {dag.py:3036} INFO - Sync 1 DAGs
[2025-07-10T00:02:41.156+0000] {logging_mixin.py:188} INFO - [2025-07-10T00:02:41.156+0000] {dag.py:3823} INFO - Setting next_dagrun for latest_only to 2025-07-09 20:00:00+00:00, run_after=2025-07-10 00:00:00+00:00
[2025-07-10T00:02:41.187+0000] {processor.py:183} INFO - Processing /home/airflow/.local/lib/python3.8/site-packages/airflow/example_dags/example_latest_only.py took 0.210 seconds
[2025-07-10T00:03:11.767+0000] {processor.py:161} INFO - Started process (PID=267) to work on /home/airflow/.local/lib/python3.8/site-packages/airflow/example_dags/example_latest_only.py
[2025-07-10T00:03:11.768+0000] {processor.py:830} INFO - Processing file /home/airflow/.local/lib/python3.8/site-packages/airflow/example_dags/example_latest_only.py for tasks to queue
[2025-07-10T00:03:11.772+0000] {logging_mixin.py:188} INFO - [2025-07-10T00:03:11.772+0000] {dagbag.py:538} INFO - Filling up the DagBag from /home/airflow/.local/lib/python3.8/site-packages/airflow/example_dags/example_latest_only.py
[2025-07-10T00:03:11.780+0000] {processor.py:840} INFO - DAG(s) 'latest_only' retrieved from /home/airflow/.local/lib/python3.8/site-packages/airflow/example_dags/example_latest_only.py
[2025-07-10T00:03:11.810+0000] {logging_mixin.py:188} INFO - [2025-07-10T00:03:11.810+0000] {dag.py:3036} INFO - Sync 1 DAGs
[2025-07-10T00:03:11.839+0000] {logging_mixin.py:188} INFO - [2025-07-10T00:03:11.839+0000] {dag.py:3823} INFO - Setting next_dagrun for latest_only to 2025-07-09 20:00:00+00:00, run_after=2025-07-10 00:00:00+00:00
[2025-07-10T00:03:11.875+0000] {processor.py:183} INFO - Processing /home/airflow/.local/lib/python3.8/site-packages/airflow/example_dags/example_latest_only.py took 0.112 seconds
[2025-07-10T00:03:42.015+0000] {processor.py:161} INFO - Started process (PID=323) to work on /home/airflow/.local/lib/python3.8/site-packages/airflow/example_dags/example_latest_only.py
[2025-07-10T00:03:42.016+0000] {processor.py:830} INFO - Processing file /home/airflow/.local/lib/python3.8/site-packages/airflow/example_dags/example_latest_only.py for tasks to queue
[2025-07-10T00:03:42.020+0000] {logging_mixin.py:188} INFO - [2025-07-10T00:03:42.019+0000] {dagbag.py:538} INFO - Filling up the DagBag from /home/airflow/.local/lib/python3.8/site-packages/airflow/example_dags/example_latest_only.py
[2025-07-10T00:03:42.028+0000] {processor.py:840} INFO - DAG(s) 'latest_only' retrieved from /home/airflow/.local/lib/python3.8/site-packages/airflow/example_dags/example_latest_only.py
[2025-07-10T00:03:42.062+0000] {logging_mixin.py:188} INFO - [2025-07-10T00:03:42.061+0000] {dag.py:3036} INFO - Sync 1 DAGs
[2025-07-10T00:03:42.089+0000] {logging_mixin.py:188} INFO - [2025-07-10T00:03:42.088+0000] {dag.py:3823} INFO - Setting next_dagrun for latest_only to 2025-07-09 20:00:00+00:00, run_after=2025-07-10 00:00:00+00:00
[2025-07-10T00:03:42.118+0000] {processor.py:183} INFO - Processing /home/airflow/.local/lib/python3.8/site-packages/airflow/example_dags/example_latest_only.py took 0.108 seconds
[2025-07-10T00:04:12.842+0000] {processor.py:161} INFO - Started process (PID=379) to work on /home/airflow/.local/lib/python3.8/site-packages/airflow/example_dags/example_latest_only.py
[2025-07-10T00:04:12.844+0000] {processor.py:830} INFO - Processing file /home/airflow/.local/lib/python3.8/site-packages/airflow/example_dags/example_latest_only.py for tasks to queue
[2025-07-10T00:04:12.847+0000] {logging_mixin.py:188} INFO - [2025-07-10T00:04:12.847+0000] {dagbag.py:538} INFO - Filling up the DagBag from /home/airflow/.local/lib/python3.8/site-packages/airflow/example_dags/example_latest_only.py
[2025-07-10T00:04:12.856+0000] {processor.py:840} INFO - DAG(s) 'latest_only' retrieved from /home/airflow/.local/lib/python3.8/site-packages/airflow/example_dags/example_latest_only.py
[2025-07-10T00:04:12.889+0000] {logging_mixin.py:188} INFO - [2025-07-10T00:04:12.889+0000] {dag.py:3036} INFO - Sync 1 DAGs
[2025-07-10T00:04:12.917+0000] {logging_mixin.py:188} INFO - [2025-07-10T00:04:12.917+0000] {dag.py:3823} INFO - Setting next_dagrun for latest_only to 2025-07-09 20:00:00+00:00, run_after=2025-07-10 00:00:00+00:00
[2025-07-10T00:04:12.957+0000] {processor.py:183} INFO - Processing /home/airflow/.local/lib/python3.8/site-packages/airflow/example_dags/example_latest_only.py took 0.119 seconds
[2025-07-10T02:03:32.629+0000] {processor.py:161} INFO - Started process (PID=93) to work on /home/airflow/.local/lib/python3.8/site-packages/airflow/example_dags/example_latest_only.py
[2025-07-10T02:03:32.631+0000] {processor.py:830} INFO - Processing file /home/airflow/.local/lib/python3.8/site-packages/airflow/example_dags/example_latest_only.py for tasks to queue
[2025-07-10T02:03:32.634+0000] {logging_mixin.py:188} INFO - [2025-07-10T02:03:32.634+0000] {dagbag.py:538} INFO - Filling up the DagBag from /home/airflow/.local/lib/python3.8/site-packages/airflow/example_dags/example_latest_only.py
[2025-07-10T02:03:32.642+0000] {processor.py:840} INFO - DAG(s) 'latest_only' retrieved from /home/airflow/.local/lib/python3.8/site-packages/airflow/example_dags/example_latest_only.py
[2025-07-10T02:03:32.671+0000] {logging_mixin.py:188} INFO - [2025-07-10T02:03:32.671+0000] {dag.py:3036} INFO - Sync 1 DAGs
[2025-07-10T02:03:32.694+0000] {logging_mixin.py:188} INFO - [2025-07-10T02:03:32.693+0000] {dag.py:3823} INFO - Setting next_dagrun for latest_only to 2025-07-09 20:00:00+00:00, run_after=2025-07-10 00:00:00+00:00
[2025-07-10T02:03:32.719+0000] {processor.py:183} INFO - Processing /home/airflow/.local/lib/python3.8/site-packages/airflow/example_dags/example_latest_only.py took 0.095 seconds
[2025-07-10T02:04:03.507+0000] {processor.py:161} INFO - Started process (PID=149) to work on /home/airflow/.local/lib/python3.8/site-packages/airflow/example_dags/example_latest_only.py
[2025-07-10T02:04:03.508+0000] {processor.py:830} INFO - Processing file /home/airflow/.local/lib/python3.8/site-packages/airflow/example_dags/example_latest_only.py for tasks to queue
[2025-07-10T02:04:03.510+0000] {logging_mixin.py:188} INFO - [2025-07-10T02:04:03.510+0000] {dagbag.py:538} INFO - Filling up the DagBag from /home/airflow/.local/lib/python3.8/site-packages/airflow/example_dags/example_latest_only.py
[2025-07-10T02:04:03.516+0000] {processor.py:840} INFO - DAG(s) 'latest_only' retrieved from /home/airflow/.local/lib/python3.8/site-packages/airflow/example_dags/example_latest_only.py
[2025-07-10T02:04:03.537+0000] {logging_mixin.py:188} INFO - [2025-07-10T02:04:03.537+0000] {dag.py:3036} INFO - Sync 1 DAGs
[2025-07-10T02:04:03.559+0000] {logging_mixin.py:188} INFO - [2025-07-10T02:04:03.559+0000] {dag.py:3823} INFO - Setting next_dagrun for latest_only to 2025-07-09 20:00:00+00:00, run_after=2025-07-10 00:00:00+00:00
[2025-07-10T02:04:03.583+0000] {processor.py:183} INFO - Processing /home/airflow/.local/lib/python3.8/site-packages/airflow/example_dags/example_latest_only.py took 0.080 seconds
[2025-07-10T02:04:34.909+0000] {processor.py:161} INFO - Started process (PID=205) to work on /home/airflow/.local/lib/python3.8/site-packages/airflow/example_dags/example_latest_only.py
[2025-07-10T02:04:34.911+0000] {processor.py:830} INFO - Processing file /home/airflow/.local/lib/python3.8/site-packages/airflow/example_dags/example_latest_only.py for tasks to queue
[2025-07-10T02:04:34.913+0000] {logging_mixin.py:188} INFO - [2025-07-10T02:04:34.913+0000] {dagbag.py:538} INFO - Filling up the DagBag from /home/airflow/.local/lib/python3.8/site-packages/airflow/example_dags/example_latest_only.py
[2025-07-10T02:04:34.918+0000] {processor.py:840} INFO - DAG(s) 'latest_only' retrieved from /home/airflow/.local/lib/python3.8/site-packages/airflow/example_dags/example_latest_only.py
[2025-07-10T02:04:34.941+0000] {logging_mixin.py:188} INFO - [2025-07-10T02:04:34.941+0000] {dag.py:3036} INFO - Sync 1 DAGs
[2025-07-10T02:04:34.961+0000] {logging_mixin.py:188} INFO - [2025-07-10T02:04:34.961+0000] {dag.py:3823} INFO - Setting next_dagrun for latest_only to 2025-07-09 20:00:00+00:00, run_after=2025-07-10 00:00:00+00:00
[2025-07-10T02:04:34.986+0000] {processor.py:183} INFO - Processing /home/airflow/.local/lib/python3.8/site-packages/airflow/example_dags/example_latest_only.py took 0.080 seconds
[2025-07-10T02:05:05.837+0000] {processor.py:161} INFO - Started process (PID=261) to work on /home/airflow/.local/lib/python3.8/site-packages/airflow/example_dags/example_latest_only.py
[2025-07-10T02:05:05.838+0000] {processor.py:830} INFO - Processing file /home/airflow/.local/lib/python3.8/site-packages/airflow/example_dags/example_latest_only.py for tasks to queue
[2025-07-10T02:05:05.841+0000] {logging_mixin.py:188} INFO - [2025-07-10T02:05:05.840+0000] {dagbag.py:538} INFO - Filling up the DagBag from /home/airflow/.local/lib/python3.8/site-packages/airflow/example_dags/example_latest_only.py
[2025-07-10T02:05:05.847+0000] {processor.py:840} INFO - DAG(s) 'latest_only' retrieved from /home/airflow/.local/lib/python3.8/site-packages/airflow/example_dags/example_latest_only.py
[2025-07-10T02:05:05.872+0000] {logging_mixin.py:188} INFO - [2025-07-10T02:05:05.872+0000] {dag.py:3036} INFO - Sync 1 DAGs
[2025-07-10T02:05:05.900+0000] {logging_mixin.py:188} INFO - [2025-07-10T02:05:05.900+0000] {dag.py:3823} INFO - Setting next_dagrun for latest_only to 2025-07-09 20:00:00+00:00, run_after=2025-07-10 00:00:00+00:00
[2025-07-10T02:05:05.932+0000] {processor.py:183} INFO - Processing /home/airflow/.local/lib/python3.8/site-packages/airflow/example_dags/example_latest_only.py took 0.100 seconds
[2025-07-10T02:05:36.813+0000] {processor.py:161} INFO - Started process (PID=317) to work on /home/airflow/.local/lib/python3.8/site-packages/airflow/example_dags/example_latest_only.py
[2025-07-10T02:05:36.814+0000] {processor.py:830} INFO - Processing file /home/airflow/.local/lib/python3.8/site-packages/airflow/example_dags/example_latest_only.py for tasks to queue
[2025-07-10T02:05:36.817+0000] {logging_mixin.py:188} INFO - [2025-07-10T02:05:36.816+0000] {dagbag.py:538} INFO - Filling up the DagBag from /home/airflow/.local/lib/python3.8/site-packages/airflow/example_dags/example_latest_only.py
[2025-07-10T02:05:36.822+0000] {processor.py:840} INFO - DAG(s) 'latest_only' retrieved from /home/airflow/.local/lib/python3.8/site-packages/airflow/example_dags/example_latest_only.py
[2025-07-10T02:05:36.835+0000] {logging_mixin.py:188} INFO - [2025-07-10T02:05:36.835+0000] {dag.py:3036} INFO - Sync 1 DAGs
[2025-07-10T02:05:36.857+0000] {logging_mixin.py:188} INFO - [2025-07-10T02:05:36.856+0000] {dag.py:3823} INFO - Setting next_dagrun for latest_only to 2025-07-09 20:00:00+00:00, run_after=2025-07-10 00:00:00+00:00
[2025-07-10T02:05:36.880+0000] {processor.py:183} INFO - Processing /home/airflow/.local/lib/python3.8/site-packages/airflow/example_dags/example_latest_only.py took 0.071 seconds
[2025-07-10T02:06:08.056+0000] {processor.py:161} INFO - Started process (PID=373) to work on /home/airflow/.local/lib/python3.8/site-packages/airflow/example_dags/example_latest_only.py
[2025-07-10T02:06:08.057+0000] {processor.py:830} INFO - Processing file /home/airflow/.local/lib/python3.8/site-packages/airflow/example_dags/example_latest_only.py for tasks to queue
[2025-07-10T02:06:08.061+0000] {logging_mixin.py:188} INFO - [2025-07-10T02:06:08.060+0000] {dagbag.py:538} INFO - Filling up the DagBag from /home/airflow/.local/lib/python3.8/site-packages/airflow/example_dags/example_latest_only.py
[2025-07-10T02:06:08.068+0000] {processor.py:840} INFO - DAG(s) 'latest_only' retrieved from /home/airflow/.local/lib/python3.8/site-packages/airflow/example_dags/example_latest_only.py
[2025-07-10T02:06:08.183+0000] {logging_mixin.py:188} INFO - [2025-07-10T02:06:08.182+0000] {dag.py:3036} INFO - Sync 1 DAGs
[2025-07-10T02:06:08.205+0000] {logging_mixin.py:188} INFO - [2025-07-10T02:06:08.205+0000] {dag.py:3823} INFO - Setting next_dagrun for latest_only to 2025-07-09 20:00:00+00:00, run_after=2025-07-10 00:00:00+00:00
[2025-07-10T02:06:08.236+0000] {processor.py:183} INFO - Processing /home/airflow/.local/lib/python3.8/site-packages/airflow/example_dags/example_latest_only.py took 0.185 seconds
[2025-07-10T02:06:38.969+0000] {processor.py:161} INFO - Started process (PID=429) to work on /home/airflow/.local/lib/python3.8/site-packages/airflow/example_dags/example_latest_only.py
[2025-07-10T02:06:38.972+0000] {processor.py:830} INFO - Processing file /home/airflow/.local/lib/python3.8/site-packages/airflow/example_dags/example_latest_only.py for tasks to queue
[2025-07-10T02:06:38.977+0000] {logging_mixin.py:188} INFO - [2025-07-10T02:06:38.976+0000] {dagbag.py:538} INFO - Filling up the DagBag from /home/airflow/.local/lib/python3.8/site-packages/airflow/example_dags/example_latest_only.py
[2025-07-10T02:06:38.989+0000] {processor.py:840} INFO - DAG(s) 'latest_only' retrieved from /home/airflow/.local/lib/python3.8/site-packages/airflow/example_dags/example_latest_only.py
[2025-07-10T02:06:39.024+0000] {logging_mixin.py:188} INFO - [2025-07-10T02:06:39.024+0000] {dag.py:3036} INFO - Sync 1 DAGs
[2025-07-10T02:06:39.053+0000] {logging_mixin.py:188} INFO - [2025-07-10T02:06:39.052+0000] {dag.py:3823} INFO - Setting next_dagrun for latest_only to 2025-07-09 20:00:00+00:00, run_after=2025-07-10 00:00:00+00:00
[2025-07-10T02:06:39.095+0000] {processor.py:183} INFO - Processing /home/airflow/.local/lib/python3.8/site-packages/airflow/example_dags/example_latest_only.py took 0.134 seconds
[2025-07-10T02:07:09.189+0000] {processor.py:161} INFO - Started process (PID=484) to work on /home/airflow/.local/lib/python3.8/site-packages/airflow/example_dags/example_latest_only.py
[2025-07-10T02:07:09.192+0000] {processor.py:830} INFO - Processing file /home/airflow/.local/lib/python3.8/site-packages/airflow/example_dags/example_latest_only.py for tasks to queue
[2025-07-10T02:07:09.196+0000] {logging_mixin.py:188} INFO - [2025-07-10T02:07:09.195+0000] {dagbag.py:538} INFO - Filling up the DagBag from /home/airflow/.local/lib/python3.8/site-packages/airflow/example_dags/example_latest_only.py
[2025-07-10T02:07:09.204+0000] {processor.py:840} INFO - DAG(s) 'latest_only' retrieved from /home/airflow/.local/lib/python3.8/site-packages/airflow/example_dags/example_latest_only.py
[2025-07-10T02:07:09.229+0000] {logging_mixin.py:188} INFO - [2025-07-10T02:07:09.229+0000] {dag.py:3036} INFO - Sync 1 DAGs
[2025-07-10T02:07:09.254+0000] {logging_mixin.py:188} INFO - [2025-07-10T02:07:09.253+0000] {dag.py:3823} INFO - Setting next_dagrun for latest_only to 2025-07-09 20:00:00+00:00, run_after=2025-07-10 00:00:00+00:00
[2025-07-10T02:07:09.283+0000] {processor.py:183} INFO - Processing /home/airflow/.local/lib/python3.8/site-packages/airflow/example_dags/example_latest_only.py took 0.102 seconds
[2025-07-10T02:07:39.631+0000] {processor.py:161} INFO - Started process (PID=540) to work on /home/airflow/.local/lib/python3.8/site-packages/airflow/example_dags/example_latest_only.py
[2025-07-10T02:07:39.632+0000] {processor.py:830} INFO - Processing file /home/airflow/.local/lib/python3.8/site-packages/airflow/example_dags/example_latest_only.py for tasks to queue
[2025-07-10T02:07:39.635+0000] {logging_mixin.py:188} INFO - [2025-07-10T02:07:39.635+0000] {dagbag.py:538} INFO - Filling up the DagBag from /home/airflow/.local/lib/python3.8/site-packages/airflow/example_dags/example_latest_only.py
[2025-07-10T02:07:39.640+0000] {processor.py:840} INFO - DAG(s) 'latest_only' retrieved from /home/airflow/.local/lib/python3.8/site-packages/airflow/example_dags/example_latest_only.py
[2025-07-10T02:07:39.661+0000] {logging_mixin.py:188} INFO - [2025-07-10T02:07:39.661+0000] {dag.py:3036} INFO - Sync 1 DAGs
[2025-07-10T02:07:39.678+0000] {logging_mixin.py:188} INFO - [2025-07-10T02:07:39.678+0000] {dag.py:3823} INFO - Setting next_dagrun for latest_only to 2025-07-09 20:00:00+00:00, run_after=2025-07-10 00:00:00+00:00
[2025-07-10T02:07:39.702+0000] {processor.py:183} INFO - Processing /home/airflow/.local/lib/python3.8/site-packages/airflow/example_dags/example_latest_only.py took 0.076 seconds
[2025-07-10T02:08:10.012+0000] {processor.py:161} INFO - Started process (PID=596) to work on /home/airflow/.local/lib/python3.8/site-packages/airflow/example_dags/example_latest_only.py
[2025-07-10T02:08:10.013+0000] {processor.py:830} INFO - Processing file /home/airflow/.local/lib/python3.8/site-packages/airflow/example_dags/example_latest_only.py for tasks to queue
[2025-07-10T02:08:10.016+0000] {logging_mixin.py:188} INFO - [2025-07-10T02:08:10.015+0000] {dagbag.py:538} INFO - Filling up the DagBag from /home/airflow/.local/lib/python3.8/site-packages/airflow/example_dags/example_latest_only.py
[2025-07-10T02:08:10.021+0000] {processor.py:840} INFO - DAG(s) 'latest_only' retrieved from /home/airflow/.local/lib/python3.8/site-packages/airflow/example_dags/example_latest_only.py
[2025-07-10T02:08:10.045+0000] {logging_mixin.py:188} INFO - [2025-07-10T02:08:10.044+0000] {dag.py:3036} INFO - Sync 1 DAGs
[2025-07-10T02:08:10.067+0000] {logging_mixin.py:188} INFO - [2025-07-10T02:08:10.067+0000] {dag.py:3823} INFO - Setting next_dagrun for latest_only to 2025-07-09 20:00:00+00:00, run_after=2025-07-10 00:00:00+00:00
[2025-07-10T02:08:10.103+0000] {processor.py:183} INFO - Processing /home/airflow/.local/lib/python3.8/site-packages/airflow/example_dags/example_latest_only.py took 0.094 seconds
[2025-07-10T02:08:40.598+0000] {processor.py:161} INFO - Started process (PID=652) to work on /home/airflow/.local/lib/python3.8/site-packages/airflow/example_dags/example_latest_only.py
[2025-07-10T02:08:40.600+0000] {processor.py:830} INFO - Processing file /home/airflow/.local/lib/python3.8/site-packages/airflow/example_dags/example_latest_only.py for tasks to queue
[2025-07-10T02:08:40.604+0000] {logging_mixin.py:188} INFO - [2025-07-10T02:08:40.603+0000] {dagbag.py:538} INFO - Filling up the DagBag from /home/airflow/.local/lib/python3.8/site-packages/airflow/example_dags/example_latest_only.py
[2025-07-10T02:08:40.611+0000] {processor.py:840} INFO - DAG(s) 'latest_only' retrieved from /home/airflow/.local/lib/python3.8/site-packages/airflow/example_dags/example_latest_only.py
[2025-07-10T02:08:40.632+0000] {logging_mixin.py:188} INFO - [2025-07-10T02:08:40.632+0000] {dag.py:3036} INFO - Sync 1 DAGs
[2025-07-10T02:08:40.651+0000] {logging_mixin.py:188} INFO - [2025-07-10T02:08:40.651+0000] {dag.py:3823} INFO - Setting next_dagrun for latest_only to 2025-07-09 20:00:00+00:00, run_after=2025-07-10 00:00:00+00:00
[2025-07-10T02:08:40.675+0000] {processor.py:183} INFO - Processing /home/airflow/.local/lib/python3.8/site-packages/airflow/example_dags/example_latest_only.py took 0.083 seconds
[2025-07-10T02:09:47.073+0000] {processor.py:161} INFO - Started process (PID=87) to work on /home/airflow/.local/lib/python3.8/site-packages/airflow/example_dags/example_latest_only.py
[2025-07-10T02:09:47.075+0000] {processor.py:830} INFO - Processing file /home/airflow/.local/lib/python3.8/site-packages/airflow/example_dags/example_latest_only.py for tasks to queue
[2025-07-10T02:09:47.079+0000] {logging_mixin.py:188} INFO - [2025-07-10T02:09:47.078+0000] {dagbag.py:538} INFO - Filling up the DagBag from /home/airflow/.local/lib/python3.8/site-packages/airflow/example_dags/example_latest_only.py
[2025-07-10T02:09:47.087+0000] {processor.py:840} INFO - DAG(s) 'latest_only' retrieved from /home/airflow/.local/lib/python3.8/site-packages/airflow/example_dags/example_latest_only.py
[2025-07-10T02:09:47.104+0000] {logging_mixin.py:188} INFO - [2025-07-10T02:09:47.104+0000] {dag.py:3036} INFO - Sync 1 DAGs
[2025-07-10T02:09:47.138+0000] {logging_mixin.py:188} INFO - [2025-07-10T02:09:47.137+0000] {dag.py:3823} INFO - Setting next_dagrun for latest_only to 2025-07-09 20:00:00+00:00, run_after=2025-07-10 00:00:00+00:00
[2025-07-10T02:09:47.184+0000] {processor.py:183} INFO - Processing /home/airflow/.local/lib/python3.8/site-packages/airflow/example_dags/example_latest_only.py took 0.114 seconds
[2025-07-10T02:10:18.660+0000] {processor.py:161} INFO - Started process (PID=143) to work on /home/airflow/.local/lib/python3.8/site-packages/airflow/example_dags/example_latest_only.py
[2025-07-10T02:10:18.662+0000] {processor.py:830} INFO - Processing file /home/airflow/.local/lib/python3.8/site-packages/airflow/example_dags/example_latest_only.py for tasks to queue
[2025-07-10T02:10:18.664+0000] {logging_mixin.py:188} INFO - [2025-07-10T02:10:18.664+0000] {dagbag.py:538} INFO - Filling up the DagBag from /home/airflow/.local/lib/python3.8/site-packages/airflow/example_dags/example_latest_only.py
[2025-07-10T02:10:18.670+0000] {processor.py:840} INFO - DAG(s) 'latest_only' retrieved from /home/airflow/.local/lib/python3.8/site-packages/airflow/example_dags/example_latest_only.py
[2025-07-10T02:10:18.754+0000] {logging_mixin.py:188} INFO - [2025-07-10T02:10:18.754+0000] {dag.py:3036} INFO - Sync 1 DAGs
[2025-07-10T02:10:18.770+0000] {logging_mixin.py:188} INFO - [2025-07-10T02:10:18.770+0000] {dag.py:3823} INFO - Setting next_dagrun for latest_only to 2025-07-09 20:00:00+00:00, run_after=2025-07-10 00:00:00+00:00
[2025-07-10T02:10:18.793+0000] {processor.py:183} INFO - Processing /home/airflow/.local/lib/python3.8/site-packages/airflow/example_dags/example_latest_only.py took 0.136 seconds
[2025-07-10T02:10:50.508+0000] {processor.py:161} INFO - Started process (PID=199) to work on /home/airflow/.local/lib/python3.8/site-packages/airflow/example_dags/example_latest_only.py
[2025-07-10T02:10:50.509+0000] {processor.py:830} INFO - Processing file /home/airflow/.local/lib/python3.8/site-packages/airflow/example_dags/example_latest_only.py for tasks to queue
[2025-07-10T02:10:50.511+0000] {logging_mixin.py:188} INFO - [2025-07-10T02:10:50.511+0000] {dagbag.py:538} INFO - Filling up the DagBag from /home/airflow/.local/lib/python3.8/site-packages/airflow/example_dags/example_latest_only.py
[2025-07-10T02:10:50.516+0000] {processor.py:840} INFO - DAG(s) 'latest_only' retrieved from /home/airflow/.local/lib/python3.8/site-packages/airflow/example_dags/example_latest_only.py
[2025-07-10T02:10:50.538+0000] {logging_mixin.py:188} INFO - [2025-07-10T02:10:50.537+0000] {dag.py:3036} INFO - Sync 1 DAGs
[2025-07-10T02:10:50.558+0000] {logging_mixin.py:188} INFO - [2025-07-10T02:10:50.558+0000] {dag.py:3823} INFO - Setting next_dagrun for latest_only to 2025-07-09 20:00:00+00:00, run_after=2025-07-10 00:00:00+00:00
[2025-07-10T02:10:50.584+0000] {processor.py:183} INFO - Processing /home/airflow/.local/lib/python3.8/site-packages/airflow/example_dags/example_latest_only.py took 0.080 seconds
[2025-07-10T02:11:20.905+0000] {processor.py:161} INFO - Started process (PID=255) to work on /home/airflow/.local/lib/python3.8/site-packages/airflow/example_dags/example_latest_only.py
[2025-07-10T02:11:20.907+0000] {processor.py:830} INFO - Processing file /home/airflow/.local/lib/python3.8/site-packages/airflow/example_dags/example_latest_only.py for tasks to queue
[2025-07-10T02:11:20.909+0000] {logging_mixin.py:188} INFO - [2025-07-10T02:11:20.909+0000] {dagbag.py:538} INFO - Filling up the DagBag from /home/airflow/.local/lib/python3.8/site-packages/airflow/example_dags/example_latest_only.py
[2025-07-10T02:11:20.915+0000] {processor.py:840} INFO - DAG(s) 'latest_only' retrieved from /home/airflow/.local/lib/python3.8/site-packages/airflow/example_dags/example_latest_only.py
[2025-07-10T02:11:20.943+0000] {logging_mixin.py:188} INFO - [2025-07-10T02:11:20.943+0000] {dag.py:3036} INFO - Sync 1 DAGs
[2025-07-10T02:11:20.972+0000] {logging_mixin.py:188} INFO - [2025-07-10T02:11:20.972+0000] {dag.py:3823} INFO - Setting next_dagrun for latest_only to 2025-07-09 20:00:00+00:00, run_after=2025-07-10 00:00:00+00:00
[2025-07-10T02:11:21.001+0000] {processor.py:183} INFO - Processing /home/airflow/.local/lib/python3.8/site-packages/airflow/example_dags/example_latest_only.py took 0.099 seconds
[2025-07-10T02:11:51.799+0000] {processor.py:161} INFO - Started process (PID=311) to work on /home/airflow/.local/lib/python3.8/site-packages/airflow/example_dags/example_latest_only.py
[2025-07-10T02:11:51.801+0000] {processor.py:830} INFO - Processing file /home/airflow/.local/lib/python3.8/site-packages/airflow/example_dags/example_latest_only.py for tasks to queue
[2025-07-10T02:11:51.803+0000] {logging_mixin.py:188} INFO - [2025-07-10T02:11:51.803+0000] {dagbag.py:538} INFO - Filling up the DagBag from /home/airflow/.local/lib/python3.8/site-packages/airflow/example_dags/example_latest_only.py
[2025-07-10T02:11:51.808+0000] {processor.py:840} INFO - DAG(s) 'latest_only' retrieved from /home/airflow/.local/lib/python3.8/site-packages/airflow/example_dags/example_latest_only.py
[2025-07-10T02:11:51.830+0000] {logging_mixin.py:188} INFO - [2025-07-10T02:11:51.830+0000] {dag.py:3036} INFO - Sync 1 DAGs
[2025-07-10T02:11:51.854+0000] {logging_mixin.py:188} INFO - [2025-07-10T02:11:51.854+0000] {dag.py:3823} INFO - Setting next_dagrun for latest_only to 2025-07-09 20:00:00+00:00, run_after=2025-07-10 00:00:00+00:00
[2025-07-10T02:11:51.882+0000] {processor.py:183} INFO - Processing /home/airflow/.local/lib/python3.8/site-packages/airflow/example_dags/example_latest_only.py took 0.086 seconds
[2025-07-10T02:14:07.017+0000] {processor.py:161} INFO - Started process (PID=92) to work on /home/airflow/.local/lib/python3.8/site-packages/airflow/example_dags/example_latest_only.py
[2025-07-10T02:14:07.019+0000] {processor.py:830} INFO - Processing file /home/airflow/.local/lib/python3.8/site-packages/airflow/example_dags/example_latest_only.py for tasks to queue
[2025-07-10T02:14:07.022+0000] {logging_mixin.py:188} INFO - [2025-07-10T02:14:07.022+0000] {dagbag.py:538} INFO - Filling up the DagBag from /home/airflow/.local/lib/python3.8/site-packages/airflow/example_dags/example_latest_only.py
[2025-07-10T02:14:07.032+0000] {processor.py:840} INFO - DAG(s) 'latest_only' retrieved from /home/airflow/.local/lib/python3.8/site-packages/airflow/example_dags/example_latest_only.py
[2025-07-10T02:14:07.158+0000] {logging_mixin.py:188} INFO - [2025-07-10T02:14:07.158+0000] {override.py:1769} INFO - Created Permission View: can delete on DAG:latest_only
[2025-07-10T02:14:07.172+0000] {logging_mixin.py:188} INFO - [2025-07-10T02:14:07.172+0000] {override.py:1769} INFO - Created Permission View: can read on DAG:latest_only
[2025-07-10T02:14:07.185+0000] {logging_mixin.py:188} INFO - [2025-07-10T02:14:07.184+0000] {override.py:1769} INFO - Created Permission View: can edit on DAG:latest_only
[2025-07-10T02:14:07.186+0000] {logging_mixin.py:188} INFO - [2025-07-10T02:14:07.186+0000] {dag.py:3036} INFO - Sync 1 DAGs
[2025-07-10T02:14:07.198+0000] {logging_mixin.py:188} INFO - [2025-07-10T02:14:07.198+0000] {dag.py:3058} INFO - Creating ORM DAG for latest_only
[2025-07-10T02:14:07.210+0000] {logging_mixin.py:188} INFO - [2025-07-10T02:14:07.210+0000] {dag.py:3823} INFO - Setting next_dagrun for latest_only to 2025-07-09 20:00:00+00:00, run_after=2025-07-10 00:00:00+00:00
[2025-07-10T02:14:07.236+0000] {processor.py:183} INFO - Processing /home/airflow/.local/lib/python3.8/site-packages/airflow/example_dags/example_latest_only.py took 0.224 seconds
[2025-07-10T02:14:37.410+0000] {processor.py:161} INFO - Started process (PID=148) to work on /home/airflow/.local/lib/python3.8/site-packages/airflow/example_dags/example_latest_only.py
[2025-07-10T02:14:37.412+0000] {processor.py:830} INFO - Processing file /home/airflow/.local/lib/python3.8/site-packages/airflow/example_dags/example_latest_only.py for tasks to queue
[2025-07-10T02:14:37.414+0000] {logging_mixin.py:188} INFO - [2025-07-10T02:14:37.414+0000] {dagbag.py:538} INFO - Filling up the DagBag from /home/airflow/.local/lib/python3.8/site-packages/airflow/example_dags/example_latest_only.py
[2025-07-10T02:14:37.423+0000] {processor.py:840} INFO - DAG(s) 'latest_only' retrieved from /home/airflow/.local/lib/python3.8/site-packages/airflow/example_dags/example_latest_only.py
[2025-07-10T02:14:37.457+0000] {logging_mixin.py:188} INFO - [2025-07-10T02:14:37.457+0000] {dag.py:3036} INFO - Sync 1 DAGs
[2025-07-10T02:14:37.485+0000] {logging_mixin.py:188} INFO - [2025-07-10T02:14:37.485+0000] {dag.py:3823} INFO - Setting next_dagrun for latest_only to 2025-07-09 20:00:00+00:00, run_after=2025-07-10 00:00:00+00:00
[2025-07-10T02:14:37.516+0000] {processor.py:183} INFO - Processing /home/airflow/.local/lib/python3.8/site-packages/airflow/example_dags/example_latest_only.py took 0.109 seconds
[2025-07-10T02:15:07.628+0000] {processor.py:161} INFO - Started process (PID=204) to work on /home/airflow/.local/lib/python3.8/site-packages/airflow/example_dags/example_latest_only.py
[2025-07-10T02:15:07.630+0000] {processor.py:830} INFO - Processing file /home/airflow/.local/lib/python3.8/site-packages/airflow/example_dags/example_latest_only.py for tasks to queue
[2025-07-10T02:15:07.634+0000] {logging_mixin.py:188} INFO - [2025-07-10T02:15:07.633+0000] {dagbag.py:538} INFO - Filling up the DagBag from /home/airflow/.local/lib/python3.8/site-packages/airflow/example_dags/example_latest_only.py
[2025-07-10T02:15:07.648+0000] {processor.py:840} INFO - DAG(s) 'latest_only' retrieved from /home/airflow/.local/lib/python3.8/site-packages/airflow/example_dags/example_latest_only.py
[2025-07-10T02:15:07.682+0000] {logging_mixin.py:188} INFO - [2025-07-10T02:15:07.682+0000] {dag.py:3036} INFO - Sync 1 DAGs
[2025-07-10T02:15:07.707+0000] {logging_mixin.py:188} INFO - [2025-07-10T02:15:07.707+0000] {dag.py:3823} INFO - Setting next_dagrun for latest_only to 2025-07-09 20:00:00+00:00, run_after=2025-07-10 00:00:00+00:00
[2025-07-10T02:15:07.734+0000] {processor.py:183} INFO - Processing /home/airflow/.local/lib/python3.8/site-packages/airflow/example_dags/example_latest_only.py took 0.109 seconds
[2025-07-10T02:15:38.892+0000] {processor.py:161} INFO - Started process (PID=260) to work on /home/airflow/.local/lib/python3.8/site-packages/airflow/example_dags/example_latest_only.py
[2025-07-10T02:15:38.894+0000] {processor.py:830} INFO - Processing file /home/airflow/.local/lib/python3.8/site-packages/airflow/example_dags/example_latest_only.py for tasks to queue
[2025-07-10T02:15:38.900+0000] {logging_mixin.py:188} INFO - [2025-07-10T02:15:38.899+0000] {dagbag.py:538} INFO - Filling up the DagBag from /home/airflow/.local/lib/python3.8/site-packages/airflow/example_dags/example_latest_only.py
[2025-07-10T02:15:38.920+0000] {processor.py:840} INFO - DAG(s) 'latest_only' retrieved from /home/airflow/.local/lib/python3.8/site-packages/airflow/example_dags/example_latest_only.py
[2025-07-10T02:16:39.387+0000] {processor.py:161} INFO - Started process (PID=92) to work on /home/airflow/.local/lib/python3.8/site-packages/airflow/example_dags/example_latest_only.py
[2025-07-10T02:16:39.390+0000] {processor.py:830} INFO - Processing file /home/airflow/.local/lib/python3.8/site-packages/airflow/example_dags/example_latest_only.py for tasks to queue
[2025-07-10T02:16:39.394+0000] {logging_mixin.py:188} INFO - [2025-07-10T02:16:39.394+0000] {dagbag.py:538} INFO - Filling up the DagBag from /home/airflow/.local/lib/python3.8/site-packages/airflow/example_dags/example_latest_only.py
[2025-07-10T02:16:39.407+0000] {processor.py:840} INFO - DAG(s) 'latest_only' retrieved from /home/airflow/.local/lib/python3.8/site-packages/airflow/example_dags/example_latest_only.py
[2025-07-10T02:16:39.433+0000] {logging_mixin.py:188} INFO - [2025-07-10T02:16:39.433+0000] {dag.py:3036} INFO - Sync 1 DAGs
[2025-07-10T02:16:39.483+0000] {logging_mixin.py:188} INFO - [2025-07-10T02:16:39.482+0000] {dag.py:3823} INFO - Setting next_dagrun for latest_only to 2025-07-09 20:00:00+00:00, run_after=2025-07-10 00:00:00+00:00
[2025-07-10T02:16:39.534+0000] {processor.py:183} INFO - Processing /home/airflow/.local/lib/python3.8/site-packages/airflow/example_dags/example_latest_only.py took 0.153 seconds
[2025-07-10T02:17:11.635+0000] {processor.py:161} INFO - Started process (PID=148) to work on /home/airflow/.local/lib/python3.8/site-packages/airflow/example_dags/example_latest_only.py
[2025-07-10T02:17:11.638+0000] {processor.py:830} INFO - Processing file /home/airflow/.local/lib/python3.8/site-packages/airflow/example_dags/example_latest_only.py for tasks to queue
[2025-07-10T02:17:11.642+0000] {logging_mixin.py:188} INFO - [2025-07-10T02:17:11.641+0000] {dagbag.py:538} INFO - Filling up the DagBag from /home/airflow/.local/lib/python3.8/site-packages/airflow/example_dags/example_latest_only.py
[2025-07-10T02:17:11.651+0000] {processor.py:840} INFO - DAG(s) 'latest_only' retrieved from /home/airflow/.local/lib/python3.8/site-packages/airflow/example_dags/example_latest_only.py
[2025-07-10T02:17:11.808+0000] {logging_mixin.py:188} INFO - [2025-07-10T02:17:11.807+0000] {dag.py:3036} INFO - Sync 1 DAGs
[2025-07-10T02:17:11.834+0000] {logging_mixin.py:188} INFO - [2025-07-10T02:17:11.834+0000] {dag.py:3823} INFO - Setting next_dagrun for latest_only to 2025-07-09 20:00:00+00:00, run_after=2025-07-10 00:00:00+00:00
[2025-07-10T02:17:11.861+0000] {processor.py:183} INFO - Processing /home/airflow/.local/lib/python3.8/site-packages/airflow/example_dags/example_latest_only.py took 0.232 seconds
