[2025-07-10T00:00:09.556+0000] {processor.py:161} INFO - Started process (PID=732) to work on /home/airflow/.local/lib/python3.8/site-packages/airflow/example_dags/example_branch_datetime_operator.py
[2025-07-10T00:00:09.558+0000] {processor.py:830} INFO - Processing file /home/airflow/.local/lib/python3.8/site-packages/airflow/example_dags/example_branch_datetime_operator.py for tasks to queue
[2025-07-10T00:00:09.559+0000] {logging_mixin.py:188} INFO - [2025-07-10T00:00:09.559+0000] {dagbag.py:538} INFO - Filling up the DagBag from /home/airflow/.local/lib/python3.8/site-packages/airflow/example_dags/example_branch_datetime_operator.py
[2025-07-10T00:00:09.573+0000] {processor.py:840} INFO - DAG(s) 'example_branch_datetime_operator', 'example_branch_datetime_operator_3', 'example_branch_datetime_operator_2' retrieved from /home/airflow/.local/lib/python3.8/site-packages/airflow/example_dags/example_branch_datetime_operator.py
[2025-07-10T00:00:09.609+0000] {logging_mixin.py:188} INFO - [2025-07-10T00:00:09.609+0000] {dag.py:3036} INFO - Sync 3 DAGs
[2025-07-10T00:00:09.638+0000] {logging_mixin.py:188} INFO - [2025-07-10T00:00:09.638+0000] {dag.py:3823} INFO - Setting next_dagrun for example_branch_datetime_operator to 2025-07-09 00:00:00+00:00, run_after=2025-07-10 00:00:00+00:00
[2025-07-10T00:00:09.644+0000] {logging_mixin.py:188} INFO - [2025-07-10T00:00:09.644+0000] {dag.py:3823} INFO - Setting next_dagrun for example_branch_datetime_operator_2 to 2025-07-09 00:00:00+00:00, run_after=2025-07-10 00:00:00+00:00
[2025-07-10T00:00:09.648+0000] {logging_mixin.py:188} INFO - [2025-07-10T00:00:09.648+0000] {dag.py:3823} INFO - Setting next_dagrun for example_branch_datetime_operator_3 to 2025-07-09 00:00:00+00:00, run_after=2025-07-10 00:00:00+00:00
[2025-07-10T00:00:09.672+0000] {processor.py:183} INFO - Processing /home/airflow/.local/lib/python3.8/site-packages/airflow/example_dags/example_branch_datetime_operator.py took 0.121 seconds
[2025-07-10T00:01:39.693+0000] {processor.py:161} INFO - Started process (PID=106) to work on /home/airflow/.local/lib/python3.8/site-packages/airflow/example_dags/example_branch_datetime_operator.py
[2025-07-10T00:01:39.695+0000] {processor.py:830} INFO - Processing file /home/airflow/.local/lib/python3.8/site-packages/airflow/example_dags/example_branch_datetime_operator.py for tasks to queue
[2025-07-10T00:01:39.699+0000] {logging_mixin.py:188} INFO - [2025-07-10T00:01:39.698+0000] {dagbag.py:538} INFO - Filling up the DagBag from /home/airflow/.local/lib/python3.8/site-packages/airflow/example_dags/example_branch_datetime_operator.py
[2025-07-10T00:01:39.716+0000] {processor.py:840} INFO - DAG(s) 'example_branch_datetime_operator_2', 'example_branch_datetime_operator', 'example_branch_datetime_operator_3' retrieved from /home/airflow/.local/lib/python3.8/site-packages/airflow/example_dags/example_branch_datetime_operator.py
[2025-07-10T00:01:39.883+0000] {logging_mixin.py:188} INFO - [2025-07-10T00:01:39.883+0000] {dag.py:3036} INFO - Sync 3 DAGs
[2025-07-10T00:01:39.910+0000] {logging_mixin.py:188} INFO - [2025-07-10T00:01:39.910+0000] {dag.py:3823} INFO - Setting next_dagrun for example_branch_datetime_operator to 2025-07-09 00:00:00+00:00, run_after=2025-07-10 00:00:00+00:00
[2025-07-10T00:01:39.916+0000] {logging_mixin.py:188} INFO - [2025-07-10T00:01:39.916+0000] {dag.py:3823} INFO - Setting next_dagrun for example_branch_datetime_operator_2 to 2025-07-09 00:00:00+00:00, run_after=2025-07-10 00:00:00+00:00
[2025-07-10T00:01:39.920+0000] {logging_mixin.py:188} INFO - [2025-07-10T00:01:39.920+0000] {dag.py:3823} INFO - Setting next_dagrun for example_branch_datetime_operator_3 to 2025-07-09 00:00:00+00:00, run_after=2025-07-10 00:00:00+00:00
[2025-07-10T00:01:39.946+0000] {processor.py:183} INFO - Processing /home/airflow/.local/lib/python3.8/site-packages/airflow/example_dags/example_branch_datetime_operator.py took 0.259 seconds
[2025-07-10T00:02:10.206+0000] {processor.py:161} INFO - Started process (PID=162) to work on /home/airflow/.local/lib/python3.8/site-packages/airflow/example_dags/example_branch_datetime_operator.py
[2025-07-10T00:02:10.208+0000] {processor.py:830} INFO - Processing file /home/airflow/.local/lib/python3.8/site-packages/airflow/example_dags/example_branch_datetime_operator.py for tasks to queue
[2025-07-10T00:02:10.211+0000] {logging_mixin.py:188} INFO - [2025-07-10T00:02:10.211+0000] {dagbag.py:538} INFO - Filling up the DagBag from /home/airflow/.local/lib/python3.8/site-packages/airflow/example_dags/example_branch_datetime_operator.py
[2025-07-10T00:02:10.224+0000] {processor.py:840} INFO - DAG(s) 'example_branch_datetime_operator', 'example_branch_datetime_operator_3', 'example_branch_datetime_operator_2' retrieved from /home/airflow/.local/lib/python3.8/site-packages/airflow/example_dags/example_branch_datetime_operator.py
[2025-07-10T00:02:10.244+0000] {logging_mixin.py:188} INFO - [2025-07-10T00:02:10.244+0000] {dag.py:3036} INFO - Sync 3 DAGs
[2025-07-10T00:02:10.273+0000] {logging_mixin.py:188} INFO - [2025-07-10T00:02:10.272+0000] {dag.py:3823} INFO - Setting next_dagrun for example_branch_datetime_operator to 2025-07-09 00:00:00+00:00, run_after=2025-07-10 00:00:00+00:00
[2025-07-10T00:02:10.280+0000] {logging_mixin.py:188} INFO - [2025-07-10T00:02:10.279+0000] {dag.py:3823} INFO - Setting next_dagrun for example_branch_datetime_operator_2 to 2025-07-09 00:00:00+00:00, run_after=2025-07-10 00:00:00+00:00
[2025-07-10T00:02:10.283+0000] {logging_mixin.py:188} INFO - [2025-07-10T00:02:10.283+0000] {dag.py:3823} INFO - Setting next_dagrun for example_branch_datetime_operator_3 to 2025-07-09 00:00:00+00:00, run_after=2025-07-10 00:00:00+00:00
[2025-07-10T00:02:10.308+0000] {processor.py:183} INFO - Processing /home/airflow/.local/lib/python3.8/site-packages/airflow/example_dags/example_branch_datetime_operator.py took 0.108 seconds
[2025-07-10T00:02:42.152+0000] {processor.py:161} INFO - Started process (PID=218) to work on /home/airflow/.local/lib/python3.8/site-packages/airflow/example_dags/example_branch_datetime_operator.py
[2025-07-10T00:02:42.155+0000] {processor.py:830} INFO - Processing file /home/airflow/.local/lib/python3.8/site-packages/airflow/example_dags/example_branch_datetime_operator.py for tasks to queue
[2025-07-10T00:02:42.159+0000] {logging_mixin.py:188} INFO - [2025-07-10T00:02:42.158+0000] {dagbag.py:538} INFO - Filling up the DagBag from /home/airflow/.local/lib/python3.8/site-packages/airflow/example_dags/example_branch_datetime_operator.py
[2025-07-10T00:02:42.172+0000] {processor.py:840} INFO - DAG(s) 'example_branch_datetime_operator', 'example_branch_datetime_operator_2', 'example_branch_datetime_operator_3' retrieved from /home/airflow/.local/lib/python3.8/site-packages/airflow/example_dags/example_branch_datetime_operator.py
[2025-07-10T00:02:42.337+0000] {logging_mixin.py:188} INFO - [2025-07-10T00:02:42.336+0000] {dag.py:3036} INFO - Sync 3 DAGs
[2025-07-10T00:02:42.360+0000] {logging_mixin.py:188} INFO - [2025-07-10T00:02:42.360+0000] {dag.py:3823} INFO - Setting next_dagrun for example_branch_datetime_operator to 2025-07-09 00:00:00+00:00, run_after=2025-07-10 00:00:00+00:00
[2025-07-10T00:02:42.367+0000] {logging_mixin.py:188} INFO - [2025-07-10T00:02:42.367+0000] {dag.py:3823} INFO - Setting next_dagrun for example_branch_datetime_operator_2 to 2025-07-09 00:00:00+00:00, run_after=2025-07-10 00:00:00+00:00
[2025-07-10T00:02:42.371+0000] {logging_mixin.py:188} INFO - [2025-07-10T00:02:42.370+0000] {dag.py:3823} INFO - Setting next_dagrun for example_branch_datetime_operator_3 to 2025-07-09 00:00:00+00:00, run_after=2025-07-10 00:00:00+00:00
[2025-07-10T00:02:42.411+0000] {processor.py:183} INFO - Processing /home/airflow/.local/lib/python3.8/site-packages/airflow/example_dags/example_branch_datetime_operator.py took 0.265 seconds
[2025-07-10T00:03:13.263+0000] {processor.py:161} INFO - Started process (PID=274) to work on /home/airflow/.local/lib/python3.8/site-packages/airflow/example_dags/example_branch_datetime_operator.py
[2025-07-10T00:03:13.265+0000] {processor.py:830} INFO - Processing file /home/airflow/.local/lib/python3.8/site-packages/airflow/example_dags/example_branch_datetime_operator.py for tasks to queue
[2025-07-10T00:03:13.269+0000] {logging_mixin.py:188} INFO - [2025-07-10T00:03:13.268+0000] {dagbag.py:538} INFO - Filling up the DagBag from /home/airflow/.local/lib/python3.8/site-packages/airflow/example_dags/example_branch_datetime_operator.py
[2025-07-10T00:03:13.284+0000] {processor.py:840} INFO - DAG(s) 'example_branch_datetime_operator_3', 'example_branch_datetime_operator', 'example_branch_datetime_operator_2' retrieved from /home/airflow/.local/lib/python3.8/site-packages/airflow/example_dags/example_branch_datetime_operator.py
[2025-07-10T00:03:13.332+0000] {logging_mixin.py:188} INFO - [2025-07-10T00:03:13.331+0000] {dag.py:3036} INFO - Sync 3 DAGs
[2025-07-10T00:03:13.372+0000] {logging_mixin.py:188} INFO - [2025-07-10T00:03:13.372+0000] {dag.py:3823} INFO - Setting next_dagrun for example_branch_datetime_operator to 2025-07-09 00:00:00+00:00, run_after=2025-07-10 00:00:00+00:00
[2025-07-10T00:03:13.381+0000] {logging_mixin.py:188} INFO - [2025-07-10T00:03:13.381+0000] {dag.py:3823} INFO - Setting next_dagrun for example_branch_datetime_operator_2 to 2025-07-09 00:00:00+00:00, run_after=2025-07-10 00:00:00+00:00
[2025-07-10T00:03:13.385+0000] {logging_mixin.py:188} INFO - [2025-07-10T00:03:13.384+0000] {dag.py:3823} INFO - Setting next_dagrun for example_branch_datetime_operator_3 to 2025-07-09 00:00:00+00:00, run_after=2025-07-10 00:00:00+00:00
[2025-07-10T00:03:13.415+0000] {processor.py:183} INFO - Processing /home/airflow/.local/lib/python3.8/site-packages/airflow/example_dags/example_branch_datetime_operator.py took 0.158 seconds
[2025-07-10T00:03:43.647+0000] {processor.py:161} INFO - Started process (PID=330) to work on /home/airflow/.local/lib/python3.8/site-packages/airflow/example_dags/example_branch_datetime_operator.py
[2025-07-10T00:03:43.649+0000] {processor.py:830} INFO - Processing file /home/airflow/.local/lib/python3.8/site-packages/airflow/example_dags/example_branch_datetime_operator.py for tasks to queue
[2025-07-10T00:03:43.653+0000] {logging_mixin.py:188} INFO - [2025-07-10T00:03:43.652+0000] {dagbag.py:538} INFO - Filling up the DagBag from /home/airflow/.local/lib/python3.8/site-packages/airflow/example_dags/example_branch_datetime_operator.py
[2025-07-10T00:03:43.671+0000] {processor.py:840} INFO - DAG(s) 'example_branch_datetime_operator_2', 'example_branch_datetime_operator', 'example_branch_datetime_operator_3' retrieved from /home/airflow/.local/lib/python3.8/site-packages/airflow/example_dags/example_branch_datetime_operator.py
[2025-07-10T00:03:43.717+0000] {logging_mixin.py:188} INFO - [2025-07-10T00:03:43.717+0000] {dag.py:3036} INFO - Sync 3 DAGs
[2025-07-10T00:03:43.751+0000] {logging_mixin.py:188} INFO - [2025-07-10T00:03:43.751+0000] {dag.py:3823} INFO - Setting next_dagrun for example_branch_datetime_operator to 2025-07-09 00:00:00+00:00, run_after=2025-07-10 00:00:00+00:00
[2025-07-10T00:03:43.759+0000] {logging_mixin.py:188} INFO - [2025-07-10T00:03:43.758+0000] {dag.py:3823} INFO - Setting next_dagrun for example_branch_datetime_operator_2 to 2025-07-09 00:00:00+00:00, run_after=2025-07-10 00:00:00+00:00
[2025-07-10T00:03:43.763+0000] {logging_mixin.py:188} INFO - [2025-07-10T00:03:43.763+0000] {dag.py:3823} INFO - Setting next_dagrun for example_branch_datetime_operator_3 to 2025-07-09 00:00:00+00:00, run_after=2025-07-10 00:00:00+00:00
[2025-07-10T00:03:43.795+0000] {processor.py:183} INFO - Processing /home/airflow/.local/lib/python3.8/site-packages/airflow/example_dags/example_branch_datetime_operator.py took 0.158 seconds
[2025-07-10T00:04:14.435+0000] {processor.py:161} INFO - Started process (PID=386) to work on /home/airflow/.local/lib/python3.8/site-packages/airflow/example_dags/example_branch_datetime_operator.py
[2025-07-10T00:04:14.436+0000] {processor.py:830} INFO - Processing file /home/airflow/.local/lib/python3.8/site-packages/airflow/example_dags/example_branch_datetime_operator.py for tasks to queue
[2025-07-10T00:04:14.439+0000] {logging_mixin.py:188} INFO - [2025-07-10T00:04:14.439+0000] {dagbag.py:538} INFO - Filling up the DagBag from /home/airflow/.local/lib/python3.8/site-packages/airflow/example_dags/example_branch_datetime_operator.py
[2025-07-10T00:04:14.456+0000] {processor.py:840} INFO - DAG(s) 'example_branch_datetime_operator_2', 'example_branch_datetime_operator_3', 'example_branch_datetime_operator' retrieved from /home/airflow/.local/lib/python3.8/site-packages/airflow/example_dags/example_branch_datetime_operator.py
[2025-07-10T00:04:14.507+0000] {logging_mixin.py:188} INFO - [2025-07-10T00:04:14.506+0000] {dag.py:3036} INFO - Sync 3 DAGs
[2025-07-10T00:04:14.544+0000] {logging_mixin.py:188} INFO - [2025-07-10T00:04:14.543+0000] {dag.py:3823} INFO - Setting next_dagrun for example_branch_datetime_operator to 2025-07-09 00:00:00+00:00, run_after=2025-07-10 00:00:00+00:00
[2025-07-10T00:04:14.551+0000] {logging_mixin.py:188} INFO - [2025-07-10T00:04:14.550+0000] {dag.py:3823} INFO - Setting next_dagrun for example_branch_datetime_operator_2 to 2025-07-09 00:00:00+00:00, run_after=2025-07-10 00:00:00+00:00
[2025-07-10T00:04:14.555+0000] {logging_mixin.py:188} INFO - [2025-07-10T00:04:14.555+0000] {dag.py:3823} INFO - Setting next_dagrun for example_branch_datetime_operator_3 to 2025-07-09 00:00:00+00:00, run_after=2025-07-10 00:00:00+00:00
[2025-07-10T00:04:14.617+0000] {processor.py:183} INFO - Processing /home/airflow/.local/lib/python3.8/site-packages/airflow/example_dags/example_branch_datetime_operator.py took 0.187 seconds
[2025-07-10T02:03:33.232+0000] {processor.py:161} INFO - Started process (PID=100) to work on /home/airflow/.local/lib/python3.8/site-packages/airflow/example_dags/example_branch_datetime_operator.py
[2025-07-10T02:03:33.233+0000] {processor.py:830} INFO - Processing file /home/airflow/.local/lib/python3.8/site-packages/airflow/example_dags/example_branch_datetime_operator.py for tasks to queue
[2025-07-10T02:03:33.235+0000] {logging_mixin.py:188} INFO - [2025-07-10T02:03:33.235+0000] {dagbag.py:538} INFO - Filling up the DagBag from /home/airflow/.local/lib/python3.8/site-packages/airflow/example_dags/example_branch_datetime_operator.py
[2025-07-10T02:03:33.248+0000] {processor.py:840} INFO - DAG(s) 'example_branch_datetime_operator_3', 'example_branch_datetime_operator_2', 'example_branch_datetime_operator' retrieved from /home/airflow/.local/lib/python3.8/site-packages/airflow/example_dags/example_branch_datetime_operator.py
[2025-07-10T02:03:33.287+0000] {logging_mixin.py:188} INFO - [2025-07-10T02:03:33.287+0000] {dag.py:3036} INFO - Sync 3 DAGs
[2025-07-10T02:03:33.310+0000] {logging_mixin.py:188} INFO - [2025-07-10T02:03:33.310+0000] {dag.py:3823} INFO - Setting next_dagrun for example_branch_datetime_operator to 2025-07-09 00:00:00+00:00, run_after=2025-07-10 00:00:00+00:00
[2025-07-10T02:03:33.316+0000] {logging_mixin.py:188} INFO - [2025-07-10T02:03:33.316+0000] {dag.py:3823} INFO - Setting next_dagrun for example_branch_datetime_operator_2 to 2025-07-09 00:00:00+00:00, run_after=2025-07-10 00:00:00+00:00
[2025-07-10T02:03:33.321+0000] {logging_mixin.py:188} INFO - [2025-07-10T02:03:33.321+0000] {dag.py:3823} INFO - Setting next_dagrun for example_branch_datetime_operator_3 to 2025-07-09 00:00:00+00:00, run_after=2025-07-10 00:00:00+00:00
[2025-07-10T02:03:33.348+0000] {processor.py:183} INFO - Processing /home/airflow/.local/lib/python3.8/site-packages/airflow/example_dags/example_branch_datetime_operator.py took 0.120 seconds
[2025-07-10T02:04:03.915+0000] {processor.py:161} INFO - Started process (PID=156) to work on /home/airflow/.local/lib/python3.8/site-packages/airflow/example_dags/example_branch_datetime_operator.py
[2025-07-10T02:04:03.916+0000] {processor.py:830} INFO - Processing file /home/airflow/.local/lib/python3.8/site-packages/airflow/example_dags/example_branch_datetime_operator.py for tasks to queue
[2025-07-10T02:04:03.919+0000] {logging_mixin.py:188} INFO - [2025-07-10T02:04:03.918+0000] {dagbag.py:538} INFO - Filling up the DagBag from /home/airflow/.local/lib/python3.8/site-packages/airflow/example_dags/example_branch_datetime_operator.py
[2025-07-10T02:04:03.929+0000] {processor.py:840} INFO - DAG(s) 'example_branch_datetime_operator', 'example_branch_datetime_operator_3', 'example_branch_datetime_operator_2' retrieved from /home/airflow/.local/lib/python3.8/site-packages/airflow/example_dags/example_branch_datetime_operator.py
[2025-07-10T02:04:03.962+0000] {logging_mixin.py:188} INFO - [2025-07-10T02:04:03.961+0000] {dag.py:3036} INFO - Sync 3 DAGs
[2025-07-10T02:04:03.986+0000] {logging_mixin.py:188} INFO - [2025-07-10T02:04:03.986+0000] {dag.py:3823} INFO - Setting next_dagrun for example_branch_datetime_operator to 2025-07-09 00:00:00+00:00, run_after=2025-07-10 00:00:00+00:00
[2025-07-10T02:04:03.993+0000] {logging_mixin.py:188} INFO - [2025-07-10T02:04:03.992+0000] {dag.py:3823} INFO - Setting next_dagrun for example_branch_datetime_operator_2 to 2025-07-09 00:00:00+00:00, run_after=2025-07-10 00:00:00+00:00
[2025-07-10T02:04:03.996+0000] {logging_mixin.py:188} INFO - [2025-07-10T02:04:03.996+0000] {dag.py:3823} INFO - Setting next_dagrun for example_branch_datetime_operator_3 to 2025-07-09 00:00:00+00:00, run_after=2025-07-10 00:00:00+00:00
[2025-07-10T02:04:04.015+0000] {processor.py:183} INFO - Processing /home/airflow/.local/lib/python3.8/site-packages/airflow/example_dags/example_branch_datetime_operator.py took 0.103 seconds
[2025-07-10T02:04:35.419+0000] {processor.py:161} INFO - Started process (PID=212) to work on /home/airflow/.local/lib/python3.8/site-packages/airflow/example_dags/example_branch_datetime_operator.py
[2025-07-10T02:04:35.420+0000] {processor.py:830} INFO - Processing file /home/airflow/.local/lib/python3.8/site-packages/airflow/example_dags/example_branch_datetime_operator.py for tasks to queue
[2025-07-10T02:04:35.422+0000] {logging_mixin.py:188} INFO - [2025-07-10T02:04:35.422+0000] {dagbag.py:538} INFO - Filling up the DagBag from /home/airflow/.local/lib/python3.8/site-packages/airflow/example_dags/example_branch_datetime_operator.py
[2025-07-10T02:04:35.433+0000] {processor.py:840} INFO - DAG(s) 'example_branch_datetime_operator_3', 'example_branch_datetime_operator_2', 'example_branch_datetime_operator' retrieved from /home/airflow/.local/lib/python3.8/site-packages/airflow/example_dags/example_branch_datetime_operator.py
[2025-07-10T02:04:35.463+0000] {logging_mixin.py:188} INFO - [2025-07-10T02:04:35.463+0000] {dag.py:3036} INFO - Sync 3 DAGs
[2025-07-10T02:04:35.488+0000] {logging_mixin.py:188} INFO - [2025-07-10T02:04:35.487+0000] {dag.py:3823} INFO - Setting next_dagrun for example_branch_datetime_operator to 2025-07-09 00:00:00+00:00, run_after=2025-07-10 00:00:00+00:00
[2025-07-10T02:04:35.493+0000] {logging_mixin.py:188} INFO - [2025-07-10T02:04:35.493+0000] {dag.py:3823} INFO - Setting next_dagrun for example_branch_datetime_operator_2 to 2025-07-09 00:00:00+00:00, run_after=2025-07-10 00:00:00+00:00
[2025-07-10T02:04:35.496+0000] {logging_mixin.py:188} INFO - [2025-07-10T02:04:35.496+0000] {dag.py:3823} INFO - Setting next_dagrun for example_branch_datetime_operator_3 to 2025-07-09 00:00:00+00:00, run_after=2025-07-10 00:00:00+00:00
[2025-07-10T02:04:35.516+0000] {processor.py:183} INFO - Processing /home/airflow/.local/lib/python3.8/site-packages/airflow/example_dags/example_branch_datetime_operator.py took 0.101 seconds
[2025-07-10T02:05:06.338+0000] {processor.py:161} INFO - Started process (PID=268) to work on /home/airflow/.local/lib/python3.8/site-packages/airflow/example_dags/example_branch_datetime_operator.py
[2025-07-10T02:05:06.341+0000] {processor.py:830} INFO - Processing file /home/airflow/.local/lib/python3.8/site-packages/airflow/example_dags/example_branch_datetime_operator.py for tasks to queue
[2025-07-10T02:05:06.345+0000] {logging_mixin.py:188} INFO - [2025-07-10T02:05:06.345+0000] {dagbag.py:538} INFO - Filling up the DagBag from /home/airflow/.local/lib/python3.8/site-packages/airflow/example_dags/example_branch_datetime_operator.py
[2025-07-10T02:05:06.365+0000] {processor.py:840} INFO - DAG(s) 'example_branch_datetime_operator', 'example_branch_datetime_operator_3', 'example_branch_datetime_operator_2' retrieved from /home/airflow/.local/lib/python3.8/site-packages/airflow/example_dags/example_branch_datetime_operator.py
[2025-07-10T02:05:06.409+0000] {logging_mixin.py:188} INFO - [2025-07-10T02:05:06.409+0000] {dag.py:3036} INFO - Sync 3 DAGs
[2025-07-10T02:05:06.439+0000] {logging_mixin.py:188} INFO - [2025-07-10T02:05:06.439+0000] {dag.py:3823} INFO - Setting next_dagrun for example_branch_datetime_operator to 2025-07-09 00:00:00+00:00, run_after=2025-07-10 00:00:00+00:00
[2025-07-10T02:05:06.449+0000] {logging_mixin.py:188} INFO - [2025-07-10T02:05:06.448+0000] {dag.py:3823} INFO - Setting next_dagrun for example_branch_datetime_operator_2 to 2025-07-09 00:00:00+00:00, run_after=2025-07-10 00:00:00+00:00
[2025-07-10T02:05:06.453+0000] {logging_mixin.py:188} INFO - [2025-07-10T02:05:06.453+0000] {dag.py:3823} INFO - Setting next_dagrun for example_branch_datetime_operator_3 to 2025-07-09 00:00:00+00:00, run_after=2025-07-10 00:00:00+00:00
[2025-07-10T02:05:06.479+0000] {processor.py:183} INFO - Processing /home/airflow/.local/lib/python3.8/site-packages/airflow/example_dags/example_branch_datetime_operator.py took 0.147 seconds
[2025-07-10T02:05:37.336+0000] {processor.py:161} INFO - Started process (PID=324) to work on /home/airflow/.local/lib/python3.8/site-packages/airflow/example_dags/example_branch_datetime_operator.py
[2025-07-10T02:05:37.338+0000] {processor.py:830} INFO - Processing file /home/airflow/.local/lib/python3.8/site-packages/airflow/example_dags/example_branch_datetime_operator.py for tasks to queue
[2025-07-10T02:05:37.340+0000] {logging_mixin.py:188} INFO - [2025-07-10T02:05:37.340+0000] {dagbag.py:538} INFO - Filling up the DagBag from /home/airflow/.local/lib/python3.8/site-packages/airflow/example_dags/example_branch_datetime_operator.py
[2025-07-10T02:05:37.350+0000] {processor.py:840} INFO - DAG(s) 'example_branch_datetime_operator_3', 'example_branch_datetime_operator', 'example_branch_datetime_operator_2' retrieved from /home/airflow/.local/lib/python3.8/site-packages/airflow/example_dags/example_branch_datetime_operator.py
[2025-07-10T02:05:37.367+0000] {logging_mixin.py:188} INFO - [2025-07-10T02:05:37.367+0000] {dag.py:3036} INFO - Sync 3 DAGs
[2025-07-10T02:05:37.391+0000] {logging_mixin.py:188} INFO - [2025-07-10T02:05:37.390+0000] {dag.py:3823} INFO - Setting next_dagrun for example_branch_datetime_operator to 2025-07-09 00:00:00+00:00, run_after=2025-07-10 00:00:00+00:00
[2025-07-10T02:05:37.395+0000] {logging_mixin.py:188} INFO - [2025-07-10T02:05:37.395+0000] {dag.py:3823} INFO - Setting next_dagrun for example_branch_datetime_operator_2 to 2025-07-09 00:00:00+00:00, run_after=2025-07-10 00:00:00+00:00
[2025-07-10T02:05:37.399+0000] {logging_mixin.py:188} INFO - [2025-07-10T02:05:37.399+0000] {dag.py:3823} INFO - Setting next_dagrun for example_branch_datetime_operator_3 to 2025-07-09 00:00:00+00:00, run_after=2025-07-10 00:00:00+00:00
[2025-07-10T02:05:37.420+0000] {processor.py:183} INFO - Processing /home/airflow/.local/lib/python3.8/site-packages/airflow/example_dags/example_branch_datetime_operator.py took 0.087 seconds
[2025-07-10T02:06:08.900+0000] {processor.py:161} INFO - Started process (PID=380) to work on /home/airflow/.local/lib/python3.8/site-packages/airflow/example_dags/example_branch_datetime_operator.py
[2025-07-10T02:06:08.902+0000] {processor.py:830} INFO - Processing file /home/airflow/.local/lib/python3.8/site-packages/airflow/example_dags/example_branch_datetime_operator.py for tasks to queue
[2025-07-10T02:06:08.904+0000] {logging_mixin.py:188} INFO - [2025-07-10T02:06:08.904+0000] {dagbag.py:538} INFO - Filling up the DagBag from /home/airflow/.local/lib/python3.8/site-packages/airflow/example_dags/example_branch_datetime_operator.py
[2025-07-10T02:06:08.914+0000] {processor.py:840} INFO - DAG(s) 'example_branch_datetime_operator_2', 'example_branch_datetime_operator_3', 'example_branch_datetime_operator' retrieved from /home/airflow/.local/lib/python3.8/site-packages/airflow/example_dags/example_branch_datetime_operator.py
[2025-07-10T02:06:09.040+0000] {logging_mixin.py:188} INFO - [2025-07-10T02:06:09.039+0000] {dag.py:3036} INFO - Sync 3 DAGs
[2025-07-10T02:06:09.063+0000] {logging_mixin.py:188} INFO - [2025-07-10T02:06:09.062+0000] {dag.py:3823} INFO - Setting next_dagrun for example_branch_datetime_operator to 2025-07-09 00:00:00+00:00, run_after=2025-07-10 00:00:00+00:00
[2025-07-10T02:06:09.069+0000] {logging_mixin.py:188} INFO - [2025-07-10T02:06:09.068+0000] {dag.py:3823} INFO - Setting next_dagrun for example_branch_datetime_operator_2 to 2025-07-09 00:00:00+00:00, run_after=2025-07-10 00:00:00+00:00
[2025-07-10T02:06:09.072+0000] {logging_mixin.py:188} INFO - [2025-07-10T02:06:09.072+0000] {dag.py:3823} INFO - Setting next_dagrun for example_branch_datetime_operator_3 to 2025-07-09 00:00:00+00:00, run_after=2025-07-10 00:00:00+00:00
[2025-07-10T02:06:09.097+0000] {processor.py:183} INFO - Processing /home/airflow/.local/lib/python3.8/site-packages/airflow/example_dags/example_branch_datetime_operator.py took 0.201 seconds
[2025-07-10T02:06:39.745+0000] {processor.py:161} INFO - Started process (PID=436) to work on /home/airflow/.local/lib/python3.8/site-packages/airflow/example_dags/example_branch_datetime_operator.py
[2025-07-10T02:06:39.747+0000] {processor.py:830} INFO - Processing file /home/airflow/.local/lib/python3.8/site-packages/airflow/example_dags/example_branch_datetime_operator.py for tasks to queue
[2025-07-10T02:06:39.750+0000] {logging_mixin.py:188} INFO - [2025-07-10T02:06:39.749+0000] {dagbag.py:538} INFO - Filling up the DagBag from /home/airflow/.local/lib/python3.8/site-packages/airflow/example_dags/example_branch_datetime_operator.py
[2025-07-10T02:06:39.760+0000] {processor.py:840} INFO - DAG(s) 'example_branch_datetime_operator_3', 'example_branch_datetime_operator', 'example_branch_datetime_operator_2' retrieved from /home/airflow/.local/lib/python3.8/site-packages/airflow/example_dags/example_branch_datetime_operator.py
[2025-07-10T02:06:39.792+0000] {logging_mixin.py:188} INFO - [2025-07-10T02:06:39.791+0000] {dag.py:3036} INFO - Sync 3 DAGs
[2025-07-10T02:06:39.819+0000] {logging_mixin.py:188} INFO - [2025-07-10T02:06:39.819+0000] {dag.py:3823} INFO - Setting next_dagrun for example_branch_datetime_operator to 2025-07-09 00:00:00+00:00, run_after=2025-07-10 00:00:00+00:00
[2025-07-10T02:06:39.824+0000] {logging_mixin.py:188} INFO - [2025-07-10T02:06:39.824+0000] {dag.py:3823} INFO - Setting next_dagrun for example_branch_datetime_operator_2 to 2025-07-09 00:00:00+00:00, run_after=2025-07-10 00:00:00+00:00
[2025-07-10T02:06:39.827+0000] {logging_mixin.py:188} INFO - [2025-07-10T02:06:39.827+0000] {dag.py:3823} INFO - Setting next_dagrun for example_branch_datetime_operator_3 to 2025-07-09 00:00:00+00:00, run_after=2025-07-10 00:00:00+00:00
[2025-07-10T02:06:39.852+0000] {processor.py:183} INFO - Processing /home/airflow/.local/lib/python3.8/site-packages/airflow/example_dags/example_branch_datetime_operator.py took 0.111 seconds
[2025-07-10T02:07:10.385+0000] {processor.py:161} INFO - Started process (PID=492) to work on /home/airflow/.local/lib/python3.8/site-packages/airflow/example_dags/example_branch_datetime_operator.py
[2025-07-10T02:07:10.386+0000] {processor.py:830} INFO - Processing file /home/airflow/.local/lib/python3.8/site-packages/airflow/example_dags/example_branch_datetime_operator.py for tasks to queue
[2025-07-10T02:07:10.389+0000] {logging_mixin.py:188} INFO - [2025-07-10T02:07:10.388+0000] {dagbag.py:538} INFO - Filling up the DagBag from /home/airflow/.local/lib/python3.8/site-packages/airflow/example_dags/example_branch_datetime_operator.py
[2025-07-10T02:07:10.401+0000] {processor.py:840} INFO - DAG(s) 'example_branch_datetime_operator_3', 'example_branch_datetime_operator_2', 'example_branch_datetime_operator' retrieved from /home/airflow/.local/lib/python3.8/site-packages/airflow/example_dags/example_branch_datetime_operator.py
[2025-07-10T02:07:10.436+0000] {logging_mixin.py:188} INFO - [2025-07-10T02:07:10.435+0000] {dag.py:3036} INFO - Sync 3 DAGs
[2025-07-10T02:07:10.460+0000] {logging_mixin.py:188} INFO - [2025-07-10T02:07:10.460+0000] {dag.py:3823} INFO - Setting next_dagrun for example_branch_datetime_operator to 2025-07-09 00:00:00+00:00, run_after=2025-07-10 00:00:00+00:00
[2025-07-10T02:07:10.466+0000] {logging_mixin.py:188} INFO - [2025-07-10T02:07:10.465+0000] {dag.py:3823} INFO - Setting next_dagrun for example_branch_datetime_operator_2 to 2025-07-09 00:00:00+00:00, run_after=2025-07-10 00:00:00+00:00
[2025-07-10T02:07:10.469+0000] {logging_mixin.py:188} INFO - [2025-07-10T02:07:10.469+0000] {dag.py:3823} INFO - Setting next_dagrun for example_branch_datetime_operator_3 to 2025-07-09 00:00:00+00:00, run_after=2025-07-10 00:00:00+00:00
[2025-07-10T02:07:10.492+0000] {processor.py:183} INFO - Processing /home/airflow/.local/lib/python3.8/site-packages/airflow/example_dags/example_branch_datetime_operator.py took 0.111 seconds
[2025-07-10T02:07:41.358+0000] {processor.py:161} INFO - Started process (PID=548) to work on /home/airflow/.local/lib/python3.8/site-packages/airflow/example_dags/example_branch_datetime_operator.py
[2025-07-10T02:07:41.361+0000] {processor.py:830} INFO - Processing file /home/airflow/.local/lib/python3.8/site-packages/airflow/example_dags/example_branch_datetime_operator.py for tasks to queue
[2025-07-10T02:07:41.364+0000] {logging_mixin.py:188} INFO - [2025-07-10T02:07:41.363+0000] {dagbag.py:538} INFO - Filling up the DagBag from /home/airflow/.local/lib/python3.8/site-packages/airflow/example_dags/example_branch_datetime_operator.py
[2025-07-10T02:07:41.373+0000] {processor.py:840} INFO - DAG(s) 'example_branch_datetime_operator_2', 'example_branch_datetime_operator', 'example_branch_datetime_operator_3' retrieved from /home/airflow/.local/lib/python3.8/site-packages/airflow/example_dags/example_branch_datetime_operator.py
[2025-07-10T02:07:41.402+0000] {logging_mixin.py:188} INFO - [2025-07-10T02:07:41.402+0000] {dag.py:3036} INFO - Sync 3 DAGs
[2025-07-10T02:07:41.424+0000] {logging_mixin.py:188} INFO - [2025-07-10T02:07:41.424+0000] {dag.py:3823} INFO - Setting next_dagrun for example_branch_datetime_operator to 2025-07-09 00:00:00+00:00, run_after=2025-07-10 00:00:00+00:00
[2025-07-10T02:07:41.430+0000] {logging_mixin.py:188} INFO - [2025-07-10T02:07:41.429+0000] {dag.py:3823} INFO - Setting next_dagrun for example_branch_datetime_operator_2 to 2025-07-09 00:00:00+00:00, run_after=2025-07-10 00:00:00+00:00
[2025-07-10T02:07:41.433+0000] {logging_mixin.py:188} INFO - [2025-07-10T02:07:41.433+0000] {dag.py:3823} INFO - Setting next_dagrun for example_branch_datetime_operator_3 to 2025-07-09 00:00:00+00:00, run_after=2025-07-10 00:00:00+00:00
[2025-07-10T02:07:41.453+0000] {processor.py:183} INFO - Processing /home/airflow/.local/lib/python3.8/site-packages/airflow/example_dags/example_branch_datetime_operator.py took 0.101 seconds
[2025-07-10T02:08:11.507+0000] {processor.py:161} INFO - Started process (PID=603) to work on /home/airflow/.local/lib/python3.8/site-packages/airflow/example_dags/example_branch_datetime_operator.py
[2025-07-10T02:08:11.510+0000] {processor.py:830} INFO - Processing file /home/airflow/.local/lib/python3.8/site-packages/airflow/example_dags/example_branch_datetime_operator.py for tasks to queue
[2025-07-10T02:08:11.512+0000] {logging_mixin.py:188} INFO - [2025-07-10T02:08:11.512+0000] {dagbag.py:538} INFO - Filling up the DagBag from /home/airflow/.local/lib/python3.8/site-packages/airflow/example_dags/example_branch_datetime_operator.py
[2025-07-10T02:08:11.522+0000] {processor.py:840} INFO - DAG(s) 'example_branch_datetime_operator', 'example_branch_datetime_operator_3', 'example_branch_datetime_operator_2' retrieved from /home/airflow/.local/lib/python3.8/site-packages/airflow/example_dags/example_branch_datetime_operator.py
[2025-07-10T02:08:11.552+0000] {logging_mixin.py:188} INFO - [2025-07-10T02:08:11.551+0000] {dag.py:3036} INFO - Sync 3 DAGs
[2025-07-10T02:08:11.574+0000] {logging_mixin.py:188} INFO - [2025-07-10T02:08:11.573+0000] {dag.py:3823} INFO - Setting next_dagrun for example_branch_datetime_operator to 2025-07-09 00:00:00+00:00, run_after=2025-07-10 00:00:00+00:00
[2025-07-10T02:08:11.579+0000] {logging_mixin.py:188} INFO - [2025-07-10T02:08:11.578+0000] {dag.py:3823} INFO - Setting next_dagrun for example_branch_datetime_operator_2 to 2025-07-09 00:00:00+00:00, run_after=2025-07-10 00:00:00+00:00
[2025-07-10T02:08:11.582+0000] {logging_mixin.py:188} INFO - [2025-07-10T02:08:11.582+0000] {dag.py:3823} INFO - Setting next_dagrun for example_branch_datetime_operator_3 to 2025-07-09 00:00:00+00:00, run_after=2025-07-10 00:00:00+00:00
[2025-07-10T02:08:11.604+0000] {processor.py:183} INFO - Processing /home/airflow/.local/lib/python3.8/site-packages/airflow/example_dags/example_branch_datetime_operator.py took 0.101 seconds
[2025-07-10T02:08:42.096+0000] {processor.py:161} INFO - Started process (PID=659) to work on /home/airflow/.local/lib/python3.8/site-packages/airflow/example_dags/example_branch_datetime_operator.py
[2025-07-10T02:08:42.098+0000] {processor.py:830} INFO - Processing file /home/airflow/.local/lib/python3.8/site-packages/airflow/example_dags/example_branch_datetime_operator.py for tasks to queue
[2025-07-10T02:08:42.101+0000] {logging_mixin.py:188} INFO - [2025-07-10T02:08:42.101+0000] {dagbag.py:538} INFO - Filling up the DagBag from /home/airflow/.local/lib/python3.8/site-packages/airflow/example_dags/example_branch_datetime_operator.py
[2025-07-10T02:08:42.125+0000] {processor.py:840} INFO - DAG(s) 'example_branch_datetime_operator_2', 'example_branch_datetime_operator', 'example_branch_datetime_operator_3' retrieved from /home/airflow/.local/lib/python3.8/site-packages/airflow/example_dags/example_branch_datetime_operator.py
[2025-07-10T02:08:42.194+0000] {logging_mixin.py:188} INFO - [2025-07-10T02:08:42.194+0000] {dag.py:3036} INFO - Sync 3 DAGs
[2025-07-10T02:08:42.237+0000] {logging_mixin.py:188} INFO - [2025-07-10T02:08:42.236+0000] {dag.py:3823} INFO - Setting next_dagrun for example_branch_datetime_operator to 2025-07-09 00:00:00+00:00, run_after=2025-07-10 00:00:00+00:00
[2025-07-10T02:08:42.246+0000] {logging_mixin.py:188} INFO - [2025-07-10T02:08:42.245+0000] {dag.py:3823} INFO - Setting next_dagrun for example_branch_datetime_operator_2 to 2025-07-09 00:00:00+00:00, run_after=2025-07-10 00:00:00+00:00
[2025-07-10T02:08:42.253+0000] {logging_mixin.py:188} INFO - [2025-07-10T02:08:42.252+0000] {dag.py:3823} INFO - Setting next_dagrun for example_branch_datetime_operator_3 to 2025-07-09 00:00:00+00:00, run_after=2025-07-10 00:00:00+00:00
[2025-07-10T02:08:42.298+0000] {processor.py:183} INFO - Processing /home/airflow/.local/lib/python3.8/site-packages/airflow/example_dags/example_branch_datetime_operator.py took 0.207 seconds
[2025-07-10T02:09:47.789+0000] {processor.py:161} INFO - Started process (PID=94) to work on /home/airflow/.local/lib/python3.8/site-packages/airflow/example_dags/example_branch_datetime_operator.py
[2025-07-10T02:09:47.792+0000] {processor.py:830} INFO - Processing file /home/airflow/.local/lib/python3.8/site-packages/airflow/example_dags/example_branch_datetime_operator.py for tasks to queue
[2025-07-10T02:09:47.796+0000] {logging_mixin.py:188} INFO - [2025-07-10T02:09:47.795+0000] {dagbag.py:538} INFO - Filling up the DagBag from /home/airflow/.local/lib/python3.8/site-packages/airflow/example_dags/example_branch_datetime_operator.py
[2025-07-10T02:09:47.819+0000] {processor.py:840} INFO - DAG(s) 'example_branch_datetime_operator_3', 'example_branch_datetime_operator', 'example_branch_datetime_operator_2' retrieved from /home/airflow/.local/lib/python3.8/site-packages/airflow/example_dags/example_branch_datetime_operator.py
[2025-07-10T02:09:47.849+0000] {logging_mixin.py:188} INFO - [2025-07-10T02:09:47.848+0000] {dag.py:3036} INFO - Sync 3 DAGs
[2025-07-10T02:09:47.901+0000] {logging_mixin.py:188} INFO - [2025-07-10T02:09:47.901+0000] {dag.py:3823} INFO - Setting next_dagrun for example_branch_datetime_operator to 2025-07-09 00:00:00+00:00, run_after=2025-07-10 00:00:00+00:00
[2025-07-10T02:09:47.915+0000] {logging_mixin.py:188} INFO - [2025-07-10T02:09:47.914+0000] {dag.py:3823} INFO - Setting next_dagrun for example_branch_datetime_operator_2 to 2025-07-09 00:00:00+00:00, run_after=2025-07-10 00:00:00+00:00
[2025-07-10T02:09:47.923+0000] {logging_mixin.py:188} INFO - [2025-07-10T02:09:47.923+0000] {dag.py:3823} INFO - Setting next_dagrun for example_branch_datetime_operator_3 to 2025-07-09 00:00:00+00:00, run_after=2025-07-10 00:00:00+00:00
[2025-07-10T02:09:47.968+0000] {processor.py:183} INFO - Processing /home/airflow/.local/lib/python3.8/site-packages/airflow/example_dags/example_branch_datetime_operator.py took 0.188 seconds
[2025-07-10T02:10:19.557+0000] {processor.py:161} INFO - Started process (PID=150) to work on /home/airflow/.local/lib/python3.8/site-packages/airflow/example_dags/example_branch_datetime_operator.py
[2025-07-10T02:10:19.559+0000] {processor.py:830} INFO - Processing file /home/airflow/.local/lib/python3.8/site-packages/airflow/example_dags/example_branch_datetime_operator.py for tasks to queue
[2025-07-10T02:10:19.562+0000] {logging_mixin.py:188} INFO - [2025-07-10T02:10:19.561+0000] {dagbag.py:538} INFO - Filling up the DagBag from /home/airflow/.local/lib/python3.8/site-packages/airflow/example_dags/example_branch_datetime_operator.py
[2025-07-10T02:10:19.572+0000] {processor.py:840} INFO - DAG(s) 'example_branch_datetime_operator_2', 'example_branch_datetime_operator', 'example_branch_datetime_operator_3' retrieved from /home/airflow/.local/lib/python3.8/site-packages/airflow/example_dags/example_branch_datetime_operator.py
[2025-07-10T02:10:19.683+0000] {logging_mixin.py:188} INFO - [2025-07-10T02:10:19.683+0000] {dag.py:3036} INFO - Sync 3 DAGs
[2025-07-10T02:10:19.704+0000] {logging_mixin.py:188} INFO - [2025-07-10T02:10:19.704+0000] {dag.py:3823} INFO - Setting next_dagrun for example_branch_datetime_operator to 2025-07-09 00:00:00+00:00, run_after=2025-07-10 00:00:00+00:00
[2025-07-10T02:10:19.709+0000] {logging_mixin.py:188} INFO - [2025-07-10T02:10:19.708+0000] {dag.py:3823} INFO - Setting next_dagrun for example_branch_datetime_operator_2 to 2025-07-09 00:00:00+00:00, run_after=2025-07-10 00:00:00+00:00
[2025-07-10T02:10:19.711+0000] {logging_mixin.py:188} INFO - [2025-07-10T02:10:19.711+0000] {dag.py:3823} INFO - Setting next_dagrun for example_branch_datetime_operator_3 to 2025-07-09 00:00:00+00:00, run_after=2025-07-10 00:00:00+00:00
[2025-07-10T02:10:19.731+0000] {processor.py:183} INFO - Processing /home/airflow/.local/lib/python3.8/site-packages/airflow/example_dags/example_branch_datetime_operator.py took 0.177 seconds
[2025-07-10T02:10:51.274+0000] {processor.py:161} INFO - Started process (PID=206) to work on /home/airflow/.local/lib/python3.8/site-packages/airflow/example_dags/example_branch_datetime_operator.py
[2025-07-10T02:10:51.277+0000] {processor.py:830} INFO - Processing file /home/airflow/.local/lib/python3.8/site-packages/airflow/example_dags/example_branch_datetime_operator.py for tasks to queue
[2025-07-10T02:10:51.281+0000] {logging_mixin.py:188} INFO - [2025-07-10T02:10:51.280+0000] {dagbag.py:538} INFO - Filling up the DagBag from /home/airflow/.local/lib/python3.8/site-packages/airflow/example_dags/example_branch_datetime_operator.py
[2025-07-10T02:10:51.298+0000] {processor.py:840} INFO - DAG(s) 'example_branch_datetime_operator_3', 'example_branch_datetime_operator', 'example_branch_datetime_operator_2' retrieved from /home/airflow/.local/lib/python3.8/site-packages/airflow/example_dags/example_branch_datetime_operator.py
[2025-07-10T02:10:51.356+0000] {logging_mixin.py:188} INFO - [2025-07-10T02:10:51.355+0000] {dag.py:3036} INFO - Sync 3 DAGs
[2025-07-10T02:10:51.402+0000] {logging_mixin.py:188} INFO - [2025-07-10T02:10:51.402+0000] {dag.py:3823} INFO - Setting next_dagrun for example_branch_datetime_operator to 2025-07-09 00:00:00+00:00, run_after=2025-07-10 00:00:00+00:00
[2025-07-10T02:10:51.410+0000] {logging_mixin.py:188} INFO - [2025-07-10T02:10:51.410+0000] {dag.py:3823} INFO - Setting next_dagrun for example_branch_datetime_operator_2 to 2025-07-09 00:00:00+00:00, run_after=2025-07-10 00:00:00+00:00
[2025-07-10T02:10:51.416+0000] {logging_mixin.py:188} INFO - [2025-07-10T02:10:51.415+0000] {dag.py:3823} INFO - Setting next_dagrun for example_branch_datetime_operator_3 to 2025-07-09 00:00:00+00:00, run_after=2025-07-10 00:00:00+00:00
[2025-07-10T02:10:51.456+0000] {processor.py:183} INFO - Processing /home/airflow/.local/lib/python3.8/site-packages/airflow/example_dags/example_branch_datetime_operator.py took 0.188 seconds
[2025-07-10T02:11:21.638+0000] {processor.py:161} INFO - Started process (PID=262) to work on /home/airflow/.local/lib/python3.8/site-packages/airflow/example_dags/example_branch_datetime_operator.py
[2025-07-10T02:11:21.639+0000] {processor.py:830} INFO - Processing file /home/airflow/.local/lib/python3.8/site-packages/airflow/example_dags/example_branch_datetime_operator.py for tasks to queue
[2025-07-10T02:11:21.642+0000] {logging_mixin.py:188} INFO - [2025-07-10T02:11:21.642+0000] {dagbag.py:538} INFO - Filling up the DagBag from /home/airflow/.local/lib/python3.8/site-packages/airflow/example_dags/example_branch_datetime_operator.py
[2025-07-10T02:11:21.652+0000] {processor.py:840} INFO - DAG(s) 'example_branch_datetime_operator', 'example_branch_datetime_operator_2', 'example_branch_datetime_operator_3' retrieved from /home/airflow/.local/lib/python3.8/site-packages/airflow/example_dags/example_branch_datetime_operator.py
[2025-07-10T02:11:21.686+0000] {logging_mixin.py:188} INFO - [2025-07-10T02:11:21.686+0000] {dag.py:3036} INFO - Sync 3 DAGs
[2025-07-10T02:11:21.710+0000] {logging_mixin.py:188} INFO - [2025-07-10T02:11:21.710+0000] {dag.py:3823} INFO - Setting next_dagrun for example_branch_datetime_operator to 2025-07-09 00:00:00+00:00, run_after=2025-07-10 00:00:00+00:00
[2025-07-10T02:11:21.715+0000] {logging_mixin.py:188} INFO - [2025-07-10T02:11:21.715+0000] {dag.py:3823} INFO - Setting next_dagrun for example_branch_datetime_operator_2 to 2025-07-09 00:00:00+00:00, run_after=2025-07-10 00:00:00+00:00
[2025-07-10T02:11:21.719+0000] {logging_mixin.py:188} INFO - [2025-07-10T02:11:21.719+0000] {dag.py:3823} INFO - Setting next_dagrun for example_branch_datetime_operator_3 to 2025-07-09 00:00:00+00:00, run_after=2025-07-10 00:00:00+00:00
[2025-07-10T02:11:21.746+0000] {processor.py:183} INFO - Processing /home/airflow/.local/lib/python3.8/site-packages/airflow/example_dags/example_branch_datetime_operator.py took 0.112 seconds
[2025-07-10T02:11:52.350+0000] {processor.py:161} INFO - Started process (PID=318) to work on /home/airflow/.local/lib/python3.8/site-packages/airflow/example_dags/example_branch_datetime_operator.py
[2025-07-10T02:11:52.351+0000] {processor.py:830} INFO - Processing file /home/airflow/.local/lib/python3.8/site-packages/airflow/example_dags/example_branch_datetime_operator.py for tasks to queue
[2025-07-10T02:11:52.353+0000] {logging_mixin.py:188} INFO - [2025-07-10T02:11:52.353+0000] {dagbag.py:538} INFO - Filling up the DagBag from /home/airflow/.local/lib/python3.8/site-packages/airflow/example_dags/example_branch_datetime_operator.py
[2025-07-10T02:11:52.365+0000] {processor.py:840} INFO - DAG(s) 'example_branch_datetime_operator_3', 'example_branch_datetime_operator', 'example_branch_datetime_operator_2' retrieved from /home/airflow/.local/lib/python3.8/site-packages/airflow/example_dags/example_branch_datetime_operator.py
[2025-07-10T02:11:52.397+0000] {logging_mixin.py:188} INFO - [2025-07-10T02:11:52.397+0000] {dag.py:3036} INFO - Sync 3 DAGs
[2025-07-10T02:11:52.424+0000] {logging_mixin.py:188} INFO - [2025-07-10T02:11:52.424+0000] {dag.py:3823} INFO - Setting next_dagrun for example_branch_datetime_operator to 2025-07-09 00:00:00+00:00, run_after=2025-07-10 00:00:00+00:00
[2025-07-10T02:11:52.430+0000] {logging_mixin.py:188} INFO - [2025-07-10T02:11:52.430+0000] {dag.py:3823} INFO - Setting next_dagrun for example_branch_datetime_operator_2 to 2025-07-09 00:00:00+00:00, run_after=2025-07-10 00:00:00+00:00
[2025-07-10T02:11:52.434+0000] {logging_mixin.py:188} INFO - [2025-07-10T02:11:52.434+0000] {dag.py:3823} INFO - Setting next_dagrun for example_branch_datetime_operator_3 to 2025-07-09 00:00:00+00:00, run_after=2025-07-10 00:00:00+00:00
[2025-07-10T02:11:52.461+0000] {processor.py:183} INFO - Processing /home/airflow/.local/lib/python3.8/site-packages/airflow/example_dags/example_branch_datetime_operator.py took 0.115 seconds
[2025-07-10T02:14:08.019+0000] {processor.py:161} INFO - Started process (PID=99) to work on /home/airflow/.local/lib/python3.8/site-packages/airflow/example_dags/example_branch_datetime_operator.py
[2025-07-10T02:14:08.021+0000] {processor.py:830} INFO - Processing file /home/airflow/.local/lib/python3.8/site-packages/airflow/example_dags/example_branch_datetime_operator.py for tasks to queue
[2025-07-10T02:14:08.023+0000] {logging_mixin.py:188} INFO - [2025-07-10T02:14:08.023+0000] {dagbag.py:538} INFO - Filling up the DagBag from /home/airflow/.local/lib/python3.8/site-packages/airflow/example_dags/example_branch_datetime_operator.py
[2025-07-10T02:14:08.039+0000] {processor.py:840} INFO - DAG(s) 'example_branch_datetime_operator_3', 'example_branch_datetime_operator', 'example_branch_datetime_operator_2' retrieved from /home/airflow/.local/lib/python3.8/site-packages/airflow/example_dags/example_branch_datetime_operator.py
[2025-07-10T02:14:08.188+0000] {logging_mixin.py:188} INFO - [2025-07-10T02:14:08.187+0000] {override.py:1769} INFO - Created Permission View: can delete on DAG:example_branch_datetime_operator_3
[2025-07-10T02:14:08.209+0000] {logging_mixin.py:188} INFO - [2025-07-10T02:14:08.208+0000] {override.py:1769} INFO - Created Permission View: can read on DAG:example_branch_datetime_operator_3
[2025-07-10T02:14:08.223+0000] {logging_mixin.py:188} INFO - [2025-07-10T02:14:08.222+0000] {override.py:1769} INFO - Created Permission View: can edit on DAG:example_branch_datetime_operator_3
[2025-07-10T02:14:08.245+0000] {logging_mixin.py:188} INFO - [2025-07-10T02:14:08.244+0000] {override.py:1769} INFO - Created Permission View: can delete on DAG:example_branch_datetime_operator
[2025-07-10T02:14:08.259+0000] {logging_mixin.py:188} INFO - [2025-07-10T02:14:08.259+0000] {override.py:1769} INFO - Created Permission View: can read on DAG:example_branch_datetime_operator
[2025-07-10T02:14:08.270+0000] {logging_mixin.py:188} INFO - [2025-07-10T02:14:08.270+0000] {override.py:1769} INFO - Created Permission View: can edit on DAG:example_branch_datetime_operator
[2025-07-10T02:14:08.299+0000] {logging_mixin.py:188} INFO - [2025-07-10T02:14:08.299+0000] {override.py:1769} INFO - Created Permission View: can delete on DAG:example_branch_datetime_operator_2
[2025-07-10T02:14:08.315+0000] {logging_mixin.py:188} INFO - [2025-07-10T02:14:08.315+0000] {override.py:1769} INFO - Created Permission View: can read on DAG:example_branch_datetime_operator_2
[2025-07-10T02:14:08.335+0000] {logging_mixin.py:188} INFO - [2025-07-10T02:14:08.333+0000] {override.py:1769} INFO - Created Permission View: can edit on DAG:example_branch_datetime_operator_2
[2025-07-10T02:14:08.336+0000] {logging_mixin.py:188} INFO - [2025-07-10T02:14:08.336+0000] {dag.py:3036} INFO - Sync 3 DAGs
[2025-07-10T02:14:08.362+0000] {logging_mixin.py:188} INFO - [2025-07-10T02:14:08.362+0000] {dag.py:3058} INFO - Creating ORM DAG for example_branch_datetime_operator_3
[2025-07-10T02:14:08.363+0000] {logging_mixin.py:188} INFO - [2025-07-10T02:14:08.363+0000] {dag.py:3058} INFO - Creating ORM DAG for example_branch_datetime_operator_2
[2025-07-10T02:14:08.365+0000] {logging_mixin.py:188} INFO - [2025-07-10T02:14:08.365+0000] {dag.py:3058} INFO - Creating ORM DAG for example_branch_datetime_operator
[2025-07-10T02:14:08.382+0000] {logging_mixin.py:188} INFO - [2025-07-10T02:14:08.382+0000] {dag.py:3823} INFO - Setting next_dagrun for example_branch_datetime_operator to 2025-07-09 00:00:00+00:00, run_after=2025-07-10 00:00:00+00:00
[2025-07-10T02:14:08.384+0000] {logging_mixin.py:188} INFO - [2025-07-10T02:14:08.384+0000] {dag.py:3823} INFO - Setting next_dagrun for example_branch_datetime_operator_2 to 2025-07-09 00:00:00+00:00, run_after=2025-07-10 00:00:00+00:00
[2025-07-10T02:14:08.387+0000] {logging_mixin.py:188} INFO - [2025-07-10T02:14:08.387+0000] {dag.py:3823} INFO - Setting next_dagrun for example_branch_datetime_operator_3 to 2025-07-09 00:00:00+00:00, run_after=2025-07-10 00:00:00+00:00
[2025-07-10T02:14:08.421+0000] {processor.py:183} INFO - Processing /home/airflow/.local/lib/python3.8/site-packages/airflow/example_dags/example_branch_datetime_operator.py took 0.406 seconds
[2025-07-10T02:14:38.962+0000] {processor.py:161} INFO - Started process (PID=155) to work on /home/airflow/.local/lib/python3.8/site-packages/airflow/example_dags/example_branch_datetime_operator.py
[2025-07-10T02:14:38.963+0000] {processor.py:830} INFO - Processing file /home/airflow/.local/lib/python3.8/site-packages/airflow/example_dags/example_branch_datetime_operator.py for tasks to queue
[2025-07-10T02:14:38.965+0000] {logging_mixin.py:188} INFO - [2025-07-10T02:14:38.965+0000] {dagbag.py:538} INFO - Filling up the DagBag from /home/airflow/.local/lib/python3.8/site-packages/airflow/example_dags/example_branch_datetime_operator.py
[2025-07-10T02:14:38.978+0000] {processor.py:840} INFO - DAG(s) 'example_branch_datetime_operator_2', 'example_branch_datetime_operator_3', 'example_branch_datetime_operator' retrieved from /home/airflow/.local/lib/python3.8/site-packages/airflow/example_dags/example_branch_datetime_operator.py
[2025-07-10T02:14:39.015+0000] {logging_mixin.py:188} INFO - [2025-07-10T02:14:39.015+0000] {dag.py:3036} INFO - Sync 3 DAGs
[2025-07-10T02:14:39.047+0000] {logging_mixin.py:188} INFO - [2025-07-10T02:14:39.047+0000] {dag.py:3823} INFO - Setting next_dagrun for example_branch_datetime_operator to 2025-07-09 00:00:00+00:00, run_after=2025-07-10 00:00:00+00:00
[2025-07-10T02:14:39.053+0000] {logging_mixin.py:188} INFO - [2025-07-10T02:14:39.053+0000] {dag.py:3823} INFO - Setting next_dagrun for example_branch_datetime_operator_2 to 2025-07-09 00:00:00+00:00, run_after=2025-07-10 00:00:00+00:00
[2025-07-10T02:14:39.058+0000] {logging_mixin.py:188} INFO - [2025-07-10T02:14:39.057+0000] {dag.py:3823} INFO - Setting next_dagrun for example_branch_datetime_operator_3 to 2025-07-09 00:00:00+00:00, run_after=2025-07-10 00:00:00+00:00
[2025-07-10T02:14:39.085+0000] {processor.py:183} INFO - Processing /home/airflow/.local/lib/python3.8/site-packages/airflow/example_dags/example_branch_datetime_operator.py took 0.128 seconds
[2025-07-10T02:15:09.231+0000] {processor.py:161} INFO - Started process (PID=211) to work on /home/airflow/.local/lib/python3.8/site-packages/airflow/example_dags/example_branch_datetime_operator.py
[2025-07-10T02:15:09.232+0000] {processor.py:830} INFO - Processing file /home/airflow/.local/lib/python3.8/site-packages/airflow/example_dags/example_branch_datetime_operator.py for tasks to queue
[2025-07-10T02:15:09.235+0000] {logging_mixin.py:188} INFO - [2025-07-10T02:15:09.234+0000] {dagbag.py:538} INFO - Filling up the DagBag from /home/airflow/.local/lib/python3.8/site-packages/airflow/example_dags/example_branch_datetime_operator.py
[2025-07-10T02:15:09.246+0000] {processor.py:840} INFO - DAG(s) 'example_branch_datetime_operator_2', 'example_branch_datetime_operator_3', 'example_branch_datetime_operator' retrieved from /home/airflow/.local/lib/python3.8/site-packages/airflow/example_dags/example_branch_datetime_operator.py
[2025-07-10T02:15:09.287+0000] {logging_mixin.py:188} INFO - [2025-07-10T02:15:09.287+0000] {dag.py:3036} INFO - Sync 3 DAGs
[2025-07-10T02:15:09.318+0000] {logging_mixin.py:188} INFO - [2025-07-10T02:15:09.317+0000] {dag.py:3823} INFO - Setting next_dagrun for example_branch_datetime_operator to 2025-07-09 00:00:00+00:00, run_after=2025-07-10 00:00:00+00:00
[2025-07-10T02:15:09.324+0000] {logging_mixin.py:188} INFO - [2025-07-10T02:15:09.324+0000] {dag.py:3823} INFO - Setting next_dagrun for example_branch_datetime_operator_2 to 2025-07-09 00:00:00+00:00, run_after=2025-07-10 00:00:00+00:00
[2025-07-10T02:15:09.328+0000] {logging_mixin.py:188} INFO - [2025-07-10T02:15:09.327+0000] {dag.py:3823} INFO - Setting next_dagrun for example_branch_datetime_operator_3 to 2025-07-09 00:00:00+00:00, run_after=2025-07-10 00:00:00+00:00
[2025-07-10T02:15:09.354+0000] {processor.py:183} INFO - Processing /home/airflow/.local/lib/python3.8/site-packages/airflow/example_dags/example_branch_datetime_operator.py took 0.127 seconds
[2025-07-10T02:16:40.194+0000] {processor.py:161} INFO - Started process (PID=99) to work on /home/airflow/.local/lib/python3.8/site-packages/airflow/example_dags/example_branch_datetime_operator.py
[2025-07-10T02:16:40.197+0000] {processor.py:830} INFO - Processing file /home/airflow/.local/lib/python3.8/site-packages/airflow/example_dags/example_branch_datetime_operator.py for tasks to queue
[2025-07-10T02:16:40.201+0000] {logging_mixin.py:188} INFO - [2025-07-10T02:16:40.201+0000] {dagbag.py:538} INFO - Filling up the DagBag from /home/airflow/.local/lib/python3.8/site-packages/airflow/example_dags/example_branch_datetime_operator.py
[2025-07-10T02:16:40.224+0000] {processor.py:840} INFO - DAG(s) 'example_branch_datetime_operator_3', 'example_branch_datetime_operator_2', 'example_branch_datetime_operator' retrieved from /home/airflow/.local/lib/python3.8/site-packages/airflow/example_dags/example_branch_datetime_operator.py
[2025-07-10T02:16:40.252+0000] {logging_mixin.py:188} INFO - [2025-07-10T02:16:40.252+0000] {dag.py:3036} INFO - Sync 3 DAGs
[2025-07-10T02:16:40.291+0000] {logging_mixin.py:188} INFO - [2025-07-10T02:16:40.290+0000] {dag.py:3823} INFO - Setting next_dagrun for example_branch_datetime_operator to 2025-07-09 00:00:00+00:00, run_after=2025-07-10 00:00:00+00:00
[2025-07-10T02:16:40.299+0000] {logging_mixin.py:188} INFO - [2025-07-10T02:16:40.298+0000] {dag.py:3823} INFO - Setting next_dagrun for example_branch_datetime_operator_2 to 2025-07-09 00:00:00+00:00, run_after=2025-07-10 00:00:00+00:00
[2025-07-10T02:16:40.303+0000] {logging_mixin.py:188} INFO - [2025-07-10T02:16:40.303+0000] {dag.py:3823} INFO - Setting next_dagrun for example_branch_datetime_operator_3 to 2025-07-09 00:00:00+00:00, run_after=2025-07-10 00:00:00+00:00
[2025-07-10T02:16:40.337+0000] {processor.py:183} INFO - Processing /home/airflow/.local/lib/python3.8/site-packages/airflow/example_dags/example_branch_datetime_operator.py took 0.150 seconds
[2025-07-10T02:17:12.547+0000] {processor.py:161} INFO - Started process (PID=155) to work on /home/airflow/.local/lib/python3.8/site-packages/airflow/example_dags/example_branch_datetime_operator.py
[2025-07-10T02:17:12.549+0000] {processor.py:830} INFO - Processing file /home/airflow/.local/lib/python3.8/site-packages/airflow/example_dags/example_branch_datetime_operator.py for tasks to queue
[2025-07-10T02:17:12.552+0000] {logging_mixin.py:188} INFO - [2025-07-10T02:17:12.551+0000] {dagbag.py:538} INFO - Filling up the DagBag from /home/airflow/.local/lib/python3.8/site-packages/airflow/example_dags/example_branch_datetime_operator.py
[2025-07-10T02:17:12.565+0000] {processor.py:840} INFO - DAG(s) 'example_branch_datetime_operator', 'example_branch_datetime_operator_3', 'example_branch_datetime_operator_2' retrieved from /home/airflow/.local/lib/python3.8/site-packages/airflow/example_dags/example_branch_datetime_operator.py
[2025-07-10T02:17:12.721+0000] {logging_mixin.py:188} INFO - [2025-07-10T02:17:12.720+0000] {dag.py:3036} INFO - Sync 3 DAGs
[2025-07-10T02:17:12.750+0000] {logging_mixin.py:188} INFO - [2025-07-10T02:17:12.750+0000] {dag.py:3823} INFO - Setting next_dagrun for example_branch_datetime_operator to 2025-07-09 00:00:00+00:00, run_after=2025-07-10 00:00:00+00:00
[2025-07-10T02:17:12.756+0000] {logging_mixin.py:188} INFO - [2025-07-10T02:17:12.755+0000] {dag.py:3823} INFO - Setting next_dagrun for example_branch_datetime_operator_2 to 2025-07-09 00:00:00+00:00, run_after=2025-07-10 00:00:00+00:00
[2025-07-10T02:17:12.759+0000] {logging_mixin.py:188} INFO - [2025-07-10T02:17:12.759+0000] {dag.py:3823} INFO - Setting next_dagrun for example_branch_datetime_operator_3 to 2025-07-09 00:00:00+00:00, run_after=2025-07-10 00:00:00+00:00
[2025-07-10T02:17:12.784+0000] {processor.py:183} INFO - Processing /home/airflow/.local/lib/python3.8/site-packages/airflow/example_dags/example_branch_datetime_operator.py took 0.242 seconds
