[2025-07-10T00:00:10.601+0000] {processor.py:161} INFO - Started process (PID=739) to work on /home/airflow/.local/lib/python3.8/site-packages/airflow/example_dags/example_trigger_target_dag.py
[2025-07-10T00:00:10.603+0000] {processor.py:830} INFO - Processing file /home/airflow/.local/lib/python3.8/site-packages/airflow/example_dags/example_trigger_target_dag.py for tasks to queue
[2025-07-10T00:00:10.606+0000] {logging_mixin.py:188} INFO - [2025-07-10T00:00:10.605+0000] {dagbag.py:538} INFO - Filling up the DagBag from /home/airflow/.local/lib/python3.8/site-packages/airflow/example_dags/example_trigger_target_dag.py
[2025-07-10T00:00:10.619+0000] {processor.py:840} INFO - DAG(s) 'example_trigger_target_dag' retrieved from /home/airflow/.local/lib/python3.8/site-packages/airflow/example_dags/example_trigger_target_dag.py
[2025-07-10T00:00:10.651+0000] {logging_mixin.py:188} INFO - [2025-07-10T00:00:10.651+0000] {dag.py:3036} INFO - Sync 1 DAGs
[2025-07-10T00:00:10.666+0000] {logging_mixin.py:188} INFO - [2025-07-10T00:00:10.666+0000] {dag.py:3823} INFO - Setting next_dagrun for example_trigger_target_dag to None, run_after=None
[2025-07-10T00:00:10.700+0000] {processor.py:183} INFO - Processing /home/airflow/.local/lib/python3.8/site-packages/airflow/example_dags/example_trigger_target_dag.py took 0.106 seconds
[2025-07-10T00:01:40.638+0000] {processor.py:161} INFO - Started process (PID=113) to work on /home/airflow/.local/lib/python3.8/site-packages/airflow/example_dags/example_trigger_target_dag.py
[2025-07-10T00:01:40.642+0000] {processor.py:830} INFO - Processing file /home/airflow/.local/lib/python3.8/site-packages/airflow/example_dags/example_trigger_target_dag.py for tasks to queue
[2025-07-10T00:01:40.649+0000] {logging_mixin.py:188} INFO - [2025-07-10T00:01:40.648+0000] {dagbag.py:538} INFO - Filling up the DagBag from /home/airflow/.local/lib/python3.8/site-packages/airflow/example_dags/example_trigger_target_dag.py
[2025-07-10T00:01:40.671+0000] {processor.py:840} INFO - DAG(s) 'example_trigger_target_dag' retrieved from /home/airflow/.local/lib/python3.8/site-packages/airflow/example_dags/example_trigger_target_dag.py
[2025-07-10T00:01:40.858+0000] {logging_mixin.py:188} INFO - [2025-07-10T00:01:40.858+0000] {dag.py:3036} INFO - Sync 1 DAGs
[2025-07-10T00:01:40.879+0000] {logging_mixin.py:188} INFO - [2025-07-10T00:01:40.879+0000] {dag.py:3823} INFO - Setting next_dagrun for example_trigger_target_dag to None, run_after=None
[2025-07-10T00:01:40.928+0000] {processor.py:183} INFO - Processing /home/airflow/.local/lib/python3.8/site-packages/airflow/example_dags/example_trigger_target_dag.py took 0.298 seconds
[2025-07-10T00:02:11.104+0000] {processor.py:161} INFO - Started process (PID=169) to work on /home/airflow/.local/lib/python3.8/site-packages/airflow/example_dags/example_trigger_target_dag.py
[2025-07-10T00:02:11.107+0000] {processor.py:830} INFO - Processing file /home/airflow/.local/lib/python3.8/site-packages/airflow/example_dags/example_trigger_target_dag.py for tasks to queue
[2025-07-10T00:02:11.113+0000] {logging_mixin.py:188} INFO - [2025-07-10T00:02:11.112+0000] {dagbag.py:538} INFO - Filling up the DagBag from /home/airflow/.local/lib/python3.8/site-packages/airflow/example_dags/example_trigger_target_dag.py
[2025-07-10T00:02:11.127+0000] {processor.py:840} INFO - DAG(s) 'example_trigger_target_dag' retrieved from /home/airflow/.local/lib/python3.8/site-packages/airflow/example_dags/example_trigger_target_dag.py
[2025-07-10T00:02:11.153+0000] {logging_mixin.py:188} INFO - [2025-07-10T00:02:11.153+0000] {dag.py:3036} INFO - Sync 1 DAGs
[2025-07-10T00:02:11.179+0000] {logging_mixin.py:188} INFO - [2025-07-10T00:02:11.178+0000] {dag.py:3823} INFO - Setting next_dagrun for example_trigger_target_dag to None, run_after=None
[2025-07-10T00:02:11.215+0000] {processor.py:183} INFO - Processing /home/airflow/.local/lib/python3.8/site-packages/airflow/example_dags/example_trigger_target_dag.py took 0.118 seconds
[2025-07-10T00:02:43.221+0000] {processor.py:161} INFO - Started process (PID=225) to work on /home/airflow/.local/lib/python3.8/site-packages/airflow/example_dags/example_trigger_target_dag.py
[2025-07-10T00:02:43.223+0000] {processor.py:830} INFO - Processing file /home/airflow/.local/lib/python3.8/site-packages/airflow/example_dags/example_trigger_target_dag.py for tasks to queue
[2025-07-10T00:02:43.226+0000] {logging_mixin.py:188} INFO - [2025-07-10T00:02:43.226+0000] {dagbag.py:538} INFO - Filling up the DagBag from /home/airflow/.local/lib/python3.8/site-packages/airflow/example_dags/example_trigger_target_dag.py
[2025-07-10T00:02:43.234+0000] {processor.py:840} INFO - DAG(s) 'example_trigger_target_dag' retrieved from /home/airflow/.local/lib/python3.8/site-packages/airflow/example_dags/example_trigger_target_dag.py
[2025-07-10T00:02:43.344+0000] {logging_mixin.py:188} INFO - [2025-07-10T00:02:43.344+0000] {dag.py:3036} INFO - Sync 1 DAGs
[2025-07-10T00:02:43.356+0000] {logging_mixin.py:188} INFO - [2025-07-10T00:02:43.356+0000] {dag.py:3823} INFO - Setting next_dagrun for example_trigger_target_dag to None, run_after=None
[2025-07-10T00:02:43.384+0000] {processor.py:183} INFO - Processing /home/airflow/.local/lib/python3.8/site-packages/airflow/example_dags/example_trigger_target_dag.py took 0.167 seconds
[2025-07-10T00:03:14.124+0000] {processor.py:161} INFO - Started process (PID=281) to work on /home/airflow/.local/lib/python3.8/site-packages/airflow/example_dags/example_trigger_target_dag.py
[2025-07-10T00:03:14.126+0000] {processor.py:830} INFO - Processing file /home/airflow/.local/lib/python3.8/site-packages/airflow/example_dags/example_trigger_target_dag.py for tasks to queue
[2025-07-10T00:03:14.129+0000] {logging_mixin.py:188} INFO - [2025-07-10T00:03:14.129+0000] {dagbag.py:538} INFO - Filling up the DagBag from /home/airflow/.local/lib/python3.8/site-packages/airflow/example_dags/example_trigger_target_dag.py
[2025-07-10T00:03:14.137+0000] {processor.py:840} INFO - DAG(s) 'example_trigger_target_dag' retrieved from /home/airflow/.local/lib/python3.8/site-packages/airflow/example_dags/example_trigger_target_dag.py
[2025-07-10T00:03:14.165+0000] {logging_mixin.py:188} INFO - [2025-07-10T00:03:14.165+0000] {dag.py:3036} INFO - Sync 1 DAGs
[2025-07-10T00:03:14.180+0000] {logging_mixin.py:188} INFO - [2025-07-10T00:03:14.180+0000] {dag.py:3823} INFO - Setting next_dagrun for example_trigger_target_dag to None, run_after=None
[2025-07-10T00:03:14.209+0000] {processor.py:183} INFO - Processing /home/airflow/.local/lib/python3.8/site-packages/airflow/example_dags/example_trigger_target_dag.py took 0.090 seconds
[2025-07-10T00:03:44.624+0000] {processor.py:161} INFO - Started process (PID=337) to work on /home/airflow/.local/lib/python3.8/site-packages/airflow/example_dags/example_trigger_target_dag.py
[2025-07-10T00:03:44.626+0000] {processor.py:830} INFO - Processing file /home/airflow/.local/lib/python3.8/site-packages/airflow/example_dags/example_trigger_target_dag.py for tasks to queue
[2025-07-10T00:03:44.629+0000] {logging_mixin.py:188} INFO - [2025-07-10T00:03:44.628+0000] {dagbag.py:538} INFO - Filling up the DagBag from /home/airflow/.local/lib/python3.8/site-packages/airflow/example_dags/example_trigger_target_dag.py
[2025-07-10T00:03:44.636+0000] {processor.py:840} INFO - DAG(s) 'example_trigger_target_dag' retrieved from /home/airflow/.local/lib/python3.8/site-packages/airflow/example_dags/example_trigger_target_dag.py
[2025-07-10T00:03:44.688+0000] {logging_mixin.py:188} INFO - [2025-07-10T00:03:44.688+0000] {dag.py:3036} INFO - Sync 1 DAGs
[2025-07-10T00:03:44.704+0000] {logging_mixin.py:188} INFO - [2025-07-10T00:03:44.703+0000] {dag.py:3823} INFO - Setting next_dagrun for example_trigger_target_dag to None, run_after=None
[2025-07-10T00:03:44.732+0000] {processor.py:183} INFO - Processing /home/airflow/.local/lib/python3.8/site-packages/airflow/example_dags/example_trigger_target_dag.py took 0.113 seconds
[2025-07-10T00:04:15.430+0000] {processor.py:161} INFO - Started process (PID=393) to work on /home/airflow/.local/lib/python3.8/site-packages/airflow/example_dags/example_trigger_target_dag.py
[2025-07-10T00:04:15.432+0000] {processor.py:830} INFO - Processing file /home/airflow/.local/lib/python3.8/site-packages/airflow/example_dags/example_trigger_target_dag.py for tasks to queue
[2025-07-10T00:04:15.435+0000] {logging_mixin.py:188} INFO - [2025-07-10T00:04:15.434+0000] {dagbag.py:538} INFO - Filling up the DagBag from /home/airflow/.local/lib/python3.8/site-packages/airflow/example_dags/example_trigger_target_dag.py
[2025-07-10T00:04:15.445+0000] {processor.py:840} INFO - DAG(s) 'example_trigger_target_dag' retrieved from /home/airflow/.local/lib/python3.8/site-packages/airflow/example_dags/example_trigger_target_dag.py
[2025-07-10T00:04:15.485+0000] {logging_mixin.py:188} INFO - [2025-07-10T00:04:15.485+0000] {dag.py:3036} INFO - Sync 1 DAGs
[2025-07-10T00:04:15.507+0000] {logging_mixin.py:188} INFO - [2025-07-10T00:04:15.506+0000] {dag.py:3823} INFO - Setting next_dagrun for example_trigger_target_dag to None, run_after=None
[2025-07-10T00:04:15.553+0000] {processor.py:183} INFO - Processing /home/airflow/.local/lib/python3.8/site-packages/airflow/example_dags/example_trigger_target_dag.py took 0.132 seconds
[2025-07-10T02:03:33.752+0000] {processor.py:161} INFO - Started process (PID=107) to work on /home/airflow/.local/lib/python3.8/site-packages/airflow/example_dags/example_trigger_target_dag.py
[2025-07-10T02:03:33.753+0000] {processor.py:830} INFO - Processing file /home/airflow/.local/lib/python3.8/site-packages/airflow/example_dags/example_trigger_target_dag.py for tasks to queue
[2025-07-10T02:03:33.756+0000] {logging_mixin.py:188} INFO - [2025-07-10T02:03:33.755+0000] {dagbag.py:538} INFO - Filling up the DagBag from /home/airflow/.local/lib/python3.8/site-packages/airflow/example_dags/example_trigger_target_dag.py
[2025-07-10T02:03:33.764+0000] {processor.py:840} INFO - DAG(s) 'example_trigger_target_dag' retrieved from /home/airflow/.local/lib/python3.8/site-packages/airflow/example_dags/example_trigger_target_dag.py
[2025-07-10T02:03:33.790+0000] {logging_mixin.py:188} INFO - [2025-07-10T02:03:33.790+0000] {dag.py:3036} INFO - Sync 1 DAGs
[2025-07-10T02:03:33.802+0000] {logging_mixin.py:188} INFO - [2025-07-10T02:03:33.802+0000] {dag.py:3823} INFO - Setting next_dagrun for example_trigger_target_dag to None, run_after=None
[2025-07-10T02:03:33.827+0000] {processor.py:183} INFO - Processing /home/airflow/.local/lib/python3.8/site-packages/airflow/example_dags/example_trigger_target_dag.py took 0.079 seconds
[2025-07-10T02:04:04.374+0000] {processor.py:161} INFO - Started process (PID=163) to work on /home/airflow/.local/lib/python3.8/site-packages/airflow/example_dags/example_trigger_target_dag.py
[2025-07-10T02:04:04.376+0000] {processor.py:830} INFO - Processing file /home/airflow/.local/lib/python3.8/site-packages/airflow/example_dags/example_trigger_target_dag.py for tasks to queue
[2025-07-10T02:04:04.379+0000] {logging_mixin.py:188} INFO - [2025-07-10T02:04:04.379+0000] {dagbag.py:538} INFO - Filling up the DagBag from /home/airflow/.local/lib/python3.8/site-packages/airflow/example_dags/example_trigger_target_dag.py
[2025-07-10T02:04:04.386+0000] {processor.py:840} INFO - DAG(s) 'example_trigger_target_dag' retrieved from /home/airflow/.local/lib/python3.8/site-packages/airflow/example_dags/example_trigger_target_dag.py
[2025-07-10T02:04:04.409+0000] {logging_mixin.py:188} INFO - [2025-07-10T02:04:04.409+0000] {dag.py:3036} INFO - Sync 1 DAGs
[2025-07-10T02:04:04.421+0000] {logging_mixin.py:188} INFO - [2025-07-10T02:04:04.421+0000] {dag.py:3823} INFO - Setting next_dagrun for example_trigger_target_dag to None, run_after=None
[2025-07-10T02:04:04.446+0000] {processor.py:183} INFO - Processing /home/airflow/.local/lib/python3.8/site-packages/airflow/example_dags/example_trigger_target_dag.py took 0.076 seconds
[2025-07-10T02:04:35.880+0000] {processor.py:161} INFO - Started process (PID=219) to work on /home/airflow/.local/lib/python3.8/site-packages/airflow/example_dags/example_trigger_target_dag.py
[2025-07-10T02:04:35.881+0000] {processor.py:830} INFO - Processing file /home/airflow/.local/lib/python3.8/site-packages/airflow/example_dags/example_trigger_target_dag.py for tasks to queue
[2025-07-10T02:04:35.884+0000] {logging_mixin.py:188} INFO - [2025-07-10T02:04:35.883+0000] {dagbag.py:538} INFO - Filling up the DagBag from /home/airflow/.local/lib/python3.8/site-packages/airflow/example_dags/example_trigger_target_dag.py
[2025-07-10T02:04:35.890+0000] {processor.py:840} INFO - DAG(s) 'example_trigger_target_dag' retrieved from /home/airflow/.local/lib/python3.8/site-packages/airflow/example_dags/example_trigger_target_dag.py
[2025-07-10T02:04:35.911+0000] {logging_mixin.py:188} INFO - [2025-07-10T02:04:35.911+0000] {dag.py:3036} INFO - Sync 1 DAGs
[2025-07-10T02:04:35.922+0000] {logging_mixin.py:188} INFO - [2025-07-10T02:04:35.922+0000] {dag.py:3823} INFO - Setting next_dagrun for example_trigger_target_dag to None, run_after=None
[2025-07-10T02:04:35.946+0000] {processor.py:183} INFO - Processing /home/airflow/.local/lib/python3.8/site-packages/airflow/example_dags/example_trigger_target_dag.py took 0.070 seconds
[2025-07-10T02:05:06.838+0000] {processor.py:161} INFO - Started process (PID=275) to work on /home/airflow/.local/lib/python3.8/site-packages/airflow/example_dags/example_trigger_target_dag.py
[2025-07-10T02:05:06.839+0000] {processor.py:830} INFO - Processing file /home/airflow/.local/lib/python3.8/site-packages/airflow/example_dags/example_trigger_target_dag.py for tasks to queue
[2025-07-10T02:05:06.842+0000] {logging_mixin.py:188} INFO - [2025-07-10T02:05:06.842+0000] {dagbag.py:538} INFO - Filling up the DagBag from /home/airflow/.local/lib/python3.8/site-packages/airflow/example_dags/example_trigger_target_dag.py
[2025-07-10T02:05:06.851+0000] {processor.py:840} INFO - DAG(s) 'example_trigger_target_dag' retrieved from /home/airflow/.local/lib/python3.8/site-packages/airflow/example_dags/example_trigger_target_dag.py
[2025-07-10T02:05:06.878+0000] {logging_mixin.py:188} INFO - [2025-07-10T02:05:06.878+0000] {dag.py:3036} INFO - Sync 1 DAGs
[2025-07-10T02:05:06.892+0000] {logging_mixin.py:188} INFO - [2025-07-10T02:05:06.892+0000] {dag.py:3823} INFO - Setting next_dagrun for example_trigger_target_dag to None, run_after=None
[2025-07-10T02:05:06.922+0000] {processor.py:183} INFO - Processing /home/airflow/.local/lib/python3.8/site-packages/airflow/example_dags/example_trigger_target_dag.py took 0.087 seconds
[2025-07-10T02:05:38.045+0000] {processor.py:161} INFO - Started process (PID=331) to work on /home/airflow/.local/lib/python3.8/site-packages/airflow/example_dags/example_trigger_target_dag.py
[2025-07-10T02:05:38.047+0000] {processor.py:830} INFO - Processing file /home/airflow/.local/lib/python3.8/site-packages/airflow/example_dags/example_trigger_target_dag.py for tasks to queue
[2025-07-10T02:05:38.050+0000] {logging_mixin.py:188} INFO - [2025-07-10T02:05:38.050+0000] {dagbag.py:538} INFO - Filling up the DagBag from /home/airflow/.local/lib/python3.8/site-packages/airflow/example_dags/example_trigger_target_dag.py
[2025-07-10T02:05:38.057+0000] {processor.py:840} INFO - DAG(s) 'example_trigger_target_dag' retrieved from /home/airflow/.local/lib/python3.8/site-packages/airflow/example_dags/example_trigger_target_dag.py
[2025-07-10T02:05:38.073+0000] {logging_mixin.py:188} INFO - [2025-07-10T02:05:38.073+0000] {dag.py:3036} INFO - Sync 1 DAGs
[2025-07-10T02:05:38.086+0000] {logging_mixin.py:188} INFO - [2025-07-10T02:05:38.085+0000] {dag.py:3823} INFO - Setting next_dagrun for example_trigger_target_dag to None, run_after=None
[2025-07-10T02:05:38.112+0000] {processor.py:183} INFO - Processing /home/airflow/.local/lib/python3.8/site-packages/airflow/example_dags/example_trigger_target_dag.py took 0.073 seconds
[2025-07-10T02:06:09.572+0000] {processor.py:161} INFO - Started process (PID=387) to work on /home/airflow/.local/lib/python3.8/site-packages/airflow/example_dags/example_trigger_target_dag.py
[2025-07-10T02:06:09.573+0000] {processor.py:830} INFO - Processing file /home/airflow/.local/lib/python3.8/site-packages/airflow/example_dags/example_trigger_target_dag.py for tasks to queue
[2025-07-10T02:06:09.576+0000] {logging_mixin.py:188} INFO - [2025-07-10T02:06:09.575+0000] {dagbag.py:538} INFO - Filling up the DagBag from /home/airflow/.local/lib/python3.8/site-packages/airflow/example_dags/example_trigger_target_dag.py
[2025-07-10T02:06:09.583+0000] {processor.py:840} INFO - DAG(s) 'example_trigger_target_dag' retrieved from /home/airflow/.local/lib/python3.8/site-packages/airflow/example_dags/example_trigger_target_dag.py
[2025-07-10T02:06:09.679+0000] {logging_mixin.py:188} INFO - [2025-07-10T02:06:09.679+0000] {dag.py:3036} INFO - Sync 1 DAGs
[2025-07-10T02:06:09.692+0000] {logging_mixin.py:188} INFO - [2025-07-10T02:06:09.691+0000] {dag.py:3823} INFO - Setting next_dagrun for example_trigger_target_dag to None, run_after=None
[2025-07-10T02:06:09.716+0000] {processor.py:183} INFO - Processing /home/airflow/.local/lib/python3.8/site-packages/airflow/example_dags/example_trigger_target_dag.py took 0.148 seconds
[2025-07-10T02:06:40.249+0000] {processor.py:161} INFO - Started process (PID=443) to work on /home/airflow/.local/lib/python3.8/site-packages/airflow/example_dags/example_trigger_target_dag.py
[2025-07-10T02:06:40.251+0000] {processor.py:830} INFO - Processing file /home/airflow/.local/lib/python3.8/site-packages/airflow/example_dags/example_trigger_target_dag.py for tasks to queue
[2025-07-10T02:06:40.254+0000] {logging_mixin.py:188} INFO - [2025-07-10T02:06:40.254+0000] {dagbag.py:538} INFO - Filling up the DagBag from /home/airflow/.local/lib/python3.8/site-packages/airflow/example_dags/example_trigger_target_dag.py
[2025-07-10T02:06:40.265+0000] {processor.py:840} INFO - DAG(s) 'example_trigger_target_dag' retrieved from /home/airflow/.local/lib/python3.8/site-packages/airflow/example_dags/example_trigger_target_dag.py
[2025-07-10T02:06:40.305+0000] {logging_mixin.py:188} INFO - [2025-07-10T02:06:40.305+0000] {dag.py:3036} INFO - Sync 1 DAGs
[2025-07-10T02:06:40.334+0000] {logging_mixin.py:188} INFO - [2025-07-10T02:06:40.333+0000] {dag.py:3823} INFO - Setting next_dagrun for example_trigger_target_dag to None, run_after=None
[2025-07-10T02:06:40.378+0000] {processor.py:183} INFO - Processing /home/airflow/.local/lib/python3.8/site-packages/airflow/example_dags/example_trigger_target_dag.py took 0.133 seconds
[2025-07-10T02:07:10.850+0000] {processor.py:161} INFO - Started process (PID=499) to work on /home/airflow/.local/lib/python3.8/site-packages/airflow/example_dags/example_trigger_target_dag.py
[2025-07-10T02:07:10.852+0000] {processor.py:830} INFO - Processing file /home/airflow/.local/lib/python3.8/site-packages/airflow/example_dags/example_trigger_target_dag.py for tasks to queue
[2025-07-10T02:07:10.854+0000] {logging_mixin.py:188} INFO - [2025-07-10T02:07:10.854+0000] {dagbag.py:538} INFO - Filling up the DagBag from /home/airflow/.local/lib/python3.8/site-packages/airflow/example_dags/example_trigger_target_dag.py
[2025-07-10T02:07:10.862+0000] {processor.py:840} INFO - DAG(s) 'example_trigger_target_dag' retrieved from /home/airflow/.local/lib/python3.8/site-packages/airflow/example_dags/example_trigger_target_dag.py
[2025-07-10T02:07:10.886+0000] {logging_mixin.py:188} INFO - [2025-07-10T02:07:10.886+0000] {dag.py:3036} INFO - Sync 1 DAGs
[2025-07-10T02:07:10.899+0000] {logging_mixin.py:188} INFO - [2025-07-10T02:07:10.898+0000] {dag.py:3823} INFO - Setting next_dagrun for example_trigger_target_dag to None, run_after=None
[2025-07-10T02:07:10.920+0000] {processor.py:183} INFO - Processing /home/airflow/.local/lib/python3.8/site-packages/airflow/example_dags/example_trigger_target_dag.py took 0.074 seconds
[2025-07-10T02:07:41.825+0000] {processor.py:161} INFO - Started process (PID=555) to work on /home/airflow/.local/lib/python3.8/site-packages/airflow/example_dags/example_trigger_target_dag.py
[2025-07-10T02:07:41.827+0000] {processor.py:830} INFO - Processing file /home/airflow/.local/lib/python3.8/site-packages/airflow/example_dags/example_trigger_target_dag.py for tasks to queue
[2025-07-10T02:07:41.829+0000] {logging_mixin.py:188} INFO - [2025-07-10T02:07:41.829+0000] {dagbag.py:538} INFO - Filling up the DagBag from /home/airflow/.local/lib/python3.8/site-packages/airflow/example_dags/example_trigger_target_dag.py
[2025-07-10T02:07:41.835+0000] {processor.py:840} INFO - DAG(s) 'example_trigger_target_dag' retrieved from /home/airflow/.local/lib/python3.8/site-packages/airflow/example_dags/example_trigger_target_dag.py
[2025-07-10T02:07:41.854+0000] {logging_mixin.py:188} INFO - [2025-07-10T02:07:41.854+0000] {dag.py:3036} INFO - Sync 1 DAGs
[2025-07-10T02:07:41.865+0000] {logging_mixin.py:188} INFO - [2025-07-10T02:07:41.865+0000] {dag.py:3823} INFO - Setting next_dagrun for example_trigger_target_dag to None, run_after=None
[2025-07-10T02:07:41.886+0000] {processor.py:183} INFO - Processing /home/airflow/.local/lib/python3.8/site-packages/airflow/example_dags/example_trigger_target_dag.py took 0.064 seconds
[2025-07-10T02:08:13.047+0000] {processor.py:161} INFO - Started process (PID=611) to work on /home/airflow/.local/lib/python3.8/site-packages/airflow/example_dags/example_trigger_target_dag.py
[2025-07-10T02:08:13.048+0000] {processor.py:830} INFO - Processing file /home/airflow/.local/lib/python3.8/site-packages/airflow/example_dags/example_trigger_target_dag.py for tasks to queue
[2025-07-10T02:08:13.052+0000] {logging_mixin.py:188} INFO - [2025-07-10T02:08:13.052+0000] {dagbag.py:538} INFO - Filling up the DagBag from /home/airflow/.local/lib/python3.8/site-packages/airflow/example_dags/example_trigger_target_dag.py
[2025-07-10T02:08:13.059+0000] {processor.py:840} INFO - DAG(s) 'example_trigger_target_dag' retrieved from /home/airflow/.local/lib/python3.8/site-packages/airflow/example_dags/example_trigger_target_dag.py
[2025-07-10T02:08:13.086+0000] {logging_mixin.py:188} INFO - [2025-07-10T02:08:13.086+0000] {dag.py:3036} INFO - Sync 1 DAGs
[2025-07-10T02:08:13.099+0000] {logging_mixin.py:188} INFO - [2025-07-10T02:08:13.099+0000] {dag.py:3823} INFO - Setting next_dagrun for example_trigger_target_dag to None, run_after=None
[2025-07-10T02:08:13.123+0000] {processor.py:183} INFO - Processing /home/airflow/.local/lib/python3.8/site-packages/airflow/example_dags/example_trigger_target_dag.py took 0.079 seconds
[2025-07-10T02:08:44.099+0000] {processor.py:161} INFO - Started process (PID=667) to work on /home/airflow/.local/lib/python3.8/site-packages/airflow/example_dags/example_trigger_target_dag.py
[2025-07-10T02:08:44.101+0000] {processor.py:830} INFO - Processing file /home/airflow/.local/lib/python3.8/site-packages/airflow/example_dags/example_trigger_target_dag.py for tasks to queue
[2025-07-10T02:08:44.103+0000] {logging_mixin.py:188} INFO - [2025-07-10T02:08:44.103+0000] {dagbag.py:538} INFO - Filling up the DagBag from /home/airflow/.local/lib/python3.8/site-packages/airflow/example_dags/example_trigger_target_dag.py
[2025-07-10T02:08:44.110+0000] {processor.py:840} INFO - DAG(s) 'example_trigger_target_dag' retrieved from /home/airflow/.local/lib/python3.8/site-packages/airflow/example_dags/example_trigger_target_dag.py
[2025-07-10T02:08:44.132+0000] {logging_mixin.py:188} INFO - [2025-07-10T02:08:44.132+0000] {dag.py:3036} INFO - Sync 1 DAGs
[2025-07-10T02:08:44.144+0000] {logging_mixin.py:188} INFO - [2025-07-10T02:08:44.144+0000] {dag.py:3823} INFO - Setting next_dagrun for example_trigger_target_dag to None, run_after=None
[2025-07-10T02:08:44.169+0000] {processor.py:183} INFO - Processing /home/airflow/.local/lib/python3.8/site-packages/airflow/example_dags/example_trigger_target_dag.py took 0.074 seconds
[2025-07-10T02:09:48.605+0000] {processor.py:161} INFO - Started process (PID=101) to work on /home/airflow/.local/lib/python3.8/site-packages/airflow/example_dags/example_trigger_target_dag.py
[2025-07-10T02:09:48.608+0000] {processor.py:830} INFO - Processing file /home/airflow/.local/lib/python3.8/site-packages/airflow/example_dags/example_trigger_target_dag.py for tasks to queue
[2025-07-10T02:09:48.613+0000] {logging_mixin.py:188} INFO - [2025-07-10T02:09:48.613+0000] {dagbag.py:538} INFO - Filling up the DagBag from /home/airflow/.local/lib/python3.8/site-packages/airflow/example_dags/example_trigger_target_dag.py
[2025-07-10T02:09:48.633+0000] {processor.py:840} INFO - DAG(s) 'example_trigger_target_dag' retrieved from /home/airflow/.local/lib/python3.8/site-packages/airflow/example_dags/example_trigger_target_dag.py
[2025-07-10T02:09:48.670+0000] {logging_mixin.py:188} INFO - [2025-07-10T02:09:48.669+0000] {dag.py:3036} INFO - Sync 1 DAGs
[2025-07-10T02:09:48.732+0000] {logging_mixin.py:188} INFO - [2025-07-10T02:09:48.732+0000] {dag.py:3823} INFO - Setting next_dagrun for example_trigger_target_dag to None, run_after=None
[2025-07-10T02:09:48.788+0000] {processor.py:183} INFO - Processing /home/airflow/.local/lib/python3.8/site-packages/airflow/example_dags/example_trigger_target_dag.py took 0.192 seconds
[2025-07-10T02:10:20.304+0000] {processor.py:161} INFO - Started process (PID=157) to work on /home/airflow/.local/lib/python3.8/site-packages/airflow/example_dags/example_trigger_target_dag.py
[2025-07-10T02:10:20.306+0000] {processor.py:830} INFO - Processing file /home/airflow/.local/lib/python3.8/site-packages/airflow/example_dags/example_trigger_target_dag.py for tasks to queue
[2025-07-10T02:10:20.309+0000] {logging_mixin.py:188} INFO - [2025-07-10T02:10:20.308+0000] {dagbag.py:538} INFO - Filling up the DagBag from /home/airflow/.local/lib/python3.8/site-packages/airflow/example_dags/example_trigger_target_dag.py
[2025-07-10T02:10:20.316+0000] {processor.py:840} INFO - DAG(s) 'example_trigger_target_dag' retrieved from /home/airflow/.local/lib/python3.8/site-packages/airflow/example_dags/example_trigger_target_dag.py
[2025-07-10T02:10:20.405+0000] {logging_mixin.py:188} INFO - [2025-07-10T02:10:20.404+0000] {dag.py:3036} INFO - Sync 1 DAGs
[2025-07-10T02:10:20.414+0000] {logging_mixin.py:188} INFO - [2025-07-10T02:10:20.414+0000] {dag.py:3823} INFO - Setting next_dagrun for example_trigger_target_dag to None, run_after=None
[2025-07-10T02:10:20.439+0000] {processor.py:183} INFO - Processing /home/airflow/.local/lib/python3.8/site-packages/airflow/example_dags/example_trigger_target_dag.py took 0.140 seconds
[2025-07-10T02:10:51.979+0000] {processor.py:161} INFO - Started process (PID=213) to work on /home/airflow/.local/lib/python3.8/site-packages/airflow/example_dags/example_trigger_target_dag.py
[2025-07-10T02:10:51.980+0000] {processor.py:830} INFO - Processing file /home/airflow/.local/lib/python3.8/site-packages/airflow/example_dags/example_trigger_target_dag.py for tasks to queue
[2025-07-10T02:10:51.983+0000] {logging_mixin.py:188} INFO - [2025-07-10T02:10:51.982+0000] {dagbag.py:538} INFO - Filling up the DagBag from /home/airflow/.local/lib/python3.8/site-packages/airflow/example_dags/example_trigger_target_dag.py
[2025-07-10T02:10:51.989+0000] {processor.py:840} INFO - DAG(s) 'example_trigger_target_dag' retrieved from /home/airflow/.local/lib/python3.8/site-packages/airflow/example_dags/example_trigger_target_dag.py
[2025-07-10T02:10:52.008+0000] {logging_mixin.py:188} INFO - [2025-07-10T02:10:52.008+0000] {dag.py:3036} INFO - Sync 1 DAGs
[2025-07-10T02:10:52.019+0000] {logging_mixin.py:188} INFO - [2025-07-10T02:10:52.019+0000] {dag.py:3823} INFO - Setting next_dagrun for example_trigger_target_dag to None, run_after=None
[2025-07-10T02:10:52.042+0000] {processor.py:183} INFO - Processing /home/airflow/.local/lib/python3.8/site-packages/airflow/example_dags/example_trigger_target_dag.py took 0.066 seconds
[2025-07-10T02:11:22.469+0000] {processor.py:161} INFO - Started process (PID=269) to work on /home/airflow/.local/lib/python3.8/site-packages/airflow/example_dags/example_trigger_target_dag.py
[2025-07-10T02:11:22.472+0000] {processor.py:830} INFO - Processing file /home/airflow/.local/lib/python3.8/site-packages/airflow/example_dags/example_trigger_target_dag.py for tasks to queue
[2025-07-10T02:11:22.476+0000] {logging_mixin.py:188} INFO - [2025-07-10T02:11:22.475+0000] {dagbag.py:538} INFO - Filling up the DagBag from /home/airflow/.local/lib/python3.8/site-packages/airflow/example_dags/example_trigger_target_dag.py
[2025-07-10T02:11:22.484+0000] {processor.py:840} INFO - DAG(s) 'example_trigger_target_dag' retrieved from /home/airflow/.local/lib/python3.8/site-packages/airflow/example_dags/example_trigger_target_dag.py
[2025-07-10T02:11:22.510+0000] {logging_mixin.py:188} INFO - [2025-07-10T02:11:22.510+0000] {dag.py:3036} INFO - Sync 1 DAGs
[2025-07-10T02:11:22.522+0000] {logging_mixin.py:188} INFO - [2025-07-10T02:11:22.522+0000] {dag.py:3823} INFO - Setting next_dagrun for example_trigger_target_dag to None, run_after=None
[2025-07-10T02:11:22.549+0000] {processor.py:183} INFO - Processing /home/airflow/.local/lib/python3.8/site-packages/airflow/example_dags/example_trigger_target_dag.py took 0.086 seconds
[2025-07-10T02:11:52.874+0000] {processor.py:161} INFO - Started process (PID=325) to work on /home/airflow/.local/lib/python3.8/site-packages/airflow/example_dags/example_trigger_target_dag.py
[2025-07-10T02:11:52.876+0000] {processor.py:830} INFO - Processing file /home/airflow/.local/lib/python3.8/site-packages/airflow/example_dags/example_trigger_target_dag.py for tasks to queue
[2025-07-10T02:11:52.878+0000] {logging_mixin.py:188} INFO - [2025-07-10T02:11:52.878+0000] {dagbag.py:538} INFO - Filling up the DagBag from /home/airflow/.local/lib/python3.8/site-packages/airflow/example_dags/example_trigger_target_dag.py
[2025-07-10T02:11:52.884+0000] {processor.py:840} INFO - DAG(s) 'example_trigger_target_dag' retrieved from /home/airflow/.local/lib/python3.8/site-packages/airflow/example_dags/example_trigger_target_dag.py
[2025-07-10T02:11:52.907+0000] {logging_mixin.py:188} INFO - [2025-07-10T02:11:52.907+0000] {dag.py:3036} INFO - Sync 1 DAGs
[2025-07-10T02:11:52.920+0000] {logging_mixin.py:188} INFO - [2025-07-10T02:11:52.920+0000] {dag.py:3823} INFO - Setting next_dagrun for example_trigger_target_dag to None, run_after=None
[2025-07-10T02:11:52.945+0000] {processor.py:183} INFO - Processing /home/airflow/.local/lib/python3.8/site-packages/airflow/example_dags/example_trigger_target_dag.py took 0.074 seconds
[2025-07-10T02:14:09.146+0000] {processor.py:161} INFO - Started process (PID=106) to work on /home/airflow/.local/lib/python3.8/site-packages/airflow/example_dags/example_trigger_target_dag.py
[2025-07-10T02:14:09.148+0000] {processor.py:830} INFO - Processing file /home/airflow/.local/lib/python3.8/site-packages/airflow/example_dags/example_trigger_target_dag.py for tasks to queue
[2025-07-10T02:14:09.150+0000] {logging_mixin.py:188} INFO - [2025-07-10T02:14:09.150+0000] {dagbag.py:538} INFO - Filling up the DagBag from /home/airflow/.local/lib/python3.8/site-packages/airflow/example_dags/example_trigger_target_dag.py
[2025-07-10T02:14:09.161+0000] {processor.py:840} INFO - DAG(s) 'example_trigger_target_dag' retrieved from /home/airflow/.local/lib/python3.8/site-packages/airflow/example_dags/example_trigger_target_dag.py
[2025-07-10T02:14:09.279+0000] {logging_mixin.py:188} INFO - [2025-07-10T02:14:09.279+0000] {override.py:1769} INFO - Created Permission View: can delete on DAG:example_trigger_target_dag
[2025-07-10T02:14:09.294+0000] {logging_mixin.py:188} INFO - [2025-07-10T02:14:09.294+0000] {override.py:1769} INFO - Created Permission View: can read on DAG:example_trigger_target_dag
[2025-07-10T02:14:09.305+0000] {logging_mixin.py:188} INFO - [2025-07-10T02:14:09.305+0000] {override.py:1769} INFO - Created Permission View: can edit on DAG:example_trigger_target_dag
[2025-07-10T02:14:09.307+0000] {logging_mixin.py:188} INFO - [2025-07-10T02:14:09.306+0000] {dag.py:3036} INFO - Sync 1 DAGs
[2025-07-10T02:14:09.319+0000] {logging_mixin.py:188} INFO - [2025-07-10T02:14:09.319+0000] {dag.py:3058} INFO - Creating ORM DAG for example_trigger_target_dag
[2025-07-10T02:14:09.320+0000] {logging_mixin.py:188} INFO - [2025-07-10T02:14:09.320+0000] {dag.py:3823} INFO - Setting next_dagrun for example_trigger_target_dag to None, run_after=None
[2025-07-10T02:14:09.348+0000] {processor.py:183} INFO - Processing /home/airflow/.local/lib/python3.8/site-packages/airflow/example_dags/example_trigger_target_dag.py took 0.207 seconds
[2025-07-10T02:14:39.643+0000] {processor.py:161} INFO - Started process (PID=162) to work on /home/airflow/.local/lib/python3.8/site-packages/airflow/example_dags/example_trigger_target_dag.py
[2025-07-10T02:14:39.645+0000] {processor.py:830} INFO - Processing file /home/airflow/.local/lib/python3.8/site-packages/airflow/example_dags/example_trigger_target_dag.py for tasks to queue
[2025-07-10T02:14:39.648+0000] {logging_mixin.py:188} INFO - [2025-07-10T02:14:39.648+0000] {dagbag.py:538} INFO - Filling up the DagBag from /home/airflow/.local/lib/python3.8/site-packages/airflow/example_dags/example_trigger_target_dag.py
[2025-07-10T02:14:39.658+0000] {processor.py:840} INFO - DAG(s) 'example_trigger_target_dag' retrieved from /home/airflow/.local/lib/python3.8/site-packages/airflow/example_dags/example_trigger_target_dag.py
[2025-07-10T02:14:39.686+0000] {logging_mixin.py:188} INFO - [2025-07-10T02:14:39.686+0000] {dag.py:3036} INFO - Sync 1 DAGs
[2025-07-10T02:14:39.700+0000] {logging_mixin.py:188} INFO - [2025-07-10T02:14:39.699+0000] {dag.py:3823} INFO - Setting next_dagrun for example_trigger_target_dag to None, run_after=None
[2025-07-10T02:14:39.734+0000] {processor.py:183} INFO - Processing /home/airflow/.local/lib/python3.8/site-packages/airflow/example_dags/example_trigger_target_dag.py took 0.096 seconds
[2025-07-10T02:15:09.968+0000] {processor.py:161} INFO - Started process (PID=218) to work on /home/airflow/.local/lib/python3.8/site-packages/airflow/example_dags/example_trigger_target_dag.py
[2025-07-10T02:15:09.969+0000] {processor.py:830} INFO - Processing file /home/airflow/.local/lib/python3.8/site-packages/airflow/example_dags/example_trigger_target_dag.py for tasks to queue
[2025-07-10T02:15:09.971+0000] {logging_mixin.py:188} INFO - [2025-07-10T02:15:09.971+0000] {dagbag.py:538} INFO - Filling up the DagBag from /home/airflow/.local/lib/python3.8/site-packages/airflow/example_dags/example_trigger_target_dag.py
[2025-07-10T02:15:09.979+0000] {processor.py:840} INFO - DAG(s) 'example_trigger_target_dag' retrieved from /home/airflow/.local/lib/python3.8/site-packages/airflow/example_dags/example_trigger_target_dag.py
[2025-07-10T02:15:10.001+0000] {logging_mixin.py:188} INFO - [2025-07-10T02:15:10.001+0000] {dag.py:3036} INFO - Sync 1 DAGs
[2025-07-10T02:15:10.016+0000] {logging_mixin.py:188} INFO - [2025-07-10T02:15:10.016+0000] {dag.py:3823} INFO - Setting next_dagrun for example_trigger_target_dag to None, run_after=None
[2025-07-10T02:15:10.044+0000] {processor.py:183} INFO - Processing /home/airflow/.local/lib/python3.8/site-packages/airflow/example_dags/example_trigger_target_dag.py took 0.080 seconds
[2025-07-10T02:16:41.209+0000] {processor.py:161} INFO - Started process (PID=106) to work on /home/airflow/.local/lib/python3.8/site-packages/airflow/example_dags/example_trigger_target_dag.py
[2025-07-10T02:16:41.211+0000] {processor.py:830} INFO - Processing file /home/airflow/.local/lib/python3.8/site-packages/airflow/example_dags/example_trigger_target_dag.py for tasks to queue
[2025-07-10T02:16:41.214+0000] {logging_mixin.py:188} INFO - [2025-07-10T02:16:41.214+0000] {dagbag.py:538} INFO - Filling up the DagBag from /home/airflow/.local/lib/python3.8/site-packages/airflow/example_dags/example_trigger_target_dag.py
[2025-07-10T02:16:41.228+0000] {processor.py:840} INFO - DAG(s) 'example_trigger_target_dag' retrieved from /home/airflow/.local/lib/python3.8/site-packages/airflow/example_dags/example_trigger_target_dag.py
[2025-07-10T02:16:41.253+0000] {logging_mixin.py:188} INFO - [2025-07-10T02:16:41.252+0000] {dag.py:3036} INFO - Sync 1 DAGs
[2025-07-10T02:16:41.275+0000] {logging_mixin.py:188} INFO - [2025-07-10T02:16:41.274+0000] {dag.py:3823} INFO - Setting next_dagrun for example_trigger_target_dag to None, run_after=None
[2025-07-10T02:16:41.322+0000] {processor.py:183} INFO - Processing /home/airflow/.local/lib/python3.8/site-packages/airflow/example_dags/example_trigger_target_dag.py took 0.118 seconds
[2025-07-10T02:17:13.319+0000] {processor.py:161} INFO - Started process (PID=162) to work on /home/airflow/.local/lib/python3.8/site-packages/airflow/example_dags/example_trigger_target_dag.py
[2025-07-10T02:17:13.321+0000] {processor.py:830} INFO - Processing file /home/airflow/.local/lib/python3.8/site-packages/airflow/example_dags/example_trigger_target_dag.py for tasks to queue
[2025-07-10T02:17:13.324+0000] {logging_mixin.py:188} INFO - [2025-07-10T02:17:13.324+0000] {dagbag.py:538} INFO - Filling up the DagBag from /home/airflow/.local/lib/python3.8/site-packages/airflow/example_dags/example_trigger_target_dag.py
[2025-07-10T02:17:13.333+0000] {processor.py:840} INFO - DAG(s) 'example_trigger_target_dag' retrieved from /home/airflow/.local/lib/python3.8/site-packages/airflow/example_dags/example_trigger_target_dag.py
[2025-07-10T02:17:13.447+0000] {logging_mixin.py:188} INFO - [2025-07-10T02:17:13.447+0000] {dag.py:3036} INFO - Sync 1 DAGs
[2025-07-10T02:17:13.462+0000] {logging_mixin.py:188} INFO - [2025-07-10T02:17:13.462+0000] {dag.py:3823} INFO - Setting next_dagrun for example_trigger_target_dag to None, run_after=None
[2025-07-10T02:17:13.507+0000] {processor.py:183} INFO - Processing /home/airflow/.local/lib/python3.8/site-packages/airflow/example_dags/example_trigger_target_dag.py took 0.192 seconds
