[2025-07-10T00:00:06.711+0000] {processor.py:161} INFO - Started process (PID=714) to work on /home/airflow/.local/lib/python3.8/site-packages/airflow/example_dags/example_skip_dag.py
[2025-07-10T00:00:06.713+0000] {processor.py:830} INFO - Processing file /home/airflow/.local/lib/python3.8/site-packages/airflow/example_dags/example_skip_dag.py for tasks to queue
[2025-07-10T00:00:06.715+0000] {logging_mixin.py:188} INFO - [2025-07-10T00:00:06.715+0000] {dagbag.py:538} INFO - Filling up the DagBag from /home/airflow/.local/lib/python3.8/site-packages/airflow/example_dags/example_skip_dag.py
[2025-07-10T00:00:06.727+0000] {processor.py:840} INFO - DAG(s) 'example_skip_dag' retrieved from /home/airflow/.local/lib/python3.8/site-packages/airflow/example_dags/example_skip_dag.py
[2025-07-10T00:00:06.756+0000] {logging_mixin.py:188} INFO - [2025-07-10T00:00:06.756+0000] {dag.py:3036} INFO - Sync 1 DAGs
[2025-07-10T00:00:06.787+0000] {logging_mixin.py:188} INFO - [2025-07-10T00:00:06.787+0000] {dag.py:3823} INFO - Setting next_dagrun for example_skip_dag to 2025-07-09 00:00:00+00:00, run_after=2025-07-10 00:00:00+00:00
[2025-07-10T00:00:06.823+0000] {processor.py:183} INFO - Processing /home/airflow/.local/lib/python3.8/site-packages/airflow/example_dags/example_skip_dag.py took 0.118 seconds
[2025-07-10T00:01:37.291+0000] {processor.py:161} INFO - Started process (PID=88) to work on /home/airflow/.local/lib/python3.8/site-packages/airflow/example_dags/example_skip_dag.py
[2025-07-10T00:01:37.294+0000] {processor.py:830} INFO - Processing file /home/airflow/.local/lib/python3.8/site-packages/airflow/example_dags/example_skip_dag.py for tasks to queue
[2025-07-10T00:01:37.297+0000] {logging_mixin.py:188} INFO - [2025-07-10T00:01:37.297+0000] {dagbag.py:538} INFO - Filling up the DagBag from /home/airflow/.local/lib/python3.8/site-packages/airflow/example_dags/example_skip_dag.py
[2025-07-10T00:01:37.311+0000] {processor.py:840} INFO - DAG(s) 'example_skip_dag' retrieved from /home/airflow/.local/lib/python3.8/site-packages/airflow/example_dags/example_skip_dag.py
[2025-07-10T00:01:37.459+0000] {logging_mixin.py:188} INFO - [2025-07-10T00:01:37.459+0000] {dag.py:3036} INFO - Sync 1 DAGs
[2025-07-10T00:01:37.485+0000] {logging_mixin.py:188} INFO - [2025-07-10T00:01:37.485+0000] {dag.py:3823} INFO - Setting next_dagrun for example_skip_dag to 2025-07-09 00:00:00+00:00, run_after=2025-07-10 00:00:00+00:00
[2025-07-10T00:01:37.529+0000] {processor.py:183} INFO - Processing /home/airflow/.local/lib/python3.8/site-packages/airflow/example_dags/example_skip_dag.py took 0.244 seconds
[2025-07-10T00:02:07.935+0000] {processor.py:161} INFO - Started process (PID=144) to work on /home/airflow/.local/lib/python3.8/site-packages/airflow/example_dags/example_skip_dag.py
[2025-07-10T00:02:07.938+0000] {processor.py:830} INFO - Processing file /home/airflow/.local/lib/python3.8/site-packages/airflow/example_dags/example_skip_dag.py for tasks to queue
[2025-07-10T00:02:07.944+0000] {logging_mixin.py:188} INFO - [2025-07-10T00:02:07.944+0000] {dagbag.py:538} INFO - Filling up the DagBag from /home/airflow/.local/lib/python3.8/site-packages/airflow/example_dags/example_skip_dag.py
[2025-07-10T00:02:07.959+0000] {processor.py:840} INFO - DAG(s) 'example_skip_dag' retrieved from /home/airflow/.local/lib/python3.8/site-packages/airflow/example_dags/example_skip_dag.py
[2025-07-10T00:02:07.983+0000] {logging_mixin.py:188} INFO - [2025-07-10T00:02:07.983+0000] {dag.py:3036} INFO - Sync 1 DAGs
[2025-07-10T00:02:08.016+0000] {logging_mixin.py:188} INFO - [2025-07-10T00:02:08.015+0000] {dag.py:3823} INFO - Setting next_dagrun for example_skip_dag to 2025-07-09 00:00:00+00:00, run_after=2025-07-10 00:00:00+00:00
[2025-07-10T00:02:08.086+0000] {processor.py:183} INFO - Processing /home/airflow/.local/lib/python3.8/site-packages/airflow/example_dags/example_skip_dag.py took 0.157 seconds
[2025-07-10T00:02:39.196+0000] {processor.py:161} INFO - Started process (PID=200) to work on /home/airflow/.local/lib/python3.8/site-packages/airflow/example_dags/example_skip_dag.py
[2025-07-10T00:02:39.198+0000] {processor.py:830} INFO - Processing file /home/airflow/.local/lib/python3.8/site-packages/airflow/example_dags/example_skip_dag.py for tasks to queue
[2025-07-10T00:02:39.200+0000] {logging_mixin.py:188} INFO - [2025-07-10T00:02:39.200+0000] {dagbag.py:538} INFO - Filling up the DagBag from /home/airflow/.local/lib/python3.8/site-packages/airflow/example_dags/example_skip_dag.py
[2025-07-10T00:02:39.211+0000] {processor.py:840} INFO - DAG(s) 'example_skip_dag' retrieved from /home/airflow/.local/lib/python3.8/site-packages/airflow/example_dags/example_skip_dag.py
[2025-07-10T00:02:39.354+0000] {logging_mixin.py:188} INFO - [2025-07-10T00:02:39.353+0000] {dag.py:3036} INFO - Sync 1 DAGs
[2025-07-10T00:02:39.381+0000] {logging_mixin.py:188} INFO - [2025-07-10T00:02:39.380+0000] {dag.py:3823} INFO - Setting next_dagrun for example_skip_dag to 2025-07-09 00:00:00+00:00, run_after=2025-07-10 00:00:00+00:00
[2025-07-10T00:02:39.413+0000] {processor.py:183} INFO - Processing /home/airflow/.local/lib/python3.8/site-packages/airflow/example_dags/example_skip_dag.py took 0.222 seconds
[2025-07-10T00:03:10.196+0000] {processor.py:161} INFO - Started process (PID=256) to work on /home/airflow/.local/lib/python3.8/site-packages/airflow/example_dags/example_skip_dag.py
[2025-07-10T00:03:10.198+0000] {processor.py:830} INFO - Processing file /home/airflow/.local/lib/python3.8/site-packages/airflow/example_dags/example_skip_dag.py for tasks to queue
[2025-07-10T00:03:10.201+0000] {logging_mixin.py:188} INFO - [2025-07-10T00:03:10.201+0000] {dagbag.py:538} INFO - Filling up the DagBag from /home/airflow/.local/lib/python3.8/site-packages/airflow/example_dags/example_skip_dag.py
[2025-07-10T00:03:10.210+0000] {processor.py:840} INFO - DAG(s) 'example_skip_dag' retrieved from /home/airflow/.local/lib/python3.8/site-packages/airflow/example_dags/example_skip_dag.py
[2025-07-10T00:03:10.244+0000] {logging_mixin.py:188} INFO - [2025-07-10T00:03:10.244+0000] {dag.py:3036} INFO - Sync 1 DAGs
[2025-07-10T00:03:10.274+0000] {logging_mixin.py:188} INFO - [2025-07-10T00:03:10.274+0000] {dag.py:3823} INFO - Setting next_dagrun for example_skip_dag to 2025-07-09 00:00:00+00:00, run_after=2025-07-10 00:00:00+00:00
[2025-07-10T00:03:10.305+0000] {processor.py:183} INFO - Processing /home/airflow/.local/lib/python3.8/site-packages/airflow/example_dags/example_skip_dag.py took 0.113 seconds
[2025-07-10T00:03:41.043+0000] {processor.py:161} INFO - Started process (PID=312) to work on /home/airflow/.local/lib/python3.8/site-packages/airflow/example_dags/example_skip_dag.py
[2025-07-10T00:03:41.045+0000] {processor.py:830} INFO - Processing file /home/airflow/.local/lib/python3.8/site-packages/airflow/example_dags/example_skip_dag.py for tasks to queue
[2025-07-10T00:03:41.049+0000] {logging_mixin.py:188} INFO - [2025-07-10T00:03:41.048+0000] {dagbag.py:538} INFO - Filling up the DagBag from /home/airflow/.local/lib/python3.8/site-packages/airflow/example_dags/example_skip_dag.py
[2025-07-10T00:03:41.062+0000] {processor.py:840} INFO - DAG(s) 'example_skip_dag' retrieved from /home/airflow/.local/lib/python3.8/site-packages/airflow/example_dags/example_skip_dag.py
[2025-07-10T00:03:41.098+0000] {logging_mixin.py:188} INFO - [2025-07-10T00:03:41.098+0000] {dag.py:3036} INFO - Sync 1 DAGs
[2025-07-10T00:03:41.139+0000] {logging_mixin.py:188} INFO - [2025-07-10T00:03:41.138+0000] {dag.py:3823} INFO - Setting next_dagrun for example_skip_dag to 2025-07-09 00:00:00+00:00, run_after=2025-07-10 00:00:00+00:00
[2025-07-10T00:03:41.180+0000] {processor.py:183} INFO - Processing /home/airflow/.local/lib/python3.8/site-packages/airflow/example_dags/example_skip_dag.py took 0.142 seconds
[2025-07-10T00:04:11.497+0000] {processor.py:161} INFO - Started process (PID=368) to work on /home/airflow/.local/lib/python3.8/site-packages/airflow/example_dags/example_skip_dag.py
[2025-07-10T00:04:11.503+0000] {processor.py:830} INFO - Processing file /home/airflow/.local/lib/python3.8/site-packages/airflow/example_dags/example_skip_dag.py for tasks to queue
[2025-07-10T00:04:11.507+0000] {logging_mixin.py:188} INFO - [2025-07-10T00:04:11.506+0000] {dagbag.py:538} INFO - Filling up the DagBag from /home/airflow/.local/lib/python3.8/site-packages/airflow/example_dags/example_skip_dag.py
[2025-07-10T00:04:11.531+0000] {processor.py:840} INFO - DAG(s) 'example_skip_dag' retrieved from /home/airflow/.local/lib/python3.8/site-packages/airflow/example_dags/example_skip_dag.py
[2025-07-10T00:04:11.590+0000] {logging_mixin.py:188} INFO - [2025-07-10T00:04:11.589+0000] {dag.py:3036} INFO - Sync 1 DAGs
[2025-07-10T00:04:11.641+0000] {logging_mixin.py:188} INFO - [2025-07-10T00:04:11.640+0000] {dag.py:3823} INFO - Setting next_dagrun for example_skip_dag to 2025-07-09 00:00:00+00:00, run_after=2025-07-10 00:00:00+00:00
[2025-07-10T00:04:11.675+0000] {processor.py:183} INFO - Processing /home/airflow/.local/lib/python3.8/site-packages/airflow/example_dags/example_skip_dag.py took 0.185 seconds
[2025-07-10T02:03:31.733+0000] {processor.py:161} INFO - Started process (PID=82) to work on /home/airflow/.local/lib/python3.8/site-packages/airflow/example_dags/example_skip_dag.py
[2025-07-10T02:03:31.735+0000] {processor.py:830} INFO - Processing file /home/airflow/.local/lib/python3.8/site-packages/airflow/example_dags/example_skip_dag.py for tasks to queue
[2025-07-10T02:03:31.737+0000] {logging_mixin.py:188} INFO - [2025-07-10T02:03:31.737+0000] {dagbag.py:538} INFO - Filling up the DagBag from /home/airflow/.local/lib/python3.8/site-packages/airflow/example_dags/example_skip_dag.py
[2025-07-10T02:03:31.747+0000] {processor.py:840} INFO - DAG(s) 'example_skip_dag' retrieved from /home/airflow/.local/lib/python3.8/site-packages/airflow/example_dags/example_skip_dag.py
[2025-07-10T02:03:31.779+0000] {logging_mixin.py:188} INFO - [2025-07-10T02:03:31.778+0000] {dag.py:3036} INFO - Sync 1 DAGs
[2025-07-10T02:03:31.805+0000] {logging_mixin.py:188} INFO - [2025-07-10T02:03:31.804+0000] {dag.py:3823} INFO - Setting next_dagrun for example_skip_dag to 2025-07-09 00:00:00+00:00, run_after=2025-07-10 00:00:00+00:00
[2025-07-10T02:03:31.829+0000] {processor.py:183} INFO - Processing /home/airflow/.local/lib/python3.8/site-packages/airflow/example_dags/example_skip_dag.py took 0.100 seconds
[2025-07-10T02:04:02.812+0000] {processor.py:161} INFO - Started process (PID=138) to work on /home/airflow/.local/lib/python3.8/site-packages/airflow/example_dags/example_skip_dag.py
[2025-07-10T02:04:02.814+0000] {processor.py:830} INFO - Processing file /home/airflow/.local/lib/python3.8/site-packages/airflow/example_dags/example_skip_dag.py for tasks to queue
[2025-07-10T02:04:02.817+0000] {logging_mixin.py:188} INFO - [2025-07-10T02:04:02.816+0000] {dagbag.py:538} INFO - Filling up the DagBag from /home/airflow/.local/lib/python3.8/site-packages/airflow/example_dags/example_skip_dag.py
[2025-07-10T02:04:02.824+0000] {processor.py:840} INFO - DAG(s) 'example_skip_dag' retrieved from /home/airflow/.local/lib/python3.8/site-packages/airflow/example_dags/example_skip_dag.py
[2025-07-10T02:04:02.848+0000] {logging_mixin.py:188} INFO - [2025-07-10T02:04:02.848+0000] {dag.py:3036} INFO - Sync 1 DAGs
[2025-07-10T02:04:02.868+0000] {logging_mixin.py:188} INFO - [2025-07-10T02:04:02.868+0000] {dag.py:3823} INFO - Setting next_dagrun for example_skip_dag to 2025-07-09 00:00:00+00:00, run_after=2025-07-10 00:00:00+00:00
[2025-07-10T02:04:02.893+0000] {processor.py:183} INFO - Processing /home/airflow/.local/lib/python3.8/site-packages/airflow/example_dags/example_skip_dag.py took 0.084 seconds
[2025-07-10T02:04:33.503+0000] {processor.py:161} INFO - Started process (PID=194) to work on /home/airflow/.local/lib/python3.8/site-packages/airflow/example_dags/example_skip_dag.py
[2025-07-10T02:04:33.505+0000] {processor.py:830} INFO - Processing file /home/airflow/.local/lib/python3.8/site-packages/airflow/example_dags/example_skip_dag.py for tasks to queue
[2025-07-10T02:04:33.510+0000] {logging_mixin.py:188} INFO - [2025-07-10T02:04:33.509+0000] {dagbag.py:538} INFO - Filling up the DagBag from /home/airflow/.local/lib/python3.8/site-packages/airflow/example_dags/example_skip_dag.py
[2025-07-10T02:04:33.521+0000] {processor.py:840} INFO - DAG(s) 'example_skip_dag' retrieved from /home/airflow/.local/lib/python3.8/site-packages/airflow/example_dags/example_skip_dag.py
[2025-07-10T02:04:33.553+0000] {logging_mixin.py:188} INFO - [2025-07-10T02:04:33.553+0000] {dag.py:3036} INFO - Sync 1 DAGs
[2025-07-10T02:04:33.574+0000] {logging_mixin.py:188} INFO - [2025-07-10T02:04:33.574+0000] {dag.py:3823} INFO - Setting next_dagrun for example_skip_dag to 2025-07-09 00:00:00+00:00, run_after=2025-07-10 00:00:00+00:00
[2025-07-10T02:04:33.609+0000] {processor.py:183} INFO - Processing /home/airflow/.local/lib/python3.8/site-packages/airflow/example_dags/example_skip_dag.py took 0.113 seconds
[2025-07-10T02:05:04.406+0000] {processor.py:161} INFO - Started process (PID=249) to work on /home/airflow/.local/lib/python3.8/site-packages/airflow/example_dags/example_skip_dag.py
[2025-07-10T02:05:04.408+0000] {processor.py:830} INFO - Processing file /home/airflow/.local/lib/python3.8/site-packages/airflow/example_dags/example_skip_dag.py for tasks to queue
[2025-07-10T02:05:04.411+0000] {logging_mixin.py:188} INFO - [2025-07-10T02:05:04.410+0000] {dagbag.py:538} INFO - Filling up the DagBag from /home/airflow/.local/lib/python3.8/site-packages/airflow/example_dags/example_skip_dag.py
[2025-07-10T02:05:04.421+0000] {processor.py:840} INFO - DAG(s) 'example_skip_dag' retrieved from /home/airflow/.local/lib/python3.8/site-packages/airflow/example_dags/example_skip_dag.py
[2025-07-10T02:05:04.450+0000] {logging_mixin.py:188} INFO - [2025-07-10T02:05:04.450+0000] {dag.py:3036} INFO - Sync 1 DAGs
[2025-07-10T02:05:04.480+0000] {logging_mixin.py:188} INFO - [2025-07-10T02:05:04.480+0000] {dag.py:3823} INFO - Setting next_dagrun for example_skip_dag to 2025-07-09 00:00:00+00:00, run_after=2025-07-10 00:00:00+00:00
[2025-07-10T02:05:04.510+0000] {processor.py:183} INFO - Processing /home/airflow/.local/lib/python3.8/site-packages/airflow/example_dags/example_skip_dag.py took 0.109 seconds
[2025-07-10T02:05:34.731+0000] {processor.py:161} INFO - Started process (PID=305) to work on /home/airflow/.local/lib/python3.8/site-packages/airflow/example_dags/example_skip_dag.py
[2025-07-10T02:05:34.732+0000] {processor.py:830} INFO - Processing file /home/airflow/.local/lib/python3.8/site-packages/airflow/example_dags/example_skip_dag.py for tasks to queue
[2025-07-10T02:05:34.735+0000] {logging_mixin.py:188} INFO - [2025-07-10T02:05:34.735+0000] {dagbag.py:538} INFO - Filling up the DagBag from /home/airflow/.local/lib/python3.8/site-packages/airflow/example_dags/example_skip_dag.py
[2025-07-10T02:05:34.743+0000] {processor.py:840} INFO - DAG(s) 'example_skip_dag' retrieved from /home/airflow/.local/lib/python3.8/site-packages/airflow/example_dags/example_skip_dag.py
[2025-07-10T02:05:34.760+0000] {logging_mixin.py:188} INFO - [2025-07-10T02:05:34.760+0000] {dag.py:3036} INFO - Sync 1 DAGs
[2025-07-10T02:05:34.788+0000] {logging_mixin.py:188} INFO - [2025-07-10T02:05:34.787+0000] {dag.py:3823} INFO - Setting next_dagrun for example_skip_dag to 2025-07-09 00:00:00+00:00, run_after=2025-07-10 00:00:00+00:00
[2025-07-10T02:05:34.813+0000] {processor.py:183} INFO - Processing /home/airflow/.local/lib/python3.8/site-packages/airflow/example_dags/example_skip_dag.py took 0.086 seconds
[2025-07-10T02:06:05.324+0000] {processor.py:161} INFO - Started process (PID=361) to work on /home/airflow/.local/lib/python3.8/site-packages/airflow/example_dags/example_skip_dag.py
[2025-07-10T02:06:05.326+0000] {processor.py:830} INFO - Processing file /home/airflow/.local/lib/python3.8/site-packages/airflow/example_dags/example_skip_dag.py for tasks to queue
[2025-07-10T02:06:05.329+0000] {logging_mixin.py:188} INFO - [2025-07-10T02:06:05.328+0000] {dagbag.py:538} INFO - Filling up the DagBag from /home/airflow/.local/lib/python3.8/site-packages/airflow/example_dags/example_skip_dag.py
[2025-07-10T02:06:05.337+0000] {processor.py:840} INFO - DAG(s) 'example_skip_dag' retrieved from /home/airflow/.local/lib/python3.8/site-packages/airflow/example_dags/example_skip_dag.py
[2025-07-10T02:06:05.432+0000] {logging_mixin.py:188} INFO - [2025-07-10T02:06:05.432+0000] {dag.py:3036} INFO - Sync 1 DAGs
[2025-07-10T02:06:05.452+0000] {logging_mixin.py:188} INFO - [2025-07-10T02:06:05.452+0000] {dag.py:3823} INFO - Setting next_dagrun for example_skip_dag to 2025-07-09 00:00:00+00:00, run_after=2025-07-10 00:00:00+00:00
[2025-07-10T02:06:05.480+0000] {processor.py:183} INFO - Processing /home/airflow/.local/lib/python3.8/site-packages/airflow/example_dags/example_skip_dag.py took 0.164 seconds
[2025-07-10T02:06:35.877+0000] {processor.py:161} INFO - Started process (PID=417) to work on /home/airflow/.local/lib/python3.8/site-packages/airflow/example_dags/example_skip_dag.py
[2025-07-10T02:06:35.880+0000] {processor.py:830} INFO - Processing file /home/airflow/.local/lib/python3.8/site-packages/airflow/example_dags/example_skip_dag.py for tasks to queue
[2025-07-10T02:06:35.883+0000] {logging_mixin.py:188} INFO - [2025-07-10T02:06:35.883+0000] {dagbag.py:538} INFO - Filling up the DagBag from /home/airflow/.local/lib/python3.8/site-packages/airflow/example_dags/example_skip_dag.py
[2025-07-10T02:06:35.890+0000] {processor.py:840} INFO - DAG(s) 'example_skip_dag' retrieved from /home/airflow/.local/lib/python3.8/site-packages/airflow/example_dags/example_skip_dag.py
[2025-07-10T02:06:35.917+0000] {logging_mixin.py:188} INFO - [2025-07-10T02:06:35.916+0000] {dag.py:3036} INFO - Sync 1 DAGs
[2025-07-10T02:06:35.939+0000] {logging_mixin.py:188} INFO - [2025-07-10T02:06:35.939+0000] {dag.py:3823} INFO - Setting next_dagrun for example_skip_dag to 2025-07-09 00:00:00+00:00, run_after=2025-07-10 00:00:00+00:00
[2025-07-10T02:06:35.960+0000] {processor.py:183} INFO - Processing /home/airflow/.local/lib/python3.8/site-packages/airflow/example_dags/example_skip_dag.py took 0.088 seconds
[2025-07-10T02:07:06.265+0000] {processor.py:161} INFO - Started process (PID=473) to work on /home/airflow/.local/lib/python3.8/site-packages/airflow/example_dags/example_skip_dag.py
[2025-07-10T02:07:06.267+0000] {processor.py:830} INFO - Processing file /home/airflow/.local/lib/python3.8/site-packages/airflow/example_dags/example_skip_dag.py for tasks to queue
[2025-07-10T02:07:06.269+0000] {logging_mixin.py:188} INFO - [2025-07-10T02:07:06.269+0000] {dagbag.py:538} INFO - Filling up the DagBag from /home/airflow/.local/lib/python3.8/site-packages/airflow/example_dags/example_skip_dag.py
[2025-07-10T02:07:06.276+0000] {processor.py:840} INFO - DAG(s) 'example_skip_dag' retrieved from /home/airflow/.local/lib/python3.8/site-packages/airflow/example_dags/example_skip_dag.py
[2025-07-10T02:07:06.298+0000] {logging_mixin.py:188} INFO - [2025-07-10T02:07:06.298+0000] {dag.py:3036} INFO - Sync 1 DAGs
[2025-07-10T02:07:06.322+0000] {logging_mixin.py:188} INFO - [2025-07-10T02:07:06.322+0000] {dag.py:3823} INFO - Setting next_dagrun for example_skip_dag to 2025-07-09 00:00:00+00:00, run_after=2025-07-10 00:00:00+00:00
[2025-07-10T02:07:06.351+0000] {processor.py:183} INFO - Processing /home/airflow/.local/lib/python3.8/site-packages/airflow/example_dags/example_skip_dag.py took 0.089 seconds
[2025-07-10T02:07:36.758+0000] {processor.py:161} INFO - Started process (PID=529) to work on /home/airflow/.local/lib/python3.8/site-packages/airflow/example_dags/example_skip_dag.py
[2025-07-10T02:07:36.760+0000] {processor.py:830} INFO - Processing file /home/airflow/.local/lib/python3.8/site-packages/airflow/example_dags/example_skip_dag.py for tasks to queue
[2025-07-10T02:07:36.762+0000] {logging_mixin.py:188} INFO - [2025-07-10T02:07:36.762+0000] {dagbag.py:538} INFO - Filling up the DagBag from /home/airflow/.local/lib/python3.8/site-packages/airflow/example_dags/example_skip_dag.py
[2025-07-10T02:07:36.770+0000] {processor.py:840} INFO - DAG(s) 'example_skip_dag' retrieved from /home/airflow/.local/lib/python3.8/site-packages/airflow/example_dags/example_skip_dag.py
[2025-07-10T02:07:36.795+0000] {logging_mixin.py:188} INFO - [2025-07-10T02:07:36.795+0000] {dag.py:3036} INFO - Sync 1 DAGs
[2025-07-10T02:07:36.819+0000] {logging_mixin.py:188} INFO - [2025-07-10T02:07:36.819+0000] {dag.py:3823} INFO - Setting next_dagrun for example_skip_dag to 2025-07-09 00:00:00+00:00, run_after=2025-07-10 00:00:00+00:00
[2025-07-10T02:07:36.848+0000] {processor.py:183} INFO - Processing /home/airflow/.local/lib/python3.8/site-packages/airflow/example_dags/example_skip_dag.py took 0.094 seconds
[2025-07-10T02:08:07.122+0000] {processor.py:161} INFO - Started process (PID=585) to work on /home/airflow/.local/lib/python3.8/site-packages/airflow/example_dags/example_skip_dag.py
[2025-07-10T02:08:07.123+0000] {processor.py:830} INFO - Processing file /home/airflow/.local/lib/python3.8/site-packages/airflow/example_dags/example_skip_dag.py for tasks to queue
[2025-07-10T02:08:07.126+0000] {logging_mixin.py:188} INFO - [2025-07-10T02:08:07.126+0000] {dagbag.py:538} INFO - Filling up the DagBag from /home/airflow/.local/lib/python3.8/site-packages/airflow/example_dags/example_skip_dag.py
[2025-07-10T02:08:07.133+0000] {processor.py:840} INFO - DAG(s) 'example_skip_dag' retrieved from /home/airflow/.local/lib/python3.8/site-packages/airflow/example_dags/example_skip_dag.py
[2025-07-10T02:08:07.160+0000] {logging_mixin.py:188} INFO - [2025-07-10T02:08:07.159+0000] {dag.py:3036} INFO - Sync 1 DAGs
[2025-07-10T02:08:07.181+0000] {logging_mixin.py:188} INFO - [2025-07-10T02:08:07.181+0000] {dag.py:3823} INFO - Setting next_dagrun for example_skip_dag to 2025-07-09 00:00:00+00:00, run_after=2025-07-10 00:00:00+00:00
[2025-07-10T02:08:07.204+0000] {processor.py:183} INFO - Processing /home/airflow/.local/lib/python3.8/site-packages/airflow/example_dags/example_skip_dag.py took 0.086 seconds
[2025-07-10T02:08:37.497+0000] {processor.py:161} INFO - Started process (PID=640) to work on /home/airflow/.local/lib/python3.8/site-packages/airflow/example_dags/example_skip_dag.py
[2025-07-10T02:08:37.499+0000] {processor.py:830} INFO - Processing file /home/airflow/.local/lib/python3.8/site-packages/airflow/example_dags/example_skip_dag.py for tasks to queue
[2025-07-10T02:08:37.504+0000] {logging_mixin.py:188} INFO - [2025-07-10T02:08:37.503+0000] {dagbag.py:538} INFO - Filling up the DagBag from /home/airflow/.local/lib/python3.8/site-packages/airflow/example_dags/example_skip_dag.py
[2025-07-10T02:08:37.516+0000] {processor.py:840} INFO - DAG(s) 'example_skip_dag' retrieved from /home/airflow/.local/lib/python3.8/site-packages/airflow/example_dags/example_skip_dag.py
[2025-07-10T02:08:37.552+0000] {logging_mixin.py:188} INFO - [2025-07-10T02:08:37.552+0000] {dag.py:3036} INFO - Sync 1 DAGs
[2025-07-10T02:08:37.577+0000] {logging_mixin.py:188} INFO - [2025-07-10T02:08:37.577+0000] {dag.py:3823} INFO - Setting next_dagrun for example_skip_dag to 2025-07-09 00:00:00+00:00, run_after=2025-07-10 00:00:00+00:00
[2025-07-10T02:08:37.620+0000] {processor.py:183} INFO - Processing /home/airflow/.local/lib/python3.8/site-packages/airflow/example_dags/example_skip_dag.py took 0.130 seconds
[2025-07-10T02:09:46.397+0000] {processor.py:161} INFO - Started process (PID=70) to work on /home/airflow/.local/lib/python3.8/site-packages/airflow/example_dags/example_skip_dag.py
[2025-07-10T02:09:46.398+0000] {processor.py:830} INFO - Processing file /home/airflow/.local/lib/python3.8/site-packages/airflow/example_dags/example_skip_dag.py for tasks to queue
[2025-07-10T02:09:46.401+0000] {logging_mixin.py:188} INFO - [2025-07-10T02:09:46.401+0000] {dagbag.py:538} INFO - Filling up the DagBag from /home/airflow/.local/lib/python3.8/site-packages/airflow/example_dags/example_skip_dag.py
[2025-07-10T02:09:46.412+0000] {processor.py:840} INFO - DAG(s) 'example_skip_dag' retrieved from /home/airflow/.local/lib/python3.8/site-packages/airflow/example_dags/example_skip_dag.py
[2025-07-10T02:09:46.427+0000] {logging_mixin.py:188} INFO - [2025-07-10T02:09:46.427+0000] {dag.py:3036} INFO - Sync 1 DAGs
[2025-07-10T02:09:46.448+0000] {logging_mixin.py:188} INFO - [2025-07-10T02:09:46.448+0000] {dag.py:3823} INFO - Setting next_dagrun for example_skip_dag to 2025-07-09 00:00:00+00:00, run_after=2025-07-10 00:00:00+00:00
[2025-07-10T02:09:46.478+0000] {processor.py:183} INFO - Processing /home/airflow/.local/lib/python3.8/site-packages/airflow/example_dags/example_skip_dag.py took 0.085 seconds
[2025-07-10T02:10:17.477+0000] {processor.py:161} INFO - Started process (PID=132) to work on /home/airflow/.local/lib/python3.8/site-packages/airflow/example_dags/example_skip_dag.py
[2025-07-10T02:10:17.479+0000] {processor.py:830} INFO - Processing file /home/airflow/.local/lib/python3.8/site-packages/airflow/example_dags/example_skip_dag.py for tasks to queue
[2025-07-10T02:10:17.482+0000] {logging_mixin.py:188} INFO - [2025-07-10T02:10:17.482+0000] {dagbag.py:538} INFO - Filling up the DagBag from /home/airflow/.local/lib/python3.8/site-packages/airflow/example_dags/example_skip_dag.py
[2025-07-10T02:10:17.489+0000] {processor.py:840} INFO - DAG(s) 'example_skip_dag' retrieved from /home/airflow/.local/lib/python3.8/site-packages/airflow/example_dags/example_skip_dag.py
[2025-07-10T02:10:17.578+0000] {logging_mixin.py:188} INFO - [2025-07-10T02:10:17.577+0000] {dag.py:3036} INFO - Sync 1 DAGs
[2025-07-10T02:10:17.597+0000] {logging_mixin.py:188} INFO - [2025-07-10T02:10:17.597+0000] {dag.py:3823} INFO - Setting next_dagrun for example_skip_dag to 2025-07-09 00:00:00+00:00, run_after=2025-07-10 00:00:00+00:00
[2025-07-10T02:10:17.623+0000] {processor.py:183} INFO - Processing /home/airflow/.local/lib/python3.8/site-packages/airflow/example_dags/example_skip_dag.py took 0.149 seconds
[2025-07-10T02:10:49.378+0000] {processor.py:161} INFO - Started process (PID=188) to work on /home/airflow/.local/lib/python3.8/site-packages/airflow/example_dags/example_skip_dag.py
[2025-07-10T02:10:49.381+0000] {processor.py:830} INFO - Processing file /home/airflow/.local/lib/python3.8/site-packages/airflow/example_dags/example_skip_dag.py for tasks to queue
[2025-07-10T02:10:49.386+0000] {logging_mixin.py:188} INFO - [2025-07-10T02:10:49.385+0000] {dagbag.py:538} INFO - Filling up the DagBag from /home/airflow/.local/lib/python3.8/site-packages/airflow/example_dags/example_skip_dag.py
[2025-07-10T02:10:49.397+0000] {processor.py:840} INFO - DAG(s) 'example_skip_dag' retrieved from /home/airflow/.local/lib/python3.8/site-packages/airflow/example_dags/example_skip_dag.py
[2025-07-10T02:10:49.435+0000] {logging_mixin.py:188} INFO - [2025-07-10T02:10:49.435+0000] {dag.py:3036} INFO - Sync 1 DAGs
[2025-07-10T02:10:49.470+0000] {logging_mixin.py:188} INFO - [2025-07-10T02:10:49.470+0000] {dag.py:3823} INFO - Setting next_dagrun for example_skip_dag to 2025-07-09 00:00:00+00:00, run_after=2025-07-10 00:00:00+00:00
[2025-07-10T02:10:49.508+0000] {processor.py:183} INFO - Processing /home/airflow/.local/lib/python3.8/site-packages/airflow/example_dags/example_skip_dag.py took 0.142 seconds
[2025-07-10T02:11:19.987+0000] {processor.py:161} INFO - Started process (PID=245) to work on /home/airflow/.local/lib/python3.8/site-packages/airflow/example_dags/example_skip_dag.py
[2025-07-10T02:11:19.989+0000] {processor.py:830} INFO - Processing file /home/airflow/.local/lib/python3.8/site-packages/airflow/example_dags/example_skip_dag.py for tasks to queue
[2025-07-10T02:11:19.991+0000] {logging_mixin.py:188} INFO - [2025-07-10T02:11:19.991+0000] {dagbag.py:538} INFO - Filling up the DagBag from /home/airflow/.local/lib/python3.8/site-packages/airflow/example_dags/example_skip_dag.py
[2025-07-10T02:11:19.998+0000] {processor.py:840} INFO - DAG(s) 'example_skip_dag' retrieved from /home/airflow/.local/lib/python3.8/site-packages/airflow/example_dags/example_skip_dag.py
[2025-07-10T02:11:20.021+0000] {logging_mixin.py:188} INFO - [2025-07-10T02:11:20.020+0000] {dag.py:3036} INFO - Sync 1 DAGs
[2025-07-10T02:11:20.042+0000] {logging_mixin.py:188} INFO - [2025-07-10T02:11:20.042+0000] {dag.py:3823} INFO - Setting next_dagrun for example_skip_dag to 2025-07-09 00:00:00+00:00, run_after=2025-07-10 00:00:00+00:00
[2025-07-10T02:11:20.068+0000] {processor.py:183} INFO - Processing /home/airflow/.local/lib/python3.8/site-packages/airflow/example_dags/example_skip_dag.py took 0.085 seconds
[2025-07-10T02:11:50.826+0000] {processor.py:161} INFO - Started process (PID=300) to work on /home/airflow/.local/lib/python3.8/site-packages/airflow/example_dags/example_skip_dag.py
[2025-07-10T02:11:50.828+0000] {processor.py:830} INFO - Processing file /home/airflow/.local/lib/python3.8/site-packages/airflow/example_dags/example_skip_dag.py for tasks to queue
[2025-07-10T02:11:50.832+0000] {logging_mixin.py:188} INFO - [2025-07-10T02:11:50.832+0000] {dagbag.py:538} INFO - Filling up the DagBag from /home/airflow/.local/lib/python3.8/site-packages/airflow/example_dags/example_skip_dag.py
[2025-07-10T02:11:50.840+0000] {processor.py:840} INFO - DAG(s) 'example_skip_dag' retrieved from /home/airflow/.local/lib/python3.8/site-packages/airflow/example_dags/example_skip_dag.py
[2025-07-10T02:11:50.872+0000] {logging_mixin.py:188} INFO - [2025-07-10T02:11:50.872+0000] {dag.py:3036} INFO - Sync 1 DAGs
[2025-07-10T02:11:50.897+0000] {logging_mixin.py:188} INFO - [2025-07-10T02:11:50.897+0000] {dag.py:3823} INFO - Setting next_dagrun for example_skip_dag to 2025-07-09 00:00:00+00:00, run_after=2025-07-10 00:00:00+00:00
[2025-07-10T02:11:50.922+0000] {processor.py:183} INFO - Processing /home/airflow/.local/lib/python3.8/site-packages/airflow/example_dags/example_skip_dag.py took 0.100 seconds
[2025-07-10T02:14:05.498+0000] {processor.py:161} INFO - Started process (PID=81) to work on /home/airflow/.local/lib/python3.8/site-packages/airflow/example_dags/example_skip_dag.py
[2025-07-10T02:14:05.500+0000] {processor.py:830} INFO - Processing file /home/airflow/.local/lib/python3.8/site-packages/airflow/example_dags/example_skip_dag.py for tasks to queue
[2025-07-10T02:14:05.503+0000] {logging_mixin.py:188} INFO - [2025-07-10T02:14:05.503+0000] {dagbag.py:538} INFO - Filling up the DagBag from /home/airflow/.local/lib/python3.8/site-packages/airflow/example_dags/example_skip_dag.py
[2025-07-10T02:14:05.520+0000] {processor.py:840} INFO - DAG(s) 'example_skip_dag' retrieved from /home/airflow/.local/lib/python3.8/site-packages/airflow/example_dags/example_skip_dag.py
[2025-07-10T02:14:05.658+0000] {logging_mixin.py:188} INFO - [2025-07-10T02:14:05.658+0000] {override.py:1769} INFO - Created Permission View: can delete on DAG:example_skip_dag
[2025-07-10T02:14:05.680+0000] {logging_mixin.py:188} INFO - [2025-07-10T02:14:05.679+0000] {override.py:1769} INFO - Created Permission View: can read on DAG:example_skip_dag
[2025-07-10T02:14:05.694+0000] {logging_mixin.py:188} INFO - [2025-07-10T02:14:05.694+0000] {override.py:1769} INFO - Created Permission View: can edit on DAG:example_skip_dag
[2025-07-10T02:14:05.695+0000] {logging_mixin.py:188} INFO - [2025-07-10T02:14:05.695+0000] {dag.py:3036} INFO - Sync 1 DAGs
[2025-07-10T02:14:05.712+0000] {logging_mixin.py:188} INFO - [2025-07-10T02:14:05.711+0000] {dag.py:3058} INFO - Creating ORM DAG for example_skip_dag
[2025-07-10T02:14:05.725+0000] {logging_mixin.py:188} INFO - [2025-07-10T02:14:05.724+0000] {dag.py:3823} INFO - Setting next_dagrun for example_skip_dag to 2025-07-09 00:00:00+00:00, run_after=2025-07-10 00:00:00+00:00
[2025-07-10T02:14:05.756+0000] {processor.py:183} INFO - Processing /home/airflow/.local/lib/python3.8/site-packages/airflow/example_dags/example_skip_dag.py took 0.263 seconds
[2025-07-10T02:14:36.057+0000] {processor.py:161} INFO - Started process (PID=137) to work on /home/airflow/.local/lib/python3.8/site-packages/airflow/example_dags/example_skip_dag.py
[2025-07-10T02:14:36.058+0000] {processor.py:830} INFO - Processing file /home/airflow/.local/lib/python3.8/site-packages/airflow/example_dags/example_skip_dag.py for tasks to queue
[2025-07-10T02:14:36.061+0000] {logging_mixin.py:188} INFO - [2025-07-10T02:14:36.061+0000] {dagbag.py:538} INFO - Filling up the DagBag from /home/airflow/.local/lib/python3.8/site-packages/airflow/example_dags/example_skip_dag.py
[2025-07-10T02:14:36.069+0000] {processor.py:840} INFO - DAG(s) 'example_skip_dag' retrieved from /home/airflow/.local/lib/python3.8/site-packages/airflow/example_dags/example_skip_dag.py
[2025-07-10T02:14:36.094+0000] {logging_mixin.py:188} INFO - [2025-07-10T02:14:36.094+0000] {dag.py:3036} INFO - Sync 1 DAGs
[2025-07-10T02:14:36.118+0000] {logging_mixin.py:188} INFO - [2025-07-10T02:14:36.117+0000] {dag.py:3823} INFO - Setting next_dagrun for example_skip_dag to 2025-07-09 00:00:00+00:00, run_after=2025-07-10 00:00:00+00:00
[2025-07-10T02:14:36.144+0000] {processor.py:183} INFO - Processing /home/airflow/.local/lib/python3.8/site-packages/airflow/example_dags/example_skip_dag.py took 0.091 seconds
[2025-07-10T02:15:06.908+0000] {processor.py:161} INFO - Started process (PID=193) to work on /home/airflow/.local/lib/python3.8/site-packages/airflow/example_dags/example_skip_dag.py
[2025-07-10T02:15:06.910+0000] {processor.py:830} INFO - Processing file /home/airflow/.local/lib/python3.8/site-packages/airflow/example_dags/example_skip_dag.py for tasks to queue
[2025-07-10T02:15:06.913+0000] {logging_mixin.py:188} INFO - [2025-07-10T02:15:06.912+0000] {dagbag.py:538} INFO - Filling up the DagBag from /home/airflow/.local/lib/python3.8/site-packages/airflow/example_dags/example_skip_dag.py
[2025-07-10T02:15:06.920+0000] {processor.py:840} INFO - DAG(s) 'example_skip_dag' retrieved from /home/airflow/.local/lib/python3.8/site-packages/airflow/example_dags/example_skip_dag.py
[2025-07-10T02:15:06.944+0000] {logging_mixin.py:188} INFO - [2025-07-10T02:15:06.944+0000] {dag.py:3036} INFO - Sync 1 DAGs
[2025-07-10T02:15:06.967+0000] {logging_mixin.py:188} INFO - [2025-07-10T02:15:06.967+0000] {dag.py:3823} INFO - Setting next_dagrun for example_skip_dag to 2025-07-09 00:00:00+00:00, run_after=2025-07-10 00:00:00+00:00
[2025-07-10T02:15:06.995+0000] {processor.py:183} INFO - Processing /home/airflow/.local/lib/python3.8/site-packages/airflow/example_dags/example_skip_dag.py took 0.092 seconds
[2025-07-10T02:15:37.712+0000] {processor.py:161} INFO - Started process (PID=249) to work on /home/airflow/.local/lib/python3.8/site-packages/airflow/example_dags/example_skip_dag.py
[2025-07-10T02:15:37.714+0000] {processor.py:830} INFO - Processing file /home/airflow/.local/lib/python3.8/site-packages/airflow/example_dags/example_skip_dag.py for tasks to queue
[2025-07-10T02:15:37.717+0000] {logging_mixin.py:188} INFO - [2025-07-10T02:15:37.717+0000] {dagbag.py:538} INFO - Filling up the DagBag from /home/airflow/.local/lib/python3.8/site-packages/airflow/example_dags/example_skip_dag.py
[2025-07-10T02:15:37.724+0000] {processor.py:840} INFO - DAG(s) 'example_skip_dag' retrieved from /home/airflow/.local/lib/python3.8/site-packages/airflow/example_dags/example_skip_dag.py
[2025-07-10T02:15:37.751+0000] {logging_mixin.py:188} INFO - [2025-07-10T02:15:37.751+0000] {dag.py:3036} INFO - Sync 1 DAGs
[2025-07-10T02:15:37.774+0000] {logging_mixin.py:188} INFO - [2025-07-10T02:15:37.774+0000] {dag.py:3823} INFO - Setting next_dagrun for example_skip_dag to 2025-07-09 00:00:00+00:00, run_after=2025-07-10 00:00:00+00:00
[2025-07-10T02:15:37.800+0000] {processor.py:183} INFO - Processing /home/airflow/.local/lib/python3.8/site-packages/airflow/example_dags/example_skip_dag.py took 0.091 seconds
[2025-07-10T02:16:38.341+0000] {processor.py:161} INFO - Started process (PID=81) to work on /home/airflow/.local/lib/python3.8/site-packages/airflow/example_dags/example_skip_dag.py
[2025-07-10T02:16:38.342+0000] {processor.py:830} INFO - Processing file /home/airflow/.local/lib/python3.8/site-packages/airflow/example_dags/example_skip_dag.py for tasks to queue
[2025-07-10T02:16:38.345+0000] {logging_mixin.py:188} INFO - [2025-07-10T02:16:38.345+0000] {dagbag.py:538} INFO - Filling up the DagBag from /home/airflow/.local/lib/python3.8/site-packages/airflow/example_dags/example_skip_dag.py
[2025-07-10T02:16:38.355+0000] {processor.py:840} INFO - DAG(s) 'example_skip_dag' retrieved from /home/airflow/.local/lib/python3.8/site-packages/airflow/example_dags/example_skip_dag.py
[2025-07-10T02:16:38.371+0000] {logging_mixin.py:188} INFO - [2025-07-10T02:16:38.371+0000] {dag.py:3036} INFO - Sync 1 DAGs
[2025-07-10T02:16:38.395+0000] {logging_mixin.py:188} INFO - [2025-07-10T02:16:38.395+0000] {dag.py:3823} INFO - Setting next_dagrun for example_skip_dag to 2025-07-09 00:00:00+00:00, run_after=2025-07-10 00:00:00+00:00
[2025-07-10T02:16:38.424+0000] {processor.py:183} INFO - Processing /home/airflow/.local/lib/python3.8/site-packages/airflow/example_dags/example_skip_dag.py took 0.087 seconds
[2025-07-10T02:17:09.988+0000] {processor.py:161} INFO - Started process (PID=137) to work on /home/airflow/.local/lib/python3.8/site-packages/airflow/example_dags/example_skip_dag.py
[2025-07-10T02:17:09.990+0000] {processor.py:830} INFO - Processing file /home/airflow/.local/lib/python3.8/site-packages/airflow/example_dags/example_skip_dag.py for tasks to queue
[2025-07-10T02:17:09.993+0000] {logging_mixin.py:188} INFO - [2025-07-10T02:17:09.992+0000] {dagbag.py:538} INFO - Filling up the DagBag from /home/airflow/.local/lib/python3.8/site-packages/airflow/example_dags/example_skip_dag.py
[2025-07-10T02:17:10.006+0000] {processor.py:840} INFO - DAG(s) 'example_skip_dag' retrieved from /home/airflow/.local/lib/python3.8/site-packages/airflow/example_dags/example_skip_dag.py
[2025-07-10T02:17:10.122+0000] {logging_mixin.py:188} INFO - [2025-07-10T02:17:10.121+0000] {dag.py:3036} INFO - Sync 1 DAGs
[2025-07-10T02:17:10.143+0000] {logging_mixin.py:188} INFO - [2025-07-10T02:17:10.143+0000] {dag.py:3823} INFO - Setting next_dagrun for example_skip_dag to 2025-07-09 00:00:00+00:00, run_after=2025-07-10 00:00:00+00:00
[2025-07-10T02:17:10.172+0000] {processor.py:183} INFO - Processing /home/airflow/.local/lib/python3.8/site-packages/airflow/example_dags/example_skip_dag.py took 0.188 seconds
