[2025-07-10T00:00:08.272+0000] {processor.py:161} INFO - Started process (PID=720) to work on /home/airflow/.local/lib/python3.8/site-packages/airflow/example_dags/tutorial_dag.py
[2025-07-10T00:00:08.275+0000] {processor.py:830} INFO - Processing file /home/airflow/.local/lib/python3.8/site-packages/airflow/example_dags/tutorial_dag.py for tasks to queue
[2025-07-10T00:00:08.277+0000] {logging_mixin.py:188} INFO - [2025-07-10T00:00:08.276+0000] {dagbag.py:538} INFO - Filling up the DagBag from /home/airflow/.local/lib/python3.8/site-packages/airflow/example_dags/tutorial_dag.py
[2025-07-10T00:00:08.285+0000] {processor.py:840} INFO - DAG(s) 'tutorial_dag' retrieved from /home/airflow/.local/lib/python3.8/site-packages/airflow/example_dags/tutorial_dag.py
[2025-07-10T00:00:08.325+0000] {logging_mixin.py:188} INFO - [2025-07-10T00:00:08.324+0000] {dag.py:3036} INFO - Sync 1 DAGs
[2025-07-10T00:00:08.345+0000] {logging_mixin.py:188} INFO - [2025-07-10T00:00:08.344+0000] {dag.py:3823} INFO - Setting next_dagrun for tutorial_dag to None, run_after=None
[2025-07-10T00:00:08.385+0000] {processor.py:183} INFO - Processing /home/airflow/.local/lib/python3.8/site-packages/airflow/example_dags/tutorial_dag.py took 0.120 seconds
[2025-07-10T00:01:38.109+0000] {processor.py:161} INFO - Started process (PID=94) to work on /home/airflow/.local/lib/python3.8/site-packages/airflow/example_dags/tutorial_dag.py
[2025-07-10T00:01:38.111+0000] {processor.py:830} INFO - Processing file /home/airflow/.local/lib/python3.8/site-packages/airflow/example_dags/tutorial_dag.py for tasks to queue
[2025-07-10T00:01:38.115+0000] {logging_mixin.py:188} INFO - [2025-07-10T00:01:38.114+0000] {dagbag.py:538} INFO - Filling up the DagBag from /home/airflow/.local/lib/python3.8/site-packages/airflow/example_dags/tutorial_dag.py
[2025-07-10T00:01:38.127+0000] {processor.py:840} INFO - DAG(s) 'tutorial_dag' retrieved from /home/airflow/.local/lib/python3.8/site-packages/airflow/example_dags/tutorial_dag.py
[2025-07-10T00:01:38.295+0000] {logging_mixin.py:188} INFO - [2025-07-10T00:01:38.295+0000] {dag.py:3036} INFO - Sync 1 DAGs
[2025-07-10T00:01:38.314+0000] {logging_mixin.py:188} INFO - [2025-07-10T00:01:38.314+0000] {dag.py:3823} INFO - Setting next_dagrun for tutorial_dag to None, run_after=None
[2025-07-10T00:01:38.350+0000] {processor.py:183} INFO - Processing /home/airflow/.local/lib/python3.8/site-packages/airflow/example_dags/tutorial_dag.py took 0.245 seconds
[2025-07-10T00:02:08.598+0000] {processor.py:161} INFO - Started process (PID=150) to work on /home/airflow/.local/lib/python3.8/site-packages/airflow/example_dags/tutorial_dag.py
[2025-07-10T00:02:08.600+0000] {processor.py:830} INFO - Processing file /home/airflow/.local/lib/python3.8/site-packages/airflow/example_dags/tutorial_dag.py for tasks to queue
[2025-07-10T00:02:08.604+0000] {logging_mixin.py:188} INFO - [2025-07-10T00:02:08.603+0000] {dagbag.py:538} INFO - Filling up the DagBag from /home/airflow/.local/lib/python3.8/site-packages/airflow/example_dags/tutorial_dag.py
[2025-07-10T00:02:08.619+0000] {processor.py:840} INFO - DAG(s) 'tutorial_dag' retrieved from /home/airflow/.local/lib/python3.8/site-packages/airflow/example_dags/tutorial_dag.py
[2025-07-10T00:02:08.641+0000] {logging_mixin.py:188} INFO - [2025-07-10T00:02:08.640+0000] {dag.py:3036} INFO - Sync 1 DAGs
[2025-07-10T00:02:08.667+0000] {logging_mixin.py:188} INFO - [2025-07-10T00:02:08.666+0000] {dag.py:3823} INFO - Setting next_dagrun for tutorial_dag to None, run_after=None
[2025-07-10T00:02:08.707+0000] {processor.py:183} INFO - Processing /home/airflow/.local/lib/python3.8/site-packages/airflow/example_dags/tutorial_dag.py took 0.114 seconds
[2025-07-10T00:02:39.973+0000] {processor.py:161} INFO - Started process (PID=206) to work on /home/airflow/.local/lib/python3.8/site-packages/airflow/example_dags/tutorial_dag.py
[2025-07-10T00:02:39.974+0000] {processor.py:830} INFO - Processing file /home/airflow/.local/lib/python3.8/site-packages/airflow/example_dags/tutorial_dag.py for tasks to queue
[2025-07-10T00:02:39.978+0000] {logging_mixin.py:188} INFO - [2025-07-10T00:02:39.978+0000] {dagbag.py:538} INFO - Filling up the DagBag from /home/airflow/.local/lib/python3.8/site-packages/airflow/example_dags/tutorial_dag.py
[2025-07-10T00:02:39.986+0000] {processor.py:840} INFO - DAG(s) 'tutorial_dag' retrieved from /home/airflow/.local/lib/python3.8/site-packages/airflow/example_dags/tutorial_dag.py
[2025-07-10T00:02:40.134+0000] {logging_mixin.py:188} INFO - [2025-07-10T00:02:40.133+0000] {dag.py:3036} INFO - Sync 1 DAGs
[2025-07-10T00:02:40.146+0000] {logging_mixin.py:188} INFO - [2025-07-10T00:02:40.146+0000] {dag.py:3823} INFO - Setting next_dagrun for tutorial_dag to None, run_after=None
[2025-07-10T00:02:40.177+0000] {processor.py:183} INFO - Processing /home/airflow/.local/lib/python3.8/site-packages/airflow/example_dags/tutorial_dag.py took 0.209 seconds
[2025-07-10T00:03:10.981+0000] {processor.py:161} INFO - Started process (PID=262) to work on /home/airflow/.local/lib/python3.8/site-packages/airflow/example_dags/tutorial_dag.py
[2025-07-10T00:03:10.984+0000] {processor.py:830} INFO - Processing file /home/airflow/.local/lib/python3.8/site-packages/airflow/example_dags/tutorial_dag.py for tasks to queue
[2025-07-10T00:03:10.987+0000] {logging_mixin.py:188} INFO - [2025-07-10T00:03:10.987+0000] {dagbag.py:538} INFO - Filling up the DagBag from /home/airflow/.local/lib/python3.8/site-packages/airflow/example_dags/tutorial_dag.py
[2025-07-10T00:03:10.999+0000] {processor.py:840} INFO - DAG(s) 'tutorial_dag' retrieved from /home/airflow/.local/lib/python3.8/site-packages/airflow/example_dags/tutorial_dag.py
[2025-07-10T00:03:11.032+0000] {logging_mixin.py:188} INFO - [2025-07-10T00:03:11.032+0000] {dag.py:3036} INFO - Sync 1 DAGs
[2025-07-10T00:03:11.046+0000] {logging_mixin.py:188} INFO - [2025-07-10T00:03:11.046+0000] {dag.py:3823} INFO - Setting next_dagrun for tutorial_dag to None, run_after=None
[2025-07-10T00:03:11.075+0000] {processor.py:183} INFO - Processing /home/airflow/.local/lib/python3.8/site-packages/airflow/example_dags/tutorial_dag.py took 0.100 seconds
[2025-07-10T00:03:41.605+0000] {processor.py:161} INFO - Started process (PID=318) to work on /home/airflow/.local/lib/python3.8/site-packages/airflow/example_dags/tutorial_dag.py
[2025-07-10T00:03:41.607+0000] {processor.py:830} INFO - Processing file /home/airflow/.local/lib/python3.8/site-packages/airflow/example_dags/tutorial_dag.py for tasks to queue
[2025-07-10T00:03:41.610+0000] {logging_mixin.py:188} INFO - [2025-07-10T00:03:41.610+0000] {dagbag.py:538} INFO - Filling up the DagBag from /home/airflow/.local/lib/python3.8/site-packages/airflow/example_dags/tutorial_dag.py
[2025-07-10T00:03:41.619+0000] {processor.py:840} INFO - DAG(s) 'tutorial_dag' retrieved from /home/airflow/.local/lib/python3.8/site-packages/airflow/example_dags/tutorial_dag.py
[2025-07-10T00:03:41.656+0000] {logging_mixin.py:188} INFO - [2025-07-10T00:03:41.655+0000] {dag.py:3036} INFO - Sync 1 DAGs
[2025-07-10T00:03:41.705+0000] {logging_mixin.py:188} INFO - [2025-07-10T00:03:41.705+0000] {dag.py:3823} INFO - Setting next_dagrun for tutorial_dag to None, run_after=None
[2025-07-10T00:03:41.734+0000] {processor.py:183} INFO - Processing /home/airflow/.local/lib/python3.8/site-packages/airflow/example_dags/tutorial_dag.py took 0.134 seconds
[2025-07-10T00:04:12.110+0000] {processor.py:161} INFO - Started process (PID=374) to work on /home/airflow/.local/lib/python3.8/site-packages/airflow/example_dags/tutorial_dag.py
[2025-07-10T00:04:12.112+0000] {processor.py:830} INFO - Processing file /home/airflow/.local/lib/python3.8/site-packages/airflow/example_dags/tutorial_dag.py for tasks to queue
[2025-07-10T00:04:12.115+0000] {logging_mixin.py:188} INFO - [2025-07-10T00:04:12.115+0000] {dagbag.py:538} INFO - Filling up the DagBag from /home/airflow/.local/lib/python3.8/site-packages/airflow/example_dags/tutorial_dag.py
[2025-07-10T00:04:12.123+0000] {processor.py:840} INFO - DAG(s) 'tutorial_dag' retrieved from /home/airflow/.local/lib/python3.8/site-packages/airflow/example_dags/tutorial_dag.py
[2025-07-10T00:04:12.154+0000] {logging_mixin.py:188} INFO - [2025-07-10T00:04:12.153+0000] {dag.py:3036} INFO - Sync 1 DAGs
[2025-07-10T00:04:12.168+0000] {logging_mixin.py:188} INFO - [2025-07-10T00:04:12.168+0000] {dag.py:3823} INFO - Setting next_dagrun for tutorial_dag to None, run_after=None
[2025-07-10T00:04:12.198+0000] {processor.py:183} INFO - Processing /home/airflow/.local/lib/python3.8/site-packages/airflow/example_dags/tutorial_dag.py took 0.094 seconds
[2025-07-10T02:03:32.232+0000] {processor.py:161} INFO - Started process (PID=88) to work on /home/airflow/.local/lib/python3.8/site-packages/airflow/example_dags/tutorial_dag.py
[2025-07-10T02:03:32.234+0000] {processor.py:830} INFO - Processing file /home/airflow/.local/lib/python3.8/site-packages/airflow/example_dags/tutorial_dag.py for tasks to queue
[2025-07-10T02:03:32.237+0000] {logging_mixin.py:188} INFO - [2025-07-10T02:03:32.236+0000] {dagbag.py:538} INFO - Filling up the DagBag from /home/airflow/.local/lib/python3.8/site-packages/airflow/example_dags/tutorial_dag.py
[2025-07-10T02:03:32.247+0000] {processor.py:840} INFO - DAG(s) 'tutorial_dag' retrieved from /home/airflow/.local/lib/python3.8/site-packages/airflow/example_dags/tutorial_dag.py
[2025-07-10T02:03:32.291+0000] {logging_mixin.py:188} INFO - [2025-07-10T02:03:32.291+0000] {dag.py:3036} INFO - Sync 1 DAGs
[2025-07-10T02:03:32.308+0000] {logging_mixin.py:188} INFO - [2025-07-10T02:03:32.308+0000] {dag.py:3823} INFO - Setting next_dagrun for tutorial_dag to None, run_after=None
[2025-07-10T02:03:32.339+0000] {processor.py:183} INFO - Processing /home/airflow/.local/lib/python3.8/site-packages/airflow/example_dags/tutorial_dag.py took 0.111 seconds
[2025-07-10T02:04:03.187+0000] {processor.py:161} INFO - Started process (PID=144) to work on /home/airflow/.local/lib/python3.8/site-packages/airflow/example_dags/tutorial_dag.py
[2025-07-10T02:04:03.189+0000] {processor.py:830} INFO - Processing file /home/airflow/.local/lib/python3.8/site-packages/airflow/example_dags/tutorial_dag.py for tasks to queue
[2025-07-10T02:04:03.191+0000] {logging_mixin.py:188} INFO - [2025-07-10T02:04:03.191+0000] {dagbag.py:538} INFO - Filling up the DagBag from /home/airflow/.local/lib/python3.8/site-packages/airflow/example_dags/tutorial_dag.py
[2025-07-10T02:04:03.198+0000] {processor.py:840} INFO - DAG(s) 'tutorial_dag' retrieved from /home/airflow/.local/lib/python3.8/site-packages/airflow/example_dags/tutorial_dag.py
[2025-07-10T02:04:03.222+0000] {logging_mixin.py:188} INFO - [2025-07-10T02:04:03.221+0000] {dag.py:3036} INFO - Sync 1 DAGs
[2025-07-10T02:04:03.236+0000] {logging_mixin.py:188} INFO - [2025-07-10T02:04:03.235+0000] {dag.py:3823} INFO - Setting next_dagrun for tutorial_dag to None, run_after=None
[2025-07-10T02:04:03.260+0000] {processor.py:183} INFO - Processing /home/airflow/.local/lib/python3.8/site-packages/airflow/example_dags/tutorial_dag.py took 0.076 seconds
[2025-07-10T02:04:34.332+0000] {processor.py:161} INFO - Started process (PID=200) to work on /home/airflow/.local/lib/python3.8/site-packages/airflow/example_dags/tutorial_dag.py
[2025-07-10T02:04:34.334+0000] {processor.py:830} INFO - Processing file /home/airflow/.local/lib/python3.8/site-packages/airflow/example_dags/tutorial_dag.py for tasks to queue
[2025-07-10T02:04:34.337+0000] {logging_mixin.py:188} INFO - [2025-07-10T02:04:34.337+0000] {dagbag.py:538} INFO - Filling up the DagBag from /home/airflow/.local/lib/python3.8/site-packages/airflow/example_dags/tutorial_dag.py
[2025-07-10T02:04:34.343+0000] {processor.py:840} INFO - DAG(s) 'tutorial_dag' retrieved from /home/airflow/.local/lib/python3.8/site-packages/airflow/example_dags/tutorial_dag.py
[2025-07-10T02:04:34.366+0000] {logging_mixin.py:188} INFO - [2025-07-10T02:04:34.366+0000] {dag.py:3036} INFO - Sync 1 DAGs
[2025-07-10T02:04:34.377+0000] {logging_mixin.py:188} INFO - [2025-07-10T02:04:34.377+0000] {dag.py:3823} INFO - Setting next_dagrun for tutorial_dag to None, run_after=None
[2025-07-10T02:04:34.401+0000] {processor.py:183} INFO - Processing /home/airflow/.local/lib/python3.8/site-packages/airflow/example_dags/tutorial_dag.py took 0.075 seconds
[2025-07-10T02:05:05.354+0000] {processor.py:161} INFO - Started process (PID=256) to work on /home/airflow/.local/lib/python3.8/site-packages/airflow/example_dags/tutorial_dag.py
[2025-07-10T02:05:05.357+0000] {processor.py:830} INFO - Processing file /home/airflow/.local/lib/python3.8/site-packages/airflow/example_dags/tutorial_dag.py for tasks to queue
[2025-07-10T02:05:05.361+0000] {logging_mixin.py:188} INFO - [2025-07-10T02:05:05.360+0000] {dagbag.py:538} INFO - Filling up the DagBag from /home/airflow/.local/lib/python3.8/site-packages/airflow/example_dags/tutorial_dag.py
[2025-07-10T02:05:05.366+0000] {processor.py:840} INFO - DAG(s) 'tutorial_dag' retrieved from /home/airflow/.local/lib/python3.8/site-packages/airflow/example_dags/tutorial_dag.py
[2025-07-10T02:05:05.388+0000] {logging_mixin.py:188} INFO - [2025-07-10T02:05:05.388+0000] {dag.py:3036} INFO - Sync 1 DAGs
[2025-07-10T02:05:05.402+0000] {logging_mixin.py:188} INFO - [2025-07-10T02:05:05.401+0000] {dag.py:3823} INFO - Setting next_dagrun for tutorial_dag to None, run_after=None
[2025-07-10T02:05:05.428+0000] {processor.py:183} INFO - Processing /home/airflow/.local/lib/python3.8/site-packages/airflow/example_dags/tutorial_dag.py took 0.081 seconds
[2025-07-10T02:05:36.349+0000] {processor.py:161} INFO - Started process (PID=312) to work on /home/airflow/.local/lib/python3.8/site-packages/airflow/example_dags/tutorial_dag.py
[2025-07-10T02:05:36.351+0000] {processor.py:830} INFO - Processing file /home/airflow/.local/lib/python3.8/site-packages/airflow/example_dags/tutorial_dag.py for tasks to queue
[2025-07-10T02:05:36.353+0000] {logging_mixin.py:188} INFO - [2025-07-10T02:05:36.353+0000] {dagbag.py:538} INFO - Filling up the DagBag from /home/airflow/.local/lib/python3.8/site-packages/airflow/example_dags/tutorial_dag.py
[2025-07-10T02:05:36.359+0000] {processor.py:840} INFO - DAG(s) 'tutorial_dag' retrieved from /home/airflow/.local/lib/python3.8/site-packages/airflow/example_dags/tutorial_dag.py
[2025-07-10T02:05:36.373+0000] {logging_mixin.py:188} INFO - [2025-07-10T02:05:36.373+0000] {dag.py:3036} INFO - Sync 1 DAGs
[2025-07-10T02:05:36.387+0000] {logging_mixin.py:188} INFO - [2025-07-10T02:05:36.387+0000] {dag.py:3823} INFO - Setting next_dagrun for tutorial_dag to None, run_after=None
[2025-07-10T02:05:36.412+0000] {processor.py:183} INFO - Processing /home/airflow/.local/lib/python3.8/site-packages/airflow/example_dags/tutorial_dag.py took 0.067 seconds
[2025-07-10T02:06:06.952+0000] {processor.py:161} INFO - Started process (PID=367) to work on /home/airflow/.local/lib/python3.8/site-packages/airflow/example_dags/tutorial_dag.py
[2025-07-10T02:06:06.954+0000] {processor.py:830} INFO - Processing file /home/airflow/.local/lib/python3.8/site-packages/airflow/example_dags/tutorial_dag.py for tasks to queue
[2025-07-10T02:06:06.957+0000] {logging_mixin.py:188} INFO - [2025-07-10T02:06:06.957+0000] {dagbag.py:538} INFO - Filling up the DagBag from /home/airflow/.local/lib/python3.8/site-packages/airflow/example_dags/tutorial_dag.py
[2025-07-10T02:06:06.964+0000] {processor.py:840} INFO - DAG(s) 'tutorial_dag' retrieved from /home/airflow/.local/lib/python3.8/site-packages/airflow/example_dags/tutorial_dag.py
[2025-07-10T02:06:07.065+0000] {logging_mixin.py:188} INFO - [2025-07-10T02:06:07.065+0000] {dag.py:3036} INFO - Sync 1 DAGs
[2025-07-10T02:06:07.076+0000] {logging_mixin.py:188} INFO - [2025-07-10T02:06:07.076+0000] {dag.py:3823} INFO - Setting next_dagrun for tutorial_dag to None, run_after=None
[2025-07-10T02:06:07.105+0000] {processor.py:183} INFO - Processing /home/airflow/.local/lib/python3.8/site-packages/airflow/example_dags/tutorial_dag.py took 0.157 seconds
[2025-07-10T02:06:37.320+0000] {processor.py:161} INFO - Started process (PID=423) to work on /home/airflow/.local/lib/python3.8/site-packages/airflow/example_dags/tutorial_dag.py
[2025-07-10T02:06:37.322+0000] {processor.py:830} INFO - Processing file /home/airflow/.local/lib/python3.8/site-packages/airflow/example_dags/tutorial_dag.py for tasks to queue
[2025-07-10T02:06:37.324+0000] {logging_mixin.py:188} INFO - [2025-07-10T02:06:37.324+0000] {dagbag.py:538} INFO - Filling up the DagBag from /home/airflow/.local/lib/python3.8/site-packages/airflow/example_dags/tutorial_dag.py
[2025-07-10T02:06:37.330+0000] {processor.py:840} INFO - DAG(s) 'tutorial_dag' retrieved from /home/airflow/.local/lib/python3.8/site-packages/airflow/example_dags/tutorial_dag.py
[2025-07-10T02:06:37.353+0000] {logging_mixin.py:188} INFO - [2025-07-10T02:06:37.352+0000] {dag.py:3036} INFO - Sync 1 DAGs
[2025-07-10T02:06:37.365+0000] {logging_mixin.py:188} INFO - [2025-07-10T02:06:37.365+0000] {dag.py:3823} INFO - Setting next_dagrun for tutorial_dag to None, run_after=None
[2025-07-10T02:06:37.391+0000] {processor.py:183} INFO - Processing /home/airflow/.local/lib/python3.8/site-packages/airflow/example_dags/tutorial_dag.py took 0.075 seconds
[2025-07-10T02:07:07.730+0000] {processor.py:161} INFO - Started process (PID=479) to work on /home/airflow/.local/lib/python3.8/site-packages/airflow/example_dags/tutorial_dag.py
[2025-07-10T02:07:07.732+0000] {processor.py:830} INFO - Processing file /home/airflow/.local/lib/python3.8/site-packages/airflow/example_dags/tutorial_dag.py for tasks to queue
[2025-07-10T02:07:07.735+0000] {logging_mixin.py:188} INFO - [2025-07-10T02:07:07.734+0000] {dagbag.py:538} INFO - Filling up the DagBag from /home/airflow/.local/lib/python3.8/site-packages/airflow/example_dags/tutorial_dag.py
[2025-07-10T02:07:07.743+0000] {processor.py:840} INFO - DAG(s) 'tutorial_dag' retrieved from /home/airflow/.local/lib/python3.8/site-packages/airflow/example_dags/tutorial_dag.py
[2025-07-10T02:07:07.770+0000] {logging_mixin.py:188} INFO - [2025-07-10T02:07:07.770+0000] {dag.py:3036} INFO - Sync 1 DAGs
[2025-07-10T02:07:07.785+0000] {logging_mixin.py:188} INFO - [2025-07-10T02:07:07.785+0000] {dag.py:3823} INFO - Setting next_dagrun for tutorial_dag to None, run_after=None
[2025-07-10T02:07:07.827+0000] {processor.py:183} INFO - Processing /home/airflow/.local/lib/python3.8/site-packages/airflow/example_dags/tutorial_dag.py took 0.102 seconds
[2025-07-10T02:07:38.360+0000] {processor.py:161} INFO - Started process (PID=535) to work on /home/airflow/.local/lib/python3.8/site-packages/airflow/example_dags/tutorial_dag.py
[2025-07-10T02:07:38.362+0000] {processor.py:830} INFO - Processing file /home/airflow/.local/lib/python3.8/site-packages/airflow/example_dags/tutorial_dag.py for tasks to queue
[2025-07-10T02:07:38.365+0000] {logging_mixin.py:188} INFO - [2025-07-10T02:07:38.365+0000] {dagbag.py:538} INFO - Filling up the DagBag from /home/airflow/.local/lib/python3.8/site-packages/airflow/example_dags/tutorial_dag.py
[2025-07-10T02:07:38.372+0000] {processor.py:840} INFO - DAG(s) 'tutorial_dag' retrieved from /home/airflow/.local/lib/python3.8/site-packages/airflow/example_dags/tutorial_dag.py
[2025-07-10T02:07:38.397+0000] {logging_mixin.py:188} INFO - [2025-07-10T02:07:38.397+0000] {dag.py:3036} INFO - Sync 1 DAGs
[2025-07-10T02:07:38.413+0000] {logging_mixin.py:188} INFO - [2025-07-10T02:07:38.413+0000] {dag.py:3823} INFO - Setting next_dagrun for tutorial_dag to None, run_after=None
[2025-07-10T02:07:38.438+0000] {processor.py:183} INFO - Processing /home/airflow/.local/lib/python3.8/site-packages/airflow/example_dags/tutorial_dag.py took 0.084 seconds
[2025-07-10T02:08:08.525+0000] {processor.py:161} INFO - Started process (PID=591) to work on /home/airflow/.local/lib/python3.8/site-packages/airflow/example_dags/tutorial_dag.py
[2025-07-10T02:08:08.526+0000] {processor.py:830} INFO - Processing file /home/airflow/.local/lib/python3.8/site-packages/airflow/example_dags/tutorial_dag.py for tasks to queue
[2025-07-10T02:08:08.529+0000] {logging_mixin.py:188} INFO - [2025-07-10T02:08:08.528+0000] {dagbag.py:538} INFO - Filling up the DagBag from /home/airflow/.local/lib/python3.8/site-packages/airflow/example_dags/tutorial_dag.py
[2025-07-10T02:08:08.535+0000] {processor.py:840} INFO - DAG(s) 'tutorial_dag' retrieved from /home/airflow/.local/lib/python3.8/site-packages/airflow/example_dags/tutorial_dag.py
[2025-07-10T02:08:08.558+0000] {logging_mixin.py:188} INFO - [2025-07-10T02:08:08.558+0000] {dag.py:3036} INFO - Sync 1 DAGs
[2025-07-10T02:08:08.572+0000] {logging_mixin.py:188} INFO - [2025-07-10T02:08:08.572+0000] {dag.py:3823} INFO - Setting next_dagrun for tutorial_dag to None, run_after=None
[2025-07-10T02:08:08.600+0000] {processor.py:183} INFO - Processing /home/airflow/.local/lib/python3.8/site-packages/airflow/example_dags/tutorial_dag.py took 0.079 seconds
[2025-07-10T02:08:39.299+0000] {processor.py:161} INFO - Started process (PID=647) to work on /home/airflow/.local/lib/python3.8/site-packages/airflow/example_dags/tutorial_dag.py
[2025-07-10T02:08:39.300+0000] {processor.py:830} INFO - Processing file /home/airflow/.local/lib/python3.8/site-packages/airflow/example_dags/tutorial_dag.py for tasks to queue
[2025-07-10T02:08:39.305+0000] {logging_mixin.py:188} INFO - [2025-07-10T02:08:39.304+0000] {dagbag.py:538} INFO - Filling up the DagBag from /home/airflow/.local/lib/python3.8/site-packages/airflow/example_dags/tutorial_dag.py
[2025-07-10T02:08:39.321+0000] {processor.py:840} INFO - DAG(s) 'tutorial_dag' retrieved from /home/airflow/.local/lib/python3.8/site-packages/airflow/example_dags/tutorial_dag.py
[2025-07-10T02:08:39.371+0000] {logging_mixin.py:188} INFO - [2025-07-10T02:08:39.371+0000] {dag.py:3036} INFO - Sync 1 DAGs
[2025-07-10T02:08:39.386+0000] {logging_mixin.py:188} INFO - [2025-07-10T02:08:39.385+0000] {dag.py:3823} INFO - Setting next_dagrun for tutorial_dag to None, run_after=None
[2025-07-10T02:08:39.413+0000] {processor.py:183} INFO - Processing /home/airflow/.local/lib/python3.8/site-packages/airflow/example_dags/tutorial_dag.py took 0.120 seconds
[2025-07-10T02:09:46.743+0000] {processor.py:161} INFO - Started process (PID=76) to work on /home/airflow/.local/lib/python3.8/site-packages/airflow/example_dags/tutorial_dag.py
[2025-07-10T02:09:46.745+0000] {processor.py:830} INFO - Processing file /home/airflow/.local/lib/python3.8/site-packages/airflow/example_dags/tutorial_dag.py for tasks to queue
[2025-07-10T02:09:46.748+0000] {logging_mixin.py:188} INFO - [2025-07-10T02:09:46.748+0000] {dagbag.py:538} INFO - Filling up the DagBag from /home/airflow/.local/lib/python3.8/site-packages/airflow/example_dags/tutorial_dag.py
[2025-07-10T02:09:46.759+0000] {processor.py:840} INFO - DAG(s) 'tutorial_dag' retrieved from /home/airflow/.local/lib/python3.8/site-packages/airflow/example_dags/tutorial_dag.py
[2025-07-10T02:09:46.786+0000] {logging_mixin.py:188} INFO - [2025-07-10T02:09:46.785+0000] {dag.py:3036} INFO - Sync 1 DAGs
[2025-07-10T02:09:46.804+0000] {logging_mixin.py:188} INFO - [2025-07-10T02:09:46.803+0000] {dag.py:3823} INFO - Setting next_dagrun for tutorial_dag to None, run_after=None
[2025-07-10T02:09:46.829+0000] {processor.py:183} INFO - Processing /home/airflow/.local/lib/python3.8/site-packages/airflow/example_dags/tutorial_dag.py took 0.089 seconds
[2025-07-10T02:10:18.090+0000] {processor.py:161} INFO - Started process (PID=138) to work on /home/airflow/.local/lib/python3.8/site-packages/airflow/example_dags/tutorial_dag.py
[2025-07-10T02:10:18.092+0000] {processor.py:830} INFO - Processing file /home/airflow/.local/lib/python3.8/site-packages/airflow/example_dags/tutorial_dag.py for tasks to queue
[2025-07-10T02:10:18.094+0000] {logging_mixin.py:188} INFO - [2025-07-10T02:10:18.094+0000] {dagbag.py:538} INFO - Filling up the DagBag from /home/airflow/.local/lib/python3.8/site-packages/airflow/example_dags/tutorial_dag.py
[2025-07-10T02:10:18.100+0000] {processor.py:840} INFO - DAG(s) 'tutorial_dag' retrieved from /home/airflow/.local/lib/python3.8/site-packages/airflow/example_dags/tutorial_dag.py
[2025-07-10T02:10:18.188+0000] {logging_mixin.py:188} INFO - [2025-07-10T02:10:18.188+0000] {dag.py:3036} INFO - Sync 1 DAGs
[2025-07-10T02:10:18.199+0000] {logging_mixin.py:188} INFO - [2025-07-10T02:10:18.198+0000] {dag.py:3823} INFO - Setting next_dagrun for tutorial_dag to None, run_after=None
[2025-07-10T02:10:18.227+0000] {processor.py:183} INFO - Processing /home/airflow/.local/lib/python3.8/site-packages/airflow/example_dags/tutorial_dag.py took 0.141 seconds
[2025-07-10T02:10:49.992+0000] {processor.py:161} INFO - Started process (PID=194) to work on /home/airflow/.local/lib/python3.8/site-packages/airflow/example_dags/tutorial_dag.py
[2025-07-10T02:10:49.994+0000] {processor.py:830} INFO - Processing file /home/airflow/.local/lib/python3.8/site-packages/airflow/example_dags/tutorial_dag.py for tasks to queue
[2025-07-10T02:10:49.997+0000] {logging_mixin.py:188} INFO - [2025-07-10T02:10:49.997+0000] {dagbag.py:538} INFO - Filling up the DagBag from /home/airflow/.local/lib/python3.8/site-packages/airflow/example_dags/tutorial_dag.py
[2025-07-10T02:10:50.003+0000] {processor.py:840} INFO - DAG(s) 'tutorial_dag' retrieved from /home/airflow/.local/lib/python3.8/site-packages/airflow/example_dags/tutorial_dag.py
[2025-07-10T02:10:50.029+0000] {logging_mixin.py:188} INFO - [2025-07-10T02:10:50.028+0000] {dag.py:3036} INFO - Sync 1 DAGs
[2025-07-10T02:10:50.049+0000] {logging_mixin.py:188} INFO - [2025-07-10T02:10:50.049+0000] {dag.py:3823} INFO - Setting next_dagrun for tutorial_dag to None, run_after=None
[2025-07-10T02:10:50.075+0000] {processor.py:183} INFO - Processing /home/airflow/.local/lib/python3.8/site-packages/airflow/example_dags/tutorial_dag.py took 0.086 seconds
[2025-07-10T02:11:20.409+0000] {processor.py:161} INFO - Started process (PID=250) to work on /home/airflow/.local/lib/python3.8/site-packages/airflow/example_dags/tutorial_dag.py
[2025-07-10T02:11:20.410+0000] {processor.py:830} INFO - Processing file /home/airflow/.local/lib/python3.8/site-packages/airflow/example_dags/tutorial_dag.py for tasks to queue
[2025-07-10T02:11:20.413+0000] {logging_mixin.py:188} INFO - [2025-07-10T02:11:20.412+0000] {dagbag.py:538} INFO - Filling up the DagBag from /home/airflow/.local/lib/python3.8/site-packages/airflow/example_dags/tutorial_dag.py
[2025-07-10T02:11:20.420+0000] {processor.py:840} INFO - DAG(s) 'tutorial_dag' retrieved from /home/airflow/.local/lib/python3.8/site-packages/airflow/example_dags/tutorial_dag.py
[2025-07-10T02:11:20.443+0000] {logging_mixin.py:188} INFO - [2025-07-10T02:11:20.443+0000] {dag.py:3036} INFO - Sync 1 DAGs
[2025-07-10T02:11:20.456+0000] {logging_mixin.py:188} INFO - [2025-07-10T02:11:20.456+0000] {dag.py:3823} INFO - Setting next_dagrun for tutorial_dag to None, run_after=None
[2025-07-10T02:11:20.483+0000] {processor.py:183} INFO - Processing /home/airflow/.local/lib/python3.8/site-packages/airflow/example_dags/tutorial_dag.py took 0.078 seconds
[2025-07-10T02:11:51.222+0000] {processor.py:161} INFO - Started process (PID=306) to work on /home/airflow/.local/lib/python3.8/site-packages/airflow/example_dags/tutorial_dag.py
[2025-07-10T02:11:51.224+0000] {processor.py:830} INFO - Processing file /home/airflow/.local/lib/python3.8/site-packages/airflow/example_dags/tutorial_dag.py for tasks to queue
[2025-07-10T02:11:51.228+0000] {logging_mixin.py:188} INFO - [2025-07-10T02:11:51.228+0000] {dagbag.py:538} INFO - Filling up the DagBag from /home/airflow/.local/lib/python3.8/site-packages/airflow/example_dags/tutorial_dag.py
[2025-07-10T02:11:51.237+0000] {processor.py:840} INFO - DAG(s) 'tutorial_dag' retrieved from /home/airflow/.local/lib/python3.8/site-packages/airflow/example_dags/tutorial_dag.py
[2025-07-10T02:11:51.259+0000] {logging_mixin.py:188} INFO - [2025-07-10T02:11:51.258+0000] {dag.py:3036} INFO - Sync 1 DAGs
[2025-07-10T02:11:51.272+0000] {logging_mixin.py:188} INFO - [2025-07-10T02:11:51.271+0000] {dag.py:3823} INFO - Setting next_dagrun for tutorial_dag to None, run_after=None
[2025-07-10T02:11:51.299+0000] {processor.py:183} INFO - Processing /home/airflow/.local/lib/python3.8/site-packages/airflow/example_dags/tutorial_dag.py took 0.081 seconds
[2025-07-10T02:14:06.338+0000] {processor.py:161} INFO - Started process (PID=87) to work on /home/airflow/.local/lib/python3.8/site-packages/airflow/example_dags/tutorial_dag.py
[2025-07-10T02:14:06.340+0000] {processor.py:830} INFO - Processing file /home/airflow/.local/lib/python3.8/site-packages/airflow/example_dags/tutorial_dag.py for tasks to queue
[2025-07-10T02:14:06.343+0000] {logging_mixin.py:188} INFO - [2025-07-10T02:14:06.343+0000] {dagbag.py:538} INFO - Filling up the DagBag from /home/airflow/.local/lib/python3.8/site-packages/airflow/example_dags/tutorial_dag.py
[2025-07-10T02:14:06.354+0000] {processor.py:840} INFO - DAG(s) 'tutorial_dag' retrieved from /home/airflow/.local/lib/python3.8/site-packages/airflow/example_dags/tutorial_dag.py
[2025-07-10T02:14:06.478+0000] {logging_mixin.py:188} INFO - [2025-07-10T02:14:06.478+0000] {override.py:1769} INFO - Created Permission View: can delete on DAG:tutorial_dag
[2025-07-10T02:14:06.492+0000] {logging_mixin.py:188} INFO - [2025-07-10T02:14:06.492+0000] {override.py:1769} INFO - Created Permission View: can read on DAG:tutorial_dag
[2025-07-10T02:14:06.503+0000] {logging_mixin.py:188} INFO - [2025-07-10T02:14:06.503+0000] {override.py:1769} INFO - Created Permission View: can edit on DAG:tutorial_dag
[2025-07-10T02:14:06.505+0000] {logging_mixin.py:188} INFO - [2025-07-10T02:14:06.504+0000] {dag.py:3036} INFO - Sync 1 DAGs
[2025-07-10T02:14:06.517+0000] {logging_mixin.py:188} INFO - [2025-07-10T02:14:06.516+0000] {dag.py:3058} INFO - Creating ORM DAG for tutorial_dag
[2025-07-10T02:14:06.518+0000] {logging_mixin.py:188} INFO - [2025-07-10T02:14:06.518+0000] {dag.py:3823} INFO - Setting next_dagrun for tutorial_dag to None, run_after=None
[2025-07-10T02:14:06.541+0000] {processor.py:183} INFO - Processing /home/airflow/.local/lib/python3.8/site-packages/airflow/example_dags/tutorial_dag.py took 0.207 seconds
[2025-07-10T02:14:36.677+0000] {processor.py:161} INFO - Started process (PID=143) to work on /home/airflow/.local/lib/python3.8/site-packages/airflow/example_dags/tutorial_dag.py
[2025-07-10T02:14:36.678+0000] {processor.py:830} INFO - Processing file /home/airflow/.local/lib/python3.8/site-packages/airflow/example_dags/tutorial_dag.py for tasks to queue
[2025-07-10T02:14:36.681+0000] {logging_mixin.py:188} INFO - [2025-07-10T02:14:36.681+0000] {dagbag.py:538} INFO - Filling up the DagBag from /home/airflow/.local/lib/python3.8/site-packages/airflow/example_dags/tutorial_dag.py
[2025-07-10T02:14:36.687+0000] {processor.py:840} INFO - DAG(s) 'tutorial_dag' retrieved from /home/airflow/.local/lib/python3.8/site-packages/airflow/example_dags/tutorial_dag.py
[2025-07-10T02:14:36.708+0000] {logging_mixin.py:188} INFO - [2025-07-10T02:14:36.707+0000] {dag.py:3036} INFO - Sync 1 DAGs
[2025-07-10T02:14:36.719+0000] {logging_mixin.py:188} INFO - [2025-07-10T02:14:36.719+0000] {dag.py:3823} INFO - Setting next_dagrun for tutorial_dag to None, run_after=None
[2025-07-10T02:14:36.747+0000] {processor.py:183} INFO - Processing /home/airflow/.local/lib/python3.8/site-packages/airflow/example_dags/tutorial_dag.py took 0.074 seconds
[2025-07-10T02:15:07.304+0000] {processor.py:161} INFO - Started process (PID=199) to work on /home/airflow/.local/lib/python3.8/site-packages/airflow/example_dags/tutorial_dag.py
[2025-07-10T02:15:07.306+0000] {processor.py:830} INFO - Processing file /home/airflow/.local/lib/python3.8/site-packages/airflow/example_dags/tutorial_dag.py for tasks to queue
[2025-07-10T02:15:07.308+0000] {logging_mixin.py:188} INFO - [2025-07-10T02:15:07.308+0000] {dagbag.py:538} INFO - Filling up the DagBag from /home/airflow/.local/lib/python3.8/site-packages/airflow/example_dags/tutorial_dag.py
[2025-07-10T02:15:07.314+0000] {processor.py:840} INFO - DAG(s) 'tutorial_dag' retrieved from /home/airflow/.local/lib/python3.8/site-packages/airflow/example_dags/tutorial_dag.py
[2025-07-10T02:15:07.338+0000] {logging_mixin.py:188} INFO - [2025-07-10T02:15:07.337+0000] {dag.py:3036} INFO - Sync 1 DAGs
[2025-07-10T02:15:07.350+0000] {logging_mixin.py:188} INFO - [2025-07-10T02:15:07.350+0000] {dag.py:3823} INFO - Setting next_dagrun for tutorial_dag to None, run_after=None
[2025-07-10T02:15:07.374+0000] {processor.py:183} INFO - Processing /home/airflow/.local/lib/python3.8/site-packages/airflow/example_dags/tutorial_dag.py took 0.074 seconds
[2025-07-10T02:15:38.329+0000] {processor.py:161} INFO - Started process (PID=255) to work on /home/airflow/.local/lib/python3.8/site-packages/airflow/example_dags/tutorial_dag.py
[2025-07-10T02:15:38.332+0000] {processor.py:830} INFO - Processing file /home/airflow/.local/lib/python3.8/site-packages/airflow/example_dags/tutorial_dag.py for tasks to queue
[2025-07-10T02:15:38.338+0000] {logging_mixin.py:188} INFO - [2025-07-10T02:15:38.337+0000] {dagbag.py:538} INFO - Filling up the DagBag from /home/airflow/.local/lib/python3.8/site-packages/airflow/example_dags/tutorial_dag.py
[2025-07-10T02:15:38.352+0000] {processor.py:840} INFO - DAG(s) 'tutorial_dag' retrieved from /home/airflow/.local/lib/python3.8/site-packages/airflow/example_dags/tutorial_dag.py
[2025-07-10T02:15:38.387+0000] {logging_mixin.py:188} INFO - [2025-07-10T02:15:38.387+0000] {dag.py:3036} INFO - Sync 1 DAGs
[2025-07-10T02:15:38.402+0000] {logging_mixin.py:188} INFO - [2025-07-10T02:15:38.401+0000] {dag.py:3823} INFO - Setting next_dagrun for tutorial_dag to None, run_after=None
[2025-07-10T02:15:38.431+0000] {processor.py:183} INFO - Processing /home/airflow/.local/lib/python3.8/site-packages/airflow/example_dags/tutorial_dag.py took 0.106 seconds
[2025-07-10T02:16:38.812+0000] {processor.py:161} INFO - Started process (PID=87) to work on /home/airflow/.local/lib/python3.8/site-packages/airflow/example_dags/tutorial_dag.py
[2025-07-10T02:16:38.814+0000] {processor.py:830} INFO - Processing file /home/airflow/.local/lib/python3.8/site-packages/airflow/example_dags/tutorial_dag.py for tasks to queue
[2025-07-10T02:16:38.816+0000] {logging_mixin.py:188} INFO - [2025-07-10T02:16:38.816+0000] {dagbag.py:538} INFO - Filling up the DagBag from /home/airflow/.local/lib/python3.8/site-packages/airflow/example_dags/tutorial_dag.py
[2025-07-10T02:16:38.827+0000] {processor.py:840} INFO - DAG(s) 'tutorial_dag' retrieved from /home/airflow/.local/lib/python3.8/site-packages/airflow/example_dags/tutorial_dag.py
[2025-07-10T02:16:38.845+0000] {logging_mixin.py:188} INFO - [2025-07-10T02:16:38.845+0000] {dag.py:3036} INFO - Sync 1 DAGs
[2025-07-10T02:16:38.861+0000] {logging_mixin.py:188} INFO - [2025-07-10T02:16:38.861+0000] {dag.py:3823} INFO - Setting next_dagrun for tutorial_dag to None, run_after=None
[2025-07-10T02:16:38.893+0000] {processor.py:183} INFO - Processing /home/airflow/.local/lib/python3.8/site-packages/airflow/example_dags/tutorial_dag.py took 0.085 seconds
[2025-07-10T02:17:10.914+0000] {processor.py:161} INFO - Started process (PID=143) to work on /home/airflow/.local/lib/python3.8/site-packages/airflow/example_dags/tutorial_dag.py
[2025-07-10T02:17:10.917+0000] {processor.py:830} INFO - Processing file /home/airflow/.local/lib/python3.8/site-packages/airflow/example_dags/tutorial_dag.py for tasks to queue
[2025-07-10T02:17:10.921+0000] {logging_mixin.py:188} INFO - [2025-07-10T02:17:10.921+0000] {dagbag.py:538} INFO - Filling up the DagBag from /home/airflow/.local/lib/python3.8/site-packages/airflow/example_dags/tutorial_dag.py
[2025-07-10T02:17:10.931+0000] {processor.py:840} INFO - DAG(s) 'tutorial_dag' retrieved from /home/airflow/.local/lib/python3.8/site-packages/airflow/example_dags/tutorial_dag.py
[2025-07-10T02:17:11.088+0000] {logging_mixin.py:188} INFO - [2025-07-10T02:17:11.087+0000] {dag.py:3036} INFO - Sync 1 DAGs
[2025-07-10T02:17:11.112+0000] {logging_mixin.py:188} INFO - [2025-07-10T02:17:11.112+0000] {dag.py:3823} INFO - Setting next_dagrun for tutorial_dag to None, run_after=None
[2025-07-10T02:17:11.155+0000] {processor.py:183} INFO - Processing /home/airflow/.local/lib/python3.8/site-packages/airflow/example_dags/tutorial_dag.py took 0.247 seconds
