[2025-07-10T00:00:04.710+0000] {processor.py:161} INFO - Started process (PID=707) to work on /home/airflow/.local/lib/python3.8/site-packages/airflow/example_dags/tutorial_objectstorage.py
[2025-07-10T00:00:04.713+0000] {processor.py:830} INFO - Processing file /home/airflow/.local/lib/python3.8/site-packages/airflow/example_dags/tutorial_objectstorage.py for tasks to queue
[2025-07-10T00:00:04.716+0000] {logging_mixin.py:188} INFO - [2025-07-10T00:00:04.715+0000] {dagbag.py:538} INFO - Filling up the DagBag from /home/airflow/.local/lib/python3.8/site-packages/airflow/example_dags/tutorial_objectstorage.py
[2025-07-10T00:00:04.743+0000] {processor.py:840} INFO - DAG(s) 'tutorial_objectstorage' retrieved from /home/airflow/.local/lib/python3.8/site-packages/airflow/example_dags/tutorial_objectstorage.py
[2025-07-10T00:00:04.796+0000] {logging_mixin.py:188} INFO - [2025-07-10T00:00:04.796+0000] {dag.py:3036} INFO - Sync 1 DAGs
[2025-07-10T00:00:04.819+0000] {logging_mixin.py:188} INFO - [2025-07-10T00:00:04.819+0000] {dag.py:3823} INFO - Setting next_dagrun for tutorial_objectstorage to None, run_after=None
[2025-07-10T00:00:04.860+0000] {processor.py:183} INFO - Processing /home/airflow/.local/lib/python3.8/site-packages/airflow/example_dags/tutorial_objectstorage.py took 0.160 seconds
[2025-07-10T00:01:36.021+0000] {processor.py:161} INFO - Started process (PID=75) to work on /home/airflow/.local/lib/python3.8/site-packages/airflow/example_dags/tutorial_objectstorage.py
[2025-07-10T00:01:36.022+0000] {processor.py:830} INFO - Processing file /home/airflow/.local/lib/python3.8/site-packages/airflow/example_dags/tutorial_objectstorage.py for tasks to queue
[2025-07-10T00:01:36.026+0000] {logging_mixin.py:188} INFO - [2025-07-10T00:01:36.025+0000] {dagbag.py:538} INFO - Filling up the DagBag from /home/airflow/.local/lib/python3.8/site-packages/airflow/example_dags/tutorial_objectstorage.py
[2025-07-10T00:01:36.040+0000] {processor.py:840} INFO - DAG(s) 'tutorial_objectstorage' retrieved from /home/airflow/.local/lib/python3.8/site-packages/airflow/example_dags/tutorial_objectstorage.py
[2025-07-10T00:01:36.162+0000] {logging_mixin.py:188} INFO - [2025-07-10T00:01:36.162+0000] {dag.py:3036} INFO - Sync 1 DAGs
[2025-07-10T00:01:36.174+0000] {logging_mixin.py:188} INFO - [2025-07-10T00:01:36.174+0000] {dag.py:3823} INFO - Setting next_dagrun for tutorial_objectstorage to None, run_after=None
[2025-07-10T00:01:36.209+0000] {processor.py:183} INFO - Processing /home/airflow/.local/lib/python3.8/site-packages/airflow/example_dags/tutorial_objectstorage.py took 0.193 seconds
[2025-07-10T00:02:06.261+0000] {processor.py:161} INFO - Started process (PID=131) to work on /home/airflow/.local/lib/python3.8/site-packages/airflow/example_dags/tutorial_objectstorage.py
[2025-07-10T00:02:06.263+0000] {processor.py:830} INFO - Processing file /home/airflow/.local/lib/python3.8/site-packages/airflow/example_dags/tutorial_objectstorage.py for tasks to queue
[2025-07-10T00:02:06.266+0000] {logging_mixin.py:188} INFO - [2025-07-10T00:02:06.265+0000] {dagbag.py:538} INFO - Filling up the DagBag from /home/airflow/.local/lib/python3.8/site-packages/airflow/example_dags/tutorial_objectstorage.py
[2025-07-10T00:02:06.275+0000] {processor.py:840} INFO - DAG(s) 'tutorial_objectstorage' retrieved from /home/airflow/.local/lib/python3.8/site-packages/airflow/example_dags/tutorial_objectstorage.py
[2025-07-10T00:02:06.291+0000] {logging_mixin.py:188} INFO - [2025-07-10T00:02:06.291+0000] {dag.py:3036} INFO - Sync 1 DAGs
[2025-07-10T00:02:06.310+0000] {logging_mixin.py:188} INFO - [2025-07-10T00:02:06.310+0000] {dag.py:3823} INFO - Setting next_dagrun for tutorial_objectstorage to None, run_after=None
[2025-07-10T00:02:06.342+0000] {processor.py:183} INFO - Processing /home/airflow/.local/lib/python3.8/site-packages/airflow/example_dags/tutorial_objectstorage.py took 0.086 seconds
[2025-07-10T00:02:37.078+0000] {processor.py:161} INFO - Started process (PID=187) to work on /home/airflow/.local/lib/python3.8/site-packages/airflow/example_dags/tutorial_objectstorage.py
[2025-07-10T00:02:37.080+0000] {processor.py:830} INFO - Processing file /home/airflow/.local/lib/python3.8/site-packages/airflow/example_dags/tutorial_objectstorage.py for tasks to queue
[2025-07-10T00:02:37.083+0000] {logging_mixin.py:188} INFO - [2025-07-10T00:02:37.083+0000] {dagbag.py:538} INFO - Filling up the DagBag from /home/airflow/.local/lib/python3.8/site-packages/airflow/example_dags/tutorial_objectstorage.py
[2025-07-10T00:02:37.093+0000] {processor.py:840} INFO - DAG(s) 'tutorial_objectstorage' retrieved from /home/airflow/.local/lib/python3.8/site-packages/airflow/example_dags/tutorial_objectstorage.py
[2025-07-10T00:02:37.208+0000] {logging_mixin.py:188} INFO - [2025-07-10T00:02:37.208+0000] {dag.py:3036} INFO - Sync 1 DAGs
[2025-07-10T00:02:37.221+0000] {logging_mixin.py:188} INFO - [2025-07-10T00:02:37.221+0000] {dag.py:3823} INFO - Setting next_dagrun for tutorial_objectstorage to None, run_after=None
[2025-07-10T00:02:37.271+0000] {processor.py:183} INFO - Processing /home/airflow/.local/lib/python3.8/site-packages/airflow/example_dags/tutorial_objectstorage.py took 0.199 seconds
[2025-07-10T00:03:08.273+0000] {processor.py:161} INFO - Started process (PID=249) to work on /home/airflow/.local/lib/python3.8/site-packages/airflow/example_dags/tutorial_objectstorage.py
[2025-07-10T00:03:08.275+0000] {processor.py:830} INFO - Processing file /home/airflow/.local/lib/python3.8/site-packages/airflow/example_dags/tutorial_objectstorage.py for tasks to queue
[2025-07-10T00:03:08.278+0000] {logging_mixin.py:188} INFO - [2025-07-10T00:03:08.278+0000] {dagbag.py:538} INFO - Filling up the DagBag from /home/airflow/.local/lib/python3.8/site-packages/airflow/example_dags/tutorial_objectstorage.py
[2025-07-10T00:03:08.287+0000] {processor.py:840} INFO - DAG(s) 'tutorial_objectstorage' retrieved from /home/airflow/.local/lib/python3.8/site-packages/airflow/example_dags/tutorial_objectstorage.py
[2025-07-10T00:03:08.313+0000] {logging_mixin.py:188} INFO - [2025-07-10T00:03:08.313+0000] {dag.py:3036} INFO - Sync 1 DAGs
[2025-07-10T00:03:08.347+0000] {logging_mixin.py:188} INFO - [2025-07-10T00:03:08.346+0000] {dag.py:3823} INFO - Setting next_dagrun for tutorial_objectstorage to None, run_after=None
[2025-07-10T00:03:08.384+0000] {processor.py:183} INFO - Processing /home/airflow/.local/lib/python3.8/site-packages/airflow/example_dags/tutorial_objectstorage.py took 0.116 seconds
[2025-07-10T00:03:38.537+0000] {processor.py:161} INFO - Started process (PID=305) to work on /home/airflow/.local/lib/python3.8/site-packages/airflow/example_dags/tutorial_objectstorage.py
[2025-07-10T00:03:38.539+0000] {processor.py:830} INFO - Processing file /home/airflow/.local/lib/python3.8/site-packages/airflow/example_dags/tutorial_objectstorage.py for tasks to queue
[2025-07-10T00:03:38.543+0000] {logging_mixin.py:188} INFO - [2025-07-10T00:03:38.542+0000] {dagbag.py:538} INFO - Filling up the DagBag from /home/airflow/.local/lib/python3.8/site-packages/airflow/example_dags/tutorial_objectstorage.py
[2025-07-10T00:03:38.555+0000] {processor.py:840} INFO - DAG(s) 'tutorial_objectstorage' retrieved from /home/airflow/.local/lib/python3.8/site-packages/airflow/example_dags/tutorial_objectstorage.py
[2025-07-10T00:03:38.614+0000] {logging_mixin.py:188} INFO - [2025-07-10T00:03:38.614+0000] {dag.py:3036} INFO - Sync 1 DAGs
[2025-07-10T00:03:38.662+0000] {logging_mixin.py:188} INFO - [2025-07-10T00:03:38.662+0000] {dag.py:3823} INFO - Setting next_dagrun for tutorial_objectstorage to None, run_after=None
[2025-07-10T00:03:38.728+0000] {processor.py:183} INFO - Processing /home/airflow/.local/lib/python3.8/site-packages/airflow/example_dags/tutorial_objectstorage.py took 0.197 seconds
[2025-07-10T00:04:08.980+0000] {processor.py:161} INFO - Started process (PID=360) to work on /home/airflow/.local/lib/python3.8/site-packages/airflow/example_dags/tutorial_objectstorage.py
[2025-07-10T00:04:08.983+0000] {processor.py:830} INFO - Processing file /home/airflow/.local/lib/python3.8/site-packages/airflow/example_dags/tutorial_objectstorage.py for tasks to queue
[2025-07-10T00:04:08.988+0000] {logging_mixin.py:188} INFO - [2025-07-10T00:04:08.987+0000] {dagbag.py:538} INFO - Filling up the DagBag from /home/airflow/.local/lib/python3.8/site-packages/airflow/example_dags/tutorial_objectstorage.py
[2025-07-10T00:04:09.001+0000] {processor.py:840} INFO - DAG(s) 'tutorial_objectstorage' retrieved from /home/airflow/.local/lib/python3.8/site-packages/airflow/example_dags/tutorial_objectstorage.py
[2025-07-10T00:04:09.032+0000] {logging_mixin.py:188} INFO - [2025-07-10T00:04:09.032+0000] {dag.py:3036} INFO - Sync 1 DAGs
[2025-07-10T00:04:09.051+0000] {logging_mixin.py:188} INFO - [2025-07-10T00:04:09.051+0000] {dag.py:3823} INFO - Setting next_dagrun for tutorial_objectstorage to None, run_after=None
[2025-07-10T00:04:09.082+0000] {processor.py:183} INFO - Processing /home/airflow/.local/lib/python3.8/site-packages/airflow/example_dags/tutorial_objectstorage.py took 0.108 seconds
[2025-07-10T00:04:39.501+0000] {processor.py:161} INFO - Started process (PID=416) to work on /home/airflow/.local/lib/python3.8/site-packages/airflow/example_dags/tutorial_objectstorage.py
[2025-07-10T00:04:39.502+0000] {processor.py:830} INFO - Processing file /home/airflow/.local/lib/python3.8/site-packages/airflow/example_dags/tutorial_objectstorage.py for tasks to queue
[2025-07-10T00:04:39.505+0000] {logging_mixin.py:188} INFO - [2025-07-10T00:04:39.504+0000] {dagbag.py:538} INFO - Filling up the DagBag from /home/airflow/.local/lib/python3.8/site-packages/airflow/example_dags/tutorial_objectstorage.py
[2025-07-10T00:04:39.514+0000] {processor.py:840} INFO - DAG(s) 'tutorial_objectstorage' retrieved from /home/airflow/.local/lib/python3.8/site-packages/airflow/example_dags/tutorial_objectstorage.py
[2025-07-10T00:04:39.541+0000] {logging_mixin.py:188} INFO - [2025-07-10T00:04:39.541+0000] {dag.py:3036} INFO - Sync 1 DAGs
[2025-07-10T00:04:39.557+0000] {logging_mixin.py:188} INFO - [2025-07-10T00:04:39.557+0000] {dag.py:3823} INFO - Setting next_dagrun for tutorial_objectstorage to None, run_after=None
[2025-07-10T00:04:39.583+0000] {processor.py:183} INFO - Processing /home/airflow/.local/lib/python3.8/site-packages/airflow/example_dags/tutorial_objectstorage.py took 0.087 seconds
[2025-07-10T02:03:30.715+0000] {processor.py:161} INFO - Started process (PID=75) to work on /home/airflow/.local/lib/python3.8/site-packages/airflow/example_dags/tutorial_objectstorage.py
[2025-07-10T02:03:30.717+0000] {processor.py:830} INFO - Processing file /home/airflow/.local/lib/python3.8/site-packages/airflow/example_dags/tutorial_objectstorage.py for tasks to queue
[2025-07-10T02:03:30.720+0000] {logging_mixin.py:188} INFO - [2025-07-10T02:03:30.720+0000] {dagbag.py:538} INFO - Filling up the DagBag from /home/airflow/.local/lib/python3.8/site-packages/airflow/example_dags/tutorial_objectstorage.py
[2025-07-10T02:03:30.732+0000] {processor.py:840} INFO - DAG(s) 'tutorial_objectstorage' retrieved from /home/airflow/.local/lib/python3.8/site-packages/airflow/example_dags/tutorial_objectstorage.py
[2025-07-10T02:03:30.766+0000] {logging_mixin.py:188} INFO - [2025-07-10T02:03:30.766+0000] {dag.py:3036} INFO - Sync 1 DAGs
[2025-07-10T02:03:30.782+0000] {logging_mixin.py:188} INFO - [2025-07-10T02:03:30.782+0000] {dag.py:3823} INFO - Setting next_dagrun for tutorial_objectstorage to None, run_after=None
[2025-07-10T02:03:30.810+0000] {processor.py:183} INFO - Processing /home/airflow/.local/lib/python3.8/site-packages/airflow/example_dags/tutorial_objectstorage.py took 0.100 seconds
[2025-07-10T02:04:01.710+0000] {processor.py:161} INFO - Started process (PID=131) to work on /home/airflow/.local/lib/python3.8/site-packages/airflow/example_dags/tutorial_objectstorage.py
[2025-07-10T02:04:01.712+0000] {processor.py:830} INFO - Processing file /home/airflow/.local/lib/python3.8/site-packages/airflow/example_dags/tutorial_objectstorage.py for tasks to queue
[2025-07-10T02:04:01.715+0000] {logging_mixin.py:188} INFO - [2025-07-10T02:04:01.714+0000] {dagbag.py:538} INFO - Filling up the DagBag from /home/airflow/.local/lib/python3.8/site-packages/airflow/example_dags/tutorial_objectstorage.py
[2025-07-10T02:04:01.722+0000] {processor.py:840} INFO - DAG(s) 'tutorial_objectstorage' retrieved from /home/airflow/.local/lib/python3.8/site-packages/airflow/example_dags/tutorial_objectstorage.py
[2025-07-10T02:04:01.747+0000] {logging_mixin.py:188} INFO - [2025-07-10T02:04:01.747+0000] {dag.py:3036} INFO - Sync 1 DAGs
[2025-07-10T02:04:01.759+0000] {logging_mixin.py:188} INFO - [2025-07-10T02:04:01.759+0000] {dag.py:3823} INFO - Setting next_dagrun for tutorial_objectstorage to None, run_after=None
[2025-07-10T02:04:01.792+0000] {processor.py:183} INFO - Processing /home/airflow/.local/lib/python3.8/site-packages/airflow/example_dags/tutorial_objectstorage.py took 0.088 seconds
[2025-07-10T02:04:32.010+0000] {processor.py:161} INFO - Started process (PID=186) to work on /home/airflow/.local/lib/python3.8/site-packages/airflow/example_dags/tutorial_objectstorage.py
[2025-07-10T02:04:32.012+0000] {processor.py:830} INFO - Processing file /home/airflow/.local/lib/python3.8/site-packages/airflow/example_dags/tutorial_objectstorage.py for tasks to queue
[2025-07-10T02:04:32.014+0000] {logging_mixin.py:188} INFO - [2025-07-10T02:04:32.014+0000] {dagbag.py:538} INFO - Filling up the DagBag from /home/airflow/.local/lib/python3.8/site-packages/airflow/example_dags/tutorial_objectstorage.py
[2025-07-10T02:04:32.025+0000] {processor.py:840} INFO - DAG(s) 'tutorial_objectstorage' retrieved from /home/airflow/.local/lib/python3.8/site-packages/airflow/example_dags/tutorial_objectstorage.py
[2025-07-10T02:04:32.047+0000] {logging_mixin.py:188} INFO - [2025-07-10T02:04:32.047+0000] {dag.py:3036} INFO - Sync 1 DAGs
[2025-07-10T02:04:32.059+0000] {logging_mixin.py:188} INFO - [2025-07-10T02:04:32.059+0000] {dag.py:3823} INFO - Setting next_dagrun for tutorial_objectstorage to None, run_after=None
[2025-07-10T02:04:32.084+0000] {processor.py:183} INFO - Processing /home/airflow/.local/lib/python3.8/site-packages/airflow/example_dags/tutorial_objectstorage.py took 0.077 seconds
[2025-07-10T02:05:02.592+0000] {processor.py:161} INFO - Started process (PID=242) to work on /home/airflow/.local/lib/python3.8/site-packages/airflow/example_dags/tutorial_objectstorage.py
[2025-07-10T02:05:02.595+0000] {processor.py:830} INFO - Processing file /home/airflow/.local/lib/python3.8/site-packages/airflow/example_dags/tutorial_objectstorage.py for tasks to queue
[2025-07-10T02:05:02.601+0000] {logging_mixin.py:188} INFO - [2025-07-10T02:05:02.600+0000] {dagbag.py:538} INFO - Filling up the DagBag from /home/airflow/.local/lib/python3.8/site-packages/airflow/example_dags/tutorial_objectstorage.py
[2025-07-10T02:05:02.622+0000] {processor.py:840} INFO - DAG(s) 'tutorial_objectstorage' retrieved from /home/airflow/.local/lib/python3.8/site-packages/airflow/example_dags/tutorial_objectstorage.py
[2025-07-10T02:05:02.652+0000] {logging_mixin.py:188} INFO - [2025-07-10T02:05:02.652+0000] {dag.py:3036} INFO - Sync 1 DAGs
[2025-07-10T02:05:02.671+0000] {logging_mixin.py:188} INFO - [2025-07-10T02:05:02.671+0000] {dag.py:3823} INFO - Setting next_dagrun for tutorial_objectstorage to None, run_after=None
[2025-07-10T02:05:02.703+0000] {processor.py:183} INFO - Processing /home/airflow/.local/lib/python3.8/site-packages/airflow/example_dags/tutorial_objectstorage.py took 0.121 seconds
[2025-07-10T02:05:32.953+0000] {processor.py:161} INFO - Started process (PID=298) to work on /home/airflow/.local/lib/python3.8/site-packages/airflow/example_dags/tutorial_objectstorage.py
[2025-07-10T02:05:32.955+0000] {processor.py:830} INFO - Processing file /home/airflow/.local/lib/python3.8/site-packages/airflow/example_dags/tutorial_objectstorage.py for tasks to queue
[2025-07-10T02:05:32.958+0000] {logging_mixin.py:188} INFO - [2025-07-10T02:05:32.958+0000] {dagbag.py:538} INFO - Filling up the DagBag from /home/airflow/.local/lib/python3.8/site-packages/airflow/example_dags/tutorial_objectstorage.py
[2025-07-10T02:05:32.966+0000] {processor.py:840} INFO - DAG(s) 'tutorial_objectstorage' retrieved from /home/airflow/.local/lib/python3.8/site-packages/airflow/example_dags/tutorial_objectstorage.py
[2025-07-10T02:05:32.981+0000] {logging_mixin.py:188} INFO - [2025-07-10T02:05:32.981+0000] {dag.py:3036} INFO - Sync 1 DAGs
[2025-07-10T02:05:32.994+0000] {logging_mixin.py:188} INFO - [2025-07-10T02:05:32.994+0000] {dag.py:3823} INFO - Setting next_dagrun for tutorial_objectstorage to None, run_after=None
[2025-07-10T02:05:33.019+0000] {processor.py:183} INFO - Processing /home/airflow/.local/lib/python3.8/site-packages/airflow/example_dags/tutorial_objectstorage.py took 0.072 seconds
[2025-07-10T02:06:03.489+0000] {processor.py:161} INFO - Started process (PID=354) to work on /home/airflow/.local/lib/python3.8/site-packages/airflow/example_dags/tutorial_objectstorage.py
[2025-07-10T02:06:03.491+0000] {processor.py:830} INFO - Processing file /home/airflow/.local/lib/python3.8/site-packages/airflow/example_dags/tutorial_objectstorage.py for tasks to queue
[2025-07-10T02:06:03.494+0000] {logging_mixin.py:188} INFO - [2025-07-10T02:06:03.494+0000] {dagbag.py:538} INFO - Filling up the DagBag from /home/airflow/.local/lib/python3.8/site-packages/airflow/example_dags/tutorial_objectstorage.py
[2025-07-10T02:06:03.502+0000] {processor.py:840} INFO - DAG(s) 'tutorial_objectstorage' retrieved from /home/airflow/.local/lib/python3.8/site-packages/airflow/example_dags/tutorial_objectstorage.py
[2025-07-10T02:06:03.602+0000] {logging_mixin.py:188} INFO - [2025-07-10T02:06:03.602+0000] {dag.py:3036} INFO - Sync 1 DAGs
[2025-07-10T02:06:03.614+0000] {logging_mixin.py:188} INFO - [2025-07-10T02:06:03.613+0000] {dag.py:3823} INFO - Setting next_dagrun for tutorial_objectstorage to None, run_after=None
[2025-07-10T02:06:03.639+0000] {processor.py:183} INFO - Processing /home/airflow/.local/lib/python3.8/site-packages/airflow/example_dags/tutorial_objectstorage.py took 0.154 seconds
[2025-07-10T02:06:34.052+0000] {processor.py:161} INFO - Started process (PID=410) to work on /home/airflow/.local/lib/python3.8/site-packages/airflow/example_dags/tutorial_objectstorage.py
[2025-07-10T02:06:34.053+0000] {processor.py:830} INFO - Processing file /home/airflow/.local/lib/python3.8/site-packages/airflow/example_dags/tutorial_objectstorage.py for tasks to queue
[2025-07-10T02:06:34.058+0000] {logging_mixin.py:188} INFO - [2025-07-10T02:06:34.057+0000] {dagbag.py:538} INFO - Filling up the DagBag from /home/airflow/.local/lib/python3.8/site-packages/airflow/example_dags/tutorial_objectstorage.py
[2025-07-10T02:06:34.070+0000] {processor.py:840} INFO - DAG(s) 'tutorial_objectstorage' retrieved from /home/airflow/.local/lib/python3.8/site-packages/airflow/example_dags/tutorial_objectstorage.py
[2025-07-10T02:06:34.101+0000] {logging_mixin.py:188} INFO - [2025-07-10T02:06:34.100+0000] {dag.py:3036} INFO - Sync 1 DAGs
[2025-07-10T02:06:34.118+0000] {logging_mixin.py:188} INFO - [2025-07-10T02:06:34.118+0000] {dag.py:3823} INFO - Setting next_dagrun for tutorial_objectstorage to None, run_after=None
[2025-07-10T02:06:34.149+0000] {processor.py:183} INFO - Processing /home/airflow/.local/lib/python3.8/site-packages/airflow/example_dags/tutorial_objectstorage.py took 0.103 seconds
[2025-07-10T02:07:04.466+0000] {processor.py:161} INFO - Started process (PID=466) to work on /home/airflow/.local/lib/python3.8/site-packages/airflow/example_dags/tutorial_objectstorage.py
[2025-07-10T02:07:04.467+0000] {processor.py:830} INFO - Processing file /home/airflow/.local/lib/python3.8/site-packages/airflow/example_dags/tutorial_objectstorage.py for tasks to queue
[2025-07-10T02:07:04.470+0000] {logging_mixin.py:188} INFO - [2025-07-10T02:07:04.470+0000] {dagbag.py:538} INFO - Filling up the DagBag from /home/airflow/.local/lib/python3.8/site-packages/airflow/example_dags/tutorial_objectstorage.py
[2025-07-10T02:07:04.477+0000] {processor.py:840} INFO - DAG(s) 'tutorial_objectstorage' retrieved from /home/airflow/.local/lib/python3.8/site-packages/airflow/example_dags/tutorial_objectstorage.py
[2025-07-10T02:07:04.501+0000] {logging_mixin.py:188} INFO - [2025-07-10T02:07:04.501+0000] {dag.py:3036} INFO - Sync 1 DAGs
[2025-07-10T02:07:04.513+0000] {logging_mixin.py:188} INFO - [2025-07-10T02:07:04.513+0000] {dag.py:3823} INFO - Setting next_dagrun for tutorial_objectstorage to None, run_after=None
[2025-07-10T02:07:04.541+0000] {processor.py:183} INFO - Processing /home/airflow/.local/lib/python3.8/site-packages/airflow/example_dags/tutorial_objectstorage.py took 0.078 seconds
[2025-07-10T02:07:35.048+0000] {processor.py:161} INFO - Started process (PID=522) to work on /home/airflow/.local/lib/python3.8/site-packages/airflow/example_dags/tutorial_objectstorage.py
[2025-07-10T02:07:35.050+0000] {processor.py:830} INFO - Processing file /home/airflow/.local/lib/python3.8/site-packages/airflow/example_dags/tutorial_objectstorage.py for tasks to queue
[2025-07-10T02:07:35.052+0000] {logging_mixin.py:188} INFO - [2025-07-10T02:07:35.052+0000] {dagbag.py:538} INFO - Filling up the DagBag from /home/airflow/.local/lib/python3.8/site-packages/airflow/example_dags/tutorial_objectstorage.py
[2025-07-10T02:07:35.059+0000] {processor.py:840} INFO - DAG(s) 'tutorial_objectstorage' retrieved from /home/airflow/.local/lib/python3.8/site-packages/airflow/example_dags/tutorial_objectstorage.py
[2025-07-10T02:07:35.083+0000] {logging_mixin.py:188} INFO - [2025-07-10T02:07:35.082+0000] {dag.py:3036} INFO - Sync 1 DAGs
[2025-07-10T02:07:35.094+0000] {logging_mixin.py:188} INFO - [2025-07-10T02:07:35.094+0000] {dag.py:3823} INFO - Setting next_dagrun for tutorial_objectstorage to None, run_after=None
[2025-07-10T02:07:35.122+0000] {processor.py:183} INFO - Processing /home/airflow/.local/lib/python3.8/site-packages/airflow/example_dags/tutorial_objectstorage.py took 0.076 seconds
[2025-07-10T02:08:05.316+0000] {processor.py:161} INFO - Started process (PID=578) to work on /home/airflow/.local/lib/python3.8/site-packages/airflow/example_dags/tutorial_objectstorage.py
[2025-07-10T02:08:05.318+0000] {processor.py:830} INFO - Processing file /home/airflow/.local/lib/python3.8/site-packages/airflow/example_dags/tutorial_objectstorage.py for tasks to queue
[2025-07-10T02:08:05.320+0000] {logging_mixin.py:188} INFO - [2025-07-10T02:08:05.320+0000] {dagbag.py:538} INFO - Filling up the DagBag from /home/airflow/.local/lib/python3.8/site-packages/airflow/example_dags/tutorial_objectstorage.py
[2025-07-10T02:08:05.326+0000] {processor.py:840} INFO - DAG(s) 'tutorial_objectstorage' retrieved from /home/airflow/.local/lib/python3.8/site-packages/airflow/example_dags/tutorial_objectstorage.py
[2025-07-10T02:08:05.349+0000] {logging_mixin.py:188} INFO - [2025-07-10T02:08:05.349+0000] {dag.py:3036} INFO - Sync 1 DAGs
[2025-07-10T02:08:05.361+0000] {logging_mixin.py:188} INFO - [2025-07-10T02:08:05.361+0000] {dag.py:3823} INFO - Setting next_dagrun for tutorial_objectstorage to None, run_after=None
[2025-07-10T02:08:05.384+0000] {processor.py:183} INFO - Processing /home/airflow/.local/lib/python3.8/site-packages/airflow/example_dags/tutorial_objectstorage.py took 0.072 seconds
[2025-07-10T02:08:35.912+0000] {processor.py:161} INFO - Started process (PID=634) to work on /home/airflow/.local/lib/python3.8/site-packages/airflow/example_dags/tutorial_objectstorage.py
[2025-07-10T02:08:35.914+0000] {processor.py:830} INFO - Processing file /home/airflow/.local/lib/python3.8/site-packages/airflow/example_dags/tutorial_objectstorage.py for tasks to queue
[2025-07-10T02:08:35.917+0000] {logging_mixin.py:188} INFO - [2025-07-10T02:08:35.916+0000] {dagbag.py:538} INFO - Filling up the DagBag from /home/airflow/.local/lib/python3.8/site-packages/airflow/example_dags/tutorial_objectstorage.py
[2025-07-10T02:08:35.930+0000] {processor.py:840} INFO - DAG(s) 'tutorial_objectstorage' retrieved from /home/airflow/.local/lib/python3.8/site-packages/airflow/example_dags/tutorial_objectstorage.py
[2025-07-10T02:08:35.956+0000] {logging_mixin.py:188} INFO - [2025-07-10T02:08:35.955+0000] {dag.py:3036} INFO - Sync 1 DAGs
[2025-07-10T02:08:35.969+0000] {logging_mixin.py:188} INFO - [2025-07-10T02:08:35.968+0000] {dag.py:3823} INFO - Setting next_dagrun for tutorial_objectstorage to None, run_after=None
[2025-07-10T02:08:35.997+0000] {processor.py:183} INFO - Processing /home/airflow/.local/lib/python3.8/site-packages/airflow/example_dags/tutorial_objectstorage.py took 0.090 seconds
[2025-07-10T02:09:45.948+0000] {processor.py:161} INFO - Started process (PID=63) to work on /home/airflow/.local/lib/python3.8/site-packages/airflow/example_dags/tutorial_objectstorage.py
[2025-07-10T02:09:45.950+0000] {processor.py:830} INFO - Processing file /home/airflow/.local/lib/python3.8/site-packages/airflow/example_dags/tutorial_objectstorage.py for tasks to queue
[2025-07-10T02:09:45.952+0000] {logging_mixin.py:188} INFO - [2025-07-10T02:09:45.952+0000] {dagbag.py:538} INFO - Filling up the DagBag from /home/airflow/.local/lib/python3.8/site-packages/airflow/example_dags/tutorial_objectstorage.py
[2025-07-10T02:09:45.962+0000] {processor.py:840} INFO - DAG(s) 'tutorial_objectstorage' retrieved from /home/airflow/.local/lib/python3.8/site-packages/airflow/example_dags/tutorial_objectstorage.py
[2025-07-10T02:09:45.974+0000] {logging_mixin.py:188} INFO - [2025-07-10T02:09:45.974+0000] {dag.py:3036} INFO - Sync 1 DAGs
[2025-07-10T02:09:45.988+0000] {logging_mixin.py:188} INFO - [2025-07-10T02:09:45.988+0000] {dag.py:3823} INFO - Setting next_dagrun for tutorial_objectstorage to None, run_after=None
[2025-07-10T02:09:46.013+0000] {processor.py:183} INFO - Processing /home/airflow/.local/lib/python3.8/site-packages/airflow/example_dags/tutorial_objectstorage.py took 0.069 seconds
[2025-07-10T02:10:16.600+0000] {processor.py:161} INFO - Started process (PID=119) to work on /home/airflow/.local/lib/python3.8/site-packages/airflow/example_dags/tutorial_objectstorage.py
[2025-07-10T02:10:16.603+0000] {processor.py:830} INFO - Processing file /home/airflow/.local/lib/python3.8/site-packages/airflow/example_dags/tutorial_objectstorage.py for tasks to queue
[2025-07-10T02:10:16.607+0000] {logging_mixin.py:188} INFO - [2025-07-10T02:10:16.606+0000] {dagbag.py:538} INFO - Filling up the DagBag from /home/airflow/.local/lib/python3.8/site-packages/airflow/example_dags/tutorial_objectstorage.py
[2025-07-10T02:10:16.618+0000] {processor.py:840} INFO - DAG(s) 'tutorial_objectstorage' retrieved from /home/airflow/.local/lib/python3.8/site-packages/airflow/example_dags/tutorial_objectstorage.py
[2025-07-10T02:10:16.723+0000] {logging_mixin.py:188} INFO - [2025-07-10T02:10:16.722+0000] {dag.py:3036} INFO - Sync 1 DAGs
[2025-07-10T02:10:16.733+0000] {logging_mixin.py:188} INFO - [2025-07-10T02:10:16.732+0000] {dag.py:3823} INFO - Setting next_dagrun for tutorial_objectstorage to None, run_after=None
[2025-07-10T02:10:16.755+0000] {processor.py:183} INFO - Processing /home/airflow/.local/lib/python3.8/site-packages/airflow/example_dags/tutorial_objectstorage.py took 0.163 seconds
[2025-07-10T02:10:47.721+0000] {processor.py:161} INFO - Started process (PID=181) to work on /home/airflow/.local/lib/python3.8/site-packages/airflow/example_dags/tutorial_objectstorage.py
[2025-07-10T02:10:47.723+0000] {processor.py:830} INFO - Processing file /home/airflow/.local/lib/python3.8/site-packages/airflow/example_dags/tutorial_objectstorage.py for tasks to queue
[2025-07-10T02:10:47.726+0000] {logging_mixin.py:188} INFO - [2025-07-10T02:10:47.726+0000] {dagbag.py:538} INFO - Filling up the DagBag from /home/airflow/.local/lib/python3.8/site-packages/airflow/example_dags/tutorial_objectstorage.py
[2025-07-10T02:10:47.736+0000] {processor.py:840} INFO - DAG(s) 'tutorial_objectstorage' retrieved from /home/airflow/.local/lib/python3.8/site-packages/airflow/example_dags/tutorial_objectstorage.py
[2025-07-10T02:10:47.762+0000] {logging_mixin.py:188} INFO - [2025-07-10T02:10:47.762+0000] {dag.py:3036} INFO - Sync 1 DAGs
[2025-07-10T02:10:47.776+0000] {logging_mixin.py:188} INFO - [2025-07-10T02:10:47.776+0000] {dag.py:3823} INFO - Setting next_dagrun for tutorial_objectstorage to None, run_after=None
[2025-07-10T02:10:47.805+0000] {processor.py:183} INFO - Processing /home/airflow/.local/lib/python3.8/site-packages/airflow/example_dags/tutorial_objectstorage.py took 0.090 seconds
[2025-07-10T02:11:18.392+0000] {processor.py:161} INFO - Started process (PID=236) to work on /home/airflow/.local/lib/python3.8/site-packages/airflow/example_dags/tutorial_objectstorage.py
[2025-07-10T02:11:18.395+0000] {processor.py:830} INFO - Processing file /home/airflow/.local/lib/python3.8/site-packages/airflow/example_dags/tutorial_objectstorage.py for tasks to queue
[2025-07-10T02:11:18.398+0000] {logging_mixin.py:188} INFO - [2025-07-10T02:11:18.398+0000] {dagbag.py:538} INFO - Filling up the DagBag from /home/airflow/.local/lib/python3.8/site-packages/airflow/example_dags/tutorial_objectstorage.py
[2025-07-10T02:11:18.407+0000] {processor.py:840} INFO - DAG(s) 'tutorial_objectstorage' retrieved from /home/airflow/.local/lib/python3.8/site-packages/airflow/example_dags/tutorial_objectstorage.py
[2025-07-10T02:11:18.432+0000] {logging_mixin.py:188} INFO - [2025-07-10T02:11:18.432+0000] {dag.py:3036} INFO - Sync 1 DAGs
[2025-07-10T02:11:18.444+0000] {logging_mixin.py:188} INFO - [2025-07-10T02:11:18.444+0000] {dag.py:3823} INFO - Setting next_dagrun for tutorial_objectstorage to None, run_after=None
[2025-07-10T02:11:18.470+0000] {processor.py:183} INFO - Processing /home/airflow/.local/lib/python3.8/site-packages/airflow/example_dags/tutorial_objectstorage.py took 0.085 seconds
[2025-07-10T02:11:48.780+0000] {processor.py:161} INFO - Started process (PID=292) to work on /home/airflow/.local/lib/python3.8/site-packages/airflow/example_dags/tutorial_objectstorage.py
[2025-07-10T02:11:48.782+0000] {processor.py:830} INFO - Processing file /home/airflow/.local/lib/python3.8/site-packages/airflow/example_dags/tutorial_objectstorage.py for tasks to queue
[2025-07-10T02:11:48.785+0000] {logging_mixin.py:188} INFO - [2025-07-10T02:11:48.784+0000] {dagbag.py:538} INFO - Filling up the DagBag from /home/airflow/.local/lib/python3.8/site-packages/airflow/example_dags/tutorial_objectstorage.py
[2025-07-10T02:11:48.793+0000] {processor.py:840} INFO - DAG(s) 'tutorial_objectstorage' retrieved from /home/airflow/.local/lib/python3.8/site-packages/airflow/example_dags/tutorial_objectstorage.py
[2025-07-10T02:11:48.819+0000] {logging_mixin.py:188} INFO - [2025-07-10T02:11:48.819+0000] {dag.py:3036} INFO - Sync 1 DAGs
[2025-07-10T02:11:48.834+0000] {logging_mixin.py:188} INFO - [2025-07-10T02:11:48.834+0000] {dag.py:3823} INFO - Setting next_dagrun for tutorial_objectstorage to None, run_after=None
[2025-07-10T02:11:48.862+0000] {processor.py:183} INFO - Processing /home/airflow/.local/lib/python3.8/site-packages/airflow/example_dags/tutorial_objectstorage.py took 0.086 seconds
[2025-07-10T02:14:04.073+0000] {processor.py:161} INFO - Started process (PID=74) to work on /home/airflow/.local/lib/python3.8/site-packages/airflow/example_dags/tutorial_objectstorage.py
[2025-07-10T02:14:04.075+0000] {processor.py:830} INFO - Processing file /home/airflow/.local/lib/python3.8/site-packages/airflow/example_dags/tutorial_objectstorage.py for tasks to queue
[2025-07-10T02:14:04.079+0000] {logging_mixin.py:188} INFO - [2025-07-10T02:14:04.078+0000] {dagbag.py:538} INFO - Filling up the DagBag from /home/airflow/.local/lib/python3.8/site-packages/airflow/example_dags/tutorial_objectstorage.py
[2025-07-10T02:14:04.094+0000] {processor.py:840} INFO - DAG(s) 'tutorial_objectstorage' retrieved from /home/airflow/.local/lib/python3.8/site-packages/airflow/example_dags/tutorial_objectstorage.py
[2025-07-10T02:14:04.260+0000] {logging_mixin.py:188} INFO - [2025-07-10T02:14:04.259+0000] {override.py:1769} INFO - Created Permission View: can delete on DAG:tutorial_objectstorage
[2025-07-10T02:14:04.278+0000] {logging_mixin.py:188} INFO - [2025-07-10T02:14:04.277+0000] {override.py:1769} INFO - Created Permission View: can read on DAG:tutorial_objectstorage
[2025-07-10T02:14:04.294+0000] {logging_mixin.py:188} INFO - [2025-07-10T02:14:04.293+0000] {override.py:1769} INFO - Created Permission View: can edit on DAG:tutorial_objectstorage
[2025-07-10T02:14:04.295+0000] {logging_mixin.py:188} INFO - [2025-07-10T02:14:04.295+0000] {dag.py:3036} INFO - Sync 1 DAGs
[2025-07-10T02:14:04.311+0000] {logging_mixin.py:188} INFO - [2025-07-10T02:14:04.311+0000] {dag.py:3058} INFO - Creating ORM DAG for tutorial_objectstorage
[2025-07-10T02:14:04.313+0000] {logging_mixin.py:188} INFO - [2025-07-10T02:14:04.312+0000] {dag.py:3823} INFO - Setting next_dagrun for tutorial_objectstorage to None, run_after=None
[2025-07-10T02:14:04.346+0000] {processor.py:183} INFO - Processing /home/airflow/.local/lib/python3.8/site-packages/airflow/example_dags/tutorial_objectstorage.py took 0.277 seconds
[2025-07-10T02:14:34.594+0000] {processor.py:161} INFO - Started process (PID=130) to work on /home/airflow/.local/lib/python3.8/site-packages/airflow/example_dags/tutorial_objectstorage.py
[2025-07-10T02:14:34.597+0000] {processor.py:830} INFO - Processing file /home/airflow/.local/lib/python3.8/site-packages/airflow/example_dags/tutorial_objectstorage.py for tasks to queue
[2025-07-10T02:14:34.601+0000] {logging_mixin.py:188} INFO - [2025-07-10T02:14:34.600+0000] {dagbag.py:538} INFO - Filling up the DagBag from /home/airflow/.local/lib/python3.8/site-packages/airflow/example_dags/tutorial_objectstorage.py
[2025-07-10T02:14:34.613+0000] {processor.py:840} INFO - DAG(s) 'tutorial_objectstorage' retrieved from /home/airflow/.local/lib/python3.8/site-packages/airflow/example_dags/tutorial_objectstorage.py
[2025-07-10T02:14:34.635+0000] {logging_mixin.py:188} INFO - [2025-07-10T02:14:34.635+0000] {dag.py:3036} INFO - Sync 1 DAGs
[2025-07-10T02:14:34.647+0000] {logging_mixin.py:188} INFO - [2025-07-10T02:14:34.647+0000] {dag.py:3823} INFO - Setting next_dagrun for tutorial_objectstorage to None, run_after=None
[2025-07-10T02:14:34.674+0000] {processor.py:183} INFO - Processing /home/airflow/.local/lib/python3.8/site-packages/airflow/example_dags/tutorial_objectstorage.py took 0.087 seconds
[2025-07-10T02:15:05.352+0000] {processor.py:161} INFO - Started process (PID=186) to work on /home/airflow/.local/lib/python3.8/site-packages/airflow/example_dags/tutorial_objectstorage.py
[2025-07-10T02:15:05.353+0000] {processor.py:830} INFO - Processing file /home/airflow/.local/lib/python3.8/site-packages/airflow/example_dags/tutorial_objectstorage.py for tasks to queue
[2025-07-10T02:15:05.356+0000] {logging_mixin.py:188} INFO - [2025-07-10T02:15:05.356+0000] {dagbag.py:538} INFO - Filling up the DagBag from /home/airflow/.local/lib/python3.8/site-packages/airflow/example_dags/tutorial_objectstorage.py
[2025-07-10T02:15:05.374+0000] {processor.py:840} INFO - DAG(s) 'tutorial_objectstorage' retrieved from /home/airflow/.local/lib/python3.8/site-packages/airflow/example_dags/tutorial_objectstorage.py
[2025-07-10T02:15:05.410+0000] {logging_mixin.py:188} INFO - [2025-07-10T02:15:05.409+0000] {dag.py:3036} INFO - Sync 1 DAGs
[2025-07-10T02:15:05.426+0000] {logging_mixin.py:188} INFO - [2025-07-10T02:15:05.426+0000] {dag.py:3823} INFO - Setting next_dagrun for tutorial_objectstorage to None, run_after=None
[2025-07-10T02:15:05.454+0000] {processor.py:183} INFO - Processing /home/airflow/.local/lib/python3.8/site-packages/airflow/example_dags/tutorial_objectstorage.py took 0.109 seconds
[2025-07-10T02:15:36.083+0000] {processor.py:161} INFO - Started process (PID=242) to work on /home/airflow/.local/lib/python3.8/site-packages/airflow/example_dags/tutorial_objectstorage.py
[2025-07-10T02:15:36.085+0000] {processor.py:830} INFO - Processing file /home/airflow/.local/lib/python3.8/site-packages/airflow/example_dags/tutorial_objectstorage.py for tasks to queue
[2025-07-10T02:15:36.088+0000] {logging_mixin.py:188} INFO - [2025-07-10T02:15:36.087+0000] {dagbag.py:538} INFO - Filling up the DagBag from /home/airflow/.local/lib/python3.8/site-packages/airflow/example_dags/tutorial_objectstorage.py
[2025-07-10T02:15:36.095+0000] {processor.py:840} INFO - DAG(s) 'tutorial_objectstorage' retrieved from /home/airflow/.local/lib/python3.8/site-packages/airflow/example_dags/tutorial_objectstorage.py
[2025-07-10T02:15:36.126+0000] {logging_mixin.py:188} INFO - [2025-07-10T02:15:36.125+0000] {dag.py:3036} INFO - Sync 1 DAGs
[2025-07-10T02:15:36.140+0000] {logging_mixin.py:188} INFO - [2025-07-10T02:15:36.139+0000] {dag.py:3823} INFO - Setting next_dagrun for tutorial_objectstorage to None, run_after=None
[2025-07-10T02:15:36.171+0000] {processor.py:183} INFO - Processing /home/airflow/.local/lib/python3.8/site-packages/airflow/example_dags/tutorial_objectstorage.py took 0.092 seconds
[2025-07-10T02:16:37.765+0000] {processor.py:161} INFO - Started process (PID=74) to work on /home/airflow/.local/lib/python3.8/site-packages/airflow/example_dags/tutorial_objectstorage.py
[2025-07-10T02:16:37.766+0000] {processor.py:830} INFO - Processing file /home/airflow/.local/lib/python3.8/site-packages/airflow/example_dags/tutorial_objectstorage.py for tasks to queue
[2025-07-10T02:16:37.769+0000] {logging_mixin.py:188} INFO - [2025-07-10T02:16:37.768+0000] {dagbag.py:538} INFO - Filling up the DagBag from /home/airflow/.local/lib/python3.8/site-packages/airflow/example_dags/tutorial_objectstorage.py
[2025-07-10T02:16:37.781+0000] {processor.py:840} INFO - DAG(s) 'tutorial_objectstorage' retrieved from /home/airflow/.local/lib/python3.8/site-packages/airflow/example_dags/tutorial_objectstorage.py
[2025-07-10T02:16:37.798+0000] {logging_mixin.py:188} INFO - [2025-07-10T02:16:37.798+0000] {dag.py:3036} INFO - Sync 1 DAGs
[2025-07-10T02:16:37.812+0000] {logging_mixin.py:188} INFO - [2025-07-10T02:16:37.812+0000] {dag.py:3823} INFO - Setting next_dagrun for tutorial_objectstorage to None, run_after=None
[2025-07-10T02:16:37.842+0000] {processor.py:183} INFO - Processing /home/airflow/.local/lib/python3.8/site-packages/airflow/example_dags/tutorial_objectstorage.py took 0.081 seconds
[2025-07-10T02:17:08.957+0000] {processor.py:161} INFO - Started process (PID=130) to work on /home/airflow/.local/lib/python3.8/site-packages/airflow/example_dags/tutorial_objectstorage.py
[2025-07-10T02:17:08.959+0000] {processor.py:830} INFO - Processing file /home/airflow/.local/lib/python3.8/site-packages/airflow/example_dags/tutorial_objectstorage.py for tasks to queue
[2025-07-10T02:17:08.961+0000] {logging_mixin.py:188} INFO - [2025-07-10T02:17:08.961+0000] {dagbag.py:538} INFO - Filling up the DagBag from /home/airflow/.local/lib/python3.8/site-packages/airflow/example_dags/tutorial_objectstorage.py
[2025-07-10T02:17:08.970+0000] {processor.py:840} INFO - DAG(s) 'tutorial_objectstorage' retrieved from /home/airflow/.local/lib/python3.8/site-packages/airflow/example_dags/tutorial_objectstorage.py
[2025-07-10T02:17:09.094+0000] {logging_mixin.py:188} INFO - [2025-07-10T02:17:09.093+0000] {dag.py:3036} INFO - Sync 1 DAGs
[2025-07-10T02:17:09.107+0000] {logging_mixin.py:188} INFO - [2025-07-10T02:17:09.106+0000] {dag.py:3823} INFO - Setting next_dagrun for tutorial_objectstorage to None, run_after=None
[2025-07-10T02:17:09.139+0000] {processor.py:183} INFO - Processing /home/airflow/.local/lib/python3.8/site-packages/airflow/example_dags/tutorial_objectstorage.py took 0.185 seconds
