[2025-07-11T16:02:10.035+0000] {taskinstance.py:1956} INFO - Dependencies all met for dep_context=non-requeueable deps ti=<TaskInstance: flight_etl_dag.loading_data manual__2025-07-11T16:01:59.282014+00:00 [queued]>
[2025-07-11T16:02:10.046+0000] {taskinstance.py:1956} INFO - Dependencies all met for dep_context=requeueable deps ti=<TaskInstance: flight_etl_dag.loading_data manual__2025-07-11T16:01:59.282014+00:00 [queued]>
[2025-07-11T16:02:10.048+0000] {taskinstance.py:2170} INFO - Starting attempt 1 of 2
[2025-07-11T16:02:10.062+0000] {taskinstance.py:2191} INFO - Executing <Task(PythonOperator): loading_data> on 2025-07-11 16:01:59.282014+00:00
[2025-07-11T16:02:10.069+0000] {standard_task_runner.py:60} INFO - Started process 124 to run task
[2025-07-11T16:02:10.073+0000] {standard_task_runner.py:87} INFO - Running: ['airflow', 'tasks', 'run', 'flight_etl_dag', 'loading_data', 'manual__2025-07-11T16:01:59.282014+00:00', '--job-id', '13', '--raw', '--subdir', 'DAGS_FOLDER/flight_etl_dag.py', '--cfg-path', '/tmp/tmpzs53dsyb']
[2025-07-11T16:02:10.074+0000] {standard_task_runner.py:88} INFO - Job 13: Subtask loading_data
[2025-07-11T16:02:10.141+0000] {task_command.py:423} INFO - Running <TaskInstance: flight_etl_dag.loading_data manual__2025-07-11T16:01:59.282014+00:00 [running]> on host faee04e61171
[2025-07-11T16:02:10.244+0000] {taskinstance.py:2480} INFO - Exporting env vars: AIRFLOW_CTX_DAG_OWNER='airflow' AIRFLOW_CTX_DAG_ID='flight_etl_dag' AIRFLOW_CTX_TASK_ID='loading_data' AIRFLOW_CTX_EXECUTION_DATE='2025-07-11T16:01:59.282014+00:00' AIRFLOW_CTX_TRY_NUMBER='1' AIRFLOW_CTX_DAG_RUN_ID='manual__2025-07-11T16:01:59.282014+00:00'
[2025-07-11T16:02:10.276+0000] {logging_mixin.py:188} INFO - Data to load:
[2025-07-11T16:02:10.291+0000] {logging_mixin.py:188} INFO -   aircraft_id flight_number origin_country  ...  position_source      time       date
0      a34215                United States  ...            ADS-B  11:00:08 2025-07-11
1      39de42      TVF96ZB          France  ...            ADS-B  11:00:08 2025-07-11
2      4acb01      NSZ2003          Sweden  ...            ADS-B  11:01:21 2025-07-11
3      3c5ee3      EWG7KX          Germany  ...            ADS-B  11:01:52 2025-07-11
4      a3428e                United States  ...            ADS-B  10:59:58 2025-07-11

[5 rows x 11 columns]
[2025-07-11T16:02:10.301+0000] {logging_mixin.py:188} INFO - Tables created successfully.
[2025-07-11T16:02:10.490+0000] {python.py:201} INFO - Done. Returned value was: None
[2025-07-11T16:02:10.502+0000] {taskinstance.py:1138} INFO - Marking task as SUCCESS. dag_id=flight_etl_dag, task_id=loading_data, execution_date=20250711T160159, start_date=20250711T160210, end_date=20250711T160210
[2025-07-11T16:02:10.569+0000] {local_task_job_runner.py:234} INFO - Task exited with return code 0
[2025-07-11T16:02:10.606+0000] {taskinstance.py:3280} INFO - 0 downstream tasks scheduled from follow-on schedule check
