[2025-07-12T01:35:12.984+0000] {processor.py:161} INFO - Started process (PID=75) to work on /home/airflow/.local/lib/python3.8/site-packages/airflow/example_dags/example_branch_operator_decorator.py
[2025-07-12T01:35:12.986+0000] {processor.py:830} INFO - Processing file /home/airflow/.local/lib/python3.8/site-packages/airflow/example_dags/example_branch_operator_decorator.py for tasks to queue
[2025-07-12T01:35:12.989+0000] {logging_mixin.py:188} INFO - [2025-07-12T01:35:12.989+0000] {dagbag.py:538} INFO - Filling up the DagBag from /home/airflow/.local/lib/python3.8/site-packages/airflow/example_dags/example_branch_operator_decorator.py
[2025-07-12T01:35:13.017+0000] {processor.py:840} INFO - DAG(s) 'example_branch_python_operator_decorator' retrieved from /home/airflow/.local/lib/python3.8/site-packages/airflow/example_dags/example_branch_operator_decorator.py
[2025-07-12T01:35:13.130+0000] {logging_mixin.py:188} INFO - [2025-07-12T01:35:13.130+0000] {dag.py:3036} INFO - Sync 1 DAGs
[2025-07-12T01:35:13.150+0000] {logging_mixin.py:188} INFO - [2025-07-12T01:35:13.149+0000] {dag.py:3823} INFO - Setting next_dagrun for example_branch_python_operator_decorator to 2025-07-11 00:00:00+00:00, run_after=2025-07-12 00:00:00+00:00
[2025-07-12T01:35:13.175+0000] {processor.py:183} INFO - Processing /home/airflow/.local/lib/python3.8/site-packages/airflow/example_dags/example_branch_operator_decorator.py took 0.194 seconds
[2025-07-12T01:35:44.275+0000] {processor.py:161} INFO - Started process (PID=131) to work on /home/airflow/.local/lib/python3.8/site-packages/airflow/example_dags/example_branch_operator_decorator.py
[2025-07-12T01:35:44.279+0000] {processor.py:830} INFO - Processing file /home/airflow/.local/lib/python3.8/site-packages/airflow/example_dags/example_branch_operator_decorator.py for tasks to queue
[2025-07-12T01:35:44.286+0000] {logging_mixin.py:188} INFO - [2025-07-12T01:35:44.285+0000] {dagbag.py:538} INFO - Filling up the DagBag from /home/airflow/.local/lib/python3.8/site-packages/airflow/example_dags/example_branch_operator_decorator.py
[2025-07-12T01:35:44.362+0000] {processor.py:840} INFO - DAG(s) 'example_branch_python_operator_decorator' retrieved from /home/airflow/.local/lib/python3.8/site-packages/airflow/example_dags/example_branch_operator_decorator.py
[2025-07-12T01:35:44.426+0000] {logging_mixin.py:188} INFO - [2025-07-12T01:35:44.426+0000] {dag.py:3036} INFO - Sync 1 DAGs
[2025-07-12T01:35:44.465+0000] {logging_mixin.py:188} INFO - [2025-07-12T01:35:44.464+0000] {dag.py:3823} INFO - Setting next_dagrun for example_branch_python_operator_decorator to 2025-07-11 00:00:00+00:00, run_after=2025-07-12 00:00:00+00:00
[2025-07-12T01:35:44.498+0000] {processor.py:183} INFO - Processing /home/airflow/.local/lib/python3.8/site-packages/airflow/example_dags/example_branch_operator_decorator.py took 0.231 seconds
[2025-07-12T01:36:14.984+0000] {processor.py:161} INFO - Started process (PID=187) to work on /home/airflow/.local/lib/python3.8/site-packages/airflow/example_dags/example_branch_operator_decorator.py
[2025-07-12T01:36:14.985+0000] {processor.py:830} INFO - Processing file /home/airflow/.local/lib/python3.8/site-packages/airflow/example_dags/example_branch_operator_decorator.py for tasks to queue
[2025-07-12T01:36:14.988+0000] {logging_mixin.py:188} INFO - [2025-07-12T01:36:14.987+0000] {dagbag.py:538} INFO - Filling up the DagBag from /home/airflow/.local/lib/python3.8/site-packages/airflow/example_dags/example_branch_operator_decorator.py
[2025-07-12T01:36:15.007+0000] {processor.py:840} INFO - DAG(s) 'example_branch_python_operator_decorator' retrieved from /home/airflow/.local/lib/python3.8/site-packages/airflow/example_dags/example_branch_operator_decorator.py
[2025-07-12T01:36:15.023+0000] {logging_mixin.py:188} INFO - [2025-07-12T01:36:15.023+0000] {dag.py:3036} INFO - Sync 1 DAGs
[2025-07-12T01:36:15.047+0000] {logging_mixin.py:188} INFO - [2025-07-12T01:36:15.047+0000] {dag.py:3823} INFO - Setting next_dagrun for example_branch_python_operator_decorator to 2025-07-11 00:00:00+00:00, run_after=2025-07-12 00:00:00+00:00
[2025-07-12T01:36:15.072+0000] {processor.py:183} INFO - Processing /home/airflow/.local/lib/python3.8/site-packages/airflow/example_dags/example_branch_operator_decorator.py took 0.092 seconds
[2025-07-12T01:36:45.795+0000] {processor.py:161} INFO - Started process (PID=243) to work on /home/airflow/.local/lib/python3.8/site-packages/airflow/example_dags/example_branch_operator_decorator.py
[2025-07-12T01:36:45.796+0000] {processor.py:830} INFO - Processing file /home/airflow/.local/lib/python3.8/site-packages/airflow/example_dags/example_branch_operator_decorator.py for tasks to queue
[2025-07-12T01:36:45.799+0000] {logging_mixin.py:188} INFO - [2025-07-12T01:36:45.798+0000] {dagbag.py:538} INFO - Filling up the DagBag from /home/airflow/.local/lib/python3.8/site-packages/airflow/example_dags/example_branch_operator_decorator.py
[2025-07-12T01:36:45.819+0000] {processor.py:840} INFO - DAG(s) 'example_branch_python_operator_decorator' retrieved from /home/airflow/.local/lib/python3.8/site-packages/airflow/example_dags/example_branch_operator_decorator.py
[2025-07-12T01:36:45.930+0000] {logging_mixin.py:188} INFO - [2025-07-12T01:36:45.930+0000] {dag.py:3036} INFO - Sync 1 DAGs
[2025-07-12T01:36:45.951+0000] {logging_mixin.py:188} INFO - [2025-07-12T01:36:45.951+0000] {dag.py:3823} INFO - Setting next_dagrun for example_branch_python_operator_decorator to 2025-07-11 00:00:00+00:00, run_after=2025-07-12 00:00:00+00:00
[2025-07-12T01:36:45.979+0000] {processor.py:183} INFO - Processing /home/airflow/.local/lib/python3.8/site-packages/airflow/example_dags/example_branch_operator_decorator.py took 0.187 seconds
[2025-07-12T01:37:16.142+0000] {processor.py:161} INFO - Started process (PID=299) to work on /home/airflow/.local/lib/python3.8/site-packages/airflow/example_dags/example_branch_operator_decorator.py
[2025-07-12T01:37:16.146+0000] {processor.py:830} INFO - Processing file /home/airflow/.local/lib/python3.8/site-packages/airflow/example_dags/example_branch_operator_decorator.py for tasks to queue
[2025-07-12T01:37:16.152+0000] {logging_mixin.py:188} INFO - [2025-07-12T01:37:16.151+0000] {dagbag.py:538} INFO - Filling up the DagBag from /home/airflow/.local/lib/python3.8/site-packages/airflow/example_dags/example_branch_operator_decorator.py
[2025-07-12T01:37:16.192+0000] {processor.py:840} INFO - DAG(s) 'example_branch_python_operator_decorator' retrieved from /home/airflow/.local/lib/python3.8/site-packages/airflow/example_dags/example_branch_operator_decorator.py
[2025-07-12T01:37:16.234+0000] {logging_mixin.py:188} INFO - [2025-07-12T01:37:16.234+0000] {dag.py:3036} INFO - Sync 1 DAGs
[2025-07-12T01:37:16.266+0000] {logging_mixin.py:188} INFO - [2025-07-12T01:37:16.266+0000] {dag.py:3823} INFO - Setting next_dagrun for example_branch_python_operator_decorator to 2025-07-11 00:00:00+00:00, run_after=2025-07-12 00:00:00+00:00
[2025-07-12T01:37:16.304+0000] {processor.py:183} INFO - Processing /home/airflow/.local/lib/python3.8/site-packages/airflow/example_dags/example_branch_operator_decorator.py took 0.174 seconds
[2025-07-12T01:38:32.511+0000] {processor.py:161} INFO - Started process (PID=75) to work on /home/airflow/.local/lib/python3.8/site-packages/airflow/example_dags/example_branch_operator_decorator.py
[2025-07-12T01:38:32.512+0000] {processor.py:830} INFO - Processing file /home/airflow/.local/lib/python3.8/site-packages/airflow/example_dags/example_branch_operator_decorator.py for tasks to queue
[2025-07-12T01:38:32.514+0000] {logging_mixin.py:188} INFO - [2025-07-12T01:38:32.514+0000] {dagbag.py:538} INFO - Filling up the DagBag from /home/airflow/.local/lib/python3.8/site-packages/airflow/example_dags/example_branch_operator_decorator.py
[2025-07-12T01:38:32.541+0000] {processor.py:840} INFO - DAG(s) 'example_branch_python_operator_decorator' retrieved from /home/airflow/.local/lib/python3.8/site-packages/airflow/example_dags/example_branch_operator_decorator.py
[2025-07-12T01:38:32.676+0000] {logging_mixin.py:188} INFO - [2025-07-12T01:38:32.675+0000] {override.py:1769} INFO - Created Permission View: can edit on DAG:example_branch_python_operator_decorator
[2025-07-12T01:38:32.702+0000] {logging_mixin.py:188} INFO - [2025-07-12T01:38:32.701+0000] {override.py:1769} INFO - Created Permission View: can delete on DAG:example_branch_python_operator_decorator
[2025-07-12T01:38:32.758+0000] {logging_mixin.py:188} INFO - [2025-07-12T01:38:32.758+0000] {override.py:1769} INFO - Created Permission View: can read on DAG:example_branch_python_operator_decorator
[2025-07-12T01:38:32.760+0000] {logging_mixin.py:188} INFO - [2025-07-12T01:38:32.759+0000] {dag.py:3036} INFO - Sync 1 DAGs
[2025-07-12T01:38:32.783+0000] {logging_mixin.py:188} INFO - [2025-07-12T01:38:32.783+0000] {dag.py:3058} INFO - Creating ORM DAG for example_branch_python_operator_decorator
[2025-07-12T01:38:32.808+0000] {logging_mixin.py:188} INFO - [2025-07-12T01:38:32.807+0000] {dag.py:3823} INFO - Setting next_dagrun for example_branch_python_operator_decorator to 2025-07-11 00:00:00+00:00, run_after=2025-07-12 00:00:00+00:00
[2025-07-12T01:38:32.852+0000] {processor.py:183} INFO - Processing /home/airflow/.local/lib/python3.8/site-packages/airflow/example_dags/example_branch_operator_decorator.py took 0.345 seconds
[2025-07-12T01:39:02.961+0000] {processor.py:161} INFO - Started process (PID=131) to work on /home/airflow/.local/lib/python3.8/site-packages/airflow/example_dags/example_branch_operator_decorator.py
[2025-07-12T01:39:02.962+0000] {processor.py:830} INFO - Processing file /home/airflow/.local/lib/python3.8/site-packages/airflow/example_dags/example_branch_operator_decorator.py for tasks to queue
[2025-07-12T01:39:02.965+0000] {logging_mixin.py:188} INFO - [2025-07-12T01:39:02.965+0000] {dagbag.py:538} INFO - Filling up the DagBag from /home/airflow/.local/lib/python3.8/site-packages/airflow/example_dags/example_branch_operator_decorator.py
[2025-07-12T01:39:02.989+0000] {processor.py:840} INFO - DAG(s) 'example_branch_python_operator_decorator' retrieved from /home/airflow/.local/lib/python3.8/site-packages/airflow/example_dags/example_branch_operator_decorator.py
[2025-07-12T01:39:03.023+0000] {logging_mixin.py:188} INFO - [2025-07-12T01:39:03.023+0000] {dag.py:3036} INFO - Sync 1 DAGs
[2025-07-12T01:39:03.050+0000] {logging_mixin.py:188} INFO - [2025-07-12T01:39:03.049+0000] {dag.py:3823} INFO - Setting next_dagrun for example_branch_python_operator_decorator to 2025-07-11 00:00:00+00:00, run_after=2025-07-12 00:00:00+00:00
[2025-07-12T01:39:03.079+0000] {processor.py:183} INFO - Processing /home/airflow/.local/lib/python3.8/site-packages/airflow/example_dags/example_branch_operator_decorator.py took 0.122 seconds
[2025-07-12T01:39:34.011+0000] {processor.py:161} INFO - Started process (PID=187) to work on /home/airflow/.local/lib/python3.8/site-packages/airflow/example_dags/example_branch_operator_decorator.py
[2025-07-12T01:39:34.013+0000] {processor.py:830} INFO - Processing file /home/airflow/.local/lib/python3.8/site-packages/airflow/example_dags/example_branch_operator_decorator.py for tasks to queue
[2025-07-12T01:39:34.015+0000] {logging_mixin.py:188} INFO - [2025-07-12T01:39:34.015+0000] {dagbag.py:538} INFO - Filling up the DagBag from /home/airflow/.local/lib/python3.8/site-packages/airflow/example_dags/example_branch_operator_decorator.py
[2025-07-12T01:39:34.036+0000] {processor.py:840} INFO - DAG(s) 'example_branch_python_operator_decorator' retrieved from /home/airflow/.local/lib/python3.8/site-packages/airflow/example_dags/example_branch_operator_decorator.py
[2025-07-12T01:39:34.067+0000] {logging_mixin.py:188} INFO - [2025-07-12T01:39:34.066+0000] {dag.py:3036} INFO - Sync 1 DAGs
[2025-07-12T01:39:34.093+0000] {logging_mixin.py:188} INFO - [2025-07-12T01:39:34.092+0000] {dag.py:3823} INFO - Setting next_dagrun for example_branch_python_operator_decorator to 2025-07-11 00:00:00+00:00, run_after=2025-07-12 00:00:00+00:00
[2025-07-12T01:39:34.119+0000] {processor.py:183} INFO - Processing /home/airflow/.local/lib/python3.8/site-packages/airflow/example_dags/example_branch_operator_decorator.py took 0.111 seconds
[2025-07-12T01:40:04.805+0000] {processor.py:161} INFO - Started process (PID=244) to work on /home/airflow/.local/lib/python3.8/site-packages/airflow/example_dags/example_branch_operator_decorator.py
[2025-07-12T01:40:04.807+0000] {processor.py:830} INFO - Processing file /home/airflow/.local/lib/python3.8/site-packages/airflow/example_dags/example_branch_operator_decorator.py for tasks to queue
[2025-07-12T01:40:04.810+0000] {logging_mixin.py:188} INFO - [2025-07-12T01:40:04.809+0000] {dagbag.py:538} INFO - Filling up the DagBag from /home/airflow/.local/lib/python3.8/site-packages/airflow/example_dags/example_branch_operator_decorator.py
[2025-07-12T01:40:04.834+0000] {processor.py:840} INFO - DAG(s) 'example_branch_python_operator_decorator' retrieved from /home/airflow/.local/lib/python3.8/site-packages/airflow/example_dags/example_branch_operator_decorator.py
[2025-07-12T01:40:04.863+0000] {logging_mixin.py:188} INFO - [2025-07-12T01:40:04.863+0000] {dag.py:3036} INFO - Sync 1 DAGs
[2025-07-12T01:40:04.887+0000] {logging_mixin.py:188} INFO - [2025-07-12T01:40:04.887+0000] {dag.py:3823} INFO - Setting next_dagrun for example_branch_python_operator_decorator to 2025-07-11 00:00:00+00:00, run_after=2025-07-12 00:00:00+00:00
[2025-07-12T01:40:04.914+0000] {processor.py:183} INFO - Processing /home/airflow/.local/lib/python3.8/site-packages/airflow/example_dags/example_branch_operator_decorator.py took 0.112 seconds
[2025-07-12T01:40:35.084+0000] {processor.py:161} INFO - Started process (PID=300) to work on /home/airflow/.local/lib/python3.8/site-packages/airflow/example_dags/example_branch_operator_decorator.py
[2025-07-12T01:40:35.087+0000] {processor.py:830} INFO - Processing file /home/airflow/.local/lib/python3.8/site-packages/airflow/example_dags/example_branch_operator_decorator.py for tasks to queue
[2025-07-12T01:40:35.091+0000] {logging_mixin.py:188} INFO - [2025-07-12T01:40:35.090+0000] {dagbag.py:538} INFO - Filling up the DagBag from /home/airflow/.local/lib/python3.8/site-packages/airflow/example_dags/example_branch_operator_decorator.py
[2025-07-12T01:40:35.127+0000] {processor.py:840} INFO - DAG(s) 'example_branch_python_operator_decorator' retrieved from /home/airflow/.local/lib/python3.8/site-packages/airflow/example_dags/example_branch_operator_decorator.py
[2025-07-12T01:40:35.154+0000] {logging_mixin.py:188} INFO - [2025-07-12T01:40:35.154+0000] {dag.py:3036} INFO - Sync 1 DAGs
[2025-07-12T01:40:35.175+0000] {logging_mixin.py:188} INFO - [2025-07-12T01:40:35.175+0000] {dag.py:3823} INFO - Setting next_dagrun for example_branch_python_operator_decorator to 2025-07-11 00:00:00+00:00, run_after=2025-07-12 00:00:00+00:00
[2025-07-12T01:40:35.197+0000] {processor.py:183} INFO - Processing /home/airflow/.local/lib/python3.8/site-packages/airflow/example_dags/example_branch_operator_decorator.py took 0.121 seconds
[2025-07-12T01:41:06.110+0000] {processor.py:161} INFO - Started process (PID=356) to work on /home/airflow/.local/lib/python3.8/site-packages/airflow/example_dags/example_branch_operator_decorator.py
[2025-07-12T01:41:06.112+0000] {processor.py:830} INFO - Processing file /home/airflow/.local/lib/python3.8/site-packages/airflow/example_dags/example_branch_operator_decorator.py for tasks to queue
[2025-07-12T01:41:06.114+0000] {logging_mixin.py:188} INFO - [2025-07-12T01:41:06.114+0000] {dagbag.py:538} INFO - Filling up the DagBag from /home/airflow/.local/lib/python3.8/site-packages/airflow/example_dags/example_branch_operator_decorator.py
[2025-07-12T01:41:06.133+0000] {processor.py:840} INFO - DAG(s) 'example_branch_python_operator_decorator' retrieved from /home/airflow/.local/lib/python3.8/site-packages/airflow/example_dags/example_branch_operator_decorator.py
[2025-07-12T01:41:06.161+0000] {logging_mixin.py:188} INFO - [2025-07-12T01:41:06.160+0000] {dag.py:3036} INFO - Sync 1 DAGs
[2025-07-12T01:41:06.180+0000] {logging_mixin.py:188} INFO - [2025-07-12T01:41:06.180+0000] {dag.py:3823} INFO - Setting next_dagrun for example_branch_python_operator_decorator to 2025-07-11 00:00:00+00:00, run_after=2025-07-12 00:00:00+00:00
[2025-07-12T01:41:06.210+0000] {processor.py:183} INFO - Processing /home/airflow/.local/lib/python3.8/site-packages/airflow/example_dags/example_branch_operator_decorator.py took 0.103 seconds
[2025-07-12T01:41:36.701+0000] {processor.py:161} INFO - Started process (PID=411) to work on /home/airflow/.local/lib/python3.8/site-packages/airflow/example_dags/example_branch_operator_decorator.py
[2025-07-12T01:41:36.703+0000] {processor.py:830} INFO - Processing file /home/airflow/.local/lib/python3.8/site-packages/airflow/example_dags/example_branch_operator_decorator.py for tasks to queue
[2025-07-12T01:41:36.707+0000] {logging_mixin.py:188} INFO - [2025-07-12T01:41:36.707+0000] {dagbag.py:538} INFO - Filling up the DagBag from /home/airflow/.local/lib/python3.8/site-packages/airflow/example_dags/example_branch_operator_decorator.py
[2025-07-12T01:41:36.729+0000] {processor.py:840} INFO - DAG(s) 'example_branch_python_operator_decorator' retrieved from /home/airflow/.local/lib/python3.8/site-packages/airflow/example_dags/example_branch_operator_decorator.py
[2025-07-12T01:41:36.756+0000] {logging_mixin.py:188} INFO - [2025-07-12T01:41:36.756+0000] {dag.py:3036} INFO - Sync 1 DAGs
[2025-07-12T01:41:36.781+0000] {logging_mixin.py:188} INFO - [2025-07-12T01:41:36.781+0000] {dag.py:3823} INFO - Setting next_dagrun for example_branch_python_operator_decorator to 2025-07-11 00:00:00+00:00, run_after=2025-07-12 00:00:00+00:00
[2025-07-12T01:41:36.808+0000] {processor.py:183} INFO - Processing /home/airflow/.local/lib/python3.8/site-packages/airflow/example_dags/example_branch_operator_decorator.py took 0.114 seconds
[2025-07-12T01:42:07.144+0000] {processor.py:161} INFO - Started process (PID=467) to work on /home/airflow/.local/lib/python3.8/site-packages/airflow/example_dags/example_branch_operator_decorator.py
[2025-07-12T01:42:07.146+0000] {processor.py:830} INFO - Processing file /home/airflow/.local/lib/python3.8/site-packages/airflow/example_dags/example_branch_operator_decorator.py for tasks to queue
[2025-07-12T01:42:07.148+0000] {logging_mixin.py:188} INFO - [2025-07-12T01:42:07.148+0000] {dagbag.py:538} INFO - Filling up the DagBag from /home/airflow/.local/lib/python3.8/site-packages/airflow/example_dags/example_branch_operator_decorator.py
[2025-07-12T01:42:07.167+0000] {processor.py:840} INFO - DAG(s) 'example_branch_python_operator_decorator' retrieved from /home/airflow/.local/lib/python3.8/site-packages/airflow/example_dags/example_branch_operator_decorator.py
[2025-07-12T01:42:07.195+0000] {logging_mixin.py:188} INFO - [2025-07-12T01:42:07.194+0000] {dag.py:3036} INFO - Sync 1 DAGs
[2025-07-12T01:42:07.215+0000] {logging_mixin.py:188} INFO - [2025-07-12T01:42:07.215+0000] {dag.py:3823} INFO - Setting next_dagrun for example_branch_python_operator_decorator to 2025-07-11 00:00:00+00:00, run_after=2025-07-12 00:00:00+00:00
[2025-07-12T01:42:07.239+0000] {processor.py:183} INFO - Processing /home/airflow/.local/lib/python3.8/site-packages/airflow/example_dags/example_branch_operator_decorator.py took 0.101 seconds
[2025-07-12T01:42:37.597+0000] {processor.py:161} INFO - Started process (PID=523) to work on /home/airflow/.local/lib/python3.8/site-packages/airflow/example_dags/example_branch_operator_decorator.py
[2025-07-12T01:42:37.599+0000] {processor.py:830} INFO - Processing file /home/airflow/.local/lib/python3.8/site-packages/airflow/example_dags/example_branch_operator_decorator.py for tasks to queue
[2025-07-12T01:42:37.604+0000] {logging_mixin.py:188} INFO - [2025-07-12T01:42:37.603+0000] {dagbag.py:538} INFO - Filling up the DagBag from /home/airflow/.local/lib/python3.8/site-packages/airflow/example_dags/example_branch_operator_decorator.py
[2025-07-12T01:42:37.634+0000] {processor.py:840} INFO - DAG(s) 'example_branch_python_operator_decorator' retrieved from /home/airflow/.local/lib/python3.8/site-packages/airflow/example_dags/example_branch_operator_decorator.py
[2025-07-12T01:42:37.677+0000] {logging_mixin.py:188} INFO - [2025-07-12T01:42:37.677+0000] {dag.py:3036} INFO - Sync 1 DAGs
[2025-07-12T01:42:37.708+0000] {logging_mixin.py:188} INFO - [2025-07-12T01:42:37.708+0000] {dag.py:3823} INFO - Setting next_dagrun for example_branch_python_operator_decorator to 2025-07-11 00:00:00+00:00, run_after=2025-07-12 00:00:00+00:00
[2025-07-12T01:42:37.736+0000] {processor.py:183} INFO - Processing /home/airflow/.local/lib/python3.8/site-packages/airflow/example_dags/example_branch_operator_decorator.py took 0.147 seconds
[2025-07-12T01:43:07.931+0000] {processor.py:161} INFO - Started process (PID=579) to work on /home/airflow/.local/lib/python3.8/site-packages/airflow/example_dags/example_branch_operator_decorator.py
[2025-07-12T01:43:07.934+0000] {processor.py:830} INFO - Processing file /home/airflow/.local/lib/python3.8/site-packages/airflow/example_dags/example_branch_operator_decorator.py for tasks to queue
[2025-07-12T01:43:07.938+0000] {logging_mixin.py:188} INFO - [2025-07-12T01:43:07.937+0000] {dagbag.py:538} INFO - Filling up the DagBag from /home/airflow/.local/lib/python3.8/site-packages/airflow/example_dags/example_branch_operator_decorator.py
[2025-07-12T01:43:07.989+0000] {processor.py:840} INFO - DAG(s) 'example_branch_python_operator_decorator' retrieved from /home/airflow/.local/lib/python3.8/site-packages/airflow/example_dags/example_branch_operator_decorator.py
[2025-07-12T01:43:08.026+0000] {logging_mixin.py:188} INFO - [2025-07-12T01:43:08.025+0000] {dag.py:3036} INFO - Sync 1 DAGs
[2025-07-12T01:43:08.055+0000] {logging_mixin.py:188} INFO - [2025-07-12T01:43:08.055+0000] {dag.py:3823} INFO - Setting next_dagrun for example_branch_python_operator_decorator to 2025-07-11 00:00:00+00:00, run_after=2025-07-12 00:00:00+00:00
[2025-07-12T01:43:08.086+0000] {processor.py:183} INFO - Processing /home/airflow/.local/lib/python3.8/site-packages/airflow/example_dags/example_branch_operator_decorator.py took 0.162 seconds
[2025-07-12T01:43:38.925+0000] {processor.py:161} INFO - Started process (PID=635) to work on /home/airflow/.local/lib/python3.8/site-packages/airflow/example_dags/example_branch_operator_decorator.py
[2025-07-12T01:43:38.928+0000] {processor.py:830} INFO - Processing file /home/airflow/.local/lib/python3.8/site-packages/airflow/example_dags/example_branch_operator_decorator.py for tasks to queue
[2025-07-12T01:43:38.933+0000] {logging_mixin.py:188} INFO - [2025-07-12T01:43:38.932+0000] {dagbag.py:538} INFO - Filling up the DagBag from /home/airflow/.local/lib/python3.8/site-packages/airflow/example_dags/example_branch_operator_decorator.py
[2025-07-12T01:43:38.966+0000] {processor.py:840} INFO - DAG(s) 'example_branch_python_operator_decorator' retrieved from /home/airflow/.local/lib/python3.8/site-packages/airflow/example_dags/example_branch_operator_decorator.py
[2025-07-12T01:43:39.004+0000] {logging_mixin.py:188} INFO - [2025-07-12T01:43:39.004+0000] {dag.py:3036} INFO - Sync 1 DAGs
[2025-07-12T01:43:39.035+0000] {logging_mixin.py:188} INFO - [2025-07-12T01:43:39.034+0000] {dag.py:3823} INFO - Setting next_dagrun for example_branch_python_operator_decorator to 2025-07-11 00:00:00+00:00, run_after=2025-07-12 00:00:00+00:00
[2025-07-12T01:43:39.068+0000] {processor.py:183} INFO - Processing /home/airflow/.local/lib/python3.8/site-packages/airflow/example_dags/example_branch_operator_decorator.py took 0.152 seconds
[2025-07-12T01:44:09.454+0000] {processor.py:161} INFO - Started process (PID=691) to work on /home/airflow/.local/lib/python3.8/site-packages/airflow/example_dags/example_branch_operator_decorator.py
[2025-07-12T01:44:09.456+0000] {processor.py:830} INFO - Processing file /home/airflow/.local/lib/python3.8/site-packages/airflow/example_dags/example_branch_operator_decorator.py for tasks to queue
[2025-07-12T01:44:09.459+0000] {logging_mixin.py:188} INFO - [2025-07-12T01:44:09.459+0000] {dagbag.py:538} INFO - Filling up the DagBag from /home/airflow/.local/lib/python3.8/site-packages/airflow/example_dags/example_branch_operator_decorator.py
[2025-07-12T01:44:09.486+0000] {processor.py:840} INFO - DAG(s) 'example_branch_python_operator_decorator' retrieved from /home/airflow/.local/lib/python3.8/site-packages/airflow/example_dags/example_branch_operator_decorator.py
[2025-07-12T01:44:09.522+0000] {logging_mixin.py:188} INFO - [2025-07-12T01:44:09.522+0000] {dag.py:3036} INFO - Sync 1 DAGs
[2025-07-12T01:44:09.556+0000] {logging_mixin.py:188} INFO - [2025-07-12T01:44:09.555+0000] {dag.py:3823} INFO - Setting next_dagrun for example_branch_python_operator_decorator to 2025-07-11 00:00:00+00:00, run_after=2025-07-12 00:00:00+00:00
[2025-07-12T01:44:09.588+0000] {processor.py:183} INFO - Processing /home/airflow/.local/lib/python3.8/site-packages/airflow/example_dags/example_branch_operator_decorator.py took 0.140 seconds
[2025-07-12T01:44:40.019+0000] {processor.py:161} INFO - Started process (PID=747) to work on /home/airflow/.local/lib/python3.8/site-packages/airflow/example_dags/example_branch_operator_decorator.py
[2025-07-12T01:44:40.021+0000] {processor.py:830} INFO - Processing file /home/airflow/.local/lib/python3.8/site-packages/airflow/example_dags/example_branch_operator_decorator.py for tasks to queue
[2025-07-12T01:44:40.025+0000] {logging_mixin.py:188} INFO - [2025-07-12T01:44:40.024+0000] {dagbag.py:538} INFO - Filling up the DagBag from /home/airflow/.local/lib/python3.8/site-packages/airflow/example_dags/example_branch_operator_decorator.py
[2025-07-12T01:44:40.057+0000] {processor.py:840} INFO - DAG(s) 'example_branch_python_operator_decorator' retrieved from /home/airflow/.local/lib/python3.8/site-packages/airflow/example_dags/example_branch_operator_decorator.py
[2025-07-12T01:44:40.092+0000] {logging_mixin.py:188} INFO - [2025-07-12T01:44:40.092+0000] {dag.py:3036} INFO - Sync 1 DAGs
[2025-07-12T01:44:40.118+0000] {logging_mixin.py:188} INFO - [2025-07-12T01:44:40.118+0000] {dag.py:3823} INFO - Setting next_dagrun for example_branch_python_operator_decorator to 2025-07-11 00:00:00+00:00, run_after=2025-07-12 00:00:00+00:00
[2025-07-12T01:44:40.148+0000] {processor.py:183} INFO - Processing /home/airflow/.local/lib/python3.8/site-packages/airflow/example_dags/example_branch_operator_decorator.py took 0.134 seconds
[2025-07-12T01:45:10.893+0000] {processor.py:161} INFO - Started process (PID=803) to work on /home/airflow/.local/lib/python3.8/site-packages/airflow/example_dags/example_branch_operator_decorator.py
[2025-07-12T01:45:10.895+0000] {processor.py:830} INFO - Processing file /home/airflow/.local/lib/python3.8/site-packages/airflow/example_dags/example_branch_operator_decorator.py for tasks to queue
[2025-07-12T01:45:10.898+0000] {logging_mixin.py:188} INFO - [2025-07-12T01:45:10.897+0000] {dagbag.py:538} INFO - Filling up the DagBag from /home/airflow/.local/lib/python3.8/site-packages/airflow/example_dags/example_branch_operator_decorator.py
[2025-07-12T01:45:10.933+0000] {processor.py:840} INFO - DAG(s) 'example_branch_python_operator_decorator' retrieved from /home/airflow/.local/lib/python3.8/site-packages/airflow/example_dags/example_branch_operator_decorator.py
[2025-07-12T01:45:10.975+0000] {logging_mixin.py:188} INFO - [2025-07-12T01:45:10.974+0000] {dag.py:3036} INFO - Sync 1 DAGs
[2025-07-12T01:45:11.007+0000] {logging_mixin.py:188} INFO - [2025-07-12T01:45:11.007+0000] {dag.py:3823} INFO - Setting next_dagrun for example_branch_python_operator_decorator to 2025-07-11 00:00:00+00:00, run_after=2025-07-12 00:00:00+00:00
[2025-07-12T01:45:11.043+0000] {processor.py:183} INFO - Processing /home/airflow/.local/lib/python3.8/site-packages/airflow/example_dags/example_branch_operator_decorator.py took 0.156 seconds
[2025-07-12T01:45:41.485+0000] {processor.py:161} INFO - Started process (PID=859) to work on /home/airflow/.local/lib/python3.8/site-packages/airflow/example_dags/example_branch_operator_decorator.py
[2025-07-12T01:45:41.486+0000] {processor.py:830} INFO - Processing file /home/airflow/.local/lib/python3.8/site-packages/airflow/example_dags/example_branch_operator_decorator.py for tasks to queue
[2025-07-12T01:45:41.490+0000] {logging_mixin.py:188} INFO - [2025-07-12T01:45:41.489+0000] {dagbag.py:538} INFO - Filling up the DagBag from /home/airflow/.local/lib/python3.8/site-packages/airflow/example_dags/example_branch_operator_decorator.py
[2025-07-12T01:45:41.541+0000] {processor.py:840} INFO - DAG(s) 'example_branch_python_operator_decorator' retrieved from /home/airflow/.local/lib/python3.8/site-packages/airflow/example_dags/example_branch_operator_decorator.py
[2025-07-12T01:45:41.580+0000] {logging_mixin.py:188} INFO - [2025-07-12T01:45:41.580+0000] {dag.py:3036} INFO - Sync 1 DAGs
[2025-07-12T01:45:41.607+0000] {logging_mixin.py:188} INFO - [2025-07-12T01:45:41.606+0000] {dag.py:3823} INFO - Setting next_dagrun for example_branch_python_operator_decorator to 2025-07-11 00:00:00+00:00, run_after=2025-07-12 00:00:00+00:00
[2025-07-12T01:45:41.634+0000] {processor.py:183} INFO - Processing /home/airflow/.local/lib/python3.8/site-packages/airflow/example_dags/example_branch_operator_decorator.py took 0.154 seconds
[2025-07-12T01:46:12.758+0000] {processor.py:161} INFO - Started process (PID=915) to work on /home/airflow/.local/lib/python3.8/site-packages/airflow/example_dags/example_branch_operator_decorator.py
[2025-07-12T01:46:12.760+0000] {processor.py:830} INFO - Processing file /home/airflow/.local/lib/python3.8/site-packages/airflow/example_dags/example_branch_operator_decorator.py for tasks to queue
[2025-07-12T01:46:12.764+0000] {logging_mixin.py:188} INFO - [2025-07-12T01:46:12.763+0000] {dagbag.py:538} INFO - Filling up the DagBag from /home/airflow/.local/lib/python3.8/site-packages/airflow/example_dags/example_branch_operator_decorator.py
[2025-07-12T01:46:12.804+0000] {processor.py:840} INFO - DAG(s) 'example_branch_python_operator_decorator' retrieved from /home/airflow/.local/lib/python3.8/site-packages/airflow/example_dags/example_branch_operator_decorator.py
[2025-07-12T01:46:12.844+0000] {logging_mixin.py:188} INFO - [2025-07-12T01:46:12.844+0000] {dag.py:3036} INFO - Sync 1 DAGs
[2025-07-12T01:46:12.872+0000] {logging_mixin.py:188} INFO - [2025-07-12T01:46:12.872+0000] {dag.py:3823} INFO - Setting next_dagrun for example_branch_python_operator_decorator to 2025-07-11 00:00:00+00:00, run_after=2025-07-12 00:00:00+00:00
[2025-07-12T01:46:12.900+0000] {processor.py:183} INFO - Processing /home/airflow/.local/lib/python3.8/site-packages/airflow/example_dags/example_branch_operator_decorator.py took 0.146 seconds
[2025-07-12T01:46:43.355+0000] {processor.py:161} INFO - Started process (PID=971) to work on /home/airflow/.local/lib/python3.8/site-packages/airflow/example_dags/example_branch_operator_decorator.py
[2025-07-12T01:46:43.357+0000] {processor.py:830} INFO - Processing file /home/airflow/.local/lib/python3.8/site-packages/airflow/example_dags/example_branch_operator_decorator.py for tasks to queue
[2025-07-12T01:46:43.360+0000] {logging_mixin.py:188} INFO - [2025-07-12T01:46:43.359+0000] {dagbag.py:538} INFO - Filling up the DagBag from /home/airflow/.local/lib/python3.8/site-packages/airflow/example_dags/example_branch_operator_decorator.py
[2025-07-12T01:46:43.401+0000] {processor.py:840} INFO - DAG(s) 'example_branch_python_operator_decorator' retrieved from /home/airflow/.local/lib/python3.8/site-packages/airflow/example_dags/example_branch_operator_decorator.py
[2025-07-12T01:46:43.468+0000] {logging_mixin.py:188} INFO - [2025-07-12T01:46:43.468+0000] {dag.py:3036} INFO - Sync 1 DAGs
[2025-07-12T01:46:43.500+0000] {logging_mixin.py:188} INFO - [2025-07-12T01:46:43.499+0000] {dag.py:3823} INFO - Setting next_dagrun for example_branch_python_operator_decorator to 2025-07-11 00:00:00+00:00, run_after=2025-07-12 00:00:00+00:00
[2025-07-12T01:46:43.532+0000] {processor.py:183} INFO - Processing /home/airflow/.local/lib/python3.8/site-packages/airflow/example_dags/example_branch_operator_decorator.py took 0.182 seconds
[2025-07-12T01:47:14.157+0000] {processor.py:161} INFO - Started process (PID=1027) to work on /home/airflow/.local/lib/python3.8/site-packages/airflow/example_dags/example_branch_operator_decorator.py
[2025-07-12T01:47:14.159+0000] {processor.py:830} INFO - Processing file /home/airflow/.local/lib/python3.8/site-packages/airflow/example_dags/example_branch_operator_decorator.py for tasks to queue
[2025-07-12T01:47:14.163+0000] {logging_mixin.py:188} INFO - [2025-07-12T01:47:14.162+0000] {dagbag.py:538} INFO - Filling up the DagBag from /home/airflow/.local/lib/python3.8/site-packages/airflow/example_dags/example_branch_operator_decorator.py
[2025-07-12T01:47:14.198+0000] {processor.py:840} INFO - DAG(s) 'example_branch_python_operator_decorator' retrieved from /home/airflow/.local/lib/python3.8/site-packages/airflow/example_dags/example_branch_operator_decorator.py
[2025-07-12T01:47:14.236+0000] {logging_mixin.py:188} INFO - [2025-07-12T01:47:14.236+0000] {dag.py:3036} INFO - Sync 1 DAGs
[2025-07-12T01:47:14.289+0000] {logging_mixin.py:188} INFO - [2025-07-12T01:47:14.288+0000] {dag.py:3823} INFO - Setting next_dagrun for example_branch_python_operator_decorator to 2025-07-11 00:00:00+00:00, run_after=2025-07-12 00:00:00+00:00
[2025-07-12T01:47:14.340+0000] {processor.py:183} INFO - Processing /home/airflow/.local/lib/python3.8/site-packages/airflow/example_dags/example_branch_operator_decorator.py took 0.189 seconds
[2025-07-12T01:47:44.510+0000] {processor.py:161} INFO - Started process (PID=1083) to work on /home/airflow/.local/lib/python3.8/site-packages/airflow/example_dags/example_branch_operator_decorator.py
[2025-07-12T01:47:44.512+0000] {processor.py:830} INFO - Processing file /home/airflow/.local/lib/python3.8/site-packages/airflow/example_dags/example_branch_operator_decorator.py for tasks to queue
[2025-07-12T01:47:44.517+0000] {logging_mixin.py:188} INFO - [2025-07-12T01:47:44.516+0000] {dagbag.py:538} INFO - Filling up the DagBag from /home/airflow/.local/lib/python3.8/site-packages/airflow/example_dags/example_branch_operator_decorator.py
[2025-07-12T01:47:44.556+0000] {processor.py:840} INFO - DAG(s) 'example_branch_python_operator_decorator' retrieved from /home/airflow/.local/lib/python3.8/site-packages/airflow/example_dags/example_branch_operator_decorator.py
[2025-07-12T01:47:44.593+0000] {logging_mixin.py:188} INFO - [2025-07-12T01:47:44.593+0000] {dag.py:3036} INFO - Sync 1 DAGs
[2025-07-12T01:47:44.650+0000] {logging_mixin.py:188} INFO - [2025-07-12T01:47:44.649+0000] {dag.py:3823} INFO - Setting next_dagrun for example_branch_python_operator_decorator to 2025-07-11 00:00:00+00:00, run_after=2025-07-12 00:00:00+00:00
[2025-07-12T01:47:44.736+0000] {processor.py:183} INFO - Processing /home/airflow/.local/lib/python3.8/site-packages/airflow/example_dags/example_branch_operator_decorator.py took 0.233 seconds
[2025-07-12T01:48:15.076+0000] {processor.py:161} INFO - Started process (PID=1139) to work on /home/airflow/.local/lib/python3.8/site-packages/airflow/example_dags/example_branch_operator_decorator.py
[2025-07-12T01:48:15.078+0000] {processor.py:830} INFO - Processing file /home/airflow/.local/lib/python3.8/site-packages/airflow/example_dags/example_branch_operator_decorator.py for tasks to queue
[2025-07-12T01:48:15.082+0000] {logging_mixin.py:188} INFO - [2025-07-12T01:48:15.081+0000] {dagbag.py:538} INFO - Filling up the DagBag from /home/airflow/.local/lib/python3.8/site-packages/airflow/example_dags/example_branch_operator_decorator.py
[2025-07-12T01:48:15.113+0000] {processor.py:840} INFO - DAG(s) 'example_branch_python_operator_decorator' retrieved from /home/airflow/.local/lib/python3.8/site-packages/airflow/example_dags/example_branch_operator_decorator.py
[2025-07-12T01:48:15.151+0000] {logging_mixin.py:188} INFO - [2025-07-12T01:48:15.151+0000] {dag.py:3036} INFO - Sync 1 DAGs
[2025-07-12T01:48:15.180+0000] {logging_mixin.py:188} INFO - [2025-07-12T01:48:15.180+0000] {dag.py:3823} INFO - Setting next_dagrun for example_branch_python_operator_decorator to 2025-07-11 00:00:00+00:00, run_after=2025-07-12 00:00:00+00:00
[2025-07-12T01:48:15.213+0000] {processor.py:183} INFO - Processing /home/airflow/.local/lib/python3.8/site-packages/airflow/example_dags/example_branch_operator_decorator.py took 0.145 seconds
[2025-07-12T01:48:45.382+0000] {processor.py:161} INFO - Started process (PID=1195) to work on /home/airflow/.local/lib/python3.8/site-packages/airflow/example_dags/example_branch_operator_decorator.py
[2025-07-12T01:48:45.384+0000] {processor.py:830} INFO - Processing file /home/airflow/.local/lib/python3.8/site-packages/airflow/example_dags/example_branch_operator_decorator.py for tasks to queue
[2025-07-12T01:48:45.387+0000] {logging_mixin.py:188} INFO - [2025-07-12T01:48:45.386+0000] {dagbag.py:538} INFO - Filling up the DagBag from /home/airflow/.local/lib/python3.8/site-packages/airflow/example_dags/example_branch_operator_decorator.py
[2025-07-12T01:48:45.445+0000] {processor.py:840} INFO - DAG(s) 'example_branch_python_operator_decorator' retrieved from /home/airflow/.local/lib/python3.8/site-packages/airflow/example_dags/example_branch_operator_decorator.py
[2025-07-12T01:48:45.491+0000] {logging_mixin.py:188} INFO - [2025-07-12T01:48:45.490+0000] {dag.py:3036} INFO - Sync 1 DAGs
[2025-07-12T01:48:45.527+0000] {logging_mixin.py:188} INFO - [2025-07-12T01:48:45.527+0000] {dag.py:3823} INFO - Setting next_dagrun for example_branch_python_operator_decorator to 2025-07-11 00:00:00+00:00, run_after=2025-07-12 00:00:00+00:00
[2025-07-12T01:48:45.565+0000] {processor.py:183} INFO - Processing /home/airflow/.local/lib/python3.8/site-packages/airflow/example_dags/example_branch_operator_decorator.py took 0.188 seconds
[2025-07-12T01:49:16.235+0000] {processor.py:161} INFO - Started process (PID=1251) to work on /home/airflow/.local/lib/python3.8/site-packages/airflow/example_dags/example_branch_operator_decorator.py
[2025-07-12T01:49:16.244+0000] {processor.py:830} INFO - Processing file /home/airflow/.local/lib/python3.8/site-packages/airflow/example_dags/example_branch_operator_decorator.py for tasks to queue
[2025-07-12T01:49:16.248+0000] {logging_mixin.py:188} INFO - [2025-07-12T01:49:16.248+0000] {dagbag.py:538} INFO - Filling up the DagBag from /home/airflow/.local/lib/python3.8/site-packages/airflow/example_dags/example_branch_operator_decorator.py
[2025-07-12T01:49:16.298+0000] {processor.py:840} INFO - DAG(s) 'example_branch_python_operator_decorator' retrieved from /home/airflow/.local/lib/python3.8/site-packages/airflow/example_dags/example_branch_operator_decorator.py
[2025-07-12T01:49:16.335+0000] {logging_mixin.py:188} INFO - [2025-07-12T01:49:16.335+0000] {dag.py:3036} INFO - Sync 1 DAGs
[2025-07-12T01:49:16.361+0000] {logging_mixin.py:188} INFO - [2025-07-12T01:49:16.361+0000] {dag.py:3823} INFO - Setting next_dagrun for example_branch_python_operator_decorator to 2025-07-11 00:00:00+00:00, run_after=2025-07-12 00:00:00+00:00
[2025-07-12T01:49:16.393+0000] {processor.py:183} INFO - Processing /home/airflow/.local/lib/python3.8/site-packages/airflow/example_dags/example_branch_operator_decorator.py took 0.162 seconds
[2025-07-12T01:49:46.500+0000] {processor.py:161} INFO - Started process (PID=1307) to work on /home/airflow/.local/lib/python3.8/site-packages/airflow/example_dags/example_branch_operator_decorator.py
[2025-07-12T01:49:46.502+0000] {processor.py:830} INFO - Processing file /home/airflow/.local/lib/python3.8/site-packages/airflow/example_dags/example_branch_operator_decorator.py for tasks to queue
[2025-07-12T01:49:46.505+0000] {logging_mixin.py:188} INFO - [2025-07-12T01:49:46.505+0000] {dagbag.py:538} INFO - Filling up the DagBag from /home/airflow/.local/lib/python3.8/site-packages/airflow/example_dags/example_branch_operator_decorator.py
[2025-07-12T01:49:46.533+0000] {processor.py:840} INFO - DAG(s) 'example_branch_python_operator_decorator' retrieved from /home/airflow/.local/lib/python3.8/site-packages/airflow/example_dags/example_branch_operator_decorator.py
[2025-07-12T01:49:46.568+0000] {logging_mixin.py:188} INFO - [2025-07-12T01:49:46.567+0000] {dag.py:3036} INFO - Sync 1 DAGs
[2025-07-12T01:49:46.611+0000] {logging_mixin.py:188} INFO - [2025-07-12T01:49:46.610+0000] {dag.py:3823} INFO - Setting next_dagrun for example_branch_python_operator_decorator to 2025-07-11 00:00:00+00:00, run_after=2025-07-12 00:00:00+00:00
[2025-07-12T01:49:46.658+0000] {processor.py:183} INFO - Processing /home/airflow/.local/lib/python3.8/site-packages/airflow/example_dags/example_branch_operator_decorator.py took 0.163 seconds
[2025-07-12T01:50:16.949+0000] {processor.py:161} INFO - Started process (PID=1363) to work on /home/airflow/.local/lib/python3.8/site-packages/airflow/example_dags/example_branch_operator_decorator.py
[2025-07-12T01:50:16.951+0000] {processor.py:830} INFO - Processing file /home/airflow/.local/lib/python3.8/site-packages/airflow/example_dags/example_branch_operator_decorator.py for tasks to queue
[2025-07-12T01:50:16.954+0000] {logging_mixin.py:188} INFO - [2025-07-12T01:50:16.954+0000] {dagbag.py:538} INFO - Filling up the DagBag from /home/airflow/.local/lib/python3.8/site-packages/airflow/example_dags/example_branch_operator_decorator.py
[2025-07-12T01:50:16.985+0000] {processor.py:840} INFO - DAG(s) 'example_branch_python_operator_decorator' retrieved from /home/airflow/.local/lib/python3.8/site-packages/airflow/example_dags/example_branch_operator_decorator.py
[2025-07-12T01:50:17.028+0000] {logging_mixin.py:188} INFO - [2025-07-12T01:50:17.027+0000] {dag.py:3036} INFO - Sync 1 DAGs
[2025-07-12T01:50:17.062+0000] {logging_mixin.py:188} INFO - [2025-07-12T01:50:17.062+0000] {dag.py:3823} INFO - Setting next_dagrun for example_branch_python_operator_decorator to 2025-07-11 00:00:00+00:00, run_after=2025-07-12 00:00:00+00:00
[2025-07-12T01:50:17.093+0000] {processor.py:183} INFO - Processing /home/airflow/.local/lib/python3.8/site-packages/airflow/example_dags/example_branch_operator_decorator.py took 0.148 seconds
[2025-07-12T01:50:47.564+0000] {processor.py:161} INFO - Started process (PID=1419) to work on /home/airflow/.local/lib/python3.8/site-packages/airflow/example_dags/example_branch_operator_decorator.py
[2025-07-12T01:50:47.566+0000] {processor.py:830} INFO - Processing file /home/airflow/.local/lib/python3.8/site-packages/airflow/example_dags/example_branch_operator_decorator.py for tasks to queue
[2025-07-12T01:50:47.569+0000] {logging_mixin.py:188} INFO - [2025-07-12T01:50:47.569+0000] {dagbag.py:538} INFO - Filling up the DagBag from /home/airflow/.local/lib/python3.8/site-packages/airflow/example_dags/example_branch_operator_decorator.py
[2025-07-12T01:50:47.597+0000] {processor.py:840} INFO - DAG(s) 'example_branch_python_operator_decorator' retrieved from /home/airflow/.local/lib/python3.8/site-packages/airflow/example_dags/example_branch_operator_decorator.py
[2025-07-12T01:50:47.631+0000] {logging_mixin.py:188} INFO - [2025-07-12T01:50:47.631+0000] {dag.py:3036} INFO - Sync 1 DAGs
[2025-07-12T01:50:47.663+0000] {logging_mixin.py:188} INFO - [2025-07-12T01:50:47.662+0000] {dag.py:3823} INFO - Setting next_dagrun for example_branch_python_operator_decorator to 2025-07-11 00:00:00+00:00, run_after=2025-07-12 00:00:00+00:00
[2025-07-12T01:50:47.694+0000] {processor.py:183} INFO - Processing /home/airflow/.local/lib/python3.8/site-packages/airflow/example_dags/example_branch_operator_decorator.py took 0.137 seconds
[2025-07-12T01:51:18.364+0000] {processor.py:161} INFO - Started process (PID=1475) to work on /home/airflow/.local/lib/python3.8/site-packages/airflow/example_dags/example_branch_operator_decorator.py
[2025-07-12T01:51:18.366+0000] {processor.py:830} INFO - Processing file /home/airflow/.local/lib/python3.8/site-packages/airflow/example_dags/example_branch_operator_decorator.py for tasks to queue
[2025-07-12T01:51:18.369+0000] {logging_mixin.py:188} INFO - [2025-07-12T01:51:18.369+0000] {dagbag.py:538} INFO - Filling up the DagBag from /home/airflow/.local/lib/python3.8/site-packages/airflow/example_dags/example_branch_operator_decorator.py
[2025-07-12T01:51:18.399+0000] {processor.py:840} INFO - DAG(s) 'example_branch_python_operator_decorator' retrieved from /home/airflow/.local/lib/python3.8/site-packages/airflow/example_dags/example_branch_operator_decorator.py
[2025-07-12T01:51:18.440+0000] {logging_mixin.py:188} INFO - [2025-07-12T01:51:18.440+0000] {dag.py:3036} INFO - Sync 1 DAGs
[2025-07-12T01:51:18.476+0000] {logging_mixin.py:188} INFO - [2025-07-12T01:51:18.476+0000] {dag.py:3823} INFO - Setting next_dagrun for example_branch_python_operator_decorator to 2025-07-11 00:00:00+00:00, run_after=2025-07-12 00:00:00+00:00
[2025-07-12T01:51:18.510+0000] {processor.py:183} INFO - Processing /home/airflow/.local/lib/python3.8/site-packages/airflow/example_dags/example_branch_operator_decorator.py took 0.150 seconds
[2025-07-12T01:51:48.749+0000] {processor.py:161} INFO - Started process (PID=1531) to work on /home/airflow/.local/lib/python3.8/site-packages/airflow/example_dags/example_branch_operator_decorator.py
[2025-07-12T01:51:48.751+0000] {processor.py:830} INFO - Processing file /home/airflow/.local/lib/python3.8/site-packages/airflow/example_dags/example_branch_operator_decorator.py for tasks to queue
[2025-07-12T01:51:48.755+0000] {logging_mixin.py:188} INFO - [2025-07-12T01:51:48.754+0000] {dagbag.py:538} INFO - Filling up the DagBag from /home/airflow/.local/lib/python3.8/site-packages/airflow/example_dags/example_branch_operator_decorator.py
[2025-07-12T01:51:48.783+0000] {processor.py:840} INFO - DAG(s) 'example_branch_python_operator_decorator' retrieved from /home/airflow/.local/lib/python3.8/site-packages/airflow/example_dags/example_branch_operator_decorator.py
[2025-07-12T01:51:48.818+0000] {logging_mixin.py:188} INFO - [2025-07-12T01:51:48.818+0000] {dag.py:3036} INFO - Sync 1 DAGs
[2025-07-12T01:51:48.848+0000] {logging_mixin.py:188} INFO - [2025-07-12T01:51:48.848+0000] {dag.py:3823} INFO - Setting next_dagrun for example_branch_python_operator_decorator to 2025-07-11 00:00:00+00:00, run_after=2025-07-12 00:00:00+00:00
[2025-07-12T01:51:48.880+0000] {processor.py:183} INFO - Processing /home/airflow/.local/lib/python3.8/site-packages/airflow/example_dags/example_branch_operator_decorator.py took 0.137 seconds
[2025-07-12T01:52:18.952+0000] {processor.py:161} INFO - Started process (PID=1587) to work on /home/airflow/.local/lib/python3.8/site-packages/airflow/example_dags/example_branch_operator_decorator.py
[2025-07-12T01:52:18.954+0000] {processor.py:830} INFO - Processing file /home/airflow/.local/lib/python3.8/site-packages/airflow/example_dags/example_branch_operator_decorator.py for tasks to queue
[2025-07-12T01:52:18.957+0000] {logging_mixin.py:188} INFO - [2025-07-12T01:52:18.956+0000] {dagbag.py:538} INFO - Filling up the DagBag from /home/airflow/.local/lib/python3.8/site-packages/airflow/example_dags/example_branch_operator_decorator.py
[2025-07-12T01:52:18.983+0000] {processor.py:840} INFO - DAG(s) 'example_branch_python_operator_decorator' retrieved from /home/airflow/.local/lib/python3.8/site-packages/airflow/example_dags/example_branch_operator_decorator.py
[2025-07-12T01:52:19.017+0000] {logging_mixin.py:188} INFO - [2025-07-12T01:52:19.017+0000] {dag.py:3036} INFO - Sync 1 DAGs
[2025-07-12T01:52:19.048+0000] {logging_mixin.py:188} INFO - [2025-07-12T01:52:19.047+0000] {dag.py:3823} INFO - Setting next_dagrun for example_branch_python_operator_decorator to 2025-07-11 00:00:00+00:00, run_after=2025-07-12 00:00:00+00:00
[2025-07-12T01:52:19.089+0000] {processor.py:183} INFO - Processing /home/airflow/.local/lib/python3.8/site-packages/airflow/example_dags/example_branch_operator_decorator.py took 0.141 seconds
[2025-07-12T01:52:49.561+0000] {processor.py:161} INFO - Started process (PID=1643) to work on /home/airflow/.local/lib/python3.8/site-packages/airflow/example_dags/example_branch_operator_decorator.py
[2025-07-12T01:52:49.564+0000] {processor.py:830} INFO - Processing file /home/airflow/.local/lib/python3.8/site-packages/airflow/example_dags/example_branch_operator_decorator.py for tasks to queue
[2025-07-12T01:52:49.569+0000] {logging_mixin.py:188} INFO - [2025-07-12T01:52:49.568+0000] {dagbag.py:538} INFO - Filling up the DagBag from /home/airflow/.local/lib/python3.8/site-packages/airflow/example_dags/example_branch_operator_decorator.py
[2025-07-12T01:52:49.600+0000] {processor.py:840} INFO - DAG(s) 'example_branch_python_operator_decorator' retrieved from /home/airflow/.local/lib/python3.8/site-packages/airflow/example_dags/example_branch_operator_decorator.py
[2025-07-12T01:52:49.639+0000] {logging_mixin.py:188} INFO - [2025-07-12T01:52:49.638+0000] {dag.py:3036} INFO - Sync 1 DAGs
[2025-07-12T01:52:49.665+0000] {logging_mixin.py:188} INFO - [2025-07-12T01:52:49.664+0000] {dag.py:3823} INFO - Setting next_dagrun for example_branch_python_operator_decorator to 2025-07-11 00:00:00+00:00, run_after=2025-07-12 00:00:00+00:00
[2025-07-12T01:52:49.691+0000] {processor.py:183} INFO - Processing /home/airflow/.local/lib/python3.8/site-packages/airflow/example_dags/example_branch_operator_decorator.py took 0.136 seconds
[2025-07-12T01:54:15.175+0000] {processor.py:161} INFO - Started process (PID=76) to work on /home/airflow/.local/lib/python3.8/site-packages/airflow/example_dags/example_branch_operator_decorator.py
[2025-07-12T01:54:15.177+0000] {processor.py:830} INFO - Processing file /home/airflow/.local/lib/python3.8/site-packages/airflow/example_dags/example_branch_operator_decorator.py for tasks to queue
[2025-07-12T01:54:15.180+0000] {logging_mixin.py:188} INFO - [2025-07-12T01:54:15.180+0000] {dagbag.py:538} INFO - Filling up the DagBag from /home/airflow/.local/lib/python3.8/site-packages/airflow/example_dags/example_branch_operator_decorator.py
[2025-07-12T01:54:15.211+0000] {processor.py:840} INFO - DAG(s) 'example_branch_python_operator_decorator' retrieved from /home/airflow/.local/lib/python3.8/site-packages/airflow/example_dags/example_branch_operator_decorator.py
[2025-07-12T01:54:15.366+0000] {logging_mixin.py:188} INFO - [2025-07-12T01:54:15.365+0000] {override.py:1769} INFO - Created Permission View: can read on DAG:example_branch_python_operator_decorator
[2025-07-12T01:54:15.383+0000] {logging_mixin.py:188} INFO - [2025-07-12T01:54:15.383+0000] {override.py:1769} INFO - Created Permission View: can delete on DAG:example_branch_python_operator_decorator
[2025-07-12T01:54:15.396+0000] {logging_mixin.py:188} INFO - [2025-07-12T01:54:15.395+0000] {override.py:1769} INFO - Created Permission View: can edit on DAG:example_branch_python_operator_decorator
[2025-07-12T01:54:15.397+0000] {logging_mixin.py:188} INFO - [2025-07-12T01:54:15.397+0000] {dag.py:3036} INFO - Sync 1 DAGs
[2025-07-12T01:54:15.412+0000] {logging_mixin.py:188} INFO - [2025-07-12T01:54:15.412+0000] {dag.py:3058} INFO - Creating ORM DAG for example_branch_python_operator_decorator
[2025-07-12T01:54:15.427+0000] {logging_mixin.py:188} INFO - [2025-07-12T01:54:15.427+0000] {dag.py:3823} INFO - Setting next_dagrun for example_branch_python_operator_decorator to 2025-07-11 00:00:00+00:00, run_after=2025-07-12 00:00:00+00:00
[2025-07-12T01:54:15.456+0000] {processor.py:183} INFO - Processing /home/airflow/.local/lib/python3.8/site-packages/airflow/example_dags/example_branch_operator_decorator.py took 0.287 seconds
[2025-07-12T01:54:46.180+0000] {processor.py:161} INFO - Started process (PID=133) to work on /home/airflow/.local/lib/python3.8/site-packages/airflow/example_dags/example_branch_operator_decorator.py
[2025-07-12T01:54:46.182+0000] {processor.py:830} INFO - Processing file /home/airflow/.local/lib/python3.8/site-packages/airflow/example_dags/example_branch_operator_decorator.py for tasks to queue
[2025-07-12T01:54:46.185+0000] {logging_mixin.py:188} INFO - [2025-07-12T01:54:46.185+0000] {dagbag.py:538} INFO - Filling up the DagBag from /home/airflow/.local/lib/python3.8/site-packages/airflow/example_dags/example_branch_operator_decorator.py
[2025-07-12T01:54:46.212+0000] {processor.py:840} INFO - DAG(s) 'example_branch_python_operator_decorator' retrieved from /home/airflow/.local/lib/python3.8/site-packages/airflow/example_dags/example_branch_operator_decorator.py
[2025-07-12T01:54:46.243+0000] {logging_mixin.py:188} INFO - [2025-07-12T01:54:46.243+0000] {dag.py:3036} INFO - Sync 1 DAGs
[2025-07-12T01:54:46.269+0000] {logging_mixin.py:188} INFO - [2025-07-12T01:54:46.269+0000] {dag.py:3823} INFO - Setting next_dagrun for example_branch_python_operator_decorator to 2025-07-11 00:00:00+00:00, run_after=2025-07-12 00:00:00+00:00
[2025-07-12T01:54:46.299+0000] {processor.py:183} INFO - Processing /home/airflow/.local/lib/python3.8/site-packages/airflow/example_dags/example_branch_operator_decorator.py took 0.123 seconds
[2025-07-12T01:55:17.187+0000] {processor.py:161} INFO - Started process (PID=190) to work on /home/airflow/.local/lib/python3.8/site-packages/airflow/example_dags/example_branch_operator_decorator.py
[2025-07-12T01:55:17.189+0000] {processor.py:830} INFO - Processing file /home/airflow/.local/lib/python3.8/site-packages/airflow/example_dags/example_branch_operator_decorator.py for tasks to queue
[2025-07-12T01:55:17.192+0000] {logging_mixin.py:188} INFO - [2025-07-12T01:55:17.191+0000] {dagbag.py:538} INFO - Filling up the DagBag from /home/airflow/.local/lib/python3.8/site-packages/airflow/example_dags/example_branch_operator_decorator.py
[2025-07-12T01:55:17.215+0000] {processor.py:840} INFO - DAG(s) 'example_branch_python_operator_decorator' retrieved from /home/airflow/.local/lib/python3.8/site-packages/airflow/example_dags/example_branch_operator_decorator.py
[2025-07-12T01:55:17.247+0000] {logging_mixin.py:188} INFO - [2025-07-12T01:55:17.247+0000] {dag.py:3036} INFO - Sync 1 DAGs
[2025-07-12T01:55:17.275+0000] {logging_mixin.py:188} INFO - [2025-07-12T01:55:17.275+0000] {dag.py:3823} INFO - Setting next_dagrun for example_branch_python_operator_decorator to 2025-07-11 00:00:00+00:00, run_after=2025-07-12 00:00:00+00:00
[2025-07-12T01:55:17.299+0000] {processor.py:183} INFO - Processing /home/airflow/.local/lib/python3.8/site-packages/airflow/example_dags/example_branch_operator_decorator.py took 0.116 seconds
[2025-07-12T01:55:47.597+0000] {processor.py:161} INFO - Started process (PID=251) to work on /home/airflow/.local/lib/python3.8/site-packages/airflow/example_dags/example_branch_operator_decorator.py
[2025-07-12T01:55:47.601+0000] {processor.py:830} INFO - Processing file /home/airflow/.local/lib/python3.8/site-packages/airflow/example_dags/example_branch_operator_decorator.py for tasks to queue
[2025-07-12T01:55:47.609+0000] {logging_mixin.py:188} INFO - [2025-07-12T01:55:47.609+0000] {dagbag.py:538} INFO - Filling up the DagBag from /home/airflow/.local/lib/python3.8/site-packages/airflow/example_dags/example_branch_operator_decorator.py
[2025-07-12T01:55:47.654+0000] {processor.py:840} INFO - DAG(s) 'example_branch_python_operator_decorator' retrieved from /home/airflow/.local/lib/python3.8/site-packages/airflow/example_dags/example_branch_operator_decorator.py
[2025-07-12T01:55:47.699+0000] {logging_mixin.py:188} INFO - [2025-07-12T01:55:47.699+0000] {dag.py:3036} INFO - Sync 1 DAGs
[2025-07-12T01:55:47.734+0000] {logging_mixin.py:188} INFO - [2025-07-12T01:55:47.734+0000] {dag.py:3823} INFO - Setting next_dagrun for example_branch_python_operator_decorator to 2025-07-11 00:00:00+00:00, run_after=2025-07-12 00:00:00+00:00
[2025-07-12T01:55:47.780+0000] {processor.py:183} INFO - Processing /home/airflow/.local/lib/python3.8/site-packages/airflow/example_dags/example_branch_operator_decorator.py took 0.194 seconds
[2025-07-12T01:56:18.019+0000] {processor.py:161} INFO - Started process (PID=307) to work on /home/airflow/.local/lib/python3.8/site-packages/airflow/example_dags/example_branch_operator_decorator.py
[2025-07-12T01:56:18.023+0000] {processor.py:830} INFO - Processing file /home/airflow/.local/lib/python3.8/site-packages/airflow/example_dags/example_branch_operator_decorator.py for tasks to queue
[2025-07-12T01:56:18.026+0000] {logging_mixin.py:188} INFO - [2025-07-12T01:56:18.026+0000] {dagbag.py:538} INFO - Filling up the DagBag from /home/airflow/.local/lib/python3.8/site-packages/airflow/example_dags/example_branch_operator_decorator.py
[2025-07-12T01:56:18.059+0000] {processor.py:840} INFO - DAG(s) 'example_branch_python_operator_decorator' retrieved from /home/airflow/.local/lib/python3.8/site-packages/airflow/example_dags/example_branch_operator_decorator.py
[2025-07-12T01:56:18.101+0000] {logging_mixin.py:188} INFO - [2025-07-12T01:56:18.101+0000] {dag.py:3036} INFO - Sync 1 DAGs
[2025-07-12T01:56:18.131+0000] {logging_mixin.py:188} INFO - [2025-07-12T01:56:18.130+0000] {dag.py:3823} INFO - Setting next_dagrun for example_branch_python_operator_decorator to 2025-07-11 00:00:00+00:00, run_after=2025-07-12 00:00:00+00:00
[2025-07-12T01:56:18.174+0000] {processor.py:183} INFO - Processing /home/airflow/.local/lib/python3.8/site-packages/airflow/example_dags/example_branch_operator_decorator.py took 0.162 seconds
[2025-07-12T01:56:48.752+0000] {processor.py:161} INFO - Started process (PID=368) to work on /home/airflow/.local/lib/python3.8/site-packages/airflow/example_dags/example_branch_operator_decorator.py
[2025-07-12T01:56:48.754+0000] {processor.py:830} INFO - Processing file /home/airflow/.local/lib/python3.8/site-packages/airflow/example_dags/example_branch_operator_decorator.py for tasks to queue
[2025-07-12T01:56:48.759+0000] {logging_mixin.py:188} INFO - [2025-07-12T01:56:48.759+0000] {dagbag.py:538} INFO - Filling up the DagBag from /home/airflow/.local/lib/python3.8/site-packages/airflow/example_dags/example_branch_operator_decorator.py
[2025-07-12T01:56:48.797+0000] {processor.py:840} INFO - DAG(s) 'example_branch_python_operator_decorator' retrieved from /home/airflow/.local/lib/python3.8/site-packages/airflow/example_dags/example_branch_operator_decorator.py
[2025-07-12T01:56:48.831+0000] {logging_mixin.py:188} INFO - [2025-07-12T01:56:48.831+0000] {dag.py:3036} INFO - Sync 1 DAGs
[2025-07-12T01:56:48.857+0000] {logging_mixin.py:188} INFO - [2025-07-12T01:56:48.857+0000] {dag.py:3823} INFO - Setting next_dagrun for example_branch_python_operator_decorator to 2025-07-11 00:00:00+00:00, run_after=2025-07-12 00:00:00+00:00
[2025-07-12T01:56:48.886+0000] {processor.py:183} INFO - Processing /home/airflow/.local/lib/python3.8/site-packages/airflow/example_dags/example_branch_operator_decorator.py took 0.138 seconds
