[2025-07-12T01:35:15.511+0000] {processor.py:161} INFO - Started process (PID=99) to work on /home/airflow/.local/lib/python3.8/site-packages/airflow/example_dags/example_branch_datetime_operator.py
[2025-07-12T01:35:15.514+0000] {processor.py:830} INFO - Processing file /home/airflow/.local/lib/python3.8/site-packages/airflow/example_dags/example_branch_datetime_operator.py for tasks to queue
[2025-07-12T01:35:15.517+0000] {logging_mixin.py:188} INFO - [2025-07-12T01:35:15.517+0000] {dagbag.py:538} INFO - Filling up the DagBag from /home/airflow/.local/lib/python3.8/site-packages/airflow/example_dags/example_branch_datetime_operator.py
[2025-07-12T01:35:15.538+0000] {processor.py:840} INFO - DAG(s) 'example_branch_datetime_operator_3', 'example_branch_datetime_operator', 'example_branch_datetime_operator_2' retrieved from /home/airflow/.local/lib/python3.8/site-packages/airflow/example_dags/example_branch_datetime_operator.py
[2025-07-12T01:35:15.589+0000] {logging_mixin.py:188} INFO - [2025-07-12T01:35:15.589+0000] {dag.py:3036} INFO - Sync 3 DAGs
[2025-07-12T01:35:15.626+0000] {logging_mixin.py:188} INFO - [2025-07-12T01:35:15.626+0000] {dag.py:3823} INFO - Setting next_dagrun for example_branch_datetime_operator to 2025-07-11 00:00:00+00:00, run_after=2025-07-12 00:00:00+00:00
[2025-07-12T01:35:15.634+0000] {logging_mixin.py:188} INFO - [2025-07-12T01:35:15.634+0000] {dag.py:3823} INFO - Setting next_dagrun for example_branch_datetime_operator_2 to 2025-07-11 00:00:00+00:00, run_after=2025-07-12 00:00:00+00:00
[2025-07-12T01:35:15.642+0000] {logging_mixin.py:188} INFO - [2025-07-12T01:35:15.642+0000] {dag.py:3823} INFO - Setting next_dagrun for example_branch_datetime_operator_3 to 2025-07-11 00:00:00+00:00, run_after=2025-07-12 00:00:00+00:00
[2025-07-12T01:35:15.673+0000] {processor.py:183} INFO - Processing /home/airflow/.local/lib/python3.8/site-packages/airflow/example_dags/example_branch_datetime_operator.py took 0.167 seconds
[2025-07-12T01:35:46.629+0000] {processor.py:161} INFO - Started process (PID=155) to work on /home/airflow/.local/lib/python3.8/site-packages/airflow/example_dags/example_branch_datetime_operator.py
[2025-07-12T01:35:46.632+0000] {processor.py:830} INFO - Processing file /home/airflow/.local/lib/python3.8/site-packages/airflow/example_dags/example_branch_datetime_operator.py for tasks to queue
[2025-07-12T01:35:46.636+0000] {logging_mixin.py:188} INFO - [2025-07-12T01:35:46.636+0000] {dagbag.py:538} INFO - Filling up the DagBag from /home/airflow/.local/lib/python3.8/site-packages/airflow/example_dags/example_branch_datetime_operator.py
[2025-07-12T01:35:46.653+0000] {processor.py:840} INFO - DAG(s) 'example_branch_datetime_operator_3', 'example_branch_datetime_operator_2', 'example_branch_datetime_operator' retrieved from /home/airflow/.local/lib/python3.8/site-packages/airflow/example_dags/example_branch_datetime_operator.py
[2025-07-12T01:35:46.699+0000] {logging_mixin.py:188} INFO - [2025-07-12T01:35:46.699+0000] {dag.py:3036} INFO - Sync 3 DAGs
[2025-07-12T01:35:46.729+0000] {logging_mixin.py:188} INFO - [2025-07-12T01:35:46.729+0000] {dag.py:3823} INFO - Setting next_dagrun for example_branch_datetime_operator to 2025-07-11 00:00:00+00:00, run_after=2025-07-12 00:00:00+00:00
[2025-07-12T01:35:46.737+0000] {logging_mixin.py:188} INFO - [2025-07-12T01:35:46.736+0000] {dag.py:3823} INFO - Setting next_dagrun for example_branch_datetime_operator_2 to 2025-07-11 00:00:00+00:00, run_after=2025-07-12 00:00:00+00:00
[2025-07-12T01:35:46.741+0000] {logging_mixin.py:188} INFO - [2025-07-12T01:35:46.740+0000] {dag.py:3823} INFO - Setting next_dagrun for example_branch_datetime_operator_3 to 2025-07-11 00:00:00+00:00, run_after=2025-07-12 00:00:00+00:00
[2025-07-12T01:35:46.772+0000] {processor.py:183} INFO - Processing /home/airflow/.local/lib/python3.8/site-packages/airflow/example_dags/example_branch_datetime_operator.py took 0.149 seconds
[2025-07-12T01:36:17.034+0000] {processor.py:161} INFO - Started process (PID=211) to work on /home/airflow/.local/lib/python3.8/site-packages/airflow/example_dags/example_branch_datetime_operator.py
[2025-07-12T01:36:17.036+0000] {processor.py:830} INFO - Processing file /home/airflow/.local/lib/python3.8/site-packages/airflow/example_dags/example_branch_datetime_operator.py for tasks to queue
[2025-07-12T01:36:17.038+0000] {logging_mixin.py:188} INFO - [2025-07-12T01:36:17.038+0000] {dagbag.py:538} INFO - Filling up the DagBag from /home/airflow/.local/lib/python3.8/site-packages/airflow/example_dags/example_branch_datetime_operator.py
[2025-07-12T01:36:17.048+0000] {processor.py:840} INFO - DAG(s) 'example_branch_datetime_operator', 'example_branch_datetime_operator_3', 'example_branch_datetime_operator_2' retrieved from /home/airflow/.local/lib/python3.8/site-packages/airflow/example_dags/example_branch_datetime_operator.py
[2025-07-12T01:36:17.063+0000] {logging_mixin.py:188} INFO - [2025-07-12T01:36:17.063+0000] {dag.py:3036} INFO - Sync 3 DAGs
[2025-07-12T01:36:17.085+0000] {logging_mixin.py:188} INFO - [2025-07-12T01:36:17.084+0000] {dag.py:3823} INFO - Setting next_dagrun for example_branch_datetime_operator to 2025-07-11 00:00:00+00:00, run_after=2025-07-12 00:00:00+00:00
[2025-07-12T01:36:17.089+0000] {logging_mixin.py:188} INFO - [2025-07-12T01:36:17.089+0000] {dag.py:3823} INFO - Setting next_dagrun for example_branch_datetime_operator_2 to 2025-07-11 00:00:00+00:00, run_after=2025-07-12 00:00:00+00:00
[2025-07-12T01:36:17.092+0000] {logging_mixin.py:188} INFO - [2025-07-12T01:36:17.092+0000] {dag.py:3823} INFO - Setting next_dagrun for example_branch_datetime_operator_3 to 2025-07-11 00:00:00+00:00, run_after=2025-07-12 00:00:00+00:00
[2025-07-12T01:36:17.113+0000] {processor.py:183} INFO - Processing /home/airflow/.local/lib/python3.8/site-packages/airflow/example_dags/example_branch_datetime_operator.py took 0.082 seconds
[2025-07-12T01:36:48.641+0000] {processor.py:161} INFO - Started process (PID=267) to work on /home/airflow/.local/lib/python3.8/site-packages/airflow/example_dags/example_branch_datetime_operator.py
[2025-07-12T01:36:48.643+0000] {processor.py:830} INFO - Processing file /home/airflow/.local/lib/python3.8/site-packages/airflow/example_dags/example_branch_datetime_operator.py for tasks to queue
[2025-07-12T01:36:48.648+0000] {logging_mixin.py:188} INFO - [2025-07-12T01:36:48.647+0000] {dagbag.py:538} INFO - Filling up the DagBag from /home/airflow/.local/lib/python3.8/site-packages/airflow/example_dags/example_branch_datetime_operator.py
[2025-07-12T01:36:48.667+0000] {processor.py:840} INFO - DAG(s) 'example_branch_datetime_operator_2', 'example_branch_datetime_operator_3', 'example_branch_datetime_operator' retrieved from /home/airflow/.local/lib/python3.8/site-packages/airflow/example_dags/example_branch_datetime_operator.py
[2025-07-12T01:36:48.893+0000] {logging_mixin.py:188} INFO - [2025-07-12T01:36:48.893+0000] {dag.py:3036} INFO - Sync 3 DAGs
[2025-07-12T01:36:48.928+0000] {logging_mixin.py:188} INFO - [2025-07-12T01:36:48.927+0000] {dag.py:3823} INFO - Setting next_dagrun for example_branch_datetime_operator to 2025-07-11 00:00:00+00:00, run_after=2025-07-12 00:00:00+00:00
[2025-07-12T01:36:48.940+0000] {logging_mixin.py:188} INFO - [2025-07-12T01:36:48.939+0000] {dag.py:3823} INFO - Setting next_dagrun for example_branch_datetime_operator_2 to 2025-07-11 00:00:00+00:00, run_after=2025-07-12 00:00:00+00:00
[2025-07-12T01:36:48.946+0000] {logging_mixin.py:188} INFO - [2025-07-12T01:36:48.945+0000] {dag.py:3823} INFO - Setting next_dagrun for example_branch_datetime_operator_3 to 2025-07-11 00:00:00+00:00, run_after=2025-07-12 00:00:00+00:00
[2025-07-12T01:36:48.995+0000] {processor.py:183} INFO - Processing /home/airflow/.local/lib/python3.8/site-packages/airflow/example_dags/example_branch_datetime_operator.py took 0.361 seconds
[2025-07-12T01:37:19.386+0000] {processor.py:161} INFO - Started process (PID=323) to work on /home/airflow/.local/lib/python3.8/site-packages/airflow/example_dags/example_branch_datetime_operator.py
[2025-07-12T01:37:19.387+0000] {processor.py:830} INFO - Processing file /home/airflow/.local/lib/python3.8/site-packages/airflow/example_dags/example_branch_datetime_operator.py for tasks to queue
[2025-07-12T01:37:19.390+0000] {logging_mixin.py:188} INFO - [2025-07-12T01:37:19.389+0000] {dagbag.py:538} INFO - Filling up the DagBag from /home/airflow/.local/lib/python3.8/site-packages/airflow/example_dags/example_branch_datetime_operator.py
[2025-07-12T01:37:19.399+0000] {processor.py:840} INFO - DAG(s) 'example_branch_datetime_operator_3', 'example_branch_datetime_operator_2', 'example_branch_datetime_operator' retrieved from /home/airflow/.local/lib/python3.8/site-packages/airflow/example_dags/example_branch_datetime_operator.py
[2025-07-12T01:37:19.432+0000] {logging_mixin.py:188} INFO - [2025-07-12T01:37:19.431+0000] {dag.py:3036} INFO - Sync 3 DAGs
[2025-07-12T01:37:19.457+0000] {logging_mixin.py:188} INFO - [2025-07-12T01:37:19.457+0000] {dag.py:3823} INFO - Setting next_dagrun for example_branch_datetime_operator to 2025-07-11 00:00:00+00:00, run_after=2025-07-12 00:00:00+00:00
[2025-07-12T01:37:19.462+0000] {logging_mixin.py:188} INFO - [2025-07-12T01:37:19.462+0000] {dag.py:3823} INFO - Setting next_dagrun for example_branch_datetime_operator_2 to 2025-07-11 00:00:00+00:00, run_after=2025-07-12 00:00:00+00:00
[2025-07-12T01:37:19.465+0000] {logging_mixin.py:188} INFO - [2025-07-12T01:37:19.465+0000] {dag.py:3823} INFO - Setting next_dagrun for example_branch_datetime_operator_3 to 2025-07-11 00:00:00+00:00, run_after=2025-07-12 00:00:00+00:00
[2025-07-12T01:37:19.490+0000] {processor.py:183} INFO - Processing /home/airflow/.local/lib/python3.8/site-packages/airflow/example_dags/example_branch_datetime_operator.py took 0.109 seconds
[2025-07-12T01:38:37.050+0000] {processor.py:161} INFO - Started process (PID=99) to work on /home/airflow/.local/lib/python3.8/site-packages/airflow/example_dags/example_branch_datetime_operator.py
[2025-07-12T01:38:37.052+0000] {processor.py:830} INFO - Processing file /home/airflow/.local/lib/python3.8/site-packages/airflow/example_dags/example_branch_datetime_operator.py for tasks to queue
[2025-07-12T01:38:37.056+0000] {logging_mixin.py:188} INFO - [2025-07-12T01:38:37.055+0000] {dagbag.py:538} INFO - Filling up the DagBag from /home/airflow/.local/lib/python3.8/site-packages/airflow/example_dags/example_branch_datetime_operator.py
[2025-07-12T01:38:37.077+0000] {processor.py:840} INFO - DAG(s) 'example_branch_datetime_operator', 'example_branch_datetime_operator_3', 'example_branch_datetime_operator_2' retrieved from /home/airflow/.local/lib/python3.8/site-packages/airflow/example_dags/example_branch_datetime_operator.py
[2025-07-12T01:38:37.241+0000] {logging_mixin.py:188} INFO - [2025-07-12T01:38:37.240+0000] {override.py:1769} INFO - Created Permission View: can edit on DAG:example_branch_datetime_operator
[2025-07-12T01:38:37.260+0000] {logging_mixin.py:188} INFO - [2025-07-12T01:38:37.260+0000] {override.py:1769} INFO - Created Permission View: can delete on DAG:example_branch_datetime_operator
[2025-07-12T01:38:37.275+0000] {logging_mixin.py:188} INFO - [2025-07-12T01:38:37.275+0000] {override.py:1769} INFO - Created Permission View: can read on DAG:example_branch_datetime_operator
[2025-07-12T01:38:37.304+0000] {logging_mixin.py:188} INFO - [2025-07-12T01:38:37.303+0000] {override.py:1769} INFO - Created Permission View: can edit on DAG:example_branch_datetime_operator_3
[2025-07-12T01:38:37.330+0000] {logging_mixin.py:188} INFO - [2025-07-12T01:38:37.330+0000] {override.py:1769} INFO - Created Permission View: can delete on DAG:example_branch_datetime_operator_3
[2025-07-12T01:38:37.344+0000] {logging_mixin.py:188} INFO - [2025-07-12T01:38:37.344+0000] {override.py:1769} INFO - Created Permission View: can read on DAG:example_branch_datetime_operator_3
[2025-07-12T01:38:37.369+0000] {logging_mixin.py:188} INFO - [2025-07-12T01:38:37.368+0000] {override.py:1769} INFO - Created Permission View: can edit on DAG:example_branch_datetime_operator_2
[2025-07-12T01:38:37.383+0000] {logging_mixin.py:188} INFO - [2025-07-12T01:38:37.383+0000] {override.py:1769} INFO - Created Permission View: can delete on DAG:example_branch_datetime_operator_2
[2025-07-12T01:38:37.399+0000] {logging_mixin.py:188} INFO - [2025-07-12T01:38:37.398+0000] {override.py:1769} INFO - Created Permission View: can read on DAG:example_branch_datetime_operator_2
[2025-07-12T01:38:37.400+0000] {logging_mixin.py:188} INFO - [2025-07-12T01:38:37.400+0000] {dag.py:3036} INFO - Sync 3 DAGs
[2025-07-12T01:38:37.424+0000] {logging_mixin.py:188} INFO - [2025-07-12T01:38:37.423+0000] {dag.py:3058} INFO - Creating ORM DAG for example_branch_datetime_operator_2
[2025-07-12T01:38:37.426+0000] {logging_mixin.py:188} INFO - [2025-07-12T01:38:37.425+0000] {dag.py:3058} INFO - Creating ORM DAG for example_branch_datetime_operator
[2025-07-12T01:38:37.427+0000] {logging_mixin.py:188} INFO - [2025-07-12T01:38:37.427+0000] {dag.py:3058} INFO - Creating ORM DAG for example_branch_datetime_operator_3
[2025-07-12T01:38:37.448+0000] {logging_mixin.py:188} INFO - [2025-07-12T01:38:37.447+0000] {dag.py:3823} INFO - Setting next_dagrun for example_branch_datetime_operator to 2025-07-11 00:00:00+00:00, run_after=2025-07-12 00:00:00+00:00
[2025-07-12T01:38:37.452+0000] {logging_mixin.py:188} INFO - [2025-07-12T01:38:37.451+0000] {dag.py:3823} INFO - Setting next_dagrun for example_branch_datetime_operator_2 to 2025-07-11 00:00:00+00:00, run_after=2025-07-12 00:00:00+00:00
[2025-07-12T01:38:37.456+0000] {logging_mixin.py:188} INFO - [2025-07-12T01:38:37.455+0000] {dag.py:3823} INFO - Setting next_dagrun for example_branch_datetime_operator_3 to 2025-07-11 00:00:00+00:00, run_after=2025-07-12 00:00:00+00:00
[2025-07-12T01:38:37.504+0000] {processor.py:183} INFO - Processing /home/airflow/.local/lib/python3.8/site-packages/airflow/example_dags/example_branch_datetime_operator.py took 0.459 seconds
[2025-07-12T01:39:08.331+0000] {processor.py:161} INFO - Started process (PID=155) to work on /home/airflow/.local/lib/python3.8/site-packages/airflow/example_dags/example_branch_datetime_operator.py
[2025-07-12T01:39:08.333+0000] {processor.py:830} INFO - Processing file /home/airflow/.local/lib/python3.8/site-packages/airflow/example_dags/example_branch_datetime_operator.py for tasks to queue
[2025-07-12T01:39:08.339+0000] {logging_mixin.py:188} INFO - [2025-07-12T01:39:08.338+0000] {dagbag.py:538} INFO - Filling up the DagBag from /home/airflow/.local/lib/python3.8/site-packages/airflow/example_dags/example_branch_datetime_operator.py
[2025-07-12T01:39:08.365+0000] {processor.py:840} INFO - DAG(s) 'example_branch_datetime_operator_3', 'example_branch_datetime_operator', 'example_branch_datetime_operator_2' retrieved from /home/airflow/.local/lib/python3.8/site-packages/airflow/example_dags/example_branch_datetime_operator.py
[2025-07-12T01:39:08.419+0000] {logging_mixin.py:188} INFO - [2025-07-12T01:39:08.418+0000] {dag.py:3036} INFO - Sync 3 DAGs
[2025-07-12T01:39:08.463+0000] {logging_mixin.py:188} INFO - [2025-07-12T01:39:08.462+0000] {dag.py:3823} INFO - Setting next_dagrun for example_branch_datetime_operator to 2025-07-11 00:00:00+00:00, run_after=2025-07-12 00:00:00+00:00
[2025-07-12T01:39:08.473+0000] {logging_mixin.py:188} INFO - [2025-07-12T01:39:08.472+0000] {dag.py:3823} INFO - Setting next_dagrun for example_branch_datetime_operator_2 to 2025-07-11 00:00:00+00:00, run_after=2025-07-12 00:00:00+00:00
[2025-07-12T01:39:08.479+0000] {logging_mixin.py:188} INFO - [2025-07-12T01:39:08.478+0000] {dag.py:3823} INFO - Setting next_dagrun for example_branch_datetime_operator_3 to 2025-07-11 00:00:00+00:00, run_after=2025-07-12 00:00:00+00:00
[2025-07-12T01:39:08.523+0000] {processor.py:183} INFO - Processing /home/airflow/.local/lib/python3.8/site-packages/airflow/example_dags/example_branch_datetime_operator.py took 0.201 seconds
[2025-07-12T01:39:39.033+0000] {processor.py:161} INFO - Started process (PID=211) to work on /home/airflow/.local/lib/python3.8/site-packages/airflow/example_dags/example_branch_datetime_operator.py
[2025-07-12T01:39:39.036+0000] {processor.py:830} INFO - Processing file /home/airflow/.local/lib/python3.8/site-packages/airflow/example_dags/example_branch_datetime_operator.py for tasks to queue
[2025-07-12T01:39:39.039+0000] {logging_mixin.py:188} INFO - [2025-07-12T01:39:39.039+0000] {dagbag.py:538} INFO - Filling up the DagBag from /home/airflow/.local/lib/python3.8/site-packages/airflow/example_dags/example_branch_datetime_operator.py
[2025-07-12T01:39:39.050+0000] {processor.py:840} INFO - DAG(s) 'example_branch_datetime_operator_2', 'example_branch_datetime_operator', 'example_branch_datetime_operator_3' retrieved from /home/airflow/.local/lib/python3.8/site-packages/airflow/example_dags/example_branch_datetime_operator.py
[2025-07-12T01:39:39.085+0000] {logging_mixin.py:188} INFO - [2025-07-12T01:39:39.084+0000] {dag.py:3036} INFO - Sync 3 DAGs
[2025-07-12T01:39:39.107+0000] {logging_mixin.py:188} INFO - [2025-07-12T01:39:39.107+0000] {dag.py:3823} INFO - Setting next_dagrun for example_branch_datetime_operator to 2025-07-11 00:00:00+00:00, run_after=2025-07-12 00:00:00+00:00
[2025-07-12T01:39:39.113+0000] {logging_mixin.py:188} INFO - [2025-07-12T01:39:39.112+0000] {dag.py:3823} INFO - Setting next_dagrun for example_branch_datetime_operator_2 to 2025-07-11 00:00:00+00:00, run_after=2025-07-12 00:00:00+00:00
[2025-07-12T01:39:39.117+0000] {logging_mixin.py:188} INFO - [2025-07-12T01:39:39.116+0000] {dag.py:3823} INFO - Setting next_dagrun for example_branch_datetime_operator_3 to 2025-07-11 00:00:00+00:00, run_after=2025-07-12 00:00:00+00:00
[2025-07-12T01:39:39.141+0000] {processor.py:183} INFO - Processing /home/airflow/.local/lib/python3.8/site-packages/airflow/example_dags/example_branch_datetime_operator.py took 0.112 seconds
[2025-07-12T01:40:09.194+0000] {processor.py:161} INFO - Started process (PID=268) to work on /home/airflow/.local/lib/python3.8/site-packages/airflow/example_dags/example_branch_datetime_operator.py
[2025-07-12T01:40:09.195+0000] {processor.py:830} INFO - Processing file /home/airflow/.local/lib/python3.8/site-packages/airflow/example_dags/example_branch_datetime_operator.py for tasks to queue
[2025-07-12T01:40:09.198+0000] {logging_mixin.py:188} INFO - [2025-07-12T01:40:09.197+0000] {dagbag.py:538} INFO - Filling up the DagBag from /home/airflow/.local/lib/python3.8/site-packages/airflow/example_dags/example_branch_datetime_operator.py
[2025-07-12T01:40:09.208+0000] {processor.py:840} INFO - DAG(s) 'example_branch_datetime_operator_3', 'example_branch_datetime_operator', 'example_branch_datetime_operator_2' retrieved from /home/airflow/.local/lib/python3.8/site-packages/airflow/example_dags/example_branch_datetime_operator.py
[2025-07-12T01:40:09.239+0000] {logging_mixin.py:188} INFO - [2025-07-12T01:40:09.239+0000] {dag.py:3036} INFO - Sync 3 DAGs
[2025-07-12T01:40:09.263+0000] {logging_mixin.py:188} INFO - [2025-07-12T01:40:09.263+0000] {dag.py:3823} INFO - Setting next_dagrun for example_branch_datetime_operator to 2025-07-11 00:00:00+00:00, run_after=2025-07-12 00:00:00+00:00
[2025-07-12T01:40:09.269+0000] {logging_mixin.py:188} INFO - [2025-07-12T01:40:09.269+0000] {dag.py:3823} INFO - Setting next_dagrun for example_branch_datetime_operator_2 to 2025-07-11 00:00:00+00:00, run_after=2025-07-12 00:00:00+00:00
[2025-07-12T01:40:09.272+0000] {logging_mixin.py:188} INFO - [2025-07-12T01:40:09.272+0000] {dag.py:3823} INFO - Setting next_dagrun for example_branch_datetime_operator_3 to 2025-07-11 00:00:00+00:00, run_after=2025-07-12 00:00:00+00:00
[2025-07-12T01:40:09.297+0000] {processor.py:183} INFO - Processing /home/airflow/.local/lib/python3.8/site-packages/airflow/example_dags/example_branch_datetime_operator.py took 0.106 seconds
[2025-07-12T01:40:39.429+0000] {processor.py:161} INFO - Started process (PID=324) to work on /home/airflow/.local/lib/python3.8/site-packages/airflow/example_dags/example_branch_datetime_operator.py
[2025-07-12T01:40:39.431+0000] {processor.py:830} INFO - Processing file /home/airflow/.local/lib/python3.8/site-packages/airflow/example_dags/example_branch_datetime_operator.py for tasks to queue
[2025-07-12T01:40:39.434+0000] {logging_mixin.py:188} INFO - [2025-07-12T01:40:39.433+0000] {dagbag.py:538} INFO - Filling up the DagBag from /home/airflow/.local/lib/python3.8/site-packages/airflow/example_dags/example_branch_datetime_operator.py
[2025-07-12T01:40:39.445+0000] {processor.py:840} INFO - DAG(s) 'example_branch_datetime_operator', 'example_branch_datetime_operator_2', 'example_branch_datetime_operator_3' retrieved from /home/airflow/.local/lib/python3.8/site-packages/airflow/example_dags/example_branch_datetime_operator.py
[2025-07-12T01:40:39.476+0000] {logging_mixin.py:188} INFO - [2025-07-12T01:40:39.476+0000] {dag.py:3036} INFO - Sync 3 DAGs
[2025-07-12T01:40:39.502+0000] {logging_mixin.py:188} INFO - [2025-07-12T01:40:39.502+0000] {dag.py:3823} INFO - Setting next_dagrun for example_branch_datetime_operator to 2025-07-11 00:00:00+00:00, run_after=2025-07-12 00:00:00+00:00
[2025-07-12T01:40:39.507+0000] {logging_mixin.py:188} INFO - [2025-07-12T01:40:39.507+0000] {dag.py:3823} INFO - Setting next_dagrun for example_branch_datetime_operator_2 to 2025-07-11 00:00:00+00:00, run_after=2025-07-12 00:00:00+00:00
[2025-07-12T01:40:39.511+0000] {logging_mixin.py:188} INFO - [2025-07-12T01:40:39.511+0000] {dag.py:3823} INFO - Setting next_dagrun for example_branch_datetime_operator_3 to 2025-07-11 00:00:00+00:00, run_after=2025-07-12 00:00:00+00:00
[2025-07-12T01:40:39.536+0000] {processor.py:183} INFO - Processing /home/airflow/.local/lib/python3.8/site-packages/airflow/example_dags/example_branch_datetime_operator.py took 0.110 seconds
[2025-07-12T01:41:10.034+0000] {processor.py:161} INFO - Started process (PID=380) to work on /home/airflow/.local/lib/python3.8/site-packages/airflow/example_dags/example_branch_datetime_operator.py
[2025-07-12T01:41:10.035+0000] {processor.py:830} INFO - Processing file /home/airflow/.local/lib/python3.8/site-packages/airflow/example_dags/example_branch_datetime_operator.py for tasks to queue
[2025-07-12T01:41:10.037+0000] {logging_mixin.py:188} INFO - [2025-07-12T01:41:10.037+0000] {dagbag.py:538} INFO - Filling up the DagBag from /home/airflow/.local/lib/python3.8/site-packages/airflow/example_dags/example_branch_datetime_operator.py
[2025-07-12T01:41:10.046+0000] {processor.py:840} INFO - DAG(s) 'example_branch_datetime_operator_2', 'example_branch_datetime_operator_3', 'example_branch_datetime_operator' retrieved from /home/airflow/.local/lib/python3.8/site-packages/airflow/example_dags/example_branch_datetime_operator.py
[2025-07-12T01:41:10.075+0000] {logging_mixin.py:188} INFO - [2025-07-12T01:41:10.075+0000] {dag.py:3036} INFO - Sync 3 DAGs
[2025-07-12T01:41:10.098+0000] {logging_mixin.py:188} INFO - [2025-07-12T01:41:10.097+0000] {dag.py:3823} INFO - Setting next_dagrun for example_branch_datetime_operator to 2025-07-11 00:00:00+00:00, run_after=2025-07-12 00:00:00+00:00
[2025-07-12T01:41:10.103+0000] {logging_mixin.py:188} INFO - [2025-07-12T01:41:10.102+0000] {dag.py:3823} INFO - Setting next_dagrun for example_branch_datetime_operator_2 to 2025-07-11 00:00:00+00:00, run_after=2025-07-12 00:00:00+00:00
[2025-07-12T01:41:10.106+0000] {logging_mixin.py:188} INFO - [2025-07-12T01:41:10.105+0000] {dag.py:3823} INFO - Setting next_dagrun for example_branch_datetime_operator_3 to 2025-07-11 00:00:00+00:00, run_after=2025-07-12 00:00:00+00:00
[2025-07-12T01:41:10.130+0000] {processor.py:183} INFO - Processing /home/airflow/.local/lib/python3.8/site-packages/airflow/example_dags/example_branch_datetime_operator.py took 0.100 seconds
[2025-07-12T01:41:40.352+0000] {processor.py:161} INFO - Started process (PID=436) to work on /home/airflow/.local/lib/python3.8/site-packages/airflow/example_dags/example_branch_datetime_operator.py
[2025-07-12T01:41:40.354+0000] {processor.py:830} INFO - Processing file /home/airflow/.local/lib/python3.8/site-packages/airflow/example_dags/example_branch_datetime_operator.py for tasks to queue
[2025-07-12T01:41:40.356+0000] {logging_mixin.py:188} INFO - [2025-07-12T01:41:40.356+0000] {dagbag.py:538} INFO - Filling up the DagBag from /home/airflow/.local/lib/python3.8/site-packages/airflow/example_dags/example_branch_datetime_operator.py
[2025-07-12T01:41:40.367+0000] {processor.py:840} INFO - DAG(s) 'example_branch_datetime_operator_2', 'example_branch_datetime_operator', 'example_branch_datetime_operator_3' retrieved from /home/airflow/.local/lib/python3.8/site-packages/airflow/example_dags/example_branch_datetime_operator.py
[2025-07-12T01:41:40.397+0000] {logging_mixin.py:188} INFO - [2025-07-12T01:41:40.397+0000] {dag.py:3036} INFO - Sync 3 DAGs
[2025-07-12T01:41:40.420+0000] {logging_mixin.py:188} INFO - [2025-07-12T01:41:40.419+0000] {dag.py:3823} INFO - Setting next_dagrun for example_branch_datetime_operator to 2025-07-11 00:00:00+00:00, run_after=2025-07-12 00:00:00+00:00
[2025-07-12T01:41:40.425+0000] {logging_mixin.py:188} INFO - [2025-07-12T01:41:40.425+0000] {dag.py:3823} INFO - Setting next_dagrun for example_branch_datetime_operator_2 to 2025-07-11 00:00:00+00:00, run_after=2025-07-12 00:00:00+00:00
[2025-07-12T01:41:40.429+0000] {logging_mixin.py:188} INFO - [2025-07-12T01:41:40.429+0000] {dag.py:3823} INFO - Setting next_dagrun for example_branch_datetime_operator_3 to 2025-07-11 00:00:00+00:00, run_after=2025-07-12 00:00:00+00:00
[2025-07-12T01:41:40.452+0000] {processor.py:183} INFO - Processing /home/airflow/.local/lib/python3.8/site-packages/airflow/example_dags/example_branch_datetime_operator.py took 0.103 seconds
[2025-07-12T01:42:11.684+0000] {processor.py:161} INFO - Started process (PID=492) to work on /home/airflow/.local/lib/python3.8/site-packages/airflow/example_dags/example_branch_datetime_operator.py
[2025-07-12T01:42:11.685+0000] {processor.py:830} INFO - Processing file /home/airflow/.local/lib/python3.8/site-packages/airflow/example_dags/example_branch_datetime_operator.py for tasks to queue
[2025-07-12T01:42:11.688+0000] {logging_mixin.py:188} INFO - [2025-07-12T01:42:11.687+0000] {dagbag.py:538} INFO - Filling up the DagBag from /home/airflow/.local/lib/python3.8/site-packages/airflow/example_dags/example_branch_datetime_operator.py
[2025-07-12T01:42:11.698+0000] {processor.py:840} INFO - DAG(s) 'example_branch_datetime_operator_3', 'example_branch_datetime_operator', 'example_branch_datetime_operator_2' retrieved from /home/airflow/.local/lib/python3.8/site-packages/airflow/example_dags/example_branch_datetime_operator.py
[2025-07-12T01:42:11.729+0000] {logging_mixin.py:188} INFO - [2025-07-12T01:42:11.729+0000] {dag.py:3036} INFO - Sync 3 DAGs
[2025-07-12T01:42:11.750+0000] {logging_mixin.py:188} INFO - [2025-07-12T01:42:11.750+0000] {dag.py:3823} INFO - Setting next_dagrun for example_branch_datetime_operator to 2025-07-11 00:00:00+00:00, run_after=2025-07-12 00:00:00+00:00
[2025-07-12T01:42:11.756+0000] {logging_mixin.py:188} INFO - [2025-07-12T01:42:11.756+0000] {dag.py:3823} INFO - Setting next_dagrun for example_branch_datetime_operator_2 to 2025-07-11 00:00:00+00:00, run_after=2025-07-12 00:00:00+00:00
[2025-07-12T01:42:11.759+0000] {logging_mixin.py:188} INFO - [2025-07-12T01:42:11.759+0000] {dag.py:3823} INFO - Setting next_dagrun for example_branch_datetime_operator_3 to 2025-07-11 00:00:00+00:00, run_after=2025-07-12 00:00:00+00:00
[2025-07-12T01:42:11.785+0000] {processor.py:183} INFO - Processing /home/airflow/.local/lib/python3.8/site-packages/airflow/example_dags/example_branch_datetime_operator.py took 0.104 seconds
[2025-07-12T01:42:42.822+0000] {processor.py:161} INFO - Started process (PID=548) to work on /home/airflow/.local/lib/python3.8/site-packages/airflow/example_dags/example_branch_datetime_operator.py
[2025-07-12T01:42:42.824+0000] {processor.py:830} INFO - Processing file /home/airflow/.local/lib/python3.8/site-packages/airflow/example_dags/example_branch_datetime_operator.py for tasks to queue
[2025-07-12T01:42:42.827+0000] {logging_mixin.py:188} INFO - [2025-07-12T01:42:42.826+0000] {dagbag.py:538} INFO - Filling up the DagBag from /home/airflow/.local/lib/python3.8/site-packages/airflow/example_dags/example_branch_datetime_operator.py
[2025-07-12T01:42:42.842+0000] {processor.py:840} INFO - DAG(s) 'example_branch_datetime_operator_2', 'example_branch_datetime_operator', 'example_branch_datetime_operator_3' retrieved from /home/airflow/.local/lib/python3.8/site-packages/airflow/example_dags/example_branch_datetime_operator.py
[2025-07-12T01:42:42.880+0000] {logging_mixin.py:188} INFO - [2025-07-12T01:42:42.879+0000] {dag.py:3036} INFO - Sync 3 DAGs
[2025-07-12T01:42:42.908+0000] {logging_mixin.py:188} INFO - [2025-07-12T01:42:42.908+0000] {dag.py:3823} INFO - Setting next_dagrun for example_branch_datetime_operator to 2025-07-11 00:00:00+00:00, run_after=2025-07-12 00:00:00+00:00
[2025-07-12T01:42:42.914+0000] {logging_mixin.py:188} INFO - [2025-07-12T01:42:42.914+0000] {dag.py:3823} INFO - Setting next_dagrun for example_branch_datetime_operator_2 to 2025-07-11 00:00:00+00:00, run_after=2025-07-12 00:00:00+00:00
[2025-07-12T01:42:42.918+0000] {logging_mixin.py:188} INFO - [2025-07-12T01:42:42.918+0000] {dag.py:3823} INFO - Setting next_dagrun for example_branch_datetime_operator_3 to 2025-07-11 00:00:00+00:00, run_after=2025-07-12 00:00:00+00:00
[2025-07-12T01:42:42.945+0000] {processor.py:183} INFO - Processing /home/airflow/.local/lib/python3.8/site-packages/airflow/example_dags/example_branch_datetime_operator.py took 0.128 seconds
[2025-07-12T01:43:13.256+0000] {processor.py:161} INFO - Started process (PID=604) to work on /home/airflow/.local/lib/python3.8/site-packages/airflow/example_dags/example_branch_datetime_operator.py
[2025-07-12T01:43:13.258+0000] {processor.py:830} INFO - Processing file /home/airflow/.local/lib/python3.8/site-packages/airflow/example_dags/example_branch_datetime_operator.py for tasks to queue
[2025-07-12T01:43:13.262+0000] {logging_mixin.py:188} INFO - [2025-07-12T01:43:13.261+0000] {dagbag.py:538} INFO - Filling up the DagBag from /home/airflow/.local/lib/python3.8/site-packages/airflow/example_dags/example_branch_datetime_operator.py
[2025-07-12T01:43:13.276+0000] {processor.py:840} INFO - DAG(s) 'example_branch_datetime_operator_3', 'example_branch_datetime_operator_2', 'example_branch_datetime_operator' retrieved from /home/airflow/.local/lib/python3.8/site-packages/airflow/example_dags/example_branch_datetime_operator.py
[2025-07-12T01:43:13.322+0000] {logging_mixin.py:188} INFO - [2025-07-12T01:43:13.322+0000] {dag.py:3036} INFO - Sync 3 DAGs
[2025-07-12T01:43:13.351+0000] {logging_mixin.py:188} INFO - [2025-07-12T01:43:13.350+0000] {dag.py:3823} INFO - Setting next_dagrun for example_branch_datetime_operator to 2025-07-11 00:00:00+00:00, run_after=2025-07-12 00:00:00+00:00
[2025-07-12T01:43:13.358+0000] {logging_mixin.py:188} INFO - [2025-07-12T01:43:13.357+0000] {dag.py:3823} INFO - Setting next_dagrun for example_branch_datetime_operator_2 to 2025-07-11 00:00:00+00:00, run_after=2025-07-12 00:00:00+00:00
[2025-07-12T01:43:13.362+0000] {logging_mixin.py:188} INFO - [2025-07-12T01:43:13.361+0000] {dag.py:3823} INFO - Setting next_dagrun for example_branch_datetime_operator_3 to 2025-07-11 00:00:00+00:00, run_after=2025-07-12 00:00:00+00:00
[2025-07-12T01:43:13.386+0000] {processor.py:183} INFO - Processing /home/airflow/.local/lib/python3.8/site-packages/airflow/example_dags/example_branch_datetime_operator.py took 0.138 seconds
[2025-07-12T01:43:43.500+0000] {processor.py:161} INFO - Started process (PID=660) to work on /home/airflow/.local/lib/python3.8/site-packages/airflow/example_dags/example_branch_datetime_operator.py
[2025-07-12T01:43:43.501+0000] {processor.py:830} INFO - Processing file /home/airflow/.local/lib/python3.8/site-packages/airflow/example_dags/example_branch_datetime_operator.py for tasks to queue
[2025-07-12T01:43:43.504+0000] {logging_mixin.py:188} INFO - [2025-07-12T01:43:43.504+0000] {dagbag.py:538} INFO - Filling up the DagBag from /home/airflow/.local/lib/python3.8/site-packages/airflow/example_dags/example_branch_datetime_operator.py
[2025-07-12T01:43:43.517+0000] {processor.py:840} INFO - DAG(s) 'example_branch_datetime_operator_2', 'example_branch_datetime_operator_3', 'example_branch_datetime_operator' retrieved from /home/airflow/.local/lib/python3.8/site-packages/airflow/example_dags/example_branch_datetime_operator.py
[2025-07-12T01:43:43.559+0000] {logging_mixin.py:188} INFO - [2025-07-12T01:43:43.559+0000] {dag.py:3036} INFO - Sync 3 DAGs
[2025-07-12T01:43:43.588+0000] {logging_mixin.py:188} INFO - [2025-07-12T01:43:43.588+0000] {dag.py:3823} INFO - Setting next_dagrun for example_branch_datetime_operator to 2025-07-11 00:00:00+00:00, run_after=2025-07-12 00:00:00+00:00
[2025-07-12T01:43:43.594+0000] {logging_mixin.py:188} INFO - [2025-07-12T01:43:43.594+0000] {dag.py:3823} INFO - Setting next_dagrun for example_branch_datetime_operator_2 to 2025-07-11 00:00:00+00:00, run_after=2025-07-12 00:00:00+00:00
[2025-07-12T01:43:43.598+0000] {logging_mixin.py:188} INFO - [2025-07-12T01:43:43.598+0000] {dag.py:3823} INFO - Setting next_dagrun for example_branch_datetime_operator_3 to 2025-07-11 00:00:00+00:00, run_after=2025-07-12 00:00:00+00:00
[2025-07-12T01:43:43.625+0000] {processor.py:183} INFO - Processing /home/airflow/.local/lib/python3.8/site-packages/airflow/example_dags/example_branch_datetime_operator.py took 0.130 seconds
[2025-07-12T01:44:14.033+0000] {processor.py:161} INFO - Started process (PID=716) to work on /home/airflow/.local/lib/python3.8/site-packages/airflow/example_dags/example_branch_datetime_operator.py
[2025-07-12T01:44:14.035+0000] {processor.py:830} INFO - Processing file /home/airflow/.local/lib/python3.8/site-packages/airflow/example_dags/example_branch_datetime_operator.py for tasks to queue
[2025-07-12T01:44:14.038+0000] {logging_mixin.py:188} INFO - [2025-07-12T01:44:14.038+0000] {dagbag.py:538} INFO - Filling up the DagBag from /home/airflow/.local/lib/python3.8/site-packages/airflow/example_dags/example_branch_datetime_operator.py
[2025-07-12T01:44:14.060+0000] {processor.py:840} INFO - DAG(s) 'example_branch_datetime_operator_2', 'example_branch_datetime_operator', 'example_branch_datetime_operator_3' retrieved from /home/airflow/.local/lib/python3.8/site-packages/airflow/example_dags/example_branch_datetime_operator.py
[2025-07-12T01:44:14.103+0000] {logging_mixin.py:188} INFO - [2025-07-12T01:44:14.103+0000] {dag.py:3036} INFO - Sync 3 DAGs
[2025-07-12T01:44:14.138+0000] {logging_mixin.py:188} INFO - [2025-07-12T01:44:14.138+0000] {dag.py:3823} INFO - Setting next_dagrun for example_branch_datetime_operator to 2025-07-11 00:00:00+00:00, run_after=2025-07-12 00:00:00+00:00
[2025-07-12T01:44:14.148+0000] {logging_mixin.py:188} INFO - [2025-07-12T01:44:14.147+0000] {dag.py:3823} INFO - Setting next_dagrun for example_branch_datetime_operator_2 to 2025-07-11 00:00:00+00:00, run_after=2025-07-12 00:00:00+00:00
[2025-07-12T01:44:14.152+0000] {logging_mixin.py:188} INFO - [2025-07-12T01:44:14.152+0000] {dag.py:3823} INFO - Setting next_dagrun for example_branch_datetime_operator_3 to 2025-07-11 00:00:00+00:00, run_after=2025-07-12 00:00:00+00:00
[2025-07-12T01:44:14.188+0000] {processor.py:183} INFO - Processing /home/airflow/.local/lib/python3.8/site-packages/airflow/example_dags/example_branch_datetime_operator.py took 0.161 seconds
[2025-07-12T01:44:45.065+0000] {processor.py:161} INFO - Started process (PID=772) to work on /home/airflow/.local/lib/python3.8/site-packages/airflow/example_dags/example_branch_datetime_operator.py
[2025-07-12T01:44:45.067+0000] {processor.py:830} INFO - Processing file /home/airflow/.local/lib/python3.8/site-packages/airflow/example_dags/example_branch_datetime_operator.py for tasks to queue
[2025-07-12T01:44:45.070+0000] {logging_mixin.py:188} INFO - [2025-07-12T01:44:45.070+0000] {dagbag.py:538} INFO - Filling up the DagBag from /home/airflow/.local/lib/python3.8/site-packages/airflow/example_dags/example_branch_datetime_operator.py
[2025-07-12T01:44:45.083+0000] {processor.py:840} INFO - DAG(s) 'example_branch_datetime_operator_3', 'example_branch_datetime_operator', 'example_branch_datetime_operator_2' retrieved from /home/airflow/.local/lib/python3.8/site-packages/airflow/example_dags/example_branch_datetime_operator.py
[2025-07-12T01:44:45.120+0000] {logging_mixin.py:188} INFO - [2025-07-12T01:44:45.120+0000] {dag.py:3036} INFO - Sync 3 DAGs
[2025-07-12T01:44:45.150+0000] {logging_mixin.py:188} INFO - [2025-07-12T01:44:45.150+0000] {dag.py:3823} INFO - Setting next_dagrun for example_branch_datetime_operator to 2025-07-11 00:00:00+00:00, run_after=2025-07-12 00:00:00+00:00
[2025-07-12T01:44:45.161+0000] {logging_mixin.py:188} INFO - [2025-07-12T01:44:45.160+0000] {dag.py:3823} INFO - Setting next_dagrun for example_branch_datetime_operator_2 to 2025-07-11 00:00:00+00:00, run_after=2025-07-12 00:00:00+00:00
[2025-07-12T01:44:45.166+0000] {logging_mixin.py:188} INFO - [2025-07-12T01:44:45.166+0000] {dag.py:3823} INFO - Setting next_dagrun for example_branch_datetime_operator_3 to 2025-07-11 00:00:00+00:00, run_after=2025-07-12 00:00:00+00:00
[2025-07-12T01:44:45.197+0000] {processor.py:183} INFO - Processing /home/airflow/.local/lib/python3.8/site-packages/airflow/example_dags/example_branch_datetime_operator.py took 0.136 seconds
[2025-07-12T01:45:16.009+0000] {processor.py:161} INFO - Started process (PID=828) to work on /home/airflow/.local/lib/python3.8/site-packages/airflow/example_dags/example_branch_datetime_operator.py
[2025-07-12T01:45:16.015+0000] {processor.py:830} INFO - Processing file /home/airflow/.local/lib/python3.8/site-packages/airflow/example_dags/example_branch_datetime_operator.py for tasks to queue
[2025-07-12T01:45:16.019+0000] {logging_mixin.py:188} INFO - [2025-07-12T01:45:16.019+0000] {dagbag.py:538} INFO - Filling up the DagBag from /home/airflow/.local/lib/python3.8/site-packages/airflow/example_dags/example_branch_datetime_operator.py
[2025-07-12T01:45:16.040+0000] {processor.py:840} INFO - DAG(s) 'example_branch_datetime_operator_2', 'example_branch_datetime_operator_3', 'example_branch_datetime_operator' retrieved from /home/airflow/.local/lib/python3.8/site-packages/airflow/example_dags/example_branch_datetime_operator.py
[2025-07-12T01:45:16.087+0000] {logging_mixin.py:188} INFO - [2025-07-12T01:45:16.087+0000] {dag.py:3036} INFO - Sync 3 DAGs
[2025-07-12T01:45:16.123+0000] {logging_mixin.py:188} INFO - [2025-07-12T01:45:16.122+0000] {dag.py:3823} INFO - Setting next_dagrun for example_branch_datetime_operator to 2025-07-11 00:00:00+00:00, run_after=2025-07-12 00:00:00+00:00
[2025-07-12T01:45:16.130+0000] {logging_mixin.py:188} INFO - [2025-07-12T01:45:16.129+0000] {dag.py:3823} INFO - Setting next_dagrun for example_branch_datetime_operator_2 to 2025-07-11 00:00:00+00:00, run_after=2025-07-12 00:00:00+00:00
[2025-07-12T01:45:16.133+0000] {logging_mixin.py:188} INFO - [2025-07-12T01:45:16.133+0000] {dag.py:3823} INFO - Setting next_dagrun for example_branch_datetime_operator_3 to 2025-07-11 00:00:00+00:00, run_after=2025-07-12 00:00:00+00:00
[2025-07-12T01:45:16.163+0000] {processor.py:183} INFO - Processing /home/airflow/.local/lib/python3.8/site-packages/airflow/example_dags/example_branch_datetime_operator.py took 0.161 seconds
[2025-07-12T01:45:47.479+0000] {processor.py:161} INFO - Started process (PID=884) to work on /home/airflow/.local/lib/python3.8/site-packages/airflow/example_dags/example_branch_datetime_operator.py
[2025-07-12T01:45:47.481+0000] {processor.py:830} INFO - Processing file /home/airflow/.local/lib/python3.8/site-packages/airflow/example_dags/example_branch_datetime_operator.py for tasks to queue
[2025-07-12T01:45:47.484+0000] {logging_mixin.py:188} INFO - [2025-07-12T01:45:47.483+0000] {dagbag.py:538} INFO - Filling up the DagBag from /home/airflow/.local/lib/python3.8/site-packages/airflow/example_dags/example_branch_datetime_operator.py
[2025-07-12T01:45:47.497+0000] {processor.py:840} INFO - DAG(s) 'example_branch_datetime_operator', 'example_branch_datetime_operator_3', 'example_branch_datetime_operator_2' retrieved from /home/airflow/.local/lib/python3.8/site-packages/airflow/example_dags/example_branch_datetime_operator.py
[2025-07-12T01:45:47.542+0000] {logging_mixin.py:188} INFO - [2025-07-12T01:45:47.542+0000] {dag.py:3036} INFO - Sync 3 DAGs
[2025-07-12T01:45:47.575+0000] {logging_mixin.py:188} INFO - [2025-07-12T01:45:47.574+0000] {dag.py:3823} INFO - Setting next_dagrun for example_branch_datetime_operator to 2025-07-11 00:00:00+00:00, run_after=2025-07-12 00:00:00+00:00
[2025-07-12T01:45:47.585+0000] {logging_mixin.py:188} INFO - [2025-07-12T01:45:47.585+0000] {dag.py:3823} INFO - Setting next_dagrun for example_branch_datetime_operator_2 to 2025-07-11 00:00:00+00:00, run_after=2025-07-12 00:00:00+00:00
[2025-07-12T01:45:47.591+0000] {logging_mixin.py:188} INFO - [2025-07-12T01:45:47.591+0000] {dag.py:3823} INFO - Setting next_dagrun for example_branch_datetime_operator_3 to 2025-07-11 00:00:00+00:00, run_after=2025-07-12 00:00:00+00:00
[2025-07-12T01:45:47.622+0000] {processor.py:183} INFO - Processing /home/airflow/.local/lib/python3.8/site-packages/airflow/example_dags/example_branch_datetime_operator.py took 0.147 seconds
[2025-07-12T01:46:18.803+0000] {processor.py:161} INFO - Started process (PID=940) to work on /home/airflow/.local/lib/python3.8/site-packages/airflow/example_dags/example_branch_datetime_operator.py
[2025-07-12T01:46:18.806+0000] {processor.py:830} INFO - Processing file /home/airflow/.local/lib/python3.8/site-packages/airflow/example_dags/example_branch_datetime_operator.py for tasks to queue
[2025-07-12T01:46:18.810+0000] {logging_mixin.py:188} INFO - [2025-07-12T01:46:18.810+0000] {dagbag.py:538} INFO - Filling up the DagBag from /home/airflow/.local/lib/python3.8/site-packages/airflow/example_dags/example_branch_datetime_operator.py
[2025-07-12T01:46:18.830+0000] {processor.py:840} INFO - DAG(s) 'example_branch_datetime_operator_3', 'example_branch_datetime_operator', 'example_branch_datetime_operator_2' retrieved from /home/airflow/.local/lib/python3.8/site-packages/airflow/example_dags/example_branch_datetime_operator.py
[2025-07-12T01:46:18.869+0000] {logging_mixin.py:188} INFO - [2025-07-12T01:46:18.868+0000] {dag.py:3036} INFO - Sync 3 DAGs
[2025-07-12T01:46:18.897+0000] {logging_mixin.py:188} INFO - [2025-07-12T01:46:18.896+0000] {dag.py:3823} INFO - Setting next_dagrun for example_branch_datetime_operator to 2025-07-11 00:00:00+00:00, run_after=2025-07-12 00:00:00+00:00
[2025-07-12T01:46:18.903+0000] {logging_mixin.py:188} INFO - [2025-07-12T01:46:18.903+0000] {dag.py:3823} INFO - Setting next_dagrun for example_branch_datetime_operator_2 to 2025-07-11 00:00:00+00:00, run_after=2025-07-12 00:00:00+00:00
[2025-07-12T01:46:18.907+0000] {logging_mixin.py:188} INFO - [2025-07-12T01:46:18.907+0000] {dag.py:3823} INFO - Setting next_dagrun for example_branch_datetime_operator_3 to 2025-07-11 00:00:00+00:00, run_after=2025-07-12 00:00:00+00:00
[2025-07-12T01:46:18.935+0000] {processor.py:183} INFO - Processing /home/airflow/.local/lib/python3.8/site-packages/airflow/example_dags/example_branch_datetime_operator.py took 0.140 seconds
[2025-07-12T01:46:50.207+0000] {processor.py:161} INFO - Started process (PID=996) to work on /home/airflow/.local/lib/python3.8/site-packages/airflow/example_dags/example_branch_datetime_operator.py
[2025-07-12T01:46:50.209+0000] {processor.py:830} INFO - Processing file /home/airflow/.local/lib/python3.8/site-packages/airflow/example_dags/example_branch_datetime_operator.py for tasks to queue
[2025-07-12T01:46:50.213+0000] {logging_mixin.py:188} INFO - [2025-07-12T01:46:50.213+0000] {dagbag.py:538} INFO - Filling up the DagBag from /home/airflow/.local/lib/python3.8/site-packages/airflow/example_dags/example_branch_datetime_operator.py
[2025-07-12T01:46:50.232+0000] {processor.py:840} INFO - DAG(s) 'example_branch_datetime_operator', 'example_branch_datetime_operator_3', 'example_branch_datetime_operator_2' retrieved from /home/airflow/.local/lib/python3.8/site-packages/airflow/example_dags/example_branch_datetime_operator.py
[2025-07-12T01:46:50.279+0000] {logging_mixin.py:188} INFO - [2025-07-12T01:46:50.279+0000] {dag.py:3036} INFO - Sync 3 DAGs
[2025-07-12T01:46:50.321+0000] {logging_mixin.py:188} INFO - [2025-07-12T01:46:50.320+0000] {dag.py:3823} INFO - Setting next_dagrun for example_branch_datetime_operator to 2025-07-11 00:00:00+00:00, run_after=2025-07-12 00:00:00+00:00
[2025-07-12T01:46:50.328+0000] {logging_mixin.py:188} INFO - [2025-07-12T01:46:50.328+0000] {dag.py:3823} INFO - Setting next_dagrun for example_branch_datetime_operator_2 to 2025-07-11 00:00:00+00:00, run_after=2025-07-12 00:00:00+00:00
[2025-07-12T01:46:50.337+0000] {logging_mixin.py:188} INFO - [2025-07-12T01:46:50.336+0000] {dag.py:3823} INFO - Setting next_dagrun for example_branch_datetime_operator_3 to 2025-07-11 00:00:00+00:00, run_after=2025-07-12 00:00:00+00:00
[2025-07-12T01:46:50.367+0000] {processor.py:183} INFO - Processing /home/airflow/.local/lib/python3.8/site-packages/airflow/example_dags/example_branch_datetime_operator.py took 0.169 seconds
[2025-07-12T01:47:21.380+0000] {processor.py:161} INFO - Started process (PID=1052) to work on /home/airflow/.local/lib/python3.8/site-packages/airflow/example_dags/example_branch_datetime_operator.py
[2025-07-12T01:47:21.382+0000] {processor.py:830} INFO - Processing file /home/airflow/.local/lib/python3.8/site-packages/airflow/example_dags/example_branch_datetime_operator.py for tasks to queue
[2025-07-12T01:47:21.385+0000] {logging_mixin.py:188} INFO - [2025-07-12T01:47:21.385+0000] {dagbag.py:538} INFO - Filling up the DagBag from /home/airflow/.local/lib/python3.8/site-packages/airflow/example_dags/example_branch_datetime_operator.py
[2025-07-12T01:47:21.403+0000] {processor.py:840} INFO - DAG(s) 'example_branch_datetime_operator', 'example_branch_datetime_operator_2', 'example_branch_datetime_operator_3' retrieved from /home/airflow/.local/lib/python3.8/site-packages/airflow/example_dags/example_branch_datetime_operator.py
[2025-07-12T01:47:21.441+0000] {logging_mixin.py:188} INFO - [2025-07-12T01:47:21.440+0000] {dag.py:3036} INFO - Sync 3 DAGs
[2025-07-12T01:47:21.469+0000] {logging_mixin.py:188} INFO - [2025-07-12T01:47:21.469+0000] {dag.py:3823} INFO - Setting next_dagrun for example_branch_datetime_operator to 2025-07-11 00:00:00+00:00, run_after=2025-07-12 00:00:00+00:00
[2025-07-12T01:47:21.478+0000] {logging_mixin.py:188} INFO - [2025-07-12T01:47:21.478+0000] {dag.py:3823} INFO - Setting next_dagrun for example_branch_datetime_operator_2 to 2025-07-11 00:00:00+00:00, run_after=2025-07-12 00:00:00+00:00
[2025-07-12T01:47:21.483+0000] {logging_mixin.py:188} INFO - [2025-07-12T01:47:21.483+0000] {dag.py:3823} INFO - Setting next_dagrun for example_branch_datetime_operator_3 to 2025-07-11 00:00:00+00:00, run_after=2025-07-12 00:00:00+00:00
[2025-07-12T01:47:21.508+0000] {processor.py:183} INFO - Processing /home/airflow/.local/lib/python3.8/site-packages/airflow/example_dags/example_branch_datetime_operator.py took 0.132 seconds
[2025-07-12T01:47:51.778+0000] {processor.py:161} INFO - Started process (PID=1108) to work on /home/airflow/.local/lib/python3.8/site-packages/airflow/example_dags/example_branch_datetime_operator.py
[2025-07-12T01:47:51.780+0000] {processor.py:830} INFO - Processing file /home/airflow/.local/lib/python3.8/site-packages/airflow/example_dags/example_branch_datetime_operator.py for tasks to queue
[2025-07-12T01:47:51.783+0000] {logging_mixin.py:188} INFO - [2025-07-12T01:47:51.783+0000] {dagbag.py:538} INFO - Filling up the DagBag from /home/airflow/.local/lib/python3.8/site-packages/airflow/example_dags/example_branch_datetime_operator.py
[2025-07-12T01:47:51.798+0000] {processor.py:840} INFO - DAG(s) 'example_branch_datetime_operator_2', 'example_branch_datetime_operator_3', 'example_branch_datetime_operator' retrieved from /home/airflow/.local/lib/python3.8/site-packages/airflow/example_dags/example_branch_datetime_operator.py
[2025-07-12T01:47:51.835+0000] {logging_mixin.py:188} INFO - [2025-07-12T01:47:51.835+0000] {dag.py:3036} INFO - Sync 3 DAGs
[2025-07-12T01:47:51.868+0000] {logging_mixin.py:188} INFO - [2025-07-12T01:47:51.868+0000] {dag.py:3823} INFO - Setting next_dagrun for example_branch_datetime_operator to 2025-07-11 00:00:00+00:00, run_after=2025-07-12 00:00:00+00:00
[2025-07-12T01:47:51.875+0000] {logging_mixin.py:188} INFO - [2025-07-12T01:47:51.874+0000] {dag.py:3823} INFO - Setting next_dagrun for example_branch_datetime_operator_2 to 2025-07-11 00:00:00+00:00, run_after=2025-07-12 00:00:00+00:00
[2025-07-12T01:47:51.878+0000] {logging_mixin.py:188} INFO - [2025-07-12T01:47:51.878+0000] {dag.py:3823} INFO - Setting next_dagrun for example_branch_datetime_operator_3 to 2025-07-11 00:00:00+00:00, run_after=2025-07-12 00:00:00+00:00
[2025-07-12T01:47:51.905+0000] {processor.py:183} INFO - Processing /home/airflow/.local/lib/python3.8/site-packages/airflow/example_dags/example_branch_datetime_operator.py took 0.132 seconds
[2025-07-12T01:48:22.063+0000] {processor.py:161} INFO - Started process (PID=1163) to work on /home/airflow/.local/lib/python3.8/site-packages/airflow/example_dags/example_branch_datetime_operator.py
[2025-07-12T01:48:22.070+0000] {processor.py:830} INFO - Processing file /home/airflow/.local/lib/python3.8/site-packages/airflow/example_dags/example_branch_datetime_operator.py for tasks to queue
[2025-07-12T01:48:22.074+0000] {logging_mixin.py:188} INFO - [2025-07-12T01:48:22.073+0000] {dagbag.py:538} INFO - Filling up the DagBag from /home/airflow/.local/lib/python3.8/site-packages/airflow/example_dags/example_branch_datetime_operator.py
[2025-07-12T01:48:22.102+0000] {processor.py:840} INFO - DAG(s) 'example_branch_datetime_operator_3', 'example_branch_datetime_operator', 'example_branch_datetime_operator_2' retrieved from /home/airflow/.local/lib/python3.8/site-packages/airflow/example_dags/example_branch_datetime_operator.py
[2025-07-12T01:48:22.169+0000] {logging_mixin.py:188} INFO - [2025-07-12T01:48:22.167+0000] {dag.py:3036} INFO - Sync 3 DAGs
[2025-07-12T01:48:22.209+0000] {logging_mixin.py:188} INFO - [2025-07-12T01:48:22.208+0000] {dag.py:3823} INFO - Setting next_dagrun for example_branch_datetime_operator to 2025-07-11 00:00:00+00:00, run_after=2025-07-12 00:00:00+00:00
[2025-07-12T01:48:22.223+0000] {logging_mixin.py:188} INFO - [2025-07-12T01:48:22.222+0000] {dag.py:3823} INFO - Setting next_dagrun for example_branch_datetime_operator_2 to 2025-07-11 00:00:00+00:00, run_after=2025-07-12 00:00:00+00:00
[2025-07-12T01:48:22.235+0000] {logging_mixin.py:188} INFO - [2025-07-12T01:48:22.234+0000] {dag.py:3823} INFO - Setting next_dagrun for example_branch_datetime_operator_3 to 2025-07-11 00:00:00+00:00, run_after=2025-07-12 00:00:00+00:00
[2025-07-12T01:48:22.282+0000] {processor.py:183} INFO - Processing /home/airflow/.local/lib/python3.8/site-packages/airflow/example_dags/example_branch_datetime_operator.py took 0.227 seconds
[2025-07-12T01:48:52.742+0000] {processor.py:161} INFO - Started process (PID=1219) to work on /home/airflow/.local/lib/python3.8/site-packages/airflow/example_dags/example_branch_datetime_operator.py
[2025-07-12T01:48:52.745+0000] {processor.py:830} INFO - Processing file /home/airflow/.local/lib/python3.8/site-packages/airflow/example_dags/example_branch_datetime_operator.py for tasks to queue
[2025-07-12T01:48:52.751+0000] {logging_mixin.py:188} INFO - [2025-07-12T01:48:52.750+0000] {dagbag.py:538} INFO - Filling up the DagBag from /home/airflow/.local/lib/python3.8/site-packages/airflow/example_dags/example_branch_datetime_operator.py
[2025-07-12T01:48:52.765+0000] {processor.py:840} INFO - DAG(s) 'example_branch_datetime_operator_2', 'example_branch_datetime_operator_3', 'example_branch_datetime_operator' retrieved from /home/airflow/.local/lib/python3.8/site-packages/airflow/example_dags/example_branch_datetime_operator.py
[2025-07-12T01:48:52.813+0000] {logging_mixin.py:188} INFO - [2025-07-12T01:48:52.812+0000] {dag.py:3036} INFO - Sync 3 DAGs
[2025-07-12T01:48:52.852+0000] {logging_mixin.py:188} INFO - [2025-07-12T01:48:52.851+0000] {dag.py:3823} INFO - Setting next_dagrun for example_branch_datetime_operator to 2025-07-11 00:00:00+00:00, run_after=2025-07-12 00:00:00+00:00
[2025-07-12T01:48:52.858+0000] {logging_mixin.py:188} INFO - [2025-07-12T01:48:52.858+0000] {dag.py:3823} INFO - Setting next_dagrun for example_branch_datetime_operator_2 to 2025-07-11 00:00:00+00:00, run_after=2025-07-12 00:00:00+00:00
[2025-07-12T01:48:52.862+0000] {logging_mixin.py:188} INFO - [2025-07-12T01:48:52.861+0000] {dag.py:3823} INFO - Setting next_dagrun for example_branch_datetime_operator_3 to 2025-07-11 00:00:00+00:00, run_after=2025-07-12 00:00:00+00:00
[2025-07-12T01:48:52.887+0000] {processor.py:183} INFO - Processing /home/airflow/.local/lib/python3.8/site-packages/airflow/example_dags/example_branch_datetime_operator.py took 0.150 seconds
[2025-07-12T01:49:23.119+0000] {processor.py:161} INFO - Started process (PID=1275) to work on /home/airflow/.local/lib/python3.8/site-packages/airflow/example_dags/example_branch_datetime_operator.py
[2025-07-12T01:49:23.121+0000] {processor.py:830} INFO - Processing file /home/airflow/.local/lib/python3.8/site-packages/airflow/example_dags/example_branch_datetime_operator.py for tasks to queue
[2025-07-12T01:49:23.126+0000] {logging_mixin.py:188} INFO - [2025-07-12T01:49:23.125+0000] {dagbag.py:538} INFO - Filling up the DagBag from /home/airflow/.local/lib/python3.8/site-packages/airflow/example_dags/example_branch_datetime_operator.py
[2025-07-12T01:49:23.146+0000] {processor.py:840} INFO - DAG(s) 'example_branch_datetime_operator_3', 'example_branch_datetime_operator_2', 'example_branch_datetime_operator' retrieved from /home/airflow/.local/lib/python3.8/site-packages/airflow/example_dags/example_branch_datetime_operator.py
[2025-07-12T01:49:23.196+0000] {logging_mixin.py:188} INFO - [2025-07-12T01:49:23.196+0000] {dag.py:3036} INFO - Sync 3 DAGs
[2025-07-12T01:49:23.223+0000] {logging_mixin.py:188} INFO - [2025-07-12T01:49:23.222+0000] {dag.py:3823} INFO - Setting next_dagrun for example_branch_datetime_operator to 2025-07-11 00:00:00+00:00, run_after=2025-07-12 00:00:00+00:00
[2025-07-12T01:49:23.229+0000] {logging_mixin.py:188} INFO - [2025-07-12T01:49:23.228+0000] {dag.py:3823} INFO - Setting next_dagrun for example_branch_datetime_operator_2 to 2025-07-11 00:00:00+00:00, run_after=2025-07-12 00:00:00+00:00
[2025-07-12T01:49:23.232+0000] {logging_mixin.py:188} INFO - [2025-07-12T01:49:23.232+0000] {dag.py:3823} INFO - Setting next_dagrun for example_branch_datetime_operator_3 to 2025-07-11 00:00:00+00:00, run_after=2025-07-12 00:00:00+00:00
[2025-07-12T01:49:23.257+0000] {processor.py:183} INFO - Processing /home/airflow/.local/lib/python3.8/site-packages/airflow/example_dags/example_branch_datetime_operator.py took 0.145 seconds
[2025-07-12T01:49:53.512+0000] {processor.py:161} INFO - Started process (PID=1331) to work on /home/airflow/.local/lib/python3.8/site-packages/airflow/example_dags/example_branch_datetime_operator.py
[2025-07-12T01:49:53.515+0000] {processor.py:830} INFO - Processing file /home/airflow/.local/lib/python3.8/site-packages/airflow/example_dags/example_branch_datetime_operator.py for tasks to queue
[2025-07-12T01:49:53.518+0000] {logging_mixin.py:188} INFO - [2025-07-12T01:49:53.518+0000] {dagbag.py:538} INFO - Filling up the DagBag from /home/airflow/.local/lib/python3.8/site-packages/airflow/example_dags/example_branch_datetime_operator.py
[2025-07-12T01:49:53.533+0000] {processor.py:840} INFO - DAG(s) 'example_branch_datetime_operator_3', 'example_branch_datetime_operator_2', 'example_branch_datetime_operator' retrieved from /home/airflow/.local/lib/python3.8/site-packages/airflow/example_dags/example_branch_datetime_operator.py
[2025-07-12T01:49:53.577+0000] {logging_mixin.py:188} INFO - [2025-07-12T01:49:53.576+0000] {dag.py:3036} INFO - Sync 3 DAGs
[2025-07-12T01:49:53.613+0000] {logging_mixin.py:188} INFO - [2025-07-12T01:49:53.613+0000] {dag.py:3823} INFO - Setting next_dagrun for example_branch_datetime_operator to 2025-07-11 00:00:00+00:00, run_after=2025-07-12 00:00:00+00:00
[2025-07-12T01:49:53.620+0000] {logging_mixin.py:188} INFO - [2025-07-12T01:49:53.619+0000] {dag.py:3823} INFO - Setting next_dagrun for example_branch_datetime_operator_2 to 2025-07-11 00:00:00+00:00, run_after=2025-07-12 00:00:00+00:00
[2025-07-12T01:49:53.623+0000] {logging_mixin.py:188} INFO - [2025-07-12T01:49:53.623+0000] {dag.py:3823} INFO - Setting next_dagrun for example_branch_datetime_operator_3 to 2025-07-11 00:00:00+00:00, run_after=2025-07-12 00:00:00+00:00
[2025-07-12T01:49:53.653+0000] {processor.py:183} INFO - Processing /home/airflow/.local/lib/python3.8/site-packages/airflow/example_dags/example_branch_datetime_operator.py took 0.147 seconds
[2025-07-12T01:50:23.819+0000] {processor.py:161} INFO - Started process (PID=1387) to work on /home/airflow/.local/lib/python3.8/site-packages/airflow/example_dags/example_branch_datetime_operator.py
[2025-07-12T01:50:23.822+0000] {processor.py:830} INFO - Processing file /home/airflow/.local/lib/python3.8/site-packages/airflow/example_dags/example_branch_datetime_operator.py for tasks to queue
[2025-07-12T01:50:23.826+0000] {logging_mixin.py:188} INFO - [2025-07-12T01:50:23.826+0000] {dagbag.py:538} INFO - Filling up the DagBag from /home/airflow/.local/lib/python3.8/site-packages/airflow/example_dags/example_branch_datetime_operator.py
[2025-07-12T01:50:23.844+0000] {processor.py:840} INFO - DAG(s) 'example_branch_datetime_operator_3', 'example_branch_datetime_operator_2', 'example_branch_datetime_operator' retrieved from /home/airflow/.local/lib/python3.8/site-packages/airflow/example_dags/example_branch_datetime_operator.py
[2025-07-12T01:50:23.882+0000] {logging_mixin.py:188} INFO - [2025-07-12T01:50:23.882+0000] {dag.py:3036} INFO - Sync 3 DAGs
[2025-07-12T01:50:23.911+0000] {logging_mixin.py:188} INFO - [2025-07-12T01:50:23.910+0000] {dag.py:3823} INFO - Setting next_dagrun for example_branch_datetime_operator to 2025-07-11 00:00:00+00:00, run_after=2025-07-12 00:00:00+00:00
[2025-07-12T01:50:23.919+0000] {logging_mixin.py:188} INFO - [2025-07-12T01:50:23.919+0000] {dag.py:3823} INFO - Setting next_dagrun for example_branch_datetime_operator_2 to 2025-07-11 00:00:00+00:00, run_after=2025-07-12 00:00:00+00:00
[2025-07-12T01:50:23.924+0000] {logging_mixin.py:188} INFO - [2025-07-12T01:50:23.924+0000] {dag.py:3823} INFO - Setting next_dagrun for example_branch_datetime_operator_3 to 2025-07-11 00:00:00+00:00, run_after=2025-07-12 00:00:00+00:00
[2025-07-12T01:50:23.952+0000] {processor.py:183} INFO - Processing /home/airflow/.local/lib/python3.8/site-packages/airflow/example_dags/example_branch_datetime_operator.py took 0.140 seconds
[2025-07-12T01:50:54.515+0000] {processor.py:161} INFO - Started process (PID=1443) to work on /home/airflow/.local/lib/python3.8/site-packages/airflow/example_dags/example_branch_datetime_operator.py
[2025-07-12T01:50:54.518+0000] {processor.py:830} INFO - Processing file /home/airflow/.local/lib/python3.8/site-packages/airflow/example_dags/example_branch_datetime_operator.py for tasks to queue
[2025-07-12T01:50:54.522+0000] {logging_mixin.py:188} INFO - [2025-07-12T01:50:54.522+0000] {dagbag.py:538} INFO - Filling up the DagBag from /home/airflow/.local/lib/python3.8/site-packages/airflow/example_dags/example_branch_datetime_operator.py
[2025-07-12T01:50:54.542+0000] {processor.py:840} INFO - DAG(s) 'example_branch_datetime_operator', 'example_branch_datetime_operator_3', 'example_branch_datetime_operator_2' retrieved from /home/airflow/.local/lib/python3.8/site-packages/airflow/example_dags/example_branch_datetime_operator.py
[2025-07-12T01:50:54.589+0000] {logging_mixin.py:188} INFO - [2025-07-12T01:50:54.588+0000] {dag.py:3036} INFO - Sync 3 DAGs
[2025-07-12T01:50:54.617+0000] {logging_mixin.py:188} INFO - [2025-07-12T01:50:54.616+0000] {dag.py:3823} INFO - Setting next_dagrun for example_branch_datetime_operator to 2025-07-11 00:00:00+00:00, run_after=2025-07-12 00:00:00+00:00
[2025-07-12T01:50:54.623+0000] {logging_mixin.py:188} INFO - [2025-07-12T01:50:54.623+0000] {dag.py:3823} INFO - Setting next_dagrun for example_branch_datetime_operator_2 to 2025-07-11 00:00:00+00:00, run_after=2025-07-12 00:00:00+00:00
[2025-07-12T01:50:54.627+0000] {logging_mixin.py:188} INFO - [2025-07-12T01:50:54.627+0000] {dag.py:3823} INFO - Setting next_dagrun for example_branch_datetime_operator_3 to 2025-07-11 00:00:00+00:00, run_after=2025-07-12 00:00:00+00:00
[2025-07-12T01:50:54.655+0000] {processor.py:183} INFO - Processing /home/airflow/.local/lib/python3.8/site-packages/airflow/example_dags/example_branch_datetime_operator.py took 0.147 seconds
[2025-07-12T01:51:24.782+0000] {processor.py:161} INFO - Started process (PID=1499) to work on /home/airflow/.local/lib/python3.8/site-packages/airflow/example_dags/example_branch_datetime_operator.py
[2025-07-12T01:51:24.785+0000] {processor.py:830} INFO - Processing file /home/airflow/.local/lib/python3.8/site-packages/airflow/example_dags/example_branch_datetime_operator.py for tasks to queue
[2025-07-12T01:51:24.789+0000] {logging_mixin.py:188} INFO - [2025-07-12T01:51:24.788+0000] {dagbag.py:538} INFO - Filling up the DagBag from /home/airflow/.local/lib/python3.8/site-packages/airflow/example_dags/example_branch_datetime_operator.py
[2025-07-12T01:51:24.803+0000] {processor.py:840} INFO - DAG(s) 'example_branch_datetime_operator', 'example_branch_datetime_operator_2', 'example_branch_datetime_operator_3' retrieved from /home/airflow/.local/lib/python3.8/site-packages/airflow/example_dags/example_branch_datetime_operator.py
[2025-07-12T01:51:24.841+0000] {logging_mixin.py:188} INFO - [2025-07-12T01:51:24.840+0000] {dag.py:3036} INFO - Sync 3 DAGs
[2025-07-12T01:51:24.872+0000] {logging_mixin.py:188} INFO - [2025-07-12T01:51:24.872+0000] {dag.py:3823} INFO - Setting next_dagrun for example_branch_datetime_operator to 2025-07-11 00:00:00+00:00, run_after=2025-07-12 00:00:00+00:00
[2025-07-12T01:51:24.879+0000] {logging_mixin.py:188} INFO - [2025-07-12T01:51:24.878+0000] {dag.py:3823} INFO - Setting next_dagrun for example_branch_datetime_operator_2 to 2025-07-11 00:00:00+00:00, run_after=2025-07-12 00:00:00+00:00
[2025-07-12T01:51:24.882+0000] {logging_mixin.py:188} INFO - [2025-07-12T01:51:24.882+0000] {dag.py:3823} INFO - Setting next_dagrun for example_branch_datetime_operator_3 to 2025-07-11 00:00:00+00:00, run_after=2025-07-12 00:00:00+00:00
[2025-07-12T01:51:24.911+0000] {processor.py:183} INFO - Processing /home/airflow/.local/lib/python3.8/site-packages/airflow/example_dags/example_branch_datetime_operator.py took 0.135 seconds
[2025-07-12T01:51:55.242+0000] {processor.py:161} INFO - Started process (PID=1555) to work on /home/airflow/.local/lib/python3.8/site-packages/airflow/example_dags/example_branch_datetime_operator.py
[2025-07-12T01:51:55.244+0000] {processor.py:830} INFO - Processing file /home/airflow/.local/lib/python3.8/site-packages/airflow/example_dags/example_branch_datetime_operator.py for tasks to queue
[2025-07-12T01:51:55.248+0000] {logging_mixin.py:188} INFO - [2025-07-12T01:51:55.248+0000] {dagbag.py:538} INFO - Filling up the DagBag from /home/airflow/.local/lib/python3.8/site-packages/airflow/example_dags/example_branch_datetime_operator.py
[2025-07-12T01:51:55.265+0000] {processor.py:840} INFO - DAG(s) 'example_branch_datetime_operator_3', 'example_branch_datetime_operator_2', 'example_branch_datetime_operator' retrieved from /home/airflow/.local/lib/python3.8/site-packages/airflow/example_dags/example_branch_datetime_operator.py
[2025-07-12T01:51:55.303+0000] {logging_mixin.py:188} INFO - [2025-07-12T01:51:55.303+0000] {dag.py:3036} INFO - Sync 3 DAGs
[2025-07-12T01:51:55.338+0000] {logging_mixin.py:188} INFO - [2025-07-12T01:51:55.337+0000] {dag.py:3823} INFO - Setting next_dagrun for example_branch_datetime_operator to 2025-07-11 00:00:00+00:00, run_after=2025-07-12 00:00:00+00:00
[2025-07-12T01:51:55.346+0000] {logging_mixin.py:188} INFO - [2025-07-12T01:51:55.345+0000] {dag.py:3823} INFO - Setting next_dagrun for example_branch_datetime_operator_2 to 2025-07-11 00:00:00+00:00, run_after=2025-07-12 00:00:00+00:00
[2025-07-12T01:51:55.352+0000] {logging_mixin.py:188} INFO - [2025-07-12T01:51:55.352+0000] {dag.py:3823} INFO - Setting next_dagrun for example_branch_datetime_operator_3 to 2025-07-11 00:00:00+00:00, run_after=2025-07-12 00:00:00+00:00
[2025-07-12T01:51:55.383+0000] {processor.py:183} INFO - Processing /home/airflow/.local/lib/python3.8/site-packages/airflow/example_dags/example_branch_datetime_operator.py took 0.147 seconds
[2025-07-12T01:52:26.041+0000] {processor.py:161} INFO - Started process (PID=1611) to work on /home/airflow/.local/lib/python3.8/site-packages/airflow/example_dags/example_branch_datetime_operator.py
[2025-07-12T01:52:26.044+0000] {processor.py:830} INFO - Processing file /home/airflow/.local/lib/python3.8/site-packages/airflow/example_dags/example_branch_datetime_operator.py for tasks to queue
[2025-07-12T01:52:26.047+0000] {logging_mixin.py:188} INFO - [2025-07-12T01:52:26.047+0000] {dagbag.py:538} INFO - Filling up the DagBag from /home/airflow/.local/lib/python3.8/site-packages/airflow/example_dags/example_branch_datetime_operator.py
[2025-07-12T01:52:26.063+0000] {processor.py:840} INFO - DAG(s) 'example_branch_datetime_operator_3', 'example_branch_datetime_operator_2', 'example_branch_datetime_operator' retrieved from /home/airflow/.local/lib/python3.8/site-packages/airflow/example_dags/example_branch_datetime_operator.py
[2025-07-12T01:52:26.105+0000] {logging_mixin.py:188} INFO - [2025-07-12T01:52:26.104+0000] {dag.py:3036} INFO - Sync 3 DAGs
[2025-07-12T01:52:26.133+0000] {logging_mixin.py:188} INFO - [2025-07-12T01:52:26.133+0000] {dag.py:3823} INFO - Setting next_dagrun for example_branch_datetime_operator to 2025-07-11 00:00:00+00:00, run_after=2025-07-12 00:00:00+00:00
[2025-07-12T01:52:26.141+0000] {logging_mixin.py:188} INFO - [2025-07-12T01:52:26.140+0000] {dag.py:3823} INFO - Setting next_dagrun for example_branch_datetime_operator_2 to 2025-07-11 00:00:00+00:00, run_after=2025-07-12 00:00:00+00:00
[2025-07-12T01:52:26.144+0000] {logging_mixin.py:188} INFO - [2025-07-12T01:52:26.144+0000] {dag.py:3823} INFO - Setting next_dagrun for example_branch_datetime_operator_3 to 2025-07-11 00:00:00+00:00, run_after=2025-07-12 00:00:00+00:00
[2025-07-12T01:52:26.173+0000] {processor.py:183} INFO - Processing /home/airflow/.local/lib/python3.8/site-packages/airflow/example_dags/example_branch_datetime_operator.py took 0.139 seconds
[2025-07-12T01:52:56.593+0000] {processor.py:161} INFO - Started process (PID=1667) to work on /home/airflow/.local/lib/python3.8/site-packages/airflow/example_dags/example_branch_datetime_operator.py
[2025-07-12T01:52:56.594+0000] {processor.py:830} INFO - Processing file /home/airflow/.local/lib/python3.8/site-packages/airflow/example_dags/example_branch_datetime_operator.py for tasks to queue
[2025-07-12T01:52:56.597+0000] {logging_mixin.py:188} INFO - [2025-07-12T01:52:56.597+0000] {dagbag.py:538} INFO - Filling up the DagBag from /home/airflow/.local/lib/python3.8/site-packages/airflow/example_dags/example_branch_datetime_operator.py
[2025-07-12T01:52:56.615+0000] {processor.py:840} INFO - DAG(s) 'example_branch_datetime_operator', 'example_branch_datetime_operator_2', 'example_branch_datetime_operator_3' retrieved from /home/airflow/.local/lib/python3.8/site-packages/airflow/example_dags/example_branch_datetime_operator.py
[2025-07-12T01:52:56.655+0000] {logging_mixin.py:188} INFO - [2025-07-12T01:52:56.655+0000] {dag.py:3036} INFO - Sync 3 DAGs
[2025-07-12T01:52:56.695+0000] {logging_mixin.py:188} INFO - [2025-07-12T01:52:56.694+0000] {dag.py:3823} INFO - Setting next_dagrun for example_branch_datetime_operator to 2025-07-11 00:00:00+00:00, run_after=2025-07-12 00:00:00+00:00
[2025-07-12T01:52:56.704+0000] {logging_mixin.py:188} INFO - [2025-07-12T01:52:56.703+0000] {dag.py:3823} INFO - Setting next_dagrun for example_branch_datetime_operator_2 to 2025-07-11 00:00:00+00:00, run_after=2025-07-12 00:00:00+00:00
[2025-07-12T01:52:56.710+0000] {logging_mixin.py:188} INFO - [2025-07-12T01:52:56.709+0000] {dag.py:3823} INFO - Setting next_dagrun for example_branch_datetime_operator_3 to 2025-07-11 00:00:00+00:00, run_after=2025-07-12 00:00:00+00:00
[2025-07-12T01:52:56.746+0000] {processor.py:183} INFO - Processing /home/airflow/.local/lib/python3.8/site-packages/airflow/example_dags/example_branch_datetime_operator.py took 0.159 seconds
[2025-07-12T01:54:19.283+0000] {processor.py:161} INFO - Started process (PID=100) to work on /home/airflow/.local/lib/python3.8/site-packages/airflow/example_dags/example_branch_datetime_operator.py
[2025-07-12T01:54:19.285+0000] {processor.py:830} INFO - Processing file /home/airflow/.local/lib/python3.8/site-packages/airflow/example_dags/example_branch_datetime_operator.py for tasks to queue
[2025-07-12T01:54:19.288+0000] {logging_mixin.py:188} INFO - [2025-07-12T01:54:19.288+0000] {dagbag.py:538} INFO - Filling up the DagBag from /home/airflow/.local/lib/python3.8/site-packages/airflow/example_dags/example_branch_datetime_operator.py
[2025-07-12T01:54:19.309+0000] {processor.py:840} INFO - DAG(s) 'example_branch_datetime_operator', 'example_branch_datetime_operator_2', 'example_branch_datetime_operator_3' retrieved from /home/airflow/.local/lib/python3.8/site-packages/airflow/example_dags/example_branch_datetime_operator.py
[2025-07-12T01:54:19.451+0000] {logging_mixin.py:188} INFO - [2025-07-12T01:54:19.450+0000] {override.py:1769} INFO - Created Permission View: can read on DAG:example_branch_datetime_operator
[2025-07-12T01:54:19.467+0000] {logging_mixin.py:188} INFO - [2025-07-12T01:54:19.466+0000] {override.py:1769} INFO - Created Permission View: can delete on DAG:example_branch_datetime_operator
[2025-07-12T01:54:19.479+0000] {logging_mixin.py:188} INFO - [2025-07-12T01:54:19.478+0000] {override.py:1769} INFO - Created Permission View: can edit on DAG:example_branch_datetime_operator
[2025-07-12T01:54:19.503+0000] {logging_mixin.py:188} INFO - [2025-07-12T01:54:19.503+0000] {override.py:1769} INFO - Created Permission View: can read on DAG:example_branch_datetime_operator_2
[2025-07-12T01:54:19.516+0000] {logging_mixin.py:188} INFO - [2025-07-12T01:54:19.515+0000] {override.py:1769} INFO - Created Permission View: can delete on DAG:example_branch_datetime_operator_2
[2025-07-12T01:54:19.528+0000] {logging_mixin.py:188} INFO - [2025-07-12T01:54:19.527+0000] {override.py:1769} INFO - Created Permission View: can edit on DAG:example_branch_datetime_operator_2
[2025-07-12T01:54:19.550+0000] {logging_mixin.py:188} INFO - [2025-07-12T01:54:19.550+0000] {override.py:1769} INFO - Created Permission View: can read on DAG:example_branch_datetime_operator_3
[2025-07-12T01:54:19.563+0000] {logging_mixin.py:188} INFO - [2025-07-12T01:54:19.562+0000] {override.py:1769} INFO - Created Permission View: can delete on DAG:example_branch_datetime_operator_3
[2025-07-12T01:54:19.574+0000] {logging_mixin.py:188} INFO - [2025-07-12T01:54:19.573+0000] {override.py:1769} INFO - Created Permission View: can edit on DAG:example_branch_datetime_operator_3
[2025-07-12T01:54:19.575+0000] {logging_mixin.py:188} INFO - [2025-07-12T01:54:19.575+0000] {dag.py:3036} INFO - Sync 3 DAGs
[2025-07-12T01:54:19.590+0000] {logging_mixin.py:188} INFO - [2025-07-12T01:54:19.589+0000] {dag.py:3058} INFO - Creating ORM DAG for example_branch_datetime_operator_2
[2025-07-12T01:54:19.591+0000] {logging_mixin.py:188} INFO - [2025-07-12T01:54:19.591+0000] {dag.py:3058} INFO - Creating ORM DAG for example_branch_datetime_operator_3
[2025-07-12T01:54:19.593+0000] {logging_mixin.py:188} INFO - [2025-07-12T01:54:19.592+0000] {dag.py:3058} INFO - Creating ORM DAG for example_branch_datetime_operator
[2025-07-12T01:54:19.612+0000] {logging_mixin.py:188} INFO - [2025-07-12T01:54:19.612+0000] {dag.py:3823} INFO - Setting next_dagrun for example_branch_datetime_operator to 2025-07-11 00:00:00+00:00, run_after=2025-07-12 00:00:00+00:00
[2025-07-12T01:54:19.615+0000] {logging_mixin.py:188} INFO - [2025-07-12T01:54:19.615+0000] {dag.py:3823} INFO - Setting next_dagrun for example_branch_datetime_operator_2 to 2025-07-11 00:00:00+00:00, run_after=2025-07-12 00:00:00+00:00
[2025-07-12T01:54:19.618+0000] {logging_mixin.py:188} INFO - [2025-07-12T01:54:19.618+0000] {dag.py:3823} INFO - Setting next_dagrun for example_branch_datetime_operator_3 to 2025-07-11 00:00:00+00:00, run_after=2025-07-12 00:00:00+00:00
[2025-07-12T01:54:19.652+0000] {processor.py:183} INFO - Processing /home/airflow/.local/lib/python3.8/site-packages/airflow/example_dags/example_branch_datetime_operator.py took 0.374 seconds
[2025-07-12T01:54:49.875+0000] {processor.py:161} INFO - Started process (PID=157) to work on /home/airflow/.local/lib/python3.8/site-packages/airflow/example_dags/example_branch_datetime_operator.py
[2025-07-12T01:54:49.877+0000] {processor.py:830} INFO - Processing file /home/airflow/.local/lib/python3.8/site-packages/airflow/example_dags/example_branch_datetime_operator.py for tasks to queue
[2025-07-12T01:54:49.880+0000] {logging_mixin.py:188} INFO - [2025-07-12T01:54:49.880+0000] {dagbag.py:538} INFO - Filling up the DagBag from /home/airflow/.local/lib/python3.8/site-packages/airflow/example_dags/example_branch_datetime_operator.py
[2025-07-12T01:54:49.892+0000] {processor.py:840} INFO - DAG(s) 'example_branch_datetime_operator', 'example_branch_datetime_operator_3', 'example_branch_datetime_operator_2' retrieved from /home/airflow/.local/lib/python3.8/site-packages/airflow/example_dags/example_branch_datetime_operator.py
[2025-07-12T01:54:49.929+0000] {logging_mixin.py:188} INFO - [2025-07-12T01:54:49.929+0000] {dag.py:3036} INFO - Sync 3 DAGs
[2025-07-12T01:54:49.956+0000] {logging_mixin.py:188} INFO - [2025-07-12T01:54:49.956+0000] {dag.py:3823} INFO - Setting next_dagrun for example_branch_datetime_operator to 2025-07-11 00:00:00+00:00, run_after=2025-07-12 00:00:00+00:00
[2025-07-12T01:54:49.962+0000] {logging_mixin.py:188} INFO - [2025-07-12T01:54:49.962+0000] {dag.py:3823} INFO - Setting next_dagrun for example_branch_datetime_operator_2 to 2025-07-11 00:00:00+00:00, run_after=2025-07-12 00:00:00+00:00
[2025-07-12T01:54:49.966+0000] {logging_mixin.py:188} INFO - [2025-07-12T01:54:49.965+0000] {dag.py:3823} INFO - Setting next_dagrun for example_branch_datetime_operator_3 to 2025-07-11 00:00:00+00:00, run_after=2025-07-12 00:00:00+00:00
[2025-07-12T01:54:49.989+0000] {processor.py:183} INFO - Processing /home/airflow/.local/lib/python3.8/site-packages/airflow/example_dags/example_branch_datetime_operator.py took 0.118 seconds
[2025-07-12T01:55:20.511+0000] {processor.py:161} INFO - Started process (PID=214) to work on /home/airflow/.local/lib/python3.8/site-packages/airflow/example_dags/example_branch_datetime_operator.py
[2025-07-12T01:55:20.513+0000] {processor.py:830} INFO - Processing file /home/airflow/.local/lib/python3.8/site-packages/airflow/example_dags/example_branch_datetime_operator.py for tasks to queue
[2025-07-12T01:55:20.516+0000] {logging_mixin.py:188} INFO - [2025-07-12T01:55:20.515+0000] {dagbag.py:538} INFO - Filling up the DagBag from /home/airflow/.local/lib/python3.8/site-packages/airflow/example_dags/example_branch_datetime_operator.py
[2025-07-12T01:55:20.530+0000] {processor.py:840} INFO - DAG(s) 'example_branch_datetime_operator_3', 'example_branch_datetime_operator', 'example_branch_datetime_operator_2' retrieved from /home/airflow/.local/lib/python3.8/site-packages/airflow/example_dags/example_branch_datetime_operator.py
[2025-07-12T01:55:20.567+0000] {logging_mixin.py:188} INFO - [2025-07-12T01:55:20.567+0000] {dag.py:3036} INFO - Sync 3 DAGs
[2025-07-12T01:55:20.594+0000] {logging_mixin.py:188} INFO - [2025-07-12T01:55:20.594+0000] {dag.py:3823} INFO - Setting next_dagrun for example_branch_datetime_operator to 2025-07-11 00:00:00+00:00, run_after=2025-07-12 00:00:00+00:00
[2025-07-12T01:55:20.600+0000] {logging_mixin.py:188} INFO - [2025-07-12T01:55:20.600+0000] {dag.py:3823} INFO - Setting next_dagrun for example_branch_datetime_operator_2 to 2025-07-11 00:00:00+00:00, run_after=2025-07-12 00:00:00+00:00
[2025-07-12T01:55:20.604+0000] {logging_mixin.py:188} INFO - [2025-07-12T01:55:20.603+0000] {dag.py:3823} INFO - Setting next_dagrun for example_branch_datetime_operator_3 to 2025-07-11 00:00:00+00:00, run_after=2025-07-12 00:00:00+00:00
[2025-07-12T01:55:20.627+0000] {processor.py:183} INFO - Processing /home/airflow/.local/lib/python3.8/site-packages/airflow/example_dags/example_branch_datetime_operator.py took 0.120 seconds
[2025-07-12T01:55:51.708+0000] {processor.py:161} INFO - Started process (PID=276) to work on /home/airflow/.local/lib/python3.8/site-packages/airflow/example_dags/example_branch_datetime_operator.py
[2025-07-12T01:55:51.711+0000] {processor.py:830} INFO - Processing file /home/airflow/.local/lib/python3.8/site-packages/airflow/example_dags/example_branch_datetime_operator.py for tasks to queue
[2025-07-12T01:55:51.715+0000] {logging_mixin.py:188} INFO - [2025-07-12T01:55:51.715+0000] {dagbag.py:538} INFO - Filling up the DagBag from /home/airflow/.local/lib/python3.8/site-packages/airflow/example_dags/example_branch_datetime_operator.py
[2025-07-12T01:55:51.730+0000] {processor.py:840} INFO - DAG(s) 'example_branch_datetime_operator_2', 'example_branch_datetime_operator', 'example_branch_datetime_operator_3' retrieved from /home/airflow/.local/lib/python3.8/site-packages/airflow/example_dags/example_branch_datetime_operator.py
[2025-07-12T01:55:51.772+0000] {logging_mixin.py:188} INFO - [2025-07-12T01:55:51.772+0000] {dag.py:3036} INFO - Sync 3 DAGs
[2025-07-12T01:55:51.803+0000] {logging_mixin.py:188} INFO - [2025-07-12T01:55:51.803+0000] {dag.py:3823} INFO - Setting next_dagrun for example_branch_datetime_operator to 2025-07-11 00:00:00+00:00, run_after=2025-07-12 00:00:00+00:00
[2025-07-12T01:55:51.810+0000] {logging_mixin.py:188} INFO - [2025-07-12T01:55:51.810+0000] {dag.py:3823} INFO - Setting next_dagrun for example_branch_datetime_operator_2 to 2025-07-11 00:00:00+00:00, run_after=2025-07-12 00:00:00+00:00
[2025-07-12T01:55:51.815+0000] {logging_mixin.py:188} INFO - [2025-07-12T01:55:51.815+0000] {dag.py:3823} INFO - Setting next_dagrun for example_branch_datetime_operator_3 to 2025-07-11 00:00:00+00:00, run_after=2025-07-12 00:00:00+00:00
[2025-07-12T01:55:51.858+0000] {processor.py:183} INFO - Processing /home/airflow/.local/lib/python3.8/site-packages/airflow/example_dags/example_branch_datetime_operator.py took 0.157 seconds
[2025-07-12T01:56:22.001+0000] {processor.py:161} INFO - Started process (PID=333) to work on /home/airflow/.local/lib/python3.8/site-packages/airflow/example_dags/example_branch_datetime_operator.py
[2025-07-12T01:56:22.003+0000] {processor.py:830} INFO - Processing file /home/airflow/.local/lib/python3.8/site-packages/airflow/example_dags/example_branch_datetime_operator.py for tasks to queue
[2025-07-12T01:56:22.005+0000] {logging_mixin.py:188} INFO - [2025-07-12T01:56:22.005+0000] {dagbag.py:538} INFO - Filling up the DagBag from /home/airflow/.local/lib/python3.8/site-packages/airflow/example_dags/example_branch_datetime_operator.py
[2025-07-12T01:56:22.018+0000] {processor.py:840} INFO - DAG(s) 'example_branch_datetime_operator_2', 'example_branch_datetime_operator_3', 'example_branch_datetime_operator' retrieved from /home/airflow/.local/lib/python3.8/site-packages/airflow/example_dags/example_branch_datetime_operator.py
[2025-07-12T01:56:22.057+0000] {logging_mixin.py:188} INFO - [2025-07-12T01:56:22.056+0000] {dag.py:3036} INFO - Sync 3 DAGs
[2025-07-12T01:56:22.088+0000] {logging_mixin.py:188} INFO - [2025-07-12T01:56:22.087+0000] {dag.py:3823} INFO - Setting next_dagrun for example_branch_datetime_operator to 2025-07-11 00:00:00+00:00, run_after=2025-07-12 00:00:00+00:00
[2025-07-12T01:56:22.095+0000] {logging_mixin.py:188} INFO - [2025-07-12T01:56:22.094+0000] {dag.py:3823} INFO - Setting next_dagrun for example_branch_datetime_operator_2 to 2025-07-11 00:00:00+00:00, run_after=2025-07-12 00:00:00+00:00
[2025-07-12T01:56:22.100+0000] {logging_mixin.py:188} INFO - [2025-07-12T01:56:22.100+0000] {dag.py:3823} INFO - Setting next_dagrun for example_branch_datetime_operator_3 to 2025-07-11 00:00:00+00:00, run_after=2025-07-12 00:00:00+00:00
[2025-07-12T01:56:22.128+0000] {processor.py:183} INFO - Processing /home/airflow/.local/lib/python3.8/site-packages/airflow/example_dags/example_branch_datetime_operator.py took 0.132 seconds
[2025-07-12T01:56:52.345+0000] {processor.py:161} INFO - Started process (PID=394) to work on /home/airflow/.local/lib/python3.8/site-packages/airflow/example_dags/example_branch_datetime_operator.py
[2025-07-12T01:56:52.347+0000] {processor.py:830} INFO - Processing file /home/airflow/.local/lib/python3.8/site-packages/airflow/example_dags/example_branch_datetime_operator.py for tasks to queue
[2025-07-12T01:56:52.351+0000] {logging_mixin.py:188} INFO - [2025-07-12T01:56:52.350+0000] {dagbag.py:538} INFO - Filling up the DagBag from /home/airflow/.local/lib/python3.8/site-packages/airflow/example_dags/example_branch_datetime_operator.py
[2025-07-12T01:56:52.366+0000] {processor.py:840} INFO - DAG(s) 'example_branch_datetime_operator', 'example_branch_datetime_operator_3', 'example_branch_datetime_operator_2' retrieved from /home/airflow/.local/lib/python3.8/site-packages/airflow/example_dags/example_branch_datetime_operator.py
[2025-07-12T01:56:52.409+0000] {logging_mixin.py:188} INFO - [2025-07-12T01:56:52.409+0000] {dag.py:3036} INFO - Sync 3 DAGs
[2025-07-12T01:56:52.442+0000] {logging_mixin.py:188} INFO - [2025-07-12T01:56:52.442+0000] {dag.py:3823} INFO - Setting next_dagrun for example_branch_datetime_operator to 2025-07-11 00:00:00+00:00, run_after=2025-07-12 00:00:00+00:00
[2025-07-12T01:56:52.452+0000] {logging_mixin.py:188} INFO - [2025-07-12T01:56:52.452+0000] {dag.py:3823} INFO - Setting next_dagrun for example_branch_datetime_operator_2 to 2025-07-11 00:00:00+00:00, run_after=2025-07-12 00:00:00+00:00
[2025-07-12T01:56:52.458+0000] {logging_mixin.py:188} INFO - [2025-07-12T01:56:52.457+0000] {dag.py:3823} INFO - Setting next_dagrun for example_branch_datetime_operator_3 to 2025-07-11 00:00:00+00:00, run_after=2025-07-12 00:00:00+00:00
[2025-07-12T01:56:52.511+0000] {processor.py:183} INFO - Processing /home/airflow/.local/lib/python3.8/site-packages/airflow/example_dags/example_branch_datetime_operator.py took 0.171 seconds
