[2025-07-12T01:35:14.747+0000] {processor.py:161} INFO - Started process (PID=93) to work on /home/airflow/.local/lib/python3.8/site-packages/airflow/example_dags/example_python_operator.py
[2025-07-12T01:35:14.749+0000] {processor.py:830} INFO - Processing file /home/airflow/.local/lib/python3.8/site-packages/airflow/example_dags/example_python_operator.py for tasks to queue
[2025-07-12T01:35:14.753+0000] {logging_mixin.py:188} INFO - [2025-07-12T01:35:14.753+0000] {dagbag.py:538} INFO - Filling up the DagBag from /home/airflow/.local/lib/python3.8/site-packages/airflow/example_dags/example_python_operator.py
[2025-07-12T01:35:14.774+0000] {processor.py:840} INFO - DAG(s) 'example_python_operator' retrieved from /home/airflow/.local/lib/python3.8/site-packages/airflow/example_dags/example_python_operator.py
[2025-07-12T01:35:14.973+0000] {logging_mixin.py:188} INFO - [2025-07-12T01:35:14.972+0000] {dag.py:3036} INFO - Sync 1 DAGs
[2025-07-12T01:35:14.991+0000] {logging_mixin.py:188} INFO - [2025-07-12T01:35:14.991+0000] {dag.py:3823} INFO - Setting next_dagrun for example_python_operator to None, run_after=None
[2025-07-12T01:35:15.042+0000] {processor.py:183} INFO - Processing /home/airflow/.local/lib/python3.8/site-packages/airflow/example_dags/example_python_operator.py took 0.301 seconds
[2025-07-12T01:35:46.068+0000] {processor.py:161} INFO - Started process (PID=149) to work on /home/airflow/.local/lib/python3.8/site-packages/airflow/example_dags/example_python_operator.py
[2025-07-12T01:35:46.075+0000] {processor.py:830} INFO - Processing file /home/airflow/.local/lib/python3.8/site-packages/airflow/example_dags/example_python_operator.py for tasks to queue
[2025-07-12T01:35:46.080+0000] {logging_mixin.py:188} INFO - [2025-07-12T01:35:46.079+0000] {dagbag.py:538} INFO - Filling up the DagBag from /home/airflow/.local/lib/python3.8/site-packages/airflow/example_dags/example_python_operator.py
[2025-07-12T01:35:46.102+0000] {processor.py:840} INFO - DAG(s) 'example_python_operator' retrieved from /home/airflow/.local/lib/python3.8/site-packages/airflow/example_dags/example_python_operator.py
[2025-07-12T01:35:46.158+0000] {logging_mixin.py:188} INFO - [2025-07-12T01:35:46.156+0000] {dag.py:3036} INFO - Sync 1 DAGs
[2025-07-12T01:35:46.196+0000] {logging_mixin.py:188} INFO - [2025-07-12T01:35:46.195+0000] {dag.py:3823} INFO - Setting next_dagrun for example_python_operator to None, run_after=None
[2025-07-12T01:35:46.247+0000] {processor.py:183} INFO - Processing /home/airflow/.local/lib/python3.8/site-packages/airflow/example_dags/example_python_operator.py took 0.190 seconds
[2025-07-12T01:36:16.352+0000] {processor.py:161} INFO - Started process (PID=205) to work on /home/airflow/.local/lib/python3.8/site-packages/airflow/example_dags/example_python_operator.py
[2025-07-12T01:36:16.355+0000] {processor.py:830} INFO - Processing file /home/airflow/.local/lib/python3.8/site-packages/airflow/example_dags/example_python_operator.py for tasks to queue
[2025-07-12T01:36:16.359+0000] {logging_mixin.py:188} INFO - [2025-07-12T01:36:16.358+0000] {dagbag.py:538} INFO - Filling up the DagBag from /home/airflow/.local/lib/python3.8/site-packages/airflow/example_dags/example_python_operator.py
[2025-07-12T01:36:16.381+0000] {processor.py:840} INFO - DAG(s) 'example_python_operator' retrieved from /home/airflow/.local/lib/python3.8/site-packages/airflow/example_dags/example_python_operator.py
[2025-07-12T01:36:16.408+0000] {logging_mixin.py:188} INFO - [2025-07-12T01:36:16.407+0000] {dag.py:3036} INFO - Sync 1 DAGs
[2025-07-12T01:36:16.445+0000] {logging_mixin.py:188} INFO - [2025-07-12T01:36:16.444+0000] {dag.py:3823} INFO - Setting next_dagrun for example_python_operator to None, run_after=None
[2025-07-12T01:36:16.494+0000] {processor.py:183} INFO - Processing /home/airflow/.local/lib/python3.8/site-packages/airflow/example_dags/example_python_operator.py took 0.150 seconds
[2025-07-12T01:36:47.701+0000] {processor.py:161} INFO - Started process (PID=261) to work on /home/airflow/.local/lib/python3.8/site-packages/airflow/example_dags/example_python_operator.py
[2025-07-12T01:36:47.703+0000] {processor.py:830} INFO - Processing file /home/airflow/.local/lib/python3.8/site-packages/airflow/example_dags/example_python_operator.py for tasks to queue
[2025-07-12T01:36:47.706+0000] {logging_mixin.py:188} INFO - [2025-07-12T01:36:47.705+0000] {dagbag.py:538} INFO - Filling up the DagBag from /home/airflow/.local/lib/python3.8/site-packages/airflow/example_dags/example_python_operator.py
[2025-07-12T01:36:47.716+0000] {processor.py:840} INFO - DAG(s) 'example_python_operator' retrieved from /home/airflow/.local/lib/python3.8/site-packages/airflow/example_dags/example_python_operator.py
[2025-07-12T01:36:47.861+0000] {logging_mixin.py:188} INFO - [2025-07-12T01:36:47.861+0000] {dag.py:3036} INFO - Sync 1 DAGs
[2025-07-12T01:36:47.880+0000] {logging_mixin.py:188} INFO - [2025-07-12T01:36:47.879+0000] {dag.py:3823} INFO - Setting next_dagrun for example_python_operator to None, run_after=None
[2025-07-12T01:36:47.915+0000] {processor.py:183} INFO - Processing /home/airflow/.local/lib/python3.8/site-packages/airflow/example_dags/example_python_operator.py took 0.217 seconds
[2025-07-12T01:37:18.777+0000] {processor.py:161} INFO - Started process (PID=317) to work on /home/airflow/.local/lib/python3.8/site-packages/airflow/example_dags/example_python_operator.py
[2025-07-12T01:37:18.779+0000] {processor.py:830} INFO - Processing file /home/airflow/.local/lib/python3.8/site-packages/airflow/example_dags/example_python_operator.py for tasks to queue
[2025-07-12T01:37:18.782+0000] {logging_mixin.py:188} INFO - [2025-07-12T01:37:18.782+0000] {dagbag.py:538} INFO - Filling up the DagBag from /home/airflow/.local/lib/python3.8/site-packages/airflow/example_dags/example_python_operator.py
[2025-07-12T01:37:18.796+0000] {processor.py:840} INFO - DAG(s) 'example_python_operator' retrieved from /home/airflow/.local/lib/python3.8/site-packages/airflow/example_dags/example_python_operator.py
[2025-07-12T01:37:18.833+0000] {logging_mixin.py:188} INFO - [2025-07-12T01:37:18.832+0000] {dag.py:3036} INFO - Sync 1 DAGs
[2025-07-12T01:37:18.861+0000] {logging_mixin.py:188} INFO - [2025-07-12T01:37:18.861+0000] {dag.py:3823} INFO - Setting next_dagrun for example_python_operator to None, run_after=None
[2025-07-12T01:37:18.892+0000] {processor.py:183} INFO - Processing /home/airflow/.local/lib/python3.8/site-packages/airflow/example_dags/example_python_operator.py took 0.119 seconds
[2025-07-12T01:38:36.227+0000] {processor.py:161} INFO - Started process (PID=93) to work on /home/airflow/.local/lib/python3.8/site-packages/airflow/example_dags/example_python_operator.py
[2025-07-12T01:38:36.229+0000] {processor.py:830} INFO - Processing file /home/airflow/.local/lib/python3.8/site-packages/airflow/example_dags/example_python_operator.py for tasks to queue
[2025-07-12T01:38:36.232+0000] {logging_mixin.py:188} INFO - [2025-07-12T01:38:36.232+0000] {dagbag.py:538} INFO - Filling up the DagBag from /home/airflow/.local/lib/python3.8/site-packages/airflow/example_dags/example_python_operator.py
[2025-07-12T01:38:36.249+0000] {processor.py:840} INFO - DAG(s) 'example_python_operator' retrieved from /home/airflow/.local/lib/python3.8/site-packages/airflow/example_dags/example_python_operator.py
[2025-07-12T01:38:36.355+0000] {logging_mixin.py:188} INFO - [2025-07-12T01:38:36.355+0000] {override.py:1769} INFO - Created Permission View: can edit on DAG:example_python_operator
[2025-07-12T01:38:36.367+0000] {logging_mixin.py:188} INFO - [2025-07-12T01:38:36.367+0000] {override.py:1769} INFO - Created Permission View: can delete on DAG:example_python_operator
[2025-07-12T01:38:36.377+0000] {logging_mixin.py:188} INFO - [2025-07-12T01:38:36.377+0000] {override.py:1769} INFO - Created Permission View: can read on DAG:example_python_operator
[2025-07-12T01:38:36.378+0000] {logging_mixin.py:188} INFO - [2025-07-12T01:38:36.378+0000] {dag.py:3036} INFO - Sync 1 DAGs
[2025-07-12T01:38:36.390+0000] {logging_mixin.py:188} INFO - [2025-07-12T01:38:36.389+0000] {dag.py:3058} INFO - Creating ORM DAG for example_python_operator
[2025-07-12T01:38:36.391+0000] {logging_mixin.py:188} INFO - [2025-07-12T01:38:36.391+0000] {dag.py:3823} INFO - Setting next_dagrun for example_python_operator to None, run_after=None
[2025-07-12T01:38:36.420+0000] {processor.py:183} INFO - Processing /home/airflow/.local/lib/python3.8/site-packages/airflow/example_dags/example_python_operator.py took 0.197 seconds
[2025-07-12T01:39:06.638+0000] {processor.py:161} INFO - Started process (PID=149) to work on /home/airflow/.local/lib/python3.8/site-packages/airflow/example_dags/example_python_operator.py
[2025-07-12T01:39:06.639+0000] {processor.py:830} INFO - Processing file /home/airflow/.local/lib/python3.8/site-packages/airflow/example_dags/example_python_operator.py for tasks to queue
[2025-07-12T01:39:06.643+0000] {logging_mixin.py:188} INFO - [2025-07-12T01:39:06.642+0000] {dagbag.py:538} INFO - Filling up the DagBag from /home/airflow/.local/lib/python3.8/site-packages/airflow/example_dags/example_python_operator.py
[2025-07-12T01:39:06.657+0000] {processor.py:840} INFO - DAG(s) 'example_python_operator' retrieved from /home/airflow/.local/lib/python3.8/site-packages/airflow/example_dags/example_python_operator.py
[2025-07-12T01:39:06.687+0000] {logging_mixin.py:188} INFO - [2025-07-12T01:39:06.687+0000] {dag.py:3036} INFO - Sync 1 DAGs
[2025-07-12T01:39:06.704+0000] {logging_mixin.py:188} INFO - [2025-07-12T01:39:06.704+0000] {dag.py:3823} INFO - Setting next_dagrun for example_python_operator to None, run_after=None
[2025-07-12T01:39:06.738+0000] {processor.py:183} INFO - Processing /home/airflow/.local/lib/python3.8/site-packages/airflow/example_dags/example_python_operator.py took 0.106 seconds
[2025-07-12T01:39:37.638+0000] {processor.py:161} INFO - Started process (PID=205) to work on /home/airflow/.local/lib/python3.8/site-packages/airflow/example_dags/example_python_operator.py
[2025-07-12T01:39:37.640+0000] {processor.py:830} INFO - Processing file /home/airflow/.local/lib/python3.8/site-packages/airflow/example_dags/example_python_operator.py for tasks to queue
[2025-07-12T01:39:37.642+0000] {logging_mixin.py:188} INFO - [2025-07-12T01:39:37.642+0000] {dagbag.py:538} INFO - Filling up the DagBag from /home/airflow/.local/lib/python3.8/site-packages/airflow/example_dags/example_python_operator.py
[2025-07-12T01:39:37.653+0000] {processor.py:840} INFO - DAG(s) 'example_python_operator' retrieved from /home/airflow/.local/lib/python3.8/site-packages/airflow/example_dags/example_python_operator.py
[2025-07-12T01:39:37.683+0000] {logging_mixin.py:188} INFO - [2025-07-12T01:39:37.683+0000] {dag.py:3036} INFO - Sync 1 DAGs
[2025-07-12T01:39:37.699+0000] {logging_mixin.py:188} INFO - [2025-07-12T01:39:37.698+0000] {dag.py:3823} INFO - Setting next_dagrun for example_python_operator to None, run_after=None
[2025-07-12T01:39:37.725+0000] {processor.py:183} INFO - Processing /home/airflow/.local/lib/python3.8/site-packages/airflow/example_dags/example_python_operator.py took 0.090 seconds
[2025-07-12T01:40:08.601+0000] {processor.py:161} INFO - Started process (PID=262) to work on /home/airflow/.local/lib/python3.8/site-packages/airflow/example_dags/example_python_operator.py
[2025-07-12T01:40:08.604+0000] {processor.py:830} INFO - Processing file /home/airflow/.local/lib/python3.8/site-packages/airflow/example_dags/example_python_operator.py for tasks to queue
[2025-07-12T01:40:08.609+0000] {logging_mixin.py:188} INFO - [2025-07-12T01:40:08.608+0000] {dagbag.py:538} INFO - Filling up the DagBag from /home/airflow/.local/lib/python3.8/site-packages/airflow/example_dags/example_python_operator.py
[2025-07-12T01:40:08.630+0000] {processor.py:840} INFO - DAG(s) 'example_python_operator' retrieved from /home/airflow/.local/lib/python3.8/site-packages/airflow/example_dags/example_python_operator.py
[2025-07-12T01:40:08.678+0000] {logging_mixin.py:188} INFO - [2025-07-12T01:40:08.677+0000] {dag.py:3036} INFO - Sync 1 DAGs
[2025-07-12T01:40:08.700+0000] {logging_mixin.py:188} INFO - [2025-07-12T01:40:08.699+0000] {dag.py:3823} INFO - Setting next_dagrun for example_python_operator to None, run_after=None
[2025-07-12T01:40:08.742+0000] {processor.py:183} INFO - Processing /home/airflow/.local/lib/python3.8/site-packages/airflow/example_dags/example_python_operator.py took 0.148 seconds
[2025-07-12T01:40:38.844+0000] {processor.py:161} INFO - Started process (PID=318) to work on /home/airflow/.local/lib/python3.8/site-packages/airflow/example_dags/example_python_operator.py
[2025-07-12T01:40:38.845+0000] {processor.py:830} INFO - Processing file /home/airflow/.local/lib/python3.8/site-packages/airflow/example_dags/example_python_operator.py for tasks to queue
[2025-07-12T01:40:38.848+0000] {logging_mixin.py:188} INFO - [2025-07-12T01:40:38.848+0000] {dagbag.py:538} INFO - Filling up the DagBag from /home/airflow/.local/lib/python3.8/site-packages/airflow/example_dags/example_python_operator.py
[2025-07-12T01:40:38.863+0000] {processor.py:840} INFO - DAG(s) 'example_python_operator' retrieved from /home/airflow/.local/lib/python3.8/site-packages/airflow/example_dags/example_python_operator.py
[2025-07-12T01:40:38.896+0000] {logging_mixin.py:188} INFO - [2025-07-12T01:40:38.896+0000] {dag.py:3036} INFO - Sync 1 DAGs
[2025-07-12T01:40:38.916+0000] {logging_mixin.py:188} INFO - [2025-07-12T01:40:38.915+0000] {dag.py:3823} INFO - Setting next_dagrun for example_python_operator to None, run_after=None
[2025-07-12T01:40:38.943+0000] {processor.py:183} INFO - Processing /home/airflow/.local/lib/python3.8/site-packages/airflow/example_dags/example_python_operator.py took 0.105 seconds
[2025-07-12T01:41:09.430+0000] {processor.py:161} INFO - Started process (PID=374) to work on /home/airflow/.local/lib/python3.8/site-packages/airflow/example_dags/example_python_operator.py
[2025-07-12T01:41:09.432+0000] {processor.py:830} INFO - Processing file /home/airflow/.local/lib/python3.8/site-packages/airflow/example_dags/example_python_operator.py for tasks to queue
[2025-07-12T01:41:09.435+0000] {logging_mixin.py:188} INFO - [2025-07-12T01:41:09.434+0000] {dagbag.py:538} INFO - Filling up the DagBag from /home/airflow/.local/lib/python3.8/site-packages/airflow/example_dags/example_python_operator.py
[2025-07-12T01:41:09.449+0000] {processor.py:840} INFO - DAG(s) 'example_python_operator' retrieved from /home/airflow/.local/lib/python3.8/site-packages/airflow/example_dags/example_python_operator.py
[2025-07-12T01:41:09.472+0000] {logging_mixin.py:188} INFO - [2025-07-12T01:41:09.472+0000] {dag.py:3036} INFO - Sync 1 DAGs
[2025-07-12T01:41:09.483+0000] {logging_mixin.py:188} INFO - [2025-07-12T01:41:09.483+0000] {dag.py:3823} INFO - Setting next_dagrun for example_python_operator to None, run_after=None
[2025-07-12T01:41:09.504+0000] {processor.py:183} INFO - Processing /home/airflow/.local/lib/python3.8/site-packages/airflow/example_dags/example_python_operator.py took 0.078 seconds
[2025-07-12T01:41:39.960+0000] {processor.py:161} INFO - Started process (PID=430) to work on /home/airflow/.local/lib/python3.8/site-packages/airflow/example_dags/example_python_operator.py
[2025-07-12T01:41:39.962+0000] {processor.py:830} INFO - Processing file /home/airflow/.local/lib/python3.8/site-packages/airflow/example_dags/example_python_operator.py for tasks to queue
[2025-07-12T01:41:39.964+0000] {logging_mixin.py:188} INFO - [2025-07-12T01:41:39.964+0000] {dagbag.py:538} INFO - Filling up the DagBag from /home/airflow/.local/lib/python3.8/site-packages/airflow/example_dags/example_python_operator.py
[2025-07-12T01:41:39.975+0000] {processor.py:840} INFO - DAG(s) 'example_python_operator' retrieved from /home/airflow/.local/lib/python3.8/site-packages/airflow/example_dags/example_python_operator.py
[2025-07-12T01:41:40.001+0000] {logging_mixin.py:188} INFO - [2025-07-12T01:41:40.001+0000] {dag.py:3036} INFO - Sync 1 DAGs
[2025-07-12T01:41:40.013+0000] {logging_mixin.py:188} INFO - [2025-07-12T01:41:40.013+0000] {dag.py:3823} INFO - Setting next_dagrun for example_python_operator to None, run_after=None
[2025-07-12T01:41:40.039+0000] {processor.py:183} INFO - Processing /home/airflow/.local/lib/python3.8/site-packages/airflow/example_dags/example_python_operator.py took 0.083 seconds
[2025-07-12T01:42:11.116+0000] {processor.py:161} INFO - Started process (PID=486) to work on /home/airflow/.local/lib/python3.8/site-packages/airflow/example_dags/example_python_operator.py
[2025-07-12T01:42:11.119+0000] {processor.py:830} INFO - Processing file /home/airflow/.local/lib/python3.8/site-packages/airflow/example_dags/example_python_operator.py for tasks to queue
[2025-07-12T01:42:11.122+0000] {logging_mixin.py:188} INFO - [2025-07-12T01:42:11.122+0000] {dagbag.py:538} INFO - Filling up the DagBag from /home/airflow/.local/lib/python3.8/site-packages/airflow/example_dags/example_python_operator.py
[2025-07-12T01:42:11.135+0000] {processor.py:840} INFO - DAG(s) 'example_python_operator' retrieved from /home/airflow/.local/lib/python3.8/site-packages/airflow/example_dags/example_python_operator.py
[2025-07-12T01:42:11.160+0000] {logging_mixin.py:188} INFO - [2025-07-12T01:42:11.160+0000] {dag.py:3036} INFO - Sync 1 DAGs
[2025-07-12T01:42:11.172+0000] {logging_mixin.py:188} INFO - [2025-07-12T01:42:11.172+0000] {dag.py:3823} INFO - Setting next_dagrun for example_python_operator to None, run_after=None
[2025-07-12T01:42:11.199+0000] {processor.py:183} INFO - Processing /home/airflow/.local/lib/python3.8/site-packages/airflow/example_dags/example_python_operator.py took 0.090 seconds
[2025-07-12T01:42:42.084+0000] {processor.py:161} INFO - Started process (PID=542) to work on /home/airflow/.local/lib/python3.8/site-packages/airflow/example_dags/example_python_operator.py
[2025-07-12T01:42:42.087+0000] {processor.py:830} INFO - Processing file /home/airflow/.local/lib/python3.8/site-packages/airflow/example_dags/example_python_operator.py for tasks to queue
[2025-07-12T01:42:42.091+0000] {logging_mixin.py:188} INFO - [2025-07-12T01:42:42.090+0000] {dagbag.py:538} INFO - Filling up the DagBag from /home/airflow/.local/lib/python3.8/site-packages/airflow/example_dags/example_python_operator.py
[2025-07-12T01:42:42.110+0000] {processor.py:840} INFO - DAG(s) 'example_python_operator' retrieved from /home/airflow/.local/lib/python3.8/site-packages/airflow/example_dags/example_python_operator.py
[2025-07-12T01:42:42.151+0000] {logging_mixin.py:188} INFO - [2025-07-12T01:42:42.151+0000] {dag.py:3036} INFO - Sync 1 DAGs
[2025-07-12T01:42:42.170+0000] {logging_mixin.py:188} INFO - [2025-07-12T01:42:42.169+0000] {dag.py:3823} INFO - Setting next_dagrun for example_python_operator to None, run_after=None
[2025-07-12T01:42:42.201+0000] {processor.py:183} INFO - Processing /home/airflow/.local/lib/python3.8/site-packages/airflow/example_dags/example_python_operator.py took 0.124 seconds
[2025-07-12T01:43:12.396+0000] {processor.py:161} INFO - Started process (PID=598) to work on /home/airflow/.local/lib/python3.8/site-packages/airflow/example_dags/example_python_operator.py
[2025-07-12T01:43:12.399+0000] {processor.py:830} INFO - Processing file /home/airflow/.local/lib/python3.8/site-packages/airflow/example_dags/example_python_operator.py for tasks to queue
[2025-07-12T01:43:12.404+0000] {logging_mixin.py:188} INFO - [2025-07-12T01:43:12.403+0000] {dagbag.py:538} INFO - Filling up the DagBag from /home/airflow/.local/lib/python3.8/site-packages/airflow/example_dags/example_python_operator.py
[2025-07-12T01:43:12.425+0000] {processor.py:840} INFO - DAG(s) 'example_python_operator' retrieved from /home/airflow/.local/lib/python3.8/site-packages/airflow/example_dags/example_python_operator.py
[2025-07-12T01:43:12.468+0000] {logging_mixin.py:188} INFO - [2025-07-12T01:43:12.467+0000] {dag.py:3036} INFO - Sync 1 DAGs
[2025-07-12T01:43:12.486+0000] {logging_mixin.py:188} INFO - [2025-07-12T01:43:12.486+0000] {dag.py:3823} INFO - Setting next_dagrun for example_python_operator to None, run_after=None
[2025-07-12T01:43:12.518+0000] {processor.py:183} INFO - Processing /home/airflow/.local/lib/python3.8/site-packages/airflow/example_dags/example_python_operator.py took 0.129 seconds
[2025-07-12T01:43:42.907+0000] {processor.py:161} INFO - Started process (PID=654) to work on /home/airflow/.local/lib/python3.8/site-packages/airflow/example_dags/example_python_operator.py
[2025-07-12T01:43:42.909+0000] {processor.py:830} INFO - Processing file /home/airflow/.local/lib/python3.8/site-packages/airflow/example_dags/example_python_operator.py for tasks to queue
[2025-07-12T01:43:42.912+0000] {logging_mixin.py:188} INFO - [2025-07-12T01:43:42.912+0000] {dagbag.py:538} INFO - Filling up the DagBag from /home/airflow/.local/lib/python3.8/site-packages/airflow/example_dags/example_python_operator.py
[2025-07-12T01:43:42.931+0000] {processor.py:840} INFO - DAG(s) 'example_python_operator' retrieved from /home/airflow/.local/lib/python3.8/site-packages/airflow/example_dags/example_python_operator.py
[2025-07-12T01:43:42.966+0000] {logging_mixin.py:188} INFO - [2025-07-12T01:43:42.965+0000] {dag.py:3036} INFO - Sync 1 DAGs
[2025-07-12T01:43:42.985+0000] {logging_mixin.py:188} INFO - [2025-07-12T01:43:42.984+0000] {dag.py:3823} INFO - Setting next_dagrun for example_python_operator to None, run_after=None
[2025-07-12T01:43:43.017+0000] {processor.py:183} INFO - Processing /home/airflow/.local/lib/python3.8/site-packages/airflow/example_dags/example_python_operator.py took 0.115 seconds
[2025-07-12T01:44:13.559+0000] {processor.py:161} INFO - Started process (PID=710) to work on /home/airflow/.local/lib/python3.8/site-packages/airflow/example_dags/example_python_operator.py
[2025-07-12T01:44:13.561+0000] {processor.py:830} INFO - Processing file /home/airflow/.local/lib/python3.8/site-packages/airflow/example_dags/example_python_operator.py for tasks to queue
[2025-07-12T01:44:13.564+0000] {logging_mixin.py:188} INFO - [2025-07-12T01:44:13.563+0000] {dagbag.py:538} INFO - Filling up the DagBag from /home/airflow/.local/lib/python3.8/site-packages/airflow/example_dags/example_python_operator.py
[2025-07-12T01:44:13.582+0000] {processor.py:840} INFO - DAG(s) 'example_python_operator' retrieved from /home/airflow/.local/lib/python3.8/site-packages/airflow/example_dags/example_python_operator.py
[2025-07-12T01:44:13.615+0000] {logging_mixin.py:188} INFO - [2025-07-12T01:44:13.615+0000] {dag.py:3036} INFO - Sync 1 DAGs
[2025-07-12T01:44:13.637+0000] {logging_mixin.py:188} INFO - [2025-07-12T01:44:13.636+0000] {dag.py:3823} INFO - Setting next_dagrun for example_python_operator to None, run_after=None
[2025-07-12T01:44:13.670+0000] {processor.py:183} INFO - Processing /home/airflow/.local/lib/python3.8/site-packages/airflow/example_dags/example_python_operator.py took 0.117 seconds
[2025-07-12T01:44:44.578+0000] {processor.py:161} INFO - Started process (PID=766) to work on /home/airflow/.local/lib/python3.8/site-packages/airflow/example_dags/example_python_operator.py
[2025-07-12T01:44:44.580+0000] {processor.py:830} INFO - Processing file /home/airflow/.local/lib/python3.8/site-packages/airflow/example_dags/example_python_operator.py for tasks to queue
[2025-07-12T01:44:44.583+0000] {logging_mixin.py:188} INFO - [2025-07-12T01:44:44.583+0000] {dagbag.py:538} INFO - Filling up the DagBag from /home/airflow/.local/lib/python3.8/site-packages/airflow/example_dags/example_python_operator.py
[2025-07-12T01:44:44.600+0000] {processor.py:840} INFO - DAG(s) 'example_python_operator' retrieved from /home/airflow/.local/lib/python3.8/site-packages/airflow/example_dags/example_python_operator.py
[2025-07-12T01:44:44.635+0000] {logging_mixin.py:188} INFO - [2025-07-12T01:44:44.634+0000] {dag.py:3036} INFO - Sync 1 DAGs
[2025-07-12T01:44:44.651+0000] {logging_mixin.py:188} INFO - [2025-07-12T01:44:44.651+0000] {dag.py:3823} INFO - Setting next_dagrun for example_python_operator to None, run_after=None
[2025-07-12T01:44:44.683+0000] {processor.py:183} INFO - Processing /home/airflow/.local/lib/python3.8/site-packages/airflow/example_dags/example_python_operator.py took 0.111 seconds
[2025-07-12T01:45:15.446+0000] {processor.py:161} INFO - Started process (PID=822) to work on /home/airflow/.local/lib/python3.8/site-packages/airflow/example_dags/example_python_operator.py
[2025-07-12T01:45:15.448+0000] {processor.py:830} INFO - Processing file /home/airflow/.local/lib/python3.8/site-packages/airflow/example_dags/example_python_operator.py for tasks to queue
[2025-07-12T01:45:15.451+0000] {logging_mixin.py:188} INFO - [2025-07-12T01:45:15.451+0000] {dagbag.py:538} INFO - Filling up the DagBag from /home/airflow/.local/lib/python3.8/site-packages/airflow/example_dags/example_python_operator.py
[2025-07-12T01:45:15.465+0000] {processor.py:840} INFO - DAG(s) 'example_python_operator' retrieved from /home/airflow/.local/lib/python3.8/site-packages/airflow/example_dags/example_python_operator.py
[2025-07-12T01:45:15.494+0000] {logging_mixin.py:188} INFO - [2025-07-12T01:45:15.494+0000] {dag.py:3036} INFO - Sync 1 DAGs
[2025-07-12T01:45:15.509+0000] {logging_mixin.py:188} INFO - [2025-07-12T01:45:15.508+0000] {dag.py:3823} INFO - Setting next_dagrun for example_python_operator to None, run_after=None
[2025-07-12T01:45:15.537+0000] {processor.py:183} INFO - Processing /home/airflow/.local/lib/python3.8/site-packages/airflow/example_dags/example_python_operator.py took 0.095 seconds
[2025-07-12T01:45:46.812+0000] {processor.py:161} INFO - Started process (PID=878) to work on /home/airflow/.local/lib/python3.8/site-packages/airflow/example_dags/example_python_operator.py
[2025-07-12T01:45:46.814+0000] {processor.py:830} INFO - Processing file /home/airflow/.local/lib/python3.8/site-packages/airflow/example_dags/example_python_operator.py for tasks to queue
[2025-07-12T01:45:46.819+0000] {logging_mixin.py:188} INFO - [2025-07-12T01:45:46.818+0000] {dagbag.py:538} INFO - Filling up the DagBag from /home/airflow/.local/lib/python3.8/site-packages/airflow/example_dags/example_python_operator.py
[2025-07-12T01:45:46.837+0000] {processor.py:840} INFO - DAG(s) 'example_python_operator' retrieved from /home/airflow/.local/lib/python3.8/site-packages/airflow/example_dags/example_python_operator.py
[2025-07-12T01:45:46.884+0000] {logging_mixin.py:188} INFO - [2025-07-12T01:45:46.884+0000] {dag.py:3036} INFO - Sync 1 DAGs
[2025-07-12T01:45:46.913+0000] {logging_mixin.py:188} INFO - [2025-07-12T01:45:46.913+0000] {dag.py:3823} INFO - Setting next_dagrun for example_python_operator to None, run_after=None
[2025-07-12T01:45:46.955+0000] {processor.py:183} INFO - Processing /home/airflow/.local/lib/python3.8/site-packages/airflow/example_dags/example_python_operator.py took 0.153 seconds
[2025-07-12T01:46:17.933+0000] {processor.py:161} INFO - Started process (PID=934) to work on /home/airflow/.local/lib/python3.8/site-packages/airflow/example_dags/example_python_operator.py
[2025-07-12T01:46:17.936+0000] {processor.py:830} INFO - Processing file /home/airflow/.local/lib/python3.8/site-packages/airflow/example_dags/example_python_operator.py for tasks to queue
[2025-07-12T01:46:17.940+0000] {logging_mixin.py:188} INFO - [2025-07-12T01:46:17.940+0000] {dagbag.py:538} INFO - Filling up the DagBag from /home/airflow/.local/lib/python3.8/site-packages/airflow/example_dags/example_python_operator.py
[2025-07-12T01:46:17.959+0000] {processor.py:840} INFO - DAG(s) 'example_python_operator' retrieved from /home/airflow/.local/lib/python3.8/site-packages/airflow/example_dags/example_python_operator.py
[2025-07-12T01:46:18.012+0000] {logging_mixin.py:188} INFO - [2025-07-12T01:46:18.012+0000] {dag.py:3036} INFO - Sync 1 DAGs
[2025-07-12T01:46:18.032+0000] {logging_mixin.py:188} INFO - [2025-07-12T01:46:18.032+0000] {dag.py:3823} INFO - Setting next_dagrun for example_python_operator to None, run_after=None
[2025-07-12T01:46:18.080+0000] {processor.py:183} INFO - Processing /home/airflow/.local/lib/python3.8/site-packages/airflow/example_dags/example_python_operator.py took 0.155 seconds
[2025-07-12T01:46:48.142+0000] {processor.py:161} INFO - Started process (PID=989) to work on /home/airflow/.local/lib/python3.8/site-packages/airflow/example_dags/example_python_operator.py
[2025-07-12T01:46:48.145+0000] {processor.py:830} INFO - Processing file /home/airflow/.local/lib/python3.8/site-packages/airflow/example_dags/example_python_operator.py for tasks to queue
[2025-07-12T01:46:48.160+0000] {logging_mixin.py:188} INFO - [2025-07-12T01:46:48.159+0000] {dagbag.py:538} INFO - Filling up the DagBag from /home/airflow/.local/lib/python3.8/site-packages/airflow/example_dags/example_python_operator.py
[2025-07-12T01:46:48.206+0000] {processor.py:840} INFO - DAG(s) 'example_python_operator' retrieved from /home/airflow/.local/lib/python3.8/site-packages/airflow/example_dags/example_python_operator.py
[2025-07-12T01:46:48.251+0000] {logging_mixin.py:188} INFO - [2025-07-12T01:46:48.251+0000] {dag.py:3036} INFO - Sync 1 DAGs
[2025-07-12T01:46:48.269+0000] {logging_mixin.py:188} INFO - [2025-07-12T01:46:48.269+0000] {dag.py:3823} INFO - Setting next_dagrun for example_python_operator to None, run_after=None
[2025-07-12T01:46:48.302+0000] {processor.py:183} INFO - Processing /home/airflow/.local/lib/python3.8/site-packages/airflow/example_dags/example_python_operator.py took 0.166 seconds
[2025-07-12T01:47:18.958+0000] {processor.py:161} INFO - Started process (PID=1045) to work on /home/airflow/.local/lib/python3.8/site-packages/airflow/example_dags/example_python_operator.py
[2025-07-12T01:47:18.959+0000] {processor.py:830} INFO - Processing file /home/airflow/.local/lib/python3.8/site-packages/airflow/example_dags/example_python_operator.py for tasks to queue
[2025-07-12T01:47:18.962+0000] {logging_mixin.py:188} INFO - [2025-07-12T01:47:18.962+0000] {dagbag.py:538} INFO - Filling up the DagBag from /home/airflow/.local/lib/python3.8/site-packages/airflow/example_dags/example_python_operator.py
[2025-07-12T01:47:18.979+0000] {processor.py:840} INFO - DAG(s) 'example_python_operator' retrieved from /home/airflow/.local/lib/python3.8/site-packages/airflow/example_dags/example_python_operator.py
[2025-07-12T01:47:19.010+0000] {logging_mixin.py:188} INFO - [2025-07-12T01:47:19.009+0000] {dag.py:3036} INFO - Sync 1 DAGs
[2025-07-12T01:47:19.029+0000] {logging_mixin.py:188} INFO - [2025-07-12T01:47:19.029+0000] {dag.py:3823} INFO - Setting next_dagrun for example_python_operator to None, run_after=None
[2025-07-12T01:47:19.065+0000] {processor.py:183} INFO - Processing /home/airflow/.local/lib/python3.8/site-packages/airflow/example_dags/example_python_operator.py took 0.112 seconds
[2025-07-12T01:47:49.270+0000] {processor.py:161} INFO - Started process (PID=1101) to work on /home/airflow/.local/lib/python3.8/site-packages/airflow/example_dags/example_python_operator.py
[2025-07-12T01:47:49.272+0000] {processor.py:830} INFO - Processing file /home/airflow/.local/lib/python3.8/site-packages/airflow/example_dags/example_python_operator.py for tasks to queue
[2025-07-12T01:47:49.275+0000] {logging_mixin.py:188} INFO - [2025-07-12T01:47:49.275+0000] {dagbag.py:538} INFO - Filling up the DagBag from /home/airflow/.local/lib/python3.8/site-packages/airflow/example_dags/example_python_operator.py
[2025-07-12T01:47:49.296+0000] {processor.py:840} INFO - DAG(s) 'example_python_operator' retrieved from /home/airflow/.local/lib/python3.8/site-packages/airflow/example_dags/example_python_operator.py
[2025-07-12T01:47:49.347+0000] {logging_mixin.py:188} INFO - [2025-07-12T01:47:49.347+0000] {dag.py:3036} INFO - Sync 1 DAGs
[2025-07-12T01:47:49.371+0000] {logging_mixin.py:188} INFO - [2025-07-12T01:47:49.370+0000] {dag.py:3823} INFO - Setting next_dagrun for example_python_operator to None, run_after=None
[2025-07-12T01:47:49.413+0000] {processor.py:183} INFO - Processing /home/airflow/.local/lib/python3.8/site-packages/airflow/example_dags/example_python_operator.py took 0.148 seconds
[2025-07-12T01:48:19.670+0000] {processor.py:161} INFO - Started process (PID=1157) to work on /home/airflow/.local/lib/python3.8/site-packages/airflow/example_dags/example_python_operator.py
[2025-07-12T01:48:19.672+0000] {processor.py:830} INFO - Processing file /home/airflow/.local/lib/python3.8/site-packages/airflow/example_dags/example_python_operator.py for tasks to queue
[2025-07-12T01:48:19.675+0000] {logging_mixin.py:188} INFO - [2025-07-12T01:48:19.674+0000] {dagbag.py:538} INFO - Filling up the DagBag from /home/airflow/.local/lib/python3.8/site-packages/airflow/example_dags/example_python_operator.py
[2025-07-12T01:48:19.696+0000] {processor.py:840} INFO - DAG(s) 'example_python_operator' retrieved from /home/airflow/.local/lib/python3.8/site-packages/airflow/example_dags/example_python_operator.py
[2025-07-12T01:48:19.725+0000] {logging_mixin.py:188} INFO - [2025-07-12T01:48:19.724+0000] {dag.py:3036} INFO - Sync 1 DAGs
[2025-07-12T01:48:19.740+0000] {logging_mixin.py:188} INFO - [2025-07-12T01:48:19.740+0000] {dag.py:3823} INFO - Setting next_dagrun for example_python_operator to None, run_after=None
[2025-07-12T01:48:19.765+0000] {processor.py:183} INFO - Processing /home/airflow/.local/lib/python3.8/site-packages/airflow/example_dags/example_python_operator.py took 0.099 seconds
[2025-07-12T01:48:50.318+0000] {processor.py:161} INFO - Started process (PID=1213) to work on /home/airflow/.local/lib/python3.8/site-packages/airflow/example_dags/example_python_operator.py
[2025-07-12T01:48:50.320+0000] {processor.py:830} INFO - Processing file /home/airflow/.local/lib/python3.8/site-packages/airflow/example_dags/example_python_operator.py for tasks to queue
[2025-07-12T01:48:50.324+0000] {logging_mixin.py:188} INFO - [2025-07-12T01:48:50.323+0000] {dagbag.py:538} INFO - Filling up the DagBag from /home/airflow/.local/lib/python3.8/site-packages/airflow/example_dags/example_python_operator.py
[2025-07-12T01:48:50.340+0000] {processor.py:840} INFO - DAG(s) 'example_python_operator' retrieved from /home/airflow/.local/lib/python3.8/site-packages/airflow/example_dags/example_python_operator.py
[2025-07-12T01:48:50.372+0000] {logging_mixin.py:188} INFO - [2025-07-12T01:48:50.371+0000] {dag.py:3036} INFO - Sync 1 DAGs
[2025-07-12T01:48:50.387+0000] {logging_mixin.py:188} INFO - [2025-07-12T01:48:50.387+0000] {dag.py:3823} INFO - Setting next_dagrun for example_python_operator to None, run_after=None
[2025-07-12T01:48:50.417+0000] {processor.py:183} INFO - Processing /home/airflow/.local/lib/python3.8/site-packages/airflow/example_dags/example_python_operator.py took 0.106 seconds
[2025-07-12T01:49:20.709+0000] {processor.py:161} INFO - Started process (PID=1269) to work on /home/airflow/.local/lib/python3.8/site-packages/airflow/example_dags/example_python_operator.py
[2025-07-12T01:49:20.711+0000] {processor.py:830} INFO - Processing file /home/airflow/.local/lib/python3.8/site-packages/airflow/example_dags/example_python_operator.py for tasks to queue
[2025-07-12T01:49:20.714+0000] {logging_mixin.py:188} INFO - [2025-07-12T01:49:20.713+0000] {dagbag.py:538} INFO - Filling up the DagBag from /home/airflow/.local/lib/python3.8/site-packages/airflow/example_dags/example_python_operator.py
[2025-07-12T01:49:20.728+0000] {processor.py:840} INFO - DAG(s) 'example_python_operator' retrieved from /home/airflow/.local/lib/python3.8/site-packages/airflow/example_dags/example_python_operator.py
[2025-07-12T01:49:20.757+0000] {logging_mixin.py:188} INFO - [2025-07-12T01:49:20.757+0000] {dag.py:3036} INFO - Sync 1 DAGs
[2025-07-12T01:49:20.773+0000] {logging_mixin.py:188} INFO - [2025-07-12T01:49:20.772+0000] {dag.py:3823} INFO - Setting next_dagrun for example_python_operator to None, run_after=None
[2025-07-12T01:49:20.803+0000] {processor.py:183} INFO - Processing /home/airflow/.local/lib/python3.8/site-packages/airflow/example_dags/example_python_operator.py took 0.097 seconds
[2025-07-12T01:49:50.929+0000] {processor.py:161} INFO - Started process (PID=1325) to work on /home/airflow/.local/lib/python3.8/site-packages/airflow/example_dags/example_python_operator.py
[2025-07-12T01:49:50.931+0000] {processor.py:830} INFO - Processing file /home/airflow/.local/lib/python3.8/site-packages/airflow/example_dags/example_python_operator.py for tasks to queue
[2025-07-12T01:49:50.935+0000] {logging_mixin.py:188} INFO - [2025-07-12T01:49:50.935+0000] {dagbag.py:538} INFO - Filling up the DagBag from /home/airflow/.local/lib/python3.8/site-packages/airflow/example_dags/example_python_operator.py
[2025-07-12T01:49:50.956+0000] {processor.py:840} INFO - DAG(s) 'example_python_operator' retrieved from /home/airflow/.local/lib/python3.8/site-packages/airflow/example_dags/example_python_operator.py
[2025-07-12T01:49:50.992+0000] {logging_mixin.py:188} INFO - [2025-07-12T01:49:50.991+0000] {dag.py:3036} INFO - Sync 1 DAGs
[2025-07-12T01:49:51.008+0000] {logging_mixin.py:188} INFO - [2025-07-12T01:49:51.008+0000] {dag.py:3823} INFO - Setting next_dagrun for example_python_operator to None, run_after=None
[2025-07-12T01:49:51.036+0000] {processor.py:183} INFO - Processing /home/airflow/.local/lib/python3.8/site-packages/airflow/example_dags/example_python_operator.py took 0.113 seconds
[2025-07-12T01:50:21.382+0000] {processor.py:161} INFO - Started process (PID=1381) to work on /home/airflow/.local/lib/python3.8/site-packages/airflow/example_dags/example_python_operator.py
[2025-07-12T01:50:21.384+0000] {processor.py:830} INFO - Processing file /home/airflow/.local/lib/python3.8/site-packages/airflow/example_dags/example_python_operator.py for tasks to queue
[2025-07-12T01:50:21.389+0000] {logging_mixin.py:188} INFO - [2025-07-12T01:50:21.388+0000] {dagbag.py:538} INFO - Filling up the DagBag from /home/airflow/.local/lib/python3.8/site-packages/airflow/example_dags/example_python_operator.py
[2025-07-12T01:50:21.410+0000] {processor.py:840} INFO - DAG(s) 'example_python_operator' retrieved from /home/airflow/.local/lib/python3.8/site-packages/airflow/example_dags/example_python_operator.py
[2025-07-12T01:50:21.469+0000] {logging_mixin.py:188} INFO - [2025-07-12T01:50:21.469+0000] {dag.py:3036} INFO - Sync 1 DAGs
[2025-07-12T01:50:21.491+0000] {logging_mixin.py:188} INFO - [2025-07-12T01:50:21.491+0000] {dag.py:3823} INFO - Setting next_dagrun for example_python_operator to None, run_after=None
[2025-07-12T01:50:21.523+0000] {processor.py:183} INFO - Processing /home/airflow/.local/lib/python3.8/site-packages/airflow/example_dags/example_python_operator.py took 0.147 seconds
[2025-07-12T01:50:51.946+0000] {processor.py:161} INFO - Started process (PID=1437) to work on /home/airflow/.local/lib/python3.8/site-packages/airflow/example_dags/example_python_operator.py
[2025-07-12T01:50:51.948+0000] {processor.py:830} INFO - Processing file /home/airflow/.local/lib/python3.8/site-packages/airflow/example_dags/example_python_operator.py for tasks to queue
[2025-07-12T01:50:51.951+0000] {logging_mixin.py:188} INFO - [2025-07-12T01:50:51.951+0000] {dagbag.py:538} INFO - Filling up the DagBag from /home/airflow/.local/lib/python3.8/site-packages/airflow/example_dags/example_python_operator.py
[2025-07-12T01:50:51.965+0000] {processor.py:840} INFO - DAG(s) 'example_python_operator' retrieved from /home/airflow/.local/lib/python3.8/site-packages/airflow/example_dags/example_python_operator.py
[2025-07-12T01:50:51.994+0000] {logging_mixin.py:188} INFO - [2025-07-12T01:50:51.994+0000] {dag.py:3036} INFO - Sync 1 DAGs
[2025-07-12T01:50:52.009+0000] {logging_mixin.py:188} INFO - [2025-07-12T01:50:52.009+0000] {dag.py:3823} INFO - Setting next_dagrun for example_python_operator to None, run_after=None
[2025-07-12T01:50:52.040+0000] {processor.py:183} INFO - Processing /home/airflow/.local/lib/python3.8/site-packages/airflow/example_dags/example_python_operator.py took 0.098 seconds
[2025-07-12T01:51:22.273+0000] {processor.py:161} INFO - Started process (PID=1493) to work on /home/airflow/.local/lib/python3.8/site-packages/airflow/example_dags/example_python_operator.py
[2025-07-12T01:51:22.275+0000] {processor.py:830} INFO - Processing file /home/airflow/.local/lib/python3.8/site-packages/airflow/example_dags/example_python_operator.py for tasks to queue
[2025-07-12T01:51:22.279+0000] {logging_mixin.py:188} INFO - [2025-07-12T01:51:22.278+0000] {dagbag.py:538} INFO - Filling up the DagBag from /home/airflow/.local/lib/python3.8/site-packages/airflow/example_dags/example_python_operator.py
[2025-07-12T01:51:22.293+0000] {processor.py:840} INFO - DAG(s) 'example_python_operator' retrieved from /home/airflow/.local/lib/python3.8/site-packages/airflow/example_dags/example_python_operator.py
[2025-07-12T01:51:22.324+0000] {logging_mixin.py:188} INFO - [2025-07-12T01:51:22.323+0000] {dag.py:3036} INFO - Sync 1 DAGs
[2025-07-12T01:51:22.339+0000] {logging_mixin.py:188} INFO - [2025-07-12T01:51:22.339+0000] {dag.py:3823} INFO - Setting next_dagrun for example_python_operator to None, run_after=None
[2025-07-12T01:51:22.370+0000] {processor.py:183} INFO - Processing /home/airflow/.local/lib/python3.8/site-packages/airflow/example_dags/example_python_operator.py took 0.102 seconds
[2025-07-12T01:51:53.317+0000] {processor.py:161} INFO - Started process (PID=1549) to work on /home/airflow/.local/lib/python3.8/site-packages/airflow/example_dags/example_python_operator.py
[2025-07-12T01:51:53.319+0000] {processor.py:830} INFO - Processing file /home/airflow/.local/lib/python3.8/site-packages/airflow/example_dags/example_python_operator.py for tasks to queue
[2025-07-12T01:51:53.323+0000] {logging_mixin.py:188} INFO - [2025-07-12T01:51:53.322+0000] {dagbag.py:538} INFO - Filling up the DagBag from /home/airflow/.local/lib/python3.8/site-packages/airflow/example_dags/example_python_operator.py
[2025-07-12T01:51:53.336+0000] {processor.py:840} INFO - DAG(s) 'example_python_operator' retrieved from /home/airflow/.local/lib/python3.8/site-packages/airflow/example_dags/example_python_operator.py
[2025-07-12T01:51:53.366+0000] {logging_mixin.py:188} INFO - [2025-07-12T01:51:53.366+0000] {dag.py:3036} INFO - Sync 1 DAGs
[2025-07-12T01:51:53.381+0000] {logging_mixin.py:188} INFO - [2025-07-12T01:51:53.381+0000] {dag.py:3823} INFO - Setting next_dagrun for example_python_operator to None, run_after=None
[2025-07-12T01:51:53.420+0000] {processor.py:183} INFO - Processing /home/airflow/.local/lib/python3.8/site-packages/airflow/example_dags/example_python_operator.py took 0.108 seconds
[2025-07-12T01:52:23.637+0000] {processor.py:161} INFO - Started process (PID=1605) to work on /home/airflow/.local/lib/python3.8/site-packages/airflow/example_dags/example_python_operator.py
[2025-07-12T01:52:23.639+0000] {processor.py:830} INFO - Processing file /home/airflow/.local/lib/python3.8/site-packages/airflow/example_dags/example_python_operator.py for tasks to queue
[2025-07-12T01:52:23.642+0000] {logging_mixin.py:188} INFO - [2025-07-12T01:52:23.642+0000] {dagbag.py:538} INFO - Filling up the DagBag from /home/airflow/.local/lib/python3.8/site-packages/airflow/example_dags/example_python_operator.py
[2025-07-12T01:52:23.657+0000] {processor.py:840} INFO - DAG(s) 'example_python_operator' retrieved from /home/airflow/.local/lib/python3.8/site-packages/airflow/example_dags/example_python_operator.py
[2025-07-12T01:52:23.688+0000] {logging_mixin.py:188} INFO - [2025-07-12T01:52:23.688+0000] {dag.py:3036} INFO - Sync 1 DAGs
[2025-07-12T01:52:23.704+0000] {logging_mixin.py:188} INFO - [2025-07-12T01:52:23.703+0000] {dag.py:3823} INFO - Setting next_dagrun for example_python_operator to None, run_after=None
[2025-07-12T01:52:23.735+0000] {processor.py:183} INFO - Processing /home/airflow/.local/lib/python3.8/site-packages/airflow/example_dags/example_python_operator.py took 0.105 seconds
[2025-07-12T01:52:54.184+0000] {processor.py:161} INFO - Started process (PID=1661) to work on /home/airflow/.local/lib/python3.8/site-packages/airflow/example_dags/example_python_operator.py
[2025-07-12T01:52:54.185+0000] {processor.py:830} INFO - Processing file /home/airflow/.local/lib/python3.8/site-packages/airflow/example_dags/example_python_operator.py for tasks to queue
[2025-07-12T01:52:54.189+0000] {logging_mixin.py:188} INFO - [2025-07-12T01:52:54.188+0000] {dagbag.py:538} INFO - Filling up the DagBag from /home/airflow/.local/lib/python3.8/site-packages/airflow/example_dags/example_python_operator.py
[2025-07-12T01:52:54.202+0000] {processor.py:840} INFO - DAG(s) 'example_python_operator' retrieved from /home/airflow/.local/lib/python3.8/site-packages/airflow/example_dags/example_python_operator.py
[2025-07-12T01:52:54.234+0000] {logging_mixin.py:188} INFO - [2025-07-12T01:52:54.233+0000] {dag.py:3036} INFO - Sync 1 DAGs
[2025-07-12T01:52:54.250+0000] {logging_mixin.py:188} INFO - [2025-07-12T01:52:54.249+0000] {dag.py:3823} INFO - Setting next_dagrun for example_python_operator to None, run_after=None
[2025-07-12T01:52:54.286+0000] {processor.py:183} INFO - Processing /home/airflow/.local/lib/python3.8/site-packages/airflow/example_dags/example_python_operator.py took 0.107 seconds
[2025-07-12T01:54:18.231+0000] {processor.py:161} INFO - Started process (PID=94) to work on /home/airflow/.local/lib/python3.8/site-packages/airflow/example_dags/example_python_operator.py
[2025-07-12T01:54:18.234+0000] {processor.py:830} INFO - Processing file /home/airflow/.local/lib/python3.8/site-packages/airflow/example_dags/example_python_operator.py for tasks to queue
[2025-07-12T01:54:18.239+0000] {logging_mixin.py:188} INFO - [2025-07-12T01:54:18.238+0000] {dagbag.py:538} INFO - Filling up the DagBag from /home/airflow/.local/lib/python3.8/site-packages/airflow/example_dags/example_python_operator.py
[2025-07-12T01:54:18.261+0000] {processor.py:840} INFO - DAG(s) 'example_python_operator' retrieved from /home/airflow/.local/lib/python3.8/site-packages/airflow/example_dags/example_python_operator.py
[2025-07-12T01:54:18.421+0000] {logging_mixin.py:188} INFO - [2025-07-12T01:54:18.420+0000] {override.py:1769} INFO - Created Permission View: can read on DAG:example_python_operator
[2025-07-12T01:54:18.437+0000] {logging_mixin.py:188} INFO - [2025-07-12T01:54:18.437+0000] {override.py:1769} INFO - Created Permission View: can delete on DAG:example_python_operator
[2025-07-12T01:54:18.450+0000] {logging_mixin.py:188} INFO - [2025-07-12T01:54:18.450+0000] {override.py:1769} INFO - Created Permission View: can edit on DAG:example_python_operator
[2025-07-12T01:54:18.452+0000] {logging_mixin.py:188} INFO - [2025-07-12T01:54:18.451+0000] {dag.py:3036} INFO - Sync 1 DAGs
[2025-07-12T01:54:18.467+0000] {logging_mixin.py:188} INFO - [2025-07-12T01:54:18.467+0000] {dag.py:3058} INFO - Creating ORM DAG for example_python_operator
[2025-07-12T01:54:18.468+0000] {logging_mixin.py:188} INFO - [2025-07-12T01:54:18.468+0000] {dag.py:3823} INFO - Setting next_dagrun for example_python_operator to None, run_after=None
[2025-07-12T01:54:18.498+0000] {processor.py:183} INFO - Processing /home/airflow/.local/lib/python3.8/site-packages/airflow/example_dags/example_python_operator.py took 0.272 seconds
[2025-07-12T01:54:49.355+0000] {processor.py:161} INFO - Started process (PID=151) to work on /home/airflow/.local/lib/python3.8/site-packages/airflow/example_dags/example_python_operator.py
[2025-07-12T01:54:49.358+0000] {processor.py:830} INFO - Processing file /home/airflow/.local/lib/python3.8/site-packages/airflow/example_dags/example_python_operator.py for tasks to queue
[2025-07-12T01:54:49.364+0000] {logging_mixin.py:188} INFO - [2025-07-12T01:54:49.363+0000] {dagbag.py:538} INFO - Filling up the DagBag from /home/airflow/.local/lib/python3.8/site-packages/airflow/example_dags/example_python_operator.py
[2025-07-12T01:54:49.385+0000] {processor.py:840} INFO - DAG(s) 'example_python_operator' retrieved from /home/airflow/.local/lib/python3.8/site-packages/airflow/example_dags/example_python_operator.py
[2025-07-12T01:54:49.422+0000] {logging_mixin.py:188} INFO - [2025-07-12T01:54:49.421+0000] {dag.py:3036} INFO - Sync 1 DAGs
[2025-07-12T01:54:49.440+0000] {logging_mixin.py:188} INFO - [2025-07-12T01:54:49.440+0000] {dag.py:3823} INFO - Setting next_dagrun for example_python_operator to None, run_after=None
[2025-07-12T01:54:49.471+0000] {processor.py:183} INFO - Processing /home/airflow/.local/lib/python3.8/site-packages/airflow/example_dags/example_python_operator.py took 0.120 seconds
[2025-07-12T01:55:19.922+0000] {processor.py:161} INFO - Started process (PID=208) to work on /home/airflow/.local/lib/python3.8/site-packages/airflow/example_dags/example_python_operator.py
[2025-07-12T01:55:19.923+0000] {processor.py:830} INFO - Processing file /home/airflow/.local/lib/python3.8/site-packages/airflow/example_dags/example_python_operator.py for tasks to queue
[2025-07-12T01:55:19.927+0000] {logging_mixin.py:188} INFO - [2025-07-12T01:55:19.926+0000] {dagbag.py:538} INFO - Filling up the DagBag from /home/airflow/.local/lib/python3.8/site-packages/airflow/example_dags/example_python_operator.py
[2025-07-12T01:55:19.942+0000] {processor.py:840} INFO - DAG(s) 'example_python_operator' retrieved from /home/airflow/.local/lib/python3.8/site-packages/airflow/example_dags/example_python_operator.py
[2025-07-12T01:55:19.971+0000] {logging_mixin.py:188} INFO - [2025-07-12T01:55:19.970+0000] {dag.py:3036} INFO - Sync 1 DAGs
[2025-07-12T01:55:19.986+0000] {logging_mixin.py:188} INFO - [2025-07-12T01:55:19.985+0000] {dag.py:3823} INFO - Setting next_dagrun for example_python_operator to None, run_after=None
[2025-07-12T01:55:20.013+0000] {processor.py:183} INFO - Processing /home/airflow/.local/lib/python3.8/site-packages/airflow/example_dags/example_python_operator.py took 0.096 seconds
[2025-07-12T01:55:50.901+0000] {processor.py:161} INFO - Started process (PID=270) to work on /home/airflow/.local/lib/python3.8/site-packages/airflow/example_dags/example_python_operator.py
[2025-07-12T01:55:50.903+0000] {processor.py:830} INFO - Processing file /home/airflow/.local/lib/python3.8/site-packages/airflow/example_dags/example_python_operator.py for tasks to queue
[2025-07-12T01:55:50.906+0000] {logging_mixin.py:188} INFO - [2025-07-12T01:55:50.906+0000] {dagbag.py:538} INFO - Filling up the DagBag from /home/airflow/.local/lib/python3.8/site-packages/airflow/example_dags/example_python_operator.py
[2025-07-12T01:55:50.922+0000] {processor.py:840} INFO - DAG(s) 'example_python_operator' retrieved from /home/airflow/.local/lib/python3.8/site-packages/airflow/example_dags/example_python_operator.py
[2025-07-12T01:55:50.956+0000] {logging_mixin.py:188} INFO - [2025-07-12T01:55:50.955+0000] {dag.py:3036} INFO - Sync 1 DAGs
[2025-07-12T01:55:50.972+0000] {logging_mixin.py:188} INFO - [2025-07-12T01:55:50.972+0000] {dag.py:3823} INFO - Setting next_dagrun for example_python_operator to None, run_after=None
[2025-07-12T01:55:51.003+0000] {processor.py:183} INFO - Processing /home/airflow/.local/lib/python3.8/site-packages/airflow/example_dags/example_python_operator.py took 0.108 seconds
[2025-07-12T01:56:21.550+0000] {processor.py:161} INFO - Started process (PID=327) to work on /home/airflow/.local/lib/python3.8/site-packages/airflow/example_dags/example_python_operator.py
[2025-07-12T01:56:21.552+0000] {processor.py:830} INFO - Processing file /home/airflow/.local/lib/python3.8/site-packages/airflow/example_dags/example_python_operator.py for tasks to queue
[2025-07-12T01:56:21.555+0000] {logging_mixin.py:188} INFO - [2025-07-12T01:56:21.554+0000] {dagbag.py:538} INFO - Filling up the DagBag from /home/airflow/.local/lib/python3.8/site-packages/airflow/example_dags/example_python_operator.py
[2025-07-12T01:56:21.572+0000] {processor.py:840} INFO - DAG(s) 'example_python_operator' retrieved from /home/airflow/.local/lib/python3.8/site-packages/airflow/example_dags/example_python_operator.py
[2025-07-12T01:56:21.603+0000] {logging_mixin.py:188} INFO - [2025-07-12T01:56:21.602+0000] {dag.py:3036} INFO - Sync 1 DAGs
[2025-07-12T01:56:21.621+0000] {logging_mixin.py:188} INFO - [2025-07-12T01:56:21.620+0000] {dag.py:3823} INFO - Setting next_dagrun for example_python_operator to None, run_after=None
[2025-07-12T01:56:21.652+0000] {processor.py:183} INFO - Processing /home/airflow/.local/lib/python3.8/site-packages/airflow/example_dags/example_python_operator.py took 0.107 seconds
[2025-07-12T01:56:51.816+0000] {processor.py:161} INFO - Started process (PID=388) to work on /home/airflow/.local/lib/python3.8/site-packages/airflow/example_dags/example_python_operator.py
[2025-07-12T01:56:51.820+0000] {processor.py:830} INFO - Processing file /home/airflow/.local/lib/python3.8/site-packages/airflow/example_dags/example_python_operator.py for tasks to queue
[2025-07-12T01:56:51.823+0000] {logging_mixin.py:188} INFO - [2025-07-12T01:56:51.823+0000] {dagbag.py:538} INFO - Filling up the DagBag from /home/airflow/.local/lib/python3.8/site-packages/airflow/example_dags/example_python_operator.py
[2025-07-12T01:56:51.839+0000] {processor.py:840} INFO - DAG(s) 'example_python_operator' retrieved from /home/airflow/.local/lib/python3.8/site-packages/airflow/example_dags/example_python_operator.py
[2025-07-12T01:56:51.876+0000] {logging_mixin.py:188} INFO - [2025-07-12T01:56:51.876+0000] {dag.py:3036} INFO - Sync 1 DAGs
[2025-07-12T01:56:51.893+0000] {logging_mixin.py:188} INFO - [2025-07-12T01:56:51.893+0000] {dag.py:3823} INFO - Setting next_dagrun for example_python_operator to None, run_after=None
[2025-07-12T01:56:51.935+0000] {processor.py:183} INFO - Processing /home/airflow/.local/lib/python3.8/site-packages/airflow/example_dags/example_python_operator.py took 0.126 seconds
