[2025-07-12T01:35:15.131+0000] {processor.py:161} INFO - Started process (PID=96) to work on /home/airflow/.local/lib/python3.8/site-packages/airflow/example_dags/example_nested_branch_dag.py
[2025-07-12T01:35:15.133+0000] {processor.py:830} INFO - Processing file /home/airflow/.local/lib/python3.8/site-packages/airflow/example_dags/example_nested_branch_dag.py for tasks to queue
[2025-07-12T01:35:15.136+0000] {logging_mixin.py:188} INFO - [2025-07-12T01:35:15.136+0000] {dagbag.py:538} INFO - Filling up the DagBag from /home/airflow/.local/lib/python3.8/site-packages/airflow/example_dags/example_nested_branch_dag.py
[2025-07-12T01:35:15.156+0000] {processor.py:840} INFO - DAG(s) 'example_nested_branch_dag' retrieved from /home/airflow/.local/lib/python3.8/site-packages/airflow/example_dags/example_nested_branch_dag.py
[2025-07-12T01:35:15.200+0000] {logging_mixin.py:188} INFO - [2025-07-12T01:35:15.200+0000] {dag.py:3036} INFO - Sync 1 DAGs
[2025-07-12T01:35:15.234+0000] {logging_mixin.py:188} INFO - [2025-07-12T01:35:15.233+0000] {dag.py:3823} INFO - Setting next_dagrun for example_nested_branch_dag to 2025-07-11 00:00:00+00:00, run_after=2025-07-12 00:00:00+00:00
[2025-07-12T01:35:15.274+0000] {processor.py:183} INFO - Processing /home/airflow/.local/lib/python3.8/site-packages/airflow/example_dags/example_nested_branch_dag.py took 0.149 seconds
[2025-07-12T01:35:46.383+0000] {processor.py:161} INFO - Started process (PID=152) to work on /home/airflow/.local/lib/python3.8/site-packages/airflow/example_dags/example_nested_branch_dag.py
[2025-07-12T01:35:46.385+0000] {processor.py:830} INFO - Processing file /home/airflow/.local/lib/python3.8/site-packages/airflow/example_dags/example_nested_branch_dag.py for tasks to queue
[2025-07-12T01:35:46.388+0000] {logging_mixin.py:188} INFO - [2025-07-12T01:35:46.387+0000] {dagbag.py:538} INFO - Filling up the DagBag from /home/airflow/.local/lib/python3.8/site-packages/airflow/example_dags/example_nested_branch_dag.py
[2025-07-12T01:35:46.400+0000] {processor.py:840} INFO - DAG(s) 'example_nested_branch_dag' retrieved from /home/airflow/.local/lib/python3.8/site-packages/airflow/example_dags/example_nested_branch_dag.py
[2025-07-12T01:35:46.432+0000] {logging_mixin.py:188} INFO - [2025-07-12T01:35:46.431+0000] {dag.py:3036} INFO - Sync 1 DAGs
[2025-07-12T01:35:46.472+0000] {logging_mixin.py:188} INFO - [2025-07-12T01:35:46.471+0000] {dag.py:3823} INFO - Setting next_dagrun for example_nested_branch_dag to 2025-07-11 00:00:00+00:00, run_after=2025-07-12 00:00:00+00:00
[2025-07-12T01:35:46.508+0000] {processor.py:183} INFO - Processing /home/airflow/.local/lib/python3.8/site-packages/airflow/example_dags/example_nested_branch_dag.py took 0.130 seconds
[2025-07-12T01:36:16.734+0000] {processor.py:161} INFO - Started process (PID=208) to work on /home/airflow/.local/lib/python3.8/site-packages/airflow/example_dags/example_nested_branch_dag.py
[2025-07-12T01:36:16.737+0000] {processor.py:830} INFO - Processing file /home/airflow/.local/lib/python3.8/site-packages/airflow/example_dags/example_nested_branch_dag.py for tasks to queue
[2025-07-12T01:36:16.741+0000] {logging_mixin.py:188} INFO - [2025-07-12T01:36:16.741+0000] {dagbag.py:538} INFO - Filling up the DagBag from /home/airflow/.local/lib/python3.8/site-packages/airflow/example_dags/example_nested_branch_dag.py
[2025-07-12T01:36:16.757+0000] {processor.py:840} INFO - DAG(s) 'example_nested_branch_dag' retrieved from /home/airflow/.local/lib/python3.8/site-packages/airflow/example_dags/example_nested_branch_dag.py
[2025-07-12T01:36:16.776+0000] {logging_mixin.py:188} INFO - [2025-07-12T01:36:16.775+0000] {dag.py:3036} INFO - Sync 1 DAGs
[2025-07-12T01:36:16.807+0000] {logging_mixin.py:188} INFO - [2025-07-12T01:36:16.807+0000] {dag.py:3823} INFO - Setting next_dagrun for example_nested_branch_dag to 2025-07-11 00:00:00+00:00, run_after=2025-07-12 00:00:00+00:00
[2025-07-12T01:36:16.852+0000] {processor.py:183} INFO - Processing /home/airflow/.local/lib/python3.8/site-packages/airflow/example_dags/example_nested_branch_dag.py took 0.126 seconds
[2025-07-12T01:36:48.246+0000] {processor.py:161} INFO - Started process (PID=264) to work on /home/airflow/.local/lib/python3.8/site-packages/airflow/example_dags/example_nested_branch_dag.py
[2025-07-12T01:36:48.248+0000] {processor.py:830} INFO - Processing file /home/airflow/.local/lib/python3.8/site-packages/airflow/example_dags/example_nested_branch_dag.py for tasks to queue
[2025-07-12T01:36:48.261+0000] {logging_mixin.py:188} INFO - [2025-07-12T01:36:48.260+0000] {dagbag.py:538} INFO - Filling up the DagBag from /home/airflow/.local/lib/python3.8/site-packages/airflow/example_dags/example_nested_branch_dag.py
[2025-07-12T01:36:48.285+0000] {processor.py:840} INFO - DAG(s) 'example_nested_branch_dag' retrieved from /home/airflow/.local/lib/python3.8/site-packages/airflow/example_dags/example_nested_branch_dag.py
[2025-07-12T01:36:48.459+0000] {logging_mixin.py:188} INFO - [2025-07-12T01:36:48.459+0000] {dag.py:3036} INFO - Sync 1 DAGs
[2025-07-12T01:36:48.493+0000] {logging_mixin.py:188} INFO - [2025-07-12T01:36:48.493+0000] {dag.py:3823} INFO - Setting next_dagrun for example_nested_branch_dag to 2025-07-11 00:00:00+00:00, run_after=2025-07-12 00:00:00+00:00
[2025-07-12T01:36:48.530+0000] {processor.py:183} INFO - Processing /home/airflow/.local/lib/python3.8/site-packages/airflow/example_dags/example_nested_branch_dag.py took 0.291 seconds
[2025-07-12T01:37:19.112+0000] {processor.py:161} INFO - Started process (PID=320) to work on /home/airflow/.local/lib/python3.8/site-packages/airflow/example_dags/example_nested_branch_dag.py
[2025-07-12T01:37:19.113+0000] {processor.py:830} INFO - Processing file /home/airflow/.local/lib/python3.8/site-packages/airflow/example_dags/example_nested_branch_dag.py for tasks to queue
[2025-07-12T01:37:19.116+0000] {logging_mixin.py:188} INFO - [2025-07-12T01:37:19.115+0000] {dagbag.py:538} INFO - Filling up the DagBag from /home/airflow/.local/lib/python3.8/site-packages/airflow/example_dags/example_nested_branch_dag.py
[2025-07-12T01:37:19.127+0000] {processor.py:840} INFO - DAG(s) 'example_nested_branch_dag' retrieved from /home/airflow/.local/lib/python3.8/site-packages/airflow/example_dags/example_nested_branch_dag.py
[2025-07-12T01:37:19.148+0000] {logging_mixin.py:188} INFO - [2025-07-12T01:37:19.148+0000] {dag.py:3036} INFO - Sync 1 DAGs
[2025-07-12T01:37:19.173+0000] {logging_mixin.py:188} INFO - [2025-07-12T01:37:19.172+0000] {dag.py:3823} INFO - Setting next_dagrun for example_nested_branch_dag to 2025-07-11 00:00:00+00:00, run_after=2025-07-12 00:00:00+00:00
[2025-07-12T01:37:19.198+0000] {processor.py:183} INFO - Processing /home/airflow/.local/lib/python3.8/site-packages/airflow/example_dags/example_nested_branch_dag.py took 0.090 seconds
[2025-07-12T01:38:36.511+0000] {processor.py:161} INFO - Started process (PID=96) to work on /home/airflow/.local/lib/python3.8/site-packages/airflow/example_dags/example_nested_branch_dag.py
[2025-07-12T01:38:36.512+0000] {processor.py:830} INFO - Processing file /home/airflow/.local/lib/python3.8/site-packages/airflow/example_dags/example_nested_branch_dag.py for tasks to queue
[2025-07-12T01:38:36.514+0000] {logging_mixin.py:188} INFO - [2025-07-12T01:38:36.514+0000] {dagbag.py:538} INFO - Filling up the DagBag from /home/airflow/.local/lib/python3.8/site-packages/airflow/example_dags/example_nested_branch_dag.py
[2025-07-12T01:38:36.527+0000] {processor.py:840} INFO - DAG(s) 'example_nested_branch_dag' retrieved from /home/airflow/.local/lib/python3.8/site-packages/airflow/example_dags/example_nested_branch_dag.py
[2025-07-12T01:38:36.628+0000] {logging_mixin.py:188} INFO - [2025-07-12T01:38:36.627+0000] {override.py:1769} INFO - Created Permission View: can edit on DAG:example_nested_branch_dag
[2025-07-12T01:38:36.644+0000] {logging_mixin.py:188} INFO - [2025-07-12T01:38:36.643+0000] {override.py:1769} INFO - Created Permission View: can delete on DAG:example_nested_branch_dag
[2025-07-12T01:38:36.658+0000] {logging_mixin.py:188} INFO - [2025-07-12T01:38:36.658+0000] {override.py:1769} INFO - Created Permission View: can read on DAG:example_nested_branch_dag
[2025-07-12T01:38:36.659+0000] {logging_mixin.py:188} INFO - [2025-07-12T01:38:36.659+0000] {dag.py:3036} INFO - Sync 1 DAGs
[2025-07-12T01:38:36.671+0000] {logging_mixin.py:188} INFO - [2025-07-12T01:38:36.670+0000] {dag.py:3058} INFO - Creating ORM DAG for example_nested_branch_dag
[2025-07-12T01:38:36.684+0000] {logging_mixin.py:188} INFO - [2025-07-12T01:38:36.683+0000] {dag.py:3823} INFO - Setting next_dagrun for example_nested_branch_dag to 2025-07-11 00:00:00+00:00, run_after=2025-07-12 00:00:00+00:00
[2025-07-12T01:38:36.709+0000] {processor.py:183} INFO - Processing /home/airflow/.local/lib/python3.8/site-packages/airflow/example_dags/example_nested_branch_dag.py took 0.201 seconds
[2025-07-12T01:39:06.958+0000] {processor.py:161} INFO - Started process (PID=152) to work on /home/airflow/.local/lib/python3.8/site-packages/airflow/example_dags/example_nested_branch_dag.py
[2025-07-12T01:39:06.959+0000] {processor.py:830} INFO - Processing file /home/airflow/.local/lib/python3.8/site-packages/airflow/example_dags/example_nested_branch_dag.py for tasks to queue
[2025-07-12T01:39:06.962+0000] {logging_mixin.py:188} INFO - [2025-07-12T01:39:06.961+0000] {dagbag.py:538} INFO - Filling up the DagBag from /home/airflow/.local/lib/python3.8/site-packages/airflow/example_dags/example_nested_branch_dag.py
[2025-07-12T01:39:06.973+0000] {processor.py:840} INFO - DAG(s) 'example_nested_branch_dag' retrieved from /home/airflow/.local/lib/python3.8/site-packages/airflow/example_dags/example_nested_branch_dag.py
[2025-07-12T01:39:07.000+0000] {logging_mixin.py:188} INFO - [2025-07-12T01:39:06.999+0000] {dag.py:3036} INFO - Sync 1 DAGs
[2025-07-12T01:39:07.024+0000] {logging_mixin.py:188} INFO - [2025-07-12T01:39:07.024+0000] {dag.py:3823} INFO - Setting next_dagrun for example_nested_branch_dag to 2025-07-11 00:00:00+00:00, run_after=2025-07-12 00:00:00+00:00
[2025-07-12T01:39:07.053+0000] {processor.py:183} INFO - Processing /home/airflow/.local/lib/python3.8/site-packages/airflow/example_dags/example_nested_branch_dag.py took 0.099 seconds
[2025-07-12T01:39:37.874+0000] {processor.py:161} INFO - Started process (PID=208) to work on /home/airflow/.local/lib/python3.8/site-packages/airflow/example_dags/example_nested_branch_dag.py
[2025-07-12T01:39:37.875+0000] {processor.py:830} INFO - Processing file /home/airflow/.local/lib/python3.8/site-packages/airflow/example_dags/example_nested_branch_dag.py for tasks to queue
[2025-07-12T01:39:37.878+0000] {logging_mixin.py:188} INFO - [2025-07-12T01:39:37.877+0000] {dagbag.py:538} INFO - Filling up the DagBag from /home/airflow/.local/lib/python3.8/site-packages/airflow/example_dags/example_nested_branch_dag.py
[2025-07-12T01:39:37.889+0000] {processor.py:840} INFO - DAG(s) 'example_nested_branch_dag' retrieved from /home/airflow/.local/lib/python3.8/site-packages/airflow/example_dags/example_nested_branch_dag.py
[2025-07-12T01:39:37.912+0000] {logging_mixin.py:188} INFO - [2025-07-12T01:39:37.911+0000] {dag.py:3036} INFO - Sync 1 DAGs
[2025-07-12T01:39:37.934+0000] {logging_mixin.py:188} INFO - [2025-07-12T01:39:37.933+0000] {dag.py:3823} INFO - Setting next_dagrun for example_nested_branch_dag to 2025-07-11 00:00:00+00:00, run_after=2025-07-12 00:00:00+00:00
[2025-07-12T01:39:37.958+0000] {processor.py:183} INFO - Processing /home/airflow/.local/lib/python3.8/site-packages/airflow/example_dags/example_nested_branch_dag.py took 0.088 seconds
[2025-07-12T01:40:08.957+0000] {processor.py:161} INFO - Started process (PID=265) to work on /home/airflow/.local/lib/python3.8/site-packages/airflow/example_dags/example_nested_branch_dag.py
[2025-07-12T01:40:08.959+0000] {processor.py:830} INFO - Processing file /home/airflow/.local/lib/python3.8/site-packages/airflow/example_dags/example_nested_branch_dag.py for tasks to queue
[2025-07-12T01:40:08.961+0000] {logging_mixin.py:188} INFO - [2025-07-12T01:40:08.961+0000] {dagbag.py:538} INFO - Filling up the DagBag from /home/airflow/.local/lib/python3.8/site-packages/airflow/example_dags/example_nested_branch_dag.py
[2025-07-12T01:40:08.972+0000] {processor.py:840} INFO - DAG(s) 'example_nested_branch_dag' retrieved from /home/airflow/.local/lib/python3.8/site-packages/airflow/example_dags/example_nested_branch_dag.py
[2025-07-12T01:40:08.995+0000] {logging_mixin.py:188} INFO - [2025-07-12T01:40:08.994+0000] {dag.py:3036} INFO - Sync 1 DAGs
[2025-07-12T01:40:09.018+0000] {logging_mixin.py:188} INFO - [2025-07-12T01:40:09.018+0000] {dag.py:3823} INFO - Setting next_dagrun for example_nested_branch_dag to 2025-07-11 00:00:00+00:00, run_after=2025-07-12 00:00:00+00:00
[2025-07-12T01:40:09.043+0000] {processor.py:183} INFO - Processing /home/airflow/.local/lib/python3.8/site-packages/airflow/example_dags/example_nested_branch_dag.py took 0.090 seconds
[2025-07-12T01:40:39.152+0000] {processor.py:161} INFO - Started process (PID=321) to work on /home/airflow/.local/lib/python3.8/site-packages/airflow/example_dags/example_nested_branch_dag.py
[2025-07-12T01:40:39.154+0000] {processor.py:830} INFO - Processing file /home/airflow/.local/lib/python3.8/site-packages/airflow/example_dags/example_nested_branch_dag.py for tasks to queue
[2025-07-12T01:40:39.158+0000] {logging_mixin.py:188} INFO - [2025-07-12T01:40:39.158+0000] {dagbag.py:538} INFO - Filling up the DagBag from /home/airflow/.local/lib/python3.8/site-packages/airflow/example_dags/example_nested_branch_dag.py
[2025-07-12T01:40:39.175+0000] {processor.py:840} INFO - DAG(s) 'example_nested_branch_dag' retrieved from /home/airflow/.local/lib/python3.8/site-packages/airflow/example_dags/example_nested_branch_dag.py
[2025-07-12T01:40:39.203+0000] {logging_mixin.py:188} INFO - [2025-07-12T01:40:39.202+0000] {dag.py:3036} INFO - Sync 1 DAGs
[2025-07-12T01:40:39.228+0000] {logging_mixin.py:188} INFO - [2025-07-12T01:40:39.227+0000] {dag.py:3823} INFO - Setting next_dagrun for example_nested_branch_dag to 2025-07-11 00:00:00+00:00, run_after=2025-07-12 00:00:00+00:00
[2025-07-12T01:40:39.254+0000] {processor.py:183} INFO - Processing /home/airflow/.local/lib/python3.8/site-packages/airflow/example_dags/example_nested_branch_dag.py took 0.107 seconds
[2025-07-12T01:41:09.741+0000] {processor.py:161} INFO - Started process (PID=377) to work on /home/airflow/.local/lib/python3.8/site-packages/airflow/example_dags/example_nested_branch_dag.py
[2025-07-12T01:41:09.743+0000] {processor.py:830} INFO - Processing file /home/airflow/.local/lib/python3.8/site-packages/airflow/example_dags/example_nested_branch_dag.py for tasks to queue
[2025-07-12T01:41:09.745+0000] {logging_mixin.py:188} INFO - [2025-07-12T01:41:09.745+0000] {dagbag.py:538} INFO - Filling up the DagBag from /home/airflow/.local/lib/python3.8/site-packages/airflow/example_dags/example_nested_branch_dag.py
[2025-07-12T01:41:09.755+0000] {processor.py:840} INFO - DAG(s) 'example_nested_branch_dag' retrieved from /home/airflow/.local/lib/python3.8/site-packages/airflow/example_dags/example_nested_branch_dag.py
[2025-07-12T01:41:09.778+0000] {logging_mixin.py:188} INFO - [2025-07-12T01:41:09.777+0000] {dag.py:3036} INFO - Sync 1 DAGs
[2025-07-12T01:41:09.800+0000] {logging_mixin.py:188} INFO - [2025-07-12T01:41:09.800+0000] {dag.py:3823} INFO - Setting next_dagrun for example_nested_branch_dag to 2025-07-11 00:00:00+00:00, run_after=2025-07-12 00:00:00+00:00
[2025-07-12T01:41:09.828+0000] {processor.py:183} INFO - Processing /home/airflow/.local/lib/python3.8/site-packages/airflow/example_dags/example_nested_branch_dag.py took 0.091 seconds
[2025-07-12T01:41:40.204+0000] {processor.py:161} INFO - Started process (PID=433) to work on /home/airflow/.local/lib/python3.8/site-packages/airflow/example_dags/example_nested_branch_dag.py
[2025-07-12T01:41:40.206+0000] {processor.py:830} INFO - Processing file /home/airflow/.local/lib/python3.8/site-packages/airflow/example_dags/example_nested_branch_dag.py for tasks to queue
[2025-07-12T01:41:40.210+0000] {logging_mixin.py:188} INFO - [2025-07-12T01:41:40.210+0000] {dagbag.py:538} INFO - Filling up the DagBag from /home/airflow/.local/lib/python3.8/site-packages/airflow/example_dags/example_nested_branch_dag.py
[2025-07-12T01:41:40.226+0000] {processor.py:840} INFO - DAG(s) 'example_nested_branch_dag' retrieved from /home/airflow/.local/lib/python3.8/site-packages/airflow/example_dags/example_nested_branch_dag.py
[2025-07-12T01:41:40.252+0000] {logging_mixin.py:188} INFO - [2025-07-12T01:41:40.251+0000] {dag.py:3036} INFO - Sync 1 DAGs
[2025-07-12T01:41:40.274+0000] {logging_mixin.py:188} INFO - [2025-07-12T01:41:40.273+0000] {dag.py:3823} INFO - Setting next_dagrun for example_nested_branch_dag to 2025-07-11 00:00:00+00:00, run_after=2025-07-12 00:00:00+00:00
[2025-07-12T01:41:40.299+0000] {processor.py:183} INFO - Processing /home/airflow/.local/lib/python3.8/site-packages/airflow/example_dags/example_nested_branch_dag.py took 0.100 seconds
[2025-07-12T01:42:11.422+0000] {processor.py:161} INFO - Started process (PID=489) to work on /home/airflow/.local/lib/python3.8/site-packages/airflow/example_dags/example_nested_branch_dag.py
[2025-07-12T01:42:11.424+0000] {processor.py:830} INFO - Processing file /home/airflow/.local/lib/python3.8/site-packages/airflow/example_dags/example_nested_branch_dag.py for tasks to queue
[2025-07-12T01:42:11.427+0000] {logging_mixin.py:188} INFO - [2025-07-12T01:42:11.427+0000] {dagbag.py:538} INFO - Filling up the DagBag from /home/airflow/.local/lib/python3.8/site-packages/airflow/example_dags/example_nested_branch_dag.py
[2025-07-12T01:42:11.438+0000] {processor.py:840} INFO - DAG(s) 'example_nested_branch_dag' retrieved from /home/airflow/.local/lib/python3.8/site-packages/airflow/example_dags/example_nested_branch_dag.py
[2025-07-12T01:42:11.463+0000] {logging_mixin.py:188} INFO - [2025-07-12T01:42:11.463+0000] {dag.py:3036} INFO - Sync 1 DAGs
[2025-07-12T01:42:11.486+0000] {logging_mixin.py:188} INFO - [2025-07-12T01:42:11.486+0000] {dag.py:3823} INFO - Setting next_dagrun for example_nested_branch_dag to 2025-07-11 00:00:00+00:00, run_after=2025-07-12 00:00:00+00:00
[2025-07-12T01:42:11.511+0000] {processor.py:183} INFO - Processing /home/airflow/.local/lib/python3.8/site-packages/airflow/example_dags/example_nested_branch_dag.py took 0.096 seconds
[2025-07-12T01:42:42.465+0000] {processor.py:161} INFO - Started process (PID=545) to work on /home/airflow/.local/lib/python3.8/site-packages/airflow/example_dags/example_nested_branch_dag.py
[2025-07-12T01:42:42.468+0000] {processor.py:830} INFO - Processing file /home/airflow/.local/lib/python3.8/site-packages/airflow/example_dags/example_nested_branch_dag.py for tasks to queue
[2025-07-12T01:42:42.471+0000] {logging_mixin.py:188} INFO - [2025-07-12T01:42:42.471+0000] {dagbag.py:538} INFO - Filling up the DagBag from /home/airflow/.local/lib/python3.8/site-packages/airflow/example_dags/example_nested_branch_dag.py
[2025-07-12T01:42:42.491+0000] {processor.py:840} INFO - DAG(s) 'example_nested_branch_dag' retrieved from /home/airflow/.local/lib/python3.8/site-packages/airflow/example_dags/example_nested_branch_dag.py
[2025-07-12T01:42:42.534+0000] {logging_mixin.py:188} INFO - [2025-07-12T01:42:42.534+0000] {dag.py:3036} INFO - Sync 1 DAGs
[2025-07-12T01:42:42.577+0000] {logging_mixin.py:188} INFO - [2025-07-12T01:42:42.577+0000] {dag.py:3823} INFO - Setting next_dagrun for example_nested_branch_dag to 2025-07-11 00:00:00+00:00, run_after=2025-07-12 00:00:00+00:00
[2025-07-12T01:42:42.625+0000] {processor.py:183} INFO - Processing /home/airflow/.local/lib/python3.8/site-packages/airflow/example_dags/example_nested_branch_dag.py took 0.166 seconds
[2025-07-12T01:43:12.723+0000] {processor.py:161} INFO - Started process (PID=601) to work on /home/airflow/.local/lib/python3.8/site-packages/airflow/example_dags/example_nested_branch_dag.py
[2025-07-12T01:43:12.724+0000] {processor.py:830} INFO - Processing file /home/airflow/.local/lib/python3.8/site-packages/airflow/example_dags/example_nested_branch_dag.py for tasks to queue
[2025-07-12T01:43:12.727+0000] {logging_mixin.py:188} INFO - [2025-07-12T01:43:12.726+0000] {dagbag.py:538} INFO - Filling up the DagBag from /home/airflow/.local/lib/python3.8/site-packages/airflow/example_dags/example_nested_branch_dag.py
[2025-07-12T01:43:12.739+0000] {processor.py:840} INFO - DAG(s) 'example_nested_branch_dag' retrieved from /home/airflow/.local/lib/python3.8/site-packages/airflow/example_dags/example_nested_branch_dag.py
[2025-07-12T01:43:12.767+0000] {logging_mixin.py:188} INFO - [2025-07-12T01:43:12.766+0000] {dag.py:3036} INFO - Sync 1 DAGs
[2025-07-12T01:43:12.794+0000] {logging_mixin.py:188} INFO - [2025-07-12T01:43:12.794+0000] {dag.py:3823} INFO - Setting next_dagrun for example_nested_branch_dag to 2025-07-11 00:00:00+00:00, run_after=2025-07-12 00:00:00+00:00
[2025-07-12T01:43:12.827+0000] {processor.py:183} INFO - Processing /home/airflow/.local/lib/python3.8/site-packages/airflow/example_dags/example_nested_branch_dag.py took 0.109 seconds
[2025-07-12T01:43:43.114+0000] {processor.py:161} INFO - Started process (PID=657) to work on /home/airflow/.local/lib/python3.8/site-packages/airflow/example_dags/example_nested_branch_dag.py
[2025-07-12T01:43:43.115+0000] {processor.py:830} INFO - Processing file /home/airflow/.local/lib/python3.8/site-packages/airflow/example_dags/example_nested_branch_dag.py for tasks to queue
[2025-07-12T01:43:43.119+0000] {logging_mixin.py:188} INFO - [2025-07-12T01:43:43.118+0000] {dagbag.py:538} INFO - Filling up the DagBag from /home/airflow/.local/lib/python3.8/site-packages/airflow/example_dags/example_nested_branch_dag.py
[2025-07-12T01:43:43.140+0000] {processor.py:840} INFO - DAG(s) 'example_nested_branch_dag' retrieved from /home/airflow/.local/lib/python3.8/site-packages/airflow/example_dags/example_nested_branch_dag.py
[2025-07-12T01:43:43.168+0000] {logging_mixin.py:188} INFO - [2025-07-12T01:43:43.168+0000] {dag.py:3036} INFO - Sync 1 DAGs
[2025-07-12T01:43:43.203+0000] {logging_mixin.py:188} INFO - [2025-07-12T01:43:43.203+0000] {dag.py:3823} INFO - Setting next_dagrun for example_nested_branch_dag to 2025-07-11 00:00:00+00:00, run_after=2025-07-12 00:00:00+00:00
[2025-07-12T01:43:43.251+0000] {processor.py:183} INFO - Processing /home/airflow/.local/lib/python3.8/site-packages/airflow/example_dags/example_nested_branch_dag.py took 0.142 seconds
[2025-07-12T01:44:13.839+0000] {processor.py:161} INFO - Started process (PID=713) to work on /home/airflow/.local/lib/python3.8/site-packages/airflow/example_dags/example_nested_branch_dag.py
[2025-07-12T01:44:13.841+0000] {processor.py:830} INFO - Processing file /home/airflow/.local/lib/python3.8/site-packages/airflow/example_dags/example_nested_branch_dag.py for tasks to queue
[2025-07-12T01:44:13.844+0000] {logging_mixin.py:188} INFO - [2025-07-12T01:44:13.843+0000] {dagbag.py:538} INFO - Filling up the DagBag from /home/airflow/.local/lib/python3.8/site-packages/airflow/example_dags/example_nested_branch_dag.py
[2025-07-12T01:44:13.859+0000] {processor.py:840} INFO - DAG(s) 'example_nested_branch_dag' retrieved from /home/airflow/.local/lib/python3.8/site-packages/airflow/example_dags/example_nested_branch_dag.py
[2025-07-12T01:44:13.890+0000] {logging_mixin.py:188} INFO - [2025-07-12T01:44:13.890+0000] {dag.py:3036} INFO - Sync 1 DAGs
[2025-07-12T01:44:13.919+0000] {logging_mixin.py:188} INFO - [2025-07-12T01:44:13.919+0000] {dag.py:3823} INFO - Setting next_dagrun for example_nested_branch_dag to 2025-07-11 00:00:00+00:00, run_after=2025-07-12 00:00:00+00:00
[2025-07-12T01:44:13.958+0000] {processor.py:183} INFO - Processing /home/airflow/.local/lib/python3.8/site-packages/airflow/example_dags/example_nested_branch_dag.py took 0.123 seconds
[2025-07-12T01:44:44.843+0000] {processor.py:161} INFO - Started process (PID=769) to work on /home/airflow/.local/lib/python3.8/site-packages/airflow/example_dags/example_nested_branch_dag.py
[2025-07-12T01:44:44.846+0000] {processor.py:830} INFO - Processing file /home/airflow/.local/lib/python3.8/site-packages/airflow/example_dags/example_nested_branch_dag.py for tasks to queue
[2025-07-12T01:44:44.850+0000] {logging_mixin.py:188} INFO - [2025-07-12T01:44:44.849+0000] {dagbag.py:538} INFO - Filling up the DagBag from /home/airflow/.local/lib/python3.8/site-packages/airflow/example_dags/example_nested_branch_dag.py
[2025-07-12T01:44:44.867+0000] {processor.py:840} INFO - DAG(s) 'example_nested_branch_dag' retrieved from /home/airflow/.local/lib/python3.8/site-packages/airflow/example_dags/example_nested_branch_dag.py
[2025-07-12T01:44:44.901+0000] {logging_mixin.py:188} INFO - [2025-07-12T01:44:44.900+0000] {dag.py:3036} INFO - Sync 1 DAGs
[2025-07-12T01:44:44.932+0000] {logging_mixin.py:188} INFO - [2025-07-12T01:44:44.931+0000] {dag.py:3823} INFO - Setting next_dagrun for example_nested_branch_dag to 2025-07-11 00:00:00+00:00, run_after=2025-07-12 00:00:00+00:00
[2025-07-12T01:44:44.966+0000] {processor.py:183} INFO - Processing /home/airflow/.local/lib/python3.8/site-packages/airflow/example_dags/example_nested_branch_dag.py took 0.130 seconds
[2025-07-12T01:45:15.662+0000] {processor.py:161} INFO - Started process (PID=825) to work on /home/airflow/.local/lib/python3.8/site-packages/airflow/example_dags/example_nested_branch_dag.py
[2025-07-12T01:45:15.663+0000] {processor.py:830} INFO - Processing file /home/airflow/.local/lib/python3.8/site-packages/airflow/example_dags/example_nested_branch_dag.py for tasks to queue
[2025-07-12T01:45:15.666+0000] {logging_mixin.py:188} INFO - [2025-07-12T01:45:15.666+0000] {dagbag.py:538} INFO - Filling up the DagBag from /home/airflow/.local/lib/python3.8/site-packages/airflow/example_dags/example_nested_branch_dag.py
[2025-07-12T01:45:15.679+0000] {processor.py:840} INFO - DAG(s) 'example_nested_branch_dag' retrieved from /home/airflow/.local/lib/python3.8/site-packages/airflow/example_dags/example_nested_branch_dag.py
[2025-07-12T01:45:15.709+0000] {logging_mixin.py:188} INFO - [2025-07-12T01:45:15.708+0000] {dag.py:3036} INFO - Sync 1 DAGs
[2025-07-12T01:45:15.736+0000] {logging_mixin.py:188} INFO - [2025-07-12T01:45:15.736+0000] {dag.py:3823} INFO - Setting next_dagrun for example_nested_branch_dag to 2025-07-11 00:00:00+00:00, run_after=2025-07-12 00:00:00+00:00
[2025-07-12T01:45:15.765+0000] {processor.py:183} INFO - Processing /home/airflow/.local/lib/python3.8/site-packages/airflow/example_dags/example_nested_branch_dag.py took 0.107 seconds
[2025-07-12T01:45:47.275+0000] {processor.py:161} INFO - Started process (PID=881) to work on /home/airflow/.local/lib/python3.8/site-packages/airflow/example_dags/example_nested_branch_dag.py
[2025-07-12T01:45:47.277+0000] {processor.py:830} INFO - Processing file /home/airflow/.local/lib/python3.8/site-packages/airflow/example_dags/example_nested_branch_dag.py for tasks to queue
[2025-07-12T01:45:47.282+0000] {logging_mixin.py:188} INFO - [2025-07-12T01:45:47.281+0000] {dagbag.py:538} INFO - Filling up the DagBag from /home/airflow/.local/lib/python3.8/site-packages/airflow/example_dags/example_nested_branch_dag.py
[2025-07-12T01:45:47.297+0000] {processor.py:840} INFO - DAG(s) 'example_nested_branch_dag' retrieved from /home/airflow/.local/lib/python3.8/site-packages/airflow/example_dags/example_nested_branch_dag.py
[2025-07-12T01:45:47.329+0000] {logging_mixin.py:188} INFO - [2025-07-12T01:45:47.328+0000] {dag.py:3036} INFO - Sync 1 DAGs
[2025-07-12T01:45:47.360+0000] {logging_mixin.py:188} INFO - [2025-07-12T01:45:47.360+0000] {dag.py:3823} INFO - Setting next_dagrun for example_nested_branch_dag to 2025-07-11 00:00:00+00:00, run_after=2025-07-12 00:00:00+00:00
[2025-07-12T01:45:47.392+0000] {processor.py:183} INFO - Processing /home/airflow/.local/lib/python3.8/site-packages/airflow/example_dags/example_nested_branch_dag.py took 0.121 seconds
[2025-07-12T01:46:18.562+0000] {processor.py:161} INFO - Started process (PID=937) to work on /home/airflow/.local/lib/python3.8/site-packages/airflow/example_dags/example_nested_branch_dag.py
[2025-07-12T01:46:18.569+0000] {processor.py:830} INFO - Processing file /home/airflow/.local/lib/python3.8/site-packages/airflow/example_dags/example_nested_branch_dag.py for tasks to queue
[2025-07-12T01:46:18.576+0000] {logging_mixin.py:188} INFO - [2025-07-12T01:46:18.575+0000] {dagbag.py:538} INFO - Filling up the DagBag from /home/airflow/.local/lib/python3.8/site-packages/airflow/example_dags/example_nested_branch_dag.py
[2025-07-12T01:46:18.598+0000] {processor.py:840} INFO - DAG(s) 'example_nested_branch_dag' retrieved from /home/airflow/.local/lib/python3.8/site-packages/airflow/example_dags/example_nested_branch_dag.py
[2025-07-12T01:46:18.632+0000] {logging_mixin.py:188} INFO - [2025-07-12T01:46:18.632+0000] {dag.py:3036} INFO - Sync 1 DAGs
[2025-07-12T01:46:18.668+0000] {logging_mixin.py:188} INFO - [2025-07-12T01:46:18.668+0000] {dag.py:3823} INFO - Setting next_dagrun for example_nested_branch_dag to 2025-07-11 00:00:00+00:00, run_after=2025-07-12 00:00:00+00:00
[2025-07-12T01:46:18.708+0000] {processor.py:183} INFO - Processing /home/airflow/.local/lib/python3.8/site-packages/airflow/example_dags/example_nested_branch_dag.py took 0.151 seconds
[2025-07-12T01:46:49.762+0000] {processor.py:161} INFO - Started process (PID=993) to work on /home/airflow/.local/lib/python3.8/site-packages/airflow/example_dags/example_nested_branch_dag.py
[2025-07-12T01:46:49.763+0000] {processor.py:830} INFO - Processing file /home/airflow/.local/lib/python3.8/site-packages/airflow/example_dags/example_nested_branch_dag.py for tasks to queue
[2025-07-12T01:46:49.768+0000] {logging_mixin.py:188} INFO - [2025-07-12T01:46:49.767+0000] {dagbag.py:538} INFO - Filling up the DagBag from /home/airflow/.local/lib/python3.8/site-packages/airflow/example_dags/example_nested_branch_dag.py
[2025-07-12T01:46:49.784+0000] {processor.py:840} INFO - DAG(s) 'example_nested_branch_dag' retrieved from /home/airflow/.local/lib/python3.8/site-packages/airflow/example_dags/example_nested_branch_dag.py
[2025-07-12T01:46:49.820+0000] {logging_mixin.py:188} INFO - [2025-07-12T01:46:49.820+0000] {dag.py:3036} INFO - Sync 1 DAGs
[2025-07-12T01:46:49.852+0000] {logging_mixin.py:188} INFO - [2025-07-12T01:46:49.852+0000] {dag.py:3823} INFO - Setting next_dagrun for example_nested_branch_dag to 2025-07-11 00:00:00+00:00, run_after=2025-07-12 00:00:00+00:00
[2025-07-12T01:46:49.888+0000] {processor.py:183} INFO - Processing /home/airflow/.local/lib/python3.8/site-packages/airflow/example_dags/example_nested_branch_dag.py took 0.130 seconds
[2025-07-12T01:47:20.155+0000] {processor.py:161} INFO - Started process (PID=1048) to work on /home/airflow/.local/lib/python3.8/site-packages/airflow/example_dags/example_nested_branch_dag.py
[2025-07-12T01:47:20.156+0000] {processor.py:830} INFO - Processing file /home/airflow/.local/lib/python3.8/site-packages/airflow/example_dags/example_nested_branch_dag.py for tasks to queue
[2025-07-12T01:47:20.159+0000] {logging_mixin.py:188} INFO - [2025-07-12T01:47:20.159+0000] {dagbag.py:538} INFO - Filling up the DagBag from /home/airflow/.local/lib/python3.8/site-packages/airflow/example_dags/example_nested_branch_dag.py
[2025-07-12T01:47:20.172+0000] {processor.py:840} INFO - DAG(s) 'example_nested_branch_dag' retrieved from /home/airflow/.local/lib/python3.8/site-packages/airflow/example_dags/example_nested_branch_dag.py
[2025-07-12T01:47:20.201+0000] {logging_mixin.py:188} INFO - [2025-07-12T01:47:20.200+0000] {dag.py:3036} INFO - Sync 1 DAGs
[2025-07-12T01:47:20.232+0000] {logging_mixin.py:188} INFO - [2025-07-12T01:47:20.232+0000] {dag.py:3823} INFO - Setting next_dagrun for example_nested_branch_dag to 2025-07-11 00:00:00+00:00, run_after=2025-07-12 00:00:00+00:00
[2025-07-12T01:47:20.261+0000] {processor.py:183} INFO - Processing /home/airflow/.local/lib/python3.8/site-packages/airflow/example_dags/example_nested_branch_dag.py took 0.111 seconds
[2025-07-12T01:47:50.478+0000] {processor.py:161} INFO - Started process (PID=1104) to work on /home/airflow/.local/lib/python3.8/site-packages/airflow/example_dags/example_nested_branch_dag.py
[2025-07-12T01:47:50.480+0000] {processor.py:830} INFO - Processing file /home/airflow/.local/lib/python3.8/site-packages/airflow/example_dags/example_nested_branch_dag.py for tasks to queue
[2025-07-12T01:47:50.484+0000] {logging_mixin.py:188} INFO - [2025-07-12T01:47:50.483+0000] {dagbag.py:538} INFO - Filling up the DagBag from /home/airflow/.local/lib/python3.8/site-packages/airflow/example_dags/example_nested_branch_dag.py
[2025-07-12T01:47:50.497+0000] {processor.py:840} INFO - DAG(s) 'example_nested_branch_dag' retrieved from /home/airflow/.local/lib/python3.8/site-packages/airflow/example_dags/example_nested_branch_dag.py
[2025-07-12T01:47:50.529+0000] {logging_mixin.py:188} INFO - [2025-07-12T01:47:50.528+0000] {dag.py:3036} INFO - Sync 1 DAGs
[2025-07-12T01:47:50.556+0000] {logging_mixin.py:188} INFO - [2025-07-12T01:47:50.556+0000] {dag.py:3823} INFO - Setting next_dagrun for example_nested_branch_dag to 2025-07-11 00:00:00+00:00, run_after=2025-07-12 00:00:00+00:00
[2025-07-12T01:47:50.581+0000] {processor.py:183} INFO - Processing /home/airflow/.local/lib/python3.8/site-packages/airflow/example_dags/example_nested_branch_dag.py took 0.107 seconds
[2025-07-12T01:48:20.869+0000] {processor.py:161} INFO - Started process (PID=1160) to work on /home/airflow/.local/lib/python3.8/site-packages/airflow/example_dags/example_nested_branch_dag.py
[2025-07-12T01:48:20.871+0000] {processor.py:830} INFO - Processing file /home/airflow/.local/lib/python3.8/site-packages/airflow/example_dags/example_nested_branch_dag.py for tasks to queue
[2025-07-12T01:48:20.875+0000] {logging_mixin.py:188} INFO - [2025-07-12T01:48:20.874+0000] {dagbag.py:538} INFO - Filling up the DagBag from /home/airflow/.local/lib/python3.8/site-packages/airflow/example_dags/example_nested_branch_dag.py
[2025-07-12T01:48:20.893+0000] {processor.py:840} INFO - DAG(s) 'example_nested_branch_dag' retrieved from /home/airflow/.local/lib/python3.8/site-packages/airflow/example_dags/example_nested_branch_dag.py
[2025-07-12T01:48:20.933+0000] {logging_mixin.py:188} INFO - [2025-07-12T01:48:20.933+0000] {dag.py:3036} INFO - Sync 1 DAGs
[2025-07-12T01:48:20.964+0000] {logging_mixin.py:188} INFO - [2025-07-12T01:48:20.964+0000] {dag.py:3823} INFO - Setting next_dagrun for example_nested_branch_dag to 2025-07-11 00:00:00+00:00, run_after=2025-07-12 00:00:00+00:00
[2025-07-12T01:48:20.994+0000] {processor.py:183} INFO - Processing /home/airflow/.local/lib/python3.8/site-packages/airflow/example_dags/example_nested_branch_dag.py took 0.131 seconds
[2025-07-12T01:48:51.663+0000] {processor.py:161} INFO - Started process (PID=1216) to work on /home/airflow/.local/lib/python3.8/site-packages/airflow/example_dags/example_nested_branch_dag.py
[2025-07-12T01:48:51.665+0000] {processor.py:830} INFO - Processing file /home/airflow/.local/lib/python3.8/site-packages/airflow/example_dags/example_nested_branch_dag.py for tasks to queue
[2025-07-12T01:48:51.668+0000] {logging_mixin.py:188} INFO - [2025-07-12T01:48:51.668+0000] {dagbag.py:538} INFO - Filling up the DagBag from /home/airflow/.local/lib/python3.8/site-packages/airflow/example_dags/example_nested_branch_dag.py
[2025-07-12T01:48:51.683+0000] {processor.py:840} INFO - DAG(s) 'example_nested_branch_dag' retrieved from /home/airflow/.local/lib/python3.8/site-packages/airflow/example_dags/example_nested_branch_dag.py
[2025-07-12T01:48:51.718+0000] {logging_mixin.py:188} INFO - [2025-07-12T01:48:51.718+0000] {dag.py:3036} INFO - Sync 1 DAGs
[2025-07-12T01:48:51.747+0000] {logging_mixin.py:188} INFO - [2025-07-12T01:48:51.746+0000] {dag.py:3823} INFO - Setting next_dagrun for example_nested_branch_dag to 2025-07-11 00:00:00+00:00, run_after=2025-07-12 00:00:00+00:00
[2025-07-12T01:48:51.782+0000] {processor.py:183} INFO - Processing /home/airflow/.local/lib/python3.8/site-packages/airflow/example_dags/example_nested_branch_dag.py took 0.125 seconds
[2025-07-12T01:49:22.053+0000] {processor.py:161} INFO - Started process (PID=1272) to work on /home/airflow/.local/lib/python3.8/site-packages/airflow/example_dags/example_nested_branch_dag.py
[2025-07-12T01:49:22.054+0000] {processor.py:830} INFO - Processing file /home/airflow/.local/lib/python3.8/site-packages/airflow/example_dags/example_nested_branch_dag.py for tasks to queue
[2025-07-12T01:49:22.057+0000] {logging_mixin.py:188} INFO - [2025-07-12T01:49:22.056+0000] {dagbag.py:538} INFO - Filling up the DagBag from /home/airflow/.local/lib/python3.8/site-packages/airflow/example_dags/example_nested_branch_dag.py
[2025-07-12T01:49:22.069+0000] {processor.py:840} INFO - DAG(s) 'example_nested_branch_dag' retrieved from /home/airflow/.local/lib/python3.8/site-packages/airflow/example_dags/example_nested_branch_dag.py
[2025-07-12T01:49:22.096+0000] {logging_mixin.py:188} INFO - [2025-07-12T01:49:22.096+0000] {dag.py:3036} INFO - Sync 1 DAGs
[2025-07-12T01:49:22.126+0000] {logging_mixin.py:188} INFO - [2025-07-12T01:49:22.126+0000] {dag.py:3823} INFO - Setting next_dagrun for example_nested_branch_dag to 2025-07-11 00:00:00+00:00, run_after=2025-07-12 00:00:00+00:00
[2025-07-12T01:49:22.154+0000] {processor.py:183} INFO - Processing /home/airflow/.local/lib/python3.8/site-packages/airflow/example_dags/example_nested_branch_dag.py took 0.106 seconds
[2025-07-12T01:49:52.312+0000] {processor.py:161} INFO - Started process (PID=1328) to work on /home/airflow/.local/lib/python3.8/site-packages/airflow/example_dags/example_nested_branch_dag.py
[2025-07-12T01:49:52.315+0000] {processor.py:830} INFO - Processing file /home/airflow/.local/lib/python3.8/site-packages/airflow/example_dags/example_nested_branch_dag.py for tasks to queue
[2025-07-12T01:49:52.318+0000] {logging_mixin.py:188} INFO - [2025-07-12T01:49:52.317+0000] {dagbag.py:538} INFO - Filling up the DagBag from /home/airflow/.local/lib/python3.8/site-packages/airflow/example_dags/example_nested_branch_dag.py
[2025-07-12T01:49:52.331+0000] {processor.py:840} INFO - DAG(s) 'example_nested_branch_dag' retrieved from /home/airflow/.local/lib/python3.8/site-packages/airflow/example_dags/example_nested_branch_dag.py
[2025-07-12T01:49:52.361+0000] {logging_mixin.py:188} INFO - [2025-07-12T01:49:52.361+0000] {dag.py:3036} INFO - Sync 1 DAGs
[2025-07-12T01:49:52.389+0000] {logging_mixin.py:188} INFO - [2025-07-12T01:49:52.389+0000] {dag.py:3823} INFO - Setting next_dagrun for example_nested_branch_dag to 2025-07-11 00:00:00+00:00, run_after=2025-07-12 00:00:00+00:00
[2025-07-12T01:49:52.418+0000] {processor.py:183} INFO - Processing /home/airflow/.local/lib/python3.8/site-packages/airflow/example_dags/example_nested_branch_dag.py took 0.110 seconds
[2025-07-12T01:50:22.729+0000] {processor.py:161} INFO - Started process (PID=1384) to work on /home/airflow/.local/lib/python3.8/site-packages/airflow/example_dags/example_nested_branch_dag.py
[2025-07-12T01:50:22.731+0000] {processor.py:830} INFO - Processing file /home/airflow/.local/lib/python3.8/site-packages/airflow/example_dags/example_nested_branch_dag.py for tasks to queue
[2025-07-12T01:50:22.734+0000] {logging_mixin.py:188} INFO - [2025-07-12T01:50:22.734+0000] {dagbag.py:538} INFO - Filling up the DagBag from /home/airflow/.local/lib/python3.8/site-packages/airflow/example_dags/example_nested_branch_dag.py
[2025-07-12T01:50:22.748+0000] {processor.py:840} INFO - DAG(s) 'example_nested_branch_dag' retrieved from /home/airflow/.local/lib/python3.8/site-packages/airflow/example_dags/example_nested_branch_dag.py
[2025-07-12T01:50:22.778+0000] {logging_mixin.py:188} INFO - [2025-07-12T01:50:22.778+0000] {dag.py:3036} INFO - Sync 1 DAGs
[2025-07-12T01:50:22.805+0000] {logging_mixin.py:188} INFO - [2025-07-12T01:50:22.805+0000] {dag.py:3823} INFO - Setting next_dagrun for example_nested_branch_dag to 2025-07-11 00:00:00+00:00, run_after=2025-07-12 00:00:00+00:00
[2025-07-12T01:50:22.834+0000] {processor.py:183} INFO - Processing /home/airflow/.local/lib/python3.8/site-packages/airflow/example_dags/example_nested_branch_dag.py took 0.111 seconds
[2025-07-12T01:50:53.298+0000] {processor.py:161} INFO - Started process (PID=1440) to work on /home/airflow/.local/lib/python3.8/site-packages/airflow/example_dags/example_nested_branch_dag.py
[2025-07-12T01:50:53.300+0000] {processor.py:830} INFO - Processing file /home/airflow/.local/lib/python3.8/site-packages/airflow/example_dags/example_nested_branch_dag.py for tasks to queue
[2025-07-12T01:50:53.302+0000] {logging_mixin.py:188} INFO - [2025-07-12T01:50:53.302+0000] {dagbag.py:538} INFO - Filling up the DagBag from /home/airflow/.local/lib/python3.8/site-packages/airflow/example_dags/example_nested_branch_dag.py
[2025-07-12T01:50:53.315+0000] {processor.py:840} INFO - DAG(s) 'example_nested_branch_dag' retrieved from /home/airflow/.local/lib/python3.8/site-packages/airflow/example_dags/example_nested_branch_dag.py
[2025-07-12T01:50:53.344+0000] {logging_mixin.py:188} INFO - [2025-07-12T01:50:53.344+0000] {dag.py:3036} INFO - Sync 1 DAGs
[2025-07-12T01:50:53.378+0000] {logging_mixin.py:188} INFO - [2025-07-12T01:50:53.377+0000] {dag.py:3823} INFO - Setting next_dagrun for example_nested_branch_dag to 2025-07-11 00:00:00+00:00, run_after=2025-07-12 00:00:00+00:00
[2025-07-12T01:50:53.415+0000] {processor.py:183} INFO - Processing /home/airflow/.local/lib/python3.8/site-packages/airflow/example_dags/example_nested_branch_dag.py took 0.121 seconds
[2025-07-12T01:51:23.496+0000] {processor.py:161} INFO - Started process (PID=1496) to work on /home/airflow/.local/lib/python3.8/site-packages/airflow/example_dags/example_nested_branch_dag.py
[2025-07-12T01:51:23.498+0000] {processor.py:830} INFO - Processing file /home/airflow/.local/lib/python3.8/site-packages/airflow/example_dags/example_nested_branch_dag.py for tasks to queue
[2025-07-12T01:51:23.500+0000] {logging_mixin.py:188} INFO - [2025-07-12T01:51:23.500+0000] {dagbag.py:538} INFO - Filling up the DagBag from /home/airflow/.local/lib/python3.8/site-packages/airflow/example_dags/example_nested_branch_dag.py
[2025-07-12T01:51:23.513+0000] {processor.py:840} INFO - DAG(s) 'example_nested_branch_dag' retrieved from /home/airflow/.local/lib/python3.8/site-packages/airflow/example_dags/example_nested_branch_dag.py
[2025-07-12T01:51:23.539+0000] {logging_mixin.py:188} INFO - [2025-07-12T01:51:23.539+0000] {dag.py:3036} INFO - Sync 1 DAGs
[2025-07-12T01:51:23.567+0000] {logging_mixin.py:188} INFO - [2025-07-12T01:51:23.566+0000] {dag.py:3823} INFO - Setting next_dagrun for example_nested_branch_dag to 2025-07-11 00:00:00+00:00, run_after=2025-07-12 00:00:00+00:00
[2025-07-12T01:51:23.604+0000] {processor.py:183} INFO - Processing /home/airflow/.local/lib/python3.8/site-packages/airflow/example_dags/example_nested_branch_dag.py took 0.112 seconds
[2025-07-12T01:51:54.564+0000] {processor.py:161} INFO - Started process (PID=1552) to work on /home/airflow/.local/lib/python3.8/site-packages/airflow/example_dags/example_nested_branch_dag.py
[2025-07-12T01:51:54.565+0000] {processor.py:830} INFO - Processing file /home/airflow/.local/lib/python3.8/site-packages/airflow/example_dags/example_nested_branch_dag.py for tasks to queue
[2025-07-12T01:51:54.569+0000] {logging_mixin.py:188} INFO - [2025-07-12T01:51:54.568+0000] {dagbag.py:538} INFO - Filling up the DagBag from /home/airflow/.local/lib/python3.8/site-packages/airflow/example_dags/example_nested_branch_dag.py
[2025-07-12T01:51:54.585+0000] {processor.py:840} INFO - DAG(s) 'example_nested_branch_dag' retrieved from /home/airflow/.local/lib/python3.8/site-packages/airflow/example_dags/example_nested_branch_dag.py
[2025-07-12T01:51:54.623+0000] {logging_mixin.py:188} INFO - [2025-07-12T01:51:54.623+0000] {dag.py:3036} INFO - Sync 1 DAGs
[2025-07-12T01:51:54.659+0000] {logging_mixin.py:188} INFO - [2025-07-12T01:51:54.659+0000] {dag.py:3823} INFO - Setting next_dagrun for example_nested_branch_dag to 2025-07-11 00:00:00+00:00, run_after=2025-07-12 00:00:00+00:00
[2025-07-12T01:51:54.697+0000] {processor.py:183} INFO - Processing /home/airflow/.local/lib/python3.8/site-packages/airflow/example_dags/example_nested_branch_dag.py took 0.137 seconds
[2025-07-12T01:52:24.953+0000] {processor.py:161} INFO - Started process (PID=1608) to work on /home/airflow/.local/lib/python3.8/site-packages/airflow/example_dags/example_nested_branch_dag.py
[2025-07-12T01:52:24.955+0000] {processor.py:830} INFO - Processing file /home/airflow/.local/lib/python3.8/site-packages/airflow/example_dags/example_nested_branch_dag.py for tasks to queue
[2025-07-12T01:52:24.958+0000] {logging_mixin.py:188} INFO - [2025-07-12T01:52:24.957+0000] {dagbag.py:538} INFO - Filling up the DagBag from /home/airflow/.local/lib/python3.8/site-packages/airflow/example_dags/example_nested_branch_dag.py
[2025-07-12T01:52:24.972+0000] {processor.py:840} INFO - DAG(s) 'example_nested_branch_dag' retrieved from /home/airflow/.local/lib/python3.8/site-packages/airflow/example_dags/example_nested_branch_dag.py
[2025-07-12T01:52:25.000+0000] {logging_mixin.py:188} INFO - [2025-07-12T01:52:24.999+0000] {dag.py:3036} INFO - Sync 1 DAGs
[2025-07-12T01:52:25.034+0000] {logging_mixin.py:188} INFO - [2025-07-12T01:52:25.033+0000] {dag.py:3823} INFO - Setting next_dagrun for example_nested_branch_dag to 2025-07-11 00:00:00+00:00, run_after=2025-07-12 00:00:00+00:00
[2025-07-12T01:52:25.061+0000] {processor.py:183} INFO - Processing /home/airflow/.local/lib/python3.8/site-packages/airflow/example_dags/example_nested_branch_dag.py took 0.112 seconds
[2025-07-12T01:52:55.564+0000] {processor.py:161} INFO - Started process (PID=1664) to work on /home/airflow/.local/lib/python3.8/site-packages/airflow/example_dags/example_nested_branch_dag.py
[2025-07-12T01:52:55.566+0000] {processor.py:830} INFO - Processing file /home/airflow/.local/lib/python3.8/site-packages/airflow/example_dags/example_nested_branch_dag.py for tasks to queue
[2025-07-12T01:52:55.570+0000] {logging_mixin.py:188} INFO - [2025-07-12T01:52:55.569+0000] {dagbag.py:538} INFO - Filling up the DagBag from /home/airflow/.local/lib/python3.8/site-packages/airflow/example_dags/example_nested_branch_dag.py
[2025-07-12T01:52:55.584+0000] {processor.py:840} INFO - DAG(s) 'example_nested_branch_dag' retrieved from /home/airflow/.local/lib/python3.8/site-packages/airflow/example_dags/example_nested_branch_dag.py
[2025-07-12T01:52:55.611+0000] {logging_mixin.py:188} INFO - [2025-07-12T01:52:55.611+0000] {dag.py:3036} INFO - Sync 1 DAGs
[2025-07-12T01:52:55.642+0000] {logging_mixin.py:188} INFO - [2025-07-12T01:52:55.642+0000] {dag.py:3823} INFO - Setting next_dagrun for example_nested_branch_dag to 2025-07-11 00:00:00+00:00, run_after=2025-07-12 00:00:00+00:00
[2025-07-12T01:52:55.677+0000] {processor.py:183} INFO - Processing /home/airflow/.local/lib/python3.8/site-packages/airflow/example_dags/example_nested_branch_dag.py took 0.118 seconds
[2025-07-12T01:54:18.777+0000] {processor.py:161} INFO - Started process (PID=97) to work on /home/airflow/.local/lib/python3.8/site-packages/airflow/example_dags/example_nested_branch_dag.py
[2025-07-12T01:54:18.779+0000] {processor.py:830} INFO - Processing file /home/airflow/.local/lib/python3.8/site-packages/airflow/example_dags/example_nested_branch_dag.py for tasks to queue
[2025-07-12T01:54:18.783+0000] {logging_mixin.py:188} INFO - [2025-07-12T01:54:18.782+0000] {dagbag.py:538} INFO - Filling up the DagBag from /home/airflow/.local/lib/python3.8/site-packages/airflow/example_dags/example_nested_branch_dag.py
[2025-07-12T01:54:18.802+0000] {processor.py:840} INFO - DAG(s) 'example_nested_branch_dag' retrieved from /home/airflow/.local/lib/python3.8/site-packages/airflow/example_dags/example_nested_branch_dag.py
[2025-07-12T01:54:18.959+0000] {logging_mixin.py:188} INFO - [2025-07-12T01:54:18.958+0000] {override.py:1769} INFO - Created Permission View: can read on DAG:example_nested_branch_dag
[2025-07-12T01:54:18.975+0000] {logging_mixin.py:188} INFO - [2025-07-12T01:54:18.974+0000] {override.py:1769} INFO - Created Permission View: can delete on DAG:example_nested_branch_dag
[2025-07-12T01:54:18.986+0000] {logging_mixin.py:188} INFO - [2025-07-12T01:54:18.986+0000] {override.py:1769} INFO - Created Permission View: can edit on DAG:example_nested_branch_dag
[2025-07-12T01:54:18.987+0000] {logging_mixin.py:188} INFO - [2025-07-12T01:54:18.987+0000] {dag.py:3036} INFO - Sync 1 DAGs
[2025-07-12T01:54:19.002+0000] {logging_mixin.py:188} INFO - [2025-07-12T01:54:19.002+0000] {dag.py:3058} INFO - Creating ORM DAG for example_nested_branch_dag
[2025-07-12T01:54:19.019+0000] {logging_mixin.py:188} INFO - [2025-07-12T01:54:19.019+0000] {dag.py:3823} INFO - Setting next_dagrun for example_nested_branch_dag to 2025-07-11 00:00:00+00:00, run_after=2025-07-12 00:00:00+00:00
[2025-07-12T01:54:19.048+0000] {processor.py:183} INFO - Processing /home/airflow/.local/lib/python3.8/site-packages/airflow/example_dags/example_nested_branch_dag.py took 0.276 seconds
[2025-07-12T01:54:49.721+0000] {processor.py:161} INFO - Started process (PID=154) to work on /home/airflow/.local/lib/python3.8/site-packages/airflow/example_dags/example_nested_branch_dag.py
[2025-07-12T01:54:49.723+0000] {processor.py:830} INFO - Processing file /home/airflow/.local/lib/python3.8/site-packages/airflow/example_dags/example_nested_branch_dag.py for tasks to queue
[2025-07-12T01:54:49.726+0000] {logging_mixin.py:188} INFO - [2025-07-12T01:54:49.726+0000] {dagbag.py:538} INFO - Filling up the DagBag from /home/airflow/.local/lib/python3.8/site-packages/airflow/example_dags/example_nested_branch_dag.py
[2025-07-12T01:54:49.739+0000] {processor.py:840} INFO - DAG(s) 'example_nested_branch_dag' retrieved from /home/airflow/.local/lib/python3.8/site-packages/airflow/example_dags/example_nested_branch_dag.py
[2025-07-12T01:54:49.767+0000] {logging_mixin.py:188} INFO - [2025-07-12T01:54:49.767+0000] {dag.py:3036} INFO - Sync 1 DAGs
[2025-07-12T01:54:49.798+0000] {logging_mixin.py:188} INFO - [2025-07-12T01:54:49.798+0000] {dag.py:3823} INFO - Setting next_dagrun for example_nested_branch_dag to 2025-07-11 00:00:00+00:00, run_after=2025-07-12 00:00:00+00:00
[2025-07-12T01:54:49.827+0000] {processor.py:183} INFO - Processing /home/airflow/.local/lib/python3.8/site-packages/airflow/example_dags/example_nested_branch_dag.py took 0.111 seconds
[2025-07-12T01:55:20.207+0000] {processor.py:161} INFO - Started process (PID=211) to work on /home/airflow/.local/lib/python3.8/site-packages/airflow/example_dags/example_nested_branch_dag.py
[2025-07-12T01:55:20.208+0000] {processor.py:830} INFO - Processing file /home/airflow/.local/lib/python3.8/site-packages/airflow/example_dags/example_nested_branch_dag.py for tasks to queue
[2025-07-12T01:55:20.211+0000] {logging_mixin.py:188} INFO - [2025-07-12T01:55:20.211+0000] {dagbag.py:538} INFO - Filling up the DagBag from /home/airflow/.local/lib/python3.8/site-packages/airflow/example_dags/example_nested_branch_dag.py
[2025-07-12T01:55:20.223+0000] {processor.py:840} INFO - DAG(s) 'example_nested_branch_dag' retrieved from /home/airflow/.local/lib/python3.8/site-packages/airflow/example_dags/example_nested_branch_dag.py
[2025-07-12T01:55:20.258+0000] {logging_mixin.py:188} INFO - [2025-07-12T01:55:20.258+0000] {dag.py:3036} INFO - Sync 1 DAGs
[2025-07-12T01:55:20.290+0000] {logging_mixin.py:188} INFO - [2025-07-12T01:55:20.290+0000] {dag.py:3823} INFO - Setting next_dagrun for example_nested_branch_dag to 2025-07-11 00:00:00+00:00, run_after=2025-07-12 00:00:00+00:00
[2025-07-12T01:55:20.335+0000] {processor.py:183} INFO - Processing /home/airflow/.local/lib/python3.8/site-packages/airflow/example_dags/example_nested_branch_dag.py took 0.132 seconds
[2025-07-12T01:55:51.281+0000] {processor.py:161} INFO - Started process (PID=273) to work on /home/airflow/.local/lib/python3.8/site-packages/airflow/example_dags/example_nested_branch_dag.py
[2025-07-12T01:55:51.284+0000] {processor.py:830} INFO - Processing file /home/airflow/.local/lib/python3.8/site-packages/airflow/example_dags/example_nested_branch_dag.py for tasks to queue
[2025-07-12T01:55:51.287+0000] {logging_mixin.py:188} INFO - [2025-07-12T01:55:51.286+0000] {dagbag.py:538} INFO - Filling up the DagBag from /home/airflow/.local/lib/python3.8/site-packages/airflow/example_dags/example_nested_branch_dag.py
[2025-07-12T01:55:51.301+0000] {processor.py:840} INFO - DAG(s) 'example_nested_branch_dag' retrieved from /home/airflow/.local/lib/python3.8/site-packages/airflow/example_dags/example_nested_branch_dag.py
[2025-07-12T01:55:51.332+0000] {logging_mixin.py:188} INFO - [2025-07-12T01:55:51.332+0000] {dag.py:3036} INFO - Sync 1 DAGs
[2025-07-12T01:55:51.363+0000] {logging_mixin.py:188} INFO - [2025-07-12T01:55:51.362+0000] {dag.py:3823} INFO - Setting next_dagrun for example_nested_branch_dag to 2025-07-11 00:00:00+00:00, run_after=2025-07-12 00:00:00+00:00
[2025-07-12T01:55:51.396+0000] {processor.py:183} INFO - Processing /home/airflow/.local/lib/python3.8/site-packages/airflow/example_dags/example_nested_branch_dag.py took 0.121 seconds
[2025-07-12T01:56:21.816+0000] {processor.py:161} INFO - Started process (PID=330) to work on /home/airflow/.local/lib/python3.8/site-packages/airflow/example_dags/example_nested_branch_dag.py
[2025-07-12T01:56:21.818+0000] {processor.py:830} INFO - Processing file /home/airflow/.local/lib/python3.8/site-packages/airflow/example_dags/example_nested_branch_dag.py for tasks to queue
[2025-07-12T01:56:21.820+0000] {logging_mixin.py:188} INFO - [2025-07-12T01:56:21.820+0000] {dagbag.py:538} INFO - Filling up the DagBag from /home/airflow/.local/lib/python3.8/site-packages/airflow/example_dags/example_nested_branch_dag.py
[2025-07-12T01:56:21.837+0000] {processor.py:840} INFO - DAG(s) 'example_nested_branch_dag' retrieved from /home/airflow/.local/lib/python3.8/site-packages/airflow/example_dags/example_nested_branch_dag.py
[2025-07-12T01:56:21.869+0000] {logging_mixin.py:188} INFO - [2025-07-12T01:56:21.868+0000] {dag.py:3036} INFO - Sync 1 DAGs
[2025-07-12T01:56:21.897+0000] {logging_mixin.py:188} INFO - [2025-07-12T01:56:21.897+0000] {dag.py:3823} INFO - Setting next_dagrun for example_nested_branch_dag to 2025-07-11 00:00:00+00:00, run_after=2025-07-12 00:00:00+00:00
[2025-07-12T01:56:21.924+0000] {processor.py:183} INFO - Processing /home/airflow/.local/lib/python3.8/site-packages/airflow/example_dags/example_nested_branch_dag.py took 0.113 seconds
[2025-07-12T01:56:52.128+0000] {processor.py:161} INFO - Started process (PID=391) to work on /home/airflow/.local/lib/python3.8/site-packages/airflow/example_dags/example_nested_branch_dag.py
[2025-07-12T01:56:52.130+0000] {processor.py:830} INFO - Processing file /home/airflow/.local/lib/python3.8/site-packages/airflow/example_dags/example_nested_branch_dag.py for tasks to queue
[2025-07-12T01:56:52.135+0000] {logging_mixin.py:188} INFO - [2025-07-12T01:56:52.135+0000] {dagbag.py:538} INFO - Filling up the DagBag from /home/airflow/.local/lib/python3.8/site-packages/airflow/example_dags/example_nested_branch_dag.py
[2025-07-12T01:56:52.155+0000] {processor.py:840} INFO - DAG(s) 'example_nested_branch_dag' retrieved from /home/airflow/.local/lib/python3.8/site-packages/airflow/example_dags/example_nested_branch_dag.py
[2025-07-12T01:56:52.190+0000] {logging_mixin.py:188} INFO - [2025-07-12T01:56:52.189+0000] {dag.py:3036} INFO - Sync 1 DAGs
[2025-07-12T01:56:52.225+0000] {logging_mixin.py:188} INFO - [2025-07-12T01:56:52.225+0000] {dag.py:3823} INFO - Setting next_dagrun for example_nested_branch_dag to 2025-07-11 00:00:00+00:00, run_after=2025-07-12 00:00:00+00:00
[2025-07-12T01:56:52.262+0000] {processor.py:183} INFO - Processing /home/airflow/.local/lib/python3.8/site-packages/airflow/example_dags/example_nested_branch_dag.py took 0.139 seconds
