[2025-07-12T01:35:13.904+0000] {processor.py:161} INFO - Started process (PID=85) to work on /home/airflow/.local/lib/python3.8/site-packages/airflow/example_dags/example_sensor_decorator.py
[2025-07-12T01:35:13.906+0000] {processor.py:830} INFO - Processing file /home/airflow/.local/lib/python3.8/site-packages/airflow/example_dags/example_sensor_decorator.py for tasks to queue
[2025-07-12T01:35:13.908+0000] {logging_mixin.py:188} INFO - [2025-07-12T01:35:13.908+0000] {dagbag.py:538} INFO - Filling up the DagBag from /home/airflow/.local/lib/python3.8/site-packages/airflow/example_dags/example_sensor_decorator.py
[2025-07-12T01:35:13.920+0000] {processor.py:840} INFO - DAG(s) 'example_sensor_decorator' retrieved from /home/airflow/.local/lib/python3.8/site-packages/airflow/example_dags/example_sensor_decorator.py
[2025-07-12T01:35:13.972+0000] {logging_mixin.py:188} INFO - [2025-07-12T01:35:13.971+0000] {dag.py:3036} INFO - Sync 1 DAGs
[2025-07-12T01:35:13.992+0000] {logging_mixin.py:188} INFO - [2025-07-12T01:35:13.991+0000] {dag.py:3823} INFO - Setting next_dagrun for example_sensor_decorator to None, run_after=None
[2025-07-12T01:35:14.034+0000] {processor.py:183} INFO - Processing /home/airflow/.local/lib/python3.8/site-packages/airflow/example_dags/example_sensor_decorator.py took 0.134 seconds
[2025-07-12T01:35:45.374+0000] {processor.py:161} INFO - Started process (PID=141) to work on /home/airflow/.local/lib/python3.8/site-packages/airflow/example_dags/example_sensor_decorator.py
[2025-07-12T01:35:45.377+0000] {processor.py:830} INFO - Processing file /home/airflow/.local/lib/python3.8/site-packages/airflow/example_dags/example_sensor_decorator.py for tasks to queue
[2025-07-12T01:35:45.380+0000] {logging_mixin.py:188} INFO - [2025-07-12T01:35:45.380+0000] {dagbag.py:538} INFO - Filling up the DagBag from /home/airflow/.local/lib/python3.8/site-packages/airflow/example_dags/example_sensor_decorator.py
[2025-07-12T01:35:45.388+0000] {processor.py:840} INFO - DAG(s) 'example_sensor_decorator' retrieved from /home/airflow/.local/lib/python3.8/site-packages/airflow/example_dags/example_sensor_decorator.py
[2025-07-12T01:35:45.417+0000] {logging_mixin.py:188} INFO - [2025-07-12T01:35:45.417+0000] {dag.py:3036} INFO - Sync 1 DAGs
[2025-07-12T01:35:45.435+0000] {logging_mixin.py:188} INFO - [2025-07-12T01:35:45.434+0000] {dag.py:3823} INFO - Setting next_dagrun for example_sensor_decorator to None, run_after=None
[2025-07-12T01:35:45.481+0000] {processor.py:183} INFO - Processing /home/airflow/.local/lib/python3.8/site-packages/airflow/example_dags/example_sensor_decorator.py took 0.111 seconds
[2025-07-12T01:36:15.781+0000] {processor.py:161} INFO - Started process (PID=197) to work on /home/airflow/.local/lib/python3.8/site-packages/airflow/example_dags/example_sensor_decorator.py
[2025-07-12T01:36:15.782+0000] {processor.py:830} INFO - Processing file /home/airflow/.local/lib/python3.8/site-packages/airflow/example_dags/example_sensor_decorator.py for tasks to queue
[2025-07-12T01:36:15.784+0000] {logging_mixin.py:188} INFO - [2025-07-12T01:36:15.784+0000] {dagbag.py:538} INFO - Filling up the DagBag from /home/airflow/.local/lib/python3.8/site-packages/airflow/example_dags/example_sensor_decorator.py
[2025-07-12T01:36:15.791+0000] {processor.py:840} INFO - DAG(s) 'example_sensor_decorator' retrieved from /home/airflow/.local/lib/python3.8/site-packages/airflow/example_dags/example_sensor_decorator.py
[2025-07-12T01:36:15.804+0000] {logging_mixin.py:188} INFO - [2025-07-12T01:36:15.804+0000] {dag.py:3036} INFO - Sync 1 DAGs
[2025-07-12T01:36:15.817+0000] {logging_mixin.py:188} INFO - [2025-07-12T01:36:15.817+0000] {dag.py:3823} INFO - Setting next_dagrun for example_sensor_decorator to None, run_after=None
[2025-07-12T01:36:15.839+0000] {processor.py:183} INFO - Processing /home/airflow/.local/lib/python3.8/site-packages/airflow/example_dags/example_sensor_decorator.py took 0.062 seconds
[2025-07-12T01:36:46.944+0000] {processor.py:161} INFO - Started process (PID=253) to work on /home/airflow/.local/lib/python3.8/site-packages/airflow/example_dags/example_sensor_decorator.py
[2025-07-12T01:36:46.946+0000] {processor.py:830} INFO - Processing file /home/airflow/.local/lib/python3.8/site-packages/airflow/example_dags/example_sensor_decorator.py for tasks to queue
[2025-07-12T01:36:46.948+0000] {logging_mixin.py:188} INFO - [2025-07-12T01:36:46.948+0000] {dagbag.py:538} INFO - Filling up the DagBag from /home/airflow/.local/lib/python3.8/site-packages/airflow/example_dags/example_sensor_decorator.py
[2025-07-12T01:36:46.955+0000] {processor.py:840} INFO - DAG(s) 'example_sensor_decorator' retrieved from /home/airflow/.local/lib/python3.8/site-packages/airflow/example_dags/example_sensor_decorator.py
[2025-07-12T01:36:47.056+0000] {logging_mixin.py:188} INFO - [2025-07-12T01:36:47.055+0000] {dag.py:3036} INFO - Sync 1 DAGs
[2025-07-12T01:36:47.067+0000] {logging_mixin.py:188} INFO - [2025-07-12T01:36:47.067+0000] {dag.py:3823} INFO - Setting next_dagrun for example_sensor_decorator to None, run_after=None
[2025-07-12T01:36:47.091+0000] {processor.py:183} INFO - Processing /home/airflow/.local/lib/python3.8/site-packages/airflow/example_dags/example_sensor_decorator.py took 0.150 seconds
[2025-07-12T01:37:17.874+0000] {processor.py:161} INFO - Started process (PID=309) to work on /home/airflow/.local/lib/python3.8/site-packages/airflow/example_dags/example_sensor_decorator.py
[2025-07-12T01:37:17.877+0000] {processor.py:830} INFO - Processing file /home/airflow/.local/lib/python3.8/site-packages/airflow/example_dags/example_sensor_decorator.py for tasks to queue
[2025-07-12T01:37:17.880+0000] {logging_mixin.py:188} INFO - [2025-07-12T01:37:17.880+0000] {dagbag.py:538} INFO - Filling up the DagBag from /home/airflow/.local/lib/python3.8/site-packages/airflow/example_dags/example_sensor_decorator.py
[2025-07-12T01:37:17.891+0000] {processor.py:840} INFO - DAG(s) 'example_sensor_decorator' retrieved from /home/airflow/.local/lib/python3.8/site-packages/airflow/example_dags/example_sensor_decorator.py
[2025-07-12T01:37:17.923+0000] {logging_mixin.py:188} INFO - [2025-07-12T01:37:17.923+0000] {dag.py:3036} INFO - Sync 1 DAGs
[2025-07-12T01:37:17.941+0000] {logging_mixin.py:188} INFO - [2025-07-12T01:37:17.941+0000] {dag.py:3823} INFO - Setting next_dagrun for example_sensor_decorator to None, run_after=None
[2025-07-12T01:37:17.982+0000] {processor.py:183} INFO - Processing /home/airflow/.local/lib/python3.8/site-packages/airflow/example_dags/example_sensor_decorator.py took 0.116 seconds
[2025-07-12T01:38:35.013+0000] {processor.py:161} INFO - Started process (PID=85) to work on /home/airflow/.local/lib/python3.8/site-packages/airflow/example_dags/example_sensor_decorator.py
[2025-07-12T01:38:35.015+0000] {processor.py:830} INFO - Processing file /home/airflow/.local/lib/python3.8/site-packages/airflow/example_dags/example_sensor_decorator.py for tasks to queue
[2025-07-12T01:38:35.019+0000] {logging_mixin.py:188} INFO - [2025-07-12T01:38:35.019+0000] {dagbag.py:538} INFO - Filling up the DagBag from /home/airflow/.local/lib/python3.8/site-packages/airflow/example_dags/example_sensor_decorator.py
[2025-07-12T01:38:35.034+0000] {processor.py:840} INFO - DAG(s) 'example_sensor_decorator' retrieved from /home/airflow/.local/lib/python3.8/site-packages/airflow/example_dags/example_sensor_decorator.py
[2025-07-12T01:38:35.191+0000] {logging_mixin.py:188} INFO - [2025-07-12T01:38:35.190+0000] {override.py:1769} INFO - Created Permission View: can edit on DAG:example_sensor_decorator
[2025-07-12T01:38:35.209+0000] {logging_mixin.py:188} INFO - [2025-07-12T01:38:35.208+0000] {override.py:1769} INFO - Created Permission View: can delete on DAG:example_sensor_decorator
[2025-07-12T01:38:35.223+0000] {logging_mixin.py:188} INFO - [2025-07-12T01:38:35.222+0000] {override.py:1769} INFO - Created Permission View: can read on DAG:example_sensor_decorator
[2025-07-12T01:38:35.224+0000] {logging_mixin.py:188} INFO - [2025-07-12T01:38:35.224+0000] {dag.py:3036} INFO - Sync 1 DAGs
[2025-07-12T01:38:35.245+0000] {logging_mixin.py:188} INFO - [2025-07-12T01:38:35.244+0000] {dag.py:3058} INFO - Creating ORM DAG for example_sensor_decorator
[2025-07-12T01:38:35.246+0000] {logging_mixin.py:188} INFO - [2025-07-12T01:38:35.246+0000] {dag.py:3823} INFO - Setting next_dagrun for example_sensor_decorator to None, run_after=None
[2025-07-12T01:38:35.277+0000] {processor.py:183} INFO - Processing /home/airflow/.local/lib/python3.8/site-packages/airflow/example_dags/example_sensor_decorator.py took 0.269 seconds
[2025-07-12T01:39:05.866+0000] {processor.py:161} INFO - Started process (PID=141) to work on /home/airflow/.local/lib/python3.8/site-packages/airflow/example_dags/example_sensor_decorator.py
[2025-07-12T01:39:05.868+0000] {processor.py:830} INFO - Processing file /home/airflow/.local/lib/python3.8/site-packages/airflow/example_dags/example_sensor_decorator.py for tasks to queue
[2025-07-12T01:39:05.870+0000] {logging_mixin.py:188} INFO - [2025-07-12T01:39:05.870+0000] {dagbag.py:538} INFO - Filling up the DagBag from /home/airflow/.local/lib/python3.8/site-packages/airflow/example_dags/example_sensor_decorator.py
[2025-07-12T01:39:05.877+0000] {processor.py:840} INFO - DAG(s) 'example_sensor_decorator' retrieved from /home/airflow/.local/lib/python3.8/site-packages/airflow/example_dags/example_sensor_decorator.py
[2025-07-12T01:39:05.901+0000] {logging_mixin.py:188} INFO - [2025-07-12T01:39:05.901+0000] {dag.py:3036} INFO - Sync 1 DAGs
[2025-07-12T01:39:05.913+0000] {logging_mixin.py:188} INFO - [2025-07-12T01:39:05.913+0000] {dag.py:3823} INFO - Setting next_dagrun for example_sensor_decorator to None, run_after=None
[2025-07-12T01:39:05.945+0000] {processor.py:183} INFO - Processing /home/airflow/.local/lib/python3.8/site-packages/airflow/example_dags/example_sensor_decorator.py took 0.083 seconds
[2025-07-12T01:39:36.969+0000] {processor.py:161} INFO - Started process (PID=197) to work on /home/airflow/.local/lib/python3.8/site-packages/airflow/example_dags/example_sensor_decorator.py
[2025-07-12T01:39:36.971+0000] {processor.py:830} INFO - Processing file /home/airflow/.local/lib/python3.8/site-packages/airflow/example_dags/example_sensor_decorator.py for tasks to queue
[2025-07-12T01:39:36.975+0000] {logging_mixin.py:188} INFO - [2025-07-12T01:39:36.974+0000] {dagbag.py:538} INFO - Filling up the DagBag from /home/airflow/.local/lib/python3.8/site-packages/airflow/example_dags/example_sensor_decorator.py
[2025-07-12T01:39:36.985+0000] {processor.py:840} INFO - DAG(s) 'example_sensor_decorator' retrieved from /home/airflow/.local/lib/python3.8/site-packages/airflow/example_dags/example_sensor_decorator.py
[2025-07-12T01:39:37.017+0000] {logging_mixin.py:188} INFO - [2025-07-12T01:39:37.016+0000] {dag.py:3036} INFO - Sync 1 DAGs
[2025-07-12T01:39:37.037+0000] {logging_mixin.py:188} INFO - [2025-07-12T01:39:37.036+0000] {dag.py:3823} INFO - Setting next_dagrun for example_sensor_decorator to None, run_after=None
[2025-07-12T01:39:37.075+0000] {processor.py:183} INFO - Processing /home/airflow/.local/lib/python3.8/site-packages/airflow/example_dags/example_sensor_decorator.py took 0.112 seconds
[2025-07-12T01:40:07.649+0000] {processor.py:161} INFO - Started process (PID=254) to work on /home/airflow/.local/lib/python3.8/site-packages/airflow/example_dags/example_sensor_decorator.py
[2025-07-12T01:40:07.652+0000] {processor.py:830} INFO - Processing file /home/airflow/.local/lib/python3.8/site-packages/airflow/example_dags/example_sensor_decorator.py for tasks to queue
[2025-07-12T01:40:07.655+0000] {logging_mixin.py:188} INFO - [2025-07-12T01:40:07.655+0000] {dagbag.py:538} INFO - Filling up the DagBag from /home/airflow/.local/lib/python3.8/site-packages/airflow/example_dags/example_sensor_decorator.py
[2025-07-12T01:40:07.664+0000] {processor.py:840} INFO - DAG(s) 'example_sensor_decorator' retrieved from /home/airflow/.local/lib/python3.8/site-packages/airflow/example_dags/example_sensor_decorator.py
[2025-07-12T01:40:07.687+0000] {logging_mixin.py:188} INFO - [2025-07-12T01:40:07.687+0000] {dag.py:3036} INFO - Sync 1 DAGs
[2025-07-12T01:40:07.700+0000] {logging_mixin.py:188} INFO - [2025-07-12T01:40:07.700+0000] {dag.py:3823} INFO - Setting next_dagrun for example_sensor_decorator to None, run_after=None
[2025-07-12T01:40:07.725+0000] {processor.py:183} INFO - Processing /home/airflow/.local/lib/python3.8/site-packages/airflow/example_dags/example_sensor_decorator.py took 0.083 seconds
[2025-07-12T01:40:38.105+0000] {processor.py:161} INFO - Started process (PID=310) to work on /home/airflow/.local/lib/python3.8/site-packages/airflow/example_dags/example_sensor_decorator.py
[2025-07-12T01:40:38.107+0000] {processor.py:830} INFO - Processing file /home/airflow/.local/lib/python3.8/site-packages/airflow/example_dags/example_sensor_decorator.py for tasks to queue
[2025-07-12T01:40:38.109+0000] {logging_mixin.py:188} INFO - [2025-07-12T01:40:38.108+0000] {dagbag.py:538} INFO - Filling up the DagBag from /home/airflow/.local/lib/python3.8/site-packages/airflow/example_dags/example_sensor_decorator.py
[2025-07-12T01:40:38.116+0000] {processor.py:840} INFO - DAG(s) 'example_sensor_decorator' retrieved from /home/airflow/.local/lib/python3.8/site-packages/airflow/example_dags/example_sensor_decorator.py
[2025-07-12T01:40:38.138+0000] {logging_mixin.py:188} INFO - [2025-07-12T01:40:38.138+0000] {dag.py:3036} INFO - Sync 1 DAGs
[2025-07-12T01:40:38.152+0000] {logging_mixin.py:188} INFO - [2025-07-12T01:40:38.152+0000] {dag.py:3823} INFO - Setting next_dagrun for example_sensor_decorator to None, run_after=None
[2025-07-12T01:40:38.184+0000] {processor.py:183} INFO - Processing /home/airflow/.local/lib/python3.8/site-packages/airflow/example_dags/example_sensor_decorator.py took 0.082 seconds
[2025-07-12T01:41:08.556+0000] {processor.py:161} INFO - Started process (PID=366) to work on /home/airflow/.local/lib/python3.8/site-packages/airflow/example_dags/example_sensor_decorator.py
[2025-07-12T01:41:08.557+0000] {processor.py:830} INFO - Processing file /home/airflow/.local/lib/python3.8/site-packages/airflow/example_dags/example_sensor_decorator.py for tasks to queue
[2025-07-12T01:41:08.559+0000] {logging_mixin.py:188} INFO - [2025-07-12T01:41:08.559+0000] {dagbag.py:538} INFO - Filling up the DagBag from /home/airflow/.local/lib/python3.8/site-packages/airflow/example_dags/example_sensor_decorator.py
[2025-07-12T01:41:08.567+0000] {processor.py:840} INFO - DAG(s) 'example_sensor_decorator' retrieved from /home/airflow/.local/lib/python3.8/site-packages/airflow/example_dags/example_sensor_decorator.py
[2025-07-12T01:41:08.589+0000] {logging_mixin.py:188} INFO - [2025-07-12T01:41:08.589+0000] {dag.py:3036} INFO - Sync 1 DAGs
[2025-07-12T01:41:08.603+0000] {logging_mixin.py:188} INFO - [2025-07-12T01:41:08.602+0000] {dag.py:3823} INFO - Setting next_dagrun for example_sensor_decorator to None, run_after=None
[2025-07-12T01:41:08.630+0000] {processor.py:183} INFO - Processing /home/airflow/.local/lib/python3.8/site-packages/airflow/example_dags/example_sensor_decorator.py took 0.079 seconds
[2025-07-12T01:41:39.483+0000] {processor.py:161} INFO - Started process (PID=422) to work on /home/airflow/.local/lib/python3.8/site-packages/airflow/example_dags/example_sensor_decorator.py
[2025-07-12T01:41:39.485+0000] {processor.py:830} INFO - Processing file /home/airflow/.local/lib/python3.8/site-packages/airflow/example_dags/example_sensor_decorator.py for tasks to queue
[2025-07-12T01:41:39.490+0000] {logging_mixin.py:188} INFO - [2025-07-12T01:41:39.489+0000] {dagbag.py:538} INFO - Filling up the DagBag from /home/airflow/.local/lib/python3.8/site-packages/airflow/example_dags/example_sensor_decorator.py
[2025-07-12T01:41:39.498+0000] {processor.py:840} INFO - DAG(s) 'example_sensor_decorator' retrieved from /home/airflow/.local/lib/python3.8/site-packages/airflow/example_dags/example_sensor_decorator.py
[2025-07-12T01:41:39.524+0000] {logging_mixin.py:188} INFO - [2025-07-12T01:41:39.524+0000] {dag.py:3036} INFO - Sync 1 DAGs
[2025-07-12T01:41:39.537+0000] {logging_mixin.py:188} INFO - [2025-07-12T01:41:39.537+0000] {dag.py:3823} INFO - Setting next_dagrun for example_sensor_decorator to None, run_after=None
[2025-07-12T01:41:39.563+0000] {processor.py:183} INFO - Processing /home/airflow/.local/lib/python3.8/site-packages/airflow/example_dags/example_sensor_decorator.py took 0.089 seconds
[2025-07-12T01:42:10.346+0000] {processor.py:161} INFO - Started process (PID=478) to work on /home/airflow/.local/lib/python3.8/site-packages/airflow/example_dags/example_sensor_decorator.py
[2025-07-12T01:42:10.350+0000] {processor.py:830} INFO - Processing file /home/airflow/.local/lib/python3.8/site-packages/airflow/example_dags/example_sensor_decorator.py for tasks to queue
[2025-07-12T01:42:10.354+0000] {logging_mixin.py:188} INFO - [2025-07-12T01:42:10.354+0000] {dagbag.py:538} INFO - Filling up the DagBag from /home/airflow/.local/lib/python3.8/site-packages/airflow/example_dags/example_sensor_decorator.py
[2025-07-12T01:42:10.365+0000] {processor.py:840} INFO - DAG(s) 'example_sensor_decorator' retrieved from /home/airflow/.local/lib/python3.8/site-packages/airflow/example_dags/example_sensor_decorator.py
[2025-07-12T01:42:10.388+0000] {logging_mixin.py:188} INFO - [2025-07-12T01:42:10.388+0000] {dag.py:3036} INFO - Sync 1 DAGs
[2025-07-12T01:42:10.401+0000] {logging_mixin.py:188} INFO - [2025-07-12T01:42:10.400+0000] {dag.py:3823} INFO - Setting next_dagrun for example_sensor_decorator to None, run_after=None
[2025-07-12T01:42:10.424+0000] {processor.py:183} INFO - Processing /home/airflow/.local/lib/python3.8/site-packages/airflow/example_dags/example_sensor_decorator.py took 0.086 seconds
[2025-07-12T01:42:41.018+0000] {processor.py:161} INFO - Started process (PID=534) to work on /home/airflow/.local/lib/python3.8/site-packages/airflow/example_dags/example_sensor_decorator.py
[2025-07-12T01:42:41.020+0000] {processor.py:830} INFO - Processing file /home/airflow/.local/lib/python3.8/site-packages/airflow/example_dags/example_sensor_decorator.py for tasks to queue
[2025-07-12T01:42:41.024+0000] {logging_mixin.py:188} INFO - [2025-07-12T01:42:41.024+0000] {dagbag.py:538} INFO - Filling up the DagBag from /home/airflow/.local/lib/python3.8/site-packages/airflow/example_dags/example_sensor_decorator.py
[2025-07-12T01:42:41.043+0000] {processor.py:840} INFO - DAG(s) 'example_sensor_decorator' retrieved from /home/airflow/.local/lib/python3.8/site-packages/airflow/example_dags/example_sensor_decorator.py
[2025-07-12T01:42:41.077+0000] {logging_mixin.py:188} INFO - [2025-07-12T01:42:41.076+0000] {dag.py:3036} INFO - Sync 1 DAGs
[2025-07-12T01:42:41.093+0000] {logging_mixin.py:188} INFO - [2025-07-12T01:42:41.093+0000] {dag.py:3823} INFO - Setting next_dagrun for example_sensor_decorator to None, run_after=None
[2025-07-12T01:42:41.146+0000] {processor.py:183} INFO - Processing /home/airflow/.local/lib/python3.8/site-packages/airflow/example_dags/example_sensor_decorator.py took 0.135 seconds
[2025-07-12T01:43:11.288+0000] {processor.py:161} INFO - Started process (PID=590) to work on /home/airflow/.local/lib/python3.8/site-packages/airflow/example_dags/example_sensor_decorator.py
[2025-07-12T01:43:11.289+0000] {processor.py:830} INFO - Processing file /home/airflow/.local/lib/python3.8/site-packages/airflow/example_dags/example_sensor_decorator.py for tasks to queue
[2025-07-12T01:43:11.292+0000] {logging_mixin.py:188} INFO - [2025-07-12T01:43:11.292+0000] {dagbag.py:538} INFO - Filling up the DagBag from /home/airflow/.local/lib/python3.8/site-packages/airflow/example_dags/example_sensor_decorator.py
[2025-07-12T01:43:11.301+0000] {processor.py:840} INFO - DAG(s) 'example_sensor_decorator' retrieved from /home/airflow/.local/lib/python3.8/site-packages/airflow/example_dags/example_sensor_decorator.py
[2025-07-12T01:43:11.331+0000] {logging_mixin.py:188} INFO - [2025-07-12T01:43:11.331+0000] {dag.py:3036} INFO - Sync 1 DAGs
[2025-07-12T01:43:11.347+0000] {logging_mixin.py:188} INFO - [2025-07-12T01:43:11.347+0000] {dag.py:3823} INFO - Setting next_dagrun for example_sensor_decorator to None, run_after=None
[2025-07-12T01:43:11.376+0000] {processor.py:183} INFO - Processing /home/airflow/.local/lib/python3.8/site-packages/airflow/example_dags/example_sensor_decorator.py took 0.093 seconds
[2025-07-12T01:43:42.353+0000] {processor.py:161} INFO - Started process (PID=646) to work on /home/airflow/.local/lib/python3.8/site-packages/airflow/example_dags/example_sensor_decorator.py
[2025-07-12T01:43:42.355+0000] {processor.py:830} INFO - Processing file /home/airflow/.local/lib/python3.8/site-packages/airflow/example_dags/example_sensor_decorator.py for tasks to queue
[2025-07-12T01:43:42.359+0000] {logging_mixin.py:188} INFO - [2025-07-12T01:43:42.359+0000] {dagbag.py:538} INFO - Filling up the DagBag from /home/airflow/.local/lib/python3.8/site-packages/airflow/example_dags/example_sensor_decorator.py
[2025-07-12T01:43:42.368+0000] {processor.py:840} INFO - DAG(s) 'example_sensor_decorator' retrieved from /home/airflow/.local/lib/python3.8/site-packages/airflow/example_dags/example_sensor_decorator.py
[2025-07-12T01:43:42.396+0000] {logging_mixin.py:188} INFO - [2025-07-12T01:43:42.395+0000] {dag.py:3036} INFO - Sync 1 DAGs
[2025-07-12T01:43:42.410+0000] {logging_mixin.py:188} INFO - [2025-07-12T01:43:42.410+0000] {dag.py:3823} INFO - Setting next_dagrun for example_sensor_decorator to None, run_after=None
[2025-07-12T01:43:42.438+0000] {processor.py:183} INFO - Processing /home/airflow/.local/lib/python3.8/site-packages/airflow/example_dags/example_sensor_decorator.py took 0.092 seconds
[2025-07-12T01:44:12.686+0000] {processor.py:161} INFO - Started process (PID=702) to work on /home/airflow/.local/lib/python3.8/site-packages/airflow/example_dags/example_sensor_decorator.py
[2025-07-12T01:44:12.688+0000] {processor.py:830} INFO - Processing file /home/airflow/.local/lib/python3.8/site-packages/airflow/example_dags/example_sensor_decorator.py for tasks to queue
[2025-07-12T01:44:12.691+0000] {logging_mixin.py:188} INFO - [2025-07-12T01:44:12.691+0000] {dagbag.py:538} INFO - Filling up the DagBag from /home/airflow/.local/lib/python3.8/site-packages/airflow/example_dags/example_sensor_decorator.py
[2025-07-12T01:44:12.702+0000] {processor.py:840} INFO - DAG(s) 'example_sensor_decorator' retrieved from /home/airflow/.local/lib/python3.8/site-packages/airflow/example_dags/example_sensor_decorator.py
[2025-07-12T01:44:12.746+0000] {logging_mixin.py:188} INFO - [2025-07-12T01:44:12.745+0000] {dag.py:3036} INFO - Sync 1 DAGs
[2025-07-12T01:44:12.767+0000] {logging_mixin.py:188} INFO - [2025-07-12T01:44:12.767+0000] {dag.py:3823} INFO - Setting next_dagrun for example_sensor_decorator to None, run_after=None
[2025-07-12T01:44:12.814+0000] {processor.py:183} INFO - Processing /home/airflow/.local/lib/python3.8/site-packages/airflow/example_dags/example_sensor_decorator.py took 0.133 seconds
[2025-07-12T01:44:43.034+0000] {processor.py:161} INFO - Started process (PID=757) to work on /home/airflow/.local/lib/python3.8/site-packages/airflow/example_dags/example_sensor_decorator.py
[2025-07-12T01:44:43.035+0000] {processor.py:830} INFO - Processing file /home/airflow/.local/lib/python3.8/site-packages/airflow/example_dags/example_sensor_decorator.py for tasks to queue
[2025-07-12T01:44:43.038+0000] {logging_mixin.py:188} INFO - [2025-07-12T01:44:43.038+0000] {dagbag.py:538} INFO - Filling up the DagBag from /home/airflow/.local/lib/python3.8/site-packages/airflow/example_dags/example_sensor_decorator.py
[2025-07-12T01:44:43.048+0000] {processor.py:840} INFO - DAG(s) 'example_sensor_decorator' retrieved from /home/airflow/.local/lib/python3.8/site-packages/airflow/example_dags/example_sensor_decorator.py
[2025-07-12T01:44:43.078+0000] {logging_mixin.py:188} INFO - [2025-07-12T01:44:43.078+0000] {dag.py:3036} INFO - Sync 1 DAGs
[2025-07-12T01:44:43.095+0000] {logging_mixin.py:188} INFO - [2025-07-12T01:44:43.095+0000] {dag.py:3823} INFO - Setting next_dagrun for example_sensor_decorator to None, run_after=None
[2025-07-12T01:44:43.122+0000] {processor.py:183} INFO - Processing /home/airflow/.local/lib/python3.8/site-packages/airflow/example_dags/example_sensor_decorator.py took 0.093 seconds
[2025-07-12T01:45:14.232+0000] {processor.py:161} INFO - Started process (PID=813) to work on /home/airflow/.local/lib/python3.8/site-packages/airflow/example_dags/example_sensor_decorator.py
[2025-07-12T01:45:14.234+0000] {processor.py:830} INFO - Processing file /home/airflow/.local/lib/python3.8/site-packages/airflow/example_dags/example_sensor_decorator.py for tasks to queue
[2025-07-12T01:45:14.243+0000] {logging_mixin.py:188} INFO - [2025-07-12T01:45:14.242+0000] {dagbag.py:538} INFO - Filling up the DagBag from /home/airflow/.local/lib/python3.8/site-packages/airflow/example_dags/example_sensor_decorator.py
[2025-07-12T01:45:14.254+0000] {processor.py:840} INFO - DAG(s) 'example_sensor_decorator' retrieved from /home/airflow/.local/lib/python3.8/site-packages/airflow/example_dags/example_sensor_decorator.py
[2025-07-12T01:45:14.300+0000] {logging_mixin.py:188} INFO - [2025-07-12T01:45:14.299+0000] {dag.py:3036} INFO - Sync 1 DAGs
[2025-07-12T01:45:14.326+0000] {logging_mixin.py:188} INFO - [2025-07-12T01:45:14.325+0000] {dag.py:3823} INFO - Setting next_dagrun for example_sensor_decorator to None, run_after=None
[2025-07-12T01:45:14.358+0000] {processor.py:183} INFO - Processing /home/airflow/.local/lib/python3.8/site-packages/airflow/example_dags/example_sensor_decorator.py took 0.130 seconds
[2025-07-12T01:45:44.521+0000] {processor.py:161} INFO - Started process (PID=869) to work on /home/airflow/.local/lib/python3.8/site-packages/airflow/example_dags/example_sensor_decorator.py
[2025-07-12T01:45:44.523+0000] {processor.py:830} INFO - Processing file /home/airflow/.local/lib/python3.8/site-packages/airflow/example_dags/example_sensor_decorator.py for tasks to queue
[2025-07-12T01:45:44.527+0000] {logging_mixin.py:188} INFO - [2025-07-12T01:45:44.527+0000] {dagbag.py:538} INFO - Filling up the DagBag from /home/airflow/.local/lib/python3.8/site-packages/airflow/example_dags/example_sensor_decorator.py
[2025-07-12T01:45:44.535+0000] {processor.py:840} INFO - DAG(s) 'example_sensor_decorator' retrieved from /home/airflow/.local/lib/python3.8/site-packages/airflow/example_dags/example_sensor_decorator.py
[2025-07-12T01:45:44.565+0000] {logging_mixin.py:188} INFO - [2025-07-12T01:45:44.564+0000] {dag.py:3036} INFO - Sync 1 DAGs
[2025-07-12T01:45:44.582+0000] {logging_mixin.py:188} INFO - [2025-07-12T01:45:44.582+0000] {dag.py:3823} INFO - Setting next_dagrun for example_sensor_decorator to None, run_after=None
[2025-07-12T01:45:44.612+0000] {processor.py:183} INFO - Processing /home/airflow/.local/lib/python3.8/site-packages/airflow/example_dags/example_sensor_decorator.py took 0.095 seconds
[2025-07-12T01:46:15.061+0000] {processor.py:161} INFO - Started process (PID=925) to work on /home/airflow/.local/lib/python3.8/site-packages/airflow/example_dags/example_sensor_decorator.py
[2025-07-12T01:46:15.062+0000] {processor.py:830} INFO - Processing file /home/airflow/.local/lib/python3.8/site-packages/airflow/example_dags/example_sensor_decorator.py for tasks to queue
[2025-07-12T01:46:15.066+0000] {logging_mixin.py:188} INFO - [2025-07-12T01:46:15.066+0000] {dagbag.py:538} INFO - Filling up the DagBag from /home/airflow/.local/lib/python3.8/site-packages/airflow/example_dags/example_sensor_decorator.py
[2025-07-12T01:46:15.074+0000] {processor.py:840} INFO - DAG(s) 'example_sensor_decorator' retrieved from /home/airflow/.local/lib/python3.8/site-packages/airflow/example_dags/example_sensor_decorator.py
[2025-07-12T01:46:15.100+0000] {logging_mixin.py:188} INFO - [2025-07-12T01:46:15.100+0000] {dag.py:3036} INFO - Sync 1 DAGs
[2025-07-12T01:46:15.116+0000] {logging_mixin.py:188} INFO - [2025-07-12T01:46:15.115+0000] {dag.py:3823} INFO - Setting next_dagrun for example_sensor_decorator to None, run_after=None
[2025-07-12T01:46:15.143+0000] {processor.py:183} INFO - Processing /home/airflow/.local/lib/python3.8/site-packages/airflow/example_dags/example_sensor_decorator.py took 0.086 seconds
[2025-07-12T01:46:45.279+0000] {processor.py:161} INFO - Started process (PID=981) to work on /home/airflow/.local/lib/python3.8/site-packages/airflow/example_dags/example_sensor_decorator.py
[2025-07-12T01:46:45.280+0000] {processor.py:830} INFO - Processing file /home/airflow/.local/lib/python3.8/site-packages/airflow/example_dags/example_sensor_decorator.py for tasks to queue
[2025-07-12T01:46:45.283+0000] {logging_mixin.py:188} INFO - [2025-07-12T01:46:45.283+0000] {dagbag.py:538} INFO - Filling up the DagBag from /home/airflow/.local/lib/python3.8/site-packages/airflow/example_dags/example_sensor_decorator.py
[2025-07-12T01:46:45.291+0000] {processor.py:840} INFO - DAG(s) 'example_sensor_decorator' retrieved from /home/airflow/.local/lib/python3.8/site-packages/airflow/example_dags/example_sensor_decorator.py
[2025-07-12T01:46:45.324+0000] {logging_mixin.py:188} INFO - [2025-07-12T01:46:45.324+0000] {dag.py:3036} INFO - Sync 1 DAGs
[2025-07-12T01:46:45.341+0000] {logging_mixin.py:188} INFO - [2025-07-12T01:46:45.341+0000] {dag.py:3823} INFO - Setting next_dagrun for example_sensor_decorator to None, run_after=None
[2025-07-12T01:46:45.370+0000] {processor.py:183} INFO - Processing /home/airflow/.local/lib/python3.8/site-packages/airflow/example_dags/example_sensor_decorator.py took 0.096 seconds
[2025-07-12T01:47:16.347+0000] {processor.py:161} INFO - Started process (PID=1037) to work on /home/airflow/.local/lib/python3.8/site-packages/airflow/example_dags/example_sensor_decorator.py
[2025-07-12T01:47:16.349+0000] {processor.py:830} INFO - Processing file /home/airflow/.local/lib/python3.8/site-packages/airflow/example_dags/example_sensor_decorator.py for tasks to queue
[2025-07-12T01:47:16.352+0000] {logging_mixin.py:188} INFO - [2025-07-12T01:47:16.352+0000] {dagbag.py:538} INFO - Filling up the DagBag from /home/airflow/.local/lib/python3.8/site-packages/airflow/example_dags/example_sensor_decorator.py
[2025-07-12T01:47:16.361+0000] {processor.py:840} INFO - DAG(s) 'example_sensor_decorator' retrieved from /home/airflow/.local/lib/python3.8/site-packages/airflow/example_dags/example_sensor_decorator.py
[2025-07-12T01:47:16.390+0000] {logging_mixin.py:188} INFO - [2025-07-12T01:47:16.390+0000] {dag.py:3036} INFO - Sync 1 DAGs
[2025-07-12T01:47:16.405+0000] {logging_mixin.py:188} INFO - [2025-07-12T01:47:16.405+0000] {dag.py:3823} INFO - Setting next_dagrun for example_sensor_decorator to None, run_after=None
[2025-07-12T01:47:16.431+0000] {processor.py:183} INFO - Processing /home/airflow/.local/lib/python3.8/site-packages/airflow/example_dags/example_sensor_decorator.py took 0.089 seconds
[2025-07-12T01:47:46.717+0000] {processor.py:161} INFO - Started process (PID=1093) to work on /home/airflow/.local/lib/python3.8/site-packages/airflow/example_dags/example_sensor_decorator.py
[2025-07-12T01:47:46.719+0000] {processor.py:830} INFO - Processing file /home/airflow/.local/lib/python3.8/site-packages/airflow/example_dags/example_sensor_decorator.py for tasks to queue
[2025-07-12T01:47:46.723+0000] {logging_mixin.py:188} INFO - [2025-07-12T01:47:46.723+0000] {dagbag.py:538} INFO - Filling up the DagBag from /home/airflow/.local/lib/python3.8/site-packages/airflow/example_dags/example_sensor_decorator.py
[2025-07-12T01:47:46.735+0000] {processor.py:840} INFO - DAG(s) 'example_sensor_decorator' retrieved from /home/airflow/.local/lib/python3.8/site-packages/airflow/example_dags/example_sensor_decorator.py
[2025-07-12T01:47:46.767+0000] {logging_mixin.py:188} INFO - [2025-07-12T01:47:46.767+0000] {dag.py:3036} INFO - Sync 1 DAGs
[2025-07-12T01:47:46.789+0000] {logging_mixin.py:188} INFO - [2025-07-12T01:47:46.789+0000] {dag.py:3823} INFO - Setting next_dagrun for example_sensor_decorator to None, run_after=None
[2025-07-12T01:47:46.821+0000] {processor.py:183} INFO - Processing /home/airflow/.local/lib/python3.8/site-packages/airflow/example_dags/example_sensor_decorator.py took 0.111 seconds
[2025-07-12T01:48:17.136+0000] {processor.py:161} INFO - Started process (PID=1149) to work on /home/airflow/.local/lib/python3.8/site-packages/airflow/example_dags/example_sensor_decorator.py
[2025-07-12T01:48:17.139+0000] {processor.py:830} INFO - Processing file /home/airflow/.local/lib/python3.8/site-packages/airflow/example_dags/example_sensor_decorator.py for tasks to queue
[2025-07-12T01:48:17.142+0000] {logging_mixin.py:188} INFO - [2025-07-12T01:48:17.141+0000] {dagbag.py:538} INFO - Filling up the DagBag from /home/airflow/.local/lib/python3.8/site-packages/airflow/example_dags/example_sensor_decorator.py
[2025-07-12T01:48:17.151+0000] {processor.py:840} INFO - DAG(s) 'example_sensor_decorator' retrieved from /home/airflow/.local/lib/python3.8/site-packages/airflow/example_dags/example_sensor_decorator.py
[2025-07-12T01:48:17.185+0000] {logging_mixin.py:188} INFO - [2025-07-12T01:48:17.185+0000] {dag.py:3036} INFO - Sync 1 DAGs
[2025-07-12T01:48:17.204+0000] {logging_mixin.py:188} INFO - [2025-07-12T01:48:17.204+0000] {dag.py:3823} INFO - Setting next_dagrun for example_sensor_decorator to None, run_after=None
[2025-07-12T01:48:17.241+0000] {processor.py:183} INFO - Processing /home/airflow/.local/lib/python3.8/site-packages/airflow/example_dags/example_sensor_decorator.py took 0.111 seconds
[2025-07-12T01:48:47.776+0000] {processor.py:161} INFO - Started process (PID=1205) to work on /home/airflow/.local/lib/python3.8/site-packages/airflow/example_dags/example_sensor_decorator.py
[2025-07-12T01:48:47.777+0000] {processor.py:830} INFO - Processing file /home/airflow/.local/lib/python3.8/site-packages/airflow/example_dags/example_sensor_decorator.py for tasks to queue
[2025-07-12T01:48:47.780+0000] {logging_mixin.py:188} INFO - [2025-07-12T01:48:47.780+0000] {dagbag.py:538} INFO - Filling up the DagBag from /home/airflow/.local/lib/python3.8/site-packages/airflow/example_dags/example_sensor_decorator.py
[2025-07-12T01:48:47.790+0000] {processor.py:840} INFO - DAG(s) 'example_sensor_decorator' retrieved from /home/airflow/.local/lib/python3.8/site-packages/airflow/example_dags/example_sensor_decorator.py
[2025-07-12T01:48:47.821+0000] {logging_mixin.py:188} INFO - [2025-07-12T01:48:47.820+0000] {dag.py:3036} INFO - Sync 1 DAGs
[2025-07-12T01:48:47.840+0000] {logging_mixin.py:188} INFO - [2025-07-12T01:48:47.839+0000] {dag.py:3823} INFO - Setting next_dagrun for example_sensor_decorator to None, run_after=None
[2025-07-12T01:48:47.869+0000] {processor.py:183} INFO - Processing /home/airflow/.local/lib/python3.8/site-packages/airflow/example_dags/example_sensor_decorator.py took 0.099 seconds
[2025-07-12T01:49:18.130+0000] {processor.py:161} INFO - Started process (PID=1261) to work on /home/airflow/.local/lib/python3.8/site-packages/airflow/example_dags/example_sensor_decorator.py
[2025-07-12T01:49:18.132+0000] {processor.py:830} INFO - Processing file /home/airflow/.local/lib/python3.8/site-packages/airflow/example_dags/example_sensor_decorator.py for tasks to queue
[2025-07-12T01:49:18.135+0000] {logging_mixin.py:188} INFO - [2025-07-12T01:49:18.134+0000] {dagbag.py:538} INFO - Filling up the DagBag from /home/airflow/.local/lib/python3.8/site-packages/airflow/example_dags/example_sensor_decorator.py
[2025-07-12T01:49:18.145+0000] {processor.py:840} INFO - DAG(s) 'example_sensor_decorator' retrieved from /home/airflow/.local/lib/python3.8/site-packages/airflow/example_dags/example_sensor_decorator.py
[2025-07-12T01:49:18.172+0000] {logging_mixin.py:188} INFO - [2025-07-12T01:49:18.172+0000] {dag.py:3036} INFO - Sync 1 DAGs
[2025-07-12T01:49:18.188+0000] {logging_mixin.py:188} INFO - [2025-07-12T01:49:18.187+0000] {dag.py:3823} INFO - Setting next_dagrun for example_sensor_decorator to None, run_after=None
[2025-07-12T01:49:18.218+0000] {processor.py:183} INFO - Processing /home/airflow/.local/lib/python3.8/site-packages/airflow/example_dags/example_sensor_decorator.py took 0.092 seconds
[2025-07-12T01:49:48.315+0000] {processor.py:161} INFO - Started process (PID=1317) to work on /home/airflow/.local/lib/python3.8/site-packages/airflow/example_dags/example_sensor_decorator.py
[2025-07-12T01:49:48.316+0000] {processor.py:830} INFO - Processing file /home/airflow/.local/lib/python3.8/site-packages/airflow/example_dags/example_sensor_decorator.py for tasks to queue
[2025-07-12T01:49:48.320+0000] {logging_mixin.py:188} INFO - [2025-07-12T01:49:48.320+0000] {dagbag.py:538} INFO - Filling up the DagBag from /home/airflow/.local/lib/python3.8/site-packages/airflow/example_dags/example_sensor_decorator.py
[2025-07-12T01:49:48.343+0000] {processor.py:840} INFO - DAG(s) 'example_sensor_decorator' retrieved from /home/airflow/.local/lib/python3.8/site-packages/airflow/example_dags/example_sensor_decorator.py
[2025-07-12T01:49:48.373+0000] {logging_mixin.py:188} INFO - [2025-07-12T01:49:48.373+0000] {dag.py:3036} INFO - Sync 1 DAGs
[2025-07-12T01:49:48.394+0000] {logging_mixin.py:188} INFO - [2025-07-12T01:49:48.394+0000] {dag.py:3823} INFO - Setting next_dagrun for example_sensor_decorator to None, run_after=None
[2025-07-12T01:49:48.424+0000] {processor.py:183} INFO - Processing /home/airflow/.local/lib/python3.8/site-packages/airflow/example_dags/example_sensor_decorator.py took 0.113 seconds
[2025-07-12T01:50:18.780+0000] {processor.py:161} INFO - Started process (PID=1373) to work on /home/airflow/.local/lib/python3.8/site-packages/airflow/example_dags/example_sensor_decorator.py
[2025-07-12T01:50:18.782+0000] {processor.py:830} INFO - Processing file /home/airflow/.local/lib/python3.8/site-packages/airflow/example_dags/example_sensor_decorator.py for tasks to queue
[2025-07-12T01:50:18.785+0000] {logging_mixin.py:188} INFO - [2025-07-12T01:50:18.785+0000] {dagbag.py:538} INFO - Filling up the DagBag from /home/airflow/.local/lib/python3.8/site-packages/airflow/example_dags/example_sensor_decorator.py
[2025-07-12T01:50:18.793+0000] {processor.py:840} INFO - DAG(s) 'example_sensor_decorator' retrieved from /home/airflow/.local/lib/python3.8/site-packages/airflow/example_dags/example_sensor_decorator.py
[2025-07-12T01:50:18.822+0000] {logging_mixin.py:188} INFO - [2025-07-12T01:50:18.822+0000] {dag.py:3036} INFO - Sync 1 DAGs
[2025-07-12T01:50:18.837+0000] {logging_mixin.py:188} INFO - [2025-07-12T01:50:18.837+0000] {dag.py:3823} INFO - Setting next_dagrun for example_sensor_decorator to None, run_after=None
[2025-07-12T01:50:18.876+0000] {processor.py:183} INFO - Processing /home/airflow/.local/lib/python3.8/site-packages/airflow/example_dags/example_sensor_decorator.py took 0.100 seconds
[2025-07-12T01:50:49.410+0000] {processor.py:161} INFO - Started process (PID=1429) to work on /home/airflow/.local/lib/python3.8/site-packages/airflow/example_dags/example_sensor_decorator.py
[2025-07-12T01:50:49.412+0000] {processor.py:830} INFO - Processing file /home/airflow/.local/lib/python3.8/site-packages/airflow/example_dags/example_sensor_decorator.py for tasks to queue
[2025-07-12T01:50:49.415+0000] {logging_mixin.py:188} INFO - [2025-07-12T01:50:49.415+0000] {dagbag.py:538} INFO - Filling up the DagBag from /home/airflow/.local/lib/python3.8/site-packages/airflow/example_dags/example_sensor_decorator.py
[2025-07-12T01:50:49.424+0000] {processor.py:840} INFO - DAG(s) 'example_sensor_decorator' retrieved from /home/airflow/.local/lib/python3.8/site-packages/airflow/example_dags/example_sensor_decorator.py
[2025-07-12T01:50:49.451+0000] {logging_mixin.py:188} INFO - [2025-07-12T01:50:49.451+0000] {dag.py:3036} INFO - Sync 1 DAGs
[2025-07-12T01:50:49.471+0000] {logging_mixin.py:188} INFO - [2025-07-12T01:50:49.471+0000] {dag.py:3823} INFO - Setting next_dagrun for example_sensor_decorator to None, run_after=None
[2025-07-12T01:50:49.507+0000] {processor.py:183} INFO - Processing /home/airflow/.local/lib/python3.8/site-packages/airflow/example_dags/example_sensor_decorator.py took 0.101 seconds
[2025-07-12T01:51:19.729+0000] {processor.py:161} INFO - Started process (PID=1485) to work on /home/airflow/.local/lib/python3.8/site-packages/airflow/example_dags/example_sensor_decorator.py
[2025-07-12T01:51:19.731+0000] {processor.py:830} INFO - Processing file /home/airflow/.local/lib/python3.8/site-packages/airflow/example_dags/example_sensor_decorator.py for tasks to queue
[2025-07-12T01:51:19.734+0000] {logging_mixin.py:188} INFO - [2025-07-12T01:51:19.733+0000] {dagbag.py:538} INFO - Filling up the DagBag from /home/airflow/.local/lib/python3.8/site-packages/airflow/example_dags/example_sensor_decorator.py
[2025-07-12T01:51:19.743+0000] {processor.py:840} INFO - DAG(s) 'example_sensor_decorator' retrieved from /home/airflow/.local/lib/python3.8/site-packages/airflow/example_dags/example_sensor_decorator.py
[2025-07-12T01:51:19.772+0000] {logging_mixin.py:188} INFO - [2025-07-12T01:51:19.771+0000] {dag.py:3036} INFO - Sync 1 DAGs
[2025-07-12T01:51:19.786+0000] {logging_mixin.py:188} INFO - [2025-07-12T01:51:19.786+0000] {dag.py:3823} INFO - Setting next_dagrun for example_sensor_decorator to None, run_after=None
[2025-07-12T01:51:19.817+0000] {processor.py:183} INFO - Processing /home/airflow/.local/lib/python3.8/site-packages/airflow/example_dags/example_sensor_decorator.py took 0.093 seconds
[2025-07-12T01:51:50.694+0000] {processor.py:161} INFO - Started process (PID=1541) to work on /home/airflow/.local/lib/python3.8/site-packages/airflow/example_dags/example_sensor_decorator.py
[2025-07-12T01:51:50.696+0000] {processor.py:830} INFO - Processing file /home/airflow/.local/lib/python3.8/site-packages/airflow/example_dags/example_sensor_decorator.py for tasks to queue
[2025-07-12T01:51:50.699+0000] {logging_mixin.py:188} INFO - [2025-07-12T01:51:50.699+0000] {dagbag.py:538} INFO - Filling up the DagBag from /home/airflow/.local/lib/python3.8/site-packages/airflow/example_dags/example_sensor_decorator.py
[2025-07-12T01:51:50.710+0000] {processor.py:840} INFO - DAG(s) 'example_sensor_decorator' retrieved from /home/airflow/.local/lib/python3.8/site-packages/airflow/example_dags/example_sensor_decorator.py
[2025-07-12T01:51:50.736+0000] {logging_mixin.py:188} INFO - [2025-07-12T01:51:50.736+0000] {dag.py:3036} INFO - Sync 1 DAGs
[2025-07-12T01:51:50.753+0000] {logging_mixin.py:188} INFO - [2025-07-12T01:51:50.753+0000] {dag.py:3823} INFO - Setting next_dagrun for example_sensor_decorator to None, run_after=None
[2025-07-12T01:51:50.785+0000] {processor.py:183} INFO - Processing /home/airflow/.local/lib/python3.8/site-packages/airflow/example_dags/example_sensor_decorator.py took 0.096 seconds
[2025-07-12T01:52:20.940+0000] {processor.py:161} INFO - Started process (PID=1597) to work on /home/airflow/.local/lib/python3.8/site-packages/airflow/example_dags/example_sensor_decorator.py
[2025-07-12T01:52:20.943+0000] {processor.py:830} INFO - Processing file /home/airflow/.local/lib/python3.8/site-packages/airflow/example_dags/example_sensor_decorator.py for tasks to queue
[2025-07-12T01:52:20.947+0000] {logging_mixin.py:188} INFO - [2025-07-12T01:52:20.946+0000] {dagbag.py:538} INFO - Filling up the DagBag from /home/airflow/.local/lib/python3.8/site-packages/airflow/example_dags/example_sensor_decorator.py
[2025-07-12T01:52:20.956+0000] {processor.py:840} INFO - DAG(s) 'example_sensor_decorator' retrieved from /home/airflow/.local/lib/python3.8/site-packages/airflow/example_dags/example_sensor_decorator.py
[2025-07-12T01:52:20.989+0000] {logging_mixin.py:188} INFO - [2025-07-12T01:52:20.989+0000] {dag.py:3036} INFO - Sync 1 DAGs
[2025-07-12T01:52:21.006+0000] {logging_mixin.py:188} INFO - [2025-07-12T01:52:21.006+0000] {dag.py:3823} INFO - Setting next_dagrun for example_sensor_decorator to None, run_after=None
[2025-07-12T01:52:21.036+0000] {processor.py:183} INFO - Processing /home/airflow/.local/lib/python3.8/site-packages/airflow/example_dags/example_sensor_decorator.py took 0.102 seconds
[2025-07-12T01:52:51.228+0000] {processor.py:161} INFO - Started process (PID=1652) to work on /home/airflow/.local/lib/python3.8/site-packages/airflow/example_dags/example_sensor_decorator.py
[2025-07-12T01:52:51.231+0000] {processor.py:830} INFO - Processing file /home/airflow/.local/lib/python3.8/site-packages/airflow/example_dags/example_sensor_decorator.py for tasks to queue
[2025-07-12T01:52:51.238+0000] {logging_mixin.py:188} INFO - [2025-07-12T01:52:51.237+0000] {dagbag.py:538} INFO - Filling up the DagBag from /home/airflow/.local/lib/python3.8/site-packages/airflow/example_dags/example_sensor_decorator.py
[2025-07-12T01:52:51.285+0000] {processor.py:840} INFO - DAG(s) 'example_sensor_decorator' retrieved from /home/airflow/.local/lib/python3.8/site-packages/airflow/example_dags/example_sensor_decorator.py
[2025-07-12T01:52:51.335+0000] {logging_mixin.py:188} INFO - [2025-07-12T01:52:51.335+0000] {dag.py:3036} INFO - Sync 1 DAGs
[2025-07-12T01:52:51.367+0000] {logging_mixin.py:188} INFO - [2025-07-12T01:52:51.366+0000] {dag.py:3823} INFO - Setting next_dagrun for example_sensor_decorator to None, run_after=None
[2025-07-12T01:52:51.429+0000] {processor.py:183} INFO - Processing /home/airflow/.local/lib/python3.8/site-packages/airflow/example_dags/example_sensor_decorator.py took 0.206 seconds
[2025-07-12T01:54:17.010+0000] {processor.py:161} INFO - Started process (PID=86) to work on /home/airflow/.local/lib/python3.8/site-packages/airflow/example_dags/example_sensor_decorator.py
[2025-07-12T01:54:17.012+0000] {processor.py:830} INFO - Processing file /home/airflow/.local/lib/python3.8/site-packages/airflow/example_dags/example_sensor_decorator.py for tasks to queue
[2025-07-12T01:54:17.015+0000] {logging_mixin.py:188} INFO - [2025-07-12T01:54:17.015+0000] {dagbag.py:538} INFO - Filling up the DagBag from /home/airflow/.local/lib/python3.8/site-packages/airflow/example_dags/example_sensor_decorator.py
[2025-07-12T01:54:17.029+0000] {processor.py:840} INFO - DAG(s) 'example_sensor_decorator' retrieved from /home/airflow/.local/lib/python3.8/site-packages/airflow/example_dags/example_sensor_decorator.py
[2025-07-12T01:54:17.177+0000] {logging_mixin.py:188} INFO - [2025-07-12T01:54:17.177+0000] {override.py:1769} INFO - Created Permission View: can read on DAG:example_sensor_decorator
[2025-07-12T01:54:17.193+0000] {logging_mixin.py:188} INFO - [2025-07-12T01:54:17.193+0000] {override.py:1769} INFO - Created Permission View: can delete on DAG:example_sensor_decorator
[2025-07-12T01:54:17.205+0000] {logging_mixin.py:188} INFO - [2025-07-12T01:54:17.205+0000] {override.py:1769} INFO - Created Permission View: can edit on DAG:example_sensor_decorator
[2025-07-12T01:54:17.207+0000] {logging_mixin.py:188} INFO - [2025-07-12T01:54:17.207+0000] {dag.py:3036} INFO - Sync 1 DAGs
[2025-07-12T01:54:17.221+0000] {logging_mixin.py:188} INFO - [2025-07-12T01:54:17.221+0000] {dag.py:3058} INFO - Creating ORM DAG for example_sensor_decorator
[2025-07-12T01:54:17.223+0000] {logging_mixin.py:188} INFO - [2025-07-12T01:54:17.223+0000] {dag.py:3823} INFO - Setting next_dagrun for example_sensor_decorator to None, run_after=None
[2025-07-12T01:54:17.249+0000] {processor.py:183} INFO - Processing /home/airflow/.local/lib/python3.8/site-packages/airflow/example_dags/example_sensor_decorator.py took 0.244 seconds
[2025-07-12T01:54:47.637+0000] {processor.py:161} INFO - Started process (PID=143) to work on /home/airflow/.local/lib/python3.8/site-packages/airflow/example_dags/example_sensor_decorator.py
[2025-07-12T01:54:47.639+0000] {processor.py:830} INFO - Processing file /home/airflow/.local/lib/python3.8/site-packages/airflow/example_dags/example_sensor_decorator.py for tasks to queue
[2025-07-12T01:54:47.642+0000] {logging_mixin.py:188} INFO - [2025-07-12T01:54:47.641+0000] {dagbag.py:538} INFO - Filling up the DagBag from /home/airflow/.local/lib/python3.8/site-packages/airflow/example_dags/example_sensor_decorator.py
[2025-07-12T01:54:47.650+0000] {processor.py:840} INFO - DAG(s) 'example_sensor_decorator' retrieved from /home/airflow/.local/lib/python3.8/site-packages/airflow/example_dags/example_sensor_decorator.py
[2025-07-12T01:54:47.681+0000] {logging_mixin.py:188} INFO - [2025-07-12T01:54:47.680+0000] {dag.py:3036} INFO - Sync 1 DAGs
[2025-07-12T01:54:47.701+0000] {logging_mixin.py:188} INFO - [2025-07-12T01:54:47.700+0000] {dag.py:3823} INFO - Setting next_dagrun for example_sensor_decorator to None, run_after=None
[2025-07-12T01:54:47.732+0000] {processor.py:183} INFO - Processing /home/airflow/.local/lib/python3.8/site-packages/airflow/example_dags/example_sensor_decorator.py took 0.102 seconds
[2025-07-12T01:55:18.279+0000] {processor.py:161} INFO - Started process (PID=200) to work on /home/airflow/.local/lib/python3.8/site-packages/airflow/example_dags/example_sensor_decorator.py
[2025-07-12T01:55:18.281+0000] {processor.py:830} INFO - Processing file /home/airflow/.local/lib/python3.8/site-packages/airflow/example_dags/example_sensor_decorator.py for tasks to queue
[2025-07-12T01:55:18.285+0000] {logging_mixin.py:188} INFO - [2025-07-12T01:55:18.284+0000] {dagbag.py:538} INFO - Filling up the DagBag from /home/airflow/.local/lib/python3.8/site-packages/airflow/example_dags/example_sensor_decorator.py
[2025-07-12T01:55:18.297+0000] {processor.py:840} INFO - DAG(s) 'example_sensor_decorator' retrieved from /home/airflow/.local/lib/python3.8/site-packages/airflow/example_dags/example_sensor_decorator.py
[2025-07-12T01:55:18.326+0000] {logging_mixin.py:188} INFO - [2025-07-12T01:55:18.326+0000] {dag.py:3036} INFO - Sync 1 DAGs
[2025-07-12T01:55:18.341+0000] {logging_mixin.py:188} INFO - [2025-07-12T01:55:18.341+0000] {dag.py:3823} INFO - Setting next_dagrun for example_sensor_decorator to None, run_after=None
[2025-07-12T01:55:18.367+0000] {processor.py:183} INFO - Processing /home/airflow/.local/lib/python3.8/site-packages/airflow/example_dags/example_sensor_decorator.py took 0.092 seconds
[2025-07-12T01:55:48.991+0000] {processor.py:161} INFO - Started process (PID=262) to work on /home/airflow/.local/lib/python3.8/site-packages/airflow/example_dags/example_sensor_decorator.py
[2025-07-12T01:55:48.993+0000] {processor.py:830} INFO - Processing file /home/airflow/.local/lib/python3.8/site-packages/airflow/example_dags/example_sensor_decorator.py for tasks to queue
[2025-07-12T01:55:49.000+0000] {logging_mixin.py:188} INFO - [2025-07-12T01:55:48.999+0000] {dagbag.py:538} INFO - Filling up the DagBag from /home/airflow/.local/lib/python3.8/site-packages/airflow/example_dags/example_sensor_decorator.py
[2025-07-12T01:55:49.011+0000] {processor.py:840} INFO - DAG(s) 'example_sensor_decorator' retrieved from /home/airflow/.local/lib/python3.8/site-packages/airflow/example_dags/example_sensor_decorator.py
[2025-07-12T01:55:49.049+0000] {logging_mixin.py:188} INFO - [2025-07-12T01:55:49.049+0000] {dag.py:3036} INFO - Sync 1 DAGs
[2025-07-12T01:55:49.066+0000] {logging_mixin.py:188} INFO - [2025-07-12T01:55:49.066+0000] {dag.py:3823} INFO - Setting next_dagrun for example_sensor_decorator to None, run_after=None
[2025-07-12T01:55:49.096+0000] {processor.py:183} INFO - Processing /home/airflow/.local/lib/python3.8/site-packages/airflow/example_dags/example_sensor_decorator.py took 0.111 seconds
[2025-07-12T01:56:20.018+0000] {processor.py:161} INFO - Started process (PID=319) to work on /home/airflow/.local/lib/python3.8/site-packages/airflow/example_dags/example_sensor_decorator.py
[2025-07-12T01:56:20.019+0000] {processor.py:830} INFO - Processing file /home/airflow/.local/lib/python3.8/site-packages/airflow/example_dags/example_sensor_decorator.py for tasks to queue
[2025-07-12T01:56:20.023+0000] {logging_mixin.py:188} INFO - [2025-07-12T01:56:20.022+0000] {dagbag.py:538} INFO - Filling up the DagBag from /home/airflow/.local/lib/python3.8/site-packages/airflow/example_dags/example_sensor_decorator.py
[2025-07-12T01:56:20.031+0000] {processor.py:840} INFO - DAG(s) 'example_sensor_decorator' retrieved from /home/airflow/.local/lib/python3.8/site-packages/airflow/example_dags/example_sensor_decorator.py
[2025-07-12T01:56:20.063+0000] {logging_mixin.py:188} INFO - [2025-07-12T01:56:20.062+0000] {dag.py:3036} INFO - Sync 1 DAGs
[2025-07-12T01:56:20.079+0000] {logging_mixin.py:188} INFO - [2025-07-12T01:56:20.078+0000] {dag.py:3823} INFO - Setting next_dagrun for example_sensor_decorator to None, run_after=None
[2025-07-12T01:56:20.111+0000] {processor.py:183} INFO - Processing /home/airflow/.local/lib/python3.8/site-packages/airflow/example_dags/example_sensor_decorator.py took 0.098 seconds
[2025-07-12T01:56:51.102+0000] {processor.py:161} INFO - Started process (PID=380) to work on /home/airflow/.local/lib/python3.8/site-packages/airflow/example_dags/example_sensor_decorator.py
[2025-07-12T01:56:51.104+0000] {processor.py:830} INFO - Processing file /home/airflow/.local/lib/python3.8/site-packages/airflow/example_dags/example_sensor_decorator.py for tasks to queue
[2025-07-12T01:56:51.108+0000] {logging_mixin.py:188} INFO - [2025-07-12T01:56:51.107+0000] {dagbag.py:538} INFO - Filling up the DagBag from /home/airflow/.local/lib/python3.8/site-packages/airflow/example_dags/example_sensor_decorator.py
[2025-07-12T01:56:51.121+0000] {processor.py:840} INFO - DAG(s) 'example_sensor_decorator' retrieved from /home/airflow/.local/lib/python3.8/site-packages/airflow/example_dags/example_sensor_decorator.py
[2025-07-12T01:56:51.157+0000] {logging_mixin.py:188} INFO - [2025-07-12T01:56:51.157+0000] {dag.py:3036} INFO - Sync 1 DAGs
[2025-07-12T01:56:51.178+0000] {logging_mixin.py:188} INFO - [2025-07-12T01:56:51.177+0000] {dag.py:3823} INFO - Setting next_dagrun for example_sensor_decorator to None, run_after=None
[2025-07-12T01:56:51.212+0000] {processor.py:183} INFO - Processing /home/airflow/.local/lib/python3.8/site-packages/airflow/example_dags/example_sensor_decorator.py took 0.114 seconds
