[2025-07-12T01:35:16.135+0000] {processor.py:161} INFO - Started process (PID=105) to work on /home/airflow/.local/lib/python3.8/site-packages/airflow/example_dags/example_latest_only_with_trigger.py
[2025-07-12T01:35:16.137+0000] {processor.py:830} INFO - Processing file /home/airflow/.local/lib/python3.8/site-packages/airflow/example_dags/example_latest_only_with_trigger.py for tasks to queue
[2025-07-12T01:35:16.141+0000] {logging_mixin.py:188} INFO - [2025-07-12T01:35:16.141+0000] {dagbag.py:538} INFO - Filling up the DagBag from /home/airflow/.local/lib/python3.8/site-packages/airflow/example_dags/example_latest_only_with_trigger.py
[2025-07-12T01:35:16.155+0000] {processor.py:840} INFO - DAG(s) 'latest_only_with_trigger' retrieved from /home/airflow/.local/lib/python3.8/site-packages/airflow/example_dags/example_latest_only_with_trigger.py
[2025-07-12T01:35:16.197+0000] {logging_mixin.py:188} INFO - [2025-07-12T01:35:16.196+0000] {dag.py:3036} INFO - Sync 1 DAGs
[2025-07-12T01:35:16.242+0000] {logging_mixin.py:188} INFO - [2025-07-12T01:35:16.242+0000] {dag.py:3823} INFO - Setting next_dagrun for latest_only_with_trigger to 2025-07-11 20:00:00+00:00, run_after=2025-07-12 00:00:00+00:00
[2025-07-12T01:35:16.313+0000] {processor.py:183} INFO - Processing /home/airflow/.local/lib/python3.8/site-packages/airflow/example_dags/example_latest_only_with_trigger.py took 0.184 seconds
[2025-07-12T01:35:47.157+0000] {processor.py:161} INFO - Started process (PID=161) to work on /home/airflow/.local/lib/python3.8/site-packages/airflow/example_dags/example_latest_only_with_trigger.py
[2025-07-12T01:35:47.160+0000] {processor.py:830} INFO - Processing file /home/airflow/.local/lib/python3.8/site-packages/airflow/example_dags/example_latest_only_with_trigger.py for tasks to queue
[2025-07-12T01:35:47.163+0000] {logging_mixin.py:188} INFO - [2025-07-12T01:35:47.163+0000] {dagbag.py:538} INFO - Filling up the DagBag from /home/airflow/.local/lib/python3.8/site-packages/airflow/example_dags/example_latest_only_with_trigger.py
[2025-07-12T01:35:47.171+0000] {processor.py:840} INFO - DAG(s) 'latest_only_with_trigger' retrieved from /home/airflow/.local/lib/python3.8/site-packages/airflow/example_dags/example_latest_only_with_trigger.py
[2025-07-12T01:35:47.202+0000] {logging_mixin.py:188} INFO - [2025-07-12T01:35:47.202+0000] {dag.py:3036} INFO - Sync 1 DAGs
[2025-07-12T01:35:47.231+0000] {logging_mixin.py:188} INFO - [2025-07-12T01:35:47.231+0000] {dag.py:3823} INFO - Setting next_dagrun for latest_only_with_trigger to 2025-07-11 20:00:00+00:00, run_after=2025-07-12 00:00:00+00:00
[2025-07-12T01:35:47.265+0000] {processor.py:183} INFO - Processing /home/airflow/.local/lib/python3.8/site-packages/airflow/example_dags/example_latest_only_with_trigger.py took 0.112 seconds
[2025-07-12T01:36:17.695+0000] {processor.py:161} INFO - Started process (PID=217) to work on /home/airflow/.local/lib/python3.8/site-packages/airflow/example_dags/example_latest_only_with_trigger.py
[2025-07-12T01:36:17.697+0000] {processor.py:830} INFO - Processing file /home/airflow/.local/lib/python3.8/site-packages/airflow/example_dags/example_latest_only_with_trigger.py for tasks to queue
[2025-07-12T01:36:17.701+0000] {logging_mixin.py:188} INFO - [2025-07-12T01:36:17.701+0000] {dagbag.py:538} INFO - Filling up the DagBag from /home/airflow/.local/lib/python3.8/site-packages/airflow/example_dags/example_latest_only_with_trigger.py
[2025-07-12T01:36:17.709+0000] {processor.py:840} INFO - DAG(s) 'latest_only_with_trigger' retrieved from /home/airflow/.local/lib/python3.8/site-packages/airflow/example_dags/example_latest_only_with_trigger.py
[2025-07-12T01:36:17.724+0000] {logging_mixin.py:188} INFO - [2025-07-12T01:36:17.724+0000] {dag.py:3036} INFO - Sync 1 DAGs
[2025-07-12T01:36:17.745+0000] {logging_mixin.py:188} INFO - [2025-07-12T01:36:17.745+0000] {dag.py:3823} INFO - Setting next_dagrun for latest_only_with_trigger to 2025-07-11 20:00:00+00:00, run_after=2025-07-12 00:00:00+00:00
[2025-07-12T01:36:17.769+0000] {processor.py:183} INFO - Processing /home/airflow/.local/lib/python3.8/site-packages/airflow/example_dags/example_latest_only_with_trigger.py took 0.082 seconds
[2025-07-12T01:36:49.768+0000] {processor.py:161} INFO - Started process (PID=273) to work on /home/airflow/.local/lib/python3.8/site-packages/airflow/example_dags/example_latest_only_with_trigger.py
[2025-07-12T01:36:49.770+0000] {processor.py:830} INFO - Processing file /home/airflow/.local/lib/python3.8/site-packages/airflow/example_dags/example_latest_only_with_trigger.py for tasks to queue
[2025-07-12T01:36:49.775+0000] {logging_mixin.py:188} INFO - [2025-07-12T01:36:49.774+0000] {dagbag.py:538} INFO - Filling up the DagBag from /home/airflow/.local/lib/python3.8/site-packages/airflow/example_dags/example_latest_only_with_trigger.py
[2025-07-12T01:36:49.788+0000] {processor.py:840} INFO - DAG(s) 'latest_only_with_trigger' retrieved from /home/airflow/.local/lib/python3.8/site-packages/airflow/example_dags/example_latest_only_with_trigger.py
[2025-07-12T01:36:49.943+0000] {logging_mixin.py:188} INFO - [2025-07-12T01:36:49.943+0000] {dag.py:3036} INFO - Sync 1 DAGs
[2025-07-12T01:36:49.974+0000] {logging_mixin.py:188} INFO - [2025-07-12T01:36:49.973+0000] {dag.py:3823} INFO - Setting next_dagrun for latest_only_with_trigger to 2025-07-11 20:00:00+00:00, run_after=2025-07-12 00:00:00+00:00
[2025-07-12T01:36:50.009+0000] {processor.py:183} INFO - Processing /home/airflow/.local/lib/python3.8/site-packages/airflow/example_dags/example_latest_only_with_trigger.py took 0.247 seconds
[2025-07-12T01:37:20.783+0000] {processor.py:161} INFO - Started process (PID=329) to work on /home/airflow/.local/lib/python3.8/site-packages/airflow/example_dags/example_latest_only_with_trigger.py
[2025-07-12T01:37:20.785+0000] {processor.py:830} INFO - Processing file /home/airflow/.local/lib/python3.8/site-packages/airflow/example_dags/example_latest_only_with_trigger.py for tasks to queue
[2025-07-12T01:37:20.789+0000] {logging_mixin.py:188} INFO - [2025-07-12T01:37:20.788+0000] {dagbag.py:538} INFO - Filling up the DagBag from /home/airflow/.local/lib/python3.8/site-packages/airflow/example_dags/example_latest_only_with_trigger.py
[2025-07-12T01:37:20.796+0000] {processor.py:840} INFO - DAG(s) 'latest_only_with_trigger' retrieved from /home/airflow/.local/lib/python3.8/site-packages/airflow/example_dags/example_latest_only_with_trigger.py
[2025-07-12T01:37:20.820+0000] {logging_mixin.py:188} INFO - [2025-07-12T01:37:20.820+0000] {dag.py:3036} INFO - Sync 1 DAGs
[2025-07-12T01:37:20.841+0000] {logging_mixin.py:188} INFO - [2025-07-12T01:37:20.841+0000] {dag.py:3823} INFO - Setting next_dagrun for latest_only_with_trigger to 2025-07-11 20:00:00+00:00, run_after=2025-07-12 00:00:00+00:00
[2025-07-12T01:37:20.865+0000] {processor.py:183} INFO - Processing /home/airflow/.local/lib/python3.8/site-packages/airflow/example_dags/example_latest_only_with_trigger.py took 0.087 seconds
[2025-07-12T01:38:38.306+0000] {processor.py:161} INFO - Started process (PID=105) to work on /home/airflow/.local/lib/python3.8/site-packages/airflow/example_dags/example_latest_only_with_trigger.py
[2025-07-12T01:38:38.308+0000] {processor.py:830} INFO - Processing file /home/airflow/.local/lib/python3.8/site-packages/airflow/example_dags/example_latest_only_with_trigger.py for tasks to queue
[2025-07-12T01:38:38.311+0000] {logging_mixin.py:188} INFO - [2025-07-12T01:38:38.311+0000] {dagbag.py:538} INFO - Filling up the DagBag from /home/airflow/.local/lib/python3.8/site-packages/airflow/example_dags/example_latest_only_with_trigger.py
[2025-07-12T01:38:38.338+0000] {processor.py:840} INFO - DAG(s) 'latest_only_with_trigger' retrieved from /home/airflow/.local/lib/python3.8/site-packages/airflow/example_dags/example_latest_only_with_trigger.py
[2025-07-12T01:38:38.506+0000] {logging_mixin.py:188} INFO - [2025-07-12T01:38:38.505+0000] {override.py:1769} INFO - Created Permission View: can edit on DAG:latest_only_with_trigger
[2025-07-12T01:38:38.525+0000] {logging_mixin.py:188} INFO - [2025-07-12T01:38:38.524+0000] {override.py:1769} INFO - Created Permission View: can delete on DAG:latest_only_with_trigger
[2025-07-12T01:38:38.539+0000] {logging_mixin.py:188} INFO - [2025-07-12T01:38:38.538+0000] {override.py:1769} INFO - Created Permission View: can read on DAG:latest_only_with_trigger
[2025-07-12T01:38:38.540+0000] {logging_mixin.py:188} INFO - [2025-07-12T01:38:38.540+0000] {dag.py:3036} INFO - Sync 1 DAGs
[2025-07-12T01:38:38.559+0000] {logging_mixin.py:188} INFO - [2025-07-12T01:38:38.559+0000] {dag.py:3058} INFO - Creating ORM DAG for latest_only_with_trigger
[2025-07-12T01:38:38.578+0000] {logging_mixin.py:188} INFO - [2025-07-12T01:38:38.577+0000] {dag.py:3823} INFO - Setting next_dagrun for latest_only_with_trigger to 2025-07-11 20:00:00+00:00, run_after=2025-07-12 00:00:00+00:00
[2025-07-12T01:38:38.618+0000] {processor.py:183} INFO - Processing /home/airflow/.local/lib/python3.8/site-packages/airflow/example_dags/example_latest_only_with_trigger.py took 0.320 seconds
[2025-07-12T01:39:09.381+0000] {processor.py:161} INFO - Started process (PID=161) to work on /home/airflow/.local/lib/python3.8/site-packages/airflow/example_dags/example_latest_only_with_trigger.py
[2025-07-12T01:39:09.384+0000] {processor.py:830} INFO - Processing file /home/airflow/.local/lib/python3.8/site-packages/airflow/example_dags/example_latest_only_with_trigger.py for tasks to queue
[2025-07-12T01:39:09.390+0000] {logging_mixin.py:188} INFO - [2025-07-12T01:39:09.389+0000] {dagbag.py:538} INFO - Filling up the DagBag from /home/airflow/.local/lib/python3.8/site-packages/airflow/example_dags/example_latest_only_with_trigger.py
[2025-07-12T01:39:09.405+0000] {processor.py:840} INFO - DAG(s) 'latest_only_with_trigger' retrieved from /home/airflow/.local/lib/python3.8/site-packages/airflow/example_dags/example_latest_only_with_trigger.py
[2025-07-12T01:39:09.452+0000] {logging_mixin.py:188} INFO - [2025-07-12T01:39:09.452+0000] {dag.py:3036} INFO - Sync 1 DAGs
[2025-07-12T01:39:09.489+0000] {logging_mixin.py:188} INFO - [2025-07-12T01:39:09.488+0000] {dag.py:3823} INFO - Setting next_dagrun for latest_only_with_trigger to 2025-07-11 20:00:00+00:00, run_after=2025-07-12 00:00:00+00:00
[2025-07-12T01:39:09.523+0000] {processor.py:183} INFO - Processing /home/airflow/.local/lib/python3.8/site-packages/airflow/example_dags/example_latest_only_with_trigger.py took 0.151 seconds
[2025-07-12T01:39:39.695+0000] {processor.py:161} INFO - Started process (PID=217) to work on /home/airflow/.local/lib/python3.8/site-packages/airflow/example_dags/example_latest_only_with_trigger.py
[2025-07-12T01:39:39.698+0000] {processor.py:830} INFO - Processing file /home/airflow/.local/lib/python3.8/site-packages/airflow/example_dags/example_latest_only_with_trigger.py for tasks to queue
[2025-07-12T01:39:39.701+0000] {logging_mixin.py:188} INFO - [2025-07-12T01:39:39.701+0000] {dagbag.py:538} INFO - Filling up the DagBag from /home/airflow/.local/lib/python3.8/site-packages/airflow/example_dags/example_latest_only_with_trigger.py
[2025-07-12T01:39:39.707+0000] {processor.py:840} INFO - DAG(s) 'latest_only_with_trigger' retrieved from /home/airflow/.local/lib/python3.8/site-packages/airflow/example_dags/example_latest_only_with_trigger.py
[2025-07-12T01:39:39.731+0000] {logging_mixin.py:188} INFO - [2025-07-12T01:39:39.731+0000] {dag.py:3036} INFO - Sync 1 DAGs
[2025-07-12T01:39:39.753+0000] {logging_mixin.py:188} INFO - [2025-07-12T01:39:39.753+0000] {dag.py:3823} INFO - Setting next_dagrun for latest_only_with_trigger to 2025-07-11 20:00:00+00:00, run_after=2025-07-12 00:00:00+00:00
[2025-07-12T01:39:39.777+0000] {processor.py:183} INFO - Processing /home/airflow/.local/lib/python3.8/site-packages/airflow/example_dags/example_latest_only_with_trigger.py took 0.087 seconds
[2025-07-12T01:40:09.859+0000] {processor.py:161} INFO - Started process (PID=274) to work on /home/airflow/.local/lib/python3.8/site-packages/airflow/example_dags/example_latest_only_with_trigger.py
[2025-07-12T01:40:09.860+0000] {processor.py:830} INFO - Processing file /home/airflow/.local/lib/python3.8/site-packages/airflow/example_dags/example_latest_only_with_trigger.py for tasks to queue
[2025-07-12T01:40:09.863+0000] {logging_mixin.py:188} INFO - [2025-07-12T01:40:09.862+0000] {dagbag.py:538} INFO - Filling up the DagBag from /home/airflow/.local/lib/python3.8/site-packages/airflow/example_dags/example_latest_only_with_trigger.py
[2025-07-12T01:40:09.869+0000] {processor.py:840} INFO - DAG(s) 'latest_only_with_trigger' retrieved from /home/airflow/.local/lib/python3.8/site-packages/airflow/example_dags/example_latest_only_with_trigger.py
[2025-07-12T01:40:09.895+0000] {logging_mixin.py:188} INFO - [2025-07-12T01:40:09.895+0000] {dag.py:3036} INFO - Sync 1 DAGs
[2025-07-12T01:40:09.920+0000] {logging_mixin.py:188} INFO - [2025-07-12T01:40:09.920+0000] {dag.py:3823} INFO - Setting next_dagrun for latest_only_with_trigger to 2025-07-11 20:00:00+00:00, run_after=2025-07-12 00:00:00+00:00
[2025-07-12T01:40:09.943+0000] {processor.py:183} INFO - Processing /home/airflow/.local/lib/python3.8/site-packages/airflow/example_dags/example_latest_only_with_trigger.py took 0.087 seconds
[2025-07-12T01:40:40.028+0000] {processor.py:161} INFO - Started process (PID=330) to work on /home/airflow/.local/lib/python3.8/site-packages/airflow/example_dags/example_latest_only_with_trigger.py
[2025-07-12T01:40:40.030+0000] {processor.py:830} INFO - Processing file /home/airflow/.local/lib/python3.8/site-packages/airflow/example_dags/example_latest_only_with_trigger.py for tasks to queue
[2025-07-12T01:40:40.033+0000] {logging_mixin.py:188} INFO - [2025-07-12T01:40:40.033+0000] {dagbag.py:538} INFO - Filling up the DagBag from /home/airflow/.local/lib/python3.8/site-packages/airflow/example_dags/example_latest_only_with_trigger.py
[2025-07-12T01:40:40.043+0000] {processor.py:840} INFO - DAG(s) 'latest_only_with_trigger' retrieved from /home/airflow/.local/lib/python3.8/site-packages/airflow/example_dags/example_latest_only_with_trigger.py
[2025-07-12T01:40:40.072+0000] {logging_mixin.py:188} INFO - [2025-07-12T01:40:40.072+0000] {dag.py:3036} INFO - Sync 1 DAGs
[2025-07-12T01:40:40.095+0000] {logging_mixin.py:188} INFO - [2025-07-12T01:40:40.095+0000] {dag.py:3823} INFO - Setting next_dagrun for latest_only_with_trigger to 2025-07-11 20:00:00+00:00, run_after=2025-07-12 00:00:00+00:00
[2025-07-12T01:40:40.123+0000] {processor.py:183} INFO - Processing /home/airflow/.local/lib/python3.8/site-packages/airflow/example_dags/example_latest_only_with_trigger.py took 0.100 seconds
[2025-07-12T01:41:10.481+0000] {processor.py:161} INFO - Started process (PID=386) to work on /home/airflow/.local/lib/python3.8/site-packages/airflow/example_dags/example_latest_only_with_trigger.py
[2025-07-12T01:41:10.483+0000] {processor.py:830} INFO - Processing file /home/airflow/.local/lib/python3.8/site-packages/airflow/example_dags/example_latest_only_with_trigger.py for tasks to queue
[2025-07-12T01:41:10.485+0000] {logging_mixin.py:188} INFO - [2025-07-12T01:41:10.485+0000] {dagbag.py:538} INFO - Filling up the DagBag from /home/airflow/.local/lib/python3.8/site-packages/airflow/example_dags/example_latest_only_with_trigger.py
[2025-07-12T01:41:10.492+0000] {processor.py:840} INFO - DAG(s) 'latest_only_with_trigger' retrieved from /home/airflow/.local/lib/python3.8/site-packages/airflow/example_dags/example_latest_only_with_trigger.py
[2025-07-12T01:41:10.515+0000] {logging_mixin.py:188} INFO - [2025-07-12T01:41:10.515+0000] {dag.py:3036} INFO - Sync 1 DAGs
[2025-07-12T01:41:10.539+0000] {logging_mixin.py:188} INFO - [2025-07-12T01:41:10.539+0000] {dag.py:3823} INFO - Setting next_dagrun for latest_only_with_trigger to 2025-07-11 20:00:00+00:00, run_after=2025-07-12 00:00:00+00:00
[2025-07-12T01:41:10.562+0000] {processor.py:183} INFO - Processing /home/airflow/.local/lib/python3.8/site-packages/airflow/example_dags/example_latest_only_with_trigger.py took 0.084 seconds
[2025-07-12T01:41:40.752+0000] {processor.py:161} INFO - Started process (PID=442) to work on /home/airflow/.local/lib/python3.8/site-packages/airflow/example_dags/example_latest_only_with_trigger.py
[2025-07-12T01:41:40.753+0000] {processor.py:830} INFO - Processing file /home/airflow/.local/lib/python3.8/site-packages/airflow/example_dags/example_latest_only_with_trigger.py for tasks to queue
[2025-07-12T01:41:40.756+0000] {logging_mixin.py:188} INFO - [2025-07-12T01:41:40.755+0000] {dagbag.py:538} INFO - Filling up the DagBag from /home/airflow/.local/lib/python3.8/site-packages/airflow/example_dags/example_latest_only_with_trigger.py
[2025-07-12T01:41:40.762+0000] {processor.py:840} INFO - DAG(s) 'latest_only_with_trigger' retrieved from /home/airflow/.local/lib/python3.8/site-packages/airflow/example_dags/example_latest_only_with_trigger.py
[2025-07-12T01:41:40.785+0000] {logging_mixin.py:188} INFO - [2025-07-12T01:41:40.785+0000] {dag.py:3036} INFO - Sync 1 DAGs
[2025-07-12T01:41:40.806+0000] {logging_mixin.py:188} INFO - [2025-07-12T01:41:40.806+0000] {dag.py:3823} INFO - Setting next_dagrun for latest_only_with_trigger to 2025-07-11 20:00:00+00:00, run_after=2025-07-12 00:00:00+00:00
[2025-07-12T01:41:40.832+0000] {processor.py:183} INFO - Processing /home/airflow/.local/lib/python3.8/site-packages/airflow/example_dags/example_latest_only_with_trigger.py took 0.083 seconds
[2025-07-12T01:42:12.405+0000] {processor.py:161} INFO - Started process (PID=498) to work on /home/airflow/.local/lib/python3.8/site-packages/airflow/example_dags/example_latest_only_with_trigger.py
[2025-07-12T01:42:12.407+0000] {processor.py:830} INFO - Processing file /home/airflow/.local/lib/python3.8/site-packages/airflow/example_dags/example_latest_only_with_trigger.py for tasks to queue
[2025-07-12T01:42:12.409+0000] {logging_mixin.py:188} INFO - [2025-07-12T01:42:12.409+0000] {dagbag.py:538} INFO - Filling up the DagBag from /home/airflow/.local/lib/python3.8/site-packages/airflow/example_dags/example_latest_only_with_trigger.py
[2025-07-12T01:42:12.415+0000] {processor.py:840} INFO - DAG(s) 'latest_only_with_trigger' retrieved from /home/airflow/.local/lib/python3.8/site-packages/airflow/example_dags/example_latest_only_with_trigger.py
[2025-07-12T01:42:12.441+0000] {logging_mixin.py:188} INFO - [2025-07-12T01:42:12.441+0000] {dag.py:3036} INFO - Sync 1 DAGs
[2025-07-12T01:42:12.461+0000] {logging_mixin.py:188} INFO - [2025-07-12T01:42:12.461+0000] {dag.py:3823} INFO - Setting next_dagrun for latest_only_with_trigger to 2025-07-11 20:00:00+00:00, run_after=2025-07-12 00:00:00+00:00
[2025-07-12T01:42:12.489+0000] {processor.py:183} INFO - Processing /home/airflow/.local/lib/python3.8/site-packages/airflow/example_dags/example_latest_only_with_trigger.py took 0.088 seconds
[2025-07-12T01:42:43.261+0000] {processor.py:161} INFO - Started process (PID=554) to work on /home/airflow/.local/lib/python3.8/site-packages/airflow/example_dags/example_latest_only_with_trigger.py
[2025-07-12T01:42:43.263+0000] {processor.py:830} INFO - Processing file /home/airflow/.local/lib/python3.8/site-packages/airflow/example_dags/example_latest_only_with_trigger.py for tasks to queue
[2025-07-12T01:42:43.267+0000] {logging_mixin.py:188} INFO - [2025-07-12T01:42:43.266+0000] {dagbag.py:538} INFO - Filling up the DagBag from /home/airflow/.local/lib/python3.8/site-packages/airflow/example_dags/example_latest_only_with_trigger.py
[2025-07-12T01:42:43.274+0000] {processor.py:840} INFO - DAG(s) 'latest_only_with_trigger' retrieved from /home/airflow/.local/lib/python3.8/site-packages/airflow/example_dags/example_latest_only_with_trigger.py
[2025-07-12T01:42:43.302+0000] {logging_mixin.py:188} INFO - [2025-07-12T01:42:43.302+0000] {dag.py:3036} INFO - Sync 1 DAGs
[2025-07-12T01:42:43.330+0000] {logging_mixin.py:188} INFO - [2025-07-12T01:42:43.329+0000] {dag.py:3823} INFO - Setting next_dagrun for latest_only_with_trigger to 2025-07-11 20:00:00+00:00, run_after=2025-07-12 00:00:00+00:00
[2025-07-12T01:42:43.356+0000] {processor.py:183} INFO - Processing /home/airflow/.local/lib/python3.8/site-packages/airflow/example_dags/example_latest_only_with_trigger.py took 0.100 seconds
[2025-07-12T01:43:14.082+0000] {processor.py:161} INFO - Started process (PID=610) to work on /home/airflow/.local/lib/python3.8/site-packages/airflow/example_dags/example_latest_only_with_trigger.py
[2025-07-12T01:43:14.084+0000] {processor.py:830} INFO - Processing file /home/airflow/.local/lib/python3.8/site-packages/airflow/example_dags/example_latest_only_with_trigger.py for tasks to queue
[2025-07-12T01:43:14.087+0000] {logging_mixin.py:188} INFO - [2025-07-12T01:43:14.086+0000] {dagbag.py:538} INFO - Filling up the DagBag from /home/airflow/.local/lib/python3.8/site-packages/airflow/example_dags/example_latest_only_with_trigger.py
[2025-07-12T01:43:14.100+0000] {processor.py:840} INFO - DAG(s) 'latest_only_with_trigger' retrieved from /home/airflow/.local/lib/python3.8/site-packages/airflow/example_dags/example_latest_only_with_trigger.py
[2025-07-12T01:43:14.137+0000] {logging_mixin.py:188} INFO - [2025-07-12T01:43:14.136+0000] {dag.py:3036} INFO - Sync 1 DAGs
[2025-07-12T01:43:14.185+0000] {logging_mixin.py:188} INFO - [2025-07-12T01:43:14.184+0000] {dag.py:3823} INFO - Setting next_dagrun for latest_only_with_trigger to 2025-07-11 20:00:00+00:00, run_after=2025-07-12 00:00:00+00:00
[2025-07-12T01:43:14.226+0000] {processor.py:183} INFO - Processing /home/airflow/.local/lib/python3.8/site-packages/airflow/example_dags/example_latest_only_with_trigger.py took 0.148 seconds
[2025-07-12T01:43:44.400+0000] {processor.py:161} INFO - Started process (PID=666) to work on /home/airflow/.local/lib/python3.8/site-packages/airflow/example_dags/example_latest_only_with_trigger.py
[2025-07-12T01:43:44.405+0000] {processor.py:830} INFO - Processing file /home/airflow/.local/lib/python3.8/site-packages/airflow/example_dags/example_latest_only_with_trigger.py for tasks to queue
[2025-07-12T01:43:44.414+0000] {logging_mixin.py:188} INFO - [2025-07-12T01:43:44.413+0000] {dagbag.py:538} INFO - Filling up the DagBag from /home/airflow/.local/lib/python3.8/site-packages/airflow/example_dags/example_latest_only_with_trigger.py
[2025-07-12T01:43:44.422+0000] {processor.py:840} INFO - DAG(s) 'latest_only_with_trigger' retrieved from /home/airflow/.local/lib/python3.8/site-packages/airflow/example_dags/example_latest_only_with_trigger.py
[2025-07-12T01:43:44.451+0000] {logging_mixin.py:188} INFO - [2025-07-12T01:43:44.450+0000] {dag.py:3036} INFO - Sync 1 DAGs
[2025-07-12T01:43:44.480+0000] {logging_mixin.py:188} INFO - [2025-07-12T01:43:44.480+0000] {dag.py:3823} INFO - Setting next_dagrun for latest_only_with_trigger to 2025-07-11 20:00:00+00:00, run_after=2025-07-12 00:00:00+00:00
[2025-07-12T01:43:44.519+0000] {processor.py:183} INFO - Processing /home/airflow/.local/lib/python3.8/site-packages/airflow/example_dags/example_latest_only_with_trigger.py took 0.134 seconds
[2025-07-12T01:44:14.592+0000] {processor.py:161} INFO - Started process (PID=722) to work on /home/airflow/.local/lib/python3.8/site-packages/airflow/example_dags/example_latest_only_with_trigger.py
[2025-07-12T01:44:14.594+0000] {processor.py:830} INFO - Processing file /home/airflow/.local/lib/python3.8/site-packages/airflow/example_dags/example_latest_only_with_trigger.py for tasks to queue
[2025-07-12T01:44:14.597+0000] {logging_mixin.py:188} INFO - [2025-07-12T01:44:14.597+0000] {dagbag.py:538} INFO - Filling up the DagBag from /home/airflow/.local/lib/python3.8/site-packages/airflow/example_dags/example_latest_only_with_trigger.py
[2025-07-12T01:44:14.605+0000] {processor.py:840} INFO - DAG(s) 'latest_only_with_trigger' retrieved from /home/airflow/.local/lib/python3.8/site-packages/airflow/example_dags/example_latest_only_with_trigger.py
[2025-07-12T01:44:14.635+0000] {logging_mixin.py:188} INFO - [2025-07-12T01:44:14.634+0000] {dag.py:3036} INFO - Sync 1 DAGs
[2025-07-12T01:44:14.662+0000] {logging_mixin.py:188} INFO - [2025-07-12T01:44:14.662+0000] {dag.py:3823} INFO - Setting next_dagrun for latest_only_with_trigger to 2025-07-11 20:00:00+00:00, run_after=2025-07-12 00:00:00+00:00
[2025-07-12T01:44:14.688+0000] {processor.py:183} INFO - Processing /home/airflow/.local/lib/python3.8/site-packages/airflow/example_dags/example_latest_only_with_trigger.py took 0.101 seconds
[2025-07-12T01:44:45.562+0000] {processor.py:161} INFO - Started process (PID=778) to work on /home/airflow/.local/lib/python3.8/site-packages/airflow/example_dags/example_latest_only_with_trigger.py
[2025-07-12T01:44:45.564+0000] {processor.py:830} INFO - Processing file /home/airflow/.local/lib/python3.8/site-packages/airflow/example_dags/example_latest_only_with_trigger.py for tasks to queue
[2025-07-12T01:44:45.567+0000] {logging_mixin.py:188} INFO - [2025-07-12T01:44:45.566+0000] {dagbag.py:538} INFO - Filling up the DagBag from /home/airflow/.local/lib/python3.8/site-packages/airflow/example_dags/example_latest_only_with_trigger.py
[2025-07-12T01:44:45.575+0000] {processor.py:840} INFO - DAG(s) 'latest_only_with_trigger' retrieved from /home/airflow/.local/lib/python3.8/site-packages/airflow/example_dags/example_latest_only_with_trigger.py
[2025-07-12T01:44:45.613+0000] {logging_mixin.py:188} INFO - [2025-07-12T01:44:45.613+0000] {dag.py:3036} INFO - Sync 1 DAGs
[2025-07-12T01:44:45.641+0000] {logging_mixin.py:188} INFO - [2025-07-12T01:44:45.640+0000] {dag.py:3823} INFO - Setting next_dagrun for latest_only_with_trigger to 2025-07-11 20:00:00+00:00, run_after=2025-07-12 00:00:00+00:00
[2025-07-12T01:44:45.668+0000] {processor.py:183} INFO - Processing /home/airflow/.local/lib/python3.8/site-packages/airflow/example_dags/example_latest_only_with_trigger.py took 0.111 seconds
[2025-07-12T01:45:16.853+0000] {processor.py:161} INFO - Started process (PID=834) to work on /home/airflow/.local/lib/python3.8/site-packages/airflow/example_dags/example_latest_only_with_trigger.py
[2025-07-12T01:45:16.856+0000] {processor.py:830} INFO - Processing file /home/airflow/.local/lib/python3.8/site-packages/airflow/example_dags/example_latest_only_with_trigger.py for tasks to queue
[2025-07-12T01:45:16.861+0000] {logging_mixin.py:188} INFO - [2025-07-12T01:45:16.860+0000] {dagbag.py:538} INFO - Filling up the DagBag from /home/airflow/.local/lib/python3.8/site-packages/airflow/example_dags/example_latest_only_with_trigger.py
[2025-07-12T01:45:16.870+0000] {processor.py:840} INFO - DAG(s) 'latest_only_with_trigger' retrieved from /home/airflow/.local/lib/python3.8/site-packages/airflow/example_dags/example_latest_only_with_trigger.py
[2025-07-12T01:45:16.899+0000] {logging_mixin.py:188} INFO - [2025-07-12T01:45:16.898+0000] {dag.py:3036} INFO - Sync 1 DAGs
[2025-07-12T01:45:16.926+0000] {logging_mixin.py:188} INFO - [2025-07-12T01:45:16.926+0000] {dag.py:3823} INFO - Setting next_dagrun for latest_only_with_trigger to 2025-07-11 20:00:00+00:00, run_after=2025-07-12 00:00:00+00:00
[2025-07-12T01:45:16.960+0000] {processor.py:183} INFO - Processing /home/airflow/.local/lib/python3.8/site-packages/airflow/example_dags/example_latest_only_with_trigger.py took 0.114 seconds
[2025-07-12T01:45:48.075+0000] {processor.py:161} INFO - Started process (PID=890) to work on /home/airflow/.local/lib/python3.8/site-packages/airflow/example_dags/example_latest_only_with_trigger.py
[2025-07-12T01:45:48.078+0000] {processor.py:830} INFO - Processing file /home/airflow/.local/lib/python3.8/site-packages/airflow/example_dags/example_latest_only_with_trigger.py for tasks to queue
[2025-07-12T01:45:48.084+0000] {logging_mixin.py:188} INFO - [2025-07-12T01:45:48.083+0000] {dagbag.py:538} INFO - Filling up the DagBag from /home/airflow/.local/lib/python3.8/site-packages/airflow/example_dags/example_latest_only_with_trigger.py
[2025-07-12T01:45:48.100+0000] {processor.py:840} INFO - DAG(s) 'latest_only_with_trigger' retrieved from /home/airflow/.local/lib/python3.8/site-packages/airflow/example_dags/example_latest_only_with_trigger.py
[2025-07-12T01:45:48.151+0000] {logging_mixin.py:188} INFO - [2025-07-12T01:45:48.151+0000] {dag.py:3036} INFO - Sync 1 DAGs
[2025-07-12T01:45:48.178+0000] {logging_mixin.py:188} INFO - [2025-07-12T01:45:48.178+0000] {dag.py:3823} INFO - Setting next_dagrun for latest_only_with_trigger to 2025-07-11 20:00:00+00:00, run_after=2025-07-12 00:00:00+00:00
[2025-07-12T01:45:48.204+0000] {processor.py:183} INFO - Processing /home/airflow/.local/lib/python3.8/site-packages/airflow/example_dags/example_latest_only_with_trigger.py took 0.137 seconds
[2025-07-12T01:46:19.589+0000] {processor.py:161} INFO - Started process (PID=946) to work on /home/airflow/.local/lib/python3.8/site-packages/airflow/example_dags/example_latest_only_with_trigger.py
[2025-07-12T01:46:19.591+0000] {processor.py:830} INFO - Processing file /home/airflow/.local/lib/python3.8/site-packages/airflow/example_dags/example_latest_only_with_trigger.py for tasks to queue
[2025-07-12T01:46:19.595+0000] {logging_mixin.py:188} INFO - [2025-07-12T01:46:19.595+0000] {dagbag.py:538} INFO - Filling up the DagBag from /home/airflow/.local/lib/python3.8/site-packages/airflow/example_dags/example_latest_only_with_trigger.py
[2025-07-12T01:46:19.606+0000] {processor.py:840} INFO - DAG(s) 'latest_only_with_trigger' retrieved from /home/airflow/.local/lib/python3.8/site-packages/airflow/example_dags/example_latest_only_with_trigger.py
[2025-07-12T01:46:19.637+0000] {logging_mixin.py:188} INFO - [2025-07-12T01:46:19.637+0000] {dag.py:3036} INFO - Sync 1 DAGs
[2025-07-12T01:46:19.664+0000] {logging_mixin.py:188} INFO - [2025-07-12T01:46:19.664+0000] {dag.py:3823} INFO - Setting next_dagrun for latest_only_with_trigger to 2025-07-11 20:00:00+00:00, run_after=2025-07-12 00:00:00+00:00
[2025-07-12T01:46:19.699+0000] {processor.py:183} INFO - Processing /home/airflow/.local/lib/python3.8/site-packages/airflow/example_dags/example_latest_only_with_trigger.py took 0.117 seconds
[2025-07-12T01:46:50.835+0000] {processor.py:161} INFO - Started process (PID=1002) to work on /home/airflow/.local/lib/python3.8/site-packages/airflow/example_dags/example_latest_only_with_trigger.py
[2025-07-12T01:46:50.838+0000] {processor.py:830} INFO - Processing file /home/airflow/.local/lib/python3.8/site-packages/airflow/example_dags/example_latest_only_with_trigger.py for tasks to queue
[2025-07-12T01:46:50.842+0000] {logging_mixin.py:188} INFO - [2025-07-12T01:46:50.842+0000] {dagbag.py:538} INFO - Filling up the DagBag from /home/airflow/.local/lib/python3.8/site-packages/airflow/example_dags/example_latest_only_with_trigger.py
[2025-07-12T01:46:50.851+0000] {processor.py:840} INFO - DAG(s) 'latest_only_with_trigger' retrieved from /home/airflow/.local/lib/python3.8/site-packages/airflow/example_dags/example_latest_only_with_trigger.py
[2025-07-12T01:46:50.884+0000] {logging_mixin.py:188} INFO - [2025-07-12T01:46:50.884+0000] {dag.py:3036} INFO - Sync 1 DAGs
[2025-07-12T01:46:50.913+0000] {logging_mixin.py:188} INFO - [2025-07-12T01:46:50.913+0000] {dag.py:3823} INFO - Setting next_dagrun for latest_only_with_trigger to 2025-07-11 20:00:00+00:00, run_after=2025-07-12 00:00:00+00:00
[2025-07-12T01:46:50.944+0000] {processor.py:183} INFO - Processing /home/airflow/.local/lib/python3.8/site-packages/airflow/example_dags/example_latest_only_with_trigger.py took 0.116 seconds
[2025-07-12T01:47:22.205+0000] {processor.py:161} INFO - Started process (PID=1058) to work on /home/airflow/.local/lib/python3.8/site-packages/airflow/example_dags/example_latest_only_with_trigger.py
[2025-07-12T01:47:22.207+0000] {processor.py:830} INFO - Processing file /home/airflow/.local/lib/python3.8/site-packages/airflow/example_dags/example_latest_only_with_trigger.py for tasks to queue
[2025-07-12T01:47:22.211+0000] {logging_mixin.py:188} INFO - [2025-07-12T01:47:22.210+0000] {dagbag.py:538} INFO - Filling up the DagBag from /home/airflow/.local/lib/python3.8/site-packages/airflow/example_dags/example_latest_only_with_trigger.py
[2025-07-12T01:47:22.220+0000] {processor.py:840} INFO - DAG(s) 'latest_only_with_trigger' retrieved from /home/airflow/.local/lib/python3.8/site-packages/airflow/example_dags/example_latest_only_with_trigger.py
[2025-07-12T01:47:22.250+0000] {logging_mixin.py:188} INFO - [2025-07-12T01:47:22.249+0000] {dag.py:3036} INFO - Sync 1 DAGs
[2025-07-12T01:47:22.281+0000] {logging_mixin.py:188} INFO - [2025-07-12T01:47:22.281+0000] {dag.py:3823} INFO - Setting next_dagrun for latest_only_with_trigger to 2025-07-11 20:00:00+00:00, run_after=2025-07-12 00:00:00+00:00
[2025-07-12T01:47:22.317+0000] {processor.py:183} INFO - Processing /home/airflow/.local/lib/python3.8/site-packages/airflow/example_dags/example_latest_only_with_trigger.py took 0.119 seconds
[2025-07-12T01:47:52.556+0000] {processor.py:161} INFO - Started process (PID=1114) to work on /home/airflow/.local/lib/python3.8/site-packages/airflow/example_dags/example_latest_only_with_trigger.py
[2025-07-12T01:47:52.589+0000] {processor.py:830} INFO - Processing file /home/airflow/.local/lib/python3.8/site-packages/airflow/example_dags/example_latest_only_with_trigger.py for tasks to queue
[2025-07-12T01:47:52.640+0000] {logging_mixin.py:188} INFO - [2025-07-12T01:47:52.639+0000] {dagbag.py:538} INFO - Filling up the DagBag from /home/airflow/.local/lib/python3.8/site-packages/airflow/example_dags/example_latest_only_with_trigger.py
[2025-07-12T01:47:52.663+0000] {processor.py:840} INFO - DAG(s) 'latest_only_with_trigger' retrieved from /home/airflow/.local/lib/python3.8/site-packages/airflow/example_dags/example_latest_only_with_trigger.py
[2025-07-12T01:47:52.694+0000] {logging_mixin.py:188} INFO - [2025-07-12T01:47:52.693+0000] {dag.py:3036} INFO - Sync 1 DAGs
[2025-07-12T01:47:52.722+0000] {logging_mixin.py:188} INFO - [2025-07-12T01:47:52.722+0000] {dag.py:3823} INFO - Setting next_dagrun for latest_only_with_trigger to 2025-07-11 20:00:00+00:00, run_after=2025-07-12 00:00:00+00:00
[2025-07-12T01:47:52.756+0000] {processor.py:183} INFO - Processing /home/airflow/.local/lib/python3.8/site-packages/airflow/example_dags/example_latest_only_with_trigger.py took 0.206 seconds
[2025-07-12T01:48:23.558+0000] {processor.py:161} INFO - Started process (PID=1170) to work on /home/airflow/.local/lib/python3.8/site-packages/airflow/example_dags/example_latest_only_with_trigger.py
[2025-07-12T01:48:23.559+0000] {processor.py:830} INFO - Processing file /home/airflow/.local/lib/python3.8/site-packages/airflow/example_dags/example_latest_only_with_trigger.py for tasks to queue
[2025-07-12T01:48:23.563+0000] {logging_mixin.py:188} INFO - [2025-07-12T01:48:23.562+0000] {dagbag.py:538} INFO - Filling up the DagBag from /home/airflow/.local/lib/python3.8/site-packages/airflow/example_dags/example_latest_only_with_trigger.py
[2025-07-12T01:48:23.570+0000] {processor.py:840} INFO - DAG(s) 'latest_only_with_trigger' retrieved from /home/airflow/.local/lib/python3.8/site-packages/airflow/example_dags/example_latest_only_with_trigger.py
[2025-07-12T01:48:23.600+0000] {logging_mixin.py:188} INFO - [2025-07-12T01:48:23.600+0000] {dag.py:3036} INFO - Sync 1 DAGs
[2025-07-12T01:48:23.630+0000] {logging_mixin.py:188} INFO - [2025-07-12T01:48:23.629+0000] {dag.py:3823} INFO - Setting next_dagrun for latest_only_with_trigger to 2025-07-11 20:00:00+00:00, run_after=2025-07-12 00:00:00+00:00
[2025-07-12T01:48:23.659+0000] {processor.py:183} INFO - Processing /home/airflow/.local/lib/python3.8/site-packages/airflow/example_dags/example_latest_only_with_trigger.py took 0.106 seconds
[2025-07-12T01:48:54.710+0000] {processor.py:161} INFO - Started process (PID=1226) to work on /home/airflow/.local/lib/python3.8/site-packages/airflow/example_dags/example_latest_only_with_trigger.py
[2025-07-12T01:48:54.712+0000] {processor.py:830} INFO - Processing file /home/airflow/.local/lib/python3.8/site-packages/airflow/example_dags/example_latest_only_with_trigger.py for tasks to queue
[2025-07-12T01:48:54.717+0000] {logging_mixin.py:188} INFO - [2025-07-12T01:48:54.716+0000] {dagbag.py:538} INFO - Filling up the DagBag from /home/airflow/.local/lib/python3.8/site-packages/airflow/example_dags/example_latest_only_with_trigger.py
[2025-07-12T01:48:54.724+0000] {processor.py:840} INFO - DAG(s) 'latest_only_with_trigger' retrieved from /home/airflow/.local/lib/python3.8/site-packages/airflow/example_dags/example_latest_only_with_trigger.py
[2025-07-12T01:48:54.765+0000] {logging_mixin.py:188} INFO - [2025-07-12T01:48:54.764+0000] {dag.py:3036} INFO - Sync 1 DAGs
[2025-07-12T01:48:54.800+0000] {logging_mixin.py:188} INFO - [2025-07-12T01:48:54.800+0000] {dag.py:3823} INFO - Setting next_dagrun for latest_only_with_trigger to 2025-07-11 20:00:00+00:00, run_after=2025-07-12 00:00:00+00:00
[2025-07-12T01:48:54.836+0000] {processor.py:183} INFO - Processing /home/airflow/.local/lib/python3.8/site-packages/airflow/example_dags/example_latest_only_with_trigger.py took 0.132 seconds
[2025-07-12T01:49:25.147+0000] {processor.py:161} INFO - Started process (PID=1282) to work on /home/airflow/.local/lib/python3.8/site-packages/airflow/example_dags/example_latest_only_with_trigger.py
[2025-07-12T01:49:25.150+0000] {processor.py:830} INFO - Processing file /home/airflow/.local/lib/python3.8/site-packages/airflow/example_dags/example_latest_only_with_trigger.py for tasks to queue
[2025-07-12T01:49:25.154+0000] {logging_mixin.py:188} INFO - [2025-07-12T01:49:25.154+0000] {dagbag.py:538} INFO - Filling up the DagBag from /home/airflow/.local/lib/python3.8/site-packages/airflow/example_dags/example_latest_only_with_trigger.py
[2025-07-12T01:49:25.163+0000] {processor.py:840} INFO - DAG(s) 'latest_only_with_trigger' retrieved from /home/airflow/.local/lib/python3.8/site-packages/airflow/example_dags/example_latest_only_with_trigger.py
[2025-07-12T01:49:25.198+0000] {logging_mixin.py:188} INFO - [2025-07-12T01:49:25.198+0000] {dag.py:3036} INFO - Sync 1 DAGs
[2025-07-12T01:49:25.230+0000] {logging_mixin.py:188} INFO - [2025-07-12T01:49:25.230+0000] {dag.py:3823} INFO - Setting next_dagrun for latest_only_with_trigger to 2025-07-11 20:00:00+00:00, run_after=2025-07-12 00:00:00+00:00
[2025-07-12T01:49:25.272+0000] {processor.py:183} INFO - Processing /home/airflow/.local/lib/python3.8/site-packages/airflow/example_dags/example_latest_only_with_trigger.py took 0.130 seconds
[2025-07-12T01:49:55.557+0000] {processor.py:161} INFO - Started process (PID=1337) to work on /home/airflow/.local/lib/python3.8/site-packages/airflow/example_dags/example_latest_only_with_trigger.py
[2025-07-12T01:49:55.559+0000] {processor.py:830} INFO - Processing file /home/airflow/.local/lib/python3.8/site-packages/airflow/example_dags/example_latest_only_with_trigger.py for tasks to queue
[2025-07-12T01:49:55.563+0000] {logging_mixin.py:188} INFO - [2025-07-12T01:49:55.562+0000] {dagbag.py:538} INFO - Filling up the DagBag from /home/airflow/.local/lib/python3.8/site-packages/airflow/example_dags/example_latest_only_with_trigger.py
[2025-07-12T01:49:55.572+0000] {processor.py:840} INFO - DAG(s) 'latest_only_with_trigger' retrieved from /home/airflow/.local/lib/python3.8/site-packages/airflow/example_dags/example_latest_only_with_trigger.py
[2025-07-12T01:49:55.605+0000] {logging_mixin.py:188} INFO - [2025-07-12T01:49:55.604+0000] {dag.py:3036} INFO - Sync 1 DAGs
[2025-07-12T01:49:55.634+0000] {logging_mixin.py:188} INFO - [2025-07-12T01:49:55.634+0000] {dag.py:3823} INFO - Setting next_dagrun for latest_only_with_trigger to 2025-07-11 20:00:00+00:00, run_after=2025-07-12 00:00:00+00:00
[2025-07-12T01:49:55.686+0000] {processor.py:183} INFO - Processing /home/airflow/.local/lib/python3.8/site-packages/airflow/example_dags/example_latest_only_with_trigger.py took 0.135 seconds
[2025-07-12T01:50:26.563+0000] {processor.py:161} INFO - Started process (PID=1393) to work on /home/airflow/.local/lib/python3.8/site-packages/airflow/example_dags/example_latest_only_with_trigger.py
[2025-07-12T01:50:26.565+0000] {processor.py:830} INFO - Processing file /home/airflow/.local/lib/python3.8/site-packages/airflow/example_dags/example_latest_only_with_trigger.py for tasks to queue
[2025-07-12T01:50:26.569+0000] {logging_mixin.py:188} INFO - [2025-07-12T01:50:26.569+0000] {dagbag.py:538} INFO - Filling up the DagBag from /home/airflow/.local/lib/python3.8/site-packages/airflow/example_dags/example_latest_only_with_trigger.py
[2025-07-12T01:50:26.577+0000] {processor.py:840} INFO - DAG(s) 'latest_only_with_trigger' retrieved from /home/airflow/.local/lib/python3.8/site-packages/airflow/example_dags/example_latest_only_with_trigger.py
[2025-07-12T01:50:26.610+0000] {logging_mixin.py:188} INFO - [2025-07-12T01:50:26.609+0000] {dag.py:3036} INFO - Sync 1 DAGs
[2025-07-12T01:50:26.636+0000] {logging_mixin.py:188} INFO - [2025-07-12T01:50:26.636+0000] {dag.py:3823} INFO - Setting next_dagrun for latest_only_with_trigger to 2025-07-11 20:00:00+00:00, run_after=2025-07-12 00:00:00+00:00
[2025-07-12T01:50:26.666+0000] {processor.py:183} INFO - Processing /home/airflow/.local/lib/python3.8/site-packages/airflow/example_dags/example_latest_only_with_trigger.py took 0.108 seconds
[2025-07-12T01:50:57.439+0000] {processor.py:161} INFO - Started process (PID=1449) to work on /home/airflow/.local/lib/python3.8/site-packages/airflow/example_dags/example_latest_only_with_trigger.py
[2025-07-12T01:50:57.441+0000] {processor.py:830} INFO - Processing file /home/airflow/.local/lib/python3.8/site-packages/airflow/example_dags/example_latest_only_with_trigger.py for tasks to queue
[2025-07-12T01:50:57.445+0000] {logging_mixin.py:188} INFO - [2025-07-12T01:50:57.444+0000] {dagbag.py:538} INFO - Filling up the DagBag from /home/airflow/.local/lib/python3.8/site-packages/airflow/example_dags/example_latest_only_with_trigger.py
[2025-07-12T01:50:57.453+0000] {processor.py:840} INFO - DAG(s) 'latest_only_with_trigger' retrieved from /home/airflow/.local/lib/python3.8/site-packages/airflow/example_dags/example_latest_only_with_trigger.py
[2025-07-12T01:50:57.481+0000] {logging_mixin.py:188} INFO - [2025-07-12T01:50:57.481+0000] {dag.py:3036} INFO - Sync 1 DAGs
[2025-07-12T01:50:57.507+0000] {logging_mixin.py:188} INFO - [2025-07-12T01:50:57.507+0000] {dag.py:3823} INFO - Setting next_dagrun for latest_only_with_trigger to 2025-07-11 20:00:00+00:00, run_after=2025-07-12 00:00:00+00:00
[2025-07-12T01:50:57.539+0000] {processor.py:183} INFO - Processing /home/airflow/.local/lib/python3.8/site-packages/airflow/example_dags/example_latest_only_with_trigger.py took 0.105 seconds
[2025-07-12T01:51:28.262+0000] {processor.py:161} INFO - Started process (PID=1505) to work on /home/airflow/.local/lib/python3.8/site-packages/airflow/example_dags/example_latest_only_with_trigger.py
[2025-07-12T01:51:28.265+0000] {processor.py:830} INFO - Processing file /home/airflow/.local/lib/python3.8/site-packages/airflow/example_dags/example_latest_only_with_trigger.py for tasks to queue
[2025-07-12T01:51:28.270+0000] {logging_mixin.py:188} INFO - [2025-07-12T01:51:28.270+0000] {dagbag.py:538} INFO - Filling up the DagBag from /home/airflow/.local/lib/python3.8/site-packages/airflow/example_dags/example_latest_only_with_trigger.py
[2025-07-12T01:51:28.281+0000] {processor.py:840} INFO - DAG(s) 'latest_only_with_trigger' retrieved from /home/airflow/.local/lib/python3.8/site-packages/airflow/example_dags/example_latest_only_with_trigger.py
[2025-07-12T01:51:28.334+0000] {logging_mixin.py:188} INFO - [2025-07-12T01:51:28.333+0000] {dag.py:3036} INFO - Sync 1 DAGs
[2025-07-12T01:51:28.361+0000] {logging_mixin.py:188} INFO - [2025-07-12T01:51:28.361+0000] {dag.py:3823} INFO - Setting next_dagrun for latest_only_with_trigger to 2025-07-11 20:00:00+00:00, run_after=2025-07-12 00:00:00+00:00
[2025-07-12T01:51:28.393+0000] {processor.py:183} INFO - Processing /home/airflow/.local/lib/python3.8/site-packages/airflow/example_dags/example_latest_only_with_trigger.py took 0.137 seconds
[2025-07-12T01:51:58.560+0000] {processor.py:161} INFO - Started process (PID=1561) to work on /home/airflow/.local/lib/python3.8/site-packages/airflow/example_dags/example_latest_only_with_trigger.py
[2025-07-12T01:51:58.562+0000] {processor.py:830} INFO - Processing file /home/airflow/.local/lib/python3.8/site-packages/airflow/example_dags/example_latest_only_with_trigger.py for tasks to queue
[2025-07-12T01:51:58.565+0000] {logging_mixin.py:188} INFO - [2025-07-12T01:51:58.564+0000] {dagbag.py:538} INFO - Filling up the DagBag from /home/airflow/.local/lib/python3.8/site-packages/airflow/example_dags/example_latest_only_with_trigger.py
[2025-07-12T01:51:58.574+0000] {processor.py:840} INFO - DAG(s) 'latest_only_with_trigger' retrieved from /home/airflow/.local/lib/python3.8/site-packages/airflow/example_dags/example_latest_only_with_trigger.py
[2025-07-12T01:51:58.607+0000] {logging_mixin.py:188} INFO - [2025-07-12T01:51:58.606+0000] {dag.py:3036} INFO - Sync 1 DAGs
[2025-07-12T01:51:58.638+0000] {logging_mixin.py:188} INFO - [2025-07-12T01:51:58.637+0000] {dag.py:3823} INFO - Setting next_dagrun for latest_only_with_trigger to 2025-07-11 20:00:00+00:00, run_after=2025-07-12 00:00:00+00:00
[2025-07-12T01:51:58.672+0000] {processor.py:183} INFO - Processing /home/airflow/.local/lib/python3.8/site-packages/airflow/example_dags/example_latest_only_with_trigger.py took 0.117 seconds
[2025-07-12T01:52:28.907+0000] {processor.py:161} INFO - Started process (PID=1618) to work on /home/airflow/.local/lib/python3.8/site-packages/airflow/example_dags/example_latest_only_with_trigger.py
[2025-07-12T01:52:28.909+0000] {processor.py:830} INFO - Processing file /home/airflow/.local/lib/python3.8/site-packages/airflow/example_dags/example_latest_only_with_trigger.py for tasks to queue
[2025-07-12T01:52:28.915+0000] {logging_mixin.py:188} INFO - [2025-07-12T01:52:28.914+0000] {dagbag.py:538} INFO - Filling up the DagBag from /home/airflow/.local/lib/python3.8/site-packages/airflow/example_dags/example_latest_only_with_trigger.py
[2025-07-12T01:52:28.928+0000] {processor.py:840} INFO - DAG(s) 'latest_only_with_trigger' retrieved from /home/airflow/.local/lib/python3.8/site-packages/airflow/example_dags/example_latest_only_with_trigger.py
[2025-07-12T01:52:28.967+0000] {logging_mixin.py:188} INFO - [2025-07-12T01:52:28.966+0000] {dag.py:3036} INFO - Sync 1 DAGs
[2025-07-12T01:52:29.000+0000] {logging_mixin.py:188} INFO - [2025-07-12T01:52:29.000+0000] {dag.py:3823} INFO - Setting next_dagrun for latest_only_with_trigger to 2025-07-11 20:00:00+00:00, run_after=2025-07-12 00:00:00+00:00
[2025-07-12T01:52:29.035+0000] {processor.py:183} INFO - Processing /home/airflow/.local/lib/python3.8/site-packages/airflow/example_dags/example_latest_only_with_trigger.py took 0.135 seconds
[2025-07-12T01:52:59.683+0000] {processor.py:161} INFO - Started process (PID=1674) to work on /home/airflow/.local/lib/python3.8/site-packages/airflow/example_dags/example_latest_only_with_trigger.py
[2025-07-12T01:52:59.685+0000] {processor.py:830} INFO - Processing file /home/airflow/.local/lib/python3.8/site-packages/airflow/example_dags/example_latest_only_with_trigger.py for tasks to queue
[2025-07-12T01:52:59.692+0000] {logging_mixin.py:188} INFO - [2025-07-12T01:52:59.692+0000] {dagbag.py:538} INFO - Filling up the DagBag from /home/airflow/.local/lib/python3.8/site-packages/airflow/example_dags/example_latest_only_with_trigger.py
[2025-07-12T01:52:59.700+0000] {processor.py:840} INFO - DAG(s) 'latest_only_with_trigger' retrieved from /home/airflow/.local/lib/python3.8/site-packages/airflow/example_dags/example_latest_only_with_trigger.py
[2025-07-12T01:52:59.740+0000] {logging_mixin.py:188} INFO - [2025-07-12T01:52:59.739+0000] {dag.py:3036} INFO - Sync 1 DAGs
[2025-07-12T01:52:59.776+0000] {logging_mixin.py:188} INFO - [2025-07-12T01:52:59.776+0000] {dag.py:3823} INFO - Setting next_dagrun for latest_only_with_trigger to 2025-07-11 20:00:00+00:00, run_after=2025-07-12 00:00:00+00:00
[2025-07-12T01:52:59.809+0000] {processor.py:183} INFO - Processing /home/airflow/.local/lib/python3.8/site-packages/airflow/example_dags/example_latest_only_with_trigger.py took 0.131 seconds
[2025-07-12T01:54:20.319+0000] {processor.py:161} INFO - Started process (PID=106) to work on /home/airflow/.local/lib/python3.8/site-packages/airflow/example_dags/example_latest_only_with_trigger.py
[2025-07-12T01:54:20.321+0000] {processor.py:830} INFO - Processing file /home/airflow/.local/lib/python3.8/site-packages/airflow/example_dags/example_latest_only_with_trigger.py for tasks to queue
[2025-07-12T01:54:20.324+0000] {logging_mixin.py:188} INFO - [2025-07-12T01:54:20.324+0000] {dagbag.py:538} INFO - Filling up the DagBag from /home/airflow/.local/lib/python3.8/site-packages/airflow/example_dags/example_latest_only_with_trigger.py
[2025-07-12T01:54:20.337+0000] {processor.py:840} INFO - DAG(s) 'latest_only_with_trigger' retrieved from /home/airflow/.local/lib/python3.8/site-packages/airflow/example_dags/example_latest_only_with_trigger.py
[2025-07-12T01:54:20.484+0000] {logging_mixin.py:188} INFO - [2025-07-12T01:54:20.483+0000] {override.py:1769} INFO - Created Permission View: can read on DAG:latest_only_with_trigger
[2025-07-12T01:54:20.502+0000] {logging_mixin.py:188} INFO - [2025-07-12T01:54:20.502+0000] {override.py:1769} INFO - Created Permission View: can delete on DAG:latest_only_with_trigger
[2025-07-12T01:54:20.515+0000] {logging_mixin.py:188} INFO - [2025-07-12T01:54:20.515+0000] {override.py:1769} INFO - Created Permission View: can edit on DAG:latest_only_with_trigger
[2025-07-12T01:54:20.516+0000] {logging_mixin.py:188} INFO - [2025-07-12T01:54:20.516+0000] {dag.py:3036} INFO - Sync 1 DAGs
[2025-07-12T01:54:20.531+0000] {logging_mixin.py:188} INFO - [2025-07-12T01:54:20.531+0000] {dag.py:3058} INFO - Creating ORM DAG for latest_only_with_trigger
[2025-07-12T01:54:20.546+0000] {logging_mixin.py:188} INFO - [2025-07-12T01:54:20.545+0000] {dag.py:3823} INFO - Setting next_dagrun for latest_only_with_trigger to 2025-07-11 20:00:00+00:00, run_after=2025-07-12 00:00:00+00:00
[2025-07-12T01:54:20.573+0000] {processor.py:183} INFO - Processing /home/airflow/.local/lib/python3.8/site-packages/airflow/example_dags/example_latest_only_with_trigger.py took 0.259 seconds
[2025-07-12T01:54:50.959+0000] {processor.py:161} INFO - Started process (PID=163) to work on /home/airflow/.local/lib/python3.8/site-packages/airflow/example_dags/example_latest_only_with_trigger.py
[2025-07-12T01:54:50.961+0000] {processor.py:830} INFO - Processing file /home/airflow/.local/lib/python3.8/site-packages/airflow/example_dags/example_latest_only_with_trigger.py for tasks to queue
[2025-07-12T01:54:50.964+0000] {logging_mixin.py:188} INFO - [2025-07-12T01:54:50.964+0000] {dagbag.py:538} INFO - Filling up the DagBag from /home/airflow/.local/lib/python3.8/site-packages/airflow/example_dags/example_latest_only_with_trigger.py
[2025-07-12T01:54:50.972+0000] {processor.py:840} INFO - DAG(s) 'latest_only_with_trigger' retrieved from /home/airflow/.local/lib/python3.8/site-packages/airflow/example_dags/example_latest_only_with_trigger.py
[2025-07-12T01:54:51.000+0000] {logging_mixin.py:188} INFO - [2025-07-12T01:54:51.000+0000] {dag.py:3036} INFO - Sync 1 DAGs
[2025-07-12T01:54:51.027+0000] {logging_mixin.py:188} INFO - [2025-07-12T01:54:51.026+0000] {dag.py:3823} INFO - Setting next_dagrun for latest_only_with_trigger to 2025-07-11 20:00:00+00:00, run_after=2025-07-12 00:00:00+00:00
[2025-07-12T01:54:51.052+0000] {processor.py:183} INFO - Processing /home/airflow/.local/lib/python3.8/site-packages/airflow/example_dags/example_latest_only_with_trigger.py took 0.099 seconds
[2025-07-12T01:55:21.165+0000] {processor.py:161} INFO - Started process (PID=220) to work on /home/airflow/.local/lib/python3.8/site-packages/airflow/example_dags/example_latest_only_with_trigger.py
[2025-07-12T01:55:21.168+0000] {processor.py:830} INFO - Processing file /home/airflow/.local/lib/python3.8/site-packages/airflow/example_dags/example_latest_only_with_trigger.py for tasks to queue
[2025-07-12T01:55:21.171+0000] {logging_mixin.py:188} INFO - [2025-07-12T01:55:21.170+0000] {dagbag.py:538} INFO - Filling up the DagBag from /home/airflow/.local/lib/python3.8/site-packages/airflow/example_dags/example_latest_only_with_trigger.py
[2025-07-12T01:55:21.178+0000] {processor.py:840} INFO - DAG(s) 'latest_only_with_trigger' retrieved from /home/airflow/.local/lib/python3.8/site-packages/airflow/example_dags/example_latest_only_with_trigger.py
[2025-07-12T01:55:21.203+0000] {logging_mixin.py:188} INFO - [2025-07-12T01:55:21.203+0000] {dag.py:3036} INFO - Sync 1 DAGs
[2025-07-12T01:55:21.229+0000] {logging_mixin.py:188} INFO - [2025-07-12T01:55:21.229+0000] {dag.py:3823} INFO - Setting next_dagrun for latest_only_with_trigger to 2025-07-11 20:00:00+00:00, run_after=2025-07-12 00:00:00+00:00
[2025-07-12T01:55:21.258+0000] {processor.py:183} INFO - Processing /home/airflow/.local/lib/python3.8/site-packages/airflow/example_dags/example_latest_only_with_trigger.py took 0.097 seconds
[2025-07-12T01:55:52.425+0000] {processor.py:161} INFO - Started process (PID=282) to work on /home/airflow/.local/lib/python3.8/site-packages/airflow/example_dags/example_latest_only_with_trigger.py
[2025-07-12T01:55:52.427+0000] {processor.py:830} INFO - Processing file /home/airflow/.local/lib/python3.8/site-packages/airflow/example_dags/example_latest_only_with_trigger.py for tasks to queue
[2025-07-12T01:55:52.430+0000] {logging_mixin.py:188} INFO - [2025-07-12T01:55:52.430+0000] {dagbag.py:538} INFO - Filling up the DagBag from /home/airflow/.local/lib/python3.8/site-packages/airflow/example_dags/example_latest_only_with_trigger.py
[2025-07-12T01:55:52.439+0000] {processor.py:840} INFO - DAG(s) 'latest_only_with_trigger' retrieved from /home/airflow/.local/lib/python3.8/site-packages/airflow/example_dags/example_latest_only_with_trigger.py
[2025-07-12T01:55:52.475+0000] {logging_mixin.py:188} INFO - [2025-07-12T01:55:52.475+0000] {dag.py:3036} INFO - Sync 1 DAGs
[2025-07-12T01:55:52.504+0000] {logging_mixin.py:188} INFO - [2025-07-12T01:55:52.504+0000] {dag.py:3823} INFO - Setting next_dagrun for latest_only_with_trigger to 2025-07-11 20:00:00+00:00, run_after=2025-07-12 00:00:00+00:00
[2025-07-12T01:55:52.531+0000] {processor.py:183} INFO - Processing /home/airflow/.local/lib/python3.8/site-packages/airflow/example_dags/example_latest_only_with_trigger.py took 0.110 seconds
[2025-07-12T01:56:22.602+0000] {processor.py:161} INFO - Started process (PID=339) to work on /home/airflow/.local/lib/python3.8/site-packages/airflow/example_dags/example_latest_only_with_trigger.py
[2025-07-12T01:56:22.605+0000] {processor.py:830} INFO - Processing file /home/airflow/.local/lib/python3.8/site-packages/airflow/example_dags/example_latest_only_with_trigger.py for tasks to queue
[2025-07-12T01:56:22.608+0000] {logging_mixin.py:188} INFO - [2025-07-12T01:56:22.608+0000] {dagbag.py:538} INFO - Filling up the DagBag from /home/airflow/.local/lib/python3.8/site-packages/airflow/example_dags/example_latest_only_with_trigger.py
[2025-07-12T01:56:22.619+0000] {processor.py:840} INFO - DAG(s) 'latest_only_with_trigger' retrieved from /home/airflow/.local/lib/python3.8/site-packages/airflow/example_dags/example_latest_only_with_trigger.py
[2025-07-12T01:56:22.653+0000] {logging_mixin.py:188} INFO - [2025-07-12T01:56:22.652+0000] {dag.py:3036} INFO - Sync 1 DAGs
[2025-07-12T01:56:22.694+0000] {logging_mixin.py:188} INFO - [2025-07-12T01:56:22.693+0000] {dag.py:3823} INFO - Setting next_dagrun for latest_only_with_trigger to 2025-07-11 20:00:00+00:00, run_after=2025-07-12 00:00:00+00:00
[2025-07-12T01:56:22.733+0000] {processor.py:183} INFO - Processing /home/airflow/.local/lib/python3.8/site-packages/airflow/example_dags/example_latest_only_with_trigger.py took 0.138 seconds
[2025-07-12T01:56:52.901+0000] {processor.py:161} INFO - Started process (PID=400) to work on /home/airflow/.local/lib/python3.8/site-packages/airflow/example_dags/example_latest_only_with_trigger.py
[2025-07-12T01:56:52.903+0000] {processor.py:830} INFO - Processing file /home/airflow/.local/lib/python3.8/site-packages/airflow/example_dags/example_latest_only_with_trigger.py for tasks to queue
[2025-07-12T01:56:52.906+0000] {logging_mixin.py:188} INFO - [2025-07-12T01:56:52.905+0000] {dagbag.py:538} INFO - Filling up the DagBag from /home/airflow/.local/lib/python3.8/site-packages/airflow/example_dags/example_latest_only_with_trigger.py
[2025-07-12T01:56:52.914+0000] {processor.py:840} INFO - DAG(s) 'latest_only_with_trigger' retrieved from /home/airflow/.local/lib/python3.8/site-packages/airflow/example_dags/example_latest_only_with_trigger.py
[2025-07-12T01:56:52.941+0000] {logging_mixin.py:188} INFO - [2025-07-12T01:56:52.940+0000] {dag.py:3036} INFO - Sync 1 DAGs
[2025-07-12T01:56:52.967+0000] {logging_mixin.py:188} INFO - [2025-07-12T01:56:52.966+0000] {dag.py:3823} INFO - Setting next_dagrun for latest_only_with_trigger to 2025-07-11 20:00:00+00:00, run_after=2025-07-12 00:00:00+00:00
[2025-07-12T01:56:53.016+0000] {processor.py:183} INFO - Processing /home/airflow/.local/lib/python3.8/site-packages/airflow/example_dags/example_latest_only_with_trigger.py took 0.121 seconds
