[2025-07-12T01:35:13.494+0000] {processor.py:161} INFO - Started process (PID=80) to work on /home/airflow/.local/lib/python3.8/site-packages/airflow/example_dags/example_complex.py
[2025-07-12T01:35:13.495+0000] {processor.py:830} INFO - Processing file /home/airflow/.local/lib/python3.8/site-packages/airflow/example_dags/example_complex.py for tasks to queue
[2025-07-12T01:35:13.498+0000] {logging_mixin.py:188} INFO - [2025-07-12T01:35:13.498+0000] {dagbag.py:538} INFO - Filling up the DagBag from /home/airflow/.local/lib/python3.8/site-packages/airflow/example_dags/example_complex.py
[2025-07-12T01:35:13.513+0000] {processor.py:840} INFO - DAG(s) 'example_complex' retrieved from /home/airflow/.local/lib/python3.8/site-packages/airflow/example_dags/example_complex.py
[2025-07-12T01:35:13.553+0000] {logging_mixin.py:188} INFO - [2025-07-12T01:35:13.553+0000] {dag.py:3036} INFO - Sync 1 DAGs
[2025-07-12T01:35:13.567+0000] {logging_mixin.py:188} INFO - [2025-07-12T01:35:13.567+0000] {dag.py:3823} INFO - Setting next_dagrun for example_complex to None, run_after=None
[2025-07-12T01:35:13.593+0000] {processor.py:183} INFO - Processing /home/airflow/.local/lib/python3.8/site-packages/airflow/example_dags/example_complex.py took 0.103 seconds
[2025-07-12T01:35:44.919+0000] {processor.py:161} INFO - Started process (PID=136) to work on /home/airflow/.local/lib/python3.8/site-packages/airflow/example_dags/example_complex.py
[2025-07-12T01:35:44.921+0000] {processor.py:830} INFO - Processing file /home/airflow/.local/lib/python3.8/site-packages/airflow/example_dags/example_complex.py for tasks to queue
[2025-07-12T01:35:44.924+0000] {logging_mixin.py:188} INFO - [2025-07-12T01:35:44.923+0000] {dagbag.py:538} INFO - Filling up the DagBag from /home/airflow/.local/lib/python3.8/site-packages/airflow/example_dags/example_complex.py
[2025-07-12T01:35:44.937+0000] {processor.py:840} INFO - DAG(s) 'example_complex' retrieved from /home/airflow/.local/lib/python3.8/site-packages/airflow/example_dags/example_complex.py
[2025-07-12T01:35:44.976+0000] {logging_mixin.py:188} INFO - [2025-07-12T01:35:44.975+0000] {dag.py:3036} INFO - Sync 1 DAGs
[2025-07-12T01:35:44.993+0000] {logging_mixin.py:188} INFO - [2025-07-12T01:35:44.993+0000] {dag.py:3823} INFO - Setting next_dagrun for example_complex to None, run_after=None
[2025-07-12T01:35:45.031+0000] {processor.py:183} INFO - Processing /home/airflow/.local/lib/python3.8/site-packages/airflow/example_dags/example_complex.py took 0.117 seconds
[2025-07-12T01:36:15.526+0000] {processor.py:161} INFO - Started process (PID=192) to work on /home/airflow/.local/lib/python3.8/site-packages/airflow/example_dags/example_complex.py
[2025-07-12T01:36:15.527+0000] {processor.py:830} INFO - Processing file /home/airflow/.local/lib/python3.8/site-packages/airflow/example_dags/example_complex.py for tasks to queue
[2025-07-12T01:36:15.530+0000] {logging_mixin.py:188} INFO - [2025-07-12T01:36:15.529+0000] {dagbag.py:538} INFO - Filling up the DagBag from /home/airflow/.local/lib/python3.8/site-packages/airflow/example_dags/example_complex.py
[2025-07-12T01:36:15.540+0000] {processor.py:840} INFO - DAG(s) 'example_complex' retrieved from /home/airflow/.local/lib/python3.8/site-packages/airflow/example_dags/example_complex.py
[2025-07-12T01:36:15.555+0000] {logging_mixin.py:188} INFO - [2025-07-12T01:36:15.555+0000] {dag.py:3036} INFO - Sync 1 DAGs
[2025-07-12T01:36:15.569+0000] {logging_mixin.py:188} INFO - [2025-07-12T01:36:15.568+0000] {dag.py:3823} INFO - Setting next_dagrun for example_complex to None, run_after=None
[2025-07-12T01:36:15.592+0000] {processor.py:183} INFO - Processing /home/airflow/.local/lib/python3.8/site-packages/airflow/example_dags/example_complex.py took 0.070 seconds
[2025-07-12T01:36:46.489+0000] {processor.py:161} INFO - Started process (PID=248) to work on /home/airflow/.local/lib/python3.8/site-packages/airflow/example_dags/example_complex.py
[2025-07-12T01:36:46.490+0000] {processor.py:830} INFO - Processing file /home/airflow/.local/lib/python3.8/site-packages/airflow/example_dags/example_complex.py for tasks to queue
[2025-07-12T01:36:46.494+0000] {logging_mixin.py:188} INFO - [2025-07-12T01:36:46.493+0000] {dagbag.py:538} INFO - Filling up the DagBag from /home/airflow/.local/lib/python3.8/site-packages/airflow/example_dags/example_complex.py
[2025-07-12T01:36:46.504+0000] {processor.py:840} INFO - DAG(s) 'example_complex' retrieved from /home/airflow/.local/lib/python3.8/site-packages/airflow/example_dags/example_complex.py
[2025-07-12T01:36:46.611+0000] {logging_mixin.py:188} INFO - [2025-07-12T01:36:46.611+0000] {dag.py:3036} INFO - Sync 1 DAGs
[2025-07-12T01:36:46.623+0000] {logging_mixin.py:188} INFO - [2025-07-12T01:36:46.623+0000] {dag.py:3823} INFO - Setting next_dagrun for example_complex to None, run_after=None
[2025-07-12T01:36:46.649+0000] {processor.py:183} INFO - Processing /home/airflow/.local/lib/python3.8/site-packages/airflow/example_dags/example_complex.py took 0.164 seconds
[2025-07-12T01:37:17.207+0000] {processor.py:161} INFO - Started process (PID=304) to work on /home/airflow/.local/lib/python3.8/site-packages/airflow/example_dags/example_complex.py
[2025-07-12T01:37:17.210+0000] {processor.py:830} INFO - Processing file /home/airflow/.local/lib/python3.8/site-packages/airflow/example_dags/example_complex.py for tasks to queue
[2025-07-12T01:37:17.215+0000] {logging_mixin.py:188} INFO - [2025-07-12T01:37:17.214+0000] {dagbag.py:538} INFO - Filling up the DagBag from /home/airflow/.local/lib/python3.8/site-packages/airflow/example_dags/example_complex.py
[2025-07-12T01:37:17.237+0000] {processor.py:840} INFO - DAG(s) 'example_complex' retrieved from /home/airflow/.local/lib/python3.8/site-packages/airflow/example_dags/example_complex.py
[2025-07-12T01:37:17.307+0000] {logging_mixin.py:188} INFO - [2025-07-12T01:37:17.306+0000] {dag.py:3036} INFO - Sync 1 DAGs
[2025-07-12T01:37:17.326+0000] {logging_mixin.py:188} INFO - [2025-07-12T01:37:17.326+0000] {dag.py:3823} INFO - Setting next_dagrun for example_complex to None, run_after=None
[2025-07-12T01:37:17.374+0000] {processor.py:183} INFO - Processing /home/airflow/.local/lib/python3.8/site-packages/airflow/example_dags/example_complex.py took 0.176 seconds
[2025-07-12T01:38:33.913+0000] {processor.py:161} INFO - Started process (PID=80) to work on /home/airflow/.local/lib/python3.8/site-packages/airflow/example_dags/example_complex.py
[2025-07-12T01:38:33.915+0000] {processor.py:830} INFO - Processing file /home/airflow/.local/lib/python3.8/site-packages/airflow/example_dags/example_complex.py for tasks to queue
[2025-07-12T01:38:33.918+0000] {logging_mixin.py:188} INFO - [2025-07-12T01:38:33.918+0000] {dagbag.py:538} INFO - Filling up the DagBag from /home/airflow/.local/lib/python3.8/site-packages/airflow/example_dags/example_complex.py
[2025-07-12T01:38:33.942+0000] {processor.py:840} INFO - DAG(s) 'example_complex' retrieved from /home/airflow/.local/lib/python3.8/site-packages/airflow/example_dags/example_complex.py
[2025-07-12T01:38:34.144+0000] {logging_mixin.py:188} INFO - [2025-07-12T01:38:34.143+0000] {override.py:1769} INFO - Created Permission View: can edit on DAG:example_complex
[2025-07-12T01:38:34.164+0000] {logging_mixin.py:188} INFO - [2025-07-12T01:38:34.163+0000] {override.py:1769} INFO - Created Permission View: can delete on DAG:example_complex
[2025-07-12T01:38:34.180+0000] {logging_mixin.py:188} INFO - [2025-07-12T01:38:34.179+0000] {override.py:1769} INFO - Created Permission View: can read on DAG:example_complex
[2025-07-12T01:38:34.181+0000] {logging_mixin.py:188} INFO - [2025-07-12T01:38:34.181+0000] {dag.py:3036} INFO - Sync 1 DAGs
[2025-07-12T01:38:34.200+0000] {logging_mixin.py:188} INFO - [2025-07-12T01:38:34.199+0000] {dag.py:3058} INFO - Creating ORM DAG for example_complex
[2025-07-12T01:38:34.201+0000] {logging_mixin.py:188} INFO - [2025-07-12T01:38:34.201+0000] {dag.py:3823} INFO - Setting next_dagrun for example_complex to None, run_after=None
[2025-07-12T01:38:34.239+0000] {processor.py:183} INFO - Processing /home/airflow/.local/lib/python3.8/site-packages/airflow/example_dags/example_complex.py took 0.332 seconds
[2025-07-12T01:39:04.394+0000] {processor.py:161} INFO - Started process (PID=136) to work on /home/airflow/.local/lib/python3.8/site-packages/airflow/example_dags/example_complex.py
[2025-07-12T01:39:04.396+0000] {processor.py:830} INFO - Processing file /home/airflow/.local/lib/python3.8/site-packages/airflow/example_dags/example_complex.py for tasks to queue
[2025-07-12T01:39:04.398+0000] {logging_mixin.py:188} INFO - [2025-07-12T01:39:04.397+0000] {dagbag.py:538} INFO - Filling up the DagBag from /home/airflow/.local/lib/python3.8/site-packages/airflow/example_dags/example_complex.py
[2025-07-12T01:39:04.409+0000] {processor.py:840} INFO - DAG(s) 'example_complex' retrieved from /home/airflow/.local/lib/python3.8/site-packages/airflow/example_dags/example_complex.py
[2025-07-12T01:39:04.447+0000] {logging_mixin.py:188} INFO - [2025-07-12T01:39:04.446+0000] {dag.py:3036} INFO - Sync 1 DAGs
[2025-07-12T01:39:04.465+0000] {logging_mixin.py:188} INFO - [2025-07-12T01:39:04.465+0000] {dag.py:3823} INFO - Setting next_dagrun for example_complex to None, run_after=None
[2025-07-12T01:39:04.496+0000] {processor.py:183} INFO - Processing /home/airflow/.local/lib/python3.8/site-packages/airflow/example_dags/example_complex.py took 0.105 seconds
[2025-07-12T01:39:35.503+0000] {processor.py:161} INFO - Started process (PID=192) to work on /home/airflow/.local/lib/python3.8/site-packages/airflow/example_dags/example_complex.py
[2025-07-12T01:39:35.505+0000] {processor.py:830} INFO - Processing file /home/airflow/.local/lib/python3.8/site-packages/airflow/example_dags/example_complex.py for tasks to queue
[2025-07-12T01:39:35.507+0000] {logging_mixin.py:188} INFO - [2025-07-12T01:39:35.506+0000] {dagbag.py:538} INFO - Filling up the DagBag from /home/airflow/.local/lib/python3.8/site-packages/airflow/example_dags/example_complex.py
[2025-07-12T01:39:35.517+0000] {processor.py:840} INFO - DAG(s) 'example_complex' retrieved from /home/airflow/.local/lib/python3.8/site-packages/airflow/example_dags/example_complex.py
[2025-07-12T01:39:35.555+0000] {logging_mixin.py:188} INFO - [2025-07-12T01:39:35.554+0000] {dag.py:3036} INFO - Sync 1 DAGs
[2025-07-12T01:39:35.573+0000] {logging_mixin.py:188} INFO - [2025-07-12T01:39:35.572+0000] {dag.py:3823} INFO - Setting next_dagrun for example_complex to None, run_after=None
[2025-07-12T01:39:35.612+0000] {processor.py:183} INFO - Processing /home/airflow/.local/lib/python3.8/site-packages/airflow/example_dags/example_complex.py took 0.112 seconds
[2025-07-12T01:40:06.257+0000] {processor.py:161} INFO - Started process (PID=249) to work on /home/airflow/.local/lib/python3.8/site-packages/airflow/example_dags/example_complex.py
[2025-07-12T01:40:06.259+0000] {processor.py:830} INFO - Processing file /home/airflow/.local/lib/python3.8/site-packages/airflow/example_dags/example_complex.py for tasks to queue
[2025-07-12T01:40:06.262+0000] {logging_mixin.py:188} INFO - [2025-07-12T01:40:06.262+0000] {dagbag.py:538} INFO - Filling up the DagBag from /home/airflow/.local/lib/python3.8/site-packages/airflow/example_dags/example_complex.py
[2025-07-12T01:40:06.272+0000] {processor.py:840} INFO - DAG(s) 'example_complex' retrieved from /home/airflow/.local/lib/python3.8/site-packages/airflow/example_dags/example_complex.py
[2025-07-12T01:40:06.302+0000] {logging_mixin.py:188} INFO - [2025-07-12T01:40:06.302+0000] {dag.py:3036} INFO - Sync 1 DAGs
[2025-07-12T01:40:06.315+0000] {logging_mixin.py:188} INFO - [2025-07-12T01:40:06.314+0000] {dag.py:3823} INFO - Setting next_dagrun for example_complex to None, run_after=None
[2025-07-12T01:40:06.350+0000] {processor.py:183} INFO - Processing /home/airflow/.local/lib/python3.8/site-packages/airflow/example_dags/example_complex.py took 0.097 seconds
[2025-07-12T01:40:36.736+0000] {processor.py:161} INFO - Started process (PID=305) to work on /home/airflow/.local/lib/python3.8/site-packages/airflow/example_dags/example_complex.py
[2025-07-12T01:40:36.738+0000] {processor.py:830} INFO - Processing file /home/airflow/.local/lib/python3.8/site-packages/airflow/example_dags/example_complex.py for tasks to queue
[2025-07-12T01:40:36.741+0000] {logging_mixin.py:188} INFO - [2025-07-12T01:40:36.741+0000] {dagbag.py:538} INFO - Filling up the DagBag from /home/airflow/.local/lib/python3.8/site-packages/airflow/example_dags/example_complex.py
[2025-07-12T01:40:36.752+0000] {processor.py:840} INFO - DAG(s) 'example_complex' retrieved from /home/airflow/.local/lib/python3.8/site-packages/airflow/example_dags/example_complex.py
[2025-07-12T01:40:36.782+0000] {logging_mixin.py:188} INFO - [2025-07-12T01:40:36.782+0000] {dag.py:3036} INFO - Sync 1 DAGs
[2025-07-12T01:40:36.796+0000] {logging_mixin.py:188} INFO - [2025-07-12T01:40:36.796+0000] {dag.py:3823} INFO - Setting next_dagrun for example_complex to None, run_after=None
[2025-07-12T01:40:36.820+0000] {processor.py:183} INFO - Processing /home/airflow/.local/lib/python3.8/site-packages/airflow/example_dags/example_complex.py took 0.087 seconds
[2025-07-12T01:41:07.130+0000] {processor.py:161} INFO - Started process (PID=361) to work on /home/airflow/.local/lib/python3.8/site-packages/airflow/example_dags/example_complex.py
[2025-07-12T01:41:07.132+0000] {processor.py:830} INFO - Processing file /home/airflow/.local/lib/python3.8/site-packages/airflow/example_dags/example_complex.py for tasks to queue
[2025-07-12T01:41:07.135+0000] {logging_mixin.py:188} INFO - [2025-07-12T01:41:07.135+0000] {dagbag.py:538} INFO - Filling up the DagBag from /home/airflow/.local/lib/python3.8/site-packages/airflow/example_dags/example_complex.py
[2025-07-12T01:41:07.145+0000] {processor.py:840} INFO - DAG(s) 'example_complex' retrieved from /home/airflow/.local/lib/python3.8/site-packages/airflow/example_dags/example_complex.py
[2025-07-12T01:41:07.176+0000] {logging_mixin.py:188} INFO - [2025-07-12T01:41:07.176+0000] {dag.py:3036} INFO - Sync 1 DAGs
[2025-07-12T01:41:07.188+0000] {logging_mixin.py:188} INFO - [2025-07-12T01:41:07.188+0000] {dag.py:3823} INFO - Setting next_dagrun for example_complex to None, run_after=None
[2025-07-12T01:41:07.213+0000] {processor.py:183} INFO - Processing /home/airflow/.local/lib/python3.8/site-packages/airflow/example_dags/example_complex.py took 0.090 seconds
[2025-07-12T01:41:38.061+0000] {processor.py:161} INFO - Started process (PID=417) to work on /home/airflow/.local/lib/python3.8/site-packages/airflow/example_dags/example_complex.py
[2025-07-12T01:41:38.062+0000] {processor.py:830} INFO - Processing file /home/airflow/.local/lib/python3.8/site-packages/airflow/example_dags/example_complex.py for tasks to queue
[2025-07-12T01:41:38.065+0000] {logging_mixin.py:188} INFO - [2025-07-12T01:41:38.064+0000] {dagbag.py:538} INFO - Filling up the DagBag from /home/airflow/.local/lib/python3.8/site-packages/airflow/example_dags/example_complex.py
[2025-07-12T01:41:38.076+0000] {processor.py:840} INFO - DAG(s) 'example_complex' retrieved from /home/airflow/.local/lib/python3.8/site-packages/airflow/example_dags/example_complex.py
[2025-07-12T01:41:38.112+0000] {logging_mixin.py:188} INFO - [2025-07-12T01:41:38.112+0000] {dag.py:3036} INFO - Sync 1 DAGs
[2025-07-12T01:41:38.130+0000] {logging_mixin.py:188} INFO - [2025-07-12T01:41:38.130+0000] {dag.py:3823} INFO - Setting next_dagrun for example_complex to None, run_after=None
[2025-07-12T01:41:38.160+0000] {processor.py:183} INFO - Processing /home/airflow/.local/lib/python3.8/site-packages/airflow/example_dags/example_complex.py took 0.103 seconds
[2025-07-12T01:42:08.958+0000] {processor.py:161} INFO - Started process (PID=473) to work on /home/airflow/.local/lib/python3.8/site-packages/airflow/example_dags/example_complex.py
[2025-07-12T01:42:08.960+0000] {processor.py:830} INFO - Processing file /home/airflow/.local/lib/python3.8/site-packages/airflow/example_dags/example_complex.py for tasks to queue
[2025-07-12T01:42:08.964+0000] {logging_mixin.py:188} INFO - [2025-07-12T01:42:08.963+0000] {dagbag.py:538} INFO - Filling up the DagBag from /home/airflow/.local/lib/python3.8/site-packages/airflow/example_dags/example_complex.py
[2025-07-12T01:42:08.977+0000] {processor.py:840} INFO - DAG(s) 'example_complex' retrieved from /home/airflow/.local/lib/python3.8/site-packages/airflow/example_dags/example_complex.py
[2025-07-12T01:42:09.018+0000] {logging_mixin.py:188} INFO - [2025-07-12T01:42:09.018+0000] {dag.py:3036} INFO - Sync 1 DAGs
[2025-07-12T01:42:09.032+0000] {logging_mixin.py:188} INFO - [2025-07-12T01:42:09.031+0000] {dag.py:3823} INFO - Setting next_dagrun for example_complex to None, run_after=None
[2025-07-12T01:42:09.060+0000] {processor.py:183} INFO - Processing /home/airflow/.local/lib/python3.8/site-packages/airflow/example_dags/example_complex.py took 0.109 seconds
[2025-07-12T01:42:39.471+0000] {processor.py:161} INFO - Started process (PID=529) to work on /home/airflow/.local/lib/python3.8/site-packages/airflow/example_dags/example_complex.py
[2025-07-12T01:42:39.474+0000] {processor.py:830} INFO - Processing file /home/airflow/.local/lib/python3.8/site-packages/airflow/example_dags/example_complex.py for tasks to queue
[2025-07-12T01:42:39.483+0000] {logging_mixin.py:188} INFO - [2025-07-12T01:42:39.482+0000] {dagbag.py:538} INFO - Filling up the DagBag from /home/airflow/.local/lib/python3.8/site-packages/airflow/example_dags/example_complex.py
[2025-07-12T01:42:39.503+0000] {processor.py:840} INFO - DAG(s) 'example_complex' retrieved from /home/airflow/.local/lib/python3.8/site-packages/airflow/example_dags/example_complex.py
[2025-07-12T01:42:39.549+0000] {logging_mixin.py:188} INFO - [2025-07-12T01:42:39.549+0000] {dag.py:3036} INFO - Sync 1 DAGs
[2025-07-12T01:42:39.566+0000] {logging_mixin.py:188} INFO - [2025-07-12T01:42:39.566+0000] {dag.py:3823} INFO - Setting next_dagrun for example_complex to None, run_after=None
[2025-07-12T01:42:39.600+0000] {processor.py:183} INFO - Processing /home/airflow/.local/lib/python3.8/site-packages/airflow/example_dags/example_complex.py took 0.135 seconds
[2025-07-12T01:43:09.841+0000] {processor.py:161} INFO - Started process (PID=584) to work on /home/airflow/.local/lib/python3.8/site-packages/airflow/example_dags/example_complex.py
[2025-07-12T01:43:09.843+0000] {processor.py:830} INFO - Processing file /home/airflow/.local/lib/python3.8/site-packages/airflow/example_dags/example_complex.py for tasks to queue
[2025-07-12T01:43:09.846+0000] {logging_mixin.py:188} INFO - [2025-07-12T01:43:09.846+0000] {dagbag.py:538} INFO - Filling up the DagBag from /home/airflow/.local/lib/python3.8/site-packages/airflow/example_dags/example_complex.py
[2025-07-12T01:43:09.862+0000] {processor.py:840} INFO - DAG(s) 'example_complex' retrieved from /home/airflow/.local/lib/python3.8/site-packages/airflow/example_dags/example_complex.py
[2025-07-12T01:43:09.899+0000] {logging_mixin.py:188} INFO - [2025-07-12T01:43:09.899+0000] {dag.py:3036} INFO - Sync 1 DAGs
[2025-07-12T01:43:09.915+0000] {logging_mixin.py:188} INFO - [2025-07-12T01:43:09.915+0000] {dag.py:3823} INFO - Setting next_dagrun for example_complex to None, run_after=None
[2025-07-12T01:43:09.944+0000] {processor.py:183} INFO - Processing /home/airflow/.local/lib/python3.8/site-packages/airflow/example_dags/example_complex.py took 0.108 seconds
[2025-07-12T01:43:40.499+0000] {processor.py:161} INFO - Started process (PID=640) to work on /home/airflow/.local/lib/python3.8/site-packages/airflow/example_dags/example_complex.py
[2025-07-12T01:43:40.501+0000] {processor.py:830} INFO - Processing file /home/airflow/.local/lib/python3.8/site-packages/airflow/example_dags/example_complex.py for tasks to queue
[2025-07-12T01:43:40.503+0000] {logging_mixin.py:188} INFO - [2025-07-12T01:43:40.503+0000] {dagbag.py:538} INFO - Filling up the DagBag from /home/airflow/.local/lib/python3.8/site-packages/airflow/example_dags/example_complex.py
[2025-07-12T01:43:40.517+0000] {processor.py:840} INFO - DAG(s) 'example_complex' retrieved from /home/airflow/.local/lib/python3.8/site-packages/airflow/example_dags/example_complex.py
[2025-07-12T01:43:40.556+0000] {logging_mixin.py:188} INFO - [2025-07-12T01:43:40.556+0000] {dag.py:3036} INFO - Sync 1 DAGs
[2025-07-12T01:43:40.577+0000] {logging_mixin.py:188} INFO - [2025-07-12T01:43:40.576+0000] {dag.py:3823} INFO - Setting next_dagrun for example_complex to None, run_after=None
[2025-07-12T01:43:40.617+0000] {processor.py:183} INFO - Processing /home/airflow/.local/lib/python3.8/site-packages/airflow/example_dags/example_complex.py took 0.123 seconds
[2025-07-12T01:44:11.073+0000] {processor.py:161} INFO - Started process (PID=696) to work on /home/airflow/.local/lib/python3.8/site-packages/airflow/example_dags/example_complex.py
[2025-07-12T01:44:11.075+0000] {processor.py:830} INFO - Processing file /home/airflow/.local/lib/python3.8/site-packages/airflow/example_dags/example_complex.py for tasks to queue
[2025-07-12T01:44:11.079+0000] {logging_mixin.py:188} INFO - [2025-07-12T01:44:11.078+0000] {dagbag.py:538} INFO - Filling up the DagBag from /home/airflow/.local/lib/python3.8/site-packages/airflow/example_dags/example_complex.py
[2025-07-12T01:44:11.099+0000] {processor.py:840} INFO - DAG(s) 'example_complex' retrieved from /home/airflow/.local/lib/python3.8/site-packages/airflow/example_dags/example_complex.py
[2025-07-12T01:44:11.161+0000] {logging_mixin.py:188} INFO - [2025-07-12T01:44:11.161+0000] {dag.py:3036} INFO - Sync 1 DAGs
[2025-07-12T01:44:11.177+0000] {logging_mixin.py:188} INFO - [2025-07-12T01:44:11.177+0000] {dag.py:3823} INFO - Setting next_dagrun for example_complex to None, run_after=None
[2025-07-12T01:44:11.209+0000] {processor.py:183} INFO - Processing /home/airflow/.local/lib/python3.8/site-packages/airflow/example_dags/example_complex.py took 0.142 seconds
[2025-07-12T01:44:41.558+0000] {processor.py:161} INFO - Started process (PID=752) to work on /home/airflow/.local/lib/python3.8/site-packages/airflow/example_dags/example_complex.py
[2025-07-12T01:44:41.560+0000] {processor.py:830} INFO - Processing file /home/airflow/.local/lib/python3.8/site-packages/airflow/example_dags/example_complex.py for tasks to queue
[2025-07-12T01:44:41.565+0000] {logging_mixin.py:188} INFO - [2025-07-12T01:44:41.564+0000] {dagbag.py:538} INFO - Filling up the DagBag from /home/airflow/.local/lib/python3.8/site-packages/airflow/example_dags/example_complex.py
[2025-07-12T01:44:41.583+0000] {processor.py:840} INFO - DAG(s) 'example_complex' retrieved from /home/airflow/.local/lib/python3.8/site-packages/airflow/example_dags/example_complex.py
[2025-07-12T01:44:41.630+0000] {logging_mixin.py:188} INFO - [2025-07-12T01:44:41.629+0000] {dag.py:3036} INFO - Sync 1 DAGs
[2025-07-12T01:44:41.650+0000] {logging_mixin.py:188} INFO - [2025-07-12T01:44:41.650+0000] {dag.py:3823} INFO - Setting next_dagrun for example_complex to None, run_after=None
[2025-07-12T01:44:41.693+0000] {processor.py:183} INFO - Processing /home/airflow/.local/lib/python3.8/site-packages/airflow/example_dags/example_complex.py took 0.142 seconds
[2025-07-12T01:45:12.538+0000] {processor.py:161} INFO - Started process (PID=808) to work on /home/airflow/.local/lib/python3.8/site-packages/airflow/example_dags/example_complex.py
[2025-07-12T01:45:12.541+0000] {processor.py:830} INFO - Processing file /home/airflow/.local/lib/python3.8/site-packages/airflow/example_dags/example_complex.py for tasks to queue
[2025-07-12T01:45:12.544+0000] {logging_mixin.py:188} INFO - [2025-07-12T01:45:12.544+0000] {dagbag.py:538} INFO - Filling up the DagBag from /home/airflow/.local/lib/python3.8/site-packages/airflow/example_dags/example_complex.py
[2025-07-12T01:45:12.565+0000] {processor.py:840} INFO - DAG(s) 'example_complex' retrieved from /home/airflow/.local/lib/python3.8/site-packages/airflow/example_dags/example_complex.py
[2025-07-12T01:45:12.630+0000] {logging_mixin.py:188} INFO - [2025-07-12T01:45:12.630+0000] {dag.py:3036} INFO - Sync 1 DAGs
[2025-07-12T01:45:12.651+0000] {logging_mixin.py:188} INFO - [2025-07-12T01:45:12.650+0000] {dag.py:3823} INFO - Setting next_dagrun for example_complex to None, run_after=None
[2025-07-12T01:45:12.710+0000] {processor.py:183} INFO - Processing /home/airflow/.local/lib/python3.8/site-packages/airflow/example_dags/example_complex.py took 0.177 seconds
[2025-07-12T01:45:43.148+0000] {processor.py:161} INFO - Started process (PID=864) to work on /home/airflow/.local/lib/python3.8/site-packages/airflow/example_dags/example_complex.py
[2025-07-12T01:45:43.151+0000] {processor.py:830} INFO - Processing file /home/airflow/.local/lib/python3.8/site-packages/airflow/example_dags/example_complex.py for tasks to queue
[2025-07-12T01:45:43.155+0000] {logging_mixin.py:188} INFO - [2025-07-12T01:45:43.154+0000] {dagbag.py:538} INFO - Filling up the DagBag from /home/airflow/.local/lib/python3.8/site-packages/airflow/example_dags/example_complex.py
[2025-07-12T01:45:43.174+0000] {processor.py:840} INFO - DAG(s) 'example_complex' retrieved from /home/airflow/.local/lib/python3.8/site-packages/airflow/example_dags/example_complex.py
[2025-07-12T01:45:43.227+0000] {logging_mixin.py:188} INFO - [2025-07-12T01:45:43.227+0000] {dag.py:3036} INFO - Sync 1 DAGs
[2025-07-12T01:45:43.247+0000] {logging_mixin.py:188} INFO - [2025-07-12T01:45:43.246+0000] {dag.py:3823} INFO - Setting next_dagrun for example_complex to None, run_after=None
[2025-07-12T01:45:43.286+0000] {processor.py:183} INFO - Processing /home/airflow/.local/lib/python3.8/site-packages/airflow/example_dags/example_complex.py took 0.146 seconds
[2025-07-12T01:46:13.373+0000] {processor.py:161} INFO - Started process (PID=920) to work on /home/airflow/.local/lib/python3.8/site-packages/airflow/example_dags/example_complex.py
[2025-07-12T01:46:13.374+0000] {processor.py:830} INFO - Processing file /home/airflow/.local/lib/python3.8/site-packages/airflow/example_dags/example_complex.py for tasks to queue
[2025-07-12T01:46:13.377+0000] {logging_mixin.py:188} INFO - [2025-07-12T01:46:13.377+0000] {dagbag.py:538} INFO - Filling up the DagBag from /home/airflow/.local/lib/python3.8/site-packages/airflow/example_dags/example_complex.py
[2025-07-12T01:46:13.389+0000] {processor.py:840} INFO - DAG(s) 'example_complex' retrieved from /home/airflow/.local/lib/python3.8/site-packages/airflow/example_dags/example_complex.py
[2025-07-12T01:46:13.425+0000] {logging_mixin.py:188} INFO - [2025-07-12T01:46:13.425+0000] {dag.py:3036} INFO - Sync 1 DAGs
[2025-07-12T01:46:13.441+0000] {logging_mixin.py:188} INFO - [2025-07-12T01:46:13.440+0000] {dag.py:3823} INFO - Setting next_dagrun for example_complex to None, run_after=None
[2025-07-12T01:46:13.467+0000] {processor.py:183} INFO - Processing /home/airflow/.local/lib/python3.8/site-packages/airflow/example_dags/example_complex.py took 0.098 seconds
[2025-07-12T01:46:43.875+0000] {processor.py:161} INFO - Started process (PID=976) to work on /home/airflow/.local/lib/python3.8/site-packages/airflow/example_dags/example_complex.py
[2025-07-12T01:46:43.877+0000] {processor.py:830} INFO - Processing file /home/airflow/.local/lib/python3.8/site-packages/airflow/example_dags/example_complex.py for tasks to queue
[2025-07-12T01:46:43.879+0000] {logging_mixin.py:188} INFO - [2025-07-12T01:46:43.879+0000] {dagbag.py:538} INFO - Filling up the DagBag from /home/airflow/.local/lib/python3.8/site-packages/airflow/example_dags/example_complex.py
[2025-07-12T01:46:43.893+0000] {processor.py:840} INFO - DAG(s) 'example_complex' retrieved from /home/airflow/.local/lib/python3.8/site-packages/airflow/example_dags/example_complex.py
[2025-07-12T01:46:43.931+0000] {logging_mixin.py:188} INFO - [2025-07-12T01:46:43.931+0000] {dag.py:3036} INFO - Sync 1 DAGs
[2025-07-12T01:46:43.948+0000] {logging_mixin.py:188} INFO - [2025-07-12T01:46:43.947+0000] {dag.py:3823} INFO - Setting next_dagrun for example_complex to None, run_after=None
[2025-07-12T01:46:43.977+0000] {processor.py:183} INFO - Processing /home/airflow/.local/lib/python3.8/site-packages/airflow/example_dags/example_complex.py took 0.106 seconds
[2025-07-12T01:47:14.730+0000] {processor.py:161} INFO - Started process (PID=1032) to work on /home/airflow/.local/lib/python3.8/site-packages/airflow/example_dags/example_complex.py
[2025-07-12T01:47:14.732+0000] {processor.py:830} INFO - Processing file /home/airflow/.local/lib/python3.8/site-packages/airflow/example_dags/example_complex.py for tasks to queue
[2025-07-12T01:47:14.735+0000] {logging_mixin.py:188} INFO - [2025-07-12T01:47:14.735+0000] {dagbag.py:538} INFO - Filling up the DagBag from /home/airflow/.local/lib/python3.8/site-packages/airflow/example_dags/example_complex.py
[2025-07-12T01:47:14.751+0000] {processor.py:840} INFO - DAG(s) 'example_complex' retrieved from /home/airflow/.local/lib/python3.8/site-packages/airflow/example_dags/example_complex.py
[2025-07-12T01:47:14.787+0000] {logging_mixin.py:188} INFO - [2025-07-12T01:47:14.787+0000] {dag.py:3036} INFO - Sync 1 DAGs
[2025-07-12T01:47:14.805+0000] {logging_mixin.py:188} INFO - [2025-07-12T01:47:14.804+0000] {dag.py:3823} INFO - Setting next_dagrun for example_complex to None, run_after=None
[2025-07-12T01:47:14.838+0000] {processor.py:183} INFO - Processing /home/airflow/.local/lib/python3.8/site-packages/airflow/example_dags/example_complex.py took 0.113 seconds
[2025-07-12T01:47:45.282+0000] {processor.py:161} INFO - Started process (PID=1088) to work on /home/airflow/.local/lib/python3.8/site-packages/airflow/example_dags/example_complex.py
[2025-07-12T01:47:45.284+0000] {processor.py:830} INFO - Processing file /home/airflow/.local/lib/python3.8/site-packages/airflow/example_dags/example_complex.py for tasks to queue
[2025-07-12T01:47:45.287+0000] {logging_mixin.py:188} INFO - [2025-07-12T01:47:45.286+0000] {dagbag.py:538} INFO - Filling up the DagBag from /home/airflow/.local/lib/python3.8/site-packages/airflow/example_dags/example_complex.py
[2025-07-12T01:47:45.302+0000] {processor.py:840} INFO - DAG(s) 'example_complex' retrieved from /home/airflow/.local/lib/python3.8/site-packages/airflow/example_dags/example_complex.py
[2025-07-12T01:47:45.352+0000] {logging_mixin.py:188} INFO - [2025-07-12T01:47:45.351+0000] {dag.py:3036} INFO - Sync 1 DAGs
[2025-07-12T01:47:45.367+0000] {logging_mixin.py:188} INFO - [2025-07-12T01:47:45.367+0000] {dag.py:3823} INFO - Setting next_dagrun for example_complex to None, run_after=None
[2025-07-12T01:47:45.399+0000] {processor.py:183} INFO - Processing /home/airflow/.local/lib/python3.8/site-packages/airflow/example_dags/example_complex.py took 0.121 seconds
[2025-07-12T01:48:15.651+0000] {processor.py:161} INFO - Started process (PID=1144) to work on /home/airflow/.local/lib/python3.8/site-packages/airflow/example_dags/example_complex.py
[2025-07-12T01:48:15.654+0000] {processor.py:830} INFO - Processing file /home/airflow/.local/lib/python3.8/site-packages/airflow/example_dags/example_complex.py for tasks to queue
[2025-07-12T01:48:15.658+0000] {logging_mixin.py:188} INFO - [2025-07-12T01:48:15.657+0000] {dagbag.py:538} INFO - Filling up the DagBag from /home/airflow/.local/lib/python3.8/site-packages/airflow/example_dags/example_complex.py
[2025-07-12T01:48:15.674+0000] {processor.py:840} INFO - DAG(s) 'example_complex' retrieved from /home/airflow/.local/lib/python3.8/site-packages/airflow/example_dags/example_complex.py
[2025-07-12T01:48:15.718+0000] {logging_mixin.py:188} INFO - [2025-07-12T01:48:15.718+0000] {dag.py:3036} INFO - Sync 1 DAGs
[2025-07-12T01:48:15.734+0000] {logging_mixin.py:188} INFO - [2025-07-12T01:48:15.734+0000] {dag.py:3823} INFO - Setting next_dagrun for example_complex to None, run_after=None
[2025-07-12T01:48:15.768+0000] {processor.py:183} INFO - Processing /home/airflow/.local/lib/python3.8/site-packages/airflow/example_dags/example_complex.py took 0.123 seconds
[2025-07-12T01:48:46.054+0000] {processor.py:161} INFO - Started process (PID=1200) to work on /home/airflow/.local/lib/python3.8/site-packages/airflow/example_dags/example_complex.py
[2025-07-12T01:48:46.056+0000] {processor.py:830} INFO - Processing file /home/airflow/.local/lib/python3.8/site-packages/airflow/example_dags/example_complex.py for tasks to queue
[2025-07-12T01:48:46.059+0000] {logging_mixin.py:188} INFO - [2025-07-12T01:48:46.059+0000] {dagbag.py:538} INFO - Filling up the DagBag from /home/airflow/.local/lib/python3.8/site-packages/airflow/example_dags/example_complex.py
[2025-07-12T01:48:46.073+0000] {processor.py:840} INFO - DAG(s) 'example_complex' retrieved from /home/airflow/.local/lib/python3.8/site-packages/airflow/example_dags/example_complex.py
[2025-07-12T01:48:46.151+0000] {logging_mixin.py:188} INFO - [2025-07-12T01:48:46.150+0000] {dag.py:3036} INFO - Sync 1 DAGs
[2025-07-12T01:48:46.183+0000] {logging_mixin.py:188} INFO - [2025-07-12T01:48:46.182+0000] {dag.py:3823} INFO - Setting next_dagrun for example_complex to None, run_after=None
[2025-07-12T01:48:46.234+0000] {processor.py:183} INFO - Processing /home/airflow/.local/lib/python3.8/site-packages/airflow/example_dags/example_complex.py took 0.187 seconds
[2025-07-12T01:49:16.552+0000] {processor.py:161} INFO - Started process (PID=1255) to work on /home/airflow/.local/lib/python3.8/site-packages/airflow/example_dags/example_complex.py
[2025-07-12T01:49:16.553+0000] {processor.py:830} INFO - Processing file /home/airflow/.local/lib/python3.8/site-packages/airflow/example_dags/example_complex.py for tasks to queue
[2025-07-12T01:49:16.556+0000] {logging_mixin.py:188} INFO - [2025-07-12T01:49:16.555+0000] {dagbag.py:538} INFO - Filling up the DagBag from /home/airflow/.local/lib/python3.8/site-packages/airflow/example_dags/example_complex.py
[2025-07-12T01:49:16.583+0000] {processor.py:840} INFO - DAG(s) 'example_complex' retrieved from /home/airflow/.local/lib/python3.8/site-packages/airflow/example_dags/example_complex.py
[2025-07-12T01:49:16.627+0000] {logging_mixin.py:188} INFO - [2025-07-12T01:49:16.626+0000] {dag.py:3036} INFO - Sync 1 DAGs
[2025-07-12T01:49:16.650+0000] {logging_mixin.py:188} INFO - [2025-07-12T01:49:16.649+0000] {dag.py:3823} INFO - Setting next_dagrun for example_complex to None, run_after=None
[2025-07-12T01:49:16.678+0000] {processor.py:183} INFO - Processing /home/airflow/.local/lib/python3.8/site-packages/airflow/example_dags/example_complex.py took 0.131 seconds
[2025-07-12T01:49:46.849+0000] {processor.py:161} INFO - Started process (PID=1311) to work on /home/airflow/.local/lib/python3.8/site-packages/airflow/example_dags/example_complex.py
[2025-07-12T01:49:46.851+0000] {processor.py:830} INFO - Processing file /home/airflow/.local/lib/python3.8/site-packages/airflow/example_dags/example_complex.py for tasks to queue
[2025-07-12T01:49:46.853+0000] {logging_mixin.py:188} INFO - [2025-07-12T01:49:46.853+0000] {dagbag.py:538} INFO - Filling up the DagBag from /home/airflow/.local/lib/python3.8/site-packages/airflow/example_dags/example_complex.py
[2025-07-12T01:49:46.866+0000] {processor.py:840} INFO - DAG(s) 'example_complex' retrieved from /home/airflow/.local/lib/python3.8/site-packages/airflow/example_dags/example_complex.py
[2025-07-12T01:49:46.911+0000] {logging_mixin.py:188} INFO - [2025-07-12T01:49:46.911+0000] {dag.py:3036} INFO - Sync 1 DAGs
[2025-07-12T01:49:46.934+0000] {logging_mixin.py:188} INFO - [2025-07-12T01:49:46.933+0000] {dag.py:3823} INFO - Setting next_dagrun for example_complex to None, run_after=None
[2025-07-12T01:49:46.963+0000] {processor.py:183} INFO - Processing /home/airflow/.local/lib/python3.8/site-packages/airflow/example_dags/example_complex.py took 0.120 seconds
[2025-07-12T01:50:17.279+0000] {processor.py:161} INFO - Started process (PID=1367) to work on /home/airflow/.local/lib/python3.8/site-packages/airflow/example_dags/example_complex.py
[2025-07-12T01:50:17.281+0000] {processor.py:830} INFO - Processing file /home/airflow/.local/lib/python3.8/site-packages/airflow/example_dags/example_complex.py for tasks to queue
[2025-07-12T01:50:17.283+0000] {logging_mixin.py:188} INFO - [2025-07-12T01:50:17.283+0000] {dagbag.py:538} INFO - Filling up the DagBag from /home/airflow/.local/lib/python3.8/site-packages/airflow/example_dags/example_complex.py
[2025-07-12T01:50:17.298+0000] {processor.py:840} INFO - DAG(s) 'example_complex' retrieved from /home/airflow/.local/lib/python3.8/site-packages/airflow/example_dags/example_complex.py
[2025-07-12T01:50:17.343+0000] {logging_mixin.py:188} INFO - [2025-07-12T01:50:17.342+0000] {dag.py:3036} INFO - Sync 1 DAGs
[2025-07-12T01:50:17.361+0000] {logging_mixin.py:188} INFO - [2025-07-12T01:50:17.361+0000] {dag.py:3823} INFO - Setting next_dagrun for example_complex to None, run_after=None
[2025-07-12T01:50:17.391+0000] {processor.py:183} INFO - Processing /home/airflow/.local/lib/python3.8/site-packages/airflow/example_dags/example_complex.py took 0.117 seconds
[2025-07-12T01:50:47.852+0000] {processor.py:161} INFO - Started process (PID=1423) to work on /home/airflow/.local/lib/python3.8/site-packages/airflow/example_dags/example_complex.py
[2025-07-12T01:50:47.854+0000] {processor.py:830} INFO - Processing file /home/airflow/.local/lib/python3.8/site-packages/airflow/example_dags/example_complex.py for tasks to queue
[2025-07-12T01:50:47.858+0000] {logging_mixin.py:188} INFO - [2025-07-12T01:50:47.858+0000] {dagbag.py:538} INFO - Filling up the DagBag from /home/airflow/.local/lib/python3.8/site-packages/airflow/example_dags/example_complex.py
[2025-07-12T01:50:47.871+0000] {processor.py:840} INFO - DAG(s) 'example_complex' retrieved from /home/airflow/.local/lib/python3.8/site-packages/airflow/example_dags/example_complex.py
[2025-07-12T01:50:47.912+0000] {logging_mixin.py:188} INFO - [2025-07-12T01:50:47.912+0000] {dag.py:3036} INFO - Sync 1 DAGs
[2025-07-12T01:50:47.928+0000] {logging_mixin.py:188} INFO - [2025-07-12T01:50:47.928+0000] {dag.py:3823} INFO - Setting next_dagrun for example_complex to None, run_after=None
[2025-07-12T01:50:47.959+0000] {processor.py:183} INFO - Processing /home/airflow/.local/lib/python3.8/site-packages/airflow/example_dags/example_complex.py took 0.112 seconds
[2025-07-12T01:51:18.655+0000] {processor.py:161} INFO - Started process (PID=1479) to work on /home/airflow/.local/lib/python3.8/site-packages/airflow/example_dags/example_complex.py
[2025-07-12T01:51:18.656+0000] {processor.py:830} INFO - Processing file /home/airflow/.local/lib/python3.8/site-packages/airflow/example_dags/example_complex.py for tasks to queue
[2025-07-12T01:51:18.659+0000] {logging_mixin.py:188} INFO - [2025-07-12T01:51:18.659+0000] {dagbag.py:538} INFO - Filling up the DagBag from /home/airflow/.local/lib/python3.8/site-packages/airflow/example_dags/example_complex.py
[2025-07-12T01:51:18.672+0000] {processor.py:840} INFO - DAG(s) 'example_complex' retrieved from /home/airflow/.local/lib/python3.8/site-packages/airflow/example_dags/example_complex.py
[2025-07-12T01:51:18.708+0000] {logging_mixin.py:188} INFO - [2025-07-12T01:51:18.708+0000] {dag.py:3036} INFO - Sync 1 DAGs
[2025-07-12T01:51:18.726+0000] {logging_mixin.py:188} INFO - [2025-07-12T01:51:18.726+0000] {dag.py:3823} INFO - Setting next_dagrun for example_complex to None, run_after=None
[2025-07-12T01:51:18.759+0000] {processor.py:183} INFO - Processing /home/airflow/.local/lib/python3.8/site-packages/airflow/example_dags/example_complex.py took 0.109 seconds
[2025-07-12T01:51:49.052+0000] {processor.py:161} INFO - Started process (PID=1535) to work on /home/airflow/.local/lib/python3.8/site-packages/airflow/example_dags/example_complex.py
[2025-07-12T01:51:49.054+0000] {processor.py:830} INFO - Processing file /home/airflow/.local/lib/python3.8/site-packages/airflow/example_dags/example_complex.py for tasks to queue
[2025-07-12T01:51:49.056+0000] {logging_mixin.py:188} INFO - [2025-07-12T01:51:49.056+0000] {dagbag.py:538} INFO - Filling up the DagBag from /home/airflow/.local/lib/python3.8/site-packages/airflow/example_dags/example_complex.py
[2025-07-12T01:51:49.070+0000] {processor.py:840} INFO - DAG(s) 'example_complex' retrieved from /home/airflow/.local/lib/python3.8/site-packages/airflow/example_dags/example_complex.py
[2025-07-12T01:51:49.111+0000] {logging_mixin.py:188} INFO - [2025-07-12T01:51:49.110+0000] {dag.py:3036} INFO - Sync 1 DAGs
[2025-07-12T01:51:49.133+0000] {logging_mixin.py:188} INFO - [2025-07-12T01:51:49.133+0000] {dag.py:3823} INFO - Setting next_dagrun for example_complex to None, run_after=None
[2025-07-12T01:51:49.167+0000] {processor.py:183} INFO - Processing /home/airflow/.local/lib/python3.8/site-packages/airflow/example_dags/example_complex.py took 0.120 seconds
[2025-07-12T01:52:19.278+0000] {processor.py:161} INFO - Started process (PID=1591) to work on /home/airflow/.local/lib/python3.8/site-packages/airflow/example_dags/example_complex.py
[2025-07-12T01:52:19.280+0000] {processor.py:830} INFO - Processing file /home/airflow/.local/lib/python3.8/site-packages/airflow/example_dags/example_complex.py for tasks to queue
[2025-07-12T01:52:19.284+0000] {logging_mixin.py:188} INFO - [2025-07-12T01:52:19.283+0000] {dagbag.py:538} INFO - Filling up the DagBag from /home/airflow/.local/lib/python3.8/site-packages/airflow/example_dags/example_complex.py
[2025-07-12T01:52:19.297+0000] {processor.py:840} INFO - DAG(s) 'example_complex' retrieved from /home/airflow/.local/lib/python3.8/site-packages/airflow/example_dags/example_complex.py
[2025-07-12T01:52:19.334+0000] {logging_mixin.py:188} INFO - [2025-07-12T01:52:19.334+0000] {dag.py:3036} INFO - Sync 1 DAGs
[2025-07-12T01:52:19.349+0000] {logging_mixin.py:188} INFO - [2025-07-12T01:52:19.349+0000] {dag.py:3823} INFO - Setting next_dagrun for example_complex to None, run_after=None
[2025-07-12T01:52:19.378+0000] {processor.py:183} INFO - Processing /home/airflow/.local/lib/python3.8/site-packages/airflow/example_dags/example_complex.py took 0.106 seconds
[2025-07-12T01:52:49.835+0000] {processor.py:161} INFO - Started process (PID=1647) to work on /home/airflow/.local/lib/python3.8/site-packages/airflow/example_dags/example_complex.py
[2025-07-12T01:52:49.836+0000] {processor.py:830} INFO - Processing file /home/airflow/.local/lib/python3.8/site-packages/airflow/example_dags/example_complex.py for tasks to queue
[2025-07-12T01:52:49.839+0000] {logging_mixin.py:188} INFO - [2025-07-12T01:52:49.839+0000] {dagbag.py:538} INFO - Filling up the DagBag from /home/airflow/.local/lib/python3.8/site-packages/airflow/example_dags/example_complex.py
[2025-07-12T01:52:49.852+0000] {processor.py:840} INFO - DAG(s) 'example_complex' retrieved from /home/airflow/.local/lib/python3.8/site-packages/airflow/example_dags/example_complex.py
[2025-07-12T01:52:49.889+0000] {logging_mixin.py:188} INFO - [2025-07-12T01:52:49.889+0000] {dag.py:3036} INFO - Sync 1 DAGs
[2025-07-12T01:52:49.907+0000] {logging_mixin.py:188} INFO - [2025-07-12T01:52:49.907+0000] {dag.py:3823} INFO - Setting next_dagrun for example_complex to None, run_after=None
[2025-07-12T01:52:49.933+0000] {processor.py:183} INFO - Processing /home/airflow/.local/lib/python3.8/site-packages/airflow/example_dags/example_complex.py took 0.102 seconds
[2025-07-12T01:54:16.042+0000] {processor.py:161} INFO - Started process (PID=81) to work on /home/airflow/.local/lib/python3.8/site-packages/airflow/example_dags/example_complex.py
[2025-07-12T01:54:16.045+0000] {processor.py:830} INFO - Processing file /home/airflow/.local/lib/python3.8/site-packages/airflow/example_dags/example_complex.py for tasks to queue
[2025-07-12T01:54:16.049+0000] {logging_mixin.py:188} INFO - [2025-07-12T01:54:16.048+0000] {dagbag.py:538} INFO - Filling up the DagBag from /home/airflow/.local/lib/python3.8/site-packages/airflow/example_dags/example_complex.py
[2025-07-12T01:54:16.074+0000] {processor.py:840} INFO - DAG(s) 'example_complex' retrieved from /home/airflow/.local/lib/python3.8/site-packages/airflow/example_dags/example_complex.py
[2025-07-12T01:54:16.225+0000] {logging_mixin.py:188} INFO - [2025-07-12T01:54:16.224+0000] {override.py:1769} INFO - Created Permission View: can read on DAG:example_complex
[2025-07-12T01:54:16.243+0000] {logging_mixin.py:188} INFO - [2025-07-12T01:54:16.242+0000] {override.py:1769} INFO - Created Permission View: can delete on DAG:example_complex
[2025-07-12T01:54:16.255+0000] {logging_mixin.py:188} INFO - [2025-07-12T01:54:16.254+0000] {override.py:1769} INFO - Created Permission View: can edit on DAG:example_complex
[2025-07-12T01:54:16.256+0000] {logging_mixin.py:188} INFO - [2025-07-12T01:54:16.256+0000] {dag.py:3036} INFO - Sync 1 DAGs
[2025-07-12T01:54:16.269+0000] {logging_mixin.py:188} INFO - [2025-07-12T01:54:16.269+0000] {dag.py:3058} INFO - Creating ORM DAG for example_complex
[2025-07-12T01:54:16.270+0000] {logging_mixin.py:188} INFO - [2025-07-12T01:54:16.270+0000] {dag.py:3823} INFO - Setting next_dagrun for example_complex to None, run_after=None
[2025-07-12T01:54:16.297+0000] {processor.py:183} INFO - Processing /home/airflow/.local/lib/python3.8/site-packages/airflow/example_dags/example_complex.py took 0.262 seconds
[2025-07-12T01:54:47.003+0000] {processor.py:161} INFO - Started process (PID=138) to work on /home/airflow/.local/lib/python3.8/site-packages/airflow/example_dags/example_complex.py
[2025-07-12T01:54:47.005+0000] {processor.py:830} INFO - Processing file /home/airflow/.local/lib/python3.8/site-packages/airflow/example_dags/example_complex.py for tasks to queue
[2025-07-12T01:54:47.008+0000] {logging_mixin.py:188} INFO - [2025-07-12T01:54:47.007+0000] {dagbag.py:538} INFO - Filling up the DagBag from /home/airflow/.local/lib/python3.8/site-packages/airflow/example_dags/example_complex.py
[2025-07-12T01:54:47.021+0000] {processor.py:840} INFO - DAG(s) 'example_complex' retrieved from /home/airflow/.local/lib/python3.8/site-packages/airflow/example_dags/example_complex.py
[2025-07-12T01:54:47.054+0000] {logging_mixin.py:188} INFO - [2025-07-12T01:54:47.054+0000] {dag.py:3036} INFO - Sync 1 DAGs
[2025-07-12T01:54:47.068+0000] {logging_mixin.py:188} INFO - [2025-07-12T01:54:47.068+0000] {dag.py:3823} INFO - Setting next_dagrun for example_complex to None, run_after=None
[2025-07-12T01:54:47.094+0000] {processor.py:183} INFO - Processing /home/airflow/.local/lib/python3.8/site-packages/airflow/example_dags/example_complex.py took 0.094 seconds
[2025-07-12T01:55:17.886+0000] {processor.py:161} INFO - Started process (PID=195) to work on /home/airflow/.local/lib/python3.8/site-packages/airflow/example_dags/example_complex.py
[2025-07-12T01:55:17.888+0000] {processor.py:830} INFO - Processing file /home/airflow/.local/lib/python3.8/site-packages/airflow/example_dags/example_complex.py for tasks to queue
[2025-07-12T01:55:17.891+0000] {logging_mixin.py:188} INFO - [2025-07-12T01:55:17.890+0000] {dagbag.py:538} INFO - Filling up the DagBag from /home/airflow/.local/lib/python3.8/site-packages/airflow/example_dags/example_complex.py
[2025-07-12T01:55:17.903+0000] {processor.py:840} INFO - DAG(s) 'example_complex' retrieved from /home/airflow/.local/lib/python3.8/site-packages/airflow/example_dags/example_complex.py
[2025-07-12T01:55:17.938+0000] {logging_mixin.py:188} INFO - [2025-07-12T01:55:17.938+0000] {dag.py:3036} INFO - Sync 1 DAGs
[2025-07-12T01:55:17.955+0000] {logging_mixin.py:188} INFO - [2025-07-12T01:55:17.954+0000] {dag.py:3823} INFO - Setting next_dagrun for example_complex to None, run_after=None
[2025-07-12T01:55:17.985+0000] {processor.py:183} INFO - Processing /home/airflow/.local/lib/python3.8/site-packages/airflow/example_dags/example_complex.py took 0.103 seconds
[2025-07-12T01:55:48.499+0000] {processor.py:161} INFO - Started process (PID=257) to work on /home/airflow/.local/lib/python3.8/site-packages/airflow/example_dags/example_complex.py
[2025-07-12T01:55:48.501+0000] {processor.py:830} INFO - Processing file /home/airflow/.local/lib/python3.8/site-packages/airflow/example_dags/example_complex.py for tasks to queue
[2025-07-12T01:55:48.505+0000] {logging_mixin.py:188} INFO - [2025-07-12T01:55:48.504+0000] {dagbag.py:538} INFO - Filling up the DagBag from /home/airflow/.local/lib/python3.8/site-packages/airflow/example_dags/example_complex.py
[2025-07-12T01:55:48.518+0000] {processor.py:840} INFO - DAG(s) 'example_complex' retrieved from /home/airflow/.local/lib/python3.8/site-packages/airflow/example_dags/example_complex.py
[2025-07-12T01:55:48.560+0000] {logging_mixin.py:188} INFO - [2025-07-12T01:55:48.560+0000] {dag.py:3036} INFO - Sync 1 DAGs
[2025-07-12T01:55:48.578+0000] {logging_mixin.py:188} INFO - [2025-07-12T01:55:48.578+0000] {dag.py:3823} INFO - Setting next_dagrun for example_complex to None, run_after=None
[2025-07-12T01:55:48.611+0000] {processor.py:183} INFO - Processing /home/airflow/.local/lib/python3.8/site-packages/airflow/example_dags/example_complex.py took 0.118 seconds
[2025-07-12T01:56:19.643+0000] {processor.py:161} INFO - Started process (PID=314) to work on /home/airflow/.local/lib/python3.8/site-packages/airflow/example_dags/example_complex.py
[2025-07-12T01:56:19.645+0000] {processor.py:830} INFO - Processing file /home/airflow/.local/lib/python3.8/site-packages/airflow/example_dags/example_complex.py for tasks to queue
[2025-07-12T01:56:19.648+0000] {logging_mixin.py:188} INFO - [2025-07-12T01:56:19.647+0000] {dagbag.py:538} INFO - Filling up the DagBag from /home/airflow/.local/lib/python3.8/site-packages/airflow/example_dags/example_complex.py
[2025-07-12T01:56:19.669+0000] {processor.py:840} INFO - DAG(s) 'example_complex' retrieved from /home/airflow/.local/lib/python3.8/site-packages/airflow/example_dags/example_complex.py
[2025-07-12T01:56:19.707+0000] {logging_mixin.py:188} INFO - [2025-07-12T01:56:19.706+0000] {dag.py:3036} INFO - Sync 1 DAGs
[2025-07-12T01:56:19.725+0000] {logging_mixin.py:188} INFO - [2025-07-12T01:56:19.725+0000] {dag.py:3823} INFO - Setting next_dagrun for example_complex to None, run_after=None
[2025-07-12T01:56:19.751+0000] {processor.py:183} INFO - Processing /home/airflow/.local/lib/python3.8/site-packages/airflow/example_dags/example_complex.py took 0.113 seconds
[2025-07-12T01:56:50.714+0000] {processor.py:161} INFO - Started process (PID=375) to work on /home/airflow/.local/lib/python3.8/site-packages/airflow/example_dags/example_complex.py
[2025-07-12T01:56:50.716+0000] {processor.py:830} INFO - Processing file /home/airflow/.local/lib/python3.8/site-packages/airflow/example_dags/example_complex.py for tasks to queue
[2025-07-12T01:56:50.719+0000] {logging_mixin.py:188} INFO - [2025-07-12T01:56:50.719+0000] {dagbag.py:538} INFO - Filling up the DagBag from /home/airflow/.local/lib/python3.8/site-packages/airflow/example_dags/example_complex.py
[2025-07-12T01:56:50.737+0000] {processor.py:840} INFO - DAG(s) 'example_complex' retrieved from /home/airflow/.local/lib/python3.8/site-packages/airflow/example_dags/example_complex.py
[2025-07-12T01:56:50.778+0000] {logging_mixin.py:188} INFO - [2025-07-12T01:56:50.778+0000] {dag.py:3036} INFO - Sync 1 DAGs
[2025-07-12T01:56:50.796+0000] {logging_mixin.py:188} INFO - [2025-07-12T01:56:50.795+0000] {dag.py:3823} INFO - Setting next_dagrun for example_complex to None, run_after=None
[2025-07-12T01:56:50.828+0000] {processor.py:183} INFO - Processing /home/airflow/.local/lib/python3.8/site-packages/airflow/example_dags/example_complex.py took 0.119 seconds
