[2025-07-12T01:35:11.927+0000] {processor.py:161} INFO - Started process (PID=62) to work on /home/airflow/.local/lib/python3.8/site-packages/airflow/example_dags/example_params_ui_tutorial.py
[2025-07-12T01:35:11.928+0000] {processor.py:830} INFO - Processing file /home/airflow/.local/lib/python3.8/site-packages/airflow/example_dags/example_params_ui_tutorial.py for tasks to queue
[2025-07-12T01:35:11.932+0000] {logging_mixin.py:188} INFO - [2025-07-12T01:35:11.931+0000] {dagbag.py:538} INFO - Filling up the DagBag from /home/airflow/.local/lib/python3.8/site-packages/airflow/example_dags/example_params_ui_tutorial.py
[2025-07-12T01:35:11.951+0000] {processor.py:840} INFO - DAG(s) 'example_params_ui_tutorial' retrieved from /home/airflow/.local/lib/python3.8/site-packages/airflow/example_dags/example_params_ui_tutorial.py
[2025-07-12T01:35:12.109+0000] {logging_mixin.py:188} INFO - [2025-07-12T01:35:12.108+0000] {dag.py:3036} INFO - Sync 1 DAGs
[2025-07-12T01:35:12.121+0000] {logging_mixin.py:188} INFO - [2025-07-12T01:35:12.121+0000] {dag.py:3823} INFO - Setting next_dagrun for example_params_ui_tutorial to None, run_after=None
[2025-07-12T01:35:12.152+0000] {processor.py:183} INFO - Processing /home/airflow/.local/lib/python3.8/site-packages/airflow/example_dags/example_params_ui_tutorial.py took 0.231 seconds
[2025-07-12T01:35:42.956+0000] {processor.py:161} INFO - Started process (PID=124) to work on /home/airflow/.local/lib/python3.8/site-packages/airflow/example_dags/example_params_ui_tutorial.py
[2025-07-12T01:35:42.958+0000] {processor.py:830} INFO - Processing file /home/airflow/.local/lib/python3.8/site-packages/airflow/example_dags/example_params_ui_tutorial.py for tasks to queue
[2025-07-12T01:35:42.961+0000] {logging_mixin.py:188} INFO - [2025-07-12T01:35:42.960+0000] {dagbag.py:538} INFO - Filling up the DagBag from /home/airflow/.local/lib/python3.8/site-packages/airflow/example_dags/example_params_ui_tutorial.py
[2025-07-12T01:35:42.977+0000] {processor.py:840} INFO - DAG(s) 'example_params_ui_tutorial' retrieved from /home/airflow/.local/lib/python3.8/site-packages/airflow/example_dags/example_params_ui_tutorial.py
[2025-07-12T01:35:43.034+0000] {logging_mixin.py:188} INFO - [2025-07-12T01:35:43.034+0000] {dag.py:3036} INFO - Sync 1 DAGs
[2025-07-12T01:35:43.048+0000] {logging_mixin.py:188} INFO - [2025-07-12T01:35:43.047+0000] {dag.py:3823} INFO - Setting next_dagrun for example_params_ui_tutorial to None, run_after=None
[2025-07-12T01:35:43.080+0000] {processor.py:183} INFO - Processing /home/airflow/.local/lib/python3.8/site-packages/airflow/example_dags/example_params_ui_tutorial.py took 0.127 seconds
[2025-07-12T01:36:13.280+0000] {processor.py:161} INFO - Started process (PID=179) to work on /home/airflow/.local/lib/python3.8/site-packages/airflow/example_dags/example_params_ui_tutorial.py
[2025-07-12T01:36:13.281+0000] {processor.py:830} INFO - Processing file /home/airflow/.local/lib/python3.8/site-packages/airflow/example_dags/example_params_ui_tutorial.py for tasks to queue
[2025-07-12T01:36:13.284+0000] {logging_mixin.py:188} INFO - [2025-07-12T01:36:13.283+0000] {dagbag.py:538} INFO - Filling up the DagBag from /home/airflow/.local/lib/python3.8/site-packages/airflow/example_dags/example_params_ui_tutorial.py
[2025-07-12T01:36:13.295+0000] {processor.py:840} INFO - DAG(s) 'example_params_ui_tutorial' retrieved from /home/airflow/.local/lib/python3.8/site-packages/airflow/example_dags/example_params_ui_tutorial.py
[2025-07-12T01:36:13.311+0000] {logging_mixin.py:188} INFO - [2025-07-12T01:36:13.311+0000] {dag.py:3036} INFO - Sync 1 DAGs
[2025-07-12T01:36:13.324+0000] {logging_mixin.py:188} INFO - [2025-07-12T01:36:13.324+0000] {dag.py:3823} INFO - Setting next_dagrun for example_params_ui_tutorial to None, run_after=None
[2025-07-12T01:36:13.351+0000] {processor.py:183} INFO - Processing /home/airflow/.local/lib/python3.8/site-packages/airflow/example_dags/example_params_ui_tutorial.py took 0.074 seconds
[2025-07-12T01:36:43.628+0000] {processor.py:161} INFO - Started process (PID=235) to work on /home/airflow/.local/lib/python3.8/site-packages/airflow/example_dags/example_params_ui_tutorial.py
[2025-07-12T01:36:43.631+0000] {processor.py:830} INFO - Processing file /home/airflow/.local/lib/python3.8/site-packages/airflow/example_dags/example_params_ui_tutorial.py for tasks to queue
[2025-07-12T01:36:43.635+0000] {logging_mixin.py:188} INFO - [2025-07-12T01:36:43.634+0000] {dagbag.py:538} INFO - Filling up the DagBag from /home/airflow/.local/lib/python3.8/site-packages/airflow/example_dags/example_params_ui_tutorial.py
[2025-07-12T01:36:43.649+0000] {processor.py:840} INFO - DAG(s) 'example_params_ui_tutorial' retrieved from /home/airflow/.local/lib/python3.8/site-packages/airflow/example_dags/example_params_ui_tutorial.py
[2025-07-12T01:36:43.786+0000] {logging_mixin.py:188} INFO - [2025-07-12T01:36:43.785+0000] {dag.py:3036} INFO - Sync 1 DAGs
[2025-07-12T01:36:43.798+0000] {logging_mixin.py:188} INFO - [2025-07-12T01:36:43.798+0000] {dag.py:3823} INFO - Setting next_dagrun for example_params_ui_tutorial to None, run_after=None
[2025-07-12T01:36:43.831+0000] {processor.py:183} INFO - Processing /home/airflow/.local/lib/python3.8/site-packages/airflow/example_dags/example_params_ui_tutorial.py took 0.207 seconds
[2025-07-12T01:37:14.341+0000] {processor.py:161} INFO - Started process (PID=291) to work on /home/airflow/.local/lib/python3.8/site-packages/airflow/example_dags/example_params_ui_tutorial.py
[2025-07-12T01:37:14.343+0000] {processor.py:830} INFO - Processing file /home/airflow/.local/lib/python3.8/site-packages/airflow/example_dags/example_params_ui_tutorial.py for tasks to queue
[2025-07-12T01:37:14.346+0000] {logging_mixin.py:188} INFO - [2025-07-12T01:37:14.346+0000] {dagbag.py:538} INFO - Filling up the DagBag from /home/airflow/.local/lib/python3.8/site-packages/airflow/example_dags/example_params_ui_tutorial.py
[2025-07-12T01:37:14.366+0000] {processor.py:840} INFO - DAG(s) 'example_params_ui_tutorial' retrieved from /home/airflow/.local/lib/python3.8/site-packages/airflow/example_dags/example_params_ui_tutorial.py
[2025-07-12T01:37:14.419+0000] {logging_mixin.py:188} INFO - [2025-07-12T01:37:14.419+0000] {dag.py:3036} INFO - Sync 1 DAGs
[2025-07-12T01:37:14.430+0000] {logging_mixin.py:188} INFO - [2025-07-12T01:37:14.430+0000] {dag.py:3823} INFO - Setting next_dagrun for example_params_ui_tutorial to None, run_after=None
[2025-07-12T01:37:14.452+0000] {processor.py:183} INFO - Processing /home/airflow/.local/lib/python3.8/site-packages/airflow/example_dags/example_params_ui_tutorial.py took 0.116 seconds
[2025-07-12T01:38:31.091+0000] {processor.py:161} INFO - Started process (PID=68) to work on /home/airflow/.local/lib/python3.8/site-packages/airflow/example_dags/example_params_ui_tutorial.py
[2025-07-12T01:38:31.094+0000] {processor.py:830} INFO - Processing file /home/airflow/.local/lib/python3.8/site-packages/airflow/example_dags/example_params_ui_tutorial.py for tasks to queue
[2025-07-12T01:38:31.101+0000] {logging_mixin.py:188} INFO - [2025-07-12T01:38:31.100+0000] {dagbag.py:538} INFO - Filling up the DagBag from /home/airflow/.local/lib/python3.8/site-packages/airflow/example_dags/example_params_ui_tutorial.py
[2025-07-12T01:38:31.136+0000] {processor.py:840} INFO - DAG(s) 'example_params_ui_tutorial' retrieved from /home/airflow/.local/lib/python3.8/site-packages/airflow/example_dags/example_params_ui_tutorial.py
[2025-07-12T01:38:31.365+0000] {logging_mixin.py:188} INFO - [2025-07-12T01:38:31.364+0000] {override.py:1769} INFO - Created Permission View: can edit on DAG:example_params_ui_tutorial
[2025-07-12T01:38:31.386+0000] {logging_mixin.py:188} INFO - [2025-07-12T01:38:31.385+0000] {override.py:1769} INFO - Created Permission View: can delete on DAG:example_params_ui_tutorial
[2025-07-12T01:38:31.404+0000] {logging_mixin.py:188} INFO - [2025-07-12T01:38:31.404+0000] {override.py:1769} INFO - Created Permission View: can read on DAG:example_params_ui_tutorial
[2025-07-12T01:38:31.405+0000] {logging_mixin.py:188} INFO - [2025-07-12T01:38:31.405+0000] {dag.py:3036} INFO - Sync 1 DAGs
[2025-07-12T01:38:31.425+0000] {logging_mixin.py:188} INFO - [2025-07-12T01:38:31.424+0000] {dag.py:3058} INFO - Creating ORM DAG for example_params_ui_tutorial
[2025-07-12T01:38:31.427+0000] {logging_mixin.py:188} INFO - [2025-07-12T01:38:31.427+0000] {dag.py:3823} INFO - Setting next_dagrun for example_params_ui_tutorial to None, run_after=None
[2025-07-12T01:38:31.468+0000] {processor.py:183} INFO - Processing /home/airflow/.local/lib/python3.8/site-packages/airflow/example_dags/example_params_ui_tutorial.py took 0.383 seconds
[2025-07-12T01:39:02.043+0000] {processor.py:161} INFO - Started process (PID=124) to work on /home/airflow/.local/lib/python3.8/site-packages/airflow/example_dags/example_params_ui_tutorial.py
[2025-07-12T01:39:02.044+0000] {processor.py:830} INFO - Processing file /home/airflow/.local/lib/python3.8/site-packages/airflow/example_dags/example_params_ui_tutorial.py for tasks to queue
[2025-07-12T01:39:02.046+0000] {logging_mixin.py:188} INFO - [2025-07-12T01:39:02.046+0000] {dagbag.py:538} INFO - Filling up the DagBag from /home/airflow/.local/lib/python3.8/site-packages/airflow/example_dags/example_params_ui_tutorial.py
[2025-07-12T01:39:02.059+0000] {processor.py:840} INFO - DAG(s) 'example_params_ui_tutorial' retrieved from /home/airflow/.local/lib/python3.8/site-packages/airflow/example_dags/example_params_ui_tutorial.py
[2025-07-12T01:39:02.112+0000] {logging_mixin.py:188} INFO - [2025-07-12T01:39:02.112+0000] {dag.py:3036} INFO - Sync 1 DAGs
[2025-07-12T01:39:02.125+0000] {logging_mixin.py:188} INFO - [2025-07-12T01:39:02.125+0000] {dag.py:3823} INFO - Setting next_dagrun for example_params_ui_tutorial to None, run_after=None
[2025-07-12T01:39:02.146+0000] {processor.py:183} INFO - Processing /home/airflow/.local/lib/python3.8/site-packages/airflow/example_dags/example_params_ui_tutorial.py took 0.107 seconds
[2025-07-12T01:39:32.480+0000] {processor.py:161} INFO - Started process (PID=179) to work on /home/airflow/.local/lib/python3.8/site-packages/airflow/example_dags/example_params_ui_tutorial.py
[2025-07-12T01:39:32.482+0000] {processor.py:830} INFO - Processing file /home/airflow/.local/lib/python3.8/site-packages/airflow/example_dags/example_params_ui_tutorial.py for tasks to queue
[2025-07-12T01:39:32.485+0000] {logging_mixin.py:188} INFO - [2025-07-12T01:39:32.485+0000] {dagbag.py:538} INFO - Filling up the DagBag from /home/airflow/.local/lib/python3.8/site-packages/airflow/example_dags/example_params_ui_tutorial.py
[2025-07-12T01:39:32.502+0000] {processor.py:840} INFO - DAG(s) 'example_params_ui_tutorial' retrieved from /home/airflow/.local/lib/python3.8/site-packages/airflow/example_dags/example_params_ui_tutorial.py
[2025-07-12T01:39:32.565+0000] {logging_mixin.py:188} INFO - [2025-07-12T01:39:32.565+0000] {dag.py:3036} INFO - Sync 1 DAGs
[2025-07-12T01:39:32.581+0000] {logging_mixin.py:188} INFO - [2025-07-12T01:39:32.580+0000] {dag.py:3823} INFO - Setting next_dagrun for example_params_ui_tutorial to None, run_after=None
[2025-07-12T01:39:32.609+0000] {processor.py:183} INFO - Processing /home/airflow/.local/lib/python3.8/site-packages/airflow/example_dags/example_params_ui_tutorial.py took 0.134 seconds
[2025-07-12T01:40:02.847+0000] {processor.py:161} INFO - Started process (PID=236) to work on /home/airflow/.local/lib/python3.8/site-packages/airflow/example_dags/example_params_ui_tutorial.py
[2025-07-12T01:40:02.850+0000] {processor.py:830} INFO - Processing file /home/airflow/.local/lib/python3.8/site-packages/airflow/example_dags/example_params_ui_tutorial.py for tasks to queue
[2025-07-12T01:40:02.855+0000] {logging_mixin.py:188} INFO - [2025-07-12T01:40:02.854+0000] {dagbag.py:538} INFO - Filling up the DagBag from /home/airflow/.local/lib/python3.8/site-packages/airflow/example_dags/example_params_ui_tutorial.py
[2025-07-12T01:40:02.875+0000] {processor.py:840} INFO - DAG(s) 'example_params_ui_tutorial' retrieved from /home/airflow/.local/lib/python3.8/site-packages/airflow/example_dags/example_params_ui_tutorial.py
[2025-07-12T01:40:02.938+0000] {logging_mixin.py:188} INFO - [2025-07-12T01:40:02.938+0000] {dag.py:3036} INFO - Sync 1 DAGs
[2025-07-12T01:40:02.950+0000] {logging_mixin.py:188} INFO - [2025-07-12T01:40:02.950+0000] {dag.py:3823} INFO - Setting next_dagrun for example_params_ui_tutorial to None, run_after=None
[2025-07-12T01:40:02.975+0000] {processor.py:183} INFO - Processing /home/airflow/.local/lib/python3.8/site-packages/airflow/example_dags/example_params_ui_tutorial.py took 0.135 seconds
[2025-07-12T01:40:33.159+0000] {processor.py:161} INFO - Started process (PID=292) to work on /home/airflow/.local/lib/python3.8/site-packages/airflow/example_dags/example_params_ui_tutorial.py
[2025-07-12T01:40:33.160+0000] {processor.py:830} INFO - Processing file /home/airflow/.local/lib/python3.8/site-packages/airflow/example_dags/example_params_ui_tutorial.py for tasks to queue
[2025-07-12T01:40:33.163+0000] {logging_mixin.py:188} INFO - [2025-07-12T01:40:33.163+0000] {dagbag.py:538} INFO - Filling up the DagBag from /home/airflow/.local/lib/python3.8/site-packages/airflow/example_dags/example_params_ui_tutorial.py
[2025-07-12T01:40:33.175+0000] {processor.py:840} INFO - DAG(s) 'example_params_ui_tutorial' retrieved from /home/airflow/.local/lib/python3.8/site-packages/airflow/example_dags/example_params_ui_tutorial.py
[2025-07-12T01:40:33.229+0000] {logging_mixin.py:188} INFO - [2025-07-12T01:40:33.228+0000] {dag.py:3036} INFO - Sync 1 DAGs
[2025-07-12T01:40:33.241+0000] {logging_mixin.py:188} INFO - [2025-07-12T01:40:33.241+0000] {dag.py:3823} INFO - Setting next_dagrun for example_params_ui_tutorial to None, run_after=None
[2025-07-12T01:40:33.264+0000] {processor.py:183} INFO - Processing /home/airflow/.local/lib/python3.8/site-packages/airflow/example_dags/example_params_ui_tutorial.py took 0.108 seconds
[2025-07-12T01:41:03.461+0000] {processor.py:161} INFO - Started process (PID=348) to work on /home/airflow/.local/lib/python3.8/site-packages/airflow/example_dags/example_params_ui_tutorial.py
[2025-07-12T01:41:03.463+0000] {processor.py:830} INFO - Processing file /home/airflow/.local/lib/python3.8/site-packages/airflow/example_dags/example_params_ui_tutorial.py for tasks to queue
[2025-07-12T01:41:03.466+0000] {logging_mixin.py:188} INFO - [2025-07-12T01:41:03.466+0000] {dagbag.py:538} INFO - Filling up the DagBag from /home/airflow/.local/lib/python3.8/site-packages/airflow/example_dags/example_params_ui_tutorial.py
[2025-07-12T01:41:03.479+0000] {processor.py:840} INFO - DAG(s) 'example_params_ui_tutorial' retrieved from /home/airflow/.local/lib/python3.8/site-packages/airflow/example_dags/example_params_ui_tutorial.py
[2025-07-12T01:41:03.537+0000] {logging_mixin.py:188} INFO - [2025-07-12T01:41:03.536+0000] {dag.py:3036} INFO - Sync 1 DAGs
[2025-07-12T01:41:03.551+0000] {logging_mixin.py:188} INFO - [2025-07-12T01:41:03.551+0000] {dag.py:3823} INFO - Setting next_dagrun for example_params_ui_tutorial to None, run_after=None
[2025-07-12T01:41:03.579+0000] {processor.py:183} INFO - Processing /home/airflow/.local/lib/python3.8/site-packages/airflow/example_dags/example_params_ui_tutorial.py took 0.122 seconds
[2025-07-12T01:41:34.037+0000] {processor.py:161} INFO - Started process (PID=404) to work on /home/airflow/.local/lib/python3.8/site-packages/airflow/example_dags/example_params_ui_tutorial.py
[2025-07-12T01:41:34.040+0000] {processor.py:830} INFO - Processing file /home/airflow/.local/lib/python3.8/site-packages/airflow/example_dags/example_params_ui_tutorial.py for tasks to queue
[2025-07-12T01:41:34.044+0000] {logging_mixin.py:188} INFO - [2025-07-12T01:41:34.044+0000] {dagbag.py:538} INFO - Filling up the DagBag from /home/airflow/.local/lib/python3.8/site-packages/airflow/example_dags/example_params_ui_tutorial.py
[2025-07-12T01:41:34.060+0000] {processor.py:840} INFO - DAG(s) 'example_params_ui_tutorial' retrieved from /home/airflow/.local/lib/python3.8/site-packages/airflow/example_dags/example_params_ui_tutorial.py
[2025-07-12T01:41:34.117+0000] {logging_mixin.py:188} INFO - [2025-07-12T01:41:34.116+0000] {dag.py:3036} INFO - Sync 1 DAGs
[2025-07-12T01:41:34.130+0000] {logging_mixin.py:188} INFO - [2025-07-12T01:41:34.130+0000] {dag.py:3823} INFO - Setting next_dagrun for example_params_ui_tutorial to None, run_after=None
[2025-07-12T01:41:34.156+0000] {processor.py:183} INFO - Processing /home/airflow/.local/lib/python3.8/site-packages/airflow/example_dags/example_params_ui_tutorial.py took 0.127 seconds
[2025-07-12T01:42:04.585+0000] {processor.py:161} INFO - Started process (PID=460) to work on /home/airflow/.local/lib/python3.8/site-packages/airflow/example_dags/example_params_ui_tutorial.py
[2025-07-12T01:42:04.588+0000] {processor.py:830} INFO - Processing file /home/airflow/.local/lib/python3.8/site-packages/airflow/example_dags/example_params_ui_tutorial.py for tasks to queue
[2025-07-12T01:42:04.592+0000] {logging_mixin.py:188} INFO - [2025-07-12T01:42:04.591+0000] {dagbag.py:538} INFO - Filling up the DagBag from /home/airflow/.local/lib/python3.8/site-packages/airflow/example_dags/example_params_ui_tutorial.py
[2025-07-12T01:42:04.606+0000] {processor.py:840} INFO - DAG(s) 'example_params_ui_tutorial' retrieved from /home/airflow/.local/lib/python3.8/site-packages/airflow/example_dags/example_params_ui_tutorial.py
[2025-07-12T01:42:04.656+0000] {logging_mixin.py:188} INFO - [2025-07-12T01:42:04.656+0000] {dag.py:3036} INFO - Sync 1 DAGs
[2025-07-12T01:42:04.668+0000] {logging_mixin.py:188} INFO - [2025-07-12T01:42:04.668+0000] {dag.py:3823} INFO - Setting next_dagrun for example_params_ui_tutorial to None, run_after=None
[2025-07-12T01:42:04.695+0000] {processor.py:183} INFO - Processing /home/airflow/.local/lib/python3.8/site-packages/airflow/example_dags/example_params_ui_tutorial.py took 0.117 seconds
[2025-07-12T01:42:34.897+0000] {processor.py:161} INFO - Started process (PID=516) to work on /home/airflow/.local/lib/python3.8/site-packages/airflow/example_dags/example_params_ui_tutorial.py
[2025-07-12T01:42:34.907+0000] {processor.py:830} INFO - Processing file /home/airflow/.local/lib/python3.8/site-packages/airflow/example_dags/example_params_ui_tutorial.py for tasks to queue
[2025-07-12T01:42:34.910+0000] {logging_mixin.py:188} INFO - [2025-07-12T01:42:34.910+0000] {dagbag.py:538} INFO - Filling up the DagBag from /home/airflow/.local/lib/python3.8/site-packages/airflow/example_dags/example_params_ui_tutorial.py
[2025-07-12T01:42:34.930+0000] {processor.py:840} INFO - DAG(s) 'example_params_ui_tutorial' retrieved from /home/airflow/.local/lib/python3.8/site-packages/airflow/example_dags/example_params_ui_tutorial.py
[2025-07-12T01:42:34.996+0000] {logging_mixin.py:188} INFO - [2025-07-12T01:42:34.996+0000] {dag.py:3036} INFO - Sync 1 DAGs
[2025-07-12T01:42:35.015+0000] {logging_mixin.py:188} INFO - [2025-07-12T01:42:35.015+0000] {dag.py:3823} INFO - Setting next_dagrun for example_params_ui_tutorial to None, run_after=None
[2025-07-12T01:42:35.044+0000] {processor.py:183} INFO - Processing /home/airflow/.local/lib/python3.8/site-packages/airflow/example_dags/example_params_ui_tutorial.py took 0.151 seconds
[2025-07-12T01:43:05.181+0000] {processor.py:161} INFO - Started process (PID=572) to work on /home/airflow/.local/lib/python3.8/site-packages/airflow/example_dags/example_params_ui_tutorial.py
[2025-07-12T01:43:05.183+0000] {processor.py:830} INFO - Processing file /home/airflow/.local/lib/python3.8/site-packages/airflow/example_dags/example_params_ui_tutorial.py for tasks to queue
[2025-07-12T01:43:05.188+0000] {logging_mixin.py:188} INFO - [2025-07-12T01:43:05.187+0000] {dagbag.py:538} INFO - Filling up the DagBag from /home/airflow/.local/lib/python3.8/site-packages/airflow/example_dags/example_params_ui_tutorial.py
[2025-07-12T01:43:05.205+0000] {processor.py:840} INFO - DAG(s) 'example_params_ui_tutorial' retrieved from /home/airflow/.local/lib/python3.8/site-packages/airflow/example_dags/example_params_ui_tutorial.py
[2025-07-12T01:43:05.273+0000] {logging_mixin.py:188} INFO - [2025-07-12T01:43:05.272+0000] {dag.py:3036} INFO - Sync 1 DAGs
[2025-07-12T01:43:05.288+0000] {logging_mixin.py:188} INFO - [2025-07-12T01:43:05.287+0000] {dag.py:3823} INFO - Setting next_dagrun for example_params_ui_tutorial to None, run_after=None
[2025-07-12T01:43:05.322+0000] {processor.py:183} INFO - Processing /home/airflow/.local/lib/python3.8/site-packages/airflow/example_dags/example_params_ui_tutorial.py took 0.147 seconds
[2025-07-12T01:43:36.137+0000] {processor.py:161} INFO - Started process (PID=628) to work on /home/airflow/.local/lib/python3.8/site-packages/airflow/example_dags/example_params_ui_tutorial.py
[2025-07-12T01:43:36.140+0000] {processor.py:830} INFO - Processing file /home/airflow/.local/lib/python3.8/site-packages/airflow/example_dags/example_params_ui_tutorial.py for tasks to queue
[2025-07-12T01:43:36.144+0000] {logging_mixin.py:188} INFO - [2025-07-12T01:43:36.144+0000] {dagbag.py:538} INFO - Filling up the DagBag from /home/airflow/.local/lib/python3.8/site-packages/airflow/example_dags/example_params_ui_tutorial.py
[2025-07-12T01:43:36.165+0000] {processor.py:840} INFO - DAG(s) 'example_params_ui_tutorial' retrieved from /home/airflow/.local/lib/python3.8/site-packages/airflow/example_dags/example_params_ui_tutorial.py
[2025-07-12T01:43:36.335+0000] {logging_mixin.py:188} INFO - [2025-07-12T01:43:36.334+0000] {dag.py:3036} INFO - Sync 1 DAGs
[2025-07-12T01:43:36.372+0000] {logging_mixin.py:188} INFO - [2025-07-12T01:43:36.371+0000] {dag.py:3823} INFO - Setting next_dagrun for example_params_ui_tutorial to None, run_after=None
[2025-07-12T01:43:36.418+0000] {processor.py:183} INFO - Processing /home/airflow/.local/lib/python3.8/site-packages/airflow/example_dags/example_params_ui_tutorial.py took 0.288 seconds
[2025-07-12T01:44:06.652+0000] {processor.py:161} INFO - Started process (PID=684) to work on /home/airflow/.local/lib/python3.8/site-packages/airflow/example_dags/example_params_ui_tutorial.py
[2025-07-12T01:44:06.654+0000] {processor.py:830} INFO - Processing file /home/airflow/.local/lib/python3.8/site-packages/airflow/example_dags/example_params_ui_tutorial.py for tasks to queue
[2025-07-12T01:44:06.658+0000] {logging_mixin.py:188} INFO - [2025-07-12T01:44:06.657+0000] {dagbag.py:538} INFO - Filling up the DagBag from /home/airflow/.local/lib/python3.8/site-packages/airflow/example_dags/example_params_ui_tutorial.py
[2025-07-12T01:44:06.673+0000] {processor.py:840} INFO - DAG(s) 'example_params_ui_tutorial' retrieved from /home/airflow/.local/lib/python3.8/site-packages/airflow/example_dags/example_params_ui_tutorial.py
[2025-07-12T01:44:06.734+0000] {logging_mixin.py:188} INFO - [2025-07-12T01:44:06.734+0000] {dag.py:3036} INFO - Sync 1 DAGs
[2025-07-12T01:44:06.751+0000] {logging_mixin.py:188} INFO - [2025-07-12T01:44:06.750+0000] {dag.py:3823} INFO - Setting next_dagrun for example_params_ui_tutorial to None, run_after=None
[2025-07-12T01:44:06.797+0000] {processor.py:183} INFO - Processing /home/airflow/.local/lib/python3.8/site-packages/airflow/example_dags/example_params_ui_tutorial.py took 0.150 seconds
[2025-07-12T01:44:37.343+0000] {processor.py:161} INFO - Started process (PID=740) to work on /home/airflow/.local/lib/python3.8/site-packages/airflow/example_dags/example_params_ui_tutorial.py
[2025-07-12T01:44:37.345+0000] {processor.py:830} INFO - Processing file /home/airflow/.local/lib/python3.8/site-packages/airflow/example_dags/example_params_ui_tutorial.py for tasks to queue
[2025-07-12T01:44:37.349+0000] {logging_mixin.py:188} INFO - [2025-07-12T01:44:37.349+0000] {dagbag.py:538} INFO - Filling up the DagBag from /home/airflow/.local/lib/python3.8/site-packages/airflow/example_dags/example_params_ui_tutorial.py
[2025-07-12T01:44:37.365+0000] {processor.py:840} INFO - DAG(s) 'example_params_ui_tutorial' retrieved from /home/airflow/.local/lib/python3.8/site-packages/airflow/example_dags/example_params_ui_tutorial.py
[2025-07-12T01:44:37.442+0000] {logging_mixin.py:188} INFO - [2025-07-12T01:44:37.442+0000] {dag.py:3036} INFO - Sync 1 DAGs
[2025-07-12T01:44:37.457+0000] {logging_mixin.py:188} INFO - [2025-07-12T01:44:37.457+0000] {dag.py:3823} INFO - Setting next_dagrun for example_params_ui_tutorial to None, run_after=None
[2025-07-12T01:44:37.485+0000] {processor.py:183} INFO - Processing /home/airflow/.local/lib/python3.8/site-packages/airflow/example_dags/example_params_ui_tutorial.py took 0.150 seconds
[2025-07-12T01:45:08.309+0000] {processor.py:161} INFO - Started process (PID=796) to work on /home/airflow/.local/lib/python3.8/site-packages/airflow/example_dags/example_params_ui_tutorial.py
[2025-07-12T01:45:08.311+0000] {processor.py:830} INFO - Processing file /home/airflow/.local/lib/python3.8/site-packages/airflow/example_dags/example_params_ui_tutorial.py for tasks to queue
[2025-07-12T01:45:08.316+0000] {logging_mixin.py:188} INFO - [2025-07-12T01:45:08.315+0000] {dagbag.py:538} INFO - Filling up the DagBag from /home/airflow/.local/lib/python3.8/site-packages/airflow/example_dags/example_params_ui_tutorial.py
[2025-07-12T01:45:08.336+0000] {processor.py:840} INFO - DAG(s) 'example_params_ui_tutorial' retrieved from /home/airflow/.local/lib/python3.8/site-packages/airflow/example_dags/example_params_ui_tutorial.py
[2025-07-12T01:45:08.409+0000] {logging_mixin.py:188} INFO - [2025-07-12T01:45:08.409+0000] {dag.py:3036} INFO - Sync 1 DAGs
[2025-07-12T01:45:08.427+0000] {logging_mixin.py:188} INFO - [2025-07-12T01:45:08.426+0000] {dag.py:3823} INFO - Setting next_dagrun for example_params_ui_tutorial to None, run_after=None
[2025-07-12T01:45:08.459+0000] {processor.py:183} INFO - Processing /home/airflow/.local/lib/python3.8/site-packages/airflow/example_dags/example_params_ui_tutorial.py took 0.158 seconds
[2025-07-12T01:45:38.845+0000] {processor.py:161} INFO - Started process (PID=852) to work on /home/airflow/.local/lib/python3.8/site-packages/airflow/example_dags/example_params_ui_tutorial.py
[2025-07-12T01:45:38.848+0000] {processor.py:830} INFO - Processing file /home/airflow/.local/lib/python3.8/site-packages/airflow/example_dags/example_params_ui_tutorial.py for tasks to queue
[2025-07-12T01:45:38.851+0000] {logging_mixin.py:188} INFO - [2025-07-12T01:45:38.851+0000] {dagbag.py:538} INFO - Filling up the DagBag from /home/airflow/.local/lib/python3.8/site-packages/airflow/example_dags/example_params_ui_tutorial.py
[2025-07-12T01:45:38.870+0000] {processor.py:840} INFO - DAG(s) 'example_params_ui_tutorial' retrieved from /home/airflow/.local/lib/python3.8/site-packages/airflow/example_dags/example_params_ui_tutorial.py
[2025-07-12T01:45:38.942+0000] {logging_mixin.py:188} INFO - [2025-07-12T01:45:38.942+0000] {dag.py:3036} INFO - Sync 1 DAGs
[2025-07-12T01:45:38.959+0000] {logging_mixin.py:188} INFO - [2025-07-12T01:45:38.959+0000] {dag.py:3823} INFO - Setting next_dagrun for example_params_ui_tutorial to None, run_after=None
[2025-07-12T01:45:38.988+0000] {processor.py:183} INFO - Processing /home/airflow/.local/lib/python3.8/site-packages/airflow/example_dags/example_params_ui_tutorial.py took 0.149 seconds
[2025-07-12T01:46:09.358+0000] {processor.py:161} INFO - Started process (PID=908) to work on /home/airflow/.local/lib/python3.8/site-packages/airflow/example_dags/example_params_ui_tutorial.py
[2025-07-12T01:46:09.370+0000] {processor.py:830} INFO - Processing file /home/airflow/.local/lib/python3.8/site-packages/airflow/example_dags/example_params_ui_tutorial.py for tasks to queue
[2025-07-12T01:46:09.377+0000] {logging_mixin.py:188} INFO - [2025-07-12T01:46:09.376+0000] {dagbag.py:538} INFO - Filling up the DagBag from /home/airflow/.local/lib/python3.8/site-packages/airflow/example_dags/example_params_ui_tutorial.py
[2025-07-12T01:46:09.501+0000] {processor.py:840} INFO - DAG(s) 'example_params_ui_tutorial' retrieved from /home/airflow/.local/lib/python3.8/site-packages/airflow/example_dags/example_params_ui_tutorial.py
[2025-07-12T01:46:09.589+0000] {logging_mixin.py:188} INFO - [2025-07-12T01:46:09.589+0000] {dag.py:3036} INFO - Sync 1 DAGs
[2025-07-12T01:46:09.606+0000] {logging_mixin.py:188} INFO - [2025-07-12T01:46:09.606+0000] {dag.py:3823} INFO - Setting next_dagrun for example_params_ui_tutorial to None, run_after=None
[2025-07-12T01:46:09.638+0000] {processor.py:183} INFO - Processing /home/airflow/.local/lib/python3.8/site-packages/airflow/example_dags/example_params_ui_tutorial.py took 0.285 seconds
[2025-07-12T01:46:39.928+0000] {processor.py:161} INFO - Started process (PID=964) to work on /home/airflow/.local/lib/python3.8/site-packages/airflow/example_dags/example_params_ui_tutorial.py
[2025-07-12T01:46:39.930+0000] {processor.py:830} INFO - Processing file /home/airflow/.local/lib/python3.8/site-packages/airflow/example_dags/example_params_ui_tutorial.py for tasks to queue
[2025-07-12T01:46:39.935+0000] {logging_mixin.py:188} INFO - [2025-07-12T01:46:39.934+0000] {dagbag.py:538} INFO - Filling up the DagBag from /home/airflow/.local/lib/python3.8/site-packages/airflow/example_dags/example_params_ui_tutorial.py
[2025-07-12T01:46:39.956+0000] {processor.py:840} INFO - DAG(s) 'example_params_ui_tutorial' retrieved from /home/airflow/.local/lib/python3.8/site-packages/airflow/example_dags/example_params_ui_tutorial.py
[2025-07-12T01:46:40.033+0000] {logging_mixin.py:188} INFO - [2025-07-12T01:46:40.033+0000] {dag.py:3036} INFO - Sync 1 DAGs
[2025-07-12T01:46:40.048+0000] {logging_mixin.py:188} INFO - [2025-07-12T01:46:40.048+0000] {dag.py:3823} INFO - Setting next_dagrun for example_params_ui_tutorial to None, run_after=None
[2025-07-12T01:46:40.080+0000] {processor.py:183} INFO - Processing /home/airflow/.local/lib/python3.8/site-packages/airflow/example_dags/example_params_ui_tutorial.py took 0.156 seconds
[2025-07-12T01:47:10.424+0000] {processor.py:161} INFO - Started process (PID=1020) to work on /home/airflow/.local/lib/python3.8/site-packages/airflow/example_dags/example_params_ui_tutorial.py
[2025-07-12T01:47:10.426+0000] {processor.py:830} INFO - Processing file /home/airflow/.local/lib/python3.8/site-packages/airflow/example_dags/example_params_ui_tutorial.py for tasks to queue
[2025-07-12T01:47:10.429+0000] {logging_mixin.py:188} INFO - [2025-07-12T01:47:10.429+0000] {dagbag.py:538} INFO - Filling up the DagBag from /home/airflow/.local/lib/python3.8/site-packages/airflow/example_dags/example_params_ui_tutorial.py
[2025-07-12T01:47:10.444+0000] {processor.py:840} INFO - DAG(s) 'example_params_ui_tutorial' retrieved from /home/airflow/.local/lib/python3.8/site-packages/airflow/example_dags/example_params_ui_tutorial.py
[2025-07-12T01:47:10.513+0000] {logging_mixin.py:188} INFO - [2025-07-12T01:47:10.513+0000] {dag.py:3036} INFO - Sync 1 DAGs
[2025-07-12T01:47:10.530+0000] {logging_mixin.py:188} INFO - [2025-07-12T01:47:10.529+0000] {dag.py:3823} INFO - Setting next_dagrun for example_params_ui_tutorial to None, run_after=None
[2025-07-12T01:47:10.573+0000] {processor.py:183} INFO - Processing /home/airflow/.local/lib/python3.8/site-packages/airflow/example_dags/example_params_ui_tutorial.py took 0.156 seconds
[2025-07-12T01:47:40.788+0000] {processor.py:161} INFO - Started process (PID=1076) to work on /home/airflow/.local/lib/python3.8/site-packages/airflow/example_dags/example_params_ui_tutorial.py
[2025-07-12T01:47:40.790+0000] {processor.py:830} INFO - Processing file /home/airflow/.local/lib/python3.8/site-packages/airflow/example_dags/example_params_ui_tutorial.py for tasks to queue
[2025-07-12T01:47:40.794+0000] {logging_mixin.py:188} INFO - [2025-07-12T01:47:40.793+0000] {dagbag.py:538} INFO - Filling up the DagBag from /home/airflow/.local/lib/python3.8/site-packages/airflow/example_dags/example_params_ui_tutorial.py
[2025-07-12T01:47:40.809+0000] {processor.py:840} INFO - DAG(s) 'example_params_ui_tutorial' retrieved from /home/airflow/.local/lib/python3.8/site-packages/airflow/example_dags/example_params_ui_tutorial.py
[2025-07-12T01:47:40.881+0000] {logging_mixin.py:188} INFO - [2025-07-12T01:47:40.880+0000] {dag.py:3036} INFO - Sync 1 DAGs
[2025-07-12T01:47:40.896+0000] {logging_mixin.py:188} INFO - [2025-07-12T01:47:40.895+0000] {dag.py:3823} INFO - Setting next_dagrun for example_params_ui_tutorial to None, run_after=None
[2025-07-12T01:47:40.931+0000] {processor.py:183} INFO - Processing /home/airflow/.local/lib/python3.8/site-packages/airflow/example_dags/example_params_ui_tutorial.py took 0.147 seconds
[2025-07-12T01:48:11.307+0000] {processor.py:161} INFO - Started process (PID=1132) to work on /home/airflow/.local/lib/python3.8/site-packages/airflow/example_dags/example_params_ui_tutorial.py
[2025-07-12T01:48:11.309+0000] {processor.py:830} INFO - Processing file /home/airflow/.local/lib/python3.8/site-packages/airflow/example_dags/example_params_ui_tutorial.py for tasks to queue
[2025-07-12T01:48:11.312+0000] {logging_mixin.py:188} INFO - [2025-07-12T01:48:11.312+0000] {dagbag.py:538} INFO - Filling up the DagBag from /home/airflow/.local/lib/python3.8/site-packages/airflow/example_dags/example_params_ui_tutorial.py
[2025-07-12T01:48:11.333+0000] {processor.py:840} INFO - DAG(s) 'example_params_ui_tutorial' retrieved from /home/airflow/.local/lib/python3.8/site-packages/airflow/example_dags/example_params_ui_tutorial.py
[2025-07-12T01:48:11.412+0000] {logging_mixin.py:188} INFO - [2025-07-12T01:48:11.411+0000] {dag.py:3036} INFO - Sync 1 DAGs
[2025-07-12T01:48:11.432+0000] {logging_mixin.py:188} INFO - [2025-07-12T01:48:11.431+0000] {dag.py:3823} INFO - Setting next_dagrun for example_params_ui_tutorial to None, run_after=None
[2025-07-12T01:48:11.464+0000] {processor.py:183} INFO - Processing /home/airflow/.local/lib/python3.8/site-packages/airflow/example_dags/example_params_ui_tutorial.py took 0.163 seconds
[2025-07-12T01:48:41.648+0000] {processor.py:161} INFO - Started process (PID=1188) to work on /home/airflow/.local/lib/python3.8/site-packages/airflow/example_dags/example_params_ui_tutorial.py
[2025-07-12T01:48:41.652+0000] {processor.py:830} INFO - Processing file /home/airflow/.local/lib/python3.8/site-packages/airflow/example_dags/example_params_ui_tutorial.py for tasks to queue
[2025-07-12T01:48:41.657+0000] {logging_mixin.py:188} INFO - [2025-07-12T01:48:41.657+0000] {dagbag.py:538} INFO - Filling up the DagBag from /home/airflow/.local/lib/python3.8/site-packages/airflow/example_dags/example_params_ui_tutorial.py
[2025-07-12T01:48:41.674+0000] {processor.py:840} INFO - DAG(s) 'example_params_ui_tutorial' retrieved from /home/airflow/.local/lib/python3.8/site-packages/airflow/example_dags/example_params_ui_tutorial.py
[2025-07-12T01:48:41.742+0000] {logging_mixin.py:188} INFO - [2025-07-12T01:48:41.742+0000] {dag.py:3036} INFO - Sync 1 DAGs
[2025-07-12T01:48:41.757+0000] {logging_mixin.py:188} INFO - [2025-07-12T01:48:41.757+0000] {dag.py:3823} INFO - Setting next_dagrun for example_params_ui_tutorial to None, run_after=None
[2025-07-12T01:48:41.789+0000] {processor.py:183} INFO - Processing /home/airflow/.local/lib/python3.8/site-packages/airflow/example_dags/example_params_ui_tutorial.py took 0.152 seconds
[2025-07-12T01:49:12.415+0000] {processor.py:161} INFO - Started process (PID=1244) to work on /home/airflow/.local/lib/python3.8/site-packages/airflow/example_dags/example_params_ui_tutorial.py
[2025-07-12T01:49:12.418+0000] {processor.py:830} INFO - Processing file /home/airflow/.local/lib/python3.8/site-packages/airflow/example_dags/example_params_ui_tutorial.py for tasks to queue
[2025-07-12T01:49:12.423+0000] {logging_mixin.py:188} INFO - [2025-07-12T01:49:12.422+0000] {dagbag.py:538} INFO - Filling up the DagBag from /home/airflow/.local/lib/python3.8/site-packages/airflow/example_dags/example_params_ui_tutorial.py
[2025-07-12T01:49:12.448+0000] {processor.py:840} INFO - DAG(s) 'example_params_ui_tutorial' retrieved from /home/airflow/.local/lib/python3.8/site-packages/airflow/example_dags/example_params_ui_tutorial.py
[2025-07-12T01:49:12.534+0000] {logging_mixin.py:188} INFO - [2025-07-12T01:49:12.534+0000] {dag.py:3036} INFO - Sync 1 DAGs
[2025-07-12T01:49:12.550+0000] {logging_mixin.py:188} INFO - [2025-07-12T01:49:12.550+0000] {dag.py:3823} INFO - Setting next_dagrun for example_params_ui_tutorial to None, run_after=None
[2025-07-12T01:49:12.582+0000] {processor.py:183} INFO - Processing /home/airflow/.local/lib/python3.8/site-packages/airflow/example_dags/example_params_ui_tutorial.py took 0.174 seconds
[2025-07-12T01:49:42.879+0000] {processor.py:161} INFO - Started process (PID=1300) to work on /home/airflow/.local/lib/python3.8/site-packages/airflow/example_dags/example_params_ui_tutorial.py
[2025-07-12T01:49:42.882+0000] {processor.py:830} INFO - Processing file /home/airflow/.local/lib/python3.8/site-packages/airflow/example_dags/example_params_ui_tutorial.py for tasks to queue
[2025-07-12T01:49:42.885+0000] {logging_mixin.py:188} INFO - [2025-07-12T01:49:42.884+0000] {dagbag.py:538} INFO - Filling up the DagBag from /home/airflow/.local/lib/python3.8/site-packages/airflow/example_dags/example_params_ui_tutorial.py
[2025-07-12T01:49:42.901+0000] {processor.py:840} INFO - DAG(s) 'example_params_ui_tutorial' retrieved from /home/airflow/.local/lib/python3.8/site-packages/airflow/example_dags/example_params_ui_tutorial.py
[2025-07-12T01:49:42.983+0000] {logging_mixin.py:188} INFO - [2025-07-12T01:49:42.982+0000] {dag.py:3036} INFO - Sync 1 DAGs
[2025-07-12T01:49:43.004+0000] {logging_mixin.py:188} INFO - [2025-07-12T01:49:43.000+0000] {dag.py:3823} INFO - Setting next_dagrun for example_params_ui_tutorial to None, run_after=None
[2025-07-12T01:49:43.049+0000] {processor.py:183} INFO - Processing /home/airflow/.local/lib/python3.8/site-packages/airflow/example_dags/example_params_ui_tutorial.py took 0.175 seconds
[2025-07-12T01:50:13.288+0000] {processor.py:161} INFO - Started process (PID=1356) to work on /home/airflow/.local/lib/python3.8/site-packages/airflow/example_dags/example_params_ui_tutorial.py
[2025-07-12T01:50:13.290+0000] {processor.py:830} INFO - Processing file /home/airflow/.local/lib/python3.8/site-packages/airflow/example_dags/example_params_ui_tutorial.py for tasks to queue
[2025-07-12T01:50:13.293+0000] {logging_mixin.py:188} INFO - [2025-07-12T01:50:13.293+0000] {dagbag.py:538} INFO - Filling up the DagBag from /home/airflow/.local/lib/python3.8/site-packages/airflow/example_dags/example_params_ui_tutorial.py
[2025-07-12T01:50:13.319+0000] {processor.py:840} INFO - DAG(s) 'example_params_ui_tutorial' retrieved from /home/airflow/.local/lib/python3.8/site-packages/airflow/example_dags/example_params_ui_tutorial.py
[2025-07-12T01:50:13.409+0000] {logging_mixin.py:188} INFO - [2025-07-12T01:50:13.409+0000] {dag.py:3036} INFO - Sync 1 DAGs
[2025-07-12T01:50:13.424+0000] {logging_mixin.py:188} INFO - [2025-07-12T01:50:13.424+0000] {dag.py:3823} INFO - Setting next_dagrun for example_params_ui_tutorial to None, run_after=None
[2025-07-12T01:50:13.469+0000] {processor.py:183} INFO - Processing /home/airflow/.local/lib/python3.8/site-packages/airflow/example_dags/example_params_ui_tutorial.py took 0.186 seconds
[2025-07-12T01:50:43.801+0000] {processor.py:161} INFO - Started process (PID=1412) to work on /home/airflow/.local/lib/python3.8/site-packages/airflow/example_dags/example_params_ui_tutorial.py
[2025-07-12T01:50:43.803+0000] {processor.py:830} INFO - Processing file /home/airflow/.local/lib/python3.8/site-packages/airflow/example_dags/example_params_ui_tutorial.py for tasks to queue
[2025-07-12T01:50:43.806+0000] {logging_mixin.py:188} INFO - [2025-07-12T01:50:43.805+0000] {dagbag.py:538} INFO - Filling up the DagBag from /home/airflow/.local/lib/python3.8/site-packages/airflow/example_dags/example_params_ui_tutorial.py
[2025-07-12T01:50:43.829+0000] {processor.py:840} INFO - DAG(s) 'example_params_ui_tutorial' retrieved from /home/airflow/.local/lib/python3.8/site-packages/airflow/example_dags/example_params_ui_tutorial.py
[2025-07-12T01:50:43.940+0000] {logging_mixin.py:188} INFO - [2025-07-12T01:50:43.940+0000] {dag.py:3036} INFO - Sync 1 DAGs
[2025-07-12T01:50:43.960+0000] {logging_mixin.py:188} INFO - [2025-07-12T01:50:43.959+0000] {dag.py:3823} INFO - Setting next_dagrun for example_params_ui_tutorial to None, run_after=None
[2025-07-12T01:50:43.998+0000] {processor.py:183} INFO - Processing /home/airflow/.local/lib/python3.8/site-packages/airflow/example_dags/example_params_ui_tutorial.py took 0.204 seconds
[2025-07-12T01:51:14.595+0000] {processor.py:161} INFO - Started process (PID=1468) to work on /home/airflow/.local/lib/python3.8/site-packages/airflow/example_dags/example_params_ui_tutorial.py
[2025-07-12T01:51:14.598+0000] {processor.py:830} INFO - Processing file /home/airflow/.local/lib/python3.8/site-packages/airflow/example_dags/example_params_ui_tutorial.py for tasks to queue
[2025-07-12T01:51:14.602+0000] {logging_mixin.py:188} INFO - [2025-07-12T01:51:14.602+0000] {dagbag.py:538} INFO - Filling up the DagBag from /home/airflow/.local/lib/python3.8/site-packages/airflow/example_dags/example_params_ui_tutorial.py
[2025-07-12T01:51:14.625+0000] {processor.py:840} INFO - DAG(s) 'example_params_ui_tutorial' retrieved from /home/airflow/.local/lib/python3.8/site-packages/airflow/example_dags/example_params_ui_tutorial.py
[2025-07-12T01:51:14.703+0000] {logging_mixin.py:188} INFO - [2025-07-12T01:51:14.703+0000] {dag.py:3036} INFO - Sync 1 DAGs
[2025-07-12T01:51:14.719+0000] {logging_mixin.py:188} INFO - [2025-07-12T01:51:14.719+0000] {dag.py:3823} INFO - Setting next_dagrun for example_params_ui_tutorial to None, run_after=None
[2025-07-12T01:51:14.750+0000] {processor.py:183} INFO - Processing /home/airflow/.local/lib/python3.8/site-packages/airflow/example_dags/example_params_ui_tutorial.py took 0.162 seconds
[2025-07-12T01:51:44.958+0000] {processor.py:161} INFO - Started process (PID=1524) to work on /home/airflow/.local/lib/python3.8/site-packages/airflow/example_dags/example_params_ui_tutorial.py
[2025-07-12T01:51:44.960+0000] {processor.py:830} INFO - Processing file /home/airflow/.local/lib/python3.8/site-packages/airflow/example_dags/example_params_ui_tutorial.py for tasks to queue
[2025-07-12T01:51:44.963+0000] {logging_mixin.py:188} INFO - [2025-07-12T01:51:44.963+0000] {dagbag.py:538} INFO - Filling up the DagBag from /home/airflow/.local/lib/python3.8/site-packages/airflow/example_dags/example_params_ui_tutorial.py
[2025-07-12T01:51:44.988+0000] {processor.py:840} INFO - DAG(s) 'example_params_ui_tutorial' retrieved from /home/airflow/.local/lib/python3.8/site-packages/airflow/example_dags/example_params_ui_tutorial.py
[2025-07-12T01:51:45.059+0000] {logging_mixin.py:188} INFO - [2025-07-12T01:51:45.058+0000] {dag.py:3036} INFO - Sync 1 DAGs
[2025-07-12T01:51:45.078+0000] {logging_mixin.py:188} INFO - [2025-07-12T01:51:45.077+0000] {dag.py:3823} INFO - Setting next_dagrun for example_params_ui_tutorial to None, run_after=None
[2025-07-12T01:51:45.107+0000] {processor.py:183} INFO - Processing /home/airflow/.local/lib/python3.8/site-packages/airflow/example_dags/example_params_ui_tutorial.py took 0.157 seconds
[2025-07-12T01:52:15.210+0000] {processor.py:161} INFO - Started process (PID=1580) to work on /home/airflow/.local/lib/python3.8/site-packages/airflow/example_dags/example_params_ui_tutorial.py
[2025-07-12T01:52:15.212+0000] {processor.py:830} INFO - Processing file /home/airflow/.local/lib/python3.8/site-packages/airflow/example_dags/example_params_ui_tutorial.py for tasks to queue
[2025-07-12T01:52:15.216+0000] {logging_mixin.py:188} INFO - [2025-07-12T01:52:15.215+0000] {dagbag.py:538} INFO - Filling up the DagBag from /home/airflow/.local/lib/python3.8/site-packages/airflow/example_dags/example_params_ui_tutorial.py
[2025-07-12T01:52:15.235+0000] {processor.py:840} INFO - DAG(s) 'example_params_ui_tutorial' retrieved from /home/airflow/.local/lib/python3.8/site-packages/airflow/example_dags/example_params_ui_tutorial.py
[2025-07-12T01:52:15.321+0000] {logging_mixin.py:188} INFO - [2025-07-12T01:52:15.321+0000] {dag.py:3036} INFO - Sync 1 DAGs
[2025-07-12T01:52:15.345+0000] {logging_mixin.py:188} INFO - [2025-07-12T01:52:15.344+0000] {dag.py:3823} INFO - Setting next_dagrun for example_params_ui_tutorial to None, run_after=None
[2025-07-12T01:52:15.387+0000] {processor.py:183} INFO - Processing /home/airflow/.local/lib/python3.8/site-packages/airflow/example_dags/example_params_ui_tutorial.py took 0.183 seconds
[2025-07-12T01:52:45.729+0000] {processor.py:161} INFO - Started process (PID=1636) to work on /home/airflow/.local/lib/python3.8/site-packages/airflow/example_dags/example_params_ui_tutorial.py
[2025-07-12T01:52:45.731+0000] {processor.py:830} INFO - Processing file /home/airflow/.local/lib/python3.8/site-packages/airflow/example_dags/example_params_ui_tutorial.py for tasks to queue
[2025-07-12T01:52:45.735+0000] {logging_mixin.py:188} INFO - [2025-07-12T01:52:45.734+0000] {dagbag.py:538} INFO - Filling up the DagBag from /home/airflow/.local/lib/python3.8/site-packages/airflow/example_dags/example_params_ui_tutorial.py
[2025-07-12T01:52:45.751+0000] {processor.py:840} INFO - DAG(s) 'example_params_ui_tutorial' retrieved from /home/airflow/.local/lib/python3.8/site-packages/airflow/example_dags/example_params_ui_tutorial.py
[2025-07-12T01:52:45.881+0000] {logging_mixin.py:188} INFO - [2025-07-12T01:52:45.881+0000] {dag.py:3036} INFO - Sync 1 DAGs
[2025-07-12T01:52:45.919+0000] {logging_mixin.py:188} INFO - [2025-07-12T01:52:45.919+0000] {dag.py:3823} INFO - Setting next_dagrun for example_params_ui_tutorial to None, run_after=None
[2025-07-12T01:52:45.975+0000] {processor.py:183} INFO - Processing /home/airflow/.local/lib/python3.8/site-packages/airflow/example_dags/example_params_ui_tutorial.py took 0.251 seconds
[2025-07-12T01:54:12.599+0000] {processor.py:161} INFO - Started process (PID=63) to work on /home/airflow/.local/lib/python3.8/site-packages/airflow/example_dags/example_params_ui_tutorial.py
[2025-07-12T01:54:12.601+0000] {processor.py:830} INFO - Processing file /home/airflow/.local/lib/python3.8/site-packages/airflow/example_dags/example_params_ui_tutorial.py for tasks to queue
[2025-07-12T01:54:12.608+0000] {logging_mixin.py:188} INFO - [2025-07-12T01:54:12.607+0000] {dagbag.py:538} INFO - Filling up the DagBag from /home/airflow/.local/lib/python3.8/site-packages/airflow/example_dags/example_params_ui_tutorial.py
[2025-07-12T01:54:12.646+0000] {processor.py:840} INFO - DAG(s) 'example_params_ui_tutorial' retrieved from /home/airflow/.local/lib/python3.8/site-packages/airflow/example_dags/example_params_ui_tutorial.py
[2025-07-12T01:54:12.937+0000] {logging_mixin.py:188} INFO - [2025-07-12T01:54:12.936+0000] {override.py:1769} INFO - Created Permission View: can read on DAG:example_params_ui_tutorial
[2025-07-12T01:54:12.964+0000] {logging_mixin.py:188} INFO - [2025-07-12T01:54:12.963+0000] {override.py:1769} INFO - Created Permission View: can delete on DAG:example_params_ui_tutorial
[2025-07-12T01:54:12.988+0000] {logging_mixin.py:188} INFO - [2025-07-12T01:54:12.987+0000] {override.py:1769} INFO - Created Permission View: can edit on DAG:example_params_ui_tutorial
[2025-07-12T01:54:12.989+0000] {logging_mixin.py:188} INFO - [2025-07-12T01:54:12.989+0000] {dag.py:3036} INFO - Sync 1 DAGs
[2025-07-12T01:54:13.016+0000] {logging_mixin.py:188} INFO - [2025-07-12T01:54:13.015+0000] {dag.py:3058} INFO - Creating ORM DAG for example_params_ui_tutorial
[2025-07-12T01:54:13.018+0000] {logging_mixin.py:188} INFO - [2025-07-12T01:54:13.018+0000] {dag.py:3823} INFO - Setting next_dagrun for example_params_ui_tutorial to None, run_after=None
[2025-07-12T01:54:13.072+0000] {processor.py:183} INFO - Processing /home/airflow/.local/lib/python3.8/site-packages/airflow/example_dags/example_params_ui_tutorial.py took 0.477 seconds
[2025-07-12T01:54:43.922+0000] {processor.py:161} INFO - Started process (PID=124) to work on /home/airflow/.local/lib/python3.8/site-packages/airflow/example_dags/example_params_ui_tutorial.py
[2025-07-12T01:54:43.925+0000] {processor.py:830} INFO - Processing file /home/airflow/.local/lib/python3.8/site-packages/airflow/example_dags/example_params_ui_tutorial.py for tasks to queue
[2025-07-12T01:54:43.928+0000] {logging_mixin.py:188} INFO - [2025-07-12T01:54:43.928+0000] {dagbag.py:538} INFO - Filling up the DagBag from /home/airflow/.local/lib/python3.8/site-packages/airflow/example_dags/example_params_ui_tutorial.py
[2025-07-12T01:54:43.953+0000] {processor.py:840} INFO - DAG(s) 'example_params_ui_tutorial' retrieved from /home/airflow/.local/lib/python3.8/site-packages/airflow/example_dags/example_params_ui_tutorial.py
[2025-07-12T01:54:44.031+0000] {logging_mixin.py:188} INFO - [2025-07-12T01:54:44.031+0000] {dag.py:3036} INFO - Sync 1 DAGs
[2025-07-12T01:54:44.054+0000] {logging_mixin.py:188} INFO - [2025-07-12T01:54:44.054+0000] {dag.py:3823} INFO - Setting next_dagrun for example_params_ui_tutorial to None, run_after=None
[2025-07-12T01:54:44.081+0000] {processor.py:183} INFO - Processing /home/airflow/.local/lib/python3.8/site-packages/airflow/example_dags/example_params_ui_tutorial.py took 0.164 seconds
[2025-07-12T01:55:14.316+0000] {processor.py:161} INFO - Started process (PID=181) to work on /home/airflow/.local/lib/python3.8/site-packages/airflow/example_dags/example_params_ui_tutorial.py
[2025-07-12T01:55:14.331+0000] {processor.py:830} INFO - Processing file /home/airflow/.local/lib/python3.8/site-packages/airflow/example_dags/example_params_ui_tutorial.py for tasks to queue
[2025-07-12T01:55:14.366+0000] {logging_mixin.py:188} INFO - [2025-07-12T01:55:14.366+0000] {dagbag.py:538} INFO - Filling up the DagBag from /home/airflow/.local/lib/python3.8/site-packages/airflow/example_dags/example_params_ui_tutorial.py
[2025-07-12T01:55:14.459+0000] {processor.py:840} INFO - DAG(s) 'example_params_ui_tutorial' retrieved from /home/airflow/.local/lib/python3.8/site-packages/airflow/example_dags/example_params_ui_tutorial.py
[2025-07-12T01:55:14.643+0000] {logging_mixin.py:188} INFO - [2025-07-12T01:55:14.643+0000] {dag.py:3036} INFO - Sync 1 DAGs
[2025-07-12T01:55:14.664+0000] {logging_mixin.py:188} INFO - [2025-07-12T01:55:14.663+0000] {dag.py:3823} INFO - Setting next_dagrun for example_params_ui_tutorial to None, run_after=None
[2025-07-12T01:55:14.710+0000] {processor.py:183} INFO - Processing /home/airflow/.local/lib/python3.8/site-packages/airflow/example_dags/example_params_ui_tutorial.py took 0.406 seconds
[2025-07-12T01:55:44.887+0000] {processor.py:161} INFO - Started process (PID=243) to work on /home/airflow/.local/lib/python3.8/site-packages/airflow/example_dags/example_params_ui_tutorial.py
[2025-07-12T01:55:44.889+0000] {processor.py:830} INFO - Processing file /home/airflow/.local/lib/python3.8/site-packages/airflow/example_dags/example_params_ui_tutorial.py for tasks to queue
[2025-07-12T01:55:44.893+0000] {logging_mixin.py:188} INFO - [2025-07-12T01:55:44.892+0000] {dagbag.py:538} INFO - Filling up the DagBag from /home/airflow/.local/lib/python3.8/site-packages/airflow/example_dags/example_params_ui_tutorial.py
[2025-07-12T01:55:44.908+0000] {processor.py:840} INFO - DAG(s) 'example_params_ui_tutorial' retrieved from /home/airflow/.local/lib/python3.8/site-packages/airflow/example_dags/example_params_ui_tutorial.py
[2025-07-12T01:55:44.975+0000] {logging_mixin.py:188} INFO - [2025-07-12T01:55:44.974+0000] {dag.py:3036} INFO - Sync 1 DAGs
[2025-07-12T01:55:44.990+0000] {logging_mixin.py:188} INFO - [2025-07-12T01:55:44.990+0000] {dag.py:3823} INFO - Setting next_dagrun for example_params_ui_tutorial to None, run_after=None
[2025-07-12T01:55:45.019+0000] {processor.py:183} INFO - Processing /home/airflow/.local/lib/python3.8/site-packages/airflow/example_dags/example_params_ui_tutorial.py took 0.140 seconds
[2025-07-12T01:56:15.371+0000] {processor.py:161} INFO - Started process (PID=300) to work on /home/airflow/.local/lib/python3.8/site-packages/airflow/example_dags/example_params_ui_tutorial.py
[2025-07-12T01:56:15.373+0000] {processor.py:830} INFO - Processing file /home/airflow/.local/lib/python3.8/site-packages/airflow/example_dags/example_params_ui_tutorial.py for tasks to queue
[2025-07-12T01:56:15.376+0000] {logging_mixin.py:188} INFO - [2025-07-12T01:56:15.376+0000] {dagbag.py:538} INFO - Filling up the DagBag from /home/airflow/.local/lib/python3.8/site-packages/airflow/example_dags/example_params_ui_tutorial.py
[2025-07-12T01:56:15.392+0000] {processor.py:840} INFO - DAG(s) 'example_params_ui_tutorial' retrieved from /home/airflow/.local/lib/python3.8/site-packages/airflow/example_dags/example_params_ui_tutorial.py
[2025-07-12T01:56:15.465+0000] {logging_mixin.py:188} INFO - [2025-07-12T01:56:15.465+0000] {dag.py:3036} INFO - Sync 1 DAGs
[2025-07-12T01:56:15.480+0000] {logging_mixin.py:188} INFO - [2025-07-12T01:56:15.479+0000] {dag.py:3823} INFO - Setting next_dagrun for example_params_ui_tutorial to None, run_after=None
[2025-07-12T01:56:15.510+0000] {processor.py:183} INFO - Processing /home/airflow/.local/lib/python3.8/site-packages/airflow/example_dags/example_params_ui_tutorial.py took 0.146 seconds
[2025-07-12T01:56:46.201+0000] {processor.py:161} INFO - Started process (PID=361) to work on /home/airflow/.local/lib/python3.8/site-packages/airflow/example_dags/example_params_ui_tutorial.py
[2025-07-12T01:56:46.204+0000] {processor.py:830} INFO - Processing file /home/airflow/.local/lib/python3.8/site-packages/airflow/example_dags/example_params_ui_tutorial.py for tasks to queue
[2025-07-12T01:56:46.207+0000] {logging_mixin.py:188} INFO - [2025-07-12T01:56:46.206+0000] {dagbag.py:538} INFO - Filling up the DagBag from /home/airflow/.local/lib/python3.8/site-packages/airflow/example_dags/example_params_ui_tutorial.py
[2025-07-12T01:56:46.223+0000] {processor.py:840} INFO - DAG(s) 'example_params_ui_tutorial' retrieved from /home/airflow/.local/lib/python3.8/site-packages/airflow/example_dags/example_params_ui_tutorial.py
[2025-07-12T01:56:46.296+0000] {logging_mixin.py:188} INFO - [2025-07-12T01:56:46.296+0000] {dag.py:3036} INFO - Sync 1 DAGs
[2025-07-12T01:56:46.311+0000] {logging_mixin.py:188} INFO - [2025-07-12T01:56:46.311+0000] {dag.py:3823} INFO - Setting next_dagrun for example_params_ui_tutorial to None, run_after=None
[2025-07-12T01:56:46.339+0000] {processor.py:183} INFO - Processing /home/airflow/.local/lib/python3.8/site-packages/airflow/example_dags/example_params_ui_tutorial.py took 0.142 seconds
[2025-07-12T01:57:16.586+0000] {processor.py:161} INFO - Started process (PID=418) to work on /home/airflow/.local/lib/python3.8/site-packages/airflow/example_dags/example_params_ui_tutorial.py
[2025-07-12T01:57:16.588+0000] {processor.py:830} INFO - Processing file /home/airflow/.local/lib/python3.8/site-packages/airflow/example_dags/example_params_ui_tutorial.py for tasks to queue
[2025-07-12T01:57:16.592+0000] {logging_mixin.py:188} INFO - [2025-07-12T01:57:16.591+0000] {dagbag.py:538} INFO - Filling up the DagBag from /home/airflow/.local/lib/python3.8/site-packages/airflow/example_dags/example_params_ui_tutorial.py
[2025-07-12T01:57:16.619+0000] {processor.py:840} INFO - DAG(s) 'example_params_ui_tutorial' retrieved from /home/airflow/.local/lib/python3.8/site-packages/airflow/example_dags/example_params_ui_tutorial.py
[2025-07-12T01:57:16.697+0000] {logging_mixin.py:188} INFO - [2025-07-12T01:57:16.697+0000] {dag.py:3036} INFO - Sync 1 DAGs
[2025-07-12T01:57:16.719+0000] {logging_mixin.py:188} INFO - [2025-07-12T01:57:16.719+0000] {dag.py:3823} INFO - Setting next_dagrun for example_params_ui_tutorial to None, run_after=None
[2025-07-12T01:57:16.774+0000] {processor.py:183} INFO - Processing /home/airflow/.local/lib/python3.8/site-packages/airflow/example_dags/example_params_ui_tutorial.py took 0.194 seconds
