[2025-07-12T01:35:13.131+0000] {processor.py:161} INFO - Started process (PID=77) to work on /home/airflow/.local/lib/python3.8/site-packages/airflow/example_dags/example_dag_decorator.py
[2025-07-12T01:35:13.132+0000] {processor.py:830} INFO - Processing file /home/airflow/.local/lib/python3.8/site-packages/airflow/example_dags/example_dag_decorator.py for tasks to queue
[2025-07-12T01:35:13.135+0000] {logging_mixin.py:188} INFO - [2025-07-12T01:35:13.134+0000] {dagbag.py:538} INFO - Filling up the DagBag from /home/airflow/.local/lib/python3.8/site-packages/airflow/example_dags/example_dag_decorator.py
[2025-07-12T01:35:13.281+0000] {processor.py:840} INFO - DAG(s) 'example_dag_decorator' retrieved from /home/airflow/.local/lib/python3.8/site-packages/airflow/example_dags/example_dag_decorator.py
[2025-07-12T01:35:13.403+0000] {logging_mixin.py:188} INFO - [2025-07-12T01:35:13.403+0000] {dag.py:3036} INFO - Sync 1 DAGs
[2025-07-12T01:35:13.415+0000] {logging_mixin.py:188} INFO - [2025-07-12T01:35:13.414+0000] {dag.py:3823} INFO - Setting next_dagrun for example_dag_decorator to None, run_after=None
[2025-07-12T01:35:13.443+0000] {processor.py:183} INFO - Processing /home/airflow/.local/lib/python3.8/site-packages/airflow/example_dags/example_dag_decorator.py took 0.316 seconds
[2025-07-12T01:35:44.547+0000] {processor.py:161} INFO - Started process (PID=133) to work on /home/airflow/.local/lib/python3.8/site-packages/airflow/example_dags/example_dag_decorator.py
[2025-07-12T01:35:44.549+0000] {processor.py:830} INFO - Processing file /home/airflow/.local/lib/python3.8/site-packages/airflow/example_dags/example_dag_decorator.py for tasks to queue
[2025-07-12T01:35:44.551+0000] {logging_mixin.py:188} INFO - [2025-07-12T01:35:44.551+0000] {dagbag.py:538} INFO - Filling up the DagBag from /home/airflow/.local/lib/python3.8/site-packages/airflow/example_dags/example_dag_decorator.py
[2025-07-12T01:35:44.700+0000] {processor.py:840} INFO - DAG(s) 'example_dag_decorator' retrieved from /home/airflow/.local/lib/python3.8/site-packages/airflow/example_dags/example_dag_decorator.py
[2025-07-12T01:35:44.833+0000] {logging_mixin.py:188} INFO - [2025-07-12T01:35:44.833+0000] {dag.py:3036} INFO - Sync 1 DAGs
[2025-07-12T01:35:44.846+0000] {logging_mixin.py:188} INFO - [2025-07-12T01:35:44.846+0000] {dag.py:3823} INFO - Setting next_dagrun for example_dag_decorator to None, run_after=None
[2025-07-12T01:35:44.873+0000] {processor.py:183} INFO - Processing /home/airflow/.local/lib/python3.8/site-packages/airflow/example_dags/example_dag_decorator.py took 0.330 seconds
[2025-07-12T01:36:15.380+0000] {processor.py:161} INFO - Started process (PID=190) to work on /home/airflow/.local/lib/python3.8/site-packages/airflow/example_dags/example_dag_decorator.py
[2025-07-12T01:36:15.383+0000] {processor.py:830} INFO - Processing file /home/airflow/.local/lib/python3.8/site-packages/airflow/example_dags/example_dag_decorator.py for tasks to queue
[2025-07-12T01:36:15.388+0000] {logging_mixin.py:188} INFO - [2025-07-12T01:36:15.387+0000] {dagbag.py:538} INFO - Filling up the DagBag from /home/airflow/.local/lib/python3.8/site-packages/airflow/example_dags/example_dag_decorator.py
[2025-07-12T01:36:15.488+0000] {processor.py:840} INFO - DAG(s) 'example_dag_decorator' retrieved from /home/airflow/.local/lib/python3.8/site-packages/airflow/example_dags/example_dag_decorator.py
[2025-07-12T01:36:15.502+0000] {logging_mixin.py:188} INFO - [2025-07-12T01:36:15.502+0000] {dag.py:3036} INFO - Sync 1 DAGs
[2025-07-12T01:36:15.517+0000] {logging_mixin.py:188} INFO - [2025-07-12T01:36:15.517+0000] {dag.py:3823} INFO - Setting next_dagrun for example_dag_decorator to None, run_after=None
[2025-07-12T01:36:15.537+0000] {processor.py:183} INFO - Processing /home/airflow/.local/lib/python3.8/site-packages/airflow/example_dags/example_dag_decorator.py took 0.165 seconds
[2025-07-12T01:36:46.214+0000] {processor.py:161} INFO - Started process (PID=246) to work on /home/airflow/.local/lib/python3.8/site-packages/airflow/example_dags/example_dag_decorator.py
[2025-07-12T01:36:46.216+0000] {processor.py:830} INFO - Processing file /home/airflow/.local/lib/python3.8/site-packages/airflow/example_dags/example_dag_decorator.py for tasks to queue
[2025-07-12T01:36:46.219+0000] {logging_mixin.py:188} INFO - [2025-07-12T01:36:46.218+0000] {dagbag.py:538} INFO - Filling up the DagBag from /home/airflow/.local/lib/python3.8/site-packages/airflow/example_dags/example_dag_decorator.py
[2025-07-12T01:36:46.309+0000] {processor.py:840} INFO - DAG(s) 'example_dag_decorator' retrieved from /home/airflow/.local/lib/python3.8/site-packages/airflow/example_dags/example_dag_decorator.py
[2025-07-12T01:36:46.410+0000] {logging_mixin.py:188} INFO - [2025-07-12T01:36:46.409+0000] {dag.py:3036} INFO - Sync 1 DAGs
[2025-07-12T01:36:46.422+0000] {logging_mixin.py:188} INFO - [2025-07-12T01:36:46.422+0000] {dag.py:3823} INFO - Setting next_dagrun for example_dag_decorator to None, run_after=None
[2025-07-12T01:36:46.449+0000] {processor.py:183} INFO - Processing /home/airflow/.local/lib/python3.8/site-packages/airflow/example_dags/example_dag_decorator.py took 0.238 seconds
[2025-07-12T01:37:16.759+0000] {processor.py:161} INFO - Started process (PID=302) to work on /home/airflow/.local/lib/python3.8/site-packages/airflow/example_dags/example_dag_decorator.py
[2025-07-12T01:37:16.762+0000] {processor.py:830} INFO - Processing file /home/airflow/.local/lib/python3.8/site-packages/airflow/example_dags/example_dag_decorator.py for tasks to queue
[2025-07-12T01:37:16.767+0000] {logging_mixin.py:188} INFO - [2025-07-12T01:37:16.766+0000] {dagbag.py:538} INFO - Filling up the DagBag from /home/airflow/.local/lib/python3.8/site-packages/airflow/example_dags/example_dag_decorator.py
[2025-07-12T01:37:16.983+0000] {processor.py:840} INFO - DAG(s) 'example_dag_decorator' retrieved from /home/airflow/.local/lib/python3.8/site-packages/airflow/example_dags/example_dag_decorator.py
[2025-07-12T01:37:17.094+0000] {logging_mixin.py:188} INFO - [2025-07-12T01:37:17.094+0000] {dag.py:3036} INFO - Sync 1 DAGs
[2025-07-12T01:37:17.107+0000] {logging_mixin.py:188} INFO - [2025-07-12T01:37:17.107+0000] {dag.py:3823} INFO - Setting next_dagrun for example_dag_decorator to None, run_after=None
[2025-07-12T01:37:17.138+0000] {processor.py:183} INFO - Processing /home/airflow/.local/lib/python3.8/site-packages/airflow/example_dags/example_dag_decorator.py took 0.387 seconds
[2025-07-12T01:38:32.924+0000] {processor.py:161} INFO - Started process (PID=77) to work on /home/airflow/.local/lib/python3.8/site-packages/airflow/example_dags/example_dag_decorator.py
[2025-07-12T01:38:32.926+0000] {processor.py:830} INFO - Processing file /home/airflow/.local/lib/python3.8/site-packages/airflow/example_dags/example_dag_decorator.py for tasks to queue
[2025-07-12T01:38:32.930+0000] {logging_mixin.py:188} INFO - [2025-07-12T01:38:32.929+0000] {dagbag.py:538} INFO - Filling up the DagBag from /home/airflow/.local/lib/python3.8/site-packages/airflow/example_dags/example_dag_decorator.py
[2025-07-12T01:38:33.284+0000] {processor.py:840} INFO - DAG(s) 'example_dag_decorator' retrieved from /home/airflow/.local/lib/python3.8/site-packages/airflow/example_dags/example_dag_decorator.py
[2025-07-12T01:38:33.467+0000] {logging_mixin.py:188} INFO - [2025-07-12T01:38:33.466+0000] {override.py:1769} INFO - Created Permission View: can edit on DAG:example_dag_decorator
[2025-07-12T01:38:33.486+0000] {logging_mixin.py:188} INFO - [2025-07-12T01:38:33.486+0000] {override.py:1769} INFO - Created Permission View: can delete on DAG:example_dag_decorator
[2025-07-12T01:38:33.501+0000] {logging_mixin.py:188} INFO - [2025-07-12T01:38:33.500+0000] {override.py:1769} INFO - Created Permission View: can read on DAG:example_dag_decorator
[2025-07-12T01:38:33.502+0000] {logging_mixin.py:188} INFO - [2025-07-12T01:38:33.502+0000] {dag.py:3036} INFO - Sync 1 DAGs
[2025-07-12T01:38:33.520+0000] {logging_mixin.py:188} INFO - [2025-07-12T01:38:33.520+0000] {dag.py:3058} INFO - Creating ORM DAG for example_dag_decorator
[2025-07-12T01:38:33.522+0000] {logging_mixin.py:188} INFO - [2025-07-12T01:38:33.522+0000] {dag.py:3823} INFO - Setting next_dagrun for example_dag_decorator to None, run_after=None
[2025-07-12T01:38:33.560+0000] {processor.py:183} INFO - Processing /home/airflow/.local/lib/python3.8/site-packages/airflow/example_dags/example_dag_decorator.py took 0.642 seconds
[2025-07-12T01:39:04.113+0000] {processor.py:161} INFO - Started process (PID=133) to work on /home/airflow/.local/lib/python3.8/site-packages/airflow/example_dags/example_dag_decorator.py
[2025-07-12T01:39:04.115+0000] {processor.py:830} INFO - Processing file /home/airflow/.local/lib/python3.8/site-packages/airflow/example_dags/example_dag_decorator.py for tasks to queue
[2025-07-12T01:39:04.117+0000] {logging_mixin.py:188} INFO - [2025-07-12T01:39:04.117+0000] {dagbag.py:538} INFO - Filling up the DagBag from /home/airflow/.local/lib/python3.8/site-packages/airflow/example_dags/example_dag_decorator.py
[2025-07-12T01:39:04.218+0000] {processor.py:840} INFO - DAG(s) 'example_dag_decorator' retrieved from /home/airflow/.local/lib/python3.8/site-packages/airflow/example_dags/example_dag_decorator.py
[2025-07-12T01:39:04.313+0000] {logging_mixin.py:188} INFO - [2025-07-12T01:39:04.313+0000] {dag.py:3036} INFO - Sync 1 DAGs
[2025-07-12T01:39:04.324+0000] {logging_mixin.py:188} INFO - [2025-07-12T01:39:04.324+0000] {dag.py:3823} INFO - Setting next_dagrun for example_dag_decorator to None, run_after=None
[2025-07-12T01:39:04.350+0000] {processor.py:183} INFO - Processing /home/airflow/.local/lib/python3.8/site-packages/airflow/example_dags/example_dag_decorator.py took 0.240 seconds
[2025-07-12T01:39:35.175+0000] {processor.py:161} INFO - Started process (PID=189) to work on /home/airflow/.local/lib/python3.8/site-packages/airflow/example_dags/example_dag_decorator.py
[2025-07-12T01:39:35.177+0000] {processor.py:830} INFO - Processing file /home/airflow/.local/lib/python3.8/site-packages/airflow/example_dags/example_dag_decorator.py for tasks to queue
[2025-07-12T01:39:35.180+0000] {logging_mixin.py:188} INFO - [2025-07-12T01:39:35.180+0000] {dagbag.py:538} INFO - Filling up the DagBag from /home/airflow/.local/lib/python3.8/site-packages/airflow/example_dags/example_dag_decorator.py
[2025-07-12T01:39:35.274+0000] {processor.py:840} INFO - DAG(s) 'example_dag_decorator' retrieved from /home/airflow/.local/lib/python3.8/site-packages/airflow/example_dags/example_dag_decorator.py
[2025-07-12T01:39:35.418+0000] {logging_mixin.py:188} INFO - [2025-07-12T01:39:35.418+0000] {dag.py:3036} INFO - Sync 1 DAGs
[2025-07-12T01:39:35.433+0000] {logging_mixin.py:188} INFO - [2025-07-12T01:39:35.432+0000] {dag.py:3823} INFO - Setting next_dagrun for example_dag_decorator to None, run_after=None
[2025-07-12T01:39:35.459+0000] {processor.py:183} INFO - Processing /home/airflow/.local/lib/python3.8/site-packages/airflow/example_dags/example_dag_decorator.py took 0.290 seconds
[2025-07-12T01:40:05.975+0000] {processor.py:161} INFO - Started process (PID=246) to work on /home/airflow/.local/lib/python3.8/site-packages/airflow/example_dags/example_dag_decorator.py
[2025-07-12T01:40:05.977+0000] {processor.py:830} INFO - Processing file /home/airflow/.local/lib/python3.8/site-packages/airflow/example_dags/example_dag_decorator.py for tasks to queue
[2025-07-12T01:40:05.979+0000] {logging_mixin.py:188} INFO - [2025-07-12T01:40:05.979+0000] {dagbag.py:538} INFO - Filling up the DagBag from /home/airflow/.local/lib/python3.8/site-packages/airflow/example_dags/example_dag_decorator.py
[2025-07-12T01:40:06.079+0000] {processor.py:840} INFO - DAG(s) 'example_dag_decorator' retrieved from /home/airflow/.local/lib/python3.8/site-packages/airflow/example_dags/example_dag_decorator.py
[2025-07-12T01:40:06.172+0000] {logging_mixin.py:188} INFO - [2025-07-12T01:40:06.172+0000] {dag.py:3036} INFO - Sync 1 DAGs
[2025-07-12T01:40:06.183+0000] {logging_mixin.py:188} INFO - [2025-07-12T01:40:06.183+0000] {dag.py:3823} INFO - Setting next_dagrun for example_dag_decorator to None, run_after=None
[2025-07-12T01:40:06.208+0000] {processor.py:183} INFO - Processing /home/airflow/.local/lib/python3.8/site-packages/airflow/example_dags/example_dag_decorator.py took 0.237 seconds
[2025-07-12T01:40:36.420+0000] {processor.py:161} INFO - Started process (PID=302) to work on /home/airflow/.local/lib/python3.8/site-packages/airflow/example_dags/example_dag_decorator.py
[2025-07-12T01:40:36.422+0000] {processor.py:830} INFO - Processing file /home/airflow/.local/lib/python3.8/site-packages/airflow/example_dags/example_dag_decorator.py for tasks to queue
[2025-07-12T01:40:36.425+0000] {logging_mixin.py:188} INFO - [2025-07-12T01:40:36.425+0000] {dagbag.py:538} INFO - Filling up the DagBag from /home/airflow/.local/lib/python3.8/site-packages/airflow/example_dags/example_dag_decorator.py
[2025-07-12T01:40:36.534+0000] {processor.py:840} INFO - DAG(s) 'example_dag_decorator' retrieved from /home/airflow/.local/lib/python3.8/site-packages/airflow/example_dags/example_dag_decorator.py
[2025-07-12T01:40:36.646+0000] {logging_mixin.py:188} INFO - [2025-07-12T01:40:36.646+0000] {dag.py:3036} INFO - Sync 1 DAGs
[2025-07-12T01:40:36.659+0000] {logging_mixin.py:188} INFO - [2025-07-12T01:40:36.659+0000] {dag.py:3823} INFO - Setting next_dagrun for example_dag_decorator to None, run_after=None
[2025-07-12T01:40:36.694+0000] {processor.py:183} INFO - Processing /home/airflow/.local/lib/python3.8/site-packages/airflow/example_dags/example_dag_decorator.py took 0.281 seconds
[2025-07-12T01:41:06.825+0000] {processor.py:161} INFO - Started process (PID=358) to work on /home/airflow/.local/lib/python3.8/site-packages/airflow/example_dags/example_dag_decorator.py
[2025-07-12T01:41:06.827+0000] {processor.py:830} INFO - Processing file /home/airflow/.local/lib/python3.8/site-packages/airflow/example_dags/example_dag_decorator.py for tasks to queue
[2025-07-12T01:41:06.829+0000] {logging_mixin.py:188} INFO - [2025-07-12T01:41:06.829+0000] {dagbag.py:538} INFO - Filling up the DagBag from /home/airflow/.local/lib/python3.8/site-packages/airflow/example_dags/example_dag_decorator.py
[2025-07-12T01:41:06.919+0000] {processor.py:840} INFO - DAG(s) 'example_dag_decorator' retrieved from /home/airflow/.local/lib/python3.8/site-packages/airflow/example_dags/example_dag_decorator.py
[2025-07-12T01:41:07.017+0000] {logging_mixin.py:188} INFO - [2025-07-12T01:41:07.016+0000] {dag.py:3036} INFO - Sync 1 DAGs
[2025-07-12T01:41:07.027+0000] {logging_mixin.py:188} INFO - [2025-07-12T01:41:07.027+0000] {dag.py:3823} INFO - Setting next_dagrun for example_dag_decorator to None, run_after=None
[2025-07-12T01:41:07.056+0000] {processor.py:183} INFO - Processing /home/airflow/.local/lib/python3.8/site-packages/airflow/example_dags/example_dag_decorator.py took 0.234 seconds
[2025-07-12T01:41:37.761+0000] {processor.py:161} INFO - Started process (PID=414) to work on /home/airflow/.local/lib/python3.8/site-packages/airflow/example_dags/example_dag_decorator.py
[2025-07-12T01:41:37.762+0000] {processor.py:830} INFO - Processing file /home/airflow/.local/lib/python3.8/site-packages/airflow/example_dags/example_dag_decorator.py for tasks to queue
[2025-07-12T01:41:37.765+0000] {logging_mixin.py:188} INFO - [2025-07-12T01:41:37.765+0000] {dagbag.py:538} INFO - Filling up the DagBag from /home/airflow/.local/lib/python3.8/site-packages/airflow/example_dags/example_dag_decorator.py
[2025-07-12T01:41:37.868+0000] {processor.py:840} INFO - DAG(s) 'example_dag_decorator' retrieved from /home/airflow/.local/lib/python3.8/site-packages/airflow/example_dags/example_dag_decorator.py
[2025-07-12T01:41:37.968+0000] {logging_mixin.py:188} INFO - [2025-07-12T01:41:37.967+0000] {dag.py:3036} INFO - Sync 1 DAGs
[2025-07-12T01:41:37.979+0000] {logging_mixin.py:188} INFO - [2025-07-12T01:41:37.979+0000] {dag.py:3823} INFO - Setting next_dagrun for example_dag_decorator to None, run_after=None
[2025-07-12T01:41:38.009+0000] {processor.py:183} INFO - Processing /home/airflow/.local/lib/python3.8/site-packages/airflow/example_dags/example_dag_decorator.py took 0.254 seconds
[2025-07-12T01:42:08.342+0000] {processor.py:161} INFO - Started process (PID=470) to work on /home/airflow/.local/lib/python3.8/site-packages/airflow/example_dags/example_dag_decorator.py
[2025-07-12T01:42:08.344+0000] {processor.py:830} INFO - Processing file /home/airflow/.local/lib/python3.8/site-packages/airflow/example_dags/example_dag_decorator.py for tasks to queue
[2025-07-12T01:42:08.346+0000] {logging_mixin.py:188} INFO - [2025-07-12T01:42:08.346+0000] {dagbag.py:538} INFO - Filling up the DagBag from /home/airflow/.local/lib/python3.8/site-packages/airflow/example_dags/example_dag_decorator.py
[2025-07-12T01:42:08.448+0000] {processor.py:840} INFO - DAG(s) 'example_dag_decorator' retrieved from /home/airflow/.local/lib/python3.8/site-packages/airflow/example_dags/example_dag_decorator.py
[2025-07-12T01:42:08.549+0000] {logging_mixin.py:188} INFO - [2025-07-12T01:42:08.549+0000] {dag.py:3036} INFO - Sync 1 DAGs
[2025-07-12T01:42:08.563+0000] {logging_mixin.py:188} INFO - [2025-07-12T01:42:08.563+0000] {dag.py:3823} INFO - Setting next_dagrun for example_dag_decorator to None, run_after=None
[2025-07-12T01:42:08.595+0000] {processor.py:183} INFO - Processing /home/airflow/.local/lib/python3.8/site-packages/airflow/example_dags/example_dag_decorator.py took 0.258 seconds
[2025-07-12T01:42:38.781+0000] {processor.py:161} INFO - Started process (PID=525) to work on /home/airflow/.local/lib/python3.8/site-packages/airflow/example_dags/example_dag_decorator.py
[2025-07-12T01:42:38.783+0000] {processor.py:830} INFO - Processing file /home/airflow/.local/lib/python3.8/site-packages/airflow/example_dags/example_dag_decorator.py for tasks to queue
[2025-07-12T01:42:38.787+0000] {logging_mixin.py:188} INFO - [2025-07-12T01:42:38.786+0000] {dagbag.py:538} INFO - Filling up the DagBag from /home/airflow/.local/lib/python3.8/site-packages/airflow/example_dags/example_dag_decorator.py
[2025-07-12T01:42:38.926+0000] {processor.py:840} INFO - DAG(s) 'example_dag_decorator' retrieved from /home/airflow/.local/lib/python3.8/site-packages/airflow/example_dags/example_dag_decorator.py
[2025-07-12T01:42:39.059+0000] {logging_mixin.py:188} INFO - [2025-07-12T01:42:39.059+0000] {dag.py:3036} INFO - Sync 1 DAGs
[2025-07-12T01:42:39.073+0000] {logging_mixin.py:188} INFO - [2025-07-12T01:42:39.073+0000] {dag.py:3823} INFO - Setting next_dagrun for example_dag_decorator to None, run_after=None
[2025-07-12T01:42:39.133+0000] {processor.py:183} INFO - Processing /home/airflow/.local/lib/python3.8/site-packages/airflow/example_dags/example_dag_decorator.py took 0.356 seconds
[2025-07-12T01:43:09.341+0000] {processor.py:161} INFO - Started process (PID=582) to work on /home/airflow/.local/lib/python3.8/site-packages/airflow/example_dags/example_dag_decorator.py
[2025-07-12T01:43:09.343+0000] {processor.py:830} INFO - Processing file /home/airflow/.local/lib/python3.8/site-packages/airflow/example_dags/example_dag_decorator.py for tasks to queue
[2025-07-12T01:43:09.348+0000] {logging_mixin.py:188} INFO - [2025-07-12T01:43:09.347+0000] {dagbag.py:538} INFO - Filling up the DagBag from /home/airflow/.local/lib/python3.8/site-packages/airflow/example_dags/example_dag_decorator.py
[2025-07-12T01:43:09.520+0000] {processor.py:840} INFO - DAG(s) 'example_dag_decorator' retrieved from /home/airflow/.local/lib/python3.8/site-packages/airflow/example_dags/example_dag_decorator.py
[2025-07-12T01:43:09.691+0000] {logging_mixin.py:188} INFO - [2025-07-12T01:43:09.691+0000] {dag.py:3036} INFO - Sync 1 DAGs
[2025-07-12T01:43:09.709+0000] {logging_mixin.py:188} INFO - [2025-07-12T01:43:09.708+0000] {dag.py:3823} INFO - Setting next_dagrun for example_dag_decorator to None, run_after=None
[2025-07-12T01:43:09.751+0000] {processor.py:183} INFO - Processing /home/airflow/.local/lib/python3.8/site-packages/airflow/example_dags/example_dag_decorator.py took 0.417 seconds
[2025-07-12T01:43:40.122+0000] {processor.py:161} INFO - Started process (PID=637) to work on /home/airflow/.local/lib/python3.8/site-packages/airflow/example_dags/example_dag_decorator.py
[2025-07-12T01:43:40.125+0000] {processor.py:830} INFO - Processing file /home/airflow/.local/lib/python3.8/site-packages/airflow/example_dags/example_dag_decorator.py for tasks to queue
[2025-07-12T01:43:40.128+0000] {logging_mixin.py:188} INFO - [2025-07-12T01:43:40.128+0000] {dagbag.py:538} INFO - Filling up the DagBag from /home/airflow/.local/lib/python3.8/site-packages/airflow/example_dags/example_dag_decorator.py
[2025-07-12T01:43:40.257+0000] {processor.py:840} INFO - DAG(s) 'example_dag_decorator' retrieved from /home/airflow/.local/lib/python3.8/site-packages/airflow/example_dags/example_dag_decorator.py
[2025-07-12T01:43:40.395+0000] {logging_mixin.py:188} INFO - [2025-07-12T01:43:40.395+0000] {dag.py:3036} INFO - Sync 1 DAGs
[2025-07-12T01:43:40.410+0000] {logging_mixin.py:188} INFO - [2025-07-12T01:43:40.409+0000] {dag.py:3823} INFO - Setting next_dagrun for example_dag_decorator to None, run_after=None
[2025-07-12T01:43:40.447+0000] {processor.py:183} INFO - Processing /home/airflow/.local/lib/python3.8/site-packages/airflow/example_dags/example_dag_decorator.py took 0.331 seconds
[2025-07-12T01:44:10.657+0000] {processor.py:161} INFO - Started process (PID=693) to work on /home/airflow/.local/lib/python3.8/site-packages/airflow/example_dags/example_dag_decorator.py
[2025-07-12T01:44:10.659+0000] {processor.py:830} INFO - Processing file /home/airflow/.local/lib/python3.8/site-packages/airflow/example_dags/example_dag_decorator.py for tasks to queue
[2025-07-12T01:44:10.662+0000] {logging_mixin.py:188} INFO - [2025-07-12T01:44:10.662+0000] {dagbag.py:538} INFO - Filling up the DagBag from /home/airflow/.local/lib/python3.8/site-packages/airflow/example_dags/example_dag_decorator.py
[2025-07-12T01:44:10.804+0000] {processor.py:840} INFO - DAG(s) 'example_dag_decorator' retrieved from /home/airflow/.local/lib/python3.8/site-packages/airflow/example_dags/example_dag_decorator.py
[2025-07-12T01:44:10.940+0000] {logging_mixin.py:188} INFO - [2025-07-12T01:44:10.940+0000] {dag.py:3036} INFO - Sync 1 DAGs
[2025-07-12T01:44:10.956+0000] {logging_mixin.py:188} INFO - [2025-07-12T01:44:10.956+0000] {dag.py:3823} INFO - Setting next_dagrun for example_dag_decorator to None, run_after=None
[2025-07-12T01:44:10.991+0000] {processor.py:183} INFO - Processing /home/airflow/.local/lib/python3.8/site-packages/airflow/example_dags/example_dag_decorator.py took 0.338 seconds
[2025-07-12T01:44:41.196+0000] {processor.py:161} INFO - Started process (PID=749) to work on /home/airflow/.local/lib/python3.8/site-packages/airflow/example_dags/example_dag_decorator.py
[2025-07-12T01:44:41.198+0000] {processor.py:830} INFO - Processing file /home/airflow/.local/lib/python3.8/site-packages/airflow/example_dags/example_dag_decorator.py for tasks to queue
[2025-07-12T01:44:41.201+0000] {logging_mixin.py:188} INFO - [2025-07-12T01:44:41.201+0000] {dagbag.py:538} INFO - Filling up the DagBag from /home/airflow/.local/lib/python3.8/site-packages/airflow/example_dags/example_dag_decorator.py
[2025-07-12T01:44:41.321+0000] {processor.py:840} INFO - DAG(s) 'example_dag_decorator' retrieved from /home/airflow/.local/lib/python3.8/site-packages/airflow/example_dags/example_dag_decorator.py
[2025-07-12T01:44:41.444+0000] {logging_mixin.py:188} INFO - [2025-07-12T01:44:41.444+0000] {dag.py:3036} INFO - Sync 1 DAGs
[2025-07-12T01:44:41.458+0000] {logging_mixin.py:188} INFO - [2025-07-12T01:44:41.458+0000] {dag.py:3823} INFO - Setting next_dagrun for example_dag_decorator to None, run_after=None
[2025-07-12T01:44:41.489+0000] {processor.py:183} INFO - Processing /home/airflow/.local/lib/python3.8/site-packages/airflow/example_dags/example_dag_decorator.py took 0.298 seconds
[2025-07-12T01:45:12.081+0000] {processor.py:161} INFO - Started process (PID=805) to work on /home/airflow/.local/lib/python3.8/site-packages/airflow/example_dags/example_dag_decorator.py
[2025-07-12T01:45:12.083+0000] {processor.py:830} INFO - Processing file /home/airflow/.local/lib/python3.8/site-packages/airflow/example_dags/example_dag_decorator.py for tasks to queue
[2025-07-12T01:45:12.086+0000] {logging_mixin.py:188} INFO - [2025-07-12T01:45:12.086+0000] {dagbag.py:538} INFO - Filling up the DagBag from /home/airflow/.local/lib/python3.8/site-packages/airflow/example_dags/example_dag_decorator.py
[2025-07-12T01:45:12.244+0000] {processor.py:840} INFO - DAG(s) 'example_dag_decorator' retrieved from /home/airflow/.local/lib/python3.8/site-packages/airflow/example_dags/example_dag_decorator.py
[2025-07-12T01:45:12.439+0000] {logging_mixin.py:188} INFO - [2025-07-12T01:45:12.438+0000] {dag.py:3036} INFO - Sync 1 DAGs
[2025-07-12T01:45:12.456+0000] {logging_mixin.py:188} INFO - [2025-07-12T01:45:12.455+0000] {dag.py:3823} INFO - Setting next_dagrun for example_dag_decorator to None, run_after=None
[2025-07-12T01:45:12.494+0000] {processor.py:183} INFO - Processing /home/airflow/.local/lib/python3.8/site-packages/airflow/example_dags/example_dag_decorator.py took 0.418 seconds
[2025-07-12T01:45:42.780+0000] {processor.py:161} INFO - Started process (PID=861) to work on /home/airflow/.local/lib/python3.8/site-packages/airflow/example_dags/example_dag_decorator.py
[2025-07-12T01:45:42.782+0000] {processor.py:830} INFO - Processing file /home/airflow/.local/lib/python3.8/site-packages/airflow/example_dags/example_dag_decorator.py for tasks to queue
[2025-07-12T01:45:42.785+0000] {logging_mixin.py:188} INFO - [2025-07-12T01:45:42.785+0000] {dagbag.py:538} INFO - Filling up the DagBag from /home/airflow/.local/lib/python3.8/site-packages/airflow/example_dags/example_dag_decorator.py
[2025-07-12T01:45:42.904+0000] {processor.py:840} INFO - DAG(s) 'example_dag_decorator' retrieved from /home/airflow/.local/lib/python3.8/site-packages/airflow/example_dags/example_dag_decorator.py
[2025-07-12T01:45:43.035+0000] {logging_mixin.py:188} INFO - [2025-07-12T01:45:43.035+0000] {dag.py:3036} INFO - Sync 1 DAGs
[2025-07-12T01:45:43.049+0000] {logging_mixin.py:188} INFO - [2025-07-12T01:45:43.049+0000] {dag.py:3823} INFO - Setting next_dagrun for example_dag_decorator to None, run_after=None
[2025-07-12T01:45:43.079+0000] {processor.py:183} INFO - Processing /home/airflow/.local/lib/python3.8/site-packages/airflow/example_dags/example_dag_decorator.py took 0.303 seconds
[2025-07-12T01:46:13.172+0000] {processor.py:161} INFO - Started process (PID=918) to work on /home/airflow/.local/lib/python3.8/site-packages/airflow/example_dags/example_dag_decorator.py
[2025-07-12T01:46:13.175+0000] {processor.py:830} INFO - Processing file /home/airflow/.local/lib/python3.8/site-packages/airflow/example_dags/example_dag_decorator.py for tasks to queue
[2025-07-12T01:46:13.178+0000] {logging_mixin.py:188} INFO - [2025-07-12T01:46:13.178+0000] {dagbag.py:538} INFO - Filling up the DagBag from /home/airflow/.local/lib/python3.8/site-packages/airflow/example_dags/example_dag_decorator.py
[2025-07-12T01:46:13.286+0000] {processor.py:840} INFO - DAG(s) 'example_dag_decorator' retrieved from /home/airflow/.local/lib/python3.8/site-packages/airflow/example_dags/example_dag_decorator.py
[2025-07-12T01:46:13.409+0000] {logging_mixin.py:188} INFO - [2025-07-12T01:46:13.409+0000] {dag.py:3036} INFO - Sync 1 DAGs
[2025-07-12T01:46:13.422+0000] {logging_mixin.py:188} INFO - [2025-07-12T01:46:13.422+0000] {dag.py:3823} INFO - Setting next_dagrun for example_dag_decorator to None, run_after=None
[2025-07-12T01:46:13.452+0000] {processor.py:183} INFO - Processing /home/airflow/.local/lib/python3.8/site-packages/airflow/example_dags/example_dag_decorator.py took 0.285 seconds
[2025-07-12T01:46:43.585+0000] {processor.py:161} INFO - Started process (PID=974) to work on /home/airflow/.local/lib/python3.8/site-packages/airflow/example_dags/example_dag_decorator.py
[2025-07-12T01:46:43.587+0000] {processor.py:830} INFO - Processing file /home/airflow/.local/lib/python3.8/site-packages/airflow/example_dags/example_dag_decorator.py for tasks to queue
[2025-07-12T01:46:43.591+0000] {logging_mixin.py:188} INFO - [2025-07-12T01:46:43.591+0000] {dagbag.py:538} INFO - Filling up the DagBag from /home/airflow/.local/lib/python3.8/site-packages/airflow/example_dags/example_dag_decorator.py
[2025-07-12T01:46:43.701+0000] {processor.py:840} INFO - DAG(s) 'example_dag_decorator' retrieved from /home/airflow/.local/lib/python3.8/site-packages/airflow/example_dags/example_dag_decorator.py
[2025-07-12T01:46:43.817+0000] {logging_mixin.py:188} INFO - [2025-07-12T01:46:43.817+0000] {dag.py:3036} INFO - Sync 1 DAGs
[2025-07-12T01:46:43.829+0000] {logging_mixin.py:188} INFO - [2025-07-12T01:46:43.828+0000] {dag.py:3823} INFO - Setting next_dagrun for example_dag_decorator to None, run_after=None
[2025-07-12T01:46:43.857+0000] {processor.py:183} INFO - Processing /home/airflow/.local/lib/python3.8/site-packages/airflow/example_dags/example_dag_decorator.py took 0.276 seconds
[2025-07-12T01:47:14.345+0000] {processor.py:161} INFO - Started process (PID=1029) to work on /home/airflow/.local/lib/python3.8/site-packages/airflow/example_dags/example_dag_decorator.py
[2025-07-12T01:47:14.347+0000] {processor.py:830} INFO - Processing file /home/airflow/.local/lib/python3.8/site-packages/airflow/example_dags/example_dag_decorator.py for tasks to queue
[2025-07-12T01:47:14.350+0000] {logging_mixin.py:188} INFO - [2025-07-12T01:47:14.350+0000] {dagbag.py:538} INFO - Filling up the DagBag from /home/airflow/.local/lib/python3.8/site-packages/airflow/example_dags/example_dag_decorator.py
[2025-07-12T01:47:14.487+0000] {processor.py:840} INFO - DAG(s) 'example_dag_decorator' retrieved from /home/airflow/.local/lib/python3.8/site-packages/airflow/example_dags/example_dag_decorator.py
[2025-07-12T01:47:14.641+0000] {logging_mixin.py:188} INFO - [2025-07-12T01:47:14.640+0000] {dag.py:3036} INFO - Sync 1 DAGs
[2025-07-12T01:47:14.655+0000] {logging_mixin.py:188} INFO - [2025-07-12T01:47:14.655+0000] {dag.py:3823} INFO - Setting next_dagrun for example_dag_decorator to None, run_after=None
[2025-07-12T01:47:14.687+0000] {processor.py:183} INFO - Processing /home/airflow/.local/lib/python3.8/site-packages/airflow/example_dags/example_dag_decorator.py took 0.348 seconds
[2025-07-12T01:47:44.809+0000] {processor.py:161} INFO - Started process (PID=1086) to work on /home/airflow/.local/lib/python3.8/site-packages/airflow/example_dags/example_dag_decorator.py
[2025-07-12T01:47:44.811+0000] {processor.py:830} INFO - Processing file /home/airflow/.local/lib/python3.8/site-packages/airflow/example_dags/example_dag_decorator.py for tasks to queue
[2025-07-12T01:47:44.815+0000] {logging_mixin.py:188} INFO - [2025-07-12T01:47:44.815+0000] {dagbag.py:538} INFO - Filling up the DagBag from /home/airflow/.local/lib/python3.8/site-packages/airflow/example_dags/example_dag_decorator.py
[2025-07-12T01:47:44.973+0000] {processor.py:840} INFO - DAG(s) 'example_dag_decorator' retrieved from /home/airflow/.local/lib/python3.8/site-packages/airflow/example_dags/example_dag_decorator.py
[2025-07-12T01:47:45.184+0000] {logging_mixin.py:188} INFO - [2025-07-12T01:47:45.183+0000] {dag.py:3036} INFO - Sync 1 DAGs
[2025-07-12T01:47:45.200+0000] {logging_mixin.py:188} INFO - [2025-07-12T01:47:45.199+0000] {dag.py:3823} INFO - Setting next_dagrun for example_dag_decorator to None, run_after=None
[2025-07-12T01:47:45.230+0000] {processor.py:183} INFO - Processing /home/airflow/.local/lib/python3.8/site-packages/airflow/example_dags/example_dag_decorator.py took 0.428 seconds
[2025-07-12T01:48:15.422+0000] {processor.py:161} INFO - Started process (PID=1142) to work on /home/airflow/.local/lib/python3.8/site-packages/airflow/example_dags/example_dag_decorator.py
[2025-07-12T01:48:15.424+0000] {processor.py:830} INFO - Processing file /home/airflow/.local/lib/python3.8/site-packages/airflow/example_dags/example_dag_decorator.py for tasks to queue
[2025-07-12T01:48:15.428+0000] {logging_mixin.py:188} INFO - [2025-07-12T01:48:15.428+0000] {dagbag.py:538} INFO - Filling up the DagBag from /home/airflow/.local/lib/python3.8/site-packages/airflow/example_dags/example_dag_decorator.py
[2025-07-12T01:48:15.558+0000] {processor.py:840} INFO - DAG(s) 'example_dag_decorator' retrieved from /home/airflow/.local/lib/python3.8/site-packages/airflow/example_dags/example_dag_decorator.py
[2025-07-12T01:48:15.695+0000] {logging_mixin.py:188} INFO - [2025-07-12T01:48:15.695+0000] {dag.py:3036} INFO - Sync 1 DAGs
[2025-07-12T01:48:15.709+0000] {logging_mixin.py:188} INFO - [2025-07-12T01:48:15.708+0000] {dag.py:3823} INFO - Setting next_dagrun for example_dag_decorator to None, run_after=None
[2025-07-12T01:48:15.741+0000] {processor.py:183} INFO - Processing /home/airflow/.local/lib/python3.8/site-packages/airflow/example_dags/example_dag_decorator.py took 0.327 seconds
[2025-07-12T01:48:46.053+0000] {processor.py:161} INFO - Started process (PID=1199) to work on /home/airflow/.local/lib/python3.8/site-packages/airflow/example_dags/example_dag_decorator.py
[2025-07-12T01:48:46.055+0000] {processor.py:830} INFO - Processing file /home/airflow/.local/lib/python3.8/site-packages/airflow/example_dags/example_dag_decorator.py for tasks to queue
[2025-07-12T01:48:46.059+0000] {logging_mixin.py:188} INFO - [2025-07-12T01:48:46.058+0000] {dagbag.py:538} INFO - Filling up the DagBag from /home/airflow/.local/lib/python3.8/site-packages/airflow/example_dags/example_dag_decorator.py
[2025-07-12T01:48:46.321+0000] {processor.py:840} INFO - DAG(s) 'example_dag_decorator' retrieved from /home/airflow/.local/lib/python3.8/site-packages/airflow/example_dags/example_dag_decorator.py
[2025-07-12T01:48:46.464+0000] {logging_mixin.py:188} INFO - [2025-07-12T01:48:46.463+0000] {dag.py:3036} INFO - Sync 1 DAGs
[2025-07-12T01:48:46.477+0000] {logging_mixin.py:188} INFO - [2025-07-12T01:48:46.477+0000] {dag.py:3823} INFO - Setting next_dagrun for example_dag_decorator to None, run_after=None
[2025-07-12T01:48:46.515+0000] {processor.py:183} INFO - Processing /home/airflow/.local/lib/python3.8/site-packages/airflow/example_dags/example_dag_decorator.py took 0.468 seconds
[2025-07-12T01:49:16.720+0000] {processor.py:161} INFO - Started process (PID=1257) to work on /home/airflow/.local/lib/python3.8/site-packages/airflow/example_dags/example_dag_decorator.py
[2025-07-12T01:49:16.722+0000] {processor.py:830} INFO - Processing file /home/airflow/.local/lib/python3.8/site-packages/airflow/example_dags/example_dag_decorator.py for tasks to queue
[2025-07-12T01:49:16.725+0000] {logging_mixin.py:188} INFO - [2025-07-12T01:49:16.724+0000] {dagbag.py:538} INFO - Filling up the DagBag from /home/airflow/.local/lib/python3.8/site-packages/airflow/example_dags/example_dag_decorator.py
[2025-07-12T01:49:16.837+0000] {processor.py:840} INFO - DAG(s) 'example_dag_decorator' retrieved from /home/airflow/.local/lib/python3.8/site-packages/airflow/example_dags/example_dag_decorator.py
[2025-07-12T01:49:16.954+0000] {logging_mixin.py:188} INFO - [2025-07-12T01:49:16.954+0000] {dag.py:3036} INFO - Sync 1 DAGs
[2025-07-12T01:49:16.966+0000] {logging_mixin.py:188} INFO - [2025-07-12T01:49:16.966+0000] {dag.py:3823} INFO - Setting next_dagrun for example_dag_decorator to None, run_after=None
[2025-07-12T01:49:16.996+0000] {processor.py:183} INFO - Processing /home/airflow/.local/lib/python3.8/site-packages/airflow/example_dags/example_dag_decorator.py took 0.281 seconds
[2025-07-12T01:49:47.097+0000] {processor.py:161} INFO - Started process (PID=1314) to work on /home/airflow/.local/lib/python3.8/site-packages/airflow/example_dags/example_dag_decorator.py
[2025-07-12T01:49:47.099+0000] {processor.py:830} INFO - Processing file /home/airflow/.local/lib/python3.8/site-packages/airflow/example_dags/example_dag_decorator.py for tasks to queue
[2025-07-12T01:49:47.102+0000] {logging_mixin.py:188} INFO - [2025-07-12T01:49:47.102+0000] {dagbag.py:538} INFO - Filling up the DagBag from /home/airflow/.local/lib/python3.8/site-packages/airflow/example_dags/example_dag_decorator.py
[2025-07-12T01:49:47.225+0000] {processor.py:840} INFO - DAG(s) 'example_dag_decorator' retrieved from /home/airflow/.local/lib/python3.8/site-packages/airflow/example_dags/example_dag_decorator.py
[2025-07-12T01:49:47.375+0000] {logging_mixin.py:188} INFO - [2025-07-12T01:49:47.375+0000] {dag.py:3036} INFO - Sync 1 DAGs
[2025-07-12T01:49:47.391+0000] {logging_mixin.py:188} INFO - [2025-07-12T01:49:47.391+0000] {dag.py:3823} INFO - Setting next_dagrun for example_dag_decorator to None, run_after=None
[2025-07-12T01:49:47.431+0000] {processor.py:183} INFO - Processing /home/airflow/.local/lib/python3.8/site-packages/airflow/example_dags/example_dag_decorator.py took 0.338 seconds
[2025-07-12T01:50:17.546+0000] {processor.py:161} INFO - Started process (PID=1370) to work on /home/airflow/.local/lib/python3.8/site-packages/airflow/example_dags/example_dag_decorator.py
[2025-07-12T01:50:17.550+0000] {processor.py:830} INFO - Processing file /home/airflow/.local/lib/python3.8/site-packages/airflow/example_dags/example_dag_decorator.py for tasks to queue
[2025-07-12T01:50:17.553+0000] {logging_mixin.py:188} INFO - [2025-07-12T01:50:17.553+0000] {dagbag.py:538} INFO - Filling up the DagBag from /home/airflow/.local/lib/python3.8/site-packages/airflow/example_dags/example_dag_decorator.py
[2025-07-12T01:50:17.690+0000] {processor.py:840} INFO - DAG(s) 'example_dag_decorator' retrieved from /home/airflow/.local/lib/python3.8/site-packages/airflow/example_dags/example_dag_decorator.py
[2025-07-12T01:50:17.727+0000] {logging_mixin.py:188} INFO - [2025-07-12T01:50:17.727+0000] {dag.py:3036} INFO - Sync 1 DAGs
[2025-07-12T01:50:17.745+0000] {logging_mixin.py:188} INFO - [2025-07-12T01:50:17.745+0000] {dag.py:3823} INFO - Setting next_dagrun for example_dag_decorator to None, run_after=None
[2025-07-12T01:50:17.785+0000] {processor.py:183} INFO - Processing /home/airflow/.local/lib/python3.8/site-packages/airflow/example_dags/example_dag_decorator.py took 0.247 seconds
[2025-07-12T01:50:48.005+0000] {processor.py:161} INFO - Started process (PID=1425) to work on /home/airflow/.local/lib/python3.8/site-packages/airflow/example_dags/example_dag_decorator.py
[2025-07-12T01:50:48.007+0000] {processor.py:830} INFO - Processing file /home/airflow/.local/lib/python3.8/site-packages/airflow/example_dags/example_dag_decorator.py for tasks to queue
[2025-07-12T01:50:48.010+0000] {logging_mixin.py:188} INFO - [2025-07-12T01:50:48.010+0000] {dagbag.py:538} INFO - Filling up the DagBag from /home/airflow/.local/lib/python3.8/site-packages/airflow/example_dags/example_dag_decorator.py
[2025-07-12T01:50:48.133+0000] {processor.py:840} INFO - DAG(s) 'example_dag_decorator' retrieved from /home/airflow/.local/lib/python3.8/site-packages/airflow/example_dags/example_dag_decorator.py
[2025-07-12T01:50:48.262+0000] {logging_mixin.py:188} INFO - [2025-07-12T01:50:48.261+0000] {dag.py:3036} INFO - Sync 1 DAGs
[2025-07-12T01:50:48.496+0000] {logging_mixin.py:188} INFO - [2025-07-12T01:50:48.496+0000] {dag.py:3823} INFO - Setting next_dagrun for example_dag_decorator to None, run_after=None
[2025-07-12T01:50:48.541+0000] {processor.py:183} INFO - Processing /home/airflow/.local/lib/python3.8/site-packages/airflow/example_dags/example_dag_decorator.py took 0.540 seconds
[2025-07-12T01:51:18.907+0000] {processor.py:161} INFO - Started process (PID=1482) to work on /home/airflow/.local/lib/python3.8/site-packages/airflow/example_dags/example_dag_decorator.py
[2025-07-12T01:51:18.909+0000] {processor.py:830} INFO - Processing file /home/airflow/.local/lib/python3.8/site-packages/airflow/example_dags/example_dag_decorator.py for tasks to queue
[2025-07-12T01:51:18.911+0000] {logging_mixin.py:188} INFO - [2025-07-12T01:51:18.911+0000] {dagbag.py:538} INFO - Filling up the DagBag from /home/airflow/.local/lib/python3.8/site-packages/airflow/example_dags/example_dag_decorator.py
[2025-07-12T01:51:19.032+0000] {processor.py:840} INFO - DAG(s) 'example_dag_decorator' retrieved from /home/airflow/.local/lib/python3.8/site-packages/airflow/example_dags/example_dag_decorator.py
[2025-07-12T01:51:19.179+0000] {logging_mixin.py:188} INFO - [2025-07-12T01:51:19.179+0000] {dag.py:3036} INFO - Sync 1 DAGs
[2025-07-12T01:51:19.196+0000] {logging_mixin.py:188} INFO - [2025-07-12T01:51:19.196+0000] {dag.py:3823} INFO - Setting next_dagrun for example_dag_decorator to None, run_after=None
[2025-07-12T01:51:19.488+0000] {processor.py:183} INFO - Processing /home/airflow/.local/lib/python3.8/site-packages/airflow/example_dags/example_dag_decorator.py took 0.586 seconds
[2025-07-12T01:51:50.352+0000] {processor.py:161} INFO - Started process (PID=1538) to work on /home/airflow/.local/lib/python3.8/site-packages/airflow/example_dags/example_dag_decorator.py
[2025-07-12T01:51:50.355+0000] {processor.py:830} INFO - Processing file /home/airflow/.local/lib/python3.8/site-packages/airflow/example_dags/example_dag_decorator.py for tasks to queue
[2025-07-12T01:51:50.359+0000] {logging_mixin.py:188} INFO - [2025-07-12T01:51:50.358+0000] {dagbag.py:538} INFO - Filling up the DagBag from /home/airflow/.local/lib/python3.8/site-packages/airflow/example_dags/example_dag_decorator.py
[2025-07-12T01:51:50.477+0000] {processor.py:840} INFO - DAG(s) 'example_dag_decorator' retrieved from /home/airflow/.local/lib/python3.8/site-packages/airflow/example_dags/example_dag_decorator.py
[2025-07-12T01:51:50.630+0000] {logging_mixin.py:188} INFO - [2025-07-12T01:51:50.630+0000] {dag.py:3036} INFO - Sync 1 DAGs
[2025-07-12T01:51:50.644+0000] {logging_mixin.py:188} INFO - [2025-07-12T01:51:50.644+0000] {dag.py:3823} INFO - Setting next_dagrun for example_dag_decorator to None, run_after=None
[2025-07-12T01:51:50.677+0000] {processor.py:183} INFO - Processing /home/airflow/.local/lib/python3.8/site-packages/airflow/example_dags/example_dag_decorator.py took 0.334 seconds
[2025-07-12T01:52:20.766+0000] {processor.py:161} INFO - Started process (PID=1595) to work on /home/airflow/.local/lib/python3.8/site-packages/airflow/example_dags/example_dag_decorator.py
[2025-07-12T01:52:20.768+0000] {processor.py:830} INFO - Processing file /home/airflow/.local/lib/python3.8/site-packages/airflow/example_dags/example_dag_decorator.py for tasks to queue
[2025-07-12T01:52:20.772+0000] {logging_mixin.py:188} INFO - [2025-07-12T01:52:20.772+0000] {dagbag.py:538} INFO - Filling up the DagBag from /home/airflow/.local/lib/python3.8/site-packages/airflow/example_dags/example_dag_decorator.py
[2025-07-12T01:52:20.900+0000] {processor.py:840} INFO - DAG(s) 'example_dag_decorator' retrieved from /home/airflow/.local/lib/python3.8/site-packages/airflow/example_dags/example_dag_decorator.py
[2025-07-12T01:52:21.035+0000] {logging_mixin.py:188} INFO - [2025-07-12T01:52:21.035+0000] {dag.py:3036} INFO - Sync 1 DAGs
[2025-07-12T01:52:21.051+0000] {logging_mixin.py:188} INFO - [2025-07-12T01:52:21.051+0000] {dag.py:3823} INFO - Setting next_dagrun for example_dag_decorator to None, run_after=None
[2025-07-12T01:52:21.083+0000] {processor.py:183} INFO - Processing /home/airflow/.local/lib/python3.8/site-packages/airflow/example_dags/example_dag_decorator.py took 0.323 seconds
[2025-07-12T01:52:51.345+0000] {processor.py:161} INFO - Started process (PID=1653) to work on /home/airflow/.local/lib/python3.8/site-packages/airflow/example_dags/example_dag_decorator.py
[2025-07-12T01:52:51.348+0000] {processor.py:830} INFO - Processing file /home/airflow/.local/lib/python3.8/site-packages/airflow/example_dags/example_dag_decorator.py for tasks to queue
[2025-07-12T01:52:51.353+0000] {logging_mixin.py:188} INFO - [2025-07-12T01:52:51.352+0000] {dagbag.py:538} INFO - Filling up the DagBag from /home/airflow/.local/lib/python3.8/site-packages/airflow/example_dags/example_dag_decorator.py
[2025-07-12T01:52:51.558+0000] {processor.py:840} INFO - DAG(s) 'example_dag_decorator' retrieved from /home/airflow/.local/lib/python3.8/site-packages/airflow/example_dags/example_dag_decorator.py
[2025-07-12T01:52:51.865+0000] {logging_mixin.py:188} INFO - [2025-07-12T01:52:51.865+0000] {dag.py:3036} INFO - Sync 1 DAGs
[2025-07-12T01:52:51.878+0000] {logging_mixin.py:188} INFO - [2025-07-12T01:52:51.877+0000] {dag.py:3823} INFO - Setting next_dagrun for example_dag_decorator to None, run_after=None
[2025-07-12T01:52:51.905+0000] {processor.py:183} INFO - Processing /home/airflow/.local/lib/python3.8/site-packages/airflow/example_dags/example_dag_decorator.py took 0.568 seconds
[2025-07-12T01:54:15.500+0000] {processor.py:161} INFO - Started process (PID=78) to work on /home/airflow/.local/lib/python3.8/site-packages/airflow/example_dags/example_dag_decorator.py
[2025-07-12T01:54:15.502+0000] {processor.py:830} INFO - Processing file /home/airflow/.local/lib/python3.8/site-packages/airflow/example_dags/example_dag_decorator.py for tasks to queue
[2025-07-12T01:54:15.505+0000] {logging_mixin.py:188} INFO - [2025-07-12T01:54:15.505+0000] {dagbag.py:538} INFO - Filling up the DagBag from /home/airflow/.local/lib/python3.8/site-packages/airflow/example_dags/example_dag_decorator.py
[2025-07-12T01:54:15.761+0000] {processor.py:840} INFO - DAG(s) 'example_dag_decorator' retrieved from /home/airflow/.local/lib/python3.8/site-packages/airflow/example_dags/example_dag_decorator.py
[2025-07-12T01:54:15.913+0000] {logging_mixin.py:188} INFO - [2025-07-12T01:54:15.912+0000] {override.py:1769} INFO - Created Permission View: can read on DAG:example_dag_decorator
[2025-07-12T01:54:15.931+0000] {logging_mixin.py:188} INFO - [2025-07-12T01:54:15.930+0000] {override.py:1769} INFO - Created Permission View: can delete on DAG:example_dag_decorator
[2025-07-12T01:54:15.944+0000] {logging_mixin.py:188} INFO - [2025-07-12T01:54:15.943+0000] {override.py:1769} INFO - Created Permission View: can edit on DAG:example_dag_decorator
[2025-07-12T01:54:15.945+0000] {logging_mixin.py:188} INFO - [2025-07-12T01:54:15.945+0000] {dag.py:3036} INFO - Sync 1 DAGs
[2025-07-12T01:54:15.959+0000] {logging_mixin.py:188} INFO - [2025-07-12T01:54:15.959+0000] {dag.py:3058} INFO - Creating ORM DAG for example_dag_decorator
[2025-07-12T01:54:15.961+0000] {logging_mixin.py:188} INFO - [2025-07-12T01:54:15.961+0000] {dag.py:3823} INFO - Setting next_dagrun for example_dag_decorator to None, run_after=None
[2025-07-12T01:54:15.990+0000] {processor.py:183} INFO - Processing /home/airflow/.local/lib/python3.8/site-packages/airflow/example_dags/example_dag_decorator.py took 0.495 seconds
[2025-07-12T01:54:46.678+0000] {processor.py:161} INFO - Started process (PID=135) to work on /home/airflow/.local/lib/python3.8/site-packages/airflow/example_dags/example_dag_decorator.py
[2025-07-12T01:54:46.680+0000] {processor.py:830} INFO - Processing file /home/airflow/.local/lib/python3.8/site-packages/airflow/example_dags/example_dag_decorator.py for tasks to queue
[2025-07-12T01:54:46.685+0000] {logging_mixin.py:188} INFO - [2025-07-12T01:54:46.684+0000] {dagbag.py:538} INFO - Filling up the DagBag from /home/airflow/.local/lib/python3.8/site-packages/airflow/example_dags/example_dag_decorator.py
[2025-07-12T01:54:46.804+0000] {processor.py:840} INFO - DAG(s) 'example_dag_decorator' retrieved from /home/airflow/.local/lib/python3.8/site-packages/airflow/example_dags/example_dag_decorator.py
[2025-07-12T01:54:46.914+0000] {logging_mixin.py:188} INFO - [2025-07-12T01:54:46.914+0000] {dag.py:3036} INFO - Sync 1 DAGs
[2025-07-12T01:54:46.925+0000] {logging_mixin.py:188} INFO - [2025-07-12T01:54:46.925+0000] {dag.py:3823} INFO - Setting next_dagrun for example_dag_decorator to None, run_after=None
[2025-07-12T01:54:46.950+0000] {processor.py:183} INFO - Processing /home/airflow/.local/lib/python3.8/site-packages/airflow/example_dags/example_dag_decorator.py took 0.276 seconds
[2025-07-12T01:55:17.372+0000] {processor.py:161} INFO - Started process (PID=192) to work on /home/airflow/.local/lib/python3.8/site-packages/airflow/example_dags/example_dag_decorator.py
[2025-07-12T01:55:17.373+0000] {processor.py:830} INFO - Processing file /home/airflow/.local/lib/python3.8/site-packages/airflow/example_dags/example_dag_decorator.py for tasks to queue
[2025-07-12T01:55:17.377+0000] {logging_mixin.py:188} INFO - [2025-07-12T01:55:17.376+0000] {dagbag.py:538} INFO - Filling up the DagBag from /home/airflow/.local/lib/python3.8/site-packages/airflow/example_dags/example_dag_decorator.py
[2025-07-12T01:55:17.514+0000] {processor.py:840} INFO - DAG(s) 'example_dag_decorator' retrieved from /home/airflow/.local/lib/python3.8/site-packages/airflow/example_dags/example_dag_decorator.py
[2025-07-12T01:55:17.647+0000] {logging_mixin.py:188} INFO - [2025-07-12T01:55:17.647+0000] {dag.py:3036} INFO - Sync 1 DAGs
[2025-07-12T01:55:17.661+0000] {logging_mixin.py:188} INFO - [2025-07-12T01:55:17.661+0000] {dag.py:3823} INFO - Setting next_dagrun for example_dag_decorator to None, run_after=None
[2025-07-12T01:55:17.688+0000] {processor.py:183} INFO - Processing /home/airflow/.local/lib/python3.8/site-packages/airflow/example_dags/example_dag_decorator.py took 0.321 seconds
[2025-07-12T01:55:48.009+0000] {processor.py:161} INFO - Started process (PID=254) to work on /home/airflow/.local/lib/python3.8/site-packages/airflow/example_dags/example_dag_decorator.py
[2025-07-12T01:55:48.011+0000] {processor.py:830} INFO - Processing file /home/airflow/.local/lib/python3.8/site-packages/airflow/example_dags/example_dag_decorator.py for tasks to queue
[2025-07-12T01:55:48.014+0000] {logging_mixin.py:188} INFO - [2025-07-12T01:55:48.014+0000] {dagbag.py:538} INFO - Filling up the DagBag from /home/airflow/.local/lib/python3.8/site-packages/airflow/example_dags/example_dag_decorator.py
[2025-07-12T01:55:48.161+0000] {processor.py:840} INFO - DAG(s) 'example_dag_decorator' retrieved from /home/airflow/.local/lib/python3.8/site-packages/airflow/example_dags/example_dag_decorator.py
[2025-07-12T01:55:48.311+0000] {logging_mixin.py:188} INFO - [2025-07-12T01:55:48.311+0000] {dag.py:3036} INFO - Sync 1 DAGs
[2025-07-12T01:55:48.326+0000] {logging_mixin.py:188} INFO - [2025-07-12T01:55:48.325+0000] {dag.py:3823} INFO - Setting next_dagrun for example_dag_decorator to None, run_after=None
[2025-07-12T01:55:48.360+0000] {processor.py:183} INFO - Processing /home/airflow/.local/lib/python3.8/site-packages/airflow/example_dags/example_dag_decorator.py took 0.356 seconds
[2025-07-12T01:56:19.273+0000] {processor.py:161} INFO - Started process (PID=311) to work on /home/airflow/.local/lib/python3.8/site-packages/airflow/example_dags/example_dag_decorator.py
[2025-07-12T01:56:19.276+0000] {processor.py:830} INFO - Processing file /home/airflow/.local/lib/python3.8/site-packages/airflow/example_dags/example_dag_decorator.py for tasks to queue
[2025-07-12T01:56:19.280+0000] {logging_mixin.py:188} INFO - [2025-07-12T01:56:19.280+0000] {dagbag.py:538} INFO - Filling up the DagBag from /home/airflow/.local/lib/python3.8/site-packages/airflow/example_dags/example_dag_decorator.py
[2025-07-12T01:56:19.431+0000] {processor.py:840} INFO - DAG(s) 'example_dag_decorator' retrieved from /home/airflow/.local/lib/python3.8/site-packages/airflow/example_dags/example_dag_decorator.py
[2025-07-12T01:56:19.558+0000] {logging_mixin.py:188} INFO - [2025-07-12T01:56:19.558+0000] {dag.py:3036} INFO - Sync 1 DAGs
[2025-07-12T01:56:19.570+0000] {logging_mixin.py:188} INFO - [2025-07-12T01:56:19.570+0000] {dag.py:3823} INFO - Setting next_dagrun for example_dag_decorator to None, run_after=None
[2025-07-12T01:56:19.600+0000] {processor.py:183} INFO - Processing /home/airflow/.local/lib/python3.8/site-packages/airflow/example_dags/example_dag_decorator.py took 0.336 seconds
[2025-07-12T01:56:49.992+0000] {processor.py:161} INFO - Started process (PID=371) to work on /home/airflow/.local/lib/python3.8/site-packages/airflow/example_dags/example_dag_decorator.py
[2025-07-12T01:56:49.994+0000] {processor.py:830} INFO - Processing file /home/airflow/.local/lib/python3.8/site-packages/airflow/example_dags/example_dag_decorator.py for tasks to queue
[2025-07-12T01:56:49.998+0000] {logging_mixin.py:188} INFO - [2025-07-12T01:56:49.997+0000] {dagbag.py:538} INFO - Filling up the DagBag from /home/airflow/.local/lib/python3.8/site-packages/airflow/example_dags/example_dag_decorator.py
[2025-07-12T01:56:50.121+0000] {processor.py:840} INFO - DAG(s) 'example_dag_decorator' retrieved from /home/airflow/.local/lib/python3.8/site-packages/airflow/example_dags/example_dag_decorator.py
[2025-07-12T01:56:50.253+0000] {logging_mixin.py:188} INFO - [2025-07-12T01:56:50.252+0000] {dag.py:3036} INFO - Sync 1 DAGs
[2025-07-12T01:56:50.265+0000] {logging_mixin.py:188} INFO - [2025-07-12T01:56:50.265+0000] {dag.py:3823} INFO - Setting next_dagrun for example_dag_decorator to None, run_after=None
[2025-07-12T01:56:50.296+0000] {processor.py:183} INFO - Processing /home/airflow/.local/lib/python3.8/site-packages/airflow/example_dags/example_dag_decorator.py took 0.309 seconds
