[2025-07-12T01:35:15.128+0000] {processor.py:161} INFO - Started process (PID=95) to work on /home/airflow/.local/lib/python3.8/site-packages/airflow/example_dags/example_branch_operator.py
[2025-07-12T01:35:15.130+0000] {processor.py:830} INFO - Processing file /home/airflow/.local/lib/python3.8/site-packages/airflow/example_dags/example_branch_operator.py for tasks to queue
[2025-07-12T01:35:15.133+0000] {logging_mixin.py:188} INFO - [2025-07-12T01:35:15.133+0000] {dagbag.py:538} INFO - Filling up the DagBag from /home/airflow/.local/lib/python3.8/site-packages/airflow/example_dags/example_branch_operator.py
[2025-07-12T01:35:15.164+0000] {processor.py:840} INFO - DAG(s) 'example_branch_operator' retrieved from /home/airflow/.local/lib/python3.8/site-packages/airflow/example_dags/example_branch_operator.py
[2025-07-12T01:35:15.329+0000] {logging_mixin.py:188} INFO - [2025-07-12T01:35:15.329+0000] {dag.py:3036} INFO - Sync 1 DAGs
[2025-07-12T01:35:15.364+0000] {logging_mixin.py:188} INFO - [2025-07-12T01:35:15.363+0000] {dag.py:3823} INFO - Setting next_dagrun for example_branch_operator to 2025-07-11 00:00:00+00:00, run_after=2025-07-12 00:00:00+00:00
[2025-07-12T01:35:15.405+0000] {processor.py:183} INFO - Processing /home/airflow/.local/lib/python3.8/site-packages/airflow/example_dags/example_branch_operator.py took 0.282 seconds
[2025-07-12T01:35:46.294+0000] {processor.py:161} INFO - Started process (PID=151) to work on /home/airflow/.local/lib/python3.8/site-packages/airflow/example_dags/example_branch_operator.py
[2025-07-12T01:35:46.296+0000] {processor.py:830} INFO - Processing file /home/airflow/.local/lib/python3.8/site-packages/airflow/example_dags/example_branch_operator.py for tasks to queue
[2025-07-12T01:35:46.299+0000] {logging_mixin.py:188} INFO - [2025-07-12T01:35:46.299+0000] {dagbag.py:538} INFO - Filling up the DagBag from /home/airflow/.local/lib/python3.8/site-packages/airflow/example_dags/example_branch_operator.py
[2025-07-12T01:35:46.321+0000] {processor.py:840} INFO - DAG(s) 'example_branch_operator' retrieved from /home/airflow/.local/lib/python3.8/site-packages/airflow/example_dags/example_branch_operator.py
[2025-07-12T01:35:46.365+0000] {logging_mixin.py:188} INFO - [2025-07-12T01:35:46.365+0000] {dag.py:3036} INFO - Sync 1 DAGs
[2025-07-12T01:35:46.393+0000] {logging_mixin.py:188} INFO - [2025-07-12T01:35:46.392+0000] {dag.py:3823} INFO - Setting next_dagrun for example_branch_operator to 2025-07-11 00:00:00+00:00, run_after=2025-07-12 00:00:00+00:00
[2025-07-12T01:35:46.421+0000] {processor.py:183} INFO - Processing /home/airflow/.local/lib/python3.8/site-packages/airflow/example_dags/example_branch_operator.py took 0.132 seconds
[2025-07-12T01:36:16.572+0000] {processor.py:161} INFO - Started process (PID=207) to work on /home/airflow/.local/lib/python3.8/site-packages/airflow/example_dags/example_branch_operator.py
[2025-07-12T01:36:16.575+0000] {processor.py:830} INFO - Processing file /home/airflow/.local/lib/python3.8/site-packages/airflow/example_dags/example_branch_operator.py for tasks to queue
[2025-07-12T01:36:16.579+0000] {logging_mixin.py:188} INFO - [2025-07-12T01:36:16.578+0000] {dagbag.py:538} INFO - Filling up the DagBag from /home/airflow/.local/lib/python3.8/site-packages/airflow/example_dags/example_branch_operator.py
[2025-07-12T01:36:16.597+0000] {processor.py:840} INFO - DAG(s) 'example_branch_operator' retrieved from /home/airflow/.local/lib/python3.8/site-packages/airflow/example_dags/example_branch_operator.py
[2025-07-12T01:36:16.611+0000] {logging_mixin.py:188} INFO - [2025-07-12T01:36:16.610+0000] {dag.py:3036} INFO - Sync 1 DAGs
[2025-07-12T01:36:16.636+0000] {logging_mixin.py:188} INFO - [2025-07-12T01:36:16.636+0000] {dag.py:3823} INFO - Setting next_dagrun for example_branch_operator to 2025-07-11 00:00:00+00:00, run_after=2025-07-12 00:00:00+00:00
[2025-07-12T01:36:16.666+0000] {processor.py:183} INFO - Processing /home/airflow/.local/lib/python3.8/site-packages/airflow/example_dags/example_branch_operator.py took 0.102 seconds
[2025-07-12T01:36:47.969+0000] {processor.py:161} INFO - Started process (PID=263) to work on /home/airflow/.local/lib/python3.8/site-packages/airflow/example_dags/example_branch_operator.py
[2025-07-12T01:36:47.972+0000] {processor.py:830} INFO - Processing file /home/airflow/.local/lib/python3.8/site-packages/airflow/example_dags/example_branch_operator.py for tasks to queue
[2025-07-12T01:36:47.977+0000] {logging_mixin.py:188} INFO - [2025-07-12T01:36:47.976+0000] {dagbag.py:538} INFO - Filling up the DagBag from /home/airflow/.local/lib/python3.8/site-packages/airflow/example_dags/example_branch_operator.py
[2025-07-12T01:36:48.012+0000] {processor.py:840} INFO - DAG(s) 'example_branch_operator' retrieved from /home/airflow/.local/lib/python3.8/site-packages/airflow/example_dags/example_branch_operator.py
[2025-07-12T01:36:48.192+0000] {logging_mixin.py:188} INFO - [2025-07-12T01:36:48.191+0000] {dag.py:3036} INFO - Sync 1 DAGs
[2025-07-12T01:36:48.228+0000] {logging_mixin.py:188} INFO - [2025-07-12T01:36:48.227+0000] {dag.py:3823} INFO - Setting next_dagrun for example_branch_operator to 2025-07-11 00:00:00+00:00, run_after=2025-07-12 00:00:00+00:00
[2025-07-12T01:36:48.278+0000] {processor.py:183} INFO - Processing /home/airflow/.local/lib/python3.8/site-packages/airflow/example_dags/example_branch_operator.py took 0.317 seconds
[2025-07-12T01:37:18.965+0000] {processor.py:161} INFO - Started process (PID=319) to work on /home/airflow/.local/lib/python3.8/site-packages/airflow/example_dags/example_branch_operator.py
[2025-07-12T01:37:18.967+0000] {processor.py:830} INFO - Processing file /home/airflow/.local/lib/python3.8/site-packages/airflow/example_dags/example_branch_operator.py for tasks to queue
[2025-07-12T01:37:18.971+0000] {logging_mixin.py:188} INFO - [2025-07-12T01:37:18.971+0000] {dagbag.py:538} INFO - Filling up the DagBag from /home/airflow/.local/lib/python3.8/site-packages/airflow/example_dags/example_branch_operator.py
[2025-07-12T01:37:18.998+0000] {processor.py:840} INFO - DAG(s) 'example_branch_operator' retrieved from /home/airflow/.local/lib/python3.8/site-packages/airflow/example_dags/example_branch_operator.py
[2025-07-12T01:37:19.038+0000] {logging_mixin.py:188} INFO - [2025-07-12T01:37:19.038+0000] {dag.py:3036} INFO - Sync 1 DAGs
[2025-07-12T01:37:19.068+0000] {logging_mixin.py:188} INFO - [2025-07-12T01:37:19.068+0000] {dag.py:3823} INFO - Setting next_dagrun for example_branch_operator to 2025-07-11 00:00:00+00:00, run_after=2025-07-12 00:00:00+00:00
[2025-07-12T01:37:19.093+0000] {processor.py:183} INFO - Processing /home/airflow/.local/lib/python3.8/site-packages/airflow/example_dags/example_branch_operator.py took 0.133 seconds
[2025-07-12T01:38:36.462+0000] {processor.py:161} INFO - Started process (PID=95) to work on /home/airflow/.local/lib/python3.8/site-packages/airflow/example_dags/example_branch_operator.py
[2025-07-12T01:38:36.464+0000] {processor.py:830} INFO - Processing file /home/airflow/.local/lib/python3.8/site-packages/airflow/example_dags/example_branch_operator.py for tasks to queue
[2025-07-12T01:38:36.466+0000] {logging_mixin.py:188} INFO - [2025-07-12T01:38:36.466+0000] {dagbag.py:538} INFO - Filling up the DagBag from /home/airflow/.local/lib/python3.8/site-packages/airflow/example_dags/example_branch_operator.py
[2025-07-12T01:38:36.487+0000] {processor.py:840} INFO - DAG(s) 'example_branch_operator' retrieved from /home/airflow/.local/lib/python3.8/site-packages/airflow/example_dags/example_branch_operator.py
[2025-07-12T01:38:36.592+0000] {logging_mixin.py:188} INFO - [2025-07-12T01:38:36.592+0000] {override.py:1769} INFO - Created Permission View: can edit on DAG:example_branch_operator
[2025-07-12T01:38:36.606+0000] {logging_mixin.py:188} INFO - [2025-07-12T01:38:36.606+0000] {override.py:1769} INFO - Created Permission View: can delete on DAG:example_branch_operator
[2025-07-12T01:38:36.616+0000] {logging_mixin.py:188} INFO - [2025-07-12T01:38:36.616+0000] {override.py:1769} INFO - Created Permission View: can read on DAG:example_branch_operator
[2025-07-12T01:38:36.617+0000] {logging_mixin.py:188} INFO - [2025-07-12T01:38:36.617+0000] {dag.py:3036} INFO - Sync 1 DAGs
[2025-07-12T01:38:36.628+0000] {logging_mixin.py:188} INFO - [2025-07-12T01:38:36.627+0000] {dag.py:3058} INFO - Creating ORM DAG for example_branch_operator
[2025-07-12T01:38:36.640+0000] {logging_mixin.py:188} INFO - [2025-07-12T01:38:36.639+0000] {dag.py:3823} INFO - Setting next_dagrun for example_branch_operator to 2025-07-11 00:00:00+00:00, run_after=2025-07-12 00:00:00+00:00
[2025-07-12T01:38:36.663+0000] {processor.py:183} INFO - Processing /home/airflow/.local/lib/python3.8/site-packages/airflow/example_dags/example_branch_operator.py took 0.205 seconds
[2025-07-12T01:39:06.782+0000] {processor.py:161} INFO - Started process (PID=151) to work on /home/airflow/.local/lib/python3.8/site-packages/airflow/example_dags/example_branch_operator.py
[2025-07-12T01:39:06.784+0000] {processor.py:830} INFO - Processing file /home/airflow/.local/lib/python3.8/site-packages/airflow/example_dags/example_branch_operator.py for tasks to queue
[2025-07-12T01:39:06.787+0000] {logging_mixin.py:188} INFO - [2025-07-12T01:39:06.787+0000] {dagbag.py:538} INFO - Filling up the DagBag from /home/airflow/.local/lib/python3.8/site-packages/airflow/example_dags/example_branch_operator.py
[2025-07-12T01:39:06.807+0000] {processor.py:840} INFO - DAG(s) 'example_branch_operator' retrieved from /home/airflow/.local/lib/python3.8/site-packages/airflow/example_dags/example_branch_operator.py
[2025-07-12T01:39:06.851+0000] {logging_mixin.py:188} INFO - [2025-07-12T01:39:06.851+0000] {dag.py:3036} INFO - Sync 1 DAGs
[2025-07-12T01:39:06.878+0000] {logging_mixin.py:188} INFO - [2025-07-12T01:39:06.878+0000] {dag.py:3823} INFO - Setting next_dagrun for example_branch_operator to 2025-07-11 00:00:00+00:00, run_after=2025-07-12 00:00:00+00:00
[2025-07-12T01:39:06.909+0000] {processor.py:183} INFO - Processing /home/airflow/.local/lib/python3.8/site-packages/airflow/example_dags/example_branch_operator.py took 0.130 seconds
[2025-07-12T01:39:37.761+0000] {processor.py:161} INFO - Started process (PID=207) to work on /home/airflow/.local/lib/python3.8/site-packages/airflow/example_dags/example_branch_operator.py
[2025-07-12T01:39:37.762+0000] {processor.py:830} INFO - Processing file /home/airflow/.local/lib/python3.8/site-packages/airflow/example_dags/example_branch_operator.py for tasks to queue
[2025-07-12T01:39:37.765+0000] {logging_mixin.py:188} INFO - [2025-07-12T01:39:37.765+0000] {dagbag.py:538} INFO - Filling up the DagBag from /home/airflow/.local/lib/python3.8/site-packages/airflow/example_dags/example_branch_operator.py
[2025-07-12T01:39:37.791+0000] {processor.py:840} INFO - DAG(s) 'example_branch_operator' retrieved from /home/airflow/.local/lib/python3.8/site-packages/airflow/example_dags/example_branch_operator.py
[2025-07-12T01:39:37.821+0000] {logging_mixin.py:188} INFO - [2025-07-12T01:39:37.821+0000] {dag.py:3036} INFO - Sync 1 DAGs
[2025-07-12T01:39:37.848+0000] {logging_mixin.py:188} INFO - [2025-07-12T01:39:37.848+0000] {dag.py:3823} INFO - Setting next_dagrun for example_branch_operator to 2025-07-11 00:00:00+00:00, run_after=2025-07-12 00:00:00+00:00
[2025-07-12T01:39:37.875+0000] {processor.py:183} INFO - Processing /home/airflow/.local/lib/python3.8/site-packages/airflow/example_dags/example_branch_operator.py took 0.118 seconds
[2025-07-12T01:40:08.810+0000] {processor.py:161} INFO - Started process (PID=264) to work on /home/airflow/.local/lib/python3.8/site-packages/airflow/example_dags/example_branch_operator.py
[2025-07-12T01:40:08.813+0000] {processor.py:830} INFO - Processing file /home/airflow/.local/lib/python3.8/site-packages/airflow/example_dags/example_branch_operator.py for tasks to queue
[2025-07-12T01:40:08.817+0000] {logging_mixin.py:188} INFO - [2025-07-12T01:40:08.817+0000] {dagbag.py:538} INFO - Filling up the DagBag from /home/airflow/.local/lib/python3.8/site-packages/airflow/example_dags/example_branch_operator.py
[2025-07-12T01:40:08.843+0000] {processor.py:840} INFO - DAG(s) 'example_branch_operator' retrieved from /home/airflow/.local/lib/python3.8/site-packages/airflow/example_dags/example_branch_operator.py
[2025-07-12T01:40:08.870+0000] {logging_mixin.py:188} INFO - [2025-07-12T01:40:08.870+0000] {dag.py:3036} INFO - Sync 1 DAGs
[2025-07-12T01:40:08.892+0000] {logging_mixin.py:188} INFO - [2025-07-12T01:40:08.891+0000] {dag.py:3823} INFO - Setting next_dagrun for example_branch_operator to 2025-07-11 00:00:00+00:00, run_after=2025-07-12 00:00:00+00:00
[2025-07-12T01:40:08.914+0000] {processor.py:183} INFO - Processing /home/airflow/.local/lib/python3.8/site-packages/airflow/example_dags/example_branch_operator.py took 0.110 seconds
[2025-07-12T01:40:39.007+0000] {processor.py:161} INFO - Started process (PID=320) to work on /home/airflow/.local/lib/python3.8/site-packages/airflow/example_dags/example_branch_operator.py
[2025-07-12T01:40:39.009+0000] {processor.py:830} INFO - Processing file /home/airflow/.local/lib/python3.8/site-packages/airflow/example_dags/example_branch_operator.py for tasks to queue
[2025-07-12T01:40:39.011+0000] {logging_mixin.py:188} INFO - [2025-07-12T01:40:39.011+0000] {dagbag.py:538} INFO - Filling up the DagBag from /home/airflow/.local/lib/python3.8/site-packages/airflow/example_dags/example_branch_operator.py
[2025-07-12T01:40:39.032+0000] {processor.py:840} INFO - DAG(s) 'example_branch_operator' retrieved from /home/airflow/.local/lib/python3.8/site-packages/airflow/example_dags/example_branch_operator.py
[2025-07-12T01:40:39.066+0000] {logging_mixin.py:188} INFO - [2025-07-12T01:40:39.065+0000] {dag.py:3036} INFO - Sync 1 DAGs
[2025-07-12T01:40:39.088+0000] {logging_mixin.py:188} INFO - [2025-07-12T01:40:39.088+0000] {dag.py:3823} INFO - Setting next_dagrun for example_branch_operator to 2025-07-11 00:00:00+00:00, run_after=2025-07-12 00:00:00+00:00
[2025-07-12T01:40:39.112+0000] {processor.py:183} INFO - Processing /home/airflow/.local/lib/python3.8/site-packages/airflow/example_dags/example_branch_operator.py took 0.111 seconds
[2025-07-12T01:41:09.577+0000] {processor.py:161} INFO - Started process (PID=376) to work on /home/airflow/.local/lib/python3.8/site-packages/airflow/example_dags/example_branch_operator.py
[2025-07-12T01:41:09.579+0000] {processor.py:830} INFO - Processing file /home/airflow/.local/lib/python3.8/site-packages/airflow/example_dags/example_branch_operator.py for tasks to queue
[2025-07-12T01:41:09.581+0000] {logging_mixin.py:188} INFO - [2025-07-12T01:41:09.581+0000] {dagbag.py:538} INFO - Filling up the DagBag from /home/airflow/.local/lib/python3.8/site-packages/airflow/example_dags/example_branch_operator.py
[2025-07-12T01:41:09.596+0000] {processor.py:840} INFO - DAG(s) 'example_branch_operator' retrieved from /home/airflow/.local/lib/python3.8/site-packages/airflow/example_dags/example_branch_operator.py
[2025-07-12T01:41:09.628+0000] {logging_mixin.py:188} INFO - [2025-07-12T01:41:09.627+0000] {dag.py:3036} INFO - Sync 1 DAGs
[2025-07-12T01:41:09.654+0000] {logging_mixin.py:188} INFO - [2025-07-12T01:41:09.654+0000] {dag.py:3823} INFO - Setting next_dagrun for example_branch_operator to 2025-07-11 00:00:00+00:00, run_after=2025-07-12 00:00:00+00:00
[2025-07-12T01:41:09.680+0000] {processor.py:183} INFO - Processing /home/airflow/.local/lib/python3.8/site-packages/airflow/example_dags/example_branch_operator.py took 0.106 seconds
[2025-07-12T01:41:40.079+0000] {processor.py:161} INFO - Started process (PID=432) to work on /home/airflow/.local/lib/python3.8/site-packages/airflow/example_dags/example_branch_operator.py
[2025-07-12T01:41:40.080+0000] {processor.py:830} INFO - Processing file /home/airflow/.local/lib/python3.8/site-packages/airflow/example_dags/example_branch_operator.py for tasks to queue
[2025-07-12T01:41:40.083+0000] {logging_mixin.py:188} INFO - [2025-07-12T01:41:40.083+0000] {dagbag.py:538} INFO - Filling up the DagBag from /home/airflow/.local/lib/python3.8/site-packages/airflow/example_dags/example_branch_operator.py
[2025-07-12T01:41:40.099+0000] {processor.py:840} INFO - DAG(s) 'example_branch_operator' retrieved from /home/airflow/.local/lib/python3.8/site-packages/airflow/example_dags/example_branch_operator.py
[2025-07-12T01:41:40.129+0000] {logging_mixin.py:188} INFO - [2025-07-12T01:41:40.129+0000] {dag.py:3036} INFO - Sync 1 DAGs
[2025-07-12T01:41:40.152+0000] {logging_mixin.py:188} INFO - [2025-07-12T01:41:40.152+0000] {dag.py:3823} INFO - Setting next_dagrun for example_branch_operator to 2025-07-11 00:00:00+00:00, run_after=2025-07-12 00:00:00+00:00
[2025-07-12T01:41:40.192+0000] {processor.py:183} INFO - Processing /home/airflow/.local/lib/python3.8/site-packages/airflow/example_dags/example_branch_operator.py took 0.116 seconds
[2025-07-12T01:42:11.419+0000] {processor.py:161} INFO - Started process (PID=488) to work on /home/airflow/.local/lib/python3.8/site-packages/airflow/example_dags/example_branch_operator.py
[2025-07-12T01:42:11.421+0000] {processor.py:830} INFO - Processing file /home/airflow/.local/lib/python3.8/site-packages/airflow/example_dags/example_branch_operator.py for tasks to queue
[2025-07-12T01:42:11.424+0000] {logging_mixin.py:188} INFO - [2025-07-12T01:42:11.424+0000] {dagbag.py:538} INFO - Filling up the DagBag from /home/airflow/.local/lib/python3.8/site-packages/airflow/example_dags/example_branch_operator.py
[2025-07-12T01:42:11.443+0000] {processor.py:840} INFO - DAG(s) 'example_branch_operator' retrieved from /home/airflow/.local/lib/python3.8/site-packages/airflow/example_dags/example_branch_operator.py
[2025-07-12T01:42:11.471+0000] {logging_mixin.py:188} INFO - [2025-07-12T01:42:11.470+0000] {dag.py:3036} INFO - Sync 1 DAGs
[2025-07-12T01:42:11.493+0000] {logging_mixin.py:188} INFO - [2025-07-12T01:42:11.492+0000] {dag.py:3823} INFO - Setting next_dagrun for example_branch_operator to 2025-07-11 00:00:00+00:00, run_after=2025-07-12 00:00:00+00:00
[2025-07-12T01:42:11.517+0000] {processor.py:183} INFO - Processing /home/airflow/.local/lib/python3.8/site-packages/airflow/example_dags/example_branch_operator.py took 0.106 seconds
[2025-07-12T01:42:42.250+0000] {processor.py:161} INFO - Started process (PID=544) to work on /home/airflow/.local/lib/python3.8/site-packages/airflow/example_dags/example_branch_operator.py
[2025-07-12T01:42:42.252+0000] {processor.py:830} INFO - Processing file /home/airflow/.local/lib/python3.8/site-packages/airflow/example_dags/example_branch_operator.py for tasks to queue
[2025-07-12T01:42:42.255+0000] {logging_mixin.py:188} INFO - [2025-07-12T01:42:42.255+0000] {dagbag.py:538} INFO - Filling up the DagBag from /home/airflow/.local/lib/python3.8/site-packages/airflow/example_dags/example_branch_operator.py
[2025-07-12T01:42:42.279+0000] {processor.py:840} INFO - DAG(s) 'example_branch_operator' retrieved from /home/airflow/.local/lib/python3.8/site-packages/airflow/example_dags/example_branch_operator.py
[2025-07-12T01:42:42.315+0000] {logging_mixin.py:188} INFO - [2025-07-12T01:42:42.315+0000] {dag.py:3036} INFO - Sync 1 DAGs
[2025-07-12T01:42:42.342+0000] {logging_mixin.py:188} INFO - [2025-07-12T01:42:42.341+0000] {dag.py:3823} INFO - Setting next_dagrun for example_branch_operator to 2025-07-11 00:00:00+00:00, run_after=2025-07-12 00:00:00+00:00
[2025-07-12T01:42:42.370+0000] {processor.py:183} INFO - Processing /home/airflow/.local/lib/python3.8/site-packages/airflow/example_dags/example_branch_operator.py took 0.125 seconds
[2025-07-12T01:43:12.722+0000] {processor.py:161} INFO - Started process (PID=600) to work on /home/airflow/.local/lib/python3.8/site-packages/airflow/example_dags/example_branch_operator.py
[2025-07-12T01:43:12.723+0000] {processor.py:830} INFO - Processing file /home/airflow/.local/lib/python3.8/site-packages/airflow/example_dags/example_branch_operator.py for tasks to queue
[2025-07-12T01:43:12.726+0000] {logging_mixin.py:188} INFO - [2025-07-12T01:43:12.725+0000] {dagbag.py:538} INFO - Filling up the DagBag from /home/airflow/.local/lib/python3.8/site-packages/airflow/example_dags/example_branch_operator.py
[2025-07-12T01:43:12.746+0000] {processor.py:840} INFO - DAG(s) 'example_branch_operator' retrieved from /home/airflow/.local/lib/python3.8/site-packages/airflow/example_dags/example_branch_operator.py
[2025-07-12T01:43:12.778+0000] {logging_mixin.py:188} INFO - [2025-07-12T01:43:12.778+0000] {dag.py:3036} INFO - Sync 1 DAGs
[2025-07-12T01:43:12.806+0000] {logging_mixin.py:188} INFO - [2025-07-12T01:43:12.806+0000] {dag.py:3823} INFO - Setting next_dagrun for example_branch_operator to 2025-07-11 00:00:00+00:00, run_after=2025-07-12 00:00:00+00:00
[2025-07-12T01:43:12.843+0000] {processor.py:183} INFO - Processing /home/airflow/.local/lib/python3.8/site-packages/airflow/example_dags/example_branch_operator.py took 0.126 seconds
[2025-07-12T01:43:43.076+0000] {processor.py:161} INFO - Started process (PID=656) to work on /home/airflow/.local/lib/python3.8/site-packages/airflow/example_dags/example_branch_operator.py
[2025-07-12T01:43:43.078+0000] {processor.py:830} INFO - Processing file /home/airflow/.local/lib/python3.8/site-packages/airflow/example_dags/example_branch_operator.py for tasks to queue
[2025-07-12T01:43:43.081+0000] {logging_mixin.py:188} INFO - [2025-07-12T01:43:43.080+0000] {dagbag.py:538} INFO - Filling up the DagBag from /home/airflow/.local/lib/python3.8/site-packages/airflow/example_dags/example_branch_operator.py
[2025-07-12T01:43:43.105+0000] {processor.py:840} INFO - DAG(s) 'example_branch_operator' retrieved from /home/airflow/.local/lib/python3.8/site-packages/airflow/example_dags/example_branch_operator.py
[2025-07-12T01:43:43.148+0000] {logging_mixin.py:188} INFO - [2025-07-12T01:43:43.148+0000] {dag.py:3036} INFO - Sync 1 DAGs
[2025-07-12T01:43:43.177+0000] {logging_mixin.py:188} INFO - [2025-07-12T01:43:43.176+0000] {dag.py:3823} INFO - Setting next_dagrun for example_branch_operator to 2025-07-11 00:00:00+00:00, run_after=2025-07-12 00:00:00+00:00
[2025-07-12T01:43:43.213+0000] {processor.py:183} INFO - Processing /home/airflow/.local/lib/python3.8/site-packages/airflow/example_dags/example_branch_operator.py took 0.142 seconds
[2025-07-12T01:44:13.716+0000] {processor.py:161} INFO - Started process (PID=712) to work on /home/airflow/.local/lib/python3.8/site-packages/airflow/example_dags/example_branch_operator.py
[2025-07-12T01:44:13.718+0000] {processor.py:830} INFO - Processing file /home/airflow/.local/lib/python3.8/site-packages/airflow/example_dags/example_branch_operator.py for tasks to queue
[2025-07-12T01:44:13.721+0000] {logging_mixin.py:188} INFO - [2025-07-12T01:44:13.720+0000] {dagbag.py:538} INFO - Filling up the DagBag from /home/airflow/.local/lib/python3.8/site-packages/airflow/example_dags/example_branch_operator.py
[2025-07-12T01:44:13.746+0000] {processor.py:840} INFO - DAG(s) 'example_branch_operator' retrieved from /home/airflow/.local/lib/python3.8/site-packages/airflow/example_dags/example_branch_operator.py
[2025-07-12T01:44:13.784+0000] {logging_mixin.py:188} INFO - [2025-07-12T01:44:13.784+0000] {dag.py:3036} INFO - Sync 1 DAGs
[2025-07-12T01:44:13.816+0000] {logging_mixin.py:188} INFO - [2025-07-12T01:44:13.815+0000] {dag.py:3823} INFO - Setting next_dagrun for example_branch_operator to 2025-07-11 00:00:00+00:00, run_after=2025-07-12 00:00:00+00:00
[2025-07-12T01:44:13.845+0000] {processor.py:183} INFO - Processing /home/airflow/.local/lib/python3.8/site-packages/airflow/example_dags/example_branch_operator.py took 0.133 seconds
[2025-07-12T01:44:44.733+0000] {processor.py:161} INFO - Started process (PID=768) to work on /home/airflow/.local/lib/python3.8/site-packages/airflow/example_dags/example_branch_operator.py
[2025-07-12T01:44:44.735+0000] {processor.py:830} INFO - Processing file /home/airflow/.local/lib/python3.8/site-packages/airflow/example_dags/example_branch_operator.py for tasks to queue
[2025-07-12T01:44:44.738+0000] {logging_mixin.py:188} INFO - [2025-07-12T01:44:44.737+0000] {dagbag.py:538} INFO - Filling up the DagBag from /home/airflow/.local/lib/python3.8/site-packages/airflow/example_dags/example_branch_operator.py
[2025-07-12T01:44:44.759+0000] {processor.py:840} INFO - DAG(s) 'example_branch_operator' retrieved from /home/airflow/.local/lib/python3.8/site-packages/airflow/example_dags/example_branch_operator.py
[2025-07-12T01:44:44.797+0000] {logging_mixin.py:188} INFO - [2025-07-12T01:44:44.797+0000] {dag.py:3036} INFO - Sync 1 DAGs
[2025-07-12T01:44:44.831+0000] {logging_mixin.py:188} INFO - [2025-07-12T01:44:44.830+0000] {dag.py:3823} INFO - Setting next_dagrun for example_branch_operator to 2025-07-11 00:00:00+00:00, run_after=2025-07-12 00:00:00+00:00
[2025-07-12T01:44:44.865+0000] {processor.py:183} INFO - Processing /home/airflow/.local/lib/python3.8/site-packages/airflow/example_dags/example_branch_operator.py took 0.137 seconds
[2025-07-12T01:45:15.648+0000] {processor.py:161} INFO - Started process (PID=824) to work on /home/airflow/.local/lib/python3.8/site-packages/airflow/example_dags/example_branch_operator.py
[2025-07-12T01:45:15.650+0000] {processor.py:830} INFO - Processing file /home/airflow/.local/lib/python3.8/site-packages/airflow/example_dags/example_branch_operator.py for tasks to queue
[2025-07-12T01:45:15.653+0000] {logging_mixin.py:188} INFO - [2025-07-12T01:45:15.652+0000] {dagbag.py:538} INFO - Filling up the DagBag from /home/airflow/.local/lib/python3.8/site-packages/airflow/example_dags/example_branch_operator.py
[2025-07-12T01:45:15.674+0000] {processor.py:840} INFO - DAG(s) 'example_branch_operator' retrieved from /home/airflow/.local/lib/python3.8/site-packages/airflow/example_dags/example_branch_operator.py
[2025-07-12T01:45:15.711+0000] {logging_mixin.py:188} INFO - [2025-07-12T01:45:15.711+0000] {dag.py:3036} INFO - Sync 1 DAGs
[2025-07-12T01:45:15.737+0000] {logging_mixin.py:188} INFO - [2025-07-12T01:45:15.737+0000] {dag.py:3823} INFO - Setting next_dagrun for example_branch_operator to 2025-07-11 00:00:00+00:00, run_after=2025-07-12 00:00:00+00:00
[2025-07-12T01:45:15.771+0000] {processor.py:183} INFO - Processing /home/airflow/.local/lib/python3.8/site-packages/airflow/example_dags/example_branch_operator.py took 0.127 seconds
[2025-07-12T01:45:47.159+0000] {processor.py:161} INFO - Started process (PID=880) to work on /home/airflow/.local/lib/python3.8/site-packages/airflow/example_dags/example_branch_operator.py
[2025-07-12T01:45:47.161+0000] {processor.py:830} INFO - Processing file /home/airflow/.local/lib/python3.8/site-packages/airflow/example_dags/example_branch_operator.py for tasks to queue
[2025-07-12T01:45:47.164+0000] {logging_mixin.py:188} INFO - [2025-07-12T01:45:47.164+0000] {dagbag.py:538} INFO - Filling up the DagBag from /home/airflow/.local/lib/python3.8/site-packages/airflow/example_dags/example_branch_operator.py
[2025-07-12T01:45:47.185+0000] {processor.py:840} INFO - DAG(s) 'example_branch_operator' retrieved from /home/airflow/.local/lib/python3.8/site-packages/airflow/example_dags/example_branch_operator.py
[2025-07-12T01:45:47.218+0000] {logging_mixin.py:188} INFO - [2025-07-12T01:45:47.218+0000] {dag.py:3036} INFO - Sync 1 DAGs
[2025-07-12T01:45:47.249+0000] {logging_mixin.py:188} INFO - [2025-07-12T01:45:47.248+0000] {dag.py:3823} INFO - Setting next_dagrun for example_branch_operator to 2025-07-11 00:00:00+00:00, run_after=2025-07-12 00:00:00+00:00
[2025-07-12T01:45:47.279+0000] {processor.py:183} INFO - Processing /home/airflow/.local/lib/python3.8/site-packages/airflow/example_dags/example_branch_operator.py took 0.124 seconds
[2025-07-12T01:46:18.358+0000] {processor.py:161} INFO - Started process (PID=936) to work on /home/airflow/.local/lib/python3.8/site-packages/airflow/example_dags/example_branch_operator.py
[2025-07-12T01:46:18.360+0000] {processor.py:830} INFO - Processing file /home/airflow/.local/lib/python3.8/site-packages/airflow/example_dags/example_branch_operator.py for tasks to queue
[2025-07-12T01:46:18.364+0000] {logging_mixin.py:188} INFO - [2025-07-12T01:46:18.363+0000] {dagbag.py:538} INFO - Filling up the DagBag from /home/airflow/.local/lib/python3.8/site-packages/airflow/example_dags/example_branch_operator.py
[2025-07-12T01:46:18.385+0000] {processor.py:840} INFO - DAG(s) 'example_branch_operator' retrieved from /home/airflow/.local/lib/python3.8/site-packages/airflow/example_dags/example_branch_operator.py
[2025-07-12T01:46:18.421+0000] {logging_mixin.py:188} INFO - [2025-07-12T01:46:18.420+0000] {dag.py:3036} INFO - Sync 1 DAGs
[2025-07-12T01:46:18.448+0000] {logging_mixin.py:188} INFO - [2025-07-12T01:46:18.448+0000] {dag.py:3823} INFO - Setting next_dagrun for example_branch_operator to 2025-07-11 00:00:00+00:00, run_after=2025-07-12 00:00:00+00:00
[2025-07-12T01:46:18.479+0000] {processor.py:183} INFO - Processing /home/airflow/.local/lib/python3.8/site-packages/airflow/example_dags/example_branch_operator.py took 0.127 seconds
[2025-07-12T01:46:49.565+0000] {processor.py:161} INFO - Started process (PID=992) to work on /home/airflow/.local/lib/python3.8/site-packages/airflow/example_dags/example_branch_operator.py
[2025-07-12T01:46:49.568+0000] {processor.py:830} INFO - Processing file /home/airflow/.local/lib/python3.8/site-packages/airflow/example_dags/example_branch_operator.py for tasks to queue
[2025-07-12T01:46:49.572+0000] {logging_mixin.py:188} INFO - [2025-07-12T01:46:49.571+0000] {dagbag.py:538} INFO - Filling up the DagBag from /home/airflow/.local/lib/python3.8/site-packages/airflow/example_dags/example_branch_operator.py
[2025-07-12T01:46:49.600+0000] {processor.py:840} INFO - DAG(s) 'example_branch_operator' retrieved from /home/airflow/.local/lib/python3.8/site-packages/airflow/example_dags/example_branch_operator.py
[2025-07-12T01:46:49.645+0000] {logging_mixin.py:188} INFO - [2025-07-12T01:46:49.645+0000] {dag.py:3036} INFO - Sync 1 DAGs
[2025-07-12T01:46:49.681+0000] {logging_mixin.py:188} INFO - [2025-07-12T01:46:49.681+0000] {dag.py:3823} INFO - Setting next_dagrun for example_branch_operator to 2025-07-11 00:00:00+00:00, run_after=2025-07-12 00:00:00+00:00
[2025-07-12T01:46:49.713+0000] {processor.py:183} INFO - Processing /home/airflow/.local/lib/python3.8/site-packages/airflow/example_dags/example_branch_operator.py took 0.153 seconds
[2025-07-12T01:47:20.010+0000] {processor.py:161} INFO - Started process (PID=1047) to work on /home/airflow/.local/lib/python3.8/site-packages/airflow/example_dags/example_branch_operator.py
[2025-07-12T01:47:20.012+0000] {processor.py:830} INFO - Processing file /home/airflow/.local/lib/python3.8/site-packages/airflow/example_dags/example_branch_operator.py for tasks to queue
[2025-07-12T01:47:20.015+0000] {logging_mixin.py:188} INFO - [2025-07-12T01:47:20.015+0000] {dagbag.py:538} INFO - Filling up the DagBag from /home/airflow/.local/lib/python3.8/site-packages/airflow/example_dags/example_branch_operator.py
[2025-07-12T01:47:20.039+0000] {processor.py:840} INFO - DAG(s) 'example_branch_operator' retrieved from /home/airflow/.local/lib/python3.8/site-packages/airflow/example_dags/example_branch_operator.py
[2025-07-12T01:47:20.077+0000] {logging_mixin.py:188} INFO - [2025-07-12T01:47:20.077+0000] {dag.py:3036} INFO - Sync 1 DAGs
[2025-07-12T01:47:20.110+0000] {logging_mixin.py:188} INFO - [2025-07-12T01:47:20.110+0000] {dag.py:3823} INFO - Setting next_dagrun for example_branch_operator to 2025-07-11 00:00:00+00:00, run_after=2025-07-12 00:00:00+00:00
[2025-07-12T01:47:20.139+0000] {processor.py:183} INFO - Processing /home/airflow/.local/lib/python3.8/site-packages/airflow/example_dags/example_branch_operator.py took 0.134 seconds
[2025-07-12T01:47:50.327+0000] {processor.py:161} INFO - Started process (PID=1103) to work on /home/airflow/.local/lib/python3.8/site-packages/airflow/example_dags/example_branch_operator.py
[2025-07-12T01:47:50.329+0000] {processor.py:830} INFO - Processing file /home/airflow/.local/lib/python3.8/site-packages/airflow/example_dags/example_branch_operator.py for tasks to queue
[2025-07-12T01:47:50.334+0000] {logging_mixin.py:188} INFO - [2025-07-12T01:47:50.333+0000] {dagbag.py:538} INFO - Filling up the DagBag from /home/airflow/.local/lib/python3.8/site-packages/airflow/example_dags/example_branch_operator.py
[2025-07-12T01:47:50.356+0000] {processor.py:840} INFO - DAG(s) 'example_branch_operator' retrieved from /home/airflow/.local/lib/python3.8/site-packages/airflow/example_dags/example_branch_operator.py
[2025-07-12T01:47:50.389+0000] {logging_mixin.py:188} INFO - [2025-07-12T01:47:50.389+0000] {dag.py:3036} INFO - Sync 1 DAGs
[2025-07-12T01:47:50.415+0000] {logging_mixin.py:188} INFO - [2025-07-12T01:47:50.415+0000] {dag.py:3823} INFO - Setting next_dagrun for example_branch_operator to 2025-07-11 00:00:00+00:00, run_after=2025-07-12 00:00:00+00:00
[2025-07-12T01:47:50.443+0000] {processor.py:183} INFO - Processing /home/airflow/.local/lib/python3.8/site-packages/airflow/example_dags/example_branch_operator.py took 0.121 seconds
[2025-07-12T01:48:20.713+0000] {processor.py:161} INFO - Started process (PID=1159) to work on /home/airflow/.local/lib/python3.8/site-packages/airflow/example_dags/example_branch_operator.py
[2025-07-12T01:48:20.715+0000] {processor.py:830} INFO - Processing file /home/airflow/.local/lib/python3.8/site-packages/airflow/example_dags/example_branch_operator.py for tasks to queue
[2025-07-12T01:48:20.718+0000] {logging_mixin.py:188} INFO - [2025-07-12T01:48:20.717+0000] {dagbag.py:538} INFO - Filling up the DagBag from /home/airflow/.local/lib/python3.8/site-packages/airflow/example_dags/example_branch_operator.py
[2025-07-12T01:48:20.748+0000] {processor.py:840} INFO - DAG(s) 'example_branch_operator' retrieved from /home/airflow/.local/lib/python3.8/site-packages/airflow/example_dags/example_branch_operator.py
[2025-07-12T01:48:20.796+0000] {logging_mixin.py:188} INFO - [2025-07-12T01:48:20.795+0000] {dag.py:3036} INFO - Sync 1 DAGs
[2025-07-12T01:48:20.827+0000] {logging_mixin.py:188} INFO - [2025-07-12T01:48:20.826+0000] {dag.py:3823} INFO - Setting next_dagrun for example_branch_operator to 2025-07-11 00:00:00+00:00, run_after=2025-07-12 00:00:00+00:00
[2025-07-12T01:48:20.862+0000] {processor.py:183} INFO - Processing /home/airflow/.local/lib/python3.8/site-packages/airflow/example_dags/example_branch_operator.py took 0.154 seconds
[2025-07-12T01:48:51.504+0000] {processor.py:161} INFO - Started process (PID=1215) to work on /home/airflow/.local/lib/python3.8/site-packages/airflow/example_dags/example_branch_operator.py
[2025-07-12T01:48:51.506+0000] {processor.py:830} INFO - Processing file /home/airflow/.local/lib/python3.8/site-packages/airflow/example_dags/example_branch_operator.py for tasks to queue
[2025-07-12T01:48:51.509+0000] {logging_mixin.py:188} INFO - [2025-07-12T01:48:51.508+0000] {dagbag.py:538} INFO - Filling up the DagBag from /home/airflow/.local/lib/python3.8/site-packages/airflow/example_dags/example_branch_operator.py
[2025-07-12T01:48:51.531+0000] {processor.py:840} INFO - DAG(s) 'example_branch_operator' retrieved from /home/airflow/.local/lib/python3.8/site-packages/airflow/example_dags/example_branch_operator.py
[2025-07-12T01:48:51.569+0000] {logging_mixin.py:188} INFO - [2025-07-12T01:48:51.569+0000] {dag.py:3036} INFO - Sync 1 DAGs
[2025-07-12T01:48:51.600+0000] {logging_mixin.py:188} INFO - [2025-07-12T01:48:51.600+0000] {dag.py:3823} INFO - Setting next_dagrun for example_branch_operator to 2025-07-11 00:00:00+00:00, run_after=2025-07-12 00:00:00+00:00
[2025-07-12T01:48:51.631+0000] {processor.py:183} INFO - Processing /home/airflow/.local/lib/python3.8/site-packages/airflow/example_dags/example_branch_operator.py took 0.132 seconds
[2025-07-12T01:49:21.889+0000] {processor.py:161} INFO - Started process (PID=1271) to work on /home/airflow/.local/lib/python3.8/site-packages/airflow/example_dags/example_branch_operator.py
[2025-07-12T01:49:21.892+0000] {processor.py:830} INFO - Processing file /home/airflow/.local/lib/python3.8/site-packages/airflow/example_dags/example_branch_operator.py for tasks to queue
[2025-07-12T01:49:21.896+0000] {logging_mixin.py:188} INFO - [2025-07-12T01:49:21.895+0000] {dagbag.py:538} INFO - Filling up the DagBag from /home/airflow/.local/lib/python3.8/site-packages/airflow/example_dags/example_branch_operator.py
[2025-07-12T01:49:21.926+0000] {processor.py:840} INFO - DAG(s) 'example_branch_operator' retrieved from /home/airflow/.local/lib/python3.8/site-packages/airflow/example_dags/example_branch_operator.py
[2025-07-12T01:49:21.970+0000] {logging_mixin.py:188} INFO - [2025-07-12T01:49:21.969+0000] {dag.py:3036} INFO - Sync 1 DAGs
[2025-07-12T01:49:21.996+0000] {logging_mixin.py:188} INFO - [2025-07-12T01:49:21.996+0000] {dag.py:3823} INFO - Setting next_dagrun for example_branch_operator to 2025-07-11 00:00:00+00:00, run_after=2025-07-12 00:00:00+00:00
[2025-07-12T01:49:22.025+0000] {processor.py:183} INFO - Processing /home/airflow/.local/lib/python3.8/site-packages/airflow/example_dags/example_branch_operator.py took 0.142 seconds
[2025-07-12T01:49:52.130+0000] {processor.py:161} INFO - Started process (PID=1327) to work on /home/airflow/.local/lib/python3.8/site-packages/airflow/example_dags/example_branch_operator.py
[2025-07-12T01:49:52.133+0000] {processor.py:830} INFO - Processing file /home/airflow/.local/lib/python3.8/site-packages/airflow/example_dags/example_branch_operator.py for tasks to queue
[2025-07-12T01:49:52.138+0000] {logging_mixin.py:188} INFO - [2025-07-12T01:49:52.137+0000] {dagbag.py:538} INFO - Filling up the DagBag from /home/airflow/.local/lib/python3.8/site-packages/airflow/example_dags/example_branch_operator.py
[2025-07-12T01:49:52.165+0000] {processor.py:840} INFO - DAG(s) 'example_branch_operator' retrieved from /home/airflow/.local/lib/python3.8/site-packages/airflow/example_dags/example_branch_operator.py
[2025-07-12T01:49:52.203+0000] {logging_mixin.py:188} INFO - [2025-07-12T01:49:52.203+0000] {dag.py:3036} INFO - Sync 1 DAGs
[2025-07-12T01:49:52.237+0000] {logging_mixin.py:188} INFO - [2025-07-12T01:49:52.237+0000] {dag.py:3823} INFO - Setting next_dagrun for example_branch_operator to 2025-07-11 00:00:00+00:00, run_after=2025-07-12 00:00:00+00:00
[2025-07-12T01:49:52.269+0000] {processor.py:183} INFO - Processing /home/airflow/.local/lib/python3.8/site-packages/airflow/example_dags/example_branch_operator.py took 0.147 seconds
[2025-07-12T01:50:22.585+0000] {processor.py:161} INFO - Started process (PID=1383) to work on /home/airflow/.local/lib/python3.8/site-packages/airflow/example_dags/example_branch_operator.py
[2025-07-12T01:50:22.587+0000] {processor.py:830} INFO - Processing file /home/airflow/.local/lib/python3.8/site-packages/airflow/example_dags/example_branch_operator.py for tasks to queue
[2025-07-12T01:50:22.589+0000] {logging_mixin.py:188} INFO - [2025-07-12T01:50:22.589+0000] {dagbag.py:538} INFO - Filling up the DagBag from /home/airflow/.local/lib/python3.8/site-packages/airflow/example_dags/example_branch_operator.py
[2025-07-12T01:50:22.613+0000] {processor.py:840} INFO - DAG(s) 'example_branch_operator' retrieved from /home/airflow/.local/lib/python3.8/site-packages/airflow/example_dags/example_branch_operator.py
[2025-07-12T01:50:22.652+0000] {logging_mixin.py:188} INFO - [2025-07-12T01:50:22.651+0000] {dag.py:3036} INFO - Sync 1 DAGs
[2025-07-12T01:50:22.680+0000] {logging_mixin.py:188} INFO - [2025-07-12T01:50:22.680+0000] {dag.py:3823} INFO - Setting next_dagrun for example_branch_operator to 2025-07-11 00:00:00+00:00, run_after=2025-07-12 00:00:00+00:00
[2025-07-12T01:50:22.708+0000] {processor.py:183} INFO - Processing /home/airflow/.local/lib/python3.8/site-packages/airflow/example_dags/example_branch_operator.py took 0.127 seconds
[2025-07-12T01:50:53.122+0000] {processor.py:161} INFO - Started process (PID=1439) to work on /home/airflow/.local/lib/python3.8/site-packages/airflow/example_dags/example_branch_operator.py
[2025-07-12T01:50:53.124+0000] {processor.py:830} INFO - Processing file /home/airflow/.local/lib/python3.8/site-packages/airflow/example_dags/example_branch_operator.py for tasks to queue
[2025-07-12T01:50:53.127+0000] {logging_mixin.py:188} INFO - [2025-07-12T01:50:53.127+0000] {dagbag.py:538} INFO - Filling up the DagBag from /home/airflow/.local/lib/python3.8/site-packages/airflow/example_dags/example_branch_operator.py
[2025-07-12T01:50:53.158+0000] {processor.py:840} INFO - DAG(s) 'example_branch_operator' retrieved from /home/airflow/.local/lib/python3.8/site-packages/airflow/example_dags/example_branch_operator.py
[2025-07-12T01:50:53.193+0000] {logging_mixin.py:188} INFO - [2025-07-12T01:50:53.192+0000] {dag.py:3036} INFO - Sync 1 DAGs
[2025-07-12T01:50:53.222+0000] {logging_mixin.py:188} INFO - [2025-07-12T01:50:53.221+0000] {dag.py:3823} INFO - Setting next_dagrun for example_branch_operator to 2025-07-11 00:00:00+00:00, run_after=2025-07-12 00:00:00+00:00
[2025-07-12T01:50:53.252+0000] {processor.py:183} INFO - Processing /home/airflow/.local/lib/python3.8/site-packages/airflow/example_dags/example_branch_operator.py took 0.135 seconds
[2025-07-12T01:51:23.343+0000] {processor.py:161} INFO - Started process (PID=1495) to work on /home/airflow/.local/lib/python3.8/site-packages/airflow/example_dags/example_branch_operator.py
[2025-07-12T01:51:23.346+0000] {processor.py:830} INFO - Processing file /home/airflow/.local/lib/python3.8/site-packages/airflow/example_dags/example_branch_operator.py for tasks to queue
[2025-07-12T01:51:23.350+0000] {logging_mixin.py:188} INFO - [2025-07-12T01:51:23.349+0000] {dagbag.py:538} INFO - Filling up the DagBag from /home/airflow/.local/lib/python3.8/site-packages/airflow/example_dags/example_branch_operator.py
[2025-07-12T01:51:23.379+0000] {processor.py:840} INFO - DAG(s) 'example_branch_operator' retrieved from /home/airflow/.local/lib/python3.8/site-packages/airflow/example_dags/example_branch_operator.py
[2025-07-12T01:51:23.417+0000] {logging_mixin.py:188} INFO - [2025-07-12T01:51:23.417+0000] {dag.py:3036} INFO - Sync 1 DAGs
[2025-07-12T01:51:23.445+0000] {logging_mixin.py:188} INFO - [2025-07-12T01:51:23.445+0000] {dag.py:3823} INFO - Setting next_dagrun for example_branch_operator to 2025-07-11 00:00:00+00:00, run_after=2025-07-12 00:00:00+00:00
[2025-07-12T01:51:23.473+0000] {processor.py:183} INFO - Processing /home/airflow/.local/lib/python3.8/site-packages/airflow/example_dags/example_branch_operator.py took 0.137 seconds
[2025-07-12T01:51:54.391+0000] {processor.py:161} INFO - Started process (PID=1551) to work on /home/airflow/.local/lib/python3.8/site-packages/airflow/example_dags/example_branch_operator.py
[2025-07-12T01:51:54.393+0000] {processor.py:830} INFO - Processing file /home/airflow/.local/lib/python3.8/site-packages/airflow/example_dags/example_branch_operator.py for tasks to queue
[2025-07-12T01:51:54.397+0000] {logging_mixin.py:188} INFO - [2025-07-12T01:51:54.397+0000] {dagbag.py:538} INFO - Filling up the DagBag from /home/airflow/.local/lib/python3.8/site-packages/airflow/example_dags/example_branch_operator.py
[2025-07-12T01:51:54.422+0000] {processor.py:840} INFO - DAG(s) 'example_branch_operator' retrieved from /home/airflow/.local/lib/python3.8/site-packages/airflow/example_dags/example_branch_operator.py
[2025-07-12T01:51:54.460+0000] {logging_mixin.py:188} INFO - [2025-07-12T01:51:54.460+0000] {dag.py:3036} INFO - Sync 1 DAGs
[2025-07-12T01:51:54.491+0000] {logging_mixin.py:188} INFO - [2025-07-12T01:51:54.491+0000] {dag.py:3823} INFO - Setting next_dagrun for example_branch_operator to 2025-07-11 00:00:00+00:00, run_after=2025-07-12 00:00:00+00:00
[2025-07-12T01:51:54.521+0000] {processor.py:183} INFO - Processing /home/airflow/.local/lib/python3.8/site-packages/airflow/example_dags/example_branch_operator.py took 0.137 seconds
[2025-07-12T01:52:24.809+0000] {processor.py:161} INFO - Started process (PID=1607) to work on /home/airflow/.local/lib/python3.8/site-packages/airflow/example_dags/example_branch_operator.py
[2025-07-12T01:52:24.811+0000] {processor.py:830} INFO - Processing file /home/airflow/.local/lib/python3.8/site-packages/airflow/example_dags/example_branch_operator.py for tasks to queue
[2025-07-12T01:52:24.815+0000] {logging_mixin.py:188} INFO - [2025-07-12T01:52:24.814+0000] {dagbag.py:538} INFO - Filling up the DagBag from /home/airflow/.local/lib/python3.8/site-packages/airflow/example_dags/example_branch_operator.py
[2025-07-12T01:52:24.840+0000] {processor.py:840} INFO - DAG(s) 'example_branch_operator' retrieved from /home/airflow/.local/lib/python3.8/site-packages/airflow/example_dags/example_branch_operator.py
[2025-07-12T01:52:24.878+0000] {logging_mixin.py:188} INFO - [2025-07-12T01:52:24.878+0000] {dag.py:3036} INFO - Sync 1 DAGs
[2025-07-12T01:52:24.908+0000] {logging_mixin.py:188} INFO - [2025-07-12T01:52:24.908+0000] {dag.py:3823} INFO - Setting next_dagrun for example_branch_operator to 2025-07-11 00:00:00+00:00, run_after=2025-07-12 00:00:00+00:00
[2025-07-12T01:52:24.938+0000] {processor.py:183} INFO - Processing /home/airflow/.local/lib/python3.8/site-packages/airflow/example_dags/example_branch_operator.py took 0.135 seconds
[2025-07-12T01:52:55.385+0000] {processor.py:161} INFO - Started process (PID=1663) to work on /home/airflow/.local/lib/python3.8/site-packages/airflow/example_dags/example_branch_operator.py
[2025-07-12T01:52:55.387+0000] {processor.py:830} INFO - Processing file /home/airflow/.local/lib/python3.8/site-packages/airflow/example_dags/example_branch_operator.py for tasks to queue
[2025-07-12T01:52:55.391+0000] {logging_mixin.py:188} INFO - [2025-07-12T01:52:55.390+0000] {dagbag.py:538} INFO - Filling up the DagBag from /home/airflow/.local/lib/python3.8/site-packages/airflow/example_dags/example_branch_operator.py
[2025-07-12T01:52:55.415+0000] {processor.py:840} INFO - DAG(s) 'example_branch_operator' retrieved from /home/airflow/.local/lib/python3.8/site-packages/airflow/example_dags/example_branch_operator.py
[2025-07-12T01:52:55.451+0000] {logging_mixin.py:188} INFO - [2025-07-12T01:52:55.451+0000] {dag.py:3036} INFO - Sync 1 DAGs
[2025-07-12T01:52:55.481+0000] {logging_mixin.py:188} INFO - [2025-07-12T01:52:55.480+0000] {dag.py:3823} INFO - Setting next_dagrun for example_branch_operator to 2025-07-11 00:00:00+00:00, run_after=2025-07-12 00:00:00+00:00
[2025-07-12T01:52:55.514+0000] {processor.py:183} INFO - Processing /home/airflow/.local/lib/python3.8/site-packages/airflow/example_dags/example_branch_operator.py took 0.136 seconds
[2025-07-12T01:54:18.545+0000] {processor.py:161} INFO - Started process (PID=96) to work on /home/airflow/.local/lib/python3.8/site-packages/airflow/example_dags/example_branch_operator.py
[2025-07-12T01:54:18.547+0000] {processor.py:830} INFO - Processing file /home/airflow/.local/lib/python3.8/site-packages/airflow/example_dags/example_branch_operator.py for tasks to queue
[2025-07-12T01:54:18.550+0000] {logging_mixin.py:188} INFO - [2025-07-12T01:54:18.550+0000] {dagbag.py:538} INFO - Filling up the DagBag from /home/airflow/.local/lib/python3.8/site-packages/airflow/example_dags/example_branch_operator.py
[2025-07-12T01:54:18.581+0000] {processor.py:840} INFO - DAG(s) 'example_branch_operator' retrieved from /home/airflow/.local/lib/python3.8/site-packages/airflow/example_dags/example_branch_operator.py
[2025-07-12T01:54:18.753+0000] {logging_mixin.py:188} INFO - [2025-07-12T01:54:18.752+0000] {override.py:1769} INFO - Created Permission View: can read on DAG:example_branch_operator
[2025-07-12T01:54:18.771+0000] {logging_mixin.py:188} INFO - [2025-07-12T01:54:18.771+0000] {override.py:1769} INFO - Created Permission View: can delete on DAG:example_branch_operator
[2025-07-12T01:54:18.788+0000] {logging_mixin.py:188} INFO - [2025-07-12T01:54:18.788+0000] {override.py:1769} INFO - Created Permission View: can edit on DAG:example_branch_operator
[2025-07-12T01:54:18.790+0000] {logging_mixin.py:188} INFO - [2025-07-12T01:54:18.789+0000] {dag.py:3036} INFO - Sync 1 DAGs
[2025-07-12T01:54:18.804+0000] {logging_mixin.py:188} INFO - [2025-07-12T01:54:18.804+0000] {dag.py:3058} INFO - Creating ORM DAG for example_branch_operator
[2025-07-12T01:54:18.822+0000] {logging_mixin.py:188} INFO - [2025-07-12T01:54:18.822+0000] {dag.py:3823} INFO - Setting next_dagrun for example_branch_operator to 2025-07-11 00:00:00+00:00, run_after=2025-07-12 00:00:00+00:00
[2025-07-12T01:54:18.851+0000] {processor.py:183} INFO - Processing /home/airflow/.local/lib/python3.8/site-packages/airflow/example_dags/example_branch_operator.py took 0.312 seconds
[2025-07-12T01:54:49.539+0000] {processor.py:161} INFO - Started process (PID=153) to work on /home/airflow/.local/lib/python3.8/site-packages/airflow/example_dags/example_branch_operator.py
[2025-07-12T01:54:49.540+0000] {processor.py:830} INFO - Processing file /home/airflow/.local/lib/python3.8/site-packages/airflow/example_dags/example_branch_operator.py for tasks to queue
[2025-07-12T01:54:49.543+0000] {logging_mixin.py:188} INFO - [2025-07-12T01:54:49.543+0000] {dagbag.py:538} INFO - Filling up the DagBag from /home/airflow/.local/lib/python3.8/site-packages/airflow/example_dags/example_branch_operator.py
[2025-07-12T01:54:49.572+0000] {processor.py:840} INFO - DAG(s) 'example_branch_operator' retrieved from /home/airflow/.local/lib/python3.8/site-packages/airflow/example_dags/example_branch_operator.py
[2025-07-12T01:54:49.617+0000] {logging_mixin.py:188} INFO - [2025-07-12T01:54:49.616+0000] {dag.py:3036} INFO - Sync 1 DAGs
[2025-07-12T01:54:49.643+0000] {logging_mixin.py:188} INFO - [2025-07-12T01:54:49.642+0000] {dag.py:3823} INFO - Setting next_dagrun for example_branch_operator to 2025-07-11 00:00:00+00:00, run_after=2025-07-12 00:00:00+00:00
[2025-07-12T01:54:49.670+0000] {processor.py:183} INFO - Processing /home/airflow/.local/lib/python3.8/site-packages/airflow/example_dags/example_branch_operator.py took 0.138 seconds
[2025-07-12T01:55:20.207+0000] {processor.py:161} INFO - Started process (PID=210) to work on /home/airflow/.local/lib/python3.8/site-packages/airflow/example_dags/example_branch_operator.py
[2025-07-12T01:55:20.208+0000] {processor.py:830} INFO - Processing file /home/airflow/.local/lib/python3.8/site-packages/airflow/example_dags/example_branch_operator.py for tasks to queue
[2025-07-12T01:55:20.211+0000] {logging_mixin.py:188} INFO - [2025-07-12T01:55:20.211+0000] {dagbag.py:538} INFO - Filling up the DagBag from /home/airflow/.local/lib/python3.8/site-packages/airflow/example_dags/example_branch_operator.py
[2025-07-12T01:55:20.234+0000] {processor.py:840} INFO - DAG(s) 'example_branch_operator' retrieved from /home/airflow/.local/lib/python3.8/site-packages/airflow/example_dags/example_branch_operator.py
[2025-07-12T01:55:20.275+0000] {logging_mixin.py:188} INFO - [2025-07-12T01:55:20.274+0000] {dag.py:3036} INFO - Sync 1 DAGs
[2025-07-12T01:55:20.312+0000] {logging_mixin.py:188} INFO - [2025-07-12T01:55:20.312+0000] {dag.py:3823} INFO - Setting next_dagrun for example_branch_operator to 2025-07-11 00:00:00+00:00, run_after=2025-07-12 00:00:00+00:00
[2025-07-12T01:55:20.351+0000] {processor.py:183} INFO - Processing /home/airflow/.local/lib/python3.8/site-packages/airflow/example_dags/example_branch_operator.py took 0.148 seconds
[2025-07-12T01:55:51.068+0000] {processor.py:161} INFO - Started process (PID=272) to work on /home/airflow/.local/lib/python3.8/site-packages/airflow/example_dags/example_branch_operator.py
[2025-07-12T01:55:51.070+0000] {processor.py:830} INFO - Processing file /home/airflow/.local/lib/python3.8/site-packages/airflow/example_dags/example_branch_operator.py for tasks to queue
[2025-07-12T01:55:51.073+0000] {logging_mixin.py:188} INFO - [2025-07-12T01:55:51.072+0000] {dagbag.py:538} INFO - Filling up the DagBag from /home/airflow/.local/lib/python3.8/site-packages/airflow/example_dags/example_branch_operator.py
[2025-07-12T01:55:51.096+0000] {processor.py:840} INFO - DAG(s) 'example_branch_operator' retrieved from /home/airflow/.local/lib/python3.8/site-packages/airflow/example_dags/example_branch_operator.py
[2025-07-12T01:55:51.139+0000] {logging_mixin.py:188} INFO - [2025-07-12T01:55:51.139+0000] {dag.py:3036} INFO - Sync 1 DAGs
[2025-07-12T01:55:51.174+0000] {logging_mixin.py:188} INFO - [2025-07-12T01:55:51.174+0000] {dag.py:3823} INFO - Setting next_dagrun for example_branch_operator to 2025-07-11 00:00:00+00:00, run_after=2025-07-12 00:00:00+00:00
[2025-07-12T01:55:51.205+0000] {processor.py:183} INFO - Processing /home/airflow/.local/lib/python3.8/site-packages/airflow/example_dags/example_branch_operator.py took 0.142 seconds
[2025-07-12T01:56:21.698+0000] {processor.py:161} INFO - Started process (PID=329) to work on /home/airflow/.local/lib/python3.8/site-packages/airflow/example_dags/example_branch_operator.py
[2025-07-12T01:56:21.700+0000] {processor.py:830} INFO - Processing file /home/airflow/.local/lib/python3.8/site-packages/airflow/example_dags/example_branch_operator.py for tasks to queue
[2025-07-12T01:56:21.702+0000] {logging_mixin.py:188} INFO - [2025-07-12T01:56:21.702+0000] {dagbag.py:538} INFO - Filling up the DagBag from /home/airflow/.local/lib/python3.8/site-packages/airflow/example_dags/example_branch_operator.py
[2025-07-12T01:56:21.727+0000] {processor.py:840} INFO - DAG(s) 'example_branch_operator' retrieved from /home/airflow/.local/lib/python3.8/site-packages/airflow/example_dags/example_branch_operator.py
[2025-07-12T01:56:21.761+0000] {logging_mixin.py:188} INFO - [2025-07-12T01:56:21.761+0000] {dag.py:3036} INFO - Sync 1 DAGs
[2025-07-12T01:56:21.797+0000] {logging_mixin.py:188} INFO - [2025-07-12T01:56:21.796+0000] {dag.py:3823} INFO - Setting next_dagrun for example_branch_operator to 2025-07-11 00:00:00+00:00, run_after=2025-07-12 00:00:00+00:00
[2025-07-12T01:56:21.828+0000] {processor.py:183} INFO - Processing /home/airflow/.local/lib/python3.8/site-packages/airflow/example_dags/example_branch_operator.py took 0.136 seconds
[2025-07-12T01:56:51.986+0000] {processor.py:161} INFO - Started process (PID=390) to work on /home/airflow/.local/lib/python3.8/site-packages/airflow/example_dags/example_branch_operator.py
[2025-07-12T01:56:51.988+0000] {processor.py:830} INFO - Processing file /home/airflow/.local/lib/python3.8/site-packages/airflow/example_dags/example_branch_operator.py for tasks to queue
[2025-07-12T01:56:51.991+0000] {logging_mixin.py:188} INFO - [2025-07-12T01:56:51.990+0000] {dagbag.py:538} INFO - Filling up the DagBag from /home/airflow/.local/lib/python3.8/site-packages/airflow/example_dags/example_branch_operator.py
[2025-07-12T01:56:52.017+0000] {processor.py:840} INFO - DAG(s) 'example_branch_operator' retrieved from /home/airflow/.local/lib/python3.8/site-packages/airflow/example_dags/example_branch_operator.py
[2025-07-12T01:56:52.059+0000] {logging_mixin.py:188} INFO - [2025-07-12T01:56:52.059+0000] {dag.py:3036} INFO - Sync 1 DAGs
[2025-07-12T01:56:52.093+0000] {logging_mixin.py:188} INFO - [2025-07-12T01:56:52.093+0000] {dag.py:3823} INFO - Setting next_dagrun for example_branch_operator to 2025-07-11 00:00:00+00:00, run_after=2025-07-12 00:00:00+00:00
[2025-07-12T01:56:52.130+0000] {processor.py:183} INFO - Processing /home/airflow/.local/lib/python3.8/site-packages/airflow/example_dags/example_branch_operator.py took 0.150 seconds
