[2025-07-12T01:35:12.857+0000] {processor.py:161} INFO - Started process (PID=74) to work on /home/airflow/.local/lib/python3.8/site-packages/airflow/example_dags/tutorial_objectstorage.py
[2025-07-12T01:35:12.859+0000] {processor.py:830} INFO - Processing file /home/airflow/.local/lib/python3.8/site-packages/airflow/example_dags/tutorial_objectstorage.py for tasks to queue
[2025-07-12T01:35:12.861+0000] {logging_mixin.py:188} INFO - [2025-07-12T01:35:12.861+0000] {dagbag.py:538} INFO - Filling up the DagBag from /home/airflow/.local/lib/python3.8/site-packages/airflow/example_dags/tutorial_objectstorage.py
[2025-07-12T01:35:12.871+0000] {processor.py:840} INFO - DAG(s) 'tutorial_objectstorage' retrieved from /home/airflow/.local/lib/python3.8/site-packages/airflow/example_dags/tutorial_objectstorage.py
[2025-07-12T01:35:12.902+0000] {logging_mixin.py:188} INFO - [2025-07-12T01:35:12.901+0000] {dag.py:3036} INFO - Sync 1 DAGs
[2025-07-12T01:35:12.915+0000] {logging_mixin.py:188} INFO - [2025-07-12T01:35:12.914+0000] {dag.py:3823} INFO - Setting next_dagrun for tutorial_objectstorage to None, run_after=None
[2025-07-12T01:35:12.937+0000] {processor.py:183} INFO - Processing /home/airflow/.local/lib/python3.8/site-packages/airflow/example_dags/tutorial_objectstorage.py took 0.083 seconds
[2025-07-12T01:35:44.273+0000] {processor.py:161} INFO - Started process (PID=130) to work on /home/airflow/.local/lib/python3.8/site-packages/airflow/example_dags/tutorial_objectstorage.py
[2025-07-12T01:35:44.276+0000] {processor.py:830} INFO - Processing file /home/airflow/.local/lib/python3.8/site-packages/airflow/example_dags/tutorial_objectstorage.py for tasks to queue
[2025-07-12T01:35:44.281+0000] {logging_mixin.py:188} INFO - [2025-07-12T01:35:44.281+0000] {dagbag.py:538} INFO - Filling up the DagBag from /home/airflow/.local/lib/python3.8/site-packages/airflow/example_dags/tutorial_objectstorage.py
[2025-07-12T01:35:44.301+0000] {processor.py:840} INFO - DAG(s) 'tutorial_objectstorage' retrieved from /home/airflow/.local/lib/python3.8/site-packages/airflow/example_dags/tutorial_objectstorage.py
[2025-07-12T01:35:44.361+0000] {logging_mixin.py:188} INFO - [2025-07-12T01:35:44.361+0000] {dag.py:3036} INFO - Sync 1 DAGs
[2025-07-12T01:35:44.390+0000] {logging_mixin.py:188} INFO - [2025-07-12T01:35:44.390+0000] {dag.py:3823} INFO - Setting next_dagrun for tutorial_objectstorage to None, run_after=None
[2025-07-12T01:35:44.435+0000] {processor.py:183} INFO - Processing /home/airflow/.local/lib/python3.8/site-packages/airflow/example_dags/tutorial_objectstorage.py took 0.168 seconds
[2025-07-12T01:36:14.883+0000] {processor.py:161} INFO - Started process (PID=186) to work on /home/airflow/.local/lib/python3.8/site-packages/airflow/example_dags/tutorial_objectstorage.py
[2025-07-12T01:36:14.885+0000] {processor.py:830} INFO - Processing file /home/airflow/.local/lib/python3.8/site-packages/airflow/example_dags/tutorial_objectstorage.py for tasks to queue
[2025-07-12T01:36:14.887+0000] {logging_mixin.py:188} INFO - [2025-07-12T01:36:14.887+0000] {dagbag.py:538} INFO - Filling up the DagBag from /home/airflow/.local/lib/python3.8/site-packages/airflow/example_dags/tutorial_objectstorage.py
[2025-07-12T01:36:14.894+0000] {processor.py:840} INFO - DAG(s) 'tutorial_objectstorage' retrieved from /home/airflow/.local/lib/python3.8/site-packages/airflow/example_dags/tutorial_objectstorage.py
[2025-07-12T01:36:14.908+0000] {logging_mixin.py:188} INFO - [2025-07-12T01:36:14.908+0000] {dag.py:3036} INFO - Sync 1 DAGs
[2025-07-12T01:36:14.921+0000] {logging_mixin.py:188} INFO - [2025-07-12T01:36:14.921+0000] {dag.py:3823} INFO - Setting next_dagrun for tutorial_objectstorage to None, run_after=None
[2025-07-12T01:36:14.946+0000] {processor.py:183} INFO - Processing /home/airflow/.local/lib/python3.8/site-packages/airflow/example_dags/tutorial_objectstorage.py took 0.066 seconds
[2025-07-12T01:36:45.594+0000] {processor.py:161} INFO - Started process (PID=242) to work on /home/airflow/.local/lib/python3.8/site-packages/airflow/example_dags/tutorial_objectstorage.py
[2025-07-12T01:36:45.596+0000] {processor.py:830} INFO - Processing file /home/airflow/.local/lib/python3.8/site-packages/airflow/example_dags/tutorial_objectstorage.py for tasks to queue
[2025-07-12T01:36:45.598+0000] {logging_mixin.py:188} INFO - [2025-07-12T01:36:45.598+0000] {dagbag.py:538} INFO - Filling up the DagBag from /home/airflow/.local/lib/python3.8/site-packages/airflow/example_dags/tutorial_objectstorage.py
[2025-07-12T01:36:45.606+0000] {processor.py:840} INFO - DAG(s) 'tutorial_objectstorage' retrieved from /home/airflow/.local/lib/python3.8/site-packages/airflow/example_dags/tutorial_objectstorage.py
[2025-07-12T01:36:45.716+0000] {logging_mixin.py:188} INFO - [2025-07-12T01:36:45.715+0000] {dag.py:3036} INFO - Sync 1 DAGs
[2025-07-12T01:36:45.727+0000] {logging_mixin.py:188} INFO - [2025-07-12T01:36:45.727+0000] {dag.py:3823} INFO - Setting next_dagrun for tutorial_objectstorage to None, run_after=None
[2025-07-12T01:36:45.756+0000] {processor.py:183} INFO - Processing /home/airflow/.local/lib/python3.8/site-packages/airflow/example_dags/tutorial_objectstorage.py took 0.166 seconds
[2025-07-12T01:37:15.899+0000] {processor.py:161} INFO - Started process (PID=297) to work on /home/airflow/.local/lib/python3.8/site-packages/airflow/example_dags/tutorial_objectstorage.py
[2025-07-12T01:37:15.901+0000] {processor.py:830} INFO - Processing file /home/airflow/.local/lib/python3.8/site-packages/airflow/example_dags/tutorial_objectstorage.py for tasks to queue
[2025-07-12T01:37:15.905+0000] {logging_mixin.py:188} INFO - [2025-07-12T01:37:15.904+0000] {dagbag.py:538} INFO - Filling up the DagBag from /home/airflow/.local/lib/python3.8/site-packages/airflow/example_dags/tutorial_objectstorage.py
[2025-07-12T01:37:15.917+0000] {processor.py:840} INFO - DAG(s) 'tutorial_objectstorage' retrieved from /home/airflow/.local/lib/python3.8/site-packages/airflow/example_dags/tutorial_objectstorage.py
[2025-07-12T01:37:15.979+0000] {logging_mixin.py:188} INFO - [2025-07-12T01:37:15.979+0000] {dag.py:3036} INFO - Sync 1 DAGs
[2025-07-12T01:37:15.995+0000] {logging_mixin.py:188} INFO - [2025-07-12T01:37:15.994+0000] {dag.py:3823} INFO - Setting next_dagrun for tutorial_objectstorage to None, run_after=None
[2025-07-12T01:37:16.025+0000] {processor.py:183} INFO - Processing /home/airflow/.local/lib/python3.8/site-packages/airflow/example_dags/tutorial_objectstorage.py took 0.130 seconds
[2025-07-12T01:38:32.263+0000] {processor.py:161} INFO - Started process (PID=74) to work on /home/airflow/.local/lib/python3.8/site-packages/airflow/example_dags/tutorial_objectstorage.py
[2025-07-12T01:38:32.265+0000] {processor.py:830} INFO - Processing file /home/airflow/.local/lib/python3.8/site-packages/airflow/example_dags/tutorial_objectstorage.py for tasks to queue
[2025-07-12T01:38:32.270+0000] {logging_mixin.py:188} INFO - [2025-07-12T01:38:32.269+0000] {dagbag.py:538} INFO - Filling up the DagBag from /home/airflow/.local/lib/python3.8/site-packages/airflow/example_dags/tutorial_objectstorage.py
[2025-07-12T01:38:32.285+0000] {processor.py:840} INFO - DAG(s) 'tutorial_objectstorage' retrieved from /home/airflow/.local/lib/python3.8/site-packages/airflow/example_dags/tutorial_objectstorage.py
[2025-07-12T01:38:32.408+0000] {logging_mixin.py:188} INFO - [2025-07-12T01:38:32.407+0000] {override.py:1769} INFO - Created Permission View: can edit on DAG:tutorial_objectstorage
[2025-07-12T01:38:32.423+0000] {logging_mixin.py:188} INFO - [2025-07-12T01:38:32.422+0000] {override.py:1769} INFO - Created Permission View: can delete on DAG:tutorial_objectstorage
[2025-07-12T01:38:32.434+0000] {logging_mixin.py:188} INFO - [2025-07-12T01:38:32.433+0000] {override.py:1769} INFO - Created Permission View: can read on DAG:tutorial_objectstorage
[2025-07-12T01:38:32.435+0000] {logging_mixin.py:188} INFO - [2025-07-12T01:38:32.435+0000] {dag.py:3036} INFO - Sync 1 DAGs
[2025-07-12T01:38:32.445+0000] {logging_mixin.py:188} INFO - [2025-07-12T01:38:32.445+0000] {dag.py:3058} INFO - Creating ORM DAG for tutorial_objectstorage
[2025-07-12T01:38:32.446+0000] {logging_mixin.py:188} INFO - [2025-07-12T01:38:32.446+0000] {dag.py:3823} INFO - Setting next_dagrun for tutorial_objectstorage to None, run_after=None
[2025-07-12T01:38:32.470+0000] {processor.py:183} INFO - Processing /home/airflow/.local/lib/python3.8/site-packages/airflow/example_dags/tutorial_objectstorage.py took 0.211 seconds
[2025-07-12T01:39:02.806+0000] {processor.py:161} INFO - Started process (PID=130) to work on /home/airflow/.local/lib/python3.8/site-packages/airflow/example_dags/tutorial_objectstorage.py
[2025-07-12T01:39:02.808+0000] {processor.py:830} INFO - Processing file /home/airflow/.local/lib/python3.8/site-packages/airflow/example_dags/tutorial_objectstorage.py for tasks to queue
[2025-07-12T01:39:02.812+0000] {logging_mixin.py:188} INFO - [2025-07-12T01:39:02.811+0000] {dagbag.py:538} INFO - Filling up the DagBag from /home/airflow/.local/lib/python3.8/site-packages/airflow/example_dags/tutorial_objectstorage.py
[2025-07-12T01:39:02.822+0000] {processor.py:840} INFO - DAG(s) 'tutorial_objectstorage' retrieved from /home/airflow/.local/lib/python3.8/site-packages/airflow/example_dags/tutorial_objectstorage.py
[2025-07-12T01:39:02.855+0000] {logging_mixin.py:188} INFO - [2025-07-12T01:39:02.854+0000] {dag.py:3036} INFO - Sync 1 DAGs
[2025-07-12T01:39:02.870+0000] {logging_mixin.py:188} INFO - [2025-07-12T01:39:02.869+0000] {dag.py:3823} INFO - Setting next_dagrun for tutorial_objectstorage to None, run_after=None
[2025-07-12T01:39:02.904+0000] {processor.py:183} INFO - Processing /home/airflow/.local/lib/python3.8/site-packages/airflow/example_dags/tutorial_objectstorage.py took 0.102 seconds
[2025-07-12T01:39:33.895+0000] {processor.py:161} INFO - Started process (PID=186) to work on /home/airflow/.local/lib/python3.8/site-packages/airflow/example_dags/tutorial_objectstorage.py
[2025-07-12T01:39:33.896+0000] {processor.py:830} INFO - Processing file /home/airflow/.local/lib/python3.8/site-packages/airflow/example_dags/tutorial_objectstorage.py for tasks to queue
[2025-07-12T01:39:33.899+0000] {logging_mixin.py:188} INFO - [2025-07-12T01:39:33.899+0000] {dagbag.py:538} INFO - Filling up the DagBag from /home/airflow/.local/lib/python3.8/site-packages/airflow/example_dags/tutorial_objectstorage.py
[2025-07-12T01:39:33.908+0000] {processor.py:840} INFO - DAG(s) 'tutorial_objectstorage' retrieved from /home/airflow/.local/lib/python3.8/site-packages/airflow/example_dags/tutorial_objectstorage.py
[2025-07-12T01:39:33.929+0000] {logging_mixin.py:188} INFO - [2025-07-12T01:39:33.928+0000] {dag.py:3036} INFO - Sync 1 DAGs
[2025-07-12T01:39:33.941+0000] {logging_mixin.py:188} INFO - [2025-07-12T01:39:33.941+0000] {dag.py:3823} INFO - Setting next_dagrun for tutorial_objectstorage to None, run_after=None
[2025-07-12T01:39:33.966+0000] {processor.py:183} INFO - Processing /home/airflow/.local/lib/python3.8/site-packages/airflow/example_dags/tutorial_objectstorage.py took 0.074 seconds
[2025-07-12T01:40:04.684+0000] {processor.py:161} INFO - Started process (PID=243) to work on /home/airflow/.local/lib/python3.8/site-packages/airflow/example_dags/tutorial_objectstorage.py
[2025-07-12T01:40:04.686+0000] {processor.py:830} INFO - Processing file /home/airflow/.local/lib/python3.8/site-packages/airflow/example_dags/tutorial_objectstorage.py for tasks to queue
[2025-07-12T01:40:04.688+0000] {logging_mixin.py:188} INFO - [2025-07-12T01:40:04.688+0000] {dagbag.py:538} INFO - Filling up the DagBag from /home/airflow/.local/lib/python3.8/site-packages/airflow/example_dags/tutorial_objectstorage.py
[2025-07-12T01:40:04.696+0000] {processor.py:840} INFO - DAG(s) 'tutorial_objectstorage' retrieved from /home/airflow/.local/lib/python3.8/site-packages/airflow/example_dags/tutorial_objectstorage.py
[2025-07-12T01:40:04.720+0000] {logging_mixin.py:188} INFO - [2025-07-12T01:40:04.719+0000] {dag.py:3036} INFO - Sync 1 DAGs
[2025-07-12T01:40:04.734+0000] {logging_mixin.py:188} INFO - [2025-07-12T01:40:04.734+0000] {dag.py:3823} INFO - Setting next_dagrun for tutorial_objectstorage to None, run_after=None
[2025-07-12T01:40:04.765+0000] {processor.py:183} INFO - Processing /home/airflow/.local/lib/python3.8/site-packages/airflow/example_dags/tutorial_objectstorage.py took 0.085 seconds
[2025-07-12T01:40:34.942+0000] {processor.py:161} INFO - Started process (PID=299) to work on /home/airflow/.local/lib/python3.8/site-packages/airflow/example_dags/tutorial_objectstorage.py
[2025-07-12T01:40:34.944+0000] {processor.py:830} INFO - Processing file /home/airflow/.local/lib/python3.8/site-packages/airflow/example_dags/tutorial_objectstorage.py for tasks to queue
[2025-07-12T01:40:34.948+0000] {logging_mixin.py:188} INFO - [2025-07-12T01:40:34.947+0000] {dagbag.py:538} INFO - Filling up the DagBag from /home/airflow/.local/lib/python3.8/site-packages/airflow/example_dags/tutorial_objectstorage.py
[2025-07-12T01:40:34.958+0000] {processor.py:840} INFO - DAG(s) 'tutorial_objectstorage' retrieved from /home/airflow/.local/lib/python3.8/site-packages/airflow/example_dags/tutorial_objectstorage.py
[2025-07-12T01:40:34.977+0000] {logging_mixin.py:188} INFO - [2025-07-12T01:40:34.977+0000] {dag.py:3036} INFO - Sync 1 DAGs
[2025-07-12T01:40:34.989+0000] {logging_mixin.py:188} INFO - [2025-07-12T01:40:34.988+0000] {dag.py:3823} INFO - Setting next_dagrun for tutorial_objectstorage to None, run_after=None
[2025-07-12T01:40:35.014+0000] {processor.py:183} INFO - Processing /home/airflow/.local/lib/python3.8/site-packages/airflow/example_dags/tutorial_objectstorage.py took 0.078 seconds
[2025-07-12T01:41:05.097+0000] {processor.py:161} INFO - Started process (PID=354) to work on /home/airflow/.local/lib/python3.8/site-packages/airflow/example_dags/tutorial_objectstorage.py
[2025-07-12T01:41:05.100+0000] {processor.py:830} INFO - Processing file /home/airflow/.local/lib/python3.8/site-packages/airflow/example_dags/tutorial_objectstorage.py for tasks to queue
[2025-07-12T01:41:05.104+0000] {logging_mixin.py:188} INFO - [2025-07-12T01:41:05.104+0000] {dagbag.py:538} INFO - Filling up the DagBag from /home/airflow/.local/lib/python3.8/site-packages/airflow/example_dags/tutorial_objectstorage.py
[2025-07-12T01:41:05.115+0000] {processor.py:840} INFO - DAG(s) 'tutorial_objectstorage' retrieved from /home/airflow/.local/lib/python3.8/site-packages/airflow/example_dags/tutorial_objectstorage.py
[2025-07-12T01:41:05.139+0000] {logging_mixin.py:188} INFO - [2025-07-12T01:41:05.139+0000] {dag.py:3036} INFO - Sync 1 DAGs
[2025-07-12T01:41:05.151+0000] {logging_mixin.py:188} INFO - [2025-07-12T01:41:05.150+0000] {dag.py:3823} INFO - Setting next_dagrun for tutorial_objectstorage to None, run_after=None
[2025-07-12T01:41:05.179+0000] {processor.py:183} INFO - Processing /home/airflow/.local/lib/python3.8/site-packages/airflow/example_dags/tutorial_objectstorage.py took 0.090 seconds
[2025-07-12T01:41:35.541+0000] {processor.py:161} INFO - Started process (PID=410) to work on /home/airflow/.local/lib/python3.8/site-packages/airflow/example_dags/tutorial_objectstorage.py
[2025-07-12T01:41:35.543+0000] {processor.py:830} INFO - Processing file /home/airflow/.local/lib/python3.8/site-packages/airflow/example_dags/tutorial_objectstorage.py for tasks to queue
[2025-07-12T01:41:35.547+0000] {logging_mixin.py:188} INFO - [2025-07-12T01:41:35.546+0000] {dagbag.py:538} INFO - Filling up the DagBag from /home/airflow/.local/lib/python3.8/site-packages/airflow/example_dags/tutorial_objectstorage.py
[2025-07-12T01:41:35.556+0000] {processor.py:840} INFO - DAG(s) 'tutorial_objectstorage' retrieved from /home/airflow/.local/lib/python3.8/site-packages/airflow/example_dags/tutorial_objectstorage.py
[2025-07-12T01:41:35.580+0000] {logging_mixin.py:188} INFO - [2025-07-12T01:41:35.580+0000] {dag.py:3036} INFO - Sync 1 DAGs
[2025-07-12T01:41:35.592+0000] {logging_mixin.py:188} INFO - [2025-07-12T01:41:35.591+0000] {dag.py:3823} INFO - Setting next_dagrun for tutorial_objectstorage to None, run_after=None
[2025-07-12T01:41:35.617+0000] {processor.py:183} INFO - Processing /home/airflow/.local/lib/python3.8/site-packages/airflow/example_dags/tutorial_objectstorage.py took 0.082 seconds
[2025-07-12T01:42:06.012+0000] {processor.py:161} INFO - Started process (PID=466) to work on /home/airflow/.local/lib/python3.8/site-packages/airflow/example_dags/tutorial_objectstorage.py
[2025-07-12T01:42:06.013+0000] {processor.py:830} INFO - Processing file /home/airflow/.local/lib/python3.8/site-packages/airflow/example_dags/tutorial_objectstorage.py for tasks to queue
[2025-07-12T01:42:06.016+0000] {logging_mixin.py:188} INFO - [2025-07-12T01:42:06.016+0000] {dagbag.py:538} INFO - Filling up the DagBag from /home/airflow/.local/lib/python3.8/site-packages/airflow/example_dags/tutorial_objectstorage.py
[2025-07-12T01:42:06.023+0000] {processor.py:840} INFO - DAG(s) 'tutorial_objectstorage' retrieved from /home/airflow/.local/lib/python3.8/site-packages/airflow/example_dags/tutorial_objectstorage.py
[2025-07-12T01:42:06.046+0000] {logging_mixin.py:188} INFO - [2025-07-12T01:42:06.046+0000] {dag.py:3036} INFO - Sync 1 DAGs
[2025-07-12T01:42:06.059+0000] {logging_mixin.py:188} INFO - [2025-07-12T01:42:06.058+0000] {dag.py:3823} INFO - Setting next_dagrun for tutorial_objectstorage to None, run_after=None
[2025-07-12T01:42:06.083+0000] {processor.py:183} INFO - Processing /home/airflow/.local/lib/python3.8/site-packages/airflow/example_dags/tutorial_objectstorage.py took 0.074 seconds
[2025-07-12T01:42:36.433+0000] {processor.py:161} INFO - Started process (PID=522) to work on /home/airflow/.local/lib/python3.8/site-packages/airflow/example_dags/tutorial_objectstorage.py
[2025-07-12T01:42:36.435+0000] {processor.py:830} INFO - Processing file /home/airflow/.local/lib/python3.8/site-packages/airflow/example_dags/tutorial_objectstorage.py for tasks to queue
[2025-07-12T01:42:36.437+0000] {logging_mixin.py:188} INFO - [2025-07-12T01:42:36.437+0000] {dagbag.py:538} INFO - Filling up the DagBag from /home/airflow/.local/lib/python3.8/site-packages/airflow/example_dags/tutorial_objectstorage.py
[2025-07-12T01:42:36.446+0000] {processor.py:840} INFO - DAG(s) 'tutorial_objectstorage' retrieved from /home/airflow/.local/lib/python3.8/site-packages/airflow/example_dags/tutorial_objectstorage.py
[2025-07-12T01:42:36.471+0000] {logging_mixin.py:188} INFO - [2025-07-12T01:42:36.470+0000] {dag.py:3036} INFO - Sync 1 DAGs
[2025-07-12T01:42:36.485+0000] {logging_mixin.py:188} INFO - [2025-07-12T01:42:36.485+0000] {dag.py:3823} INFO - Setting next_dagrun for tutorial_objectstorage to None, run_after=None
[2025-07-12T01:42:36.509+0000] {processor.py:183} INFO - Processing /home/airflow/.local/lib/python3.8/site-packages/airflow/example_dags/tutorial_objectstorage.py took 0.080 seconds
[2025-07-12T01:43:06.735+0000] {processor.py:161} INFO - Started process (PID=577) to work on /home/airflow/.local/lib/python3.8/site-packages/airflow/example_dags/tutorial_objectstorage.py
[2025-07-12T01:43:06.738+0000] {processor.py:830} INFO - Processing file /home/airflow/.local/lib/python3.8/site-packages/airflow/example_dags/tutorial_objectstorage.py for tasks to queue
[2025-07-12T01:43:06.742+0000] {logging_mixin.py:188} INFO - [2025-07-12T01:43:06.742+0000] {dagbag.py:538} INFO - Filling up the DagBag from /home/airflow/.local/lib/python3.8/site-packages/airflow/example_dags/tutorial_objectstorage.py
[2025-07-12T01:43:06.754+0000] {processor.py:840} INFO - DAG(s) 'tutorial_objectstorage' retrieved from /home/airflow/.local/lib/python3.8/site-packages/airflow/example_dags/tutorial_objectstorage.py
[2025-07-12T01:43:06.782+0000] {logging_mixin.py:188} INFO - [2025-07-12T01:43:06.782+0000] {dag.py:3036} INFO - Sync 1 DAGs
[2025-07-12T01:43:06.797+0000] {logging_mixin.py:188} INFO - [2025-07-12T01:43:06.797+0000] {dag.py:3823} INFO - Setting next_dagrun for tutorial_objectstorage to None, run_after=None
[2025-07-12T01:43:06.826+0000] {processor.py:183} INFO - Processing /home/airflow/.local/lib/python3.8/site-packages/airflow/example_dags/tutorial_objectstorage.py took 0.096 seconds
[2025-07-12T01:43:37.863+0000] {processor.py:161} INFO - Started process (PID=634) to work on /home/airflow/.local/lib/python3.8/site-packages/airflow/example_dags/tutorial_objectstorage.py
[2025-07-12T01:43:37.865+0000] {processor.py:830} INFO - Processing file /home/airflow/.local/lib/python3.8/site-packages/airflow/example_dags/tutorial_objectstorage.py for tasks to queue
[2025-07-12T01:43:37.869+0000] {logging_mixin.py:188} INFO - [2025-07-12T01:43:37.868+0000] {dagbag.py:538} INFO - Filling up the DagBag from /home/airflow/.local/lib/python3.8/site-packages/airflow/example_dags/tutorial_objectstorage.py
[2025-07-12T01:43:37.880+0000] {processor.py:840} INFO - DAG(s) 'tutorial_objectstorage' retrieved from /home/airflow/.local/lib/python3.8/site-packages/airflow/example_dags/tutorial_objectstorage.py
[2025-07-12T01:43:37.911+0000] {logging_mixin.py:188} INFO - [2025-07-12T01:43:37.911+0000] {dag.py:3036} INFO - Sync 1 DAGs
[2025-07-12T01:43:37.929+0000] {logging_mixin.py:188} INFO - [2025-07-12T01:43:37.929+0000] {dag.py:3823} INFO - Setting next_dagrun for tutorial_objectstorage to None, run_after=None
[2025-07-12T01:43:37.961+0000] {processor.py:183} INFO - Processing /home/airflow/.local/lib/python3.8/site-packages/airflow/example_dags/tutorial_objectstorage.py took 0.102 seconds
[2025-07-12T01:44:08.278+0000] {processor.py:161} INFO - Started process (PID=690) to work on /home/airflow/.local/lib/python3.8/site-packages/airflow/example_dags/tutorial_objectstorage.py
[2025-07-12T01:44:08.280+0000] {processor.py:830} INFO - Processing file /home/airflow/.local/lib/python3.8/site-packages/airflow/example_dags/tutorial_objectstorage.py for tasks to queue
[2025-07-12T01:44:08.283+0000] {logging_mixin.py:188} INFO - [2025-07-12T01:44:08.283+0000] {dagbag.py:538} INFO - Filling up the DagBag from /home/airflow/.local/lib/python3.8/site-packages/airflow/example_dags/tutorial_objectstorage.py
[2025-07-12T01:44:08.318+0000] {processor.py:840} INFO - DAG(s) 'tutorial_objectstorage' retrieved from /home/airflow/.local/lib/python3.8/site-packages/airflow/example_dags/tutorial_objectstorage.py
[2025-07-12T01:44:08.358+0000] {logging_mixin.py:188} INFO - [2025-07-12T01:44:08.357+0000] {dag.py:3036} INFO - Sync 1 DAGs
[2025-07-12T01:44:08.374+0000] {logging_mixin.py:188} INFO - [2025-07-12T01:44:08.374+0000] {dag.py:3823} INFO - Setting next_dagrun for tutorial_objectstorage to None, run_after=None
[2025-07-12T01:44:08.406+0000] {processor.py:183} INFO - Processing /home/airflow/.local/lib/python3.8/site-packages/airflow/example_dags/tutorial_objectstorage.py took 0.133 seconds
[2025-07-12T01:44:38.854+0000] {processor.py:161} INFO - Started process (PID=746) to work on /home/airflow/.local/lib/python3.8/site-packages/airflow/example_dags/tutorial_objectstorage.py
[2025-07-12T01:44:38.855+0000] {processor.py:830} INFO - Processing file /home/airflow/.local/lib/python3.8/site-packages/airflow/example_dags/tutorial_objectstorage.py for tasks to queue
[2025-07-12T01:44:38.859+0000] {logging_mixin.py:188} INFO - [2025-07-12T01:44:38.858+0000] {dagbag.py:538} INFO - Filling up the DagBag from /home/airflow/.local/lib/python3.8/site-packages/airflow/example_dags/tutorial_objectstorage.py
[2025-07-12T01:44:38.874+0000] {processor.py:840} INFO - DAG(s) 'tutorial_objectstorage' retrieved from /home/airflow/.local/lib/python3.8/site-packages/airflow/example_dags/tutorial_objectstorage.py
[2025-07-12T01:44:38.902+0000] {logging_mixin.py:188} INFO - [2025-07-12T01:44:38.902+0000] {dag.py:3036} INFO - Sync 1 DAGs
[2025-07-12T01:44:38.918+0000] {logging_mixin.py:188} INFO - [2025-07-12T01:44:38.917+0000] {dag.py:3823} INFO - Setting next_dagrun for tutorial_objectstorage to None, run_after=None
[2025-07-12T01:44:38.946+0000] {processor.py:183} INFO - Processing /home/airflow/.local/lib/python3.8/site-packages/airflow/example_dags/tutorial_objectstorage.py took 0.098 seconds
[2025-07-12T01:45:09.863+0000] {processor.py:161} INFO - Started process (PID=802) to work on /home/airflow/.local/lib/python3.8/site-packages/airflow/example_dags/tutorial_objectstorage.py
[2025-07-12T01:45:09.865+0000] {processor.py:830} INFO - Processing file /home/airflow/.local/lib/python3.8/site-packages/airflow/example_dags/tutorial_objectstorage.py for tasks to queue
[2025-07-12T01:45:09.868+0000] {logging_mixin.py:188} INFO - [2025-07-12T01:45:09.868+0000] {dagbag.py:538} INFO - Filling up the DagBag from /home/airflow/.local/lib/python3.8/site-packages/airflow/example_dags/tutorial_objectstorage.py
[2025-07-12T01:45:09.878+0000] {processor.py:840} INFO - DAG(s) 'tutorial_objectstorage' retrieved from /home/airflow/.local/lib/python3.8/site-packages/airflow/example_dags/tutorial_objectstorage.py
[2025-07-12T01:45:09.907+0000] {logging_mixin.py:188} INFO - [2025-07-12T01:45:09.906+0000] {dag.py:3036} INFO - Sync 1 DAGs
[2025-07-12T01:45:09.923+0000] {logging_mixin.py:188} INFO - [2025-07-12T01:45:09.922+0000] {dag.py:3823} INFO - Setting next_dagrun for tutorial_objectstorage to None, run_after=None
[2025-07-12T01:45:09.953+0000] {processor.py:183} INFO - Processing /home/airflow/.local/lib/python3.8/site-packages/airflow/example_dags/tutorial_objectstorage.py took 0.096 seconds
[2025-07-12T01:45:40.350+0000] {processor.py:161} INFO - Started process (PID=858) to work on /home/airflow/.local/lib/python3.8/site-packages/airflow/example_dags/tutorial_objectstorage.py
[2025-07-12T01:45:40.352+0000] {processor.py:830} INFO - Processing file /home/airflow/.local/lib/python3.8/site-packages/airflow/example_dags/tutorial_objectstorage.py for tasks to queue
[2025-07-12T01:45:40.355+0000] {logging_mixin.py:188} INFO - [2025-07-12T01:45:40.355+0000] {dagbag.py:538} INFO - Filling up the DagBag from /home/airflow/.local/lib/python3.8/site-packages/airflow/example_dags/tutorial_objectstorage.py
[2025-07-12T01:45:40.364+0000] {processor.py:840} INFO - DAG(s) 'tutorial_objectstorage' retrieved from /home/airflow/.local/lib/python3.8/site-packages/airflow/example_dags/tutorial_objectstorage.py
[2025-07-12T01:45:40.391+0000] {logging_mixin.py:188} INFO - [2025-07-12T01:45:40.391+0000] {dag.py:3036} INFO - Sync 1 DAGs
[2025-07-12T01:45:40.406+0000] {logging_mixin.py:188} INFO - [2025-07-12T01:45:40.406+0000] {dag.py:3823} INFO - Setting next_dagrun for tutorial_objectstorage to None, run_after=None
[2025-07-12T01:45:40.434+0000] {processor.py:183} INFO - Processing /home/airflow/.local/lib/python3.8/site-packages/airflow/example_dags/tutorial_objectstorage.py took 0.088 seconds
[2025-07-12T01:46:11.332+0000] {processor.py:161} INFO - Started process (PID=914) to work on /home/airflow/.local/lib/python3.8/site-packages/airflow/example_dags/tutorial_objectstorage.py
[2025-07-12T01:46:11.334+0000] {processor.py:830} INFO - Processing file /home/airflow/.local/lib/python3.8/site-packages/airflow/example_dags/tutorial_objectstorage.py for tasks to queue
[2025-07-12T01:46:11.337+0000] {logging_mixin.py:188} INFO - [2025-07-12T01:46:11.336+0000] {dagbag.py:538} INFO - Filling up the DagBag from /home/airflow/.local/lib/python3.8/site-packages/airflow/example_dags/tutorial_objectstorage.py
[2025-07-12T01:46:11.345+0000] {processor.py:840} INFO - DAG(s) 'tutorial_objectstorage' retrieved from /home/airflow/.local/lib/python3.8/site-packages/airflow/example_dags/tutorial_objectstorage.py
[2025-07-12T01:46:11.370+0000] {logging_mixin.py:188} INFO - [2025-07-12T01:46:11.370+0000] {dag.py:3036} INFO - Sync 1 DAGs
[2025-07-12T01:46:11.385+0000] {logging_mixin.py:188} INFO - [2025-07-12T01:46:11.384+0000] {dag.py:3823} INFO - Setting next_dagrun for tutorial_objectstorage to None, run_after=None
[2025-07-12T01:46:11.409+0000] {processor.py:183} INFO - Processing /home/airflow/.local/lib/python3.8/site-packages/airflow/example_dags/tutorial_objectstorage.py took 0.081 seconds
[2025-07-12T01:46:42.311+0000] {processor.py:161} INFO - Started process (PID=970) to work on /home/airflow/.local/lib/python3.8/site-packages/airflow/example_dags/tutorial_objectstorage.py
[2025-07-12T01:46:42.313+0000] {processor.py:830} INFO - Processing file /home/airflow/.local/lib/python3.8/site-packages/airflow/example_dags/tutorial_objectstorage.py for tasks to queue
[2025-07-12T01:46:42.316+0000] {logging_mixin.py:188} INFO - [2025-07-12T01:46:42.316+0000] {dagbag.py:538} INFO - Filling up the DagBag from /home/airflow/.local/lib/python3.8/site-packages/airflow/example_dags/tutorial_objectstorage.py
[2025-07-12T01:46:42.328+0000] {processor.py:840} INFO - DAG(s) 'tutorial_objectstorage' retrieved from /home/airflow/.local/lib/python3.8/site-packages/airflow/example_dags/tutorial_objectstorage.py
[2025-07-12T01:46:42.360+0000] {logging_mixin.py:188} INFO - [2025-07-12T01:46:42.360+0000] {dag.py:3036} INFO - Sync 1 DAGs
[2025-07-12T01:46:42.377+0000] {logging_mixin.py:188} INFO - [2025-07-12T01:46:42.377+0000] {dag.py:3823} INFO - Setting next_dagrun for tutorial_objectstorage to None, run_after=None
[2025-07-12T01:46:42.407+0000] {processor.py:183} INFO - Processing /home/airflow/.local/lib/python3.8/site-packages/airflow/example_dags/tutorial_objectstorage.py took 0.103 seconds
[2025-07-12T01:47:12.986+0000] {processor.py:161} INFO - Started process (PID=1026) to work on /home/airflow/.local/lib/python3.8/site-packages/airflow/example_dags/tutorial_objectstorage.py
[2025-07-12T01:47:12.988+0000] {processor.py:830} INFO - Processing file /home/airflow/.local/lib/python3.8/site-packages/airflow/example_dags/tutorial_objectstorage.py for tasks to queue
[2025-07-12T01:47:12.991+0000] {logging_mixin.py:188} INFO - [2025-07-12T01:47:12.991+0000] {dagbag.py:538} INFO - Filling up the DagBag from /home/airflow/.local/lib/python3.8/site-packages/airflow/example_dags/tutorial_objectstorage.py
[2025-07-12T01:47:13.001+0000] {processor.py:840} INFO - DAG(s) 'tutorial_objectstorage' retrieved from /home/airflow/.local/lib/python3.8/site-packages/airflow/example_dags/tutorial_objectstorage.py
[2025-07-12T01:47:13.034+0000] {logging_mixin.py:188} INFO - [2025-07-12T01:47:13.033+0000] {dag.py:3036} INFO - Sync 1 DAGs
[2025-07-12T01:47:13.050+0000] {logging_mixin.py:188} INFO - [2025-07-12T01:47:13.049+0000] {dag.py:3823} INFO - Setting next_dagrun for tutorial_objectstorage to None, run_after=None
[2025-07-12T01:47:13.080+0000] {processor.py:183} INFO - Processing /home/airflow/.local/lib/python3.8/site-packages/airflow/example_dags/tutorial_objectstorage.py took 0.098 seconds
[2025-07-12T01:47:43.344+0000] {processor.py:161} INFO - Started process (PID=1082) to work on /home/airflow/.local/lib/python3.8/site-packages/airflow/example_dags/tutorial_objectstorage.py
[2025-07-12T01:47:43.346+0000] {processor.py:830} INFO - Processing file /home/airflow/.local/lib/python3.8/site-packages/airflow/example_dags/tutorial_objectstorage.py for tasks to queue
[2025-07-12T01:47:43.351+0000] {logging_mixin.py:188} INFO - [2025-07-12T01:47:43.350+0000] {dagbag.py:538} INFO - Filling up the DagBag from /home/airflow/.local/lib/python3.8/site-packages/airflow/example_dags/tutorial_objectstorage.py
[2025-07-12T01:47:43.362+0000] {processor.py:840} INFO - DAG(s) 'tutorial_objectstorage' retrieved from /home/airflow/.local/lib/python3.8/site-packages/airflow/example_dags/tutorial_objectstorage.py
[2025-07-12T01:47:43.394+0000] {logging_mixin.py:188} INFO - [2025-07-12T01:47:43.394+0000] {dag.py:3036} INFO - Sync 1 DAGs
[2025-07-12T01:47:43.411+0000] {logging_mixin.py:188} INFO - [2025-07-12T01:47:43.411+0000] {dag.py:3823} INFO - Setting next_dagrun for tutorial_objectstorage to None, run_after=None
[2025-07-12T01:47:43.442+0000] {processor.py:183} INFO - Processing /home/airflow/.local/lib/python3.8/site-packages/airflow/example_dags/tutorial_objectstorage.py took 0.103 seconds
[2025-07-12T01:48:13.876+0000] {processor.py:161} INFO - Started process (PID=1138) to work on /home/airflow/.local/lib/python3.8/site-packages/airflow/example_dags/tutorial_objectstorage.py
[2025-07-12T01:48:13.878+0000] {processor.py:830} INFO - Processing file /home/airflow/.local/lib/python3.8/site-packages/airflow/example_dags/tutorial_objectstorage.py for tasks to queue
[2025-07-12T01:48:13.882+0000] {logging_mixin.py:188} INFO - [2025-07-12T01:48:13.882+0000] {dagbag.py:538} INFO - Filling up the DagBag from /home/airflow/.local/lib/python3.8/site-packages/airflow/example_dags/tutorial_objectstorage.py
[2025-07-12T01:48:13.894+0000] {processor.py:840} INFO - DAG(s) 'tutorial_objectstorage' retrieved from /home/airflow/.local/lib/python3.8/site-packages/airflow/example_dags/tutorial_objectstorage.py
[2025-07-12T01:48:13.924+0000] {logging_mixin.py:188} INFO - [2025-07-12T01:48:13.924+0000] {dag.py:3036} INFO - Sync 1 DAGs
[2025-07-12T01:48:13.941+0000] {logging_mixin.py:188} INFO - [2025-07-12T01:48:13.941+0000] {dag.py:3823} INFO - Setting next_dagrun for tutorial_objectstorage to None, run_after=None
[2025-07-12T01:48:13.978+0000] {processor.py:183} INFO - Processing /home/airflow/.local/lib/python3.8/site-packages/airflow/example_dags/tutorial_objectstorage.py took 0.106 seconds
[2025-07-12T01:48:44.215+0000] {processor.py:161} INFO - Started process (PID=1194) to work on /home/airflow/.local/lib/python3.8/site-packages/airflow/example_dags/tutorial_objectstorage.py
[2025-07-12T01:48:44.217+0000] {processor.py:830} INFO - Processing file /home/airflow/.local/lib/python3.8/site-packages/airflow/example_dags/tutorial_objectstorage.py for tasks to queue
[2025-07-12T01:48:44.220+0000] {logging_mixin.py:188} INFO - [2025-07-12T01:48:44.220+0000] {dagbag.py:538} INFO - Filling up the DagBag from /home/airflow/.local/lib/python3.8/site-packages/airflow/example_dags/tutorial_objectstorage.py
[2025-07-12T01:48:44.237+0000] {processor.py:840} INFO - DAG(s) 'tutorial_objectstorage' retrieved from /home/airflow/.local/lib/python3.8/site-packages/airflow/example_dags/tutorial_objectstorage.py
[2025-07-12T01:48:44.269+0000] {logging_mixin.py:188} INFO - [2025-07-12T01:48:44.269+0000] {dag.py:3036} INFO - Sync 1 DAGs
[2025-07-12T01:48:44.285+0000] {logging_mixin.py:188} INFO - [2025-07-12T01:48:44.284+0000] {dag.py:3823} INFO - Setting next_dagrun for tutorial_objectstorage to None, run_after=None
[2025-07-12T01:48:44.317+0000] {processor.py:183} INFO - Processing /home/airflow/.local/lib/python3.8/site-packages/airflow/example_dags/tutorial_objectstorage.py took 0.106 seconds
[2025-07-12T01:49:15.012+0000] {processor.py:161} INFO - Started process (PID=1250) to work on /home/airflow/.local/lib/python3.8/site-packages/airflow/example_dags/tutorial_objectstorage.py
[2025-07-12T01:49:15.013+0000] {processor.py:830} INFO - Processing file /home/airflow/.local/lib/python3.8/site-packages/airflow/example_dags/tutorial_objectstorage.py for tasks to queue
[2025-07-12T01:49:15.016+0000] {logging_mixin.py:188} INFO - [2025-07-12T01:49:15.016+0000] {dagbag.py:538} INFO - Filling up the DagBag from /home/airflow/.local/lib/python3.8/site-packages/airflow/example_dags/tutorial_objectstorage.py
[2025-07-12T01:49:15.026+0000] {processor.py:840} INFO - DAG(s) 'tutorial_objectstorage' retrieved from /home/airflow/.local/lib/python3.8/site-packages/airflow/example_dags/tutorial_objectstorage.py
[2025-07-12T01:49:15.056+0000] {logging_mixin.py:188} INFO - [2025-07-12T01:49:15.056+0000] {dag.py:3036} INFO - Sync 1 DAGs
[2025-07-12T01:49:15.074+0000] {logging_mixin.py:188} INFO - [2025-07-12T01:49:15.074+0000] {dag.py:3823} INFO - Setting next_dagrun for tutorial_objectstorage to None, run_after=None
[2025-07-12T01:49:15.103+0000] {processor.py:183} INFO - Processing /home/airflow/.local/lib/python3.8/site-packages/airflow/example_dags/tutorial_objectstorage.py took 0.096 seconds
[2025-07-12T01:49:45.315+0000] {processor.py:161} INFO - Started process (PID=1306) to work on /home/airflow/.local/lib/python3.8/site-packages/airflow/example_dags/tutorial_objectstorage.py
[2025-07-12T01:49:45.317+0000] {processor.py:830} INFO - Processing file /home/airflow/.local/lib/python3.8/site-packages/airflow/example_dags/tutorial_objectstorage.py for tasks to queue
[2025-07-12T01:49:45.322+0000] {logging_mixin.py:188} INFO - [2025-07-12T01:49:45.321+0000] {dagbag.py:538} INFO - Filling up the DagBag from /home/airflow/.local/lib/python3.8/site-packages/airflow/example_dags/tutorial_objectstorage.py
[2025-07-12T01:49:45.336+0000] {processor.py:840} INFO - DAG(s) 'tutorial_objectstorage' retrieved from /home/airflow/.local/lib/python3.8/site-packages/airflow/example_dags/tutorial_objectstorage.py
[2025-07-12T01:49:45.371+0000] {logging_mixin.py:188} INFO - [2025-07-12T01:49:45.371+0000] {dag.py:3036} INFO - Sync 1 DAGs
[2025-07-12T01:49:45.391+0000] {logging_mixin.py:188} INFO - [2025-07-12T01:49:45.390+0000] {dag.py:3823} INFO - Setting next_dagrun for tutorial_objectstorage to None, run_after=None
[2025-07-12T01:49:45.422+0000] {processor.py:183} INFO - Processing /home/airflow/.local/lib/python3.8/site-packages/airflow/example_dags/tutorial_objectstorage.py took 0.112 seconds
[2025-07-12T01:50:15.744+0000] {processor.py:161} INFO - Started process (PID=1362) to work on /home/airflow/.local/lib/python3.8/site-packages/airflow/example_dags/tutorial_objectstorage.py
[2025-07-12T01:50:15.747+0000] {processor.py:830} INFO - Processing file /home/airflow/.local/lib/python3.8/site-packages/airflow/example_dags/tutorial_objectstorage.py for tasks to queue
[2025-07-12T01:50:15.750+0000] {logging_mixin.py:188} INFO - [2025-07-12T01:50:15.750+0000] {dagbag.py:538} INFO - Filling up the DagBag from /home/airflow/.local/lib/python3.8/site-packages/airflow/example_dags/tutorial_objectstorage.py
[2025-07-12T01:50:15.770+0000] {processor.py:840} INFO - DAG(s) 'tutorial_objectstorage' retrieved from /home/airflow/.local/lib/python3.8/site-packages/airflow/example_dags/tutorial_objectstorage.py
[2025-07-12T01:50:15.801+0000] {logging_mixin.py:188} INFO - [2025-07-12T01:50:15.800+0000] {dag.py:3036} INFO - Sync 1 DAGs
[2025-07-12T01:50:15.825+0000] {logging_mixin.py:188} INFO - [2025-07-12T01:50:15.825+0000] {dag.py:3823} INFO - Setting next_dagrun for tutorial_objectstorage to None, run_after=None
[2025-07-12T01:50:15.873+0000] {processor.py:183} INFO - Processing /home/airflow/.local/lib/python3.8/site-packages/airflow/example_dags/tutorial_objectstorage.py took 0.133 seconds
[2025-07-12T01:50:46.392+0000] {processor.py:161} INFO - Started process (PID=1418) to work on /home/airflow/.local/lib/python3.8/site-packages/airflow/example_dags/tutorial_objectstorage.py
[2025-07-12T01:50:46.393+0000] {processor.py:830} INFO - Processing file /home/airflow/.local/lib/python3.8/site-packages/airflow/example_dags/tutorial_objectstorage.py for tasks to queue
[2025-07-12T01:50:46.396+0000] {logging_mixin.py:188} INFO - [2025-07-12T01:50:46.396+0000] {dagbag.py:538} INFO - Filling up the DagBag from /home/airflow/.local/lib/python3.8/site-packages/airflow/example_dags/tutorial_objectstorage.py
[2025-07-12T01:50:46.406+0000] {processor.py:840} INFO - DAG(s) 'tutorial_objectstorage' retrieved from /home/airflow/.local/lib/python3.8/site-packages/airflow/example_dags/tutorial_objectstorage.py
[2025-07-12T01:50:46.434+0000] {logging_mixin.py:188} INFO - [2025-07-12T01:50:46.433+0000] {dag.py:3036} INFO - Sync 1 DAGs
[2025-07-12T01:50:46.449+0000] {logging_mixin.py:188} INFO - [2025-07-12T01:50:46.449+0000] {dag.py:3823} INFO - Setting next_dagrun for tutorial_objectstorage to None, run_after=None
[2025-07-12T01:50:46.485+0000] {processor.py:183} INFO - Processing /home/airflow/.local/lib/python3.8/site-packages/airflow/example_dags/tutorial_objectstorage.py took 0.103 seconds
[2025-07-12T01:51:17.155+0000] {processor.py:161} INFO - Started process (PID=1474) to work on /home/airflow/.local/lib/python3.8/site-packages/airflow/example_dags/tutorial_objectstorage.py
[2025-07-12T01:51:17.158+0000] {processor.py:830} INFO - Processing file /home/airflow/.local/lib/python3.8/site-packages/airflow/example_dags/tutorial_objectstorage.py for tasks to queue
[2025-07-12T01:51:17.162+0000] {logging_mixin.py:188} INFO - [2025-07-12T01:51:17.162+0000] {dagbag.py:538} INFO - Filling up the DagBag from /home/airflow/.local/lib/python3.8/site-packages/airflow/example_dags/tutorial_objectstorage.py
[2025-07-12T01:51:17.176+0000] {processor.py:840} INFO - DAG(s) 'tutorial_objectstorage' retrieved from /home/airflow/.local/lib/python3.8/site-packages/airflow/example_dags/tutorial_objectstorage.py
[2025-07-12T01:51:17.219+0000] {logging_mixin.py:188} INFO - [2025-07-12T01:51:17.219+0000] {dag.py:3036} INFO - Sync 1 DAGs
[2025-07-12T01:51:17.238+0000] {logging_mixin.py:188} INFO - [2025-07-12T01:51:17.237+0000] {dag.py:3823} INFO - Setting next_dagrun for tutorial_objectstorage to None, run_after=None
[2025-07-12T01:51:17.270+0000] {processor.py:183} INFO - Processing /home/airflow/.local/lib/python3.8/site-packages/airflow/example_dags/tutorial_objectstorage.py took 0.122 seconds
[2025-07-12T01:51:47.541+0000] {processor.py:161} INFO - Started process (PID=1530) to work on /home/airflow/.local/lib/python3.8/site-packages/airflow/example_dags/tutorial_objectstorage.py
[2025-07-12T01:51:47.544+0000] {processor.py:830} INFO - Processing file /home/airflow/.local/lib/python3.8/site-packages/airflow/example_dags/tutorial_objectstorage.py for tasks to queue
[2025-07-12T01:51:47.548+0000] {logging_mixin.py:188} INFO - [2025-07-12T01:51:47.548+0000] {dagbag.py:538} INFO - Filling up the DagBag from /home/airflow/.local/lib/python3.8/site-packages/airflow/example_dags/tutorial_objectstorage.py
[2025-07-12T01:51:47.563+0000] {processor.py:840} INFO - DAG(s) 'tutorial_objectstorage' retrieved from /home/airflow/.local/lib/python3.8/site-packages/airflow/example_dags/tutorial_objectstorage.py
[2025-07-12T01:51:47.604+0000] {logging_mixin.py:188} INFO - [2025-07-12T01:51:47.604+0000] {dag.py:3036} INFO - Sync 1 DAGs
[2025-07-12T01:51:47.620+0000] {logging_mixin.py:188} INFO - [2025-07-12T01:51:47.619+0000] {dag.py:3823} INFO - Setting next_dagrun for tutorial_objectstorage to None, run_after=None
[2025-07-12T01:51:47.656+0000] {processor.py:183} INFO - Processing /home/airflow/.local/lib/python3.8/site-packages/airflow/example_dags/tutorial_objectstorage.py took 0.121 seconds
[2025-07-12T01:52:17.793+0000] {processor.py:161} INFO - Started process (PID=1586) to work on /home/airflow/.local/lib/python3.8/site-packages/airflow/example_dags/tutorial_objectstorage.py
[2025-07-12T01:52:17.796+0000] {processor.py:830} INFO - Processing file /home/airflow/.local/lib/python3.8/site-packages/airflow/example_dags/tutorial_objectstorage.py for tasks to queue
[2025-07-12T01:52:17.800+0000] {logging_mixin.py:188} INFO - [2025-07-12T01:52:17.800+0000] {dagbag.py:538} INFO - Filling up the DagBag from /home/airflow/.local/lib/python3.8/site-packages/airflow/example_dags/tutorial_objectstorage.py
[2025-07-12T01:52:17.811+0000] {processor.py:840} INFO - DAG(s) 'tutorial_objectstorage' retrieved from /home/airflow/.local/lib/python3.8/site-packages/airflow/example_dags/tutorial_objectstorage.py
[2025-07-12T01:52:17.840+0000] {logging_mixin.py:188} INFO - [2025-07-12T01:52:17.840+0000] {dag.py:3036} INFO - Sync 1 DAGs
[2025-07-12T01:52:17.857+0000] {logging_mixin.py:188} INFO - [2025-07-12T01:52:17.856+0000] {dag.py:3823} INFO - Setting next_dagrun for tutorial_objectstorage to None, run_after=None
[2025-07-12T01:52:17.887+0000] {processor.py:183} INFO - Processing /home/airflow/.local/lib/python3.8/site-packages/airflow/example_dags/tutorial_objectstorage.py took 0.101 seconds
[2025-07-12T01:52:48.322+0000] {processor.py:161} INFO - Started process (PID=1642) to work on /home/airflow/.local/lib/python3.8/site-packages/airflow/example_dags/tutorial_objectstorage.py
[2025-07-12T01:52:48.324+0000] {processor.py:830} INFO - Processing file /home/airflow/.local/lib/python3.8/site-packages/airflow/example_dags/tutorial_objectstorage.py for tasks to queue
[2025-07-12T01:52:48.327+0000] {logging_mixin.py:188} INFO - [2025-07-12T01:52:48.327+0000] {dagbag.py:538} INFO - Filling up the DagBag from /home/airflow/.local/lib/python3.8/site-packages/airflow/example_dags/tutorial_objectstorage.py
[2025-07-12T01:52:48.341+0000] {processor.py:840} INFO - DAG(s) 'tutorial_objectstorage' retrieved from /home/airflow/.local/lib/python3.8/site-packages/airflow/example_dags/tutorial_objectstorage.py
[2025-07-12T01:52:48.398+0000] {logging_mixin.py:188} INFO - [2025-07-12T01:52:48.398+0000] {dag.py:3036} INFO - Sync 1 DAGs
[2025-07-12T01:52:48.417+0000] {logging_mixin.py:188} INFO - [2025-07-12T01:52:48.417+0000] {dag.py:3823} INFO - Setting next_dagrun for tutorial_objectstorage to None, run_after=None
[2025-07-12T01:52:48.486+0000] {processor.py:183} INFO - Processing /home/airflow/.local/lib/python3.8/site-packages/airflow/example_dags/tutorial_objectstorage.py took 0.171 seconds
[2025-07-12T01:54:15.011+0000] {processor.py:161} INFO - Started process (PID=75) to work on /home/airflow/.local/lib/python3.8/site-packages/airflow/example_dags/tutorial_objectstorage.py
[2025-07-12T01:54:15.013+0000] {processor.py:830} INFO - Processing file /home/airflow/.local/lib/python3.8/site-packages/airflow/example_dags/tutorial_objectstorage.py for tasks to queue
[2025-07-12T01:54:15.016+0000] {logging_mixin.py:188} INFO - [2025-07-12T01:54:15.015+0000] {dagbag.py:538} INFO - Filling up the DagBag from /home/airflow/.local/lib/python3.8/site-packages/airflow/example_dags/tutorial_objectstorage.py
[2025-07-12T01:54:15.030+0000] {processor.py:840} INFO - DAG(s) 'tutorial_objectstorage' retrieved from /home/airflow/.local/lib/python3.8/site-packages/airflow/example_dags/tutorial_objectstorage.py
[2025-07-12T01:54:15.163+0000] {logging_mixin.py:188} INFO - [2025-07-12T01:54:15.162+0000] {override.py:1769} INFO - Created Permission View: can read on DAG:tutorial_objectstorage
[2025-07-12T01:54:15.181+0000] {logging_mixin.py:188} INFO - [2025-07-12T01:54:15.180+0000] {override.py:1769} INFO - Created Permission View: can delete on DAG:tutorial_objectstorage
[2025-07-12T01:54:15.198+0000] {logging_mixin.py:188} INFO - [2025-07-12T01:54:15.198+0000] {override.py:1769} INFO - Created Permission View: can edit on DAG:tutorial_objectstorage
[2025-07-12T01:54:15.199+0000] {logging_mixin.py:188} INFO - [2025-07-12T01:54:15.199+0000] {dag.py:3036} INFO - Sync 1 DAGs
[2025-07-12T01:54:15.216+0000] {logging_mixin.py:188} INFO - [2025-07-12T01:54:15.215+0000] {dag.py:3058} INFO - Creating ORM DAG for tutorial_objectstorage
[2025-07-12T01:54:15.219+0000] {logging_mixin.py:188} INFO - [2025-07-12T01:54:15.219+0000] {dag.py:3823} INFO - Setting next_dagrun for tutorial_objectstorage to None, run_after=None
[2025-07-12T01:54:15.249+0000] {processor.py:183} INFO - Processing /home/airflow/.local/lib/python3.8/site-packages/airflow/example_dags/tutorial_objectstorage.py took 0.243 seconds
[2025-07-12T01:54:46.018+0000] {processor.py:161} INFO - Started process (PID=132) to work on /home/airflow/.local/lib/python3.8/site-packages/airflow/example_dags/tutorial_objectstorage.py
[2025-07-12T01:54:46.019+0000] {processor.py:830} INFO - Processing file /home/airflow/.local/lib/python3.8/site-packages/airflow/example_dags/tutorial_objectstorage.py for tasks to queue
[2025-07-12T01:54:46.023+0000] {logging_mixin.py:188} INFO - [2025-07-12T01:54:46.022+0000] {dagbag.py:538} INFO - Filling up the DagBag from /home/airflow/.local/lib/python3.8/site-packages/airflow/example_dags/tutorial_objectstorage.py
[2025-07-12T01:54:46.033+0000] {processor.py:840} INFO - DAG(s) 'tutorial_objectstorage' retrieved from /home/airflow/.local/lib/python3.8/site-packages/airflow/example_dags/tutorial_objectstorage.py
[2025-07-12T01:54:46.060+0000] {logging_mixin.py:188} INFO - [2025-07-12T01:54:46.060+0000] {dag.py:3036} INFO - Sync 1 DAGs
[2025-07-12T01:54:46.076+0000] {logging_mixin.py:188} INFO - [2025-07-12T01:54:46.076+0000] {dag.py:3823} INFO - Setting next_dagrun for tutorial_objectstorage to None, run_after=None
[2025-07-12T01:54:46.108+0000] {processor.py:183} INFO - Processing /home/airflow/.local/lib/python3.8/site-packages/airflow/example_dags/tutorial_objectstorage.py took 0.095 seconds
[2025-07-12T01:55:17.072+0000] {processor.py:161} INFO - Started process (PID=189) to work on /home/airflow/.local/lib/python3.8/site-packages/airflow/example_dags/tutorial_objectstorage.py
[2025-07-12T01:55:17.075+0000] {processor.py:830} INFO - Processing file /home/airflow/.local/lib/python3.8/site-packages/airflow/example_dags/tutorial_objectstorage.py for tasks to queue
[2025-07-12T01:55:17.079+0000] {logging_mixin.py:188} INFO - [2025-07-12T01:55:17.078+0000] {dagbag.py:538} INFO - Filling up the DagBag from /home/airflow/.local/lib/python3.8/site-packages/airflow/example_dags/tutorial_objectstorage.py
[2025-07-12T01:55:17.090+0000] {processor.py:840} INFO - DAG(s) 'tutorial_objectstorage' retrieved from /home/airflow/.local/lib/python3.8/site-packages/airflow/example_dags/tutorial_objectstorage.py
[2025-07-12T01:55:17.121+0000] {logging_mixin.py:188} INFO - [2025-07-12T01:55:17.121+0000] {dag.py:3036} INFO - Sync 1 DAGs
[2025-07-12T01:55:17.141+0000] {logging_mixin.py:188} INFO - [2025-07-12T01:55:17.140+0000] {dag.py:3823} INFO - Setting next_dagrun for tutorial_objectstorage to None, run_after=None
[2025-07-12T01:55:17.170+0000] {processor.py:183} INFO - Processing /home/airflow/.local/lib/python3.8/site-packages/airflow/example_dags/tutorial_objectstorage.py took 0.104 seconds
[2025-07-12T01:55:47.437+0000] {processor.py:161} INFO - Started process (PID=250) to work on /home/airflow/.local/lib/python3.8/site-packages/airflow/example_dags/tutorial_objectstorage.py
[2025-07-12T01:55:47.439+0000] {processor.py:830} INFO - Processing file /home/airflow/.local/lib/python3.8/site-packages/airflow/example_dags/tutorial_objectstorage.py for tasks to queue
[2025-07-12T01:55:47.442+0000] {logging_mixin.py:188} INFO - [2025-07-12T01:55:47.442+0000] {dagbag.py:538} INFO - Filling up the DagBag from /home/airflow/.local/lib/python3.8/site-packages/airflow/example_dags/tutorial_objectstorage.py
[2025-07-12T01:55:47.452+0000] {processor.py:840} INFO - DAG(s) 'tutorial_objectstorage' retrieved from /home/airflow/.local/lib/python3.8/site-packages/airflow/example_dags/tutorial_objectstorage.py
[2025-07-12T01:55:47.485+0000] {logging_mixin.py:188} INFO - [2025-07-12T01:55:47.485+0000] {dag.py:3036} INFO - Sync 1 DAGs
[2025-07-12T01:55:47.504+0000] {logging_mixin.py:188} INFO - [2025-07-12T01:55:47.503+0000] {dag.py:3823} INFO - Setting next_dagrun for tutorial_objectstorage to None, run_after=None
[2025-07-12T01:55:47.540+0000] {processor.py:183} INFO - Processing /home/airflow/.local/lib/python3.8/site-packages/airflow/example_dags/tutorial_objectstorage.py took 0.107 seconds
[2025-07-12T01:56:18.017+0000] {processor.py:161} INFO - Started process (PID=306) to work on /home/airflow/.local/lib/python3.8/site-packages/airflow/example_dags/tutorial_objectstorage.py
[2025-07-12T01:56:18.019+0000] {processor.py:830} INFO - Processing file /home/airflow/.local/lib/python3.8/site-packages/airflow/example_dags/tutorial_objectstorage.py for tasks to queue
[2025-07-12T01:56:18.024+0000] {logging_mixin.py:188} INFO - [2025-07-12T01:56:18.024+0000] {dagbag.py:538} INFO - Filling up the DagBag from /home/airflow/.local/lib/python3.8/site-packages/airflow/example_dags/tutorial_objectstorage.py
[2025-07-12T01:56:18.037+0000] {processor.py:840} INFO - DAG(s) 'tutorial_objectstorage' retrieved from /home/airflow/.local/lib/python3.8/site-packages/airflow/example_dags/tutorial_objectstorage.py
[2025-07-12T01:56:18.072+0000] {logging_mixin.py:188} INFO - [2025-07-12T01:56:18.072+0000] {dag.py:3036} INFO - Sync 1 DAGs
[2025-07-12T01:56:18.090+0000] {logging_mixin.py:188} INFO - [2025-07-12T01:56:18.090+0000] {dag.py:3823} INFO - Setting next_dagrun for tutorial_objectstorage to None, run_after=None
[2025-07-12T01:56:18.127+0000] {processor.py:183} INFO - Processing /home/airflow/.local/lib/python3.8/site-packages/airflow/example_dags/tutorial_objectstorage.py took 0.117 seconds
[2025-07-12T01:56:48.752+0000] {processor.py:161} INFO - Started process (PID=367) to work on /home/airflow/.local/lib/python3.8/site-packages/airflow/example_dags/tutorial_objectstorage.py
[2025-07-12T01:56:48.758+0000] {processor.py:830} INFO - Processing file /home/airflow/.local/lib/python3.8/site-packages/airflow/example_dags/tutorial_objectstorage.py for tasks to queue
[2025-07-12T01:56:48.762+0000] {logging_mixin.py:188} INFO - [2025-07-12T01:56:48.762+0000] {dagbag.py:538} INFO - Filling up the DagBag from /home/airflow/.local/lib/python3.8/site-packages/airflow/example_dags/tutorial_objectstorage.py
[2025-07-12T01:56:48.781+0000] {processor.py:840} INFO - DAG(s) 'tutorial_objectstorage' retrieved from /home/airflow/.local/lib/python3.8/site-packages/airflow/example_dags/tutorial_objectstorage.py
[2025-07-12T01:56:48.810+0000] {logging_mixin.py:188} INFO - [2025-07-12T01:56:48.810+0000] {dag.py:3036} INFO - Sync 1 DAGs
[2025-07-12T01:56:48.825+0000] {logging_mixin.py:188} INFO - [2025-07-12T01:56:48.825+0000] {dag.py:3823} INFO - Setting next_dagrun for tutorial_objectstorage to None, run_after=None
[2025-07-12T01:56:48.853+0000] {processor.py:183} INFO - Processing /home/airflow/.local/lib/python3.8/site-packages/airflow/example_dags/tutorial_objectstorage.py took 0.105 seconds
