[2025-07-12T01:35:13.971+0000] {processor.py:161} INFO - Started process (PID=86) to work on /home/airflow/.local/lib/python3.8/site-packages/airflow/example_dags/tutorial.py
[2025-07-12T01:35:13.973+0000] {processor.py:830} INFO - Processing file /home/airflow/.local/lib/python3.8/site-packages/airflow/example_dags/tutorial.py for tasks to queue
[2025-07-12T01:35:13.978+0000] {logging_mixin.py:188} INFO - [2025-07-12T01:35:13.977+0000] {dagbag.py:538} INFO - Filling up the DagBag from /home/airflow/.local/lib/python3.8/site-packages/airflow/example_dags/tutorial.py
[2025-07-12T01:35:13.992+0000] {processor.py:840} INFO - DAG(s) 'tutorial' retrieved from /home/airflow/.local/lib/python3.8/site-packages/airflow/example_dags/tutorial.py
[2025-07-12T01:35:14.047+0000] {logging_mixin.py:188} INFO - [2025-07-12T01:35:14.046+0000] {dag.py:3036} INFO - Sync 1 DAGs
[2025-07-12T01:35:14.082+0000] {logging_mixin.py:188} INFO - [2025-07-12T01:35:14.082+0000] {dag.py:3823} INFO - Setting next_dagrun for tutorial to 2025-07-11 00:00:00+00:00, run_after=2025-07-12 00:00:00+00:00
[2025-07-12T01:35:14.117+0000] {processor.py:183} INFO - Processing /home/airflow/.local/lib/python3.8/site-packages/airflow/example_dags/tutorial.py took 0.152 seconds
[2025-07-12T01:35:45.402+0000] {processor.py:161} INFO - Started process (PID=142) to work on /home/airflow/.local/lib/python3.8/site-packages/airflow/example_dags/tutorial.py
[2025-07-12T01:35:45.404+0000] {processor.py:830} INFO - Processing file /home/airflow/.local/lib/python3.8/site-packages/airflow/example_dags/tutorial.py for tasks to queue
[2025-07-12T01:35:45.408+0000] {logging_mixin.py:188} INFO - [2025-07-12T01:35:45.407+0000] {dagbag.py:538} INFO - Filling up the DagBag from /home/airflow/.local/lib/python3.8/site-packages/airflow/example_dags/tutorial.py
[2025-07-12T01:35:45.417+0000] {processor.py:840} INFO - DAG(s) 'tutorial' retrieved from /home/airflow/.local/lib/python3.8/site-packages/airflow/example_dags/tutorial.py
[2025-07-12T01:35:45.459+0000] {logging_mixin.py:188} INFO - [2025-07-12T01:35:45.458+0000] {dag.py:3036} INFO - Sync 1 DAGs
[2025-07-12T01:35:45.490+0000] {logging_mixin.py:188} INFO - [2025-07-12T01:35:45.490+0000] {dag.py:3823} INFO - Setting next_dagrun for tutorial to 2025-07-11 00:00:00+00:00, run_after=2025-07-12 00:00:00+00:00
[2025-07-12T01:35:45.522+0000] {processor.py:183} INFO - Processing /home/airflow/.local/lib/python3.8/site-packages/airflow/example_dags/tutorial.py took 0.125 seconds
[2025-07-12T01:36:15.836+0000] {processor.py:161} INFO - Started process (PID=198) to work on /home/airflow/.local/lib/python3.8/site-packages/airflow/example_dags/tutorial.py
[2025-07-12T01:36:15.837+0000] {processor.py:830} INFO - Processing file /home/airflow/.local/lib/python3.8/site-packages/airflow/example_dags/tutorial.py for tasks to queue
[2025-07-12T01:36:15.839+0000] {logging_mixin.py:188} INFO - [2025-07-12T01:36:15.839+0000] {dagbag.py:538} INFO - Filling up the DagBag from /home/airflow/.local/lib/python3.8/site-packages/airflow/example_dags/tutorial.py
[2025-07-12T01:36:15.846+0000] {processor.py:840} INFO - DAG(s) 'tutorial' retrieved from /home/airflow/.local/lib/python3.8/site-packages/airflow/example_dags/tutorial.py
[2025-07-12T01:36:15.863+0000] {logging_mixin.py:188} INFO - [2025-07-12T01:36:15.862+0000] {dag.py:3036} INFO - Sync 1 DAGs
[2025-07-12T01:36:15.884+0000] {logging_mixin.py:188} INFO - [2025-07-12T01:36:15.884+0000] {dag.py:3823} INFO - Setting next_dagrun for tutorial to 2025-07-11 00:00:00+00:00, run_after=2025-07-12 00:00:00+00:00
[2025-07-12T01:36:15.916+0000] {processor.py:183} INFO - Processing /home/airflow/.local/lib/python3.8/site-packages/airflow/example_dags/tutorial.py took 0.084 seconds
[2025-07-12T01:36:47.076+0000] {processor.py:161} INFO - Started process (PID=254) to work on /home/airflow/.local/lib/python3.8/site-packages/airflow/example_dags/tutorial.py
[2025-07-12T01:36:47.078+0000] {processor.py:830} INFO - Processing file /home/airflow/.local/lib/python3.8/site-packages/airflow/example_dags/tutorial.py for tasks to queue
[2025-07-12T01:36:47.081+0000] {logging_mixin.py:188} INFO - [2025-07-12T01:36:47.080+0000] {dagbag.py:538} INFO - Filling up the DagBag from /home/airflow/.local/lib/python3.8/site-packages/airflow/example_dags/tutorial.py
[2025-07-12T01:36:47.087+0000] {processor.py:840} INFO - DAG(s) 'tutorial' retrieved from /home/airflow/.local/lib/python3.8/site-packages/airflow/example_dags/tutorial.py
[2025-07-12T01:36:47.190+0000] {logging_mixin.py:188} INFO - [2025-07-12T01:36:47.189+0000] {dag.py:3036} INFO - Sync 1 DAGs
[2025-07-12T01:36:47.209+0000] {logging_mixin.py:188} INFO - [2025-07-12T01:36:47.209+0000] {dag.py:3823} INFO - Setting next_dagrun for tutorial to 2025-07-11 00:00:00+00:00, run_after=2025-07-12 00:00:00+00:00
[2025-07-12T01:36:47.232+0000] {processor.py:183} INFO - Processing /home/airflow/.local/lib/python3.8/site-packages/airflow/example_dags/tutorial.py took 0.159 seconds
[2025-07-12T01:37:18.059+0000] {processor.py:161} INFO - Started process (PID=310) to work on /home/airflow/.local/lib/python3.8/site-packages/airflow/example_dags/tutorial.py
[2025-07-12T01:37:18.061+0000] {processor.py:830} INFO - Processing file /home/airflow/.local/lib/python3.8/site-packages/airflow/example_dags/tutorial.py for tasks to queue
[2025-07-12T01:37:18.064+0000] {logging_mixin.py:188} INFO - [2025-07-12T01:37:18.064+0000] {dagbag.py:538} INFO - Filling up the DagBag from /home/airflow/.local/lib/python3.8/site-packages/airflow/example_dags/tutorial.py
[2025-07-12T01:37:18.077+0000] {processor.py:840} INFO - DAG(s) 'tutorial' retrieved from /home/airflow/.local/lib/python3.8/site-packages/airflow/example_dags/tutorial.py
[2025-07-12T01:37:18.111+0000] {logging_mixin.py:188} INFO - [2025-07-12T01:37:18.111+0000] {dag.py:3036} INFO - Sync 1 DAGs
[2025-07-12T01:37:18.145+0000] {logging_mixin.py:188} INFO - [2025-07-12T01:37:18.145+0000] {dag.py:3823} INFO - Setting next_dagrun for tutorial to 2025-07-11 00:00:00+00:00, run_after=2025-07-12 00:00:00+00:00
[2025-07-12T01:37:18.181+0000] {processor.py:183} INFO - Processing /home/airflow/.local/lib/python3.8/site-packages/airflow/example_dags/tutorial.py took 0.129 seconds
[2025-07-12T01:38:35.042+0000] {processor.py:161} INFO - Started process (PID=86) to work on /home/airflow/.local/lib/python3.8/site-packages/airflow/example_dags/tutorial.py
[2025-07-12T01:38:35.045+0000] {processor.py:830} INFO - Processing file /home/airflow/.local/lib/python3.8/site-packages/airflow/example_dags/tutorial.py for tasks to queue
[2025-07-12T01:38:35.048+0000] {logging_mixin.py:188} INFO - [2025-07-12T01:38:35.047+0000] {dagbag.py:538} INFO - Filling up the DagBag from /home/airflow/.local/lib/python3.8/site-packages/airflow/example_dags/tutorial.py
[2025-07-12T01:38:35.063+0000] {processor.py:840} INFO - DAG(s) 'tutorial' retrieved from /home/airflow/.local/lib/python3.8/site-packages/airflow/example_dags/tutorial.py
[2025-07-12T01:38:35.220+0000] {logging_mixin.py:188} INFO - [2025-07-12T01:38:35.219+0000] {override.py:1769} INFO - Created Permission View: can edit on DAG:tutorial
[2025-07-12T01:38:35.242+0000] {logging_mixin.py:188} INFO - [2025-07-12T01:38:35.241+0000] {override.py:1769} INFO - Created Permission View: can delete on DAG:tutorial
[2025-07-12T01:38:35.257+0000] {logging_mixin.py:188} INFO - [2025-07-12T01:38:35.256+0000] {override.py:1769} INFO - Created Permission View: can read on DAG:tutorial
[2025-07-12T01:38:35.258+0000] {logging_mixin.py:188} INFO - [2025-07-12T01:38:35.258+0000] {dag.py:3036} INFO - Sync 1 DAGs
[2025-07-12T01:38:35.276+0000] {logging_mixin.py:188} INFO - [2025-07-12T01:38:35.275+0000] {dag.py:3058} INFO - Creating ORM DAG for tutorial
[2025-07-12T01:38:35.298+0000] {logging_mixin.py:188} INFO - [2025-07-12T01:38:35.298+0000] {dag.py:3823} INFO - Setting next_dagrun for tutorial to 2025-07-11 00:00:00+00:00, run_after=2025-07-12 00:00:00+00:00
[2025-07-12T01:38:35.333+0000] {processor.py:183} INFO - Processing /home/airflow/.local/lib/python3.8/site-packages/airflow/example_dags/tutorial.py took 0.296 seconds
[2025-07-12T01:39:05.987+0000] {processor.py:161} INFO - Started process (PID=142) to work on /home/airflow/.local/lib/python3.8/site-packages/airflow/example_dags/tutorial.py
[2025-07-12T01:39:05.988+0000] {processor.py:830} INFO - Processing file /home/airflow/.local/lib/python3.8/site-packages/airflow/example_dags/tutorial.py for tasks to queue
[2025-07-12T01:39:05.991+0000] {logging_mixin.py:188} INFO - [2025-07-12T01:39:05.990+0000] {dagbag.py:538} INFO - Filling up the DagBag from /home/airflow/.local/lib/python3.8/site-packages/airflow/example_dags/tutorial.py
[2025-07-12T01:39:05.997+0000] {processor.py:840} INFO - DAG(s) 'tutorial' retrieved from /home/airflow/.local/lib/python3.8/site-packages/airflow/example_dags/tutorial.py
[2025-07-12T01:39:06.019+0000] {logging_mixin.py:188} INFO - [2025-07-12T01:39:06.018+0000] {dag.py:3036} INFO - Sync 1 DAGs
[2025-07-12T01:39:06.041+0000] {logging_mixin.py:188} INFO - [2025-07-12T01:39:06.041+0000] {dag.py:3823} INFO - Setting next_dagrun for tutorial to 2025-07-11 00:00:00+00:00, run_after=2025-07-12 00:00:00+00:00
[2025-07-12T01:39:06.065+0000] {processor.py:183} INFO - Processing /home/airflow/.local/lib/python3.8/site-packages/airflow/example_dags/tutorial.py took 0.084 seconds
[2025-07-12T01:39:37.163+0000] {processor.py:161} INFO - Started process (PID=198) to work on /home/airflow/.local/lib/python3.8/site-packages/airflow/example_dags/tutorial.py
[2025-07-12T01:39:37.165+0000] {processor.py:830} INFO - Processing file /home/airflow/.local/lib/python3.8/site-packages/airflow/example_dags/tutorial.py for tasks to queue
[2025-07-12T01:39:37.169+0000] {logging_mixin.py:188} INFO - [2025-07-12T01:39:37.168+0000] {dagbag.py:538} INFO - Filling up the DagBag from /home/airflow/.local/lib/python3.8/site-packages/airflow/example_dags/tutorial.py
[2025-07-12T01:39:37.179+0000] {processor.py:840} INFO - DAG(s) 'tutorial' retrieved from /home/airflow/.local/lib/python3.8/site-packages/airflow/example_dags/tutorial.py
[2025-07-12T01:39:37.241+0000] {logging_mixin.py:188} INFO - [2025-07-12T01:39:37.240+0000] {dag.py:3036} INFO - Sync 1 DAGs
[2025-07-12T01:39:37.300+0000] {logging_mixin.py:188} INFO - [2025-07-12T01:39:37.299+0000] {dag.py:3823} INFO - Setting next_dagrun for tutorial to 2025-07-11 00:00:00+00:00, run_after=2025-07-12 00:00:00+00:00
[2025-07-12T01:39:37.350+0000] {processor.py:183} INFO - Processing /home/airflow/.local/lib/python3.8/site-packages/airflow/example_dags/tutorial.py took 0.192 seconds
[2025-07-12T01:40:07.793+0000] {processor.py:161} INFO - Started process (PID=255) to work on /home/airflow/.local/lib/python3.8/site-packages/airflow/example_dags/tutorial.py
[2025-07-12T01:40:07.795+0000] {processor.py:830} INFO - Processing file /home/airflow/.local/lib/python3.8/site-packages/airflow/example_dags/tutorial.py for tasks to queue
[2025-07-12T01:40:07.798+0000] {logging_mixin.py:188} INFO - [2025-07-12T01:40:07.798+0000] {dagbag.py:538} INFO - Filling up the DagBag from /home/airflow/.local/lib/python3.8/site-packages/airflow/example_dags/tutorial.py
[2025-07-12T01:40:07.805+0000] {processor.py:840} INFO - DAG(s) 'tutorial' retrieved from /home/airflow/.local/lib/python3.8/site-packages/airflow/example_dags/tutorial.py
[2025-07-12T01:40:07.829+0000] {logging_mixin.py:188} INFO - [2025-07-12T01:40:07.828+0000] {dag.py:3036} INFO - Sync 1 DAGs
[2025-07-12T01:40:07.850+0000] {logging_mixin.py:188} INFO - [2025-07-12T01:40:07.849+0000] {dag.py:3823} INFO - Setting next_dagrun for tutorial to 2025-07-11 00:00:00+00:00, run_after=2025-07-12 00:00:00+00:00
[2025-07-12T01:40:07.876+0000] {processor.py:183} INFO - Processing /home/airflow/.local/lib/python3.8/site-packages/airflow/example_dags/tutorial.py took 0.087 seconds
[2025-07-12T01:40:38.227+0000] {processor.py:161} INFO - Started process (PID=311) to work on /home/airflow/.local/lib/python3.8/site-packages/airflow/example_dags/tutorial.py
[2025-07-12T01:40:38.229+0000] {processor.py:830} INFO - Processing file /home/airflow/.local/lib/python3.8/site-packages/airflow/example_dags/tutorial.py for tasks to queue
[2025-07-12T01:40:38.231+0000] {logging_mixin.py:188} INFO - [2025-07-12T01:40:38.231+0000] {dagbag.py:538} INFO - Filling up the DagBag from /home/airflow/.local/lib/python3.8/site-packages/airflow/example_dags/tutorial.py
[2025-07-12T01:40:38.239+0000] {processor.py:840} INFO - DAG(s) 'tutorial' retrieved from /home/airflow/.local/lib/python3.8/site-packages/airflow/example_dags/tutorial.py
[2025-07-12T01:40:38.261+0000] {logging_mixin.py:188} INFO - [2025-07-12T01:40:38.261+0000] {dag.py:3036} INFO - Sync 1 DAGs
[2025-07-12T01:40:38.284+0000] {logging_mixin.py:188} INFO - [2025-07-12T01:40:38.284+0000] {dag.py:3823} INFO - Setting next_dagrun for tutorial to 2025-07-11 00:00:00+00:00, run_after=2025-07-12 00:00:00+00:00
[2025-07-12T01:40:38.313+0000] {processor.py:183} INFO - Processing /home/airflow/.local/lib/python3.8/site-packages/airflow/example_dags/tutorial.py took 0.089 seconds
[2025-07-12T01:41:08.701+0000] {processor.py:161} INFO - Started process (PID=367) to work on /home/airflow/.local/lib/python3.8/site-packages/airflow/example_dags/tutorial.py
[2025-07-12T01:41:08.702+0000] {processor.py:830} INFO - Processing file /home/airflow/.local/lib/python3.8/site-packages/airflow/example_dags/tutorial.py for tasks to queue
[2025-07-12T01:41:08.705+0000] {logging_mixin.py:188} INFO - [2025-07-12T01:41:08.705+0000] {dagbag.py:538} INFO - Filling up the DagBag from /home/airflow/.local/lib/python3.8/site-packages/airflow/example_dags/tutorial.py
[2025-07-12T01:41:08.714+0000] {processor.py:840} INFO - DAG(s) 'tutorial' retrieved from /home/airflow/.local/lib/python3.8/site-packages/airflow/example_dags/tutorial.py
[2025-07-12T01:41:08.739+0000] {logging_mixin.py:188} INFO - [2025-07-12T01:41:08.739+0000] {dag.py:3036} INFO - Sync 1 DAGs
[2025-07-12T01:41:08.762+0000] {logging_mixin.py:188} INFO - [2025-07-12T01:41:08.762+0000] {dag.py:3823} INFO - Setting next_dagrun for tutorial to 2025-07-11 00:00:00+00:00, run_after=2025-07-12 00:00:00+00:00
[2025-07-12T01:41:08.789+0000] {processor.py:183} INFO - Processing /home/airflow/.local/lib/python3.8/site-packages/airflow/example_dags/tutorial.py took 0.094 seconds
[2025-07-12T01:41:39.597+0000] {processor.py:161} INFO - Started process (PID=423) to work on /home/airflow/.local/lib/python3.8/site-packages/airflow/example_dags/tutorial.py
[2025-07-12T01:41:39.598+0000] {processor.py:830} INFO - Processing file /home/airflow/.local/lib/python3.8/site-packages/airflow/example_dags/tutorial.py for tasks to queue
[2025-07-12T01:41:39.601+0000] {logging_mixin.py:188} INFO - [2025-07-12T01:41:39.600+0000] {dagbag.py:538} INFO - Filling up the DagBag from /home/airflow/.local/lib/python3.8/site-packages/airflow/example_dags/tutorial.py
[2025-07-12T01:41:39.607+0000] {processor.py:840} INFO - DAG(s) 'tutorial' retrieved from /home/airflow/.local/lib/python3.8/site-packages/airflow/example_dags/tutorial.py
[2025-07-12T01:41:39.629+0000] {logging_mixin.py:188} INFO - [2025-07-12T01:41:39.629+0000] {dag.py:3036} INFO - Sync 1 DAGs
[2025-07-12T01:41:39.650+0000] {logging_mixin.py:188} INFO - [2025-07-12T01:41:39.650+0000] {dag.py:3823} INFO - Setting next_dagrun for tutorial to 2025-07-11 00:00:00+00:00, run_after=2025-07-12 00:00:00+00:00
[2025-07-12T01:41:39.672+0000] {processor.py:183} INFO - Processing /home/airflow/.local/lib/python3.8/site-packages/airflow/example_dags/tutorial.py took 0.079 seconds
[2025-07-12T01:42:10.475+0000] {processor.py:161} INFO - Started process (PID=479) to work on /home/airflow/.local/lib/python3.8/site-packages/airflow/example_dags/tutorial.py
[2025-07-12T01:42:10.476+0000] {processor.py:830} INFO - Processing file /home/airflow/.local/lib/python3.8/site-packages/airflow/example_dags/tutorial.py for tasks to queue
[2025-07-12T01:42:10.479+0000] {logging_mixin.py:188} INFO - [2025-07-12T01:42:10.478+0000] {dagbag.py:538} INFO - Filling up the DagBag from /home/airflow/.local/lib/python3.8/site-packages/airflow/example_dags/tutorial.py
[2025-07-12T01:42:10.485+0000] {processor.py:840} INFO - DAG(s) 'tutorial' retrieved from /home/airflow/.local/lib/python3.8/site-packages/airflow/example_dags/tutorial.py
[2025-07-12T01:42:10.507+0000] {logging_mixin.py:188} INFO - [2025-07-12T01:42:10.507+0000] {dag.py:3036} INFO - Sync 1 DAGs
[2025-07-12T01:42:10.529+0000] {logging_mixin.py:188} INFO - [2025-07-12T01:42:10.529+0000] {dag.py:3823} INFO - Setting next_dagrun for tutorial to 2025-07-11 00:00:00+00:00, run_after=2025-07-12 00:00:00+00:00
[2025-07-12T01:42:10.553+0000] {processor.py:183} INFO - Processing /home/airflow/.local/lib/python3.8/site-packages/airflow/example_dags/tutorial.py took 0.082 seconds
[2025-07-12T01:42:41.227+0000] {processor.py:161} INFO - Started process (PID=535) to work on /home/airflow/.local/lib/python3.8/site-packages/airflow/example_dags/tutorial.py
[2025-07-12T01:42:41.230+0000] {processor.py:830} INFO - Processing file /home/airflow/.local/lib/python3.8/site-packages/airflow/example_dags/tutorial.py for tasks to queue
[2025-07-12T01:42:41.234+0000] {logging_mixin.py:188} INFO - [2025-07-12T01:42:41.233+0000] {dagbag.py:538} INFO - Filling up the DagBag from /home/airflow/.local/lib/python3.8/site-packages/airflow/example_dags/tutorial.py
[2025-07-12T01:42:41.246+0000] {processor.py:840} INFO - DAG(s) 'tutorial' retrieved from /home/airflow/.local/lib/python3.8/site-packages/airflow/example_dags/tutorial.py
[2025-07-12T01:42:41.286+0000] {logging_mixin.py:188} INFO - [2025-07-12T01:42:41.286+0000] {dag.py:3036} INFO - Sync 1 DAGs
[2025-07-12T01:42:41.324+0000] {logging_mixin.py:188} INFO - [2025-07-12T01:42:41.323+0000] {dag.py:3823} INFO - Setting next_dagrun for tutorial to 2025-07-11 00:00:00+00:00, run_after=2025-07-12 00:00:00+00:00
[2025-07-12T01:42:41.357+0000] {processor.py:183} INFO - Processing /home/airflow/.local/lib/python3.8/site-packages/airflow/example_dags/tutorial.py took 0.138 seconds
[2025-07-12T01:43:11.436+0000] {processor.py:161} INFO - Started process (PID=591) to work on /home/airflow/.local/lib/python3.8/site-packages/airflow/example_dags/tutorial.py
[2025-07-12T01:43:11.437+0000] {processor.py:830} INFO - Processing file /home/airflow/.local/lib/python3.8/site-packages/airflow/example_dags/tutorial.py for tasks to queue
[2025-07-12T01:43:11.440+0000] {logging_mixin.py:188} INFO - [2025-07-12T01:43:11.440+0000] {dagbag.py:538} INFO - Filling up the DagBag from /home/airflow/.local/lib/python3.8/site-packages/airflow/example_dags/tutorial.py
[2025-07-12T01:43:11.448+0000] {processor.py:840} INFO - DAG(s) 'tutorial' retrieved from /home/airflow/.local/lib/python3.8/site-packages/airflow/example_dags/tutorial.py
[2025-07-12T01:43:11.480+0000] {logging_mixin.py:188} INFO - [2025-07-12T01:43:11.479+0000] {dag.py:3036} INFO - Sync 1 DAGs
[2025-07-12T01:43:11.512+0000] {logging_mixin.py:188} INFO - [2025-07-12T01:43:11.512+0000] {dag.py:3823} INFO - Setting next_dagrun for tutorial to 2025-07-11 00:00:00+00:00, run_after=2025-07-12 00:00:00+00:00
[2025-07-12T01:43:11.553+0000] {processor.py:183} INFO - Processing /home/airflow/.local/lib/python3.8/site-packages/airflow/example_dags/tutorial.py took 0.122 seconds
[2025-07-12T01:43:42.401+0000] {processor.py:161} INFO - Started process (PID=647) to work on /home/airflow/.local/lib/python3.8/site-packages/airflow/example_dags/tutorial.py
[2025-07-12T01:43:42.403+0000] {processor.py:830} INFO - Processing file /home/airflow/.local/lib/python3.8/site-packages/airflow/example_dags/tutorial.py for tasks to queue
[2025-07-12T01:43:42.406+0000] {logging_mixin.py:188} INFO - [2025-07-12T01:43:42.405+0000] {dagbag.py:538} INFO - Filling up the DagBag from /home/airflow/.local/lib/python3.8/site-packages/airflow/example_dags/tutorial.py
[2025-07-12T01:43:42.414+0000] {processor.py:840} INFO - DAG(s) 'tutorial' retrieved from /home/airflow/.local/lib/python3.8/site-packages/airflow/example_dags/tutorial.py
[2025-07-12T01:43:42.440+0000] {logging_mixin.py:188} INFO - [2025-07-12T01:43:42.440+0000] {dag.py:3036} INFO - Sync 1 DAGs
[2025-07-12T01:43:42.470+0000] {logging_mixin.py:188} INFO - [2025-07-12T01:43:42.470+0000] {dag.py:3823} INFO - Setting next_dagrun for tutorial to 2025-07-11 00:00:00+00:00, run_after=2025-07-12 00:00:00+00:00
[2025-07-12T01:43:42.500+0000] {processor.py:183} INFO - Processing /home/airflow/.local/lib/python3.8/site-packages/airflow/example_dags/tutorial.py took 0.104 seconds
[2025-07-12T01:44:12.868+0000] {processor.py:161} INFO - Started process (PID=703) to work on /home/airflow/.local/lib/python3.8/site-packages/airflow/example_dags/tutorial.py
[2025-07-12T01:44:12.870+0000] {processor.py:830} INFO - Processing file /home/airflow/.local/lib/python3.8/site-packages/airflow/example_dags/tutorial.py for tasks to queue
[2025-07-12T01:44:12.874+0000] {logging_mixin.py:188} INFO - [2025-07-12T01:44:12.874+0000] {dagbag.py:538} INFO - Filling up the DagBag from /home/airflow/.local/lib/python3.8/site-packages/airflow/example_dags/tutorial.py
[2025-07-12T01:44:12.884+0000] {processor.py:840} INFO - DAG(s) 'tutorial' retrieved from /home/airflow/.local/lib/python3.8/site-packages/airflow/example_dags/tutorial.py
[2025-07-12T01:44:12.926+0000] {logging_mixin.py:188} INFO - [2025-07-12T01:44:12.926+0000] {dag.py:3036} INFO - Sync 1 DAGs
[2025-07-12T01:44:12.958+0000] {logging_mixin.py:188} INFO - [2025-07-12T01:44:12.958+0000] {dag.py:3823} INFO - Setting next_dagrun for tutorial to 2025-07-11 00:00:00+00:00, run_after=2025-07-12 00:00:00+00:00
[2025-07-12T01:44:12.987+0000] {processor.py:183} INFO - Processing /home/airflow/.local/lib/python3.8/site-packages/airflow/example_dags/tutorial.py took 0.126 seconds
[2025-07-12T01:44:43.166+0000] {processor.py:161} INFO - Started process (PID=758) to work on /home/airflow/.local/lib/python3.8/site-packages/airflow/example_dags/tutorial.py
[2025-07-12T01:44:43.168+0000] {processor.py:830} INFO - Processing file /home/airflow/.local/lib/python3.8/site-packages/airflow/example_dags/tutorial.py for tasks to queue
[2025-07-12T01:44:43.171+0000] {logging_mixin.py:188} INFO - [2025-07-12T01:44:43.171+0000] {dagbag.py:538} INFO - Filling up the DagBag from /home/airflow/.local/lib/python3.8/site-packages/airflow/example_dags/tutorial.py
[2025-07-12T01:44:43.179+0000] {processor.py:840} INFO - DAG(s) 'tutorial' retrieved from /home/airflow/.local/lib/python3.8/site-packages/airflow/example_dags/tutorial.py
[2025-07-12T01:44:43.204+0000] {logging_mixin.py:188} INFO - [2025-07-12T01:44:43.204+0000] {dag.py:3036} INFO - Sync 1 DAGs
[2025-07-12T01:44:43.232+0000] {logging_mixin.py:188} INFO - [2025-07-12T01:44:43.231+0000] {dag.py:3823} INFO - Setting next_dagrun for tutorial to 2025-07-11 00:00:00+00:00, run_after=2025-07-12 00:00:00+00:00
[2025-07-12T01:44:43.267+0000] {processor.py:183} INFO - Processing /home/airflow/.local/lib/python3.8/site-packages/airflow/example_dags/tutorial.py took 0.105 seconds
[2025-07-12T01:45:14.283+0000] {processor.py:161} INFO - Started process (PID=814) to work on /home/airflow/.local/lib/python3.8/site-packages/airflow/example_dags/tutorial.py
[2025-07-12T01:45:14.287+0000] {processor.py:830} INFO - Processing file /home/airflow/.local/lib/python3.8/site-packages/airflow/example_dags/tutorial.py for tasks to queue
[2025-07-12T01:45:14.295+0000] {logging_mixin.py:188} INFO - [2025-07-12T01:45:14.294+0000] {dagbag.py:538} INFO - Filling up the DagBag from /home/airflow/.local/lib/python3.8/site-packages/airflow/example_dags/tutorial.py
[2025-07-12T01:45:14.308+0000] {processor.py:840} INFO - DAG(s) 'tutorial' retrieved from /home/airflow/.local/lib/python3.8/site-packages/airflow/example_dags/tutorial.py
[2025-07-12T01:45:14.345+0000] {logging_mixin.py:188} INFO - [2025-07-12T01:45:14.344+0000] {dag.py:3036} INFO - Sync 1 DAGs
[2025-07-12T01:45:14.381+0000] {logging_mixin.py:188} INFO - [2025-07-12T01:45:14.380+0000] {dag.py:3823} INFO - Setting next_dagrun for tutorial to 2025-07-11 00:00:00+00:00, run_after=2025-07-12 00:00:00+00:00
[2025-07-12T01:45:14.413+0000] {processor.py:183} INFO - Processing /home/airflow/.local/lib/python3.8/site-packages/airflow/example_dags/tutorial.py took 0.139 seconds
[2025-07-12T01:45:44.541+0000] {processor.py:161} INFO - Started process (PID=870) to work on /home/airflow/.local/lib/python3.8/site-packages/airflow/example_dags/tutorial.py
[2025-07-12T01:45:44.543+0000] {processor.py:830} INFO - Processing file /home/airflow/.local/lib/python3.8/site-packages/airflow/example_dags/tutorial.py for tasks to queue
[2025-07-12T01:45:44.546+0000] {logging_mixin.py:188} INFO - [2025-07-12T01:45:44.546+0000] {dagbag.py:538} INFO - Filling up the DagBag from /home/airflow/.local/lib/python3.8/site-packages/airflow/example_dags/tutorial.py
[2025-07-12T01:45:44.554+0000] {processor.py:840} INFO - DAG(s) 'tutorial' retrieved from /home/airflow/.local/lib/python3.8/site-packages/airflow/example_dags/tutorial.py
[2025-07-12T01:45:44.581+0000] {logging_mixin.py:188} INFO - [2025-07-12T01:45:44.581+0000] {dag.py:3036} INFO - Sync 1 DAGs
[2025-07-12T01:45:44.609+0000] {logging_mixin.py:188} INFO - [2025-07-12T01:45:44.609+0000] {dag.py:3823} INFO - Setting next_dagrun for tutorial to 2025-07-11 00:00:00+00:00, run_after=2025-07-12 00:00:00+00:00
[2025-07-12T01:45:44.636+0000] {processor.py:183} INFO - Processing /home/airflow/.local/lib/python3.8/site-packages/airflow/example_dags/tutorial.py took 0.101 seconds
[2025-07-12T01:46:15.082+0000] {processor.py:161} INFO - Started process (PID=926) to work on /home/airflow/.local/lib/python3.8/site-packages/airflow/example_dags/tutorial.py
[2025-07-12T01:46:15.084+0000] {processor.py:830} INFO - Processing file /home/airflow/.local/lib/python3.8/site-packages/airflow/example_dags/tutorial.py for tasks to queue
[2025-07-12T01:46:15.086+0000] {logging_mixin.py:188} INFO - [2025-07-12T01:46:15.086+0000] {dagbag.py:538} INFO - Filling up the DagBag from /home/airflow/.local/lib/python3.8/site-packages/airflow/example_dags/tutorial.py
[2025-07-12T01:46:15.094+0000] {processor.py:840} INFO - DAG(s) 'tutorial' retrieved from /home/airflow/.local/lib/python3.8/site-packages/airflow/example_dags/tutorial.py
[2025-07-12T01:46:15.121+0000] {logging_mixin.py:188} INFO - [2025-07-12T01:46:15.121+0000] {dag.py:3036} INFO - Sync 1 DAGs
[2025-07-12T01:46:15.153+0000] {logging_mixin.py:188} INFO - [2025-07-12T01:46:15.153+0000] {dag.py:3823} INFO - Setting next_dagrun for tutorial to 2025-07-11 00:00:00+00:00, run_after=2025-07-12 00:00:00+00:00
[2025-07-12T01:46:15.197+0000] {processor.py:183} INFO - Processing /home/airflow/.local/lib/python3.8/site-packages/airflow/example_dags/tutorial.py took 0.119 seconds
[2025-07-12T01:46:45.435+0000] {processor.py:161} INFO - Started process (PID=982) to work on /home/airflow/.local/lib/python3.8/site-packages/airflow/example_dags/tutorial.py
[2025-07-12T01:46:45.437+0000] {processor.py:830} INFO - Processing file /home/airflow/.local/lib/python3.8/site-packages/airflow/example_dags/tutorial.py for tasks to queue
[2025-07-12T01:46:45.439+0000] {logging_mixin.py:188} INFO - [2025-07-12T01:46:45.439+0000] {dagbag.py:538} INFO - Filling up the DagBag from /home/airflow/.local/lib/python3.8/site-packages/airflow/example_dags/tutorial.py
[2025-07-12T01:46:45.447+0000] {processor.py:840} INFO - DAG(s) 'tutorial' retrieved from /home/airflow/.local/lib/python3.8/site-packages/airflow/example_dags/tutorial.py
[2025-07-12T01:46:45.472+0000] {logging_mixin.py:188} INFO - [2025-07-12T01:46:45.472+0000] {dag.py:3036} INFO - Sync 1 DAGs
[2025-07-12T01:46:45.497+0000] {logging_mixin.py:188} INFO - [2025-07-12T01:46:45.497+0000] {dag.py:3823} INFO - Setting next_dagrun for tutorial to 2025-07-11 00:00:00+00:00, run_after=2025-07-12 00:00:00+00:00
[2025-07-12T01:46:45.532+0000] {processor.py:183} INFO - Processing /home/airflow/.local/lib/python3.8/site-packages/airflow/example_dags/tutorial.py took 0.100 seconds
[2025-07-12T01:47:16.485+0000] {processor.py:161} INFO - Started process (PID=1038) to work on /home/airflow/.local/lib/python3.8/site-packages/airflow/example_dags/tutorial.py
[2025-07-12T01:47:16.487+0000] {processor.py:830} INFO - Processing file /home/airflow/.local/lib/python3.8/site-packages/airflow/example_dags/tutorial.py for tasks to queue
[2025-07-12T01:47:16.490+0000] {logging_mixin.py:188} INFO - [2025-07-12T01:47:16.489+0000] {dagbag.py:538} INFO - Filling up the DagBag from /home/airflow/.local/lib/python3.8/site-packages/airflow/example_dags/tutorial.py
[2025-07-12T01:47:16.497+0000] {processor.py:840} INFO - DAG(s) 'tutorial' retrieved from /home/airflow/.local/lib/python3.8/site-packages/airflow/example_dags/tutorial.py
[2025-07-12T01:47:16.523+0000] {logging_mixin.py:188} INFO - [2025-07-12T01:47:16.523+0000] {dag.py:3036} INFO - Sync 1 DAGs
[2025-07-12T01:47:16.548+0000] {logging_mixin.py:188} INFO - [2025-07-12T01:47:16.548+0000] {dag.py:3823} INFO - Setting next_dagrun for tutorial to 2025-07-11 00:00:00+00:00, run_after=2025-07-12 00:00:00+00:00
[2025-07-12T01:47:16.576+0000] {processor.py:183} INFO - Processing /home/airflow/.local/lib/python3.8/site-packages/airflow/example_dags/tutorial.py took 0.095 seconds
[2025-07-12T01:47:46.743+0000] {processor.py:161} INFO - Started process (PID=1094) to work on /home/airflow/.local/lib/python3.8/site-packages/airflow/example_dags/tutorial.py
[2025-07-12T01:47:46.745+0000] {processor.py:830} INFO - Processing file /home/airflow/.local/lib/python3.8/site-packages/airflow/example_dags/tutorial.py for tasks to queue
[2025-07-12T01:47:46.748+0000] {logging_mixin.py:188} INFO - [2025-07-12T01:47:46.747+0000] {dagbag.py:538} INFO - Filling up the DagBag from /home/airflow/.local/lib/python3.8/site-packages/airflow/example_dags/tutorial.py
[2025-07-12T01:47:46.757+0000] {processor.py:840} INFO - DAG(s) 'tutorial' retrieved from /home/airflow/.local/lib/python3.8/site-packages/airflow/example_dags/tutorial.py
[2025-07-12T01:47:46.788+0000] {logging_mixin.py:188} INFO - [2025-07-12T01:47:46.788+0000] {dag.py:3036} INFO - Sync 1 DAGs
[2025-07-12T01:47:46.814+0000] {logging_mixin.py:188} INFO - [2025-07-12T01:47:46.814+0000] {dag.py:3823} INFO - Setting next_dagrun for tutorial to 2025-07-11 00:00:00+00:00, run_after=2025-07-12 00:00:00+00:00
[2025-07-12T01:47:46.852+0000] {processor.py:183} INFO - Processing /home/airflow/.local/lib/python3.8/site-packages/airflow/example_dags/tutorial.py took 0.115 seconds
[2025-07-12T01:48:17.167+0000] {processor.py:161} INFO - Started process (PID=1150) to work on /home/airflow/.local/lib/python3.8/site-packages/airflow/example_dags/tutorial.py
[2025-07-12T01:48:17.175+0000] {processor.py:830} INFO - Processing file /home/airflow/.local/lib/python3.8/site-packages/airflow/example_dags/tutorial.py for tasks to queue
[2025-07-12T01:48:17.179+0000] {logging_mixin.py:188} INFO - [2025-07-12T01:48:17.178+0000] {dagbag.py:538} INFO - Filling up the DagBag from /home/airflow/.local/lib/python3.8/site-packages/airflow/example_dags/tutorial.py
[2025-07-12T01:48:17.190+0000] {processor.py:840} INFO - DAG(s) 'tutorial' retrieved from /home/airflow/.local/lib/python3.8/site-packages/airflow/example_dags/tutorial.py
[2025-07-12T01:48:17.219+0000] {logging_mixin.py:188} INFO - [2025-07-12T01:48:17.219+0000] {dag.py:3036} INFO - Sync 1 DAGs
[2025-07-12T01:48:17.251+0000] {logging_mixin.py:188} INFO - [2025-07-12T01:48:17.250+0000] {dag.py:3823} INFO - Setting next_dagrun for tutorial to 2025-07-11 00:00:00+00:00, run_after=2025-07-12 00:00:00+00:00
[2025-07-12T01:48:17.284+0000] {processor.py:183} INFO - Processing /home/airflow/.local/lib/python3.8/site-packages/airflow/example_dags/tutorial.py took 0.123 seconds
[2025-07-12T01:48:47.804+0000] {processor.py:161} INFO - Started process (PID=1206) to work on /home/airflow/.local/lib/python3.8/site-packages/airflow/example_dags/tutorial.py
[2025-07-12T01:48:47.806+0000] {processor.py:830} INFO - Processing file /home/airflow/.local/lib/python3.8/site-packages/airflow/example_dags/tutorial.py for tasks to queue
[2025-07-12T01:48:47.809+0000] {logging_mixin.py:188} INFO - [2025-07-12T01:48:47.809+0000] {dagbag.py:538} INFO - Filling up the DagBag from /home/airflow/.local/lib/python3.8/site-packages/airflow/example_dags/tutorial.py
[2025-07-12T01:48:47.818+0000] {processor.py:840} INFO - DAG(s) 'tutorial' retrieved from /home/airflow/.local/lib/python3.8/site-packages/airflow/example_dags/tutorial.py
[2025-07-12T01:48:47.856+0000] {logging_mixin.py:188} INFO - [2025-07-12T01:48:47.855+0000] {dag.py:3036} INFO - Sync 1 DAGs
[2025-07-12T01:48:47.883+0000] {logging_mixin.py:188} INFO - [2025-07-12T01:48:47.883+0000] {dag.py:3823} INFO - Setting next_dagrun for tutorial to 2025-07-11 00:00:00+00:00, run_after=2025-07-12 00:00:00+00:00
[2025-07-12T01:48:47.913+0000] {processor.py:183} INFO - Processing /home/airflow/.local/lib/python3.8/site-packages/airflow/example_dags/tutorial.py took 0.116 seconds
[2025-07-12T01:49:18.161+0000] {processor.py:161} INFO - Started process (PID=1262) to work on /home/airflow/.local/lib/python3.8/site-packages/airflow/example_dags/tutorial.py
[2025-07-12T01:49:18.163+0000] {processor.py:830} INFO - Processing file /home/airflow/.local/lib/python3.8/site-packages/airflow/example_dags/tutorial.py for tasks to queue
[2025-07-12T01:49:18.166+0000] {logging_mixin.py:188} INFO - [2025-07-12T01:49:18.165+0000] {dagbag.py:538} INFO - Filling up the DagBag from /home/airflow/.local/lib/python3.8/site-packages/airflow/example_dags/tutorial.py
[2025-07-12T01:49:18.174+0000] {processor.py:840} INFO - DAG(s) 'tutorial' retrieved from /home/airflow/.local/lib/python3.8/site-packages/airflow/example_dags/tutorial.py
[2025-07-12T01:49:18.203+0000] {logging_mixin.py:188} INFO - [2025-07-12T01:49:18.203+0000] {dag.py:3036} INFO - Sync 1 DAGs
[2025-07-12T01:49:18.231+0000] {logging_mixin.py:188} INFO - [2025-07-12T01:49:18.231+0000] {dag.py:3823} INFO - Setting next_dagrun for tutorial to 2025-07-11 00:00:00+00:00, run_after=2025-07-12 00:00:00+00:00
[2025-07-12T01:49:18.270+0000] {processor.py:183} INFO - Processing /home/airflow/.local/lib/python3.8/site-packages/airflow/example_dags/tutorial.py took 0.114 seconds
[2025-07-12T01:49:48.363+0000] {processor.py:161} INFO - Started process (PID=1318) to work on /home/airflow/.local/lib/python3.8/site-packages/airflow/example_dags/tutorial.py
[2025-07-12T01:49:48.365+0000] {processor.py:830} INFO - Processing file /home/airflow/.local/lib/python3.8/site-packages/airflow/example_dags/tutorial.py for tasks to queue
[2025-07-12T01:49:48.368+0000] {logging_mixin.py:188} INFO - [2025-07-12T01:49:48.368+0000] {dagbag.py:538} INFO - Filling up the DagBag from /home/airflow/.local/lib/python3.8/site-packages/airflow/example_dags/tutorial.py
[2025-07-12T01:49:48.377+0000] {processor.py:840} INFO - DAG(s) 'tutorial' retrieved from /home/airflow/.local/lib/python3.8/site-packages/airflow/example_dags/tutorial.py
[2025-07-12T01:49:48.406+0000] {logging_mixin.py:188} INFO - [2025-07-12T01:49:48.406+0000] {dag.py:3036} INFO - Sync 1 DAGs
[2025-07-12T01:49:48.436+0000] {logging_mixin.py:188} INFO - [2025-07-12T01:49:48.436+0000] {dag.py:3823} INFO - Setting next_dagrun for tutorial to 2025-07-11 00:00:00+00:00, run_after=2025-07-12 00:00:00+00:00
[2025-07-12T01:49:48.474+0000] {processor.py:183} INFO - Processing /home/airflow/.local/lib/python3.8/site-packages/airflow/example_dags/tutorial.py took 0.116 seconds
[2025-07-12T01:50:18.799+0000] {processor.py:161} INFO - Started process (PID=1374) to work on /home/airflow/.local/lib/python3.8/site-packages/airflow/example_dags/tutorial.py
[2025-07-12T01:50:18.801+0000] {processor.py:830} INFO - Processing file /home/airflow/.local/lib/python3.8/site-packages/airflow/example_dags/tutorial.py for tasks to queue
[2025-07-12T01:50:18.805+0000] {logging_mixin.py:188} INFO - [2025-07-12T01:50:18.804+0000] {dagbag.py:538} INFO - Filling up the DagBag from /home/airflow/.local/lib/python3.8/site-packages/airflow/example_dags/tutorial.py
[2025-07-12T01:50:18.814+0000] {processor.py:840} INFO - DAG(s) 'tutorial' retrieved from /home/airflow/.local/lib/python3.8/site-packages/airflow/example_dags/tutorial.py
[2025-07-12T01:50:18.843+0000] {logging_mixin.py:188} INFO - [2025-07-12T01:50:18.843+0000] {dag.py:3036} INFO - Sync 1 DAGs
[2025-07-12T01:50:18.885+0000] {logging_mixin.py:188} INFO - [2025-07-12T01:50:18.885+0000] {dag.py:3823} INFO - Setting next_dagrun for tutorial to 2025-07-11 00:00:00+00:00, run_after=2025-07-12 00:00:00+00:00
[2025-07-12T01:50:18.916+0000] {processor.py:183} INFO - Processing /home/airflow/.local/lib/python3.8/site-packages/airflow/example_dags/tutorial.py took 0.123 seconds
[2025-07-12T01:50:49.441+0000] {processor.py:161} INFO - Started process (PID=1430) to work on /home/airflow/.local/lib/python3.8/site-packages/airflow/example_dags/tutorial.py
[2025-07-12T01:50:49.442+0000] {processor.py:830} INFO - Processing file /home/airflow/.local/lib/python3.8/site-packages/airflow/example_dags/tutorial.py for tasks to queue
[2025-07-12T01:50:49.445+0000] {logging_mixin.py:188} INFO - [2025-07-12T01:50:49.445+0000] {dagbag.py:538} INFO - Filling up the DagBag from /home/airflow/.local/lib/python3.8/site-packages/airflow/example_dags/tutorial.py
[2025-07-12T01:50:49.453+0000] {processor.py:840} INFO - DAG(s) 'tutorial' retrieved from /home/airflow/.local/lib/python3.8/site-packages/airflow/example_dags/tutorial.py
[2025-07-12T01:50:49.488+0000] {logging_mixin.py:188} INFO - [2025-07-12T01:50:49.488+0000] {dag.py:3036} INFO - Sync 1 DAGs
[2025-07-12T01:50:49.521+0000] {logging_mixin.py:188} INFO - [2025-07-12T01:50:49.520+0000] {dag.py:3823} INFO - Setting next_dagrun for tutorial to 2025-07-11 00:00:00+00:00, run_after=2025-07-12 00:00:00+00:00
[2025-07-12T01:50:49.555+0000] {processor.py:183} INFO - Processing /home/airflow/.local/lib/python3.8/site-packages/airflow/example_dags/tutorial.py took 0.119 seconds
[2025-07-12T01:51:19.759+0000] {processor.py:161} INFO - Started process (PID=1486) to work on /home/airflow/.local/lib/python3.8/site-packages/airflow/example_dags/tutorial.py
[2025-07-12T01:51:19.761+0000] {processor.py:830} INFO - Processing file /home/airflow/.local/lib/python3.8/site-packages/airflow/example_dags/tutorial.py for tasks to queue
[2025-07-12T01:51:19.764+0000] {logging_mixin.py:188} INFO - [2025-07-12T01:51:19.763+0000] {dagbag.py:538} INFO - Filling up the DagBag from /home/airflow/.local/lib/python3.8/site-packages/airflow/example_dags/tutorial.py
[2025-07-12T01:51:19.773+0000] {processor.py:840} INFO - DAG(s) 'tutorial' retrieved from /home/airflow/.local/lib/python3.8/site-packages/airflow/example_dags/tutorial.py
[2025-07-12T01:51:19.799+0000] {logging_mixin.py:188} INFO - [2025-07-12T01:51:19.799+0000] {dag.py:3036} INFO - Sync 1 DAGs
[2025-07-12T01:51:19.828+0000] {logging_mixin.py:188} INFO - [2025-07-12T01:51:19.827+0000] {dag.py:3823} INFO - Setting next_dagrun for tutorial to 2025-07-11 00:00:00+00:00, run_after=2025-07-12 00:00:00+00:00
[2025-07-12T01:51:19.863+0000] {processor.py:183} INFO - Processing /home/airflow/.local/lib/python3.8/site-packages/airflow/example_dags/tutorial.py took 0.108 seconds
[2025-07-12T01:51:50.722+0000] {processor.py:161} INFO - Started process (PID=1542) to work on /home/airflow/.local/lib/python3.8/site-packages/airflow/example_dags/tutorial.py
[2025-07-12T01:51:50.724+0000] {processor.py:830} INFO - Processing file /home/airflow/.local/lib/python3.8/site-packages/airflow/example_dags/tutorial.py for tasks to queue
[2025-07-12T01:51:50.726+0000] {logging_mixin.py:188} INFO - [2025-07-12T01:51:50.726+0000] {dagbag.py:538} INFO - Filling up the DagBag from /home/airflow/.local/lib/python3.8/site-packages/airflow/example_dags/tutorial.py
[2025-07-12T01:51:50.735+0000] {processor.py:840} INFO - DAG(s) 'tutorial' retrieved from /home/airflow/.local/lib/python3.8/site-packages/airflow/example_dags/tutorial.py
[2025-07-12T01:51:50.764+0000] {logging_mixin.py:188} INFO - [2025-07-12T01:51:50.763+0000] {dag.py:3036} INFO - Sync 1 DAGs
[2025-07-12T01:51:50.800+0000] {logging_mixin.py:188} INFO - [2025-07-12T01:51:50.799+0000] {dag.py:3823} INFO - Setting next_dagrun for tutorial to 2025-07-11 00:00:00+00:00, run_after=2025-07-12 00:00:00+00:00
[2025-07-12T01:51:50.833+0000] {processor.py:183} INFO - Processing /home/airflow/.local/lib/python3.8/site-packages/airflow/example_dags/tutorial.py took 0.116 seconds
[2025-07-12T01:52:21.079+0000] {processor.py:161} INFO - Started process (PID=1598) to work on /home/airflow/.local/lib/python3.8/site-packages/airflow/example_dags/tutorial.py
[2025-07-12T01:52:21.081+0000] {processor.py:830} INFO - Processing file /home/airflow/.local/lib/python3.8/site-packages/airflow/example_dags/tutorial.py for tasks to queue
[2025-07-12T01:52:21.084+0000] {logging_mixin.py:188} INFO - [2025-07-12T01:52:21.083+0000] {dagbag.py:538} INFO - Filling up the DagBag from /home/airflow/.local/lib/python3.8/site-packages/airflow/example_dags/tutorial.py
[2025-07-12T01:52:21.093+0000] {processor.py:840} INFO - DAG(s) 'tutorial' retrieved from /home/airflow/.local/lib/python3.8/site-packages/airflow/example_dags/tutorial.py
[2025-07-12T01:52:21.125+0000] {logging_mixin.py:188} INFO - [2025-07-12T01:52:21.125+0000] {dag.py:3036} INFO - Sync 1 DAGs
[2025-07-12T01:52:21.155+0000] {logging_mixin.py:188} INFO - [2025-07-12T01:52:21.155+0000] {dag.py:3823} INFO - Setting next_dagrun for tutorial to 2025-07-11 00:00:00+00:00, run_after=2025-07-12 00:00:00+00:00
[2025-07-12T01:52:21.187+0000] {processor.py:183} INFO - Processing /home/airflow/.local/lib/python3.8/site-packages/airflow/example_dags/tutorial.py took 0.112 seconds
[2025-07-12T01:52:51.489+0000] {processor.py:161} INFO - Started process (PID=1654) to work on /home/airflow/.local/lib/python3.8/site-packages/airflow/example_dags/tutorial.py
[2025-07-12T01:52:51.491+0000] {processor.py:830} INFO - Processing file /home/airflow/.local/lib/python3.8/site-packages/airflow/example_dags/tutorial.py for tasks to queue
[2025-07-12T01:52:51.496+0000] {logging_mixin.py:188} INFO - [2025-07-12T01:52:51.495+0000] {dagbag.py:538} INFO - Filling up the DagBag from /home/airflow/.local/lib/python3.8/site-packages/airflow/example_dags/tutorial.py
[2025-07-12T01:52:51.504+0000] {processor.py:840} INFO - DAG(s) 'tutorial' retrieved from /home/airflow/.local/lib/python3.8/site-packages/airflow/example_dags/tutorial.py
[2025-07-12T01:52:51.537+0000] {logging_mixin.py:188} INFO - [2025-07-12T01:52:51.536+0000] {dag.py:3036} INFO - Sync 1 DAGs
[2025-07-12T01:52:51.568+0000] {logging_mixin.py:188} INFO - [2025-07-12T01:52:51.568+0000] {dag.py:3823} INFO - Setting next_dagrun for tutorial to 2025-07-11 00:00:00+00:00, run_after=2025-07-12 00:00:00+00:00
[2025-07-12T01:52:51.604+0000] {processor.py:183} INFO - Processing /home/airflow/.local/lib/python3.8/site-packages/airflow/example_dags/tutorial.py took 0.122 seconds
[2025-07-12T01:54:17.132+0000] {processor.py:161} INFO - Started process (PID=87) to work on /home/airflow/.local/lib/python3.8/site-packages/airflow/example_dags/tutorial.py
[2025-07-12T01:54:17.134+0000] {processor.py:830} INFO - Processing file /home/airflow/.local/lib/python3.8/site-packages/airflow/example_dags/tutorial.py for tasks to queue
[2025-07-12T01:54:17.137+0000] {logging_mixin.py:188} INFO - [2025-07-12T01:54:17.137+0000] {dagbag.py:538} INFO - Filling up the DagBag from /home/airflow/.local/lib/python3.8/site-packages/airflow/example_dags/tutorial.py
[2025-07-12T01:54:17.150+0000] {processor.py:840} INFO - DAG(s) 'tutorial' retrieved from /home/airflow/.local/lib/python3.8/site-packages/airflow/example_dags/tutorial.py
[2025-07-12T01:54:17.296+0000] {logging_mixin.py:188} INFO - [2025-07-12T01:54:17.295+0000] {override.py:1769} INFO - Created Permission View: can read on DAG:tutorial
[2025-07-12T01:54:17.313+0000] {logging_mixin.py:188} INFO - [2025-07-12T01:54:17.313+0000] {override.py:1769} INFO - Created Permission View: can delete on DAG:tutorial
[2025-07-12T01:54:17.327+0000] {logging_mixin.py:188} INFO - [2025-07-12T01:54:17.326+0000] {override.py:1769} INFO - Created Permission View: can edit on DAG:tutorial
[2025-07-12T01:54:17.328+0000] {logging_mixin.py:188} INFO - [2025-07-12T01:54:17.328+0000] {dag.py:3036} INFO - Sync 1 DAGs
[2025-07-12T01:54:17.343+0000] {logging_mixin.py:188} INFO - [2025-07-12T01:54:17.343+0000] {dag.py:3058} INFO - Creating ORM DAG for tutorial
[2025-07-12T01:54:17.357+0000] {logging_mixin.py:188} INFO - [2025-07-12T01:54:17.356+0000] {dag.py:3823} INFO - Setting next_dagrun for tutorial to 2025-07-11 00:00:00+00:00, run_after=2025-07-12 00:00:00+00:00
[2025-07-12T01:54:17.384+0000] {processor.py:183} INFO - Processing /home/airflow/.local/lib/python3.8/site-packages/airflow/example_dags/tutorial.py took 0.257 seconds
[2025-07-12T01:54:47.638+0000] {processor.py:161} INFO - Started process (PID=144) to work on /home/airflow/.local/lib/python3.8/site-packages/airflow/example_dags/tutorial.py
[2025-07-12T01:54:47.639+0000] {processor.py:830} INFO - Processing file /home/airflow/.local/lib/python3.8/site-packages/airflow/example_dags/tutorial.py for tasks to queue
[2025-07-12T01:54:47.642+0000] {logging_mixin.py:188} INFO - [2025-07-12T01:54:47.642+0000] {dagbag.py:538} INFO - Filling up the DagBag from /home/airflow/.local/lib/python3.8/site-packages/airflow/example_dags/tutorial.py
[2025-07-12T01:54:47.650+0000] {processor.py:840} INFO - DAG(s) 'tutorial' retrieved from /home/airflow/.local/lib/python3.8/site-packages/airflow/example_dags/tutorial.py
[2025-07-12T01:54:47.681+0000] {logging_mixin.py:188} INFO - [2025-07-12T01:54:47.680+0000] {dag.py:3036} INFO - Sync 1 DAGs
[2025-07-12T01:54:47.712+0000] {logging_mixin.py:188} INFO - [2025-07-12T01:54:47.712+0000] {dag.py:3823} INFO - Setting next_dagrun for tutorial to 2025-07-11 00:00:00+00:00, run_after=2025-07-12 00:00:00+00:00
[2025-07-12T01:54:47.740+0000] {processor.py:183} INFO - Processing /home/airflow/.local/lib/python3.8/site-packages/airflow/example_dags/tutorial.py took 0.109 seconds
[2025-07-12T01:55:18.329+0000] {processor.py:161} INFO - Started process (PID=201) to work on /home/airflow/.local/lib/python3.8/site-packages/airflow/example_dags/tutorial.py
[2025-07-12T01:55:18.331+0000] {processor.py:830} INFO - Processing file /home/airflow/.local/lib/python3.8/site-packages/airflow/example_dags/tutorial.py for tasks to queue
[2025-07-12T01:55:18.334+0000] {logging_mixin.py:188} INFO - [2025-07-12T01:55:18.333+0000] {dagbag.py:538} INFO - Filling up the DagBag from /home/airflow/.local/lib/python3.8/site-packages/airflow/example_dags/tutorial.py
[2025-07-12T01:55:18.342+0000] {processor.py:840} INFO - DAG(s) 'tutorial' retrieved from /home/airflow/.local/lib/python3.8/site-packages/airflow/example_dags/tutorial.py
[2025-07-12T01:55:18.368+0000] {logging_mixin.py:188} INFO - [2025-07-12T01:55:18.368+0000] {dag.py:3036} INFO - Sync 1 DAGs
[2025-07-12T01:55:18.396+0000] {logging_mixin.py:188} INFO - [2025-07-12T01:55:18.396+0000] {dag.py:3823} INFO - Setting next_dagrun for tutorial to 2025-07-11 00:00:00+00:00, run_after=2025-07-12 00:00:00+00:00
[2025-07-12T01:55:18.424+0000] {processor.py:183} INFO - Processing /home/airflow/.local/lib/python3.8/site-packages/airflow/example_dags/tutorial.py took 0.100 seconds
[2025-07-12T01:55:49.157+0000] {processor.py:161} INFO - Started process (PID=263) to work on /home/airflow/.local/lib/python3.8/site-packages/airflow/example_dags/tutorial.py
[2025-07-12T01:55:49.159+0000] {processor.py:830} INFO - Processing file /home/airflow/.local/lib/python3.8/site-packages/airflow/example_dags/tutorial.py for tasks to queue
[2025-07-12T01:55:49.162+0000] {logging_mixin.py:188} INFO - [2025-07-12T01:55:49.162+0000] {dagbag.py:538} INFO - Filling up the DagBag from /home/airflow/.local/lib/python3.8/site-packages/airflow/example_dags/tutorial.py
[2025-07-12T01:55:49.173+0000] {processor.py:840} INFO - DAG(s) 'tutorial' retrieved from /home/airflow/.local/lib/python3.8/site-packages/airflow/example_dags/tutorial.py
[2025-07-12T01:55:49.206+0000] {logging_mixin.py:188} INFO - [2025-07-12T01:55:49.206+0000] {dag.py:3036} INFO - Sync 1 DAGs
[2025-07-12T01:55:49.257+0000] {logging_mixin.py:188} INFO - [2025-07-12T01:55:49.257+0000] {dag.py:3823} INFO - Setting next_dagrun for tutorial to 2025-07-11 00:00:00+00:00, run_after=2025-07-12 00:00:00+00:00
[2025-07-12T01:55:49.301+0000] {processor.py:183} INFO - Processing /home/airflow/.local/lib/python3.8/site-packages/airflow/example_dags/tutorial.py took 0.149 seconds
[2025-07-12T01:56:20.082+0000] {processor.py:161} INFO - Started process (PID=320) to work on /home/airflow/.local/lib/python3.8/site-packages/airflow/example_dags/tutorial.py
[2025-07-12T01:56:20.084+0000] {processor.py:830} INFO - Processing file /home/airflow/.local/lib/python3.8/site-packages/airflow/example_dags/tutorial.py for tasks to queue
[2025-07-12T01:56:20.087+0000] {logging_mixin.py:188} INFO - [2025-07-12T01:56:20.086+0000] {dagbag.py:538} INFO - Filling up the DagBag from /home/airflow/.local/lib/python3.8/site-packages/airflow/example_dags/tutorial.py
[2025-07-12T01:56:20.096+0000] {processor.py:840} INFO - DAG(s) 'tutorial' retrieved from /home/airflow/.local/lib/python3.8/site-packages/airflow/example_dags/tutorial.py
[2025-07-12T01:56:20.127+0000] {logging_mixin.py:188} INFO - [2025-07-12T01:56:20.126+0000] {dag.py:3036} INFO - Sync 1 DAGs
[2025-07-12T01:56:20.156+0000] {logging_mixin.py:188} INFO - [2025-07-12T01:56:20.156+0000] {dag.py:3823} INFO - Setting next_dagrun for tutorial to 2025-07-11 00:00:00+00:00, run_after=2025-07-12 00:00:00+00:00
[2025-07-12T01:56:20.184+0000] {processor.py:183} INFO - Processing /home/airflow/.local/lib/python3.8/site-packages/airflow/example_dags/tutorial.py took 0.107 seconds
[2025-07-12T01:56:51.184+0000] {processor.py:161} INFO - Started process (PID=381) to work on /home/airflow/.local/lib/python3.8/site-packages/airflow/example_dags/tutorial.py
[2025-07-12T01:56:51.187+0000] {processor.py:830} INFO - Processing file /home/airflow/.local/lib/python3.8/site-packages/airflow/example_dags/tutorial.py for tasks to queue
[2025-07-12T01:56:51.190+0000] {logging_mixin.py:188} INFO - [2025-07-12T01:56:51.189+0000] {dagbag.py:538} INFO - Filling up the DagBag from /home/airflow/.local/lib/python3.8/site-packages/airflow/example_dags/tutorial.py
[2025-07-12T01:56:51.200+0000] {processor.py:840} INFO - DAG(s) 'tutorial' retrieved from /home/airflow/.local/lib/python3.8/site-packages/airflow/example_dags/tutorial.py
[2025-07-12T01:56:51.233+0000] {logging_mixin.py:188} INFO - [2025-07-12T01:56:51.232+0000] {dag.py:3036} INFO - Sync 1 DAGs
[2025-07-12T01:56:51.274+0000] {logging_mixin.py:188} INFO - [2025-07-12T01:56:51.274+0000] {dag.py:3823} INFO - Setting next_dagrun for tutorial to 2025-07-11 00:00:00+00:00, run_after=2025-07-12 00:00:00+00:00
[2025-07-12T01:56:51.343+0000] {processor.py:183} INFO - Processing /home/airflow/.local/lib/python3.8/site-packages/airflow/example_dags/tutorial.py took 0.165 seconds
