[2025-07-12T01:35:14.098+0000] {processor.py:161} INFO - Started process (PID=87) to work on /home/airflow/.local/lib/python3.8/site-packages/airflow/example_dags/tutorial_dag.py
[2025-07-12T01:35:14.100+0000] {processor.py:830} INFO - Processing file /home/airflow/.local/lib/python3.8/site-packages/airflow/example_dags/tutorial_dag.py for tasks to queue
[2025-07-12T01:35:14.104+0000] {logging_mixin.py:188} INFO - [2025-07-12T01:35:14.103+0000] {dagbag.py:538} INFO - Filling up the DagBag from /home/airflow/.local/lib/python3.8/site-packages/airflow/example_dags/tutorial_dag.py
[2025-07-12T01:35:14.117+0000] {processor.py:840} INFO - DAG(s) 'tutorial_dag' retrieved from /home/airflow/.local/lib/python3.8/site-packages/airflow/example_dags/tutorial_dag.py
[2025-07-12T01:35:14.163+0000] {logging_mixin.py:188} INFO - [2025-07-12T01:35:14.163+0000] {dag.py:3036} INFO - Sync 1 DAGs
[2025-07-12T01:35:14.183+0000] {logging_mixin.py:188} INFO - [2025-07-12T01:35:14.183+0000] {dag.py:3823} INFO - Setting next_dagrun for tutorial_dag to None, run_after=None
[2025-07-12T01:35:14.234+0000] {processor.py:183} INFO - Processing /home/airflow/.local/lib/python3.8/site-packages/airflow/example_dags/tutorial_dag.py took 0.143 seconds
[2025-07-12T01:35:45.538+0000] {processor.py:161} INFO - Started process (PID=143) to work on /home/airflow/.local/lib/python3.8/site-packages/airflow/example_dags/tutorial_dag.py
[2025-07-12T01:35:45.542+0000] {processor.py:830} INFO - Processing file /home/airflow/.local/lib/python3.8/site-packages/airflow/example_dags/tutorial_dag.py for tasks to queue
[2025-07-12T01:35:45.549+0000] {logging_mixin.py:188} INFO - [2025-07-12T01:35:45.548+0000] {dagbag.py:538} INFO - Filling up the DagBag from /home/airflow/.local/lib/python3.8/site-packages/airflow/example_dags/tutorial_dag.py
[2025-07-12T01:35:45.575+0000] {processor.py:840} INFO - DAG(s) 'tutorial_dag' retrieved from /home/airflow/.local/lib/python3.8/site-packages/airflow/example_dags/tutorial_dag.py
[2025-07-12T01:35:45.611+0000] {logging_mixin.py:188} INFO - [2025-07-12T01:35:45.610+0000] {dag.py:3036} INFO - Sync 1 DAGs
[2025-07-12T01:35:45.628+0000] {logging_mixin.py:188} INFO - [2025-07-12T01:35:45.628+0000] {dag.py:3823} INFO - Setting next_dagrun for tutorial_dag to None, run_after=None
[2025-07-12T01:35:45.662+0000] {processor.py:183} INFO - Processing /home/airflow/.local/lib/python3.8/site-packages/airflow/example_dags/tutorial_dag.py took 0.130 seconds
[2025-07-12T01:36:15.876+0000] {processor.py:161} INFO - Started process (PID=199) to work on /home/airflow/.local/lib/python3.8/site-packages/airflow/example_dags/tutorial_dag.py
[2025-07-12T01:36:15.878+0000] {processor.py:830} INFO - Processing file /home/airflow/.local/lib/python3.8/site-packages/airflow/example_dags/tutorial_dag.py for tasks to queue
[2025-07-12T01:36:15.880+0000] {logging_mixin.py:188} INFO - [2025-07-12T01:36:15.880+0000] {dagbag.py:538} INFO - Filling up the DagBag from /home/airflow/.local/lib/python3.8/site-packages/airflow/example_dags/tutorial_dag.py
[2025-07-12T01:36:15.886+0000] {processor.py:840} INFO - DAG(s) 'tutorial_dag' retrieved from /home/airflow/.local/lib/python3.8/site-packages/airflow/example_dags/tutorial_dag.py
[2025-07-12T01:36:15.909+0000] {logging_mixin.py:188} INFO - [2025-07-12T01:36:15.909+0000] {dag.py:3036} INFO - Sync 1 DAGs
[2025-07-12T01:36:15.922+0000] {logging_mixin.py:188} INFO - [2025-07-12T01:36:15.921+0000] {dag.py:3823} INFO - Setting next_dagrun for tutorial_dag to None, run_after=None
[2025-07-12T01:36:15.945+0000] {processor.py:183} INFO - Processing /home/airflow/.local/lib/python3.8/site-packages/airflow/example_dags/tutorial_dag.py took 0.072 seconds
[2025-07-12T01:36:47.128+0000] {processor.py:161} INFO - Started process (PID=255) to work on /home/airflow/.local/lib/python3.8/site-packages/airflow/example_dags/tutorial_dag.py
[2025-07-12T01:36:47.130+0000] {processor.py:830} INFO - Processing file /home/airflow/.local/lib/python3.8/site-packages/airflow/example_dags/tutorial_dag.py for tasks to queue
[2025-07-12T01:36:47.132+0000] {logging_mixin.py:188} INFO - [2025-07-12T01:36:47.132+0000] {dagbag.py:538} INFO - Filling up the DagBag from /home/airflow/.local/lib/python3.8/site-packages/airflow/example_dags/tutorial_dag.py
[2025-07-12T01:36:47.138+0000] {processor.py:840} INFO - DAG(s) 'tutorial_dag' retrieved from /home/airflow/.local/lib/python3.8/site-packages/airflow/example_dags/tutorial_dag.py
[2025-07-12T01:36:47.238+0000] {logging_mixin.py:188} INFO - [2025-07-12T01:36:47.238+0000] {dag.py:3036} INFO - Sync 1 DAGs
[2025-07-12T01:36:47.250+0000] {logging_mixin.py:188} INFO - [2025-07-12T01:36:47.250+0000] {dag.py:3823} INFO - Setting next_dagrun for tutorial_dag to None, run_after=None
[2025-07-12T01:36:47.276+0000] {processor.py:183} INFO - Processing /home/airflow/.local/lib/python3.8/site-packages/airflow/example_dags/tutorial_dag.py took 0.152 seconds
[2025-07-12T01:37:18.061+0000] {processor.py:161} INFO - Started process (PID=311) to work on /home/airflow/.local/lib/python3.8/site-packages/airflow/example_dags/tutorial_dag.py
[2025-07-12T01:37:18.063+0000] {processor.py:830} INFO - Processing file /home/airflow/.local/lib/python3.8/site-packages/airflow/example_dags/tutorial_dag.py for tasks to queue
[2025-07-12T01:37:18.066+0000] {logging_mixin.py:188} INFO - [2025-07-12T01:37:18.066+0000] {dagbag.py:538} INFO - Filling up the DagBag from /home/airflow/.local/lib/python3.8/site-packages/airflow/example_dags/tutorial_dag.py
[2025-07-12T01:37:18.077+0000] {processor.py:840} INFO - DAG(s) 'tutorial_dag' retrieved from /home/airflow/.local/lib/python3.8/site-packages/airflow/example_dags/tutorial_dag.py
[2025-07-12T01:37:18.110+0000] {logging_mixin.py:188} INFO - [2025-07-12T01:37:18.109+0000] {dag.py:3036} INFO - Sync 1 DAGs
[2025-07-12T01:37:18.126+0000] {logging_mixin.py:188} INFO - [2025-07-12T01:37:18.126+0000] {dag.py:3823} INFO - Setting next_dagrun for tutorial_dag to None, run_after=None
[2025-07-12T01:37:18.161+0000] {processor.py:183} INFO - Processing /home/airflow/.local/lib/python3.8/site-packages/airflow/example_dags/tutorial_dag.py took 0.106 seconds
[2025-07-12T01:38:35.333+0000] {processor.py:161} INFO - Started process (PID=87) to work on /home/airflow/.local/lib/python3.8/site-packages/airflow/example_dags/tutorial_dag.py
[2025-07-12T01:38:35.334+0000] {processor.py:830} INFO - Processing file /home/airflow/.local/lib/python3.8/site-packages/airflow/example_dags/tutorial_dag.py for tasks to queue
[2025-07-12T01:38:35.338+0000] {logging_mixin.py:188} INFO - [2025-07-12T01:38:35.337+0000] {dagbag.py:538} INFO - Filling up the DagBag from /home/airflow/.local/lib/python3.8/site-packages/airflow/example_dags/tutorial_dag.py
[2025-07-12T01:38:35.353+0000] {processor.py:840} INFO - DAG(s) 'tutorial_dag' retrieved from /home/airflow/.local/lib/python3.8/site-packages/airflow/example_dags/tutorial_dag.py
[2025-07-12T01:38:35.512+0000] {logging_mixin.py:188} INFO - [2025-07-12T01:38:35.511+0000] {override.py:1769} INFO - Created Permission View: can edit on DAG:tutorial_dag
[2025-07-12T01:38:35.530+0000] {logging_mixin.py:188} INFO - [2025-07-12T01:38:35.529+0000] {override.py:1769} INFO - Created Permission View: can delete on DAG:tutorial_dag
[2025-07-12T01:38:35.544+0000] {logging_mixin.py:188} INFO - [2025-07-12T01:38:35.543+0000] {override.py:1769} INFO - Created Permission View: can read on DAG:tutorial_dag
[2025-07-12T01:38:35.545+0000] {logging_mixin.py:188} INFO - [2025-07-12T01:38:35.545+0000] {dag.py:3036} INFO - Sync 1 DAGs
[2025-07-12T01:38:35.561+0000] {logging_mixin.py:188} INFO - [2025-07-12T01:38:35.560+0000] {dag.py:3058} INFO - Creating ORM DAG for tutorial_dag
[2025-07-12T01:38:35.562+0000] {logging_mixin.py:188} INFO - [2025-07-12T01:38:35.562+0000] {dag.py:3823} INFO - Setting next_dagrun for tutorial_dag to None, run_after=None
[2025-07-12T01:38:35.596+0000] {processor.py:183} INFO - Processing /home/airflow/.local/lib/python3.8/site-packages/airflow/example_dags/tutorial_dag.py took 0.269 seconds
[2025-07-12T01:39:06.005+0000] {processor.py:161} INFO - Started process (PID=143) to work on /home/airflow/.local/lib/python3.8/site-packages/airflow/example_dags/tutorial_dag.py
[2025-07-12T01:39:06.007+0000] {processor.py:830} INFO - Processing file /home/airflow/.local/lib/python3.8/site-packages/airflow/example_dags/tutorial_dag.py for tasks to queue
[2025-07-12T01:39:06.009+0000] {logging_mixin.py:188} INFO - [2025-07-12T01:39:06.009+0000] {dagbag.py:538} INFO - Filling up the DagBag from /home/airflow/.local/lib/python3.8/site-packages/airflow/example_dags/tutorial_dag.py
[2025-07-12T01:39:06.016+0000] {processor.py:840} INFO - DAG(s) 'tutorial_dag' retrieved from /home/airflow/.local/lib/python3.8/site-packages/airflow/example_dags/tutorial_dag.py
[2025-07-12T01:39:06.039+0000] {logging_mixin.py:188} INFO - [2025-07-12T01:39:06.039+0000] {dag.py:3036} INFO - Sync 1 DAGs
[2025-07-12T01:39:06.052+0000] {logging_mixin.py:188} INFO - [2025-07-12T01:39:06.051+0000] {dag.py:3823} INFO - Setting next_dagrun for tutorial_dag to None, run_after=None
[2025-07-12T01:39:06.076+0000] {processor.py:183} INFO - Processing /home/airflow/.local/lib/python3.8/site-packages/airflow/example_dags/tutorial_dag.py took 0.075 seconds
[2025-07-12T01:39:37.163+0000] {processor.py:161} INFO - Started process (PID=199) to work on /home/airflow/.local/lib/python3.8/site-packages/airflow/example_dags/tutorial_dag.py
[2025-07-12T01:39:37.165+0000] {processor.py:830} INFO - Processing file /home/airflow/.local/lib/python3.8/site-packages/airflow/example_dags/tutorial_dag.py for tasks to queue
[2025-07-12T01:39:37.169+0000] {logging_mixin.py:188} INFO - [2025-07-12T01:39:37.169+0000] {dagbag.py:538} INFO - Filling up the DagBag from /home/airflow/.local/lib/python3.8/site-packages/airflow/example_dags/tutorial_dag.py
[2025-07-12T01:39:37.181+0000] {processor.py:840} INFO - DAG(s) 'tutorial_dag' retrieved from /home/airflow/.local/lib/python3.8/site-packages/airflow/example_dags/tutorial_dag.py
[2025-07-12T01:39:37.232+0000] {logging_mixin.py:188} INFO - [2025-07-12T01:39:37.232+0000] {dag.py:3036} INFO - Sync 1 DAGs
[2025-07-12T01:39:37.262+0000] {logging_mixin.py:188} INFO - [2025-07-12T01:39:37.262+0000] {dag.py:3823} INFO - Setting next_dagrun for tutorial_dag to None, run_after=None
[2025-07-12T01:39:37.319+0000] {processor.py:183} INFO - Processing /home/airflow/.local/lib/python3.8/site-packages/airflow/example_dags/tutorial_dag.py took 0.161 seconds
[2025-07-12T01:40:07.930+0000] {processor.py:161} INFO - Started process (PID=256) to work on /home/airflow/.local/lib/python3.8/site-packages/airflow/example_dags/tutorial_dag.py
[2025-07-12T01:40:07.933+0000] {processor.py:830} INFO - Processing file /home/airflow/.local/lib/python3.8/site-packages/airflow/example_dags/tutorial_dag.py for tasks to queue
[2025-07-12T01:40:07.937+0000] {logging_mixin.py:188} INFO - [2025-07-12T01:40:07.937+0000] {dagbag.py:538} INFO - Filling up the DagBag from /home/airflow/.local/lib/python3.8/site-packages/airflow/example_dags/tutorial_dag.py
[2025-07-12T01:40:07.949+0000] {processor.py:840} INFO - DAG(s) 'tutorial_dag' retrieved from /home/airflow/.local/lib/python3.8/site-packages/airflow/example_dags/tutorial_dag.py
[2025-07-12T01:40:07.976+0000] {logging_mixin.py:188} INFO - [2025-07-12T01:40:07.976+0000] {dag.py:3036} INFO - Sync 1 DAGs
[2025-07-12T01:40:07.989+0000] {logging_mixin.py:188} INFO - [2025-07-12T01:40:07.988+0000] {dag.py:3823} INFO - Setting next_dagrun for tutorial_dag to None, run_after=None
[2025-07-12T01:40:08.017+0000] {processor.py:183} INFO - Processing /home/airflow/.local/lib/python3.8/site-packages/airflow/example_dags/tutorial_dag.py took 0.094 seconds
[2025-07-12T01:40:38.254+0000] {processor.py:161} INFO - Started process (PID=312) to work on /home/airflow/.local/lib/python3.8/site-packages/airflow/example_dags/tutorial_dag.py
[2025-07-12T01:40:38.256+0000] {processor.py:830} INFO - Processing file /home/airflow/.local/lib/python3.8/site-packages/airflow/example_dags/tutorial_dag.py for tasks to queue
[2025-07-12T01:40:38.259+0000] {logging_mixin.py:188} INFO - [2025-07-12T01:40:38.259+0000] {dagbag.py:538} INFO - Filling up the DagBag from /home/airflow/.local/lib/python3.8/site-packages/airflow/example_dags/tutorial_dag.py
[2025-07-12T01:40:38.267+0000] {processor.py:840} INFO - DAG(s) 'tutorial_dag' retrieved from /home/airflow/.local/lib/python3.8/site-packages/airflow/example_dags/tutorial_dag.py
[2025-07-12T01:40:38.294+0000] {logging_mixin.py:188} INFO - [2025-07-12T01:40:38.294+0000] {dag.py:3036} INFO - Sync 1 DAGs
[2025-07-12T01:40:38.307+0000] {logging_mixin.py:188} INFO - [2025-07-12T01:40:38.307+0000] {dag.py:3823} INFO - Setting next_dagrun for tutorial_dag to None, run_after=None
[2025-07-12T01:40:38.338+0000] {processor.py:183} INFO - Processing /home/airflow/.local/lib/python3.8/site-packages/airflow/example_dags/tutorial_dag.py took 0.089 seconds
[2025-07-12T01:41:08.855+0000] {processor.py:161} INFO - Started process (PID=368) to work on /home/airflow/.local/lib/python3.8/site-packages/airflow/example_dags/tutorial_dag.py
[2025-07-12T01:41:08.857+0000] {processor.py:830} INFO - Processing file /home/airflow/.local/lib/python3.8/site-packages/airflow/example_dags/tutorial_dag.py for tasks to queue
[2025-07-12T01:41:08.860+0000] {logging_mixin.py:188} INFO - [2025-07-12T01:41:08.859+0000] {dagbag.py:538} INFO - Filling up the DagBag from /home/airflow/.local/lib/python3.8/site-packages/airflow/example_dags/tutorial_dag.py
[2025-07-12T01:41:08.867+0000] {processor.py:840} INFO - DAG(s) 'tutorial_dag' retrieved from /home/airflow/.local/lib/python3.8/site-packages/airflow/example_dags/tutorial_dag.py
[2025-07-12T01:41:08.894+0000] {logging_mixin.py:188} INFO - [2025-07-12T01:41:08.893+0000] {dag.py:3036} INFO - Sync 1 DAGs
[2025-07-12T01:41:08.907+0000] {logging_mixin.py:188} INFO - [2025-07-12T01:41:08.907+0000] {dag.py:3823} INFO - Setting next_dagrun for tutorial_dag to None, run_after=None
[2025-07-12T01:41:08.933+0000] {processor.py:183} INFO - Processing /home/airflow/.local/lib/python3.8/site-packages/airflow/example_dags/tutorial_dag.py took 0.082 seconds
[2025-07-12T01:41:39.621+0000] {processor.py:161} INFO - Started process (PID=424) to work on /home/airflow/.local/lib/python3.8/site-packages/airflow/example_dags/tutorial_dag.py
[2025-07-12T01:41:39.622+0000] {processor.py:830} INFO - Processing file /home/airflow/.local/lib/python3.8/site-packages/airflow/example_dags/tutorial_dag.py for tasks to queue
[2025-07-12T01:41:39.624+0000] {logging_mixin.py:188} INFO - [2025-07-12T01:41:39.624+0000] {dagbag.py:538} INFO - Filling up the DagBag from /home/airflow/.local/lib/python3.8/site-packages/airflow/example_dags/tutorial_dag.py
[2025-07-12T01:41:39.630+0000] {processor.py:840} INFO - DAG(s) 'tutorial_dag' retrieved from /home/airflow/.local/lib/python3.8/site-packages/airflow/example_dags/tutorial_dag.py
[2025-07-12T01:41:39.653+0000] {logging_mixin.py:188} INFO - [2025-07-12T01:41:39.653+0000] {dag.py:3036} INFO - Sync 1 DAGs
[2025-07-12T01:41:39.665+0000] {logging_mixin.py:188} INFO - [2025-07-12T01:41:39.665+0000] {dag.py:3823} INFO - Setting next_dagrun for tutorial_dag to None, run_after=None
[2025-07-12T01:41:39.689+0000] {processor.py:183} INFO - Processing /home/airflow/.local/lib/python3.8/site-packages/airflow/example_dags/tutorial_dag.py took 0.072 seconds
[2025-07-12T01:42:10.477+0000] {processor.py:161} INFO - Started process (PID=480) to work on /home/airflow/.local/lib/python3.8/site-packages/airflow/example_dags/tutorial_dag.py
[2025-07-12T01:42:10.478+0000] {processor.py:830} INFO - Processing file /home/airflow/.local/lib/python3.8/site-packages/airflow/example_dags/tutorial_dag.py for tasks to queue
[2025-07-12T01:42:10.481+0000] {logging_mixin.py:188} INFO - [2025-07-12T01:42:10.480+0000] {dagbag.py:538} INFO - Filling up the DagBag from /home/airflow/.local/lib/python3.8/site-packages/airflow/example_dags/tutorial_dag.py
[2025-07-12T01:42:10.487+0000] {processor.py:840} INFO - DAG(s) 'tutorial_dag' retrieved from /home/airflow/.local/lib/python3.8/site-packages/airflow/example_dags/tutorial_dag.py
[2025-07-12T01:42:10.509+0000] {logging_mixin.py:188} INFO - [2025-07-12T01:42:10.509+0000] {dag.py:3036} INFO - Sync 1 DAGs
[2025-07-12T01:42:10.521+0000] {logging_mixin.py:188} INFO - [2025-07-12T01:42:10.521+0000] {dag.py:3823} INFO - Setting next_dagrun for tutorial_dag to None, run_after=None
[2025-07-12T01:42:10.546+0000] {processor.py:183} INFO - Processing /home/airflow/.local/lib/python3.8/site-packages/airflow/example_dags/tutorial_dag.py took 0.073 seconds
[2025-07-12T01:42:41.411+0000] {processor.py:161} INFO - Started process (PID=536) to work on /home/airflow/.local/lib/python3.8/site-packages/airflow/example_dags/tutorial_dag.py
[2025-07-12T01:42:41.414+0000] {processor.py:830} INFO - Processing file /home/airflow/.local/lib/python3.8/site-packages/airflow/example_dags/tutorial_dag.py for tasks to queue
[2025-07-12T01:42:41.418+0000] {logging_mixin.py:188} INFO - [2025-07-12T01:42:41.417+0000] {dagbag.py:538} INFO - Filling up the DagBag from /home/airflow/.local/lib/python3.8/site-packages/airflow/example_dags/tutorial_dag.py
[2025-07-12T01:42:41.428+0000] {processor.py:840} INFO - DAG(s) 'tutorial_dag' retrieved from /home/airflow/.local/lib/python3.8/site-packages/airflow/example_dags/tutorial_dag.py
[2025-07-12T01:42:41.469+0000] {logging_mixin.py:188} INFO - [2025-07-12T01:42:41.468+0000] {dag.py:3036} INFO - Sync 1 DAGs
[2025-07-12T01:42:41.494+0000] {logging_mixin.py:188} INFO - [2025-07-12T01:42:41.493+0000] {dag.py:3823} INFO - Setting next_dagrun for tutorial_dag to None, run_after=None
[2025-07-12T01:42:41.536+0000] {processor.py:183} INFO - Processing /home/airflow/.local/lib/python3.8/site-packages/airflow/example_dags/tutorial_dag.py took 0.131 seconds
[2025-07-12T01:43:11.629+0000] {processor.py:161} INFO - Started process (PID=592) to work on /home/airflow/.local/lib/python3.8/site-packages/airflow/example_dags/tutorial_dag.py
[2025-07-12T01:43:11.630+0000] {processor.py:830} INFO - Processing file /home/airflow/.local/lib/python3.8/site-packages/airflow/example_dags/tutorial_dag.py for tasks to queue
[2025-07-12T01:43:11.633+0000] {logging_mixin.py:188} INFO - [2025-07-12T01:43:11.633+0000] {dagbag.py:538} INFO - Filling up the DagBag from /home/airflow/.local/lib/python3.8/site-packages/airflow/example_dags/tutorial_dag.py
[2025-07-12T01:43:11.641+0000] {processor.py:840} INFO - DAG(s) 'tutorial_dag' retrieved from /home/airflow/.local/lib/python3.8/site-packages/airflow/example_dags/tutorial_dag.py
[2025-07-12T01:43:11.673+0000] {logging_mixin.py:188} INFO - [2025-07-12T01:43:11.673+0000] {dag.py:3036} INFO - Sync 1 DAGs
[2025-07-12T01:43:11.694+0000] {logging_mixin.py:188} INFO - [2025-07-12T01:43:11.694+0000] {dag.py:3823} INFO - Setting next_dagrun for tutorial_dag to None, run_after=None
[2025-07-12T01:43:11.736+0000] {processor.py:183} INFO - Processing /home/airflow/.local/lib/python3.8/site-packages/airflow/example_dags/tutorial_dag.py took 0.113 seconds
[2025-07-12T01:43:42.478+0000] {processor.py:161} INFO - Started process (PID=648) to work on /home/airflow/.local/lib/python3.8/site-packages/airflow/example_dags/tutorial_dag.py
[2025-07-12T01:43:42.479+0000] {processor.py:830} INFO - Processing file /home/airflow/.local/lib/python3.8/site-packages/airflow/example_dags/tutorial_dag.py for tasks to queue
[2025-07-12T01:43:42.482+0000] {logging_mixin.py:188} INFO - [2025-07-12T01:43:42.482+0000] {dagbag.py:538} INFO - Filling up the DagBag from /home/airflow/.local/lib/python3.8/site-packages/airflow/example_dags/tutorial_dag.py
[2025-07-12T01:43:42.490+0000] {processor.py:840} INFO - DAG(s) 'tutorial_dag' retrieved from /home/airflow/.local/lib/python3.8/site-packages/airflow/example_dags/tutorial_dag.py
[2025-07-12T01:43:42.523+0000] {logging_mixin.py:188} INFO - [2025-07-12T01:43:42.523+0000] {dag.py:3036} INFO - Sync 1 DAGs
[2025-07-12T01:43:42.540+0000] {logging_mixin.py:188} INFO - [2025-07-12T01:43:42.540+0000] {dag.py:3823} INFO - Setting next_dagrun for tutorial_dag to None, run_after=None
[2025-07-12T01:43:42.568+0000] {processor.py:183} INFO - Processing /home/airflow/.local/lib/python3.8/site-packages/airflow/example_dags/tutorial_dag.py took 0.096 seconds
[2025-07-12T01:44:13.037+0000] {processor.py:161} INFO - Started process (PID=704) to work on /home/airflow/.local/lib/python3.8/site-packages/airflow/example_dags/tutorial_dag.py
[2025-07-12T01:44:13.039+0000] {processor.py:830} INFO - Processing file /home/airflow/.local/lib/python3.8/site-packages/airflow/example_dags/tutorial_dag.py for tasks to queue
[2025-07-12T01:44:13.042+0000] {logging_mixin.py:188} INFO - [2025-07-12T01:44:13.042+0000] {dagbag.py:538} INFO - Filling up the DagBag from /home/airflow/.local/lib/python3.8/site-packages/airflow/example_dags/tutorial_dag.py
[2025-07-12T01:44:13.050+0000] {processor.py:840} INFO - DAG(s) 'tutorial_dag' retrieved from /home/airflow/.local/lib/python3.8/site-packages/airflow/example_dags/tutorial_dag.py
[2025-07-12T01:44:13.081+0000] {logging_mixin.py:188} INFO - [2025-07-12T01:44:13.081+0000] {dag.py:3036} INFO - Sync 1 DAGs
[2025-07-12T01:44:13.096+0000] {logging_mixin.py:188} INFO - [2025-07-12T01:44:13.096+0000] {dag.py:3823} INFO - Setting next_dagrun for tutorial_dag to None, run_after=None
[2025-07-12T01:44:13.134+0000] {processor.py:183} INFO - Processing /home/airflow/.local/lib/python3.8/site-packages/airflow/example_dags/tutorial_dag.py took 0.102 seconds
[2025-07-12T01:44:43.189+0000] {processor.py:161} INFO - Started process (PID=759) to work on /home/airflow/.local/lib/python3.8/site-packages/airflow/example_dags/tutorial_dag.py
[2025-07-12T01:44:43.191+0000] {processor.py:830} INFO - Processing file /home/airflow/.local/lib/python3.8/site-packages/airflow/example_dags/tutorial_dag.py for tasks to queue
[2025-07-12T01:44:43.194+0000] {logging_mixin.py:188} INFO - [2025-07-12T01:44:43.193+0000] {dagbag.py:538} INFO - Filling up the DagBag from /home/airflow/.local/lib/python3.8/site-packages/airflow/example_dags/tutorial_dag.py
[2025-07-12T01:44:43.201+0000] {processor.py:840} INFO - DAG(s) 'tutorial_dag' retrieved from /home/airflow/.local/lib/python3.8/site-packages/airflow/example_dags/tutorial_dag.py
[2025-07-12T01:44:43.229+0000] {logging_mixin.py:188} INFO - [2025-07-12T01:44:43.228+0000] {dag.py:3036} INFO - Sync 1 DAGs
[2025-07-12T01:44:43.246+0000] {logging_mixin.py:188} INFO - [2025-07-12T01:44:43.246+0000] {dag.py:3823} INFO - Setting next_dagrun for tutorial_dag to None, run_after=None
[2025-07-12T01:44:43.279+0000] {processor.py:183} INFO - Processing /home/airflow/.local/lib/python3.8/site-packages/airflow/example_dags/tutorial_dag.py took 0.094 seconds
[2025-07-12T01:45:14.402+0000] {processor.py:161} INFO - Started process (PID=815) to work on /home/airflow/.local/lib/python3.8/site-packages/airflow/example_dags/tutorial_dag.py
[2025-07-12T01:45:14.404+0000] {processor.py:830} INFO - Processing file /home/airflow/.local/lib/python3.8/site-packages/airflow/example_dags/tutorial_dag.py for tasks to queue
[2025-07-12T01:45:14.408+0000] {logging_mixin.py:188} INFO - [2025-07-12T01:45:14.407+0000] {dagbag.py:538} INFO - Filling up the DagBag from /home/airflow/.local/lib/python3.8/site-packages/airflow/example_dags/tutorial_dag.py
[2025-07-12T01:45:14.416+0000] {processor.py:840} INFO - DAG(s) 'tutorial_dag' retrieved from /home/airflow/.local/lib/python3.8/site-packages/airflow/example_dags/tutorial_dag.py
[2025-07-12T01:45:14.450+0000] {logging_mixin.py:188} INFO - [2025-07-12T01:45:14.450+0000] {dag.py:3036} INFO - Sync 1 DAGs
[2025-07-12T01:45:14.470+0000] {logging_mixin.py:188} INFO - [2025-07-12T01:45:14.469+0000] {dag.py:3823} INFO - Setting next_dagrun for tutorial_dag to None, run_after=None
[2025-07-12T01:45:14.503+0000] {processor.py:183} INFO - Processing /home/airflow/.local/lib/python3.8/site-packages/airflow/example_dags/tutorial_dag.py took 0.105 seconds
[2025-07-12T01:45:44.660+0000] {processor.py:161} INFO - Started process (PID=871) to work on /home/airflow/.local/lib/python3.8/site-packages/airflow/example_dags/tutorial_dag.py
[2025-07-12T01:45:44.662+0000] {processor.py:830} INFO - Processing file /home/airflow/.local/lib/python3.8/site-packages/airflow/example_dags/tutorial_dag.py for tasks to queue
[2025-07-12T01:45:44.665+0000] {logging_mixin.py:188} INFO - [2025-07-12T01:45:44.665+0000] {dagbag.py:538} INFO - Filling up the DagBag from /home/airflow/.local/lib/python3.8/site-packages/airflow/example_dags/tutorial_dag.py
[2025-07-12T01:45:44.675+0000] {processor.py:840} INFO - DAG(s) 'tutorial_dag' retrieved from /home/airflow/.local/lib/python3.8/site-packages/airflow/example_dags/tutorial_dag.py
[2025-07-12T01:45:44.703+0000] {logging_mixin.py:188} INFO - [2025-07-12T01:45:44.703+0000] {dag.py:3036} INFO - Sync 1 DAGs
[2025-07-12T01:45:44.719+0000] {logging_mixin.py:188} INFO - [2025-07-12T01:45:44.719+0000] {dag.py:3823} INFO - Setting next_dagrun for tutorial_dag to None, run_after=None
[2025-07-12T01:45:44.764+0000] {processor.py:183} INFO - Processing /home/airflow/.local/lib/python3.8/site-packages/airflow/example_dags/tutorial_dag.py took 0.108 seconds
[2025-07-12T01:46:15.237+0000] {processor.py:161} INFO - Started process (PID=927) to work on /home/airflow/.local/lib/python3.8/site-packages/airflow/example_dags/tutorial_dag.py
[2025-07-12T01:46:15.241+0000] {processor.py:830} INFO - Processing file /home/airflow/.local/lib/python3.8/site-packages/airflow/example_dags/tutorial_dag.py for tasks to queue
[2025-07-12T01:46:15.246+0000] {logging_mixin.py:188} INFO - [2025-07-12T01:46:15.245+0000] {dagbag.py:538} INFO - Filling up the DagBag from /home/airflow/.local/lib/python3.8/site-packages/airflow/example_dags/tutorial_dag.py
[2025-07-12T01:46:15.261+0000] {processor.py:840} INFO - DAG(s) 'tutorial_dag' retrieved from /home/airflow/.local/lib/python3.8/site-packages/airflow/example_dags/tutorial_dag.py
[2025-07-12T01:46:15.288+0000] {logging_mixin.py:188} INFO - [2025-07-12T01:46:15.288+0000] {dag.py:3036} INFO - Sync 1 DAGs
[2025-07-12T01:46:15.308+0000] {logging_mixin.py:188} INFO - [2025-07-12T01:46:15.307+0000] {dag.py:3823} INFO - Setting next_dagrun for tutorial_dag to None, run_after=None
[2025-07-12T01:46:15.338+0000] {processor.py:183} INFO - Processing /home/airflow/.local/lib/python3.8/site-packages/airflow/example_dags/tutorial_dag.py took 0.105 seconds
[2025-07-12T01:46:45.687+0000] {processor.py:161} INFO - Started process (PID=983) to work on /home/airflow/.local/lib/python3.8/site-packages/airflow/example_dags/tutorial_dag.py
[2025-07-12T01:46:45.689+0000] {processor.py:830} INFO - Processing file /home/airflow/.local/lib/python3.8/site-packages/airflow/example_dags/tutorial_dag.py for tasks to queue
[2025-07-12T01:46:45.694+0000] {logging_mixin.py:188} INFO - [2025-07-12T01:46:45.693+0000] {dagbag.py:538} INFO - Filling up the DagBag from /home/airflow/.local/lib/python3.8/site-packages/airflow/example_dags/tutorial_dag.py
[2025-07-12T01:46:45.705+0000] {processor.py:840} INFO - DAG(s) 'tutorial_dag' retrieved from /home/airflow/.local/lib/python3.8/site-packages/airflow/example_dags/tutorial_dag.py
[2025-07-12T01:46:45.741+0000] {logging_mixin.py:188} INFO - [2025-07-12T01:46:45.740+0000] {dag.py:3036} INFO - Sync 1 DAGs
[2025-07-12T01:46:45.767+0000] {logging_mixin.py:188} INFO - [2025-07-12T01:46:45.767+0000] {dag.py:3823} INFO - Setting next_dagrun for tutorial_dag to None, run_after=None
[2025-07-12T01:46:45.808+0000] {processor.py:183} INFO - Processing /home/airflow/.local/lib/python3.8/site-packages/airflow/example_dags/tutorial_dag.py took 0.128 seconds
[2025-07-12T01:47:16.486+0000] {processor.py:161} INFO - Started process (PID=1039) to work on /home/airflow/.local/lib/python3.8/site-packages/airflow/example_dags/tutorial_dag.py
[2025-07-12T01:47:16.487+0000] {processor.py:830} INFO - Processing file /home/airflow/.local/lib/python3.8/site-packages/airflow/example_dags/tutorial_dag.py for tasks to queue
[2025-07-12T01:47:16.490+0000] {logging_mixin.py:188} INFO - [2025-07-12T01:47:16.490+0000] {dagbag.py:538} INFO - Filling up the DagBag from /home/airflow/.local/lib/python3.8/site-packages/airflow/example_dags/tutorial_dag.py
[2025-07-12T01:47:16.497+0000] {processor.py:840} INFO - DAG(s) 'tutorial_dag' retrieved from /home/airflow/.local/lib/python3.8/site-packages/airflow/example_dags/tutorial_dag.py
[2025-07-12T01:47:16.523+0000] {logging_mixin.py:188} INFO - [2025-07-12T01:47:16.523+0000] {dag.py:3036} INFO - Sync 1 DAGs
[2025-07-12T01:47:16.539+0000] {logging_mixin.py:188} INFO - [2025-07-12T01:47:16.538+0000] {dag.py:3823} INFO - Setting next_dagrun for tutorial_dag to None, run_after=None
[2025-07-12T01:47:16.570+0000] {processor.py:183} INFO - Processing /home/airflow/.local/lib/python3.8/site-packages/airflow/example_dags/tutorial_dag.py took 0.088 seconds
[2025-07-12T01:47:46.864+0000] {processor.py:161} INFO - Started process (PID=1095) to work on /home/airflow/.local/lib/python3.8/site-packages/airflow/example_dags/tutorial_dag.py
[2025-07-12T01:47:46.867+0000] {processor.py:830} INFO - Processing file /home/airflow/.local/lib/python3.8/site-packages/airflow/example_dags/tutorial_dag.py for tasks to queue
[2025-07-12T01:47:46.870+0000] {logging_mixin.py:188} INFO - [2025-07-12T01:47:46.870+0000] {dagbag.py:538} INFO - Filling up the DagBag from /home/airflow/.local/lib/python3.8/site-packages/airflow/example_dags/tutorial_dag.py
[2025-07-12T01:47:46.881+0000] {processor.py:840} INFO - DAG(s) 'tutorial_dag' retrieved from /home/airflow/.local/lib/python3.8/site-packages/airflow/example_dags/tutorial_dag.py
[2025-07-12T01:47:46.911+0000] {logging_mixin.py:188} INFO - [2025-07-12T01:47:46.911+0000] {dag.py:3036} INFO - Sync 1 DAGs
[2025-07-12T01:47:46.932+0000] {logging_mixin.py:188} INFO - [2025-07-12T01:47:46.932+0000] {dag.py:3823} INFO - Setting next_dagrun for tutorial_dag to None, run_after=None
[2025-07-12T01:47:46.962+0000] {processor.py:183} INFO - Processing /home/airflow/.local/lib/python3.8/site-packages/airflow/example_dags/tutorial_dag.py took 0.105 seconds
[2025-07-12T01:48:17.289+0000] {processor.py:161} INFO - Started process (PID=1151) to work on /home/airflow/.local/lib/python3.8/site-packages/airflow/example_dags/tutorial_dag.py
[2025-07-12T01:48:17.291+0000] {processor.py:830} INFO - Processing file /home/airflow/.local/lib/python3.8/site-packages/airflow/example_dags/tutorial_dag.py for tasks to queue
[2025-07-12T01:48:17.294+0000] {logging_mixin.py:188} INFO - [2025-07-12T01:48:17.293+0000] {dagbag.py:538} INFO - Filling up the DagBag from /home/airflow/.local/lib/python3.8/site-packages/airflow/example_dags/tutorial_dag.py
[2025-07-12T01:48:17.302+0000] {processor.py:840} INFO - DAG(s) 'tutorial_dag' retrieved from /home/airflow/.local/lib/python3.8/site-packages/airflow/example_dags/tutorial_dag.py
[2025-07-12T01:48:17.333+0000] {logging_mixin.py:188} INFO - [2025-07-12T01:48:17.333+0000] {dag.py:3036} INFO - Sync 1 DAGs
[2025-07-12T01:48:17.348+0000] {logging_mixin.py:188} INFO - [2025-07-12T01:48:17.348+0000] {dag.py:3823} INFO - Setting next_dagrun for tutorial_dag to None, run_after=None
[2025-07-12T01:48:17.379+0000] {processor.py:183} INFO - Processing /home/airflow/.local/lib/python3.8/site-packages/airflow/example_dags/tutorial_dag.py took 0.095 seconds
[2025-07-12T01:48:47.906+0000] {processor.py:161} INFO - Started process (PID=1207) to work on /home/airflow/.local/lib/python3.8/site-packages/airflow/example_dags/tutorial_dag.py
[2025-07-12T01:48:47.908+0000] {processor.py:830} INFO - Processing file /home/airflow/.local/lib/python3.8/site-packages/airflow/example_dags/tutorial_dag.py for tasks to queue
[2025-07-12T01:48:47.910+0000] {logging_mixin.py:188} INFO - [2025-07-12T01:48:47.910+0000] {dagbag.py:538} INFO - Filling up the DagBag from /home/airflow/.local/lib/python3.8/site-packages/airflow/example_dags/tutorial_dag.py
[2025-07-12T01:48:47.919+0000] {processor.py:840} INFO - DAG(s) 'tutorial_dag' retrieved from /home/airflow/.local/lib/python3.8/site-packages/airflow/example_dags/tutorial_dag.py
[2025-07-12T01:48:47.950+0000] {logging_mixin.py:188} INFO - [2025-07-12T01:48:47.950+0000] {dag.py:3036} INFO - Sync 1 DAGs
[2025-07-12T01:48:47.970+0000] {logging_mixin.py:188} INFO - [2025-07-12T01:48:47.970+0000] {dag.py:3823} INFO - Setting next_dagrun for tutorial_dag to None, run_after=None
[2025-07-12T01:48:48.002+0000] {processor.py:183} INFO - Processing /home/airflow/.local/lib/python3.8/site-packages/airflow/example_dags/tutorial_dag.py took 0.101 seconds
[2025-07-12T01:49:18.261+0000] {processor.py:161} INFO - Started process (PID=1263) to work on /home/airflow/.local/lib/python3.8/site-packages/airflow/example_dags/tutorial_dag.py
[2025-07-12T01:49:18.270+0000] {processor.py:830} INFO - Processing file /home/airflow/.local/lib/python3.8/site-packages/airflow/example_dags/tutorial_dag.py for tasks to queue
[2025-07-12T01:49:18.279+0000] {logging_mixin.py:188} INFO - [2025-07-12T01:49:18.278+0000] {dagbag.py:538} INFO - Filling up the DagBag from /home/airflow/.local/lib/python3.8/site-packages/airflow/example_dags/tutorial_dag.py
[2025-07-12T01:49:18.304+0000] {processor.py:840} INFO - DAG(s) 'tutorial_dag' retrieved from /home/airflow/.local/lib/python3.8/site-packages/airflow/example_dags/tutorial_dag.py
[2025-07-12T01:49:18.334+0000] {logging_mixin.py:188} INFO - [2025-07-12T01:49:18.333+0000] {dag.py:3036} INFO - Sync 1 DAGs
[2025-07-12T01:49:18.351+0000] {logging_mixin.py:188} INFO - [2025-07-12T01:49:18.350+0000] {dag.py:3823} INFO - Setting next_dagrun for tutorial_dag to None, run_after=None
[2025-07-12T01:49:18.384+0000] {processor.py:183} INFO - Processing /home/airflow/.local/lib/python3.8/site-packages/airflow/example_dags/tutorial_dag.py took 0.129 seconds
[2025-07-12T01:49:48.474+0000] {processor.py:161} INFO - Started process (PID=1319) to work on /home/airflow/.local/lib/python3.8/site-packages/airflow/example_dags/tutorial_dag.py
[2025-07-12T01:49:48.476+0000] {processor.py:830} INFO - Processing file /home/airflow/.local/lib/python3.8/site-packages/airflow/example_dags/tutorial_dag.py for tasks to queue
[2025-07-12T01:49:48.480+0000] {logging_mixin.py:188} INFO - [2025-07-12T01:49:48.479+0000] {dagbag.py:538} INFO - Filling up the DagBag from /home/airflow/.local/lib/python3.8/site-packages/airflow/example_dags/tutorial_dag.py
[2025-07-12T01:49:48.489+0000] {processor.py:840} INFO - DAG(s) 'tutorial_dag' retrieved from /home/airflow/.local/lib/python3.8/site-packages/airflow/example_dags/tutorial_dag.py
[2025-07-12T01:49:48.519+0000] {logging_mixin.py:188} INFO - [2025-07-12T01:49:48.519+0000] {dag.py:3036} INFO - Sync 1 DAGs
[2025-07-12T01:49:48.535+0000] {logging_mixin.py:188} INFO - [2025-07-12T01:49:48.534+0000] {dag.py:3823} INFO - Setting next_dagrun for tutorial_dag to None, run_after=None
[2025-07-12T01:49:48.570+0000] {processor.py:183} INFO - Processing /home/airflow/.local/lib/python3.8/site-packages/airflow/example_dags/tutorial_dag.py took 0.102 seconds
[2025-07-12T01:50:18.919+0000] {processor.py:161} INFO - Started process (PID=1375) to work on /home/airflow/.local/lib/python3.8/site-packages/airflow/example_dags/tutorial_dag.py
[2025-07-12T01:50:18.921+0000] {processor.py:830} INFO - Processing file /home/airflow/.local/lib/python3.8/site-packages/airflow/example_dags/tutorial_dag.py for tasks to queue
[2025-07-12T01:50:18.924+0000] {logging_mixin.py:188} INFO - [2025-07-12T01:50:18.923+0000] {dagbag.py:538} INFO - Filling up the DagBag from /home/airflow/.local/lib/python3.8/site-packages/airflow/example_dags/tutorial_dag.py
[2025-07-12T01:50:18.934+0000] {processor.py:840} INFO - DAG(s) 'tutorial_dag' retrieved from /home/airflow/.local/lib/python3.8/site-packages/airflow/example_dags/tutorial_dag.py
[2025-07-12T01:50:18.964+0000] {logging_mixin.py:188} INFO - [2025-07-12T01:50:18.963+0000] {dag.py:3036} INFO - Sync 1 DAGs
[2025-07-12T01:50:18.979+0000] {logging_mixin.py:188} INFO - [2025-07-12T01:50:18.979+0000] {dag.py:3823} INFO - Setting next_dagrun for tutorial_dag to None, run_after=None
[2025-07-12T01:50:19.007+0000] {processor.py:183} INFO - Processing /home/airflow/.local/lib/python3.8/site-packages/airflow/example_dags/tutorial_dag.py took 0.093 seconds
[2025-07-12T01:50:49.553+0000] {processor.py:161} INFO - Started process (PID=1431) to work on /home/airflow/.local/lib/python3.8/site-packages/airflow/example_dags/tutorial_dag.py
[2025-07-12T01:50:49.555+0000] {processor.py:830} INFO - Processing file /home/airflow/.local/lib/python3.8/site-packages/airflow/example_dags/tutorial_dag.py for tasks to queue
[2025-07-12T01:50:49.558+0000] {logging_mixin.py:188} INFO - [2025-07-12T01:50:49.558+0000] {dagbag.py:538} INFO - Filling up the DagBag from /home/airflow/.local/lib/python3.8/site-packages/airflow/example_dags/tutorial_dag.py
[2025-07-12T01:50:49.568+0000] {processor.py:840} INFO - DAG(s) 'tutorial_dag' retrieved from /home/airflow/.local/lib/python3.8/site-packages/airflow/example_dags/tutorial_dag.py
[2025-07-12T01:50:49.596+0000] {logging_mixin.py:188} INFO - [2025-07-12T01:50:49.596+0000] {dag.py:3036} INFO - Sync 1 DAGs
[2025-07-12T01:50:49.612+0000] {logging_mixin.py:188} INFO - [2025-07-12T01:50:49.612+0000] {dag.py:3823} INFO - Setting next_dagrun for tutorial_dag to None, run_after=None
[2025-07-12T01:50:49.641+0000] {processor.py:183} INFO - Processing /home/airflow/.local/lib/python3.8/site-packages/airflow/example_dags/tutorial_dag.py took 0.093 seconds
[2025-07-12T01:51:19.861+0000] {processor.py:161} INFO - Started process (PID=1487) to work on /home/airflow/.local/lib/python3.8/site-packages/airflow/example_dags/tutorial_dag.py
[2025-07-12T01:51:19.863+0000] {processor.py:830} INFO - Processing file /home/airflow/.local/lib/python3.8/site-packages/airflow/example_dags/tutorial_dag.py for tasks to queue
[2025-07-12T01:51:19.868+0000] {logging_mixin.py:188} INFO - [2025-07-12T01:51:19.867+0000] {dagbag.py:538} INFO - Filling up the DagBag from /home/airflow/.local/lib/python3.8/site-packages/airflow/example_dags/tutorial_dag.py
[2025-07-12T01:51:19.877+0000] {processor.py:840} INFO - DAG(s) 'tutorial_dag' retrieved from /home/airflow/.local/lib/python3.8/site-packages/airflow/example_dags/tutorial_dag.py
[2025-07-12T01:51:19.910+0000] {logging_mixin.py:188} INFO - [2025-07-12T01:51:19.909+0000] {dag.py:3036} INFO - Sync 1 DAGs
[2025-07-12T01:51:19.928+0000] {logging_mixin.py:188} INFO - [2025-07-12T01:51:19.927+0000] {dag.py:3823} INFO - Setting next_dagrun for tutorial_dag to None, run_after=None
[2025-07-12T01:51:19.957+0000] {processor.py:183} INFO - Processing /home/airflow/.local/lib/python3.8/site-packages/airflow/example_dags/tutorial_dag.py took 0.103 seconds
[2025-07-12T01:51:50.831+0000] {processor.py:161} INFO - Started process (PID=1543) to work on /home/airflow/.local/lib/python3.8/site-packages/airflow/example_dags/tutorial_dag.py
[2025-07-12T01:51:50.833+0000] {processor.py:830} INFO - Processing file /home/airflow/.local/lib/python3.8/site-packages/airflow/example_dags/tutorial_dag.py for tasks to queue
[2025-07-12T01:51:50.837+0000] {logging_mixin.py:188} INFO - [2025-07-12T01:51:50.836+0000] {dagbag.py:538} INFO - Filling up the DagBag from /home/airflow/.local/lib/python3.8/site-packages/airflow/example_dags/tutorial_dag.py
[2025-07-12T01:51:50.847+0000] {processor.py:840} INFO - DAG(s) 'tutorial_dag' retrieved from /home/airflow/.local/lib/python3.8/site-packages/airflow/example_dags/tutorial_dag.py
[2025-07-12T01:51:50.880+0000] {logging_mixin.py:188} INFO - [2025-07-12T01:51:50.879+0000] {dag.py:3036} INFO - Sync 1 DAGs
[2025-07-12T01:51:50.897+0000] {logging_mixin.py:188} INFO - [2025-07-12T01:51:50.897+0000] {dag.py:3823} INFO - Setting next_dagrun for tutorial_dag to None, run_after=None
[2025-07-12T01:51:50.924+0000] {processor.py:183} INFO - Processing /home/airflow/.local/lib/python3.8/site-packages/airflow/example_dags/tutorial_dag.py took 0.098 seconds
[2025-07-12T01:52:21.134+0000] {processor.py:161} INFO - Started process (PID=1599) to work on /home/airflow/.local/lib/python3.8/site-packages/airflow/example_dags/tutorial_dag.py
[2025-07-12T01:52:21.136+0000] {processor.py:830} INFO - Processing file /home/airflow/.local/lib/python3.8/site-packages/airflow/example_dags/tutorial_dag.py for tasks to queue
[2025-07-12T01:52:21.139+0000] {logging_mixin.py:188} INFO - [2025-07-12T01:52:21.138+0000] {dagbag.py:538} INFO - Filling up the DagBag from /home/airflow/.local/lib/python3.8/site-packages/airflow/example_dags/tutorial_dag.py
[2025-07-12T01:52:21.148+0000] {processor.py:840} INFO - DAG(s) 'tutorial_dag' retrieved from /home/airflow/.local/lib/python3.8/site-packages/airflow/example_dags/tutorial_dag.py
[2025-07-12T01:52:21.179+0000] {logging_mixin.py:188} INFO - [2025-07-12T01:52:21.179+0000] {dag.py:3036} INFO - Sync 1 DAGs
[2025-07-12T01:52:21.195+0000] {logging_mixin.py:188} INFO - [2025-07-12T01:52:21.194+0000] {dag.py:3823} INFO - Setting next_dagrun for tutorial_dag to None, run_after=None
[2025-07-12T01:52:21.225+0000] {processor.py:183} INFO - Processing /home/airflow/.local/lib/python3.8/site-packages/airflow/example_dags/tutorial_dag.py took 0.095 seconds
[2025-07-12T01:52:51.648+0000] {processor.py:161} INFO - Started process (PID=1655) to work on /home/airflow/.local/lib/python3.8/site-packages/airflow/example_dags/tutorial_dag.py
[2025-07-12T01:52:51.650+0000] {processor.py:830} INFO - Processing file /home/airflow/.local/lib/python3.8/site-packages/airflow/example_dags/tutorial_dag.py for tasks to queue
[2025-07-12T01:52:51.652+0000] {logging_mixin.py:188} INFO - [2025-07-12T01:52:51.652+0000] {dagbag.py:538} INFO - Filling up the DagBag from /home/airflow/.local/lib/python3.8/site-packages/airflow/example_dags/tutorial_dag.py
[2025-07-12T01:52:51.660+0000] {processor.py:840} INFO - DAG(s) 'tutorial_dag' retrieved from /home/airflow/.local/lib/python3.8/site-packages/airflow/example_dags/tutorial_dag.py
[2025-07-12T01:52:51.690+0000] {logging_mixin.py:188} INFO - [2025-07-12T01:52:51.690+0000] {dag.py:3036} INFO - Sync 1 DAGs
[2025-07-12T01:52:51.708+0000] {logging_mixin.py:188} INFO - [2025-07-12T01:52:51.708+0000] {dag.py:3823} INFO - Setting next_dagrun for tutorial_dag to None, run_after=None
[2025-07-12T01:52:51.741+0000] {processor.py:183} INFO - Processing /home/airflow/.local/lib/python3.8/site-packages/airflow/example_dags/tutorial_dag.py took 0.098 seconds
[2025-07-12T01:54:17.295+0000] {processor.py:161} INFO - Started process (PID=88) to work on /home/airflow/.local/lib/python3.8/site-packages/airflow/example_dags/tutorial_dag.py
[2025-07-12T01:54:17.297+0000] {processor.py:830} INFO - Processing file /home/airflow/.local/lib/python3.8/site-packages/airflow/example_dags/tutorial_dag.py for tasks to queue
[2025-07-12T01:54:17.300+0000] {logging_mixin.py:188} INFO - [2025-07-12T01:54:17.299+0000] {dagbag.py:538} INFO - Filling up the DagBag from /home/airflow/.local/lib/python3.8/site-packages/airflow/example_dags/tutorial_dag.py
[2025-07-12T01:54:17.313+0000] {processor.py:840} INFO - DAG(s) 'tutorial_dag' retrieved from /home/airflow/.local/lib/python3.8/site-packages/airflow/example_dags/tutorial_dag.py
[2025-07-12T01:54:17.466+0000] {logging_mixin.py:188} INFO - [2025-07-12T01:54:17.465+0000] {override.py:1769} INFO - Created Permission View: can read on DAG:tutorial_dag
[2025-07-12T01:54:17.484+0000] {logging_mixin.py:188} INFO - [2025-07-12T01:54:17.484+0000] {override.py:1769} INFO - Created Permission View: can delete on DAG:tutorial_dag
[2025-07-12T01:54:17.499+0000] {logging_mixin.py:188} INFO - [2025-07-12T01:54:17.499+0000] {override.py:1769} INFO - Created Permission View: can edit on DAG:tutorial_dag
[2025-07-12T01:54:17.501+0000] {logging_mixin.py:188} INFO - [2025-07-12T01:54:17.500+0000] {dag.py:3036} INFO - Sync 1 DAGs
[2025-07-12T01:54:17.515+0000] {logging_mixin.py:188} INFO - [2025-07-12T01:54:17.515+0000] {dag.py:3058} INFO - Creating ORM DAG for tutorial_dag
[2025-07-12T01:54:17.517+0000] {logging_mixin.py:188} INFO - [2025-07-12T01:54:17.517+0000] {dag.py:3823} INFO - Setting next_dagrun for tutorial_dag to None, run_after=None
[2025-07-12T01:54:17.546+0000] {processor.py:183} INFO - Processing /home/airflow/.local/lib/python3.8/site-packages/airflow/example_dags/tutorial_dag.py took 0.256 seconds
[2025-07-12T01:54:47.793+0000] {processor.py:161} INFO - Started process (PID=145) to work on /home/airflow/.local/lib/python3.8/site-packages/airflow/example_dags/tutorial_dag.py
[2025-07-12T01:54:47.796+0000] {processor.py:830} INFO - Processing file /home/airflow/.local/lib/python3.8/site-packages/airflow/example_dags/tutorial_dag.py for tasks to queue
[2025-07-12T01:54:47.800+0000] {logging_mixin.py:188} INFO - [2025-07-12T01:54:47.799+0000] {dagbag.py:538} INFO - Filling up the DagBag from /home/airflow/.local/lib/python3.8/site-packages/airflow/example_dags/tutorial_dag.py
[2025-07-12T01:54:47.810+0000] {processor.py:840} INFO - DAG(s) 'tutorial_dag' retrieved from /home/airflow/.local/lib/python3.8/site-packages/airflow/example_dags/tutorial_dag.py
[2025-07-12T01:54:47.839+0000] {logging_mixin.py:188} INFO - [2025-07-12T01:54:47.838+0000] {dag.py:3036} INFO - Sync 1 DAGs
[2025-07-12T01:54:47.852+0000] {logging_mixin.py:188} INFO - [2025-07-12T01:54:47.852+0000] {dag.py:3823} INFO - Setting next_dagrun for tutorial_dag to None, run_after=None
[2025-07-12T01:54:47.877+0000] {processor.py:183} INFO - Processing /home/airflow/.local/lib/python3.8/site-packages/airflow/example_dags/tutorial_dag.py took 0.090 seconds
[2025-07-12T01:55:18.408+0000] {processor.py:161} INFO - Started process (PID=202) to work on /home/airflow/.local/lib/python3.8/site-packages/airflow/example_dags/tutorial_dag.py
[2025-07-12T01:55:18.410+0000] {processor.py:830} INFO - Processing file /home/airflow/.local/lib/python3.8/site-packages/airflow/example_dags/tutorial_dag.py for tasks to queue
[2025-07-12T01:55:18.413+0000] {logging_mixin.py:188} INFO - [2025-07-12T01:55:18.412+0000] {dagbag.py:538} INFO - Filling up the DagBag from /home/airflow/.local/lib/python3.8/site-packages/airflow/example_dags/tutorial_dag.py
[2025-07-12T01:55:18.421+0000] {processor.py:840} INFO - DAG(s) 'tutorial_dag' retrieved from /home/airflow/.local/lib/python3.8/site-packages/airflow/example_dags/tutorial_dag.py
[2025-07-12T01:55:18.451+0000] {logging_mixin.py:188} INFO - [2025-07-12T01:55:18.450+0000] {dag.py:3036} INFO - Sync 1 DAGs
[2025-07-12T01:55:18.466+0000] {logging_mixin.py:188} INFO - [2025-07-12T01:55:18.466+0000] {dag.py:3823} INFO - Setting next_dagrun for tutorial_dag to None, run_after=None
[2025-07-12T01:55:18.496+0000] {processor.py:183} INFO - Processing /home/airflow/.local/lib/python3.8/site-packages/airflow/example_dags/tutorial_dag.py took 0.092 seconds
[2025-07-12T01:55:49.371+0000] {processor.py:161} INFO - Started process (PID=264) to work on /home/airflow/.local/lib/python3.8/site-packages/airflow/example_dags/tutorial_dag.py
[2025-07-12T01:55:49.373+0000] {processor.py:830} INFO - Processing file /home/airflow/.local/lib/python3.8/site-packages/airflow/example_dags/tutorial_dag.py for tasks to queue
[2025-07-12T01:55:49.378+0000] {logging_mixin.py:188} INFO - [2025-07-12T01:55:49.377+0000] {dagbag.py:538} INFO - Filling up the DagBag from /home/airflow/.local/lib/python3.8/site-packages/airflow/example_dags/tutorial_dag.py
[2025-07-12T01:55:49.390+0000] {processor.py:840} INFO - DAG(s) 'tutorial_dag' retrieved from /home/airflow/.local/lib/python3.8/site-packages/airflow/example_dags/tutorial_dag.py
[2025-07-12T01:55:49.431+0000] {logging_mixin.py:188} INFO - [2025-07-12T01:55:49.431+0000] {dag.py:3036} INFO - Sync 1 DAGs
[2025-07-12T01:55:49.448+0000] {logging_mixin.py:188} INFO - [2025-07-12T01:55:49.448+0000] {dag.py:3823} INFO - Setting next_dagrun for tutorial_dag to None, run_after=None
[2025-07-12T01:55:49.480+0000] {processor.py:183} INFO - Processing /home/airflow/.local/lib/python3.8/site-packages/airflow/example_dags/tutorial_dag.py took 0.116 seconds
[2025-07-12T01:56:20.155+0000] {processor.py:161} INFO - Started process (PID=321) to work on /home/airflow/.local/lib/python3.8/site-packages/airflow/example_dags/tutorial_dag.py
[2025-07-12T01:56:20.157+0000] {processor.py:830} INFO - Processing file /home/airflow/.local/lib/python3.8/site-packages/airflow/example_dags/tutorial_dag.py for tasks to queue
[2025-07-12T01:56:20.160+0000] {logging_mixin.py:188} INFO - [2025-07-12T01:56:20.160+0000] {dagbag.py:538} INFO - Filling up the DagBag from /home/airflow/.local/lib/python3.8/site-packages/airflow/example_dags/tutorial_dag.py
[2025-07-12T01:56:20.170+0000] {processor.py:840} INFO - DAG(s) 'tutorial_dag' retrieved from /home/airflow/.local/lib/python3.8/site-packages/airflow/example_dags/tutorial_dag.py
[2025-07-12T01:56:20.203+0000] {logging_mixin.py:188} INFO - [2025-07-12T01:56:20.203+0000] {dag.py:3036} INFO - Sync 1 DAGs
[2025-07-12T01:56:20.221+0000] {logging_mixin.py:188} INFO - [2025-07-12T01:56:20.220+0000] {dag.py:3823} INFO - Setting next_dagrun for tutorial_dag to None, run_after=None
[2025-07-12T01:56:20.258+0000] {processor.py:183} INFO - Processing /home/airflow/.local/lib/python3.8/site-packages/airflow/example_dags/tutorial_dag.py took 0.109 seconds
[2025-07-12T01:56:51.263+0000] {processor.py:161} INFO - Started process (PID=382) to work on /home/airflow/.local/lib/python3.8/site-packages/airflow/example_dags/tutorial_dag.py
[2025-07-12T01:56:51.267+0000] {processor.py:830} INFO - Processing file /home/airflow/.local/lib/python3.8/site-packages/airflow/example_dags/tutorial_dag.py for tasks to queue
[2025-07-12T01:56:51.271+0000] {logging_mixin.py:188} INFO - [2025-07-12T01:56:51.271+0000] {dagbag.py:538} INFO - Filling up the DagBag from /home/airflow/.local/lib/python3.8/site-packages/airflow/example_dags/tutorial_dag.py
[2025-07-12T01:56:51.279+0000] {processor.py:840} INFO - DAG(s) 'tutorial_dag' retrieved from /home/airflow/.local/lib/python3.8/site-packages/airflow/example_dags/tutorial_dag.py
[2025-07-12T01:56:51.351+0000] {logging_mixin.py:188} INFO - [2025-07-12T01:56:51.350+0000] {dag.py:3036} INFO - Sync 1 DAGs
[2025-07-12T01:56:51.372+0000] {logging_mixin.py:188} INFO - [2025-07-12T01:56:51.371+0000] {dag.py:3823} INFO - Setting next_dagrun for tutorial_dag to None, run_after=None
[2025-07-12T01:56:51.412+0000] {processor.py:183} INFO - Processing /home/airflow/.local/lib/python3.8/site-packages/airflow/example_dags/tutorial_dag.py took 0.153 seconds
