[2025-07-15T21:45:33.107+0000] {taskinstance.py:1956} INFO - Dependencies all met for dep_context=non-requeueable deps ti=<TaskInstance: flight_etl_dag.transforming_data manual__2025-07-15T21:45:27.349341+00:00 [queued]>
[2025-07-15T21:45:33.125+0000] {taskinstance.py:1956} INFO - Dependencies all met for dep_context=requeueable deps ti=<TaskInstance: flight_etl_dag.transforming_data manual__2025-07-15T21:45:27.349341+00:00 [queued]>
[2025-07-15T21:45:33.127+0000] {taskinstance.py:2170} INFO - Starting attempt 1 of 2
[2025-07-15T21:45:33.151+0000] {taskinstance.py:2191} INFO - Executing <Task(PythonOperator): transforming_data> on 2025-07-15 21:45:27.349341+00:00
[2025-07-15T21:45:33.162+0000] {standard_task_runner.py:60} INFO - Started process 281 to run task
[2025-07-15T21:45:33.171+0000] {standard_task_runner.py:87} INFO - Running: ['airflow', 'tasks', 'run', 'flight_etl_dag', 'transforming_data', 'manual__2025-07-15T21:45:27.349341+00:00', '--job-id', '14', '--raw', '--subdir', 'DAGS_FOLDER/flight_etl_dag.py', '--cfg-path', '/tmp/tmpeqe29btf']
[2025-07-15T21:45:33.173+0000] {standard_task_runner.py:88} INFO - Job 14: Subtask transforming_data
[2025-07-15T21:45:33.315+0000] {task_command.py:423} INFO - Running <TaskInstance: flight_etl_dag.transforming_data manual__2025-07-15T21:45:27.349341+00:00 [running]> on host af26ca022444
[2025-07-15T21:45:33.485+0000] {taskinstance.py:2480} INFO - Exporting env vars: AIRFLOW_CTX_DAG_OWNER='airflow' AIRFLOW_CTX_DAG_ID='flight_etl_dag' AIRFLOW_CTX_TASK_ID='transforming_data' AIRFLOW_CTX_EXECUTION_DATE='2025-07-15T21:45:27.349341+00:00' AIRFLOW_CTX_TRY_NUMBER='1' AIRFLOW_CTX_DAG_RUN_ID='manual__2025-07-15T21:45:27.349341+00:00'
[2025-07-15T21:45:33.606+0000] {python.py:201} INFO - Done. Returned value was:     aircraft_id flight_number  ...      time        date
0        801625                ...  16:45:22  2025-07-15
3        ae6304                ...  16:43:48  2025-07-15
4        51116f      MBU2QV    ...  16:42:41  2025-07-15
5        ac101f                ...  16:42:44  2025-07-15
6        a3b86c      DAL1480   ...  16:42:17  2025-07-15
..          ...           ...  ...       ...         ...
448      abf9f8      SWA4245   ...  16:45:22  2025-07-15
449      a6622f                ...  16:44:42  2025-07-15
450      ac90a0                ...  16:45:08  2025-07-15
451      ac3c7e      N888KR    ...  16:40:54  2025-07-15
452      e880e8      FAP01     ...  16:41:16  2025-07-15

[396 rows x 11 columns]
[2025-07-15T21:45:33.729+0000] {taskinstance.py:1138} INFO - Marking task as SUCCESS. dag_id=flight_etl_dag, task_id=transforming_data, execution_date=20250715T214527, start_date=20250715T214533, end_date=20250715T214533
[2025-07-15T21:45:33.788+0000] {local_task_job_runner.py:234} INFO - Task exited with return code 0
[2025-07-15T21:45:33.828+0000] {taskinstance.py:3280} INFO - 0 downstream tasks scheduled from follow-on schedule check
