[2025-07-15T21:43:36.679+0000] {taskinstance.py:1956} INFO - Dependencies all met for dep_context=non-requeueable deps ti=<TaskInstance: flight_etl_dag.transforming_data manual__2025-07-15T21:43:30.786067+00:00 [queued]>
[2025-07-15T21:43:36.691+0000] {taskinstance.py:1956} INFO - Dependencies all met for dep_context=requeueable deps ti=<TaskInstance: flight_etl_dag.transforming_data manual__2025-07-15T21:43:30.786067+00:00 [queued]>
[2025-07-15T21:43:36.692+0000] {taskinstance.py:2170} INFO - Starting attempt 1 of 2
[2025-07-15T21:43:36.712+0000] {taskinstance.py:2191} INFO - Executing <Task(PythonOperator): transforming_data> on 2025-07-15 21:43:30.786067+00:00
[2025-07-15T21:43:36.719+0000] {standard_task_runner.py:60} INFO - Started process 248 to run task
[2025-07-15T21:43:36.723+0000] {standard_task_runner.py:87} INFO - Running: ['airflow', 'tasks', 'run', 'flight_etl_dag', 'transforming_data', 'manual__2025-07-15T21:43:30.786067+00:00', '--job-id', '11', '--raw', '--subdir', 'DAGS_FOLDER/flight_etl_dag.py', '--cfg-path', '/tmp/tmp08m1oh6g']
[2025-07-15T21:43:36.724+0000] {standard_task_runner.py:88} INFO - Job 11: Subtask transforming_data
[2025-07-15T21:43:36.810+0000] {task_command.py:423} INFO - Running <TaskInstance: flight_etl_dag.transforming_data manual__2025-07-15T21:43:30.786067+00:00 [running]> on host af26ca022444
[2025-07-15T21:43:36.957+0000] {taskinstance.py:2480} INFO - Exporting env vars: AIRFLOW_CTX_DAG_OWNER='airflow' AIRFLOW_CTX_DAG_ID='flight_etl_dag' AIRFLOW_CTX_TASK_ID='transforming_data' AIRFLOW_CTX_EXECUTION_DATE='2025-07-15T21:43:30.786067+00:00' AIRFLOW_CTX_TRY_NUMBER='1' AIRFLOW_CTX_DAG_RUN_ID='manual__2025-07-15T21:43:30.786067+00:00'
[2025-07-15T21:43:37.035+0000] {python.py:201} INFO - Done. Returned value was:     aircraft_id flight_number  ...      time        date
1        a3b88e                ...  16:39:53  2025-07-15
3        51116f      MBU2QV    ...  16:42:41  2025-07-15
4        ac101f                ...  16:42:44  2025-07-15
5        a3b86c      DAL1480   ...  16:42:17  2025-07-15
6        4acb59      SAS4657   ...  16:40:17  2025-07-15
..          ...           ...  ...       ...         ...
429      ae222f                ...  16:39:34  2025-07-15
430      4d2020      WZZ98YM   ...  16:43:24  2025-07-15
431      a1c229      ENY4048   ...  16:40:48  2025-07-15
432      ac3c7e      N888KR    ...  16:40:54  2025-07-15
433      e880e8      FAP01     ...  16:41:16  2025-07-15

[400 rows x 11 columns]
[2025-07-15T21:43:37.112+0000] {taskinstance.py:1138} INFO - Marking task as SUCCESS. dag_id=flight_etl_dag, task_id=transforming_data, execution_date=20250715T214330, start_date=20250715T214336, end_date=20250715T214337
[2025-07-15T21:43:37.179+0000] {local_task_job_runner.py:234} INFO - Task exited with return code 0
[2025-07-15T21:43:37.201+0000] {taskinstance.py:3280} INFO - 1 downstream tasks scheduled from follow-on schedule check
