[2025-07-09T19:54:23.997+0000] {processor.py:161} INFO - Started process (PID=77) to work on /home/airflow/.local/lib/python3.8/site-packages/airflow/example_dags/example_dag_decorator.py
[2025-07-09T19:54:23.999+0000] {processor.py:830} INFO - Processing file /home/airflow/.local/lib/python3.8/site-packages/airflow/example_dags/example_dag_decorator.py for tasks to queue
[2025-07-09T19:54:24.001+0000] {logging_mixin.py:188} INFO - [2025-07-09T19:54:24.001+0000] {dagbag.py:538} INFO - Filling up the DagBag from /home/airflow/.local/lib/python3.8/site-packages/airflow/example_dags/example_dag_decorator.py
[2025-07-09T19:54:24.296+0000] {processor.py:840} INFO - DAG(s) 'example_dag_decorator' retrieved from /home/airflow/.local/lib/python3.8/site-packages/airflow/example_dags/example_dag_decorator.py
[2025-07-09T19:54:24.468+0000] {logging_mixin.py:188} INFO - [2025-07-09T19:54:24.467+0000] {dag.py:3036} INFO - Sync 1 DAGs
[2025-07-09T19:54:24.483+0000] {logging_mixin.py:188} INFO - [2025-07-09T19:54:24.483+0000] {dag.py:3823} INFO - Setting next_dagrun for example_dag_decorator to None, run_after=None
[2025-07-09T19:54:24.519+0000] {processor.py:183} INFO - Processing /home/airflow/.local/lib/python3.8/site-packages/airflow/example_dags/example_dag_decorator.py took 0.527 seconds
[2025-07-09T19:54:55.035+0000] {processor.py:161} INFO - Started process (PID=133) to work on /home/airflow/.local/lib/python3.8/site-packages/airflow/example_dags/example_dag_decorator.py
[2025-07-09T19:54:55.037+0000] {processor.py:830} INFO - Processing file /home/airflow/.local/lib/python3.8/site-packages/airflow/example_dags/example_dag_decorator.py for tasks to queue
[2025-07-09T19:54:55.041+0000] {logging_mixin.py:188} INFO - [2025-07-09T19:54:55.040+0000] {dagbag.py:538} INFO - Filling up the DagBag from /home/airflow/.local/lib/python3.8/site-packages/airflow/example_dags/example_dag_decorator.py
[2025-07-09T19:54:55.161+0000] {processor.py:840} INFO - DAG(s) 'example_dag_decorator' retrieved from /home/airflow/.local/lib/python3.8/site-packages/airflow/example_dags/example_dag_decorator.py
[2025-07-09T19:54:55.271+0000] {logging_mixin.py:188} INFO - [2025-07-09T19:54:55.271+0000] {dag.py:3036} INFO - Sync 1 DAGs
[2025-07-09T19:54:55.282+0000] {logging_mixin.py:188} INFO - [2025-07-09T19:54:55.282+0000] {dag.py:3823} INFO - Setting next_dagrun for example_dag_decorator to None, run_after=None
[2025-07-09T19:54:55.309+0000] {processor.py:183} INFO - Processing /home/airflow/.local/lib/python3.8/site-packages/airflow/example_dags/example_dag_decorator.py took 0.277 seconds
[2025-07-09T19:55:26.053+0000] {processor.py:161} INFO - Started process (PID=190) to work on /home/airflow/.local/lib/python3.8/site-packages/airflow/example_dags/example_dag_decorator.py
[2025-07-09T19:55:26.055+0000] {processor.py:830} INFO - Processing file /home/airflow/.local/lib/python3.8/site-packages/airflow/example_dags/example_dag_decorator.py for tasks to queue
[2025-07-09T19:55:26.060+0000] {logging_mixin.py:188} INFO - [2025-07-09T19:55:26.059+0000] {dagbag.py:538} INFO - Filling up the DagBag from /home/airflow/.local/lib/python3.8/site-packages/airflow/example_dags/example_dag_decorator.py
[2025-07-09T19:55:26.204+0000] {processor.py:840} INFO - DAG(s) 'example_dag_decorator' retrieved from /home/airflow/.local/lib/python3.8/site-packages/airflow/example_dags/example_dag_decorator.py
[2025-07-09T19:55:26.351+0000] {logging_mixin.py:188} INFO - [2025-07-09T19:55:26.351+0000] {dag.py:3036} INFO - Sync 1 DAGs
[2025-07-09T19:55:26.367+0000] {logging_mixin.py:188} INFO - [2025-07-09T19:55:26.366+0000] {dag.py:3823} INFO - Setting next_dagrun for example_dag_decorator to None, run_after=None
[2025-07-09T19:55:26.403+0000] {processor.py:183} INFO - Processing /home/airflow/.local/lib/python3.8/site-packages/airflow/example_dags/example_dag_decorator.py took 0.357 seconds
[2025-07-09T19:55:56.608+0000] {processor.py:161} INFO - Started process (PID=248) to work on /home/airflow/.local/lib/python3.8/site-packages/airflow/example_dags/example_dag_decorator.py
[2025-07-09T19:55:56.610+0000] {processor.py:830} INFO - Processing file /home/airflow/.local/lib/python3.8/site-packages/airflow/example_dags/example_dag_decorator.py for tasks to queue
[2025-07-09T19:55:56.613+0000] {logging_mixin.py:188} INFO - [2025-07-09T19:55:56.612+0000] {dagbag.py:538} INFO - Filling up the DagBag from /home/airflow/.local/lib/python3.8/site-packages/airflow/example_dags/example_dag_decorator.py
[2025-07-09T19:55:56.734+0000] {processor.py:840} INFO - DAG(s) 'example_dag_decorator' retrieved from /home/airflow/.local/lib/python3.8/site-packages/airflow/example_dags/example_dag_decorator.py
[2025-07-09T19:55:56.858+0000] {logging_mixin.py:188} INFO - [2025-07-09T19:55:56.858+0000] {dag.py:3036} INFO - Sync 1 DAGs
[2025-07-09T19:55:56.872+0000] {logging_mixin.py:188} INFO - [2025-07-09T19:55:56.872+0000] {dag.py:3823} INFO - Setting next_dagrun for example_dag_decorator to None, run_after=None
[2025-07-09T19:55:56.900+0000] {processor.py:183} INFO - Processing /home/airflow/.local/lib/python3.8/site-packages/airflow/example_dags/example_dag_decorator.py took 0.296 seconds
[2025-07-09T19:56:27.078+0000] {processor.py:161} INFO - Started process (PID=304) to work on /home/airflow/.local/lib/python3.8/site-packages/airflow/example_dags/example_dag_decorator.py
[2025-07-09T19:56:27.093+0000] {processor.py:830} INFO - Processing file /home/airflow/.local/lib/python3.8/site-packages/airflow/example_dags/example_dag_decorator.py for tasks to queue
[2025-07-09T19:56:27.105+0000] {logging_mixin.py:188} INFO - [2025-07-09T19:56:27.104+0000] {dagbag.py:538} INFO - Filling up the DagBag from /home/airflow/.local/lib/python3.8/site-packages/airflow/example_dags/example_dag_decorator.py
[2025-07-09T19:56:27.428+0000] {processor.py:840} INFO - DAG(s) 'example_dag_decorator' retrieved from /home/airflow/.local/lib/python3.8/site-packages/airflow/example_dags/example_dag_decorator.py
[2025-07-09T19:56:27.733+0000] {logging_mixin.py:188} INFO - [2025-07-09T19:56:27.731+0000] {dag.py:3036} INFO - Sync 1 DAGs
[2025-07-09T19:56:27.760+0000] {logging_mixin.py:188} INFO - [2025-07-09T19:56:27.760+0000] {dag.py:3823} INFO - Setting next_dagrun for example_dag_decorator to None, run_after=None
[2025-07-09T19:56:27.839+0000] {processor.py:183} INFO - Processing /home/airflow/.local/lib/python3.8/site-packages/airflow/example_dags/example_dag_decorator.py took 0.765 seconds
[2025-07-09T19:56:58.630+0000] {processor.py:161} INFO - Started process (PID=364) to work on /home/airflow/.local/lib/python3.8/site-packages/airflow/example_dags/example_dag_decorator.py
[2025-07-09T19:56:58.632+0000] {processor.py:830} INFO - Processing file /home/airflow/.local/lib/python3.8/site-packages/airflow/example_dags/example_dag_decorator.py for tasks to queue
[2025-07-09T19:56:58.635+0000] {logging_mixin.py:188} INFO - [2025-07-09T19:56:58.635+0000] {dagbag.py:538} INFO - Filling up the DagBag from /home/airflow/.local/lib/python3.8/site-packages/airflow/example_dags/example_dag_decorator.py
[2025-07-09T19:56:58.746+0000] {processor.py:840} INFO - DAG(s) 'example_dag_decorator' retrieved from /home/airflow/.local/lib/python3.8/site-packages/airflow/example_dags/example_dag_decorator.py
[2025-07-09T19:56:58.874+0000] {logging_mixin.py:188} INFO - [2025-07-09T19:56:58.874+0000] {dag.py:3036} INFO - Sync 1 DAGs
[2025-07-09T19:56:58.886+0000] {logging_mixin.py:188} INFO - [2025-07-09T19:56:58.886+0000] {dag.py:3823} INFO - Setting next_dagrun for example_dag_decorator to None, run_after=None
[2025-07-09T19:56:58.915+0000] {processor.py:183} INFO - Processing /home/airflow/.local/lib/python3.8/site-packages/airflow/example_dags/example_dag_decorator.py took 0.289 seconds
[2025-07-09T19:57:29.129+0000] {processor.py:161} INFO - Started process (PID=421) to work on /home/airflow/.local/lib/python3.8/site-packages/airflow/example_dags/example_dag_decorator.py
[2025-07-09T19:57:29.134+0000] {processor.py:830} INFO - Processing file /home/airflow/.local/lib/python3.8/site-packages/airflow/example_dags/example_dag_decorator.py for tasks to queue
[2025-07-09T19:57:29.143+0000] {logging_mixin.py:188} INFO - [2025-07-09T19:57:29.142+0000] {dagbag.py:538} INFO - Filling up the DagBag from /home/airflow/.local/lib/python3.8/site-packages/airflow/example_dags/example_dag_decorator.py
[2025-07-09T19:57:29.366+0000] {processor.py:840} INFO - DAG(s) 'example_dag_decorator' retrieved from /home/airflow/.local/lib/python3.8/site-packages/airflow/example_dags/example_dag_decorator.py
[2025-07-09T19:57:29.661+0000] {logging_mixin.py:188} INFO - [2025-07-09T19:57:29.660+0000] {dag.py:3036} INFO - Sync 1 DAGs
[2025-07-09T19:57:29.688+0000] {logging_mixin.py:188} INFO - [2025-07-09T19:57:29.687+0000] {dag.py:3823} INFO - Setting next_dagrun for example_dag_decorator to None, run_after=None
[2025-07-09T19:57:29.752+0000] {processor.py:183} INFO - Processing /home/airflow/.local/lib/python3.8/site-packages/airflow/example_dags/example_dag_decorator.py took 0.642 seconds
[2025-07-09T19:58:00.111+0000] {processor.py:161} INFO - Started process (PID=489) to work on /home/airflow/.local/lib/python3.8/site-packages/airflow/example_dags/example_dag_decorator.py
[2025-07-09T19:58:00.113+0000] {processor.py:830} INFO - Processing file /home/airflow/.local/lib/python3.8/site-packages/airflow/example_dags/example_dag_decorator.py for tasks to queue
[2025-07-09T19:58:00.116+0000] {logging_mixin.py:188} INFO - [2025-07-09T19:58:00.115+0000] {dagbag.py:538} INFO - Filling up the DagBag from /home/airflow/.local/lib/python3.8/site-packages/airflow/example_dags/example_dag_decorator.py
[2025-07-09T19:58:00.286+0000] {processor.py:840} INFO - DAG(s) 'example_dag_decorator' retrieved from /home/airflow/.local/lib/python3.8/site-packages/airflow/example_dags/example_dag_decorator.py
[2025-07-09T19:58:00.316+0000] {logging_mixin.py:188} INFO - [2025-07-09T19:58:00.316+0000] {dag.py:3036} INFO - Sync 1 DAGs
[2025-07-09T19:58:00.332+0000] {logging_mixin.py:188} INFO - [2025-07-09T19:58:00.331+0000] {dag.py:3823} INFO - Setting next_dagrun for example_dag_decorator to None, run_after=None
[2025-07-09T19:58:00.364+0000] {processor.py:183} INFO - Processing /home/airflow/.local/lib/python3.8/site-packages/airflow/example_dags/example_dag_decorator.py took 0.258 seconds
[2025-07-09T19:58:30.449+0000] {processor.py:161} INFO - Started process (PID=547) to work on /home/airflow/.local/lib/python3.8/site-packages/airflow/example_dags/example_dag_decorator.py
[2025-07-09T19:58:30.451+0000] {processor.py:830} INFO - Processing file /home/airflow/.local/lib/python3.8/site-packages/airflow/example_dags/example_dag_decorator.py for tasks to queue
[2025-07-09T19:58:30.454+0000] {logging_mixin.py:188} INFO - [2025-07-09T19:58:30.454+0000] {dagbag.py:538} INFO - Filling up the DagBag from /home/airflow/.local/lib/python3.8/site-packages/airflow/example_dags/example_dag_decorator.py
[2025-07-09T19:58:30.565+0000] {processor.py:840} INFO - DAG(s) 'example_dag_decorator' retrieved from /home/airflow/.local/lib/python3.8/site-packages/airflow/example_dags/example_dag_decorator.py
[2025-07-09T19:58:30.692+0000] {logging_mixin.py:188} INFO - [2025-07-09T19:58:30.691+0000] {dag.py:3036} INFO - Sync 1 DAGs
[2025-07-09T19:58:30.706+0000] {logging_mixin.py:188} INFO - [2025-07-09T19:58:30.706+0000] {dag.py:3823} INFO - Setting next_dagrun for example_dag_decorator to None, run_after=None
[2025-07-09T19:58:30.744+0000] {processor.py:183} INFO - Processing /home/airflow/.local/lib/python3.8/site-packages/airflow/example_dags/example_dag_decorator.py took 0.300 seconds
[2025-07-09T19:59:01.051+0000] {processor.py:161} INFO - Started process (PID=607) to work on /home/airflow/.local/lib/python3.8/site-packages/airflow/example_dags/example_dag_decorator.py
[2025-07-09T19:59:01.054+0000] {processor.py:830} INFO - Processing file /home/airflow/.local/lib/python3.8/site-packages/airflow/example_dags/example_dag_decorator.py for tasks to queue
[2025-07-09T19:59:01.059+0000] {logging_mixin.py:188} INFO - [2025-07-09T19:59:01.058+0000] {dagbag.py:538} INFO - Filling up the DagBag from /home/airflow/.local/lib/python3.8/site-packages/airflow/example_dags/example_dag_decorator.py
[2025-07-09T19:59:01.301+0000] {processor.py:840} INFO - DAG(s) 'example_dag_decorator' retrieved from /home/airflow/.local/lib/python3.8/site-packages/airflow/example_dags/example_dag_decorator.py
[2025-07-09T19:59:01.427+0000] {logging_mixin.py:188} INFO - [2025-07-09T19:59:01.427+0000] {dag.py:3036} INFO - Sync 1 DAGs
[2025-07-09T19:59:01.440+0000] {logging_mixin.py:188} INFO - [2025-07-09T19:59:01.439+0000] {dag.py:3823} INFO - Setting next_dagrun for example_dag_decorator to None, run_after=None
[2025-07-09T19:59:01.466+0000] {processor.py:183} INFO - Processing /home/airflow/.local/lib/python3.8/site-packages/airflow/example_dags/example_dag_decorator.py took 0.421 seconds
[2025-07-09T19:59:31.890+0000] {processor.py:161} INFO - Started process (PID=664) to work on /home/airflow/.local/lib/python3.8/site-packages/airflow/example_dags/example_dag_decorator.py
[2025-07-09T19:59:31.892+0000] {processor.py:830} INFO - Processing file /home/airflow/.local/lib/python3.8/site-packages/airflow/example_dags/example_dag_decorator.py for tasks to queue
[2025-07-09T19:59:31.895+0000] {logging_mixin.py:188} INFO - [2025-07-09T19:59:31.895+0000] {dagbag.py:538} INFO - Filling up the DagBag from /home/airflow/.local/lib/python3.8/site-packages/airflow/example_dags/example_dag_decorator.py
[2025-07-09T19:59:32.026+0000] {processor.py:840} INFO - DAG(s) 'example_dag_decorator' retrieved from /home/airflow/.local/lib/python3.8/site-packages/airflow/example_dags/example_dag_decorator.py
[2025-07-09T19:59:32.142+0000] {logging_mixin.py:188} INFO - [2025-07-09T19:59:32.142+0000] {dag.py:3036} INFO - Sync 1 DAGs
[2025-07-09T19:59:32.155+0000] {logging_mixin.py:188} INFO - [2025-07-09T19:59:32.155+0000] {dag.py:3823} INFO - Setting next_dagrun for example_dag_decorator to None, run_after=None
[2025-07-09T19:59:32.181+0000] {processor.py:183} INFO - Processing /home/airflow/.local/lib/python3.8/site-packages/airflow/example_dags/example_dag_decorator.py took 0.295 seconds
[2025-07-09T20:00:02.340+0000] {processor.py:161} INFO - Started process (PID=720) to work on /home/airflow/.local/lib/python3.8/site-packages/airflow/example_dags/example_dag_decorator.py
[2025-07-09T20:00:02.343+0000] {processor.py:830} INFO - Processing file /home/airflow/.local/lib/python3.8/site-packages/airflow/example_dags/example_dag_decorator.py for tasks to queue
[2025-07-09T20:00:02.348+0000] {logging_mixin.py:188} INFO - [2025-07-09T20:00:02.348+0000] {dagbag.py:538} INFO - Filling up the DagBag from /home/airflow/.local/lib/python3.8/site-packages/airflow/example_dags/example_dag_decorator.py
[2025-07-09T20:00:02.532+0000] {processor.py:840} INFO - DAG(s) 'example_dag_decorator' retrieved from /home/airflow/.local/lib/python3.8/site-packages/airflow/example_dags/example_dag_decorator.py
[2025-07-09T20:00:02.700+0000] {logging_mixin.py:188} INFO - [2025-07-09T20:00:02.700+0000] {dag.py:3036} INFO - Sync 1 DAGs
[2025-07-09T20:00:02.720+0000] {logging_mixin.py:188} INFO - [2025-07-09T20:00:02.720+0000] {dag.py:3823} INFO - Setting next_dagrun for example_dag_decorator to None, run_after=None
[2025-07-09T20:00:02.767+0000] {processor.py:183} INFO - Processing /home/airflow/.local/lib/python3.8/site-packages/airflow/example_dags/example_dag_decorator.py took 0.437 seconds
[2025-07-09T20:00:33.568+0000] {processor.py:161} INFO - Started process (PID=776) to work on /home/airflow/.local/lib/python3.8/site-packages/airflow/example_dags/example_dag_decorator.py
[2025-07-09T20:00:33.570+0000] {processor.py:830} INFO - Processing file /home/airflow/.local/lib/python3.8/site-packages/airflow/example_dags/example_dag_decorator.py for tasks to queue
[2025-07-09T20:00:33.574+0000] {logging_mixin.py:188} INFO - [2025-07-09T20:00:33.574+0000] {dagbag.py:538} INFO - Filling up the DagBag from /home/airflow/.local/lib/python3.8/site-packages/airflow/example_dags/example_dag_decorator.py
[2025-07-09T20:00:33.707+0000] {processor.py:840} INFO - DAG(s) 'example_dag_decorator' retrieved from /home/airflow/.local/lib/python3.8/site-packages/airflow/example_dags/example_dag_decorator.py
[2025-07-09T20:00:33.844+0000] {logging_mixin.py:188} INFO - [2025-07-09T20:00:33.843+0000] {dag.py:3036} INFO - Sync 1 DAGs
[2025-07-09T20:00:33.863+0000] {logging_mixin.py:188} INFO - [2025-07-09T20:00:33.863+0000] {dag.py:3823} INFO - Setting next_dagrun for example_dag_decorator to None, run_after=None
[2025-07-09T20:00:33.898+0000] {processor.py:183} INFO - Processing /home/airflow/.local/lib/python3.8/site-packages/airflow/example_dags/example_dag_decorator.py took 0.338 seconds
[2025-07-09T22:49:01.360+0000] {processor.py:161} INFO - Started process (PID=825) to work on /home/airflow/.local/lib/python3.8/site-packages/airflow/example_dags/example_dag_decorator.py
[2025-07-09T22:49:01.363+0000] {processor.py:830} INFO - Processing file /home/airflow/.local/lib/python3.8/site-packages/airflow/example_dags/example_dag_decorator.py for tasks to queue
[2025-07-09T22:49:01.368+0000] {logging_mixin.py:188} INFO - [2025-07-09T22:49:01.367+0000] {dagbag.py:538} INFO - Filling up the DagBag from /home/airflow/.local/lib/python3.8/site-packages/airflow/example_dags/example_dag_decorator.py
[2025-07-09T22:49:01.541+0000] {processor.py:840} INFO - DAG(s) 'example_dag_decorator' retrieved from /home/airflow/.local/lib/python3.8/site-packages/airflow/example_dags/example_dag_decorator.py
[2025-07-09T22:49:01.788+0000] {logging_mixin.py:188} INFO - [2025-07-09T22:49:01.787+0000] {dag.py:3036} INFO - Sync 1 DAGs
[2025-07-09T22:49:01.817+0000] {logging_mixin.py:188} INFO - [2025-07-09T22:49:01.817+0000] {dag.py:3823} INFO - Setting next_dagrun for example_dag_decorator to None, run_after=None
[2025-07-09T22:49:01.875+0000] {processor.py:183} INFO - Processing /home/airflow/.local/lib/python3.8/site-packages/airflow/example_dags/example_dag_decorator.py took 0.521 seconds
[2025-07-09T22:49:32.102+0000] {processor.py:161} INFO - Started process (PID=882) to work on /home/airflow/.local/lib/python3.8/site-packages/airflow/example_dags/example_dag_decorator.py
[2025-07-09T22:49:32.104+0000] {processor.py:830} INFO - Processing file /home/airflow/.local/lib/python3.8/site-packages/airflow/example_dags/example_dag_decorator.py for tasks to queue
[2025-07-09T22:49:32.108+0000] {logging_mixin.py:188} INFO - [2025-07-09T22:49:32.108+0000] {dagbag.py:538} INFO - Filling up the DagBag from /home/airflow/.local/lib/python3.8/site-packages/airflow/example_dags/example_dag_decorator.py
[2025-07-09T22:49:32.224+0000] {processor.py:840} INFO - DAG(s) 'example_dag_decorator' retrieved from /home/airflow/.local/lib/python3.8/site-packages/airflow/example_dags/example_dag_decorator.py
[2025-07-09T22:49:32.359+0000] {logging_mixin.py:188} INFO - [2025-07-09T22:49:32.359+0000] {dag.py:3036} INFO - Sync 1 DAGs
[2025-07-09T22:49:32.372+0000] {logging_mixin.py:188} INFO - [2025-07-09T22:49:32.372+0000] {dag.py:3823} INFO - Setting next_dagrun for example_dag_decorator to None, run_after=None
[2025-07-09T22:49:32.402+0000] {processor.py:183} INFO - Processing /home/airflow/.local/lib/python3.8/site-packages/airflow/example_dags/example_dag_decorator.py took 0.307 seconds
[2025-07-09T22:50:03.119+0000] {processor.py:161} INFO - Started process (PID=939) to work on /home/airflow/.local/lib/python3.8/site-packages/airflow/example_dags/example_dag_decorator.py
[2025-07-09T22:50:03.122+0000] {processor.py:830} INFO - Processing file /home/airflow/.local/lib/python3.8/site-packages/airflow/example_dags/example_dag_decorator.py for tasks to queue
[2025-07-09T22:50:03.125+0000] {logging_mixin.py:188} INFO - [2025-07-09T22:50:03.125+0000] {dagbag.py:538} INFO - Filling up the DagBag from /home/airflow/.local/lib/python3.8/site-packages/airflow/example_dags/example_dag_decorator.py
[2025-07-09T22:50:03.252+0000] {processor.py:840} INFO - DAG(s) 'example_dag_decorator' retrieved from /home/airflow/.local/lib/python3.8/site-packages/airflow/example_dags/example_dag_decorator.py
[2025-07-09T22:50:03.376+0000] {logging_mixin.py:188} INFO - [2025-07-09T22:50:03.376+0000] {dag.py:3036} INFO - Sync 1 DAGs
[2025-07-09T22:50:03.388+0000] {logging_mixin.py:188} INFO - [2025-07-09T22:50:03.388+0000] {dag.py:3823} INFO - Setting next_dagrun for example_dag_decorator to None, run_after=None
[2025-07-09T22:50:03.416+0000] {processor.py:183} INFO - Processing /home/airflow/.local/lib/python3.8/site-packages/airflow/example_dags/example_dag_decorator.py took 0.304 seconds
[2025-07-09T22:50:33.708+0000] {processor.py:161} INFO - Started process (PID=997) to work on /home/airflow/.local/lib/python3.8/site-packages/airflow/example_dags/example_dag_decorator.py
[2025-07-09T22:50:33.711+0000] {processor.py:830} INFO - Processing file /home/airflow/.local/lib/python3.8/site-packages/airflow/example_dags/example_dag_decorator.py for tasks to queue
[2025-07-09T22:50:33.714+0000] {logging_mixin.py:188} INFO - [2025-07-09T22:50:33.714+0000] {dagbag.py:538} INFO - Filling up the DagBag from /home/airflow/.local/lib/python3.8/site-packages/airflow/example_dags/example_dag_decorator.py
[2025-07-09T22:50:33.865+0000] {processor.py:840} INFO - DAG(s) 'example_dag_decorator' retrieved from /home/airflow/.local/lib/python3.8/site-packages/airflow/example_dags/example_dag_decorator.py
[2025-07-09T22:50:34.029+0000] {logging_mixin.py:188} INFO - [2025-07-09T22:50:34.028+0000] {dag.py:3036} INFO - Sync 1 DAGs
[2025-07-09T22:50:34.051+0000] {logging_mixin.py:188} INFO - [2025-07-09T22:50:34.050+0000] {dag.py:3823} INFO - Setting next_dagrun for example_dag_decorator to None, run_after=None
[2025-07-09T22:50:34.099+0000] {processor.py:183} INFO - Processing /home/airflow/.local/lib/python3.8/site-packages/airflow/example_dags/example_dag_decorator.py took 0.397 seconds
[2025-07-09T22:51:04.223+0000] {processor.py:161} INFO - Started process (PID=1056) to work on /home/airflow/.local/lib/python3.8/site-packages/airflow/example_dags/example_dag_decorator.py
[2025-07-09T22:51:04.225+0000] {processor.py:830} INFO - Processing file /home/airflow/.local/lib/python3.8/site-packages/airflow/example_dags/example_dag_decorator.py for tasks to queue
[2025-07-09T22:51:04.227+0000] {logging_mixin.py:188} INFO - [2025-07-09T22:51:04.227+0000] {dagbag.py:538} INFO - Filling up the DagBag from /home/airflow/.local/lib/python3.8/site-packages/airflow/example_dags/example_dag_decorator.py
[2025-07-09T22:51:04.361+0000] {processor.py:840} INFO - DAG(s) 'example_dag_decorator' retrieved from /home/airflow/.local/lib/python3.8/site-packages/airflow/example_dags/example_dag_decorator.py
[2025-07-09T22:51:04.491+0000] {logging_mixin.py:188} INFO - [2025-07-09T22:51:04.491+0000] {dag.py:3036} INFO - Sync 1 DAGs
[2025-07-09T22:51:04.505+0000] {logging_mixin.py:188} INFO - [2025-07-09T22:51:04.505+0000] {dag.py:3823} INFO - Setting next_dagrun for example_dag_decorator to None, run_after=None
[2025-07-09T22:51:04.535+0000] {processor.py:183} INFO - Processing /home/airflow/.local/lib/python3.8/site-packages/airflow/example_dags/example_dag_decorator.py took 0.317 seconds
[2025-07-09T22:51:34.773+0000] {processor.py:161} INFO - Started process (PID=1110) to work on /home/airflow/.local/lib/python3.8/site-packages/airflow/example_dags/example_dag_decorator.py
[2025-07-09T22:51:34.776+0000] {processor.py:830} INFO - Processing file /home/airflow/.local/lib/python3.8/site-packages/airflow/example_dags/example_dag_decorator.py for tasks to queue
[2025-07-09T22:51:34.779+0000] {logging_mixin.py:188} INFO - [2025-07-09T22:51:34.779+0000] {dagbag.py:538} INFO - Filling up the DagBag from /home/airflow/.local/lib/python3.8/site-packages/airflow/example_dags/example_dag_decorator.py
[2025-07-09T22:51:34.931+0000] {processor.py:840} INFO - DAG(s) 'example_dag_decorator' retrieved from /home/airflow/.local/lib/python3.8/site-packages/airflow/example_dags/example_dag_decorator.py
[2025-07-09T22:51:35.096+0000] {logging_mixin.py:188} INFO - [2025-07-09T22:51:35.096+0000] {dag.py:3036} INFO - Sync 1 DAGs
[2025-07-09T22:51:35.116+0000] {logging_mixin.py:188} INFO - [2025-07-09T22:51:35.116+0000] {dag.py:3823} INFO - Setting next_dagrun for example_dag_decorator to None, run_after=None
[2025-07-09T22:51:35.168+0000] {processor.py:183} INFO - Processing /home/airflow/.local/lib/python3.8/site-packages/airflow/example_dags/example_dag_decorator.py took 0.404 seconds
[2025-07-09T22:52:05.306+0000] {processor.py:161} INFO - Started process (PID=1168) to work on /home/airflow/.local/lib/python3.8/site-packages/airflow/example_dags/example_dag_decorator.py
[2025-07-09T22:52:05.308+0000] {processor.py:830} INFO - Processing file /home/airflow/.local/lib/python3.8/site-packages/airflow/example_dags/example_dag_decorator.py for tasks to queue
[2025-07-09T22:52:05.312+0000] {logging_mixin.py:188} INFO - [2025-07-09T22:52:05.311+0000] {dagbag.py:538} INFO - Filling up the DagBag from /home/airflow/.local/lib/python3.8/site-packages/airflow/example_dags/example_dag_decorator.py
[2025-07-09T22:52:05.460+0000] {processor.py:840} INFO - DAG(s) 'example_dag_decorator' retrieved from /home/airflow/.local/lib/python3.8/site-packages/airflow/example_dags/example_dag_decorator.py
[2025-07-09T22:52:05.598+0000] {logging_mixin.py:188} INFO - [2025-07-09T22:52:05.598+0000] {dag.py:3036} INFO - Sync 1 DAGs
[2025-07-09T22:52:05.615+0000] {logging_mixin.py:188} INFO - [2025-07-09T22:52:05.614+0000] {dag.py:3823} INFO - Setting next_dagrun for example_dag_decorator to None, run_after=None
[2025-07-09T22:52:05.659+0000] {processor.py:183} INFO - Processing /home/airflow/.local/lib/python3.8/site-packages/airflow/example_dags/example_dag_decorator.py took 0.359 seconds
[2025-07-09T22:52:35.837+0000] {processor.py:161} INFO - Started process (PID=1232) to work on /home/airflow/.local/lib/python3.8/site-packages/airflow/example_dags/example_dag_decorator.py
[2025-07-09T22:52:35.839+0000] {processor.py:830} INFO - Processing file /home/airflow/.local/lib/python3.8/site-packages/airflow/example_dags/example_dag_decorator.py for tasks to queue
[2025-07-09T22:52:35.842+0000] {logging_mixin.py:188} INFO - [2025-07-09T22:52:35.842+0000] {dagbag.py:538} INFO - Filling up the DagBag from /home/airflow/.local/lib/python3.8/site-packages/airflow/example_dags/example_dag_decorator.py
[2025-07-09T22:52:35.970+0000] {processor.py:840} INFO - DAG(s) 'example_dag_decorator' retrieved from /home/airflow/.local/lib/python3.8/site-packages/airflow/example_dags/example_dag_decorator.py
[2025-07-09T22:52:36.119+0000] {logging_mixin.py:188} INFO - [2025-07-09T22:52:36.119+0000] {dag.py:3036} INFO - Sync 1 DAGs
[2025-07-09T22:52:36.137+0000] {logging_mixin.py:188} INFO - [2025-07-09T22:52:36.136+0000] {dag.py:3823} INFO - Setting next_dagrun for example_dag_decorator to None, run_after=None
[2025-07-09T22:52:36.177+0000] {processor.py:183} INFO - Processing /home/airflow/.local/lib/python3.8/site-packages/airflow/example_dags/example_dag_decorator.py took 0.345 seconds
[2025-07-09T22:53:06.268+0000] {processor.py:161} INFO - Started process (PID=1290) to work on /home/airflow/.local/lib/python3.8/site-packages/airflow/example_dags/example_dag_decorator.py
[2025-07-09T22:53:06.269+0000] {processor.py:830} INFO - Processing file /home/airflow/.local/lib/python3.8/site-packages/airflow/example_dags/example_dag_decorator.py for tasks to queue
[2025-07-09T22:53:06.273+0000] {logging_mixin.py:188} INFO - [2025-07-09T22:53:06.273+0000] {dagbag.py:538} INFO - Filling up the DagBag from /home/airflow/.local/lib/python3.8/site-packages/airflow/example_dags/example_dag_decorator.py
[2025-07-09T22:53:06.410+0000] {processor.py:840} INFO - DAG(s) 'example_dag_decorator' retrieved from /home/airflow/.local/lib/python3.8/site-packages/airflow/example_dags/example_dag_decorator.py
[2025-07-09T22:53:06.783+0000] {logging_mixin.py:188} INFO - [2025-07-09T22:53:06.783+0000] {dag.py:3036} INFO - Sync 1 DAGs
[2025-07-09T22:53:06.799+0000] {logging_mixin.py:188} INFO - [2025-07-09T22:53:06.799+0000] {dag.py:3823} INFO - Setting next_dagrun for example_dag_decorator to None, run_after=None
[2025-07-09T22:53:06.832+0000] {processor.py:183} INFO - Processing /home/airflow/.local/lib/python3.8/site-packages/airflow/example_dags/example_dag_decorator.py took 0.570 seconds
[2025-07-09T22:53:37.121+0000] {processor.py:161} INFO - Started process (PID=1346) to work on /home/airflow/.local/lib/python3.8/site-packages/airflow/example_dags/example_dag_decorator.py
[2025-07-09T22:53:37.124+0000] {processor.py:830} INFO - Processing file /home/airflow/.local/lib/python3.8/site-packages/airflow/example_dags/example_dag_decorator.py for tasks to queue
[2025-07-09T22:53:37.129+0000] {logging_mixin.py:188} INFO - [2025-07-09T22:53:37.128+0000] {dagbag.py:538} INFO - Filling up the DagBag from /home/airflow/.local/lib/python3.8/site-packages/airflow/example_dags/example_dag_decorator.py
[2025-07-09T22:53:37.273+0000] {processor.py:840} INFO - DAG(s) 'example_dag_decorator' retrieved from /home/airflow/.local/lib/python3.8/site-packages/airflow/example_dags/example_dag_decorator.py
[2025-07-09T22:53:37.424+0000] {logging_mixin.py:188} INFO - [2025-07-09T22:53:37.423+0000] {dag.py:3036} INFO - Sync 1 DAGs
[2025-07-09T22:53:37.607+0000] {logging_mixin.py:188} INFO - [2025-07-09T22:53:37.607+0000] {dag.py:3823} INFO - Setting next_dagrun for example_dag_decorator to None, run_after=None
[2025-07-09T22:53:37.662+0000] {processor.py:183} INFO - Processing /home/airflow/.local/lib/python3.8/site-packages/airflow/example_dags/example_dag_decorator.py took 0.548 seconds
[2025-07-09T22:54:07.842+0000] {processor.py:161} INFO - Started process (PID=1402) to work on /home/airflow/.local/lib/python3.8/site-packages/airflow/example_dags/example_dag_decorator.py
[2025-07-09T22:54:07.844+0000] {processor.py:830} INFO - Processing file /home/airflow/.local/lib/python3.8/site-packages/airflow/example_dags/example_dag_decorator.py for tasks to queue
[2025-07-09T22:54:07.846+0000] {logging_mixin.py:188} INFO - [2025-07-09T22:54:07.846+0000] {dagbag.py:538} INFO - Filling up the DagBag from /home/airflow/.local/lib/python3.8/site-packages/airflow/example_dags/example_dag_decorator.py
[2025-07-09T22:54:08.006+0000] {processor.py:840} INFO - DAG(s) 'example_dag_decorator' retrieved from /home/airflow/.local/lib/python3.8/site-packages/airflow/example_dags/example_dag_decorator.py
[2025-07-09T22:54:08.170+0000] {logging_mixin.py:188} INFO - [2025-07-09T22:54:08.169+0000] {dag.py:3036} INFO - Sync 1 DAGs
[2025-07-09T22:54:08.187+0000] {logging_mixin.py:188} INFO - [2025-07-09T22:54:08.186+0000] {dag.py:3823} INFO - Setting next_dagrun for example_dag_decorator to None, run_after=None
[2025-07-09T22:54:08.493+0000] {processor.py:183} INFO - Processing /home/airflow/.local/lib/python3.8/site-packages/airflow/example_dags/example_dag_decorator.py took 0.655 seconds
[2025-07-09T22:54:38.546+0000] {processor.py:161} INFO - Started process (PID=1460) to work on /home/airflow/.local/lib/python3.8/site-packages/airflow/example_dags/example_dag_decorator.py
[2025-07-09T22:54:38.548+0000] {processor.py:830} INFO - Processing file /home/airflow/.local/lib/python3.8/site-packages/airflow/example_dags/example_dag_decorator.py for tasks to queue
[2025-07-09T22:54:38.551+0000] {logging_mixin.py:188} INFO - [2025-07-09T22:54:38.550+0000] {dagbag.py:538} INFO - Filling up the DagBag from /home/airflow/.local/lib/python3.8/site-packages/airflow/example_dags/example_dag_decorator.py
[2025-07-09T22:54:38.684+0000] {processor.py:840} INFO - DAG(s) 'example_dag_decorator' retrieved from /home/airflow/.local/lib/python3.8/site-packages/airflow/example_dags/example_dag_decorator.py
[2025-07-09T22:54:38.822+0000] {logging_mixin.py:188} INFO - [2025-07-09T22:54:38.822+0000] {dag.py:3036} INFO - Sync 1 DAGs
[2025-07-09T22:54:38.840+0000] {logging_mixin.py:188} INFO - [2025-07-09T22:54:38.839+0000] {dag.py:3823} INFO - Setting next_dagrun for example_dag_decorator to None, run_after=None
[2025-07-09T22:54:38.874+0000] {processor.py:183} INFO - Processing /home/airflow/.local/lib/python3.8/site-packages/airflow/example_dags/example_dag_decorator.py took 0.336 seconds
[2025-07-09T22:55:09.123+0000] {processor.py:161} INFO - Started process (PID=1518) to work on /home/airflow/.local/lib/python3.8/site-packages/airflow/example_dags/example_dag_decorator.py
[2025-07-09T22:55:09.126+0000] {processor.py:830} INFO - Processing file /home/airflow/.local/lib/python3.8/site-packages/airflow/example_dags/example_dag_decorator.py for tasks to queue
[2025-07-09T22:55:09.131+0000] {logging_mixin.py:188} INFO - [2025-07-09T22:55:09.130+0000] {dagbag.py:538} INFO - Filling up the DagBag from /home/airflow/.local/lib/python3.8/site-packages/airflow/example_dags/example_dag_decorator.py
[2025-07-09T22:55:09.253+0000] {processor.py:840} INFO - DAG(s) 'example_dag_decorator' retrieved from /home/airflow/.local/lib/python3.8/site-packages/airflow/example_dags/example_dag_decorator.py
[2025-07-09T22:55:09.368+0000] {logging_mixin.py:188} INFO - [2025-07-09T22:55:09.368+0000] {dag.py:3036} INFO - Sync 1 DAGs
[2025-07-09T22:55:09.382+0000] {logging_mixin.py:188} INFO - [2025-07-09T22:55:09.382+0000] {dag.py:3823} INFO - Setting next_dagrun for example_dag_decorator to None, run_after=None
[2025-07-09T22:55:09.415+0000] {processor.py:183} INFO - Processing /home/airflow/.local/lib/python3.8/site-packages/airflow/example_dags/example_dag_decorator.py took 0.298 seconds
[2025-07-09T22:55:39.551+0000] {processor.py:161} INFO - Started process (PID=1576) to work on /home/airflow/.local/lib/python3.8/site-packages/airflow/example_dags/example_dag_decorator.py
[2025-07-09T22:55:39.554+0000] {processor.py:830} INFO - Processing file /home/airflow/.local/lib/python3.8/site-packages/airflow/example_dags/example_dag_decorator.py for tasks to queue
[2025-07-09T22:55:39.556+0000] {logging_mixin.py:188} INFO - [2025-07-09T22:55:39.556+0000] {dagbag.py:538} INFO - Filling up the DagBag from /home/airflow/.local/lib/python3.8/site-packages/airflow/example_dags/example_dag_decorator.py
[2025-07-09T22:55:39.702+0000] {processor.py:840} INFO - DAG(s) 'example_dag_decorator' retrieved from /home/airflow/.local/lib/python3.8/site-packages/airflow/example_dags/example_dag_decorator.py
[2025-07-09T22:55:40.013+0000] {logging_mixin.py:188} INFO - [2025-07-09T22:55:40.013+0000] {dag.py:3036} INFO - Sync 1 DAGs
[2025-07-09T22:55:40.026+0000] {logging_mixin.py:188} INFO - [2025-07-09T22:55:40.026+0000] {dag.py:3823} INFO - Setting next_dagrun for example_dag_decorator to None, run_after=None
[2025-07-09T22:55:40.060+0000] {processor.py:183} INFO - Processing /home/airflow/.local/lib/python3.8/site-packages/airflow/example_dags/example_dag_decorator.py took 0.513 seconds
[2025-07-09T22:56:10.949+0000] {processor.py:161} INFO - Started process (PID=1635) to work on /home/airflow/.local/lib/python3.8/site-packages/airflow/example_dags/example_dag_decorator.py
[2025-07-09T22:56:10.952+0000] {processor.py:830} INFO - Processing file /home/airflow/.local/lib/python3.8/site-packages/airflow/example_dags/example_dag_decorator.py for tasks to queue
[2025-07-09T22:56:10.956+0000] {logging_mixin.py:188} INFO - [2025-07-09T22:56:10.955+0000] {dagbag.py:538} INFO - Filling up the DagBag from /home/airflow/.local/lib/python3.8/site-packages/airflow/example_dags/example_dag_decorator.py
[2025-07-09T22:56:11.114+0000] {processor.py:840} INFO - DAG(s) 'example_dag_decorator' retrieved from /home/airflow/.local/lib/python3.8/site-packages/airflow/example_dags/example_dag_decorator.py
[2025-07-09T22:56:11.445+0000] {logging_mixin.py:188} INFO - [2025-07-09T22:56:11.444+0000] {dag.py:3036} INFO - Sync 1 DAGs
[2025-07-09T22:56:11.456+0000] {logging_mixin.py:188} INFO - [2025-07-09T22:56:11.456+0000] {dag.py:3823} INFO - Setting next_dagrun for example_dag_decorator to None, run_after=None
[2025-07-09T22:56:11.482+0000] {processor.py:183} INFO - Processing /home/airflow/.local/lib/python3.8/site-packages/airflow/example_dags/example_dag_decorator.py took 0.539 seconds
[2025-07-09T23:01:53.278+0000] {processor.py:161} INFO - Started process (PID=78) to work on /home/airflow/.local/lib/python3.8/site-packages/airflow/example_dags/example_dag_decorator.py
[2025-07-09T23:01:53.281+0000] {processor.py:830} INFO - Processing file /home/airflow/.local/lib/python3.8/site-packages/airflow/example_dags/example_dag_decorator.py for tasks to queue
[2025-07-09T23:01:53.286+0000] {logging_mixin.py:188} INFO - [2025-07-09T23:01:53.285+0000] {dagbag.py:538} INFO - Filling up the DagBag from /home/airflow/.local/lib/python3.8/site-packages/airflow/example_dags/example_dag_decorator.py
[2025-07-09T23:01:53.602+0000] {processor.py:840} INFO - DAG(s) 'example_dag_decorator' retrieved from /home/airflow/.local/lib/python3.8/site-packages/airflow/example_dags/example_dag_decorator.py
[2025-07-09T23:01:53.777+0000] {logging_mixin.py:188} INFO - [2025-07-09T23:01:53.776+0000] {override.py:1769} INFO - Created Permission View: can edit on DAG:example_dag_decorator
[2025-07-09T23:01:53.809+0000] {logging_mixin.py:188} INFO - [2025-07-09T23:01:53.808+0000] {override.py:1769} INFO - Created Permission View: can delete on DAG:example_dag_decorator
[2025-07-09T23:01:53.828+0000] {logging_mixin.py:188} INFO - [2025-07-09T23:01:53.827+0000] {override.py:1769} INFO - Created Permission View: can read on DAG:example_dag_decorator
[2025-07-09T23:01:53.829+0000] {logging_mixin.py:188} INFO - [2025-07-09T23:01:53.829+0000] {dag.py:3036} INFO - Sync 1 DAGs
[2025-07-09T23:01:53.845+0000] {logging_mixin.py:188} INFO - [2025-07-09T23:01:53.845+0000] {dag.py:3058} INFO - Creating ORM DAG for example_dag_decorator
[2025-07-09T23:01:53.847+0000] {logging_mixin.py:188} INFO - [2025-07-09T23:01:53.847+0000] {dag.py:3823} INFO - Setting next_dagrun for example_dag_decorator to None, run_after=None
[2025-07-09T23:01:53.882+0000] {processor.py:183} INFO - Processing /home/airflow/.local/lib/python3.8/site-packages/airflow/example_dags/example_dag_decorator.py took 0.614 seconds
[2025-07-09T23:02:24.397+0000] {processor.py:161} INFO - Started process (PID=133) to work on /home/airflow/.local/lib/python3.8/site-packages/airflow/example_dags/example_dag_decorator.py
[2025-07-09T23:02:24.399+0000] {processor.py:830} INFO - Processing file /home/airflow/.local/lib/python3.8/site-packages/airflow/example_dags/example_dag_decorator.py for tasks to queue
[2025-07-09T23:02:24.402+0000] {logging_mixin.py:188} INFO - [2025-07-09T23:02:24.401+0000] {dagbag.py:538} INFO - Filling up the DagBag from /home/airflow/.local/lib/python3.8/site-packages/airflow/example_dags/example_dag_decorator.py
[2025-07-09T23:02:24.545+0000] {processor.py:840} INFO - DAG(s) 'example_dag_decorator' retrieved from /home/airflow/.local/lib/python3.8/site-packages/airflow/example_dags/example_dag_decorator.py
[2025-07-09T23:02:24.709+0000] {logging_mixin.py:188} INFO - [2025-07-09T23:02:24.709+0000] {dag.py:3036} INFO - Sync 1 DAGs
[2025-07-09T23:02:24.726+0000] {logging_mixin.py:188} INFO - [2025-07-09T23:02:24.725+0000] {dag.py:3823} INFO - Setting next_dagrun for example_dag_decorator to None, run_after=None
[2025-07-09T23:02:24.765+0000] {processor.py:183} INFO - Processing /home/airflow/.local/lib/python3.8/site-packages/airflow/example_dags/example_dag_decorator.py took 0.373 seconds
[2025-07-09T23:02:55.573+0000] {processor.py:161} INFO - Started process (PID=193) to work on /home/airflow/.local/lib/python3.8/site-packages/airflow/example_dags/example_dag_decorator.py
[2025-07-09T23:02:55.577+0000] {processor.py:830} INFO - Processing file /home/airflow/.local/lib/python3.8/site-packages/airflow/example_dags/example_dag_decorator.py for tasks to queue
[2025-07-09T23:02:55.584+0000] {logging_mixin.py:188} INFO - [2025-07-09T23:02:55.583+0000] {dagbag.py:538} INFO - Filling up the DagBag from /home/airflow/.local/lib/python3.8/site-packages/airflow/example_dags/example_dag_decorator.py
[2025-07-09T23:02:55.753+0000] {processor.py:840} INFO - DAG(s) 'example_dag_decorator' retrieved from /home/airflow/.local/lib/python3.8/site-packages/airflow/example_dags/example_dag_decorator.py
[2025-07-09T23:02:55.943+0000] {logging_mixin.py:188} INFO - [2025-07-09T23:02:55.942+0000] {dag.py:3036} INFO - Sync 1 DAGs
[2025-07-09T23:02:55.965+0000] {logging_mixin.py:188} INFO - [2025-07-09T23:02:55.965+0000] {dag.py:3823} INFO - Setting next_dagrun for example_dag_decorator to None, run_after=None
[2025-07-09T23:02:56.004+0000] {processor.py:183} INFO - Processing /home/airflow/.local/lib/python3.8/site-packages/airflow/example_dags/example_dag_decorator.py took 0.445 seconds
[2025-07-09T23:03:26.111+0000] {processor.py:161} INFO - Started process (PID=254) to work on /home/airflow/.local/lib/python3.8/site-packages/airflow/example_dags/example_dag_decorator.py
[2025-07-09T23:03:26.114+0000] {processor.py:830} INFO - Processing file /home/airflow/.local/lib/python3.8/site-packages/airflow/example_dags/example_dag_decorator.py for tasks to queue
[2025-07-09T23:03:26.120+0000] {logging_mixin.py:188} INFO - [2025-07-09T23:03:26.118+0000] {dagbag.py:538} INFO - Filling up the DagBag from /home/airflow/.local/lib/python3.8/site-packages/airflow/example_dags/example_dag_decorator.py
[2025-07-09T23:03:26.257+0000] {processor.py:840} INFO - DAG(s) 'example_dag_decorator' retrieved from /home/airflow/.local/lib/python3.8/site-packages/airflow/example_dags/example_dag_decorator.py
[2025-07-09T23:03:26.397+0000] {logging_mixin.py:188} INFO - [2025-07-09T23:03:26.397+0000] {dag.py:3036} INFO - Sync 1 DAGs
[2025-07-09T23:03:26.410+0000] {logging_mixin.py:188} INFO - [2025-07-09T23:03:26.410+0000] {dag.py:3823} INFO - Setting next_dagrun for example_dag_decorator to None, run_after=None
[2025-07-09T23:03:26.444+0000] {processor.py:183} INFO - Processing /home/airflow/.local/lib/python3.8/site-packages/airflow/example_dags/example_dag_decorator.py took 0.342 seconds
[2025-07-09T23:03:56.597+0000] {processor.py:161} INFO - Started process (PID=311) to work on /home/airflow/.local/lib/python3.8/site-packages/airflow/example_dags/example_dag_decorator.py
[2025-07-09T23:03:56.599+0000] {processor.py:830} INFO - Processing file /home/airflow/.local/lib/python3.8/site-packages/airflow/example_dags/example_dag_decorator.py for tasks to queue
[2025-07-09T23:03:56.603+0000] {logging_mixin.py:188} INFO - [2025-07-09T23:03:56.602+0000] {dagbag.py:538} INFO - Filling up the DagBag from /home/airflow/.local/lib/python3.8/site-packages/airflow/example_dags/example_dag_decorator.py
[2025-07-09T23:03:56.772+0000] {processor.py:840} INFO - DAG(s) 'example_dag_decorator' retrieved from /home/airflow/.local/lib/python3.8/site-packages/airflow/example_dags/example_dag_decorator.py
[2025-07-09T23:03:56.918+0000] {logging_mixin.py:188} INFO - [2025-07-09T23:03:56.917+0000] {dag.py:3036} INFO - Sync 1 DAGs
[2025-07-09T23:03:56.932+0000] {logging_mixin.py:188} INFO - [2025-07-09T23:03:56.932+0000] {dag.py:3823} INFO - Setting next_dagrun for example_dag_decorator to None, run_after=None
[2025-07-09T23:03:56.972+0000] {processor.py:183} INFO - Processing /home/airflow/.local/lib/python3.8/site-packages/airflow/example_dags/example_dag_decorator.py took 0.383 seconds
[2025-07-09T23:04:27.361+0000] {processor.py:161} INFO - Started process (PID=372) to work on /home/airflow/.local/lib/python3.8/site-packages/airflow/example_dags/example_dag_decorator.py
[2025-07-09T23:04:27.365+0000] {processor.py:830} INFO - Processing file /home/airflow/.local/lib/python3.8/site-packages/airflow/example_dags/example_dag_decorator.py for tasks to queue
[2025-07-09T23:04:27.369+0000] {logging_mixin.py:188} INFO - [2025-07-09T23:04:27.368+0000] {dagbag.py:538} INFO - Filling up the DagBag from /home/airflow/.local/lib/python3.8/site-packages/airflow/example_dags/example_dag_decorator.py
[2025-07-09T23:04:27.492+0000] {processor.py:840} INFO - DAG(s) 'example_dag_decorator' retrieved from /home/airflow/.local/lib/python3.8/site-packages/airflow/example_dags/example_dag_decorator.py
[2025-07-09T23:04:27.627+0000] {logging_mixin.py:188} INFO - [2025-07-09T23:04:27.626+0000] {dag.py:3036} INFO - Sync 1 DAGs
[2025-07-09T23:04:27.639+0000] {logging_mixin.py:188} INFO - [2025-07-09T23:04:27.638+0000] {dag.py:3823} INFO - Setting next_dagrun for example_dag_decorator to None, run_after=None
[2025-07-09T23:04:27.671+0000] {processor.py:183} INFO - Processing /home/airflow/.local/lib/python3.8/site-packages/airflow/example_dags/example_dag_decorator.py took 0.319 seconds
[2025-07-09T23:04:58.257+0000] {processor.py:161} INFO - Started process (PID=429) to work on /home/airflow/.local/lib/python3.8/site-packages/airflow/example_dags/example_dag_decorator.py
[2025-07-09T23:04:58.260+0000] {processor.py:830} INFO - Processing file /home/airflow/.local/lib/python3.8/site-packages/airflow/example_dags/example_dag_decorator.py for tasks to queue
[2025-07-09T23:04:58.264+0000] {logging_mixin.py:188} INFO - [2025-07-09T23:04:58.264+0000] {dagbag.py:538} INFO - Filling up the DagBag from /home/airflow/.local/lib/python3.8/site-packages/airflow/example_dags/example_dag_decorator.py
[2025-07-09T23:04:58.402+0000] {processor.py:840} INFO - DAG(s) 'example_dag_decorator' retrieved from /home/airflow/.local/lib/python3.8/site-packages/airflow/example_dags/example_dag_decorator.py
[2025-07-09T23:04:58.538+0000] {logging_mixin.py:188} INFO - [2025-07-09T23:04:58.538+0000] {dag.py:3036} INFO - Sync 1 DAGs
[2025-07-09T23:04:58.556+0000] {logging_mixin.py:188} INFO - [2025-07-09T23:04:58.555+0000] {dag.py:3823} INFO - Setting next_dagrun for example_dag_decorator to None, run_after=None
[2025-07-09T23:04:58.588+0000] {processor.py:183} INFO - Processing /home/airflow/.local/lib/python3.8/site-packages/airflow/example_dags/example_dag_decorator.py took 0.338 seconds
[2025-07-09T23:05:28.711+0000] {processor.py:161} INFO - Started process (PID=488) to work on /home/airflow/.local/lib/python3.8/site-packages/airflow/example_dags/example_dag_decorator.py
[2025-07-09T23:05:28.713+0000] {processor.py:830} INFO - Processing file /home/airflow/.local/lib/python3.8/site-packages/airflow/example_dags/example_dag_decorator.py for tasks to queue
[2025-07-09T23:05:28.725+0000] {logging_mixin.py:188} INFO - [2025-07-09T23:05:28.718+0000] {dagbag.py:538} INFO - Filling up the DagBag from /home/airflow/.local/lib/python3.8/site-packages/airflow/example_dags/example_dag_decorator.py
[2025-07-09T23:05:28.896+0000] {processor.py:840} INFO - DAG(s) 'example_dag_decorator' retrieved from /home/airflow/.local/lib/python3.8/site-packages/airflow/example_dags/example_dag_decorator.py
[2025-07-09T23:05:29.026+0000] {logging_mixin.py:188} INFO - [2025-07-09T23:05:29.026+0000] {dag.py:3036} INFO - Sync 1 DAGs
[2025-07-09T23:05:29.039+0000] {logging_mixin.py:188} INFO - [2025-07-09T23:05:29.038+0000] {dag.py:3823} INFO - Setting next_dagrun for example_dag_decorator to None, run_after=None
[2025-07-09T23:05:29.070+0000] {processor.py:183} INFO - Processing /home/airflow/.local/lib/python3.8/site-packages/airflow/example_dags/example_dag_decorator.py took 0.364 seconds
[2025-07-09T23:05:59.239+0000] {processor.py:161} INFO - Started process (PID=546) to work on /home/airflow/.local/lib/python3.8/site-packages/airflow/example_dags/example_dag_decorator.py
[2025-07-09T23:05:59.241+0000] {processor.py:830} INFO - Processing file /home/airflow/.local/lib/python3.8/site-packages/airflow/example_dags/example_dag_decorator.py for tasks to queue
[2025-07-09T23:05:59.244+0000] {logging_mixin.py:188} INFO - [2025-07-09T23:05:59.243+0000] {dagbag.py:538} INFO - Filling up the DagBag from /home/airflow/.local/lib/python3.8/site-packages/airflow/example_dags/example_dag_decorator.py
[2025-07-09T23:05:59.356+0000] {processor.py:840} INFO - DAG(s) 'example_dag_decorator' retrieved from /home/airflow/.local/lib/python3.8/site-packages/airflow/example_dags/example_dag_decorator.py
[2025-07-09T23:05:59.498+0000] {logging_mixin.py:188} INFO - [2025-07-09T23:05:59.498+0000] {dag.py:3036} INFO - Sync 1 DAGs
[2025-07-09T23:05:59.516+0000] {logging_mixin.py:188} INFO - [2025-07-09T23:05:59.516+0000] {dag.py:3823} INFO - Setting next_dagrun for example_dag_decorator to None, run_after=None
[2025-07-09T23:05:59.551+0000] {processor.py:183} INFO - Processing /home/airflow/.local/lib/python3.8/site-packages/airflow/example_dags/example_dag_decorator.py took 0.317 seconds
[2025-07-09T23:06:29.818+0000] {processor.py:161} INFO - Started process (PID=602) to work on /home/airflow/.local/lib/python3.8/site-packages/airflow/example_dags/example_dag_decorator.py
[2025-07-09T23:06:29.821+0000] {processor.py:830} INFO - Processing file /home/airflow/.local/lib/python3.8/site-packages/airflow/example_dags/example_dag_decorator.py for tasks to queue
[2025-07-09T23:06:29.826+0000] {logging_mixin.py:188} INFO - [2025-07-09T23:06:29.825+0000] {dagbag.py:538} INFO - Filling up the DagBag from /home/airflow/.local/lib/python3.8/site-packages/airflow/example_dags/example_dag_decorator.py
[2025-07-09T23:06:29.987+0000] {processor.py:840} INFO - DAG(s) 'example_dag_decorator' retrieved from /home/airflow/.local/lib/python3.8/site-packages/airflow/example_dags/example_dag_decorator.py
[2025-07-09T23:06:30.131+0000] {logging_mixin.py:188} INFO - [2025-07-09T23:06:30.131+0000] {dag.py:3036} INFO - Sync 1 DAGs
[2025-07-09T23:06:30.146+0000] {logging_mixin.py:188} INFO - [2025-07-09T23:06:30.145+0000] {dag.py:3823} INFO - Setting next_dagrun for example_dag_decorator to None, run_after=None
[2025-07-09T23:06:30.177+0000] {processor.py:183} INFO - Processing /home/airflow/.local/lib/python3.8/site-packages/airflow/example_dags/example_dag_decorator.py took 0.366 seconds
[2025-07-09T23:07:00.581+0000] {processor.py:161} INFO - Started process (PID=657) to work on /home/airflow/.local/lib/python3.8/site-packages/airflow/example_dags/example_dag_decorator.py
[2025-07-09T23:07:00.584+0000] {processor.py:830} INFO - Processing file /home/airflow/.local/lib/python3.8/site-packages/airflow/example_dags/example_dag_decorator.py for tasks to queue
[2025-07-09T23:07:00.589+0000] {logging_mixin.py:188} INFO - [2025-07-09T23:07:00.588+0000] {dagbag.py:538} INFO - Filling up the DagBag from /home/airflow/.local/lib/python3.8/site-packages/airflow/example_dags/example_dag_decorator.py
[2025-07-09T23:07:00.728+0000] {processor.py:840} INFO - DAG(s) 'example_dag_decorator' retrieved from /home/airflow/.local/lib/python3.8/site-packages/airflow/example_dags/example_dag_decorator.py
[2025-07-09T23:07:00.888+0000] {logging_mixin.py:188} INFO - [2025-07-09T23:07:00.887+0000] {dag.py:3036} INFO - Sync 1 DAGs
[2025-07-09T23:07:00.902+0000] {logging_mixin.py:188} INFO - [2025-07-09T23:07:00.902+0000] {dag.py:3823} INFO - Setting next_dagrun for example_dag_decorator to None, run_after=None
[2025-07-09T23:07:00.934+0000] {processor.py:183} INFO - Processing /home/airflow/.local/lib/python3.8/site-packages/airflow/example_dags/example_dag_decorator.py took 0.362 seconds
[2025-07-09T23:07:31.085+0000] {processor.py:161} INFO - Started process (PID=715) to work on /home/airflow/.local/lib/python3.8/site-packages/airflow/example_dags/example_dag_decorator.py
[2025-07-09T23:07:31.087+0000] {processor.py:830} INFO - Processing file /home/airflow/.local/lib/python3.8/site-packages/airflow/example_dags/example_dag_decorator.py for tasks to queue
[2025-07-09T23:07:31.091+0000] {logging_mixin.py:188} INFO - [2025-07-09T23:07:31.090+0000] {dagbag.py:538} INFO - Filling up the DagBag from /home/airflow/.local/lib/python3.8/site-packages/airflow/example_dags/example_dag_decorator.py
[2025-07-09T23:07:31.236+0000] {processor.py:840} INFO - DAG(s) 'example_dag_decorator' retrieved from /home/airflow/.local/lib/python3.8/site-packages/airflow/example_dags/example_dag_decorator.py
[2025-07-09T23:07:31.353+0000] {logging_mixin.py:188} INFO - [2025-07-09T23:07:31.353+0000] {dag.py:3036} INFO - Sync 1 DAGs
[2025-07-09T23:07:31.367+0000] {logging_mixin.py:188} INFO - [2025-07-09T23:07:31.367+0000] {dag.py:3823} INFO - Setting next_dagrun for example_dag_decorator to None, run_after=None
[2025-07-09T23:07:31.402+0000] {processor.py:183} INFO - Processing /home/airflow/.local/lib/python3.8/site-packages/airflow/example_dags/example_dag_decorator.py took 0.326 seconds
[2025-07-09T23:08:01.639+0000] {processor.py:161} INFO - Started process (PID=774) to work on /home/airflow/.local/lib/python3.8/site-packages/airflow/example_dags/example_dag_decorator.py
[2025-07-09T23:08:01.642+0000] {processor.py:830} INFO - Processing file /home/airflow/.local/lib/python3.8/site-packages/airflow/example_dags/example_dag_decorator.py for tasks to queue
[2025-07-09T23:08:01.646+0000] {logging_mixin.py:188} INFO - [2025-07-09T23:08:01.646+0000] {dagbag.py:538} INFO - Filling up the DagBag from /home/airflow/.local/lib/python3.8/site-packages/airflow/example_dags/example_dag_decorator.py
[2025-07-09T23:08:01.800+0000] {processor.py:840} INFO - DAG(s) 'example_dag_decorator' retrieved from /home/airflow/.local/lib/python3.8/site-packages/airflow/example_dags/example_dag_decorator.py
[2025-07-09T23:08:01.943+0000] {logging_mixin.py:188} INFO - [2025-07-09T23:08:01.942+0000] {dag.py:3036} INFO - Sync 1 DAGs
[2025-07-09T23:08:01.957+0000] {logging_mixin.py:188} INFO - [2025-07-09T23:08:01.957+0000] {dag.py:3823} INFO - Setting next_dagrun for example_dag_decorator to None, run_after=None
[2025-07-09T23:08:01.994+0000] {processor.py:183} INFO - Processing /home/airflow/.local/lib/python3.8/site-packages/airflow/example_dags/example_dag_decorator.py took 0.361 seconds
[2025-07-09T23:08:32.938+0000] {processor.py:161} INFO - Started process (PID=831) to work on /home/airflow/.local/lib/python3.8/site-packages/airflow/example_dags/example_dag_decorator.py
[2025-07-09T23:08:32.942+0000] {processor.py:830} INFO - Processing file /home/airflow/.local/lib/python3.8/site-packages/airflow/example_dags/example_dag_decorator.py for tasks to queue
[2025-07-09T23:08:32.946+0000] {logging_mixin.py:188} INFO - [2025-07-09T23:08:32.945+0000] {dagbag.py:538} INFO - Filling up the DagBag from /home/airflow/.local/lib/python3.8/site-packages/airflow/example_dags/example_dag_decorator.py
[2025-07-09T23:08:33.107+0000] {processor.py:840} INFO - DAG(s) 'example_dag_decorator' retrieved from /home/airflow/.local/lib/python3.8/site-packages/airflow/example_dags/example_dag_decorator.py
[2025-07-09T23:08:33.239+0000] {logging_mixin.py:188} INFO - [2025-07-09T23:08:33.238+0000] {dag.py:3036} INFO - Sync 1 DAGs
[2025-07-09T23:08:33.256+0000] {logging_mixin.py:188} INFO - [2025-07-09T23:08:33.255+0000] {dag.py:3823} INFO - Setting next_dagrun for example_dag_decorator to None, run_after=None
[2025-07-09T23:08:33.298+0000] {processor.py:183} INFO - Processing /home/airflow/.local/lib/python3.8/site-packages/airflow/example_dags/example_dag_decorator.py took 0.368 seconds
[2025-07-09T23:49:49.051+0000] {processor.py:161} INFO - Started process (PID=72) to work on /home/airflow/.local/lib/python3.8/site-packages/airflow/example_dags/example_dag_decorator.py
[2025-07-09T23:49:49.053+0000] {processor.py:830} INFO - Processing file /home/airflow/.local/lib/python3.8/site-packages/airflow/example_dags/example_dag_decorator.py for tasks to queue
[2025-07-09T23:49:49.057+0000] {logging_mixin.py:188} INFO - [2025-07-09T23:49:49.056+0000] {dagbag.py:538} INFO - Filling up the DagBag from /home/airflow/.local/lib/python3.8/site-packages/airflow/example_dags/example_dag_decorator.py
[2025-07-09T23:49:49.348+0000] {processor.py:840} INFO - DAG(s) 'example_dag_decorator' retrieved from /home/airflow/.local/lib/python3.8/site-packages/airflow/example_dags/example_dag_decorator.py
[2025-07-09T23:49:49.501+0000] {logging_mixin.py:188} INFO - [2025-07-09T23:49:49.501+0000] {override.py:1769} INFO - Created Permission View: can delete on DAG:example_dag_decorator
[2025-07-09T23:49:49.517+0000] {logging_mixin.py:188} INFO - [2025-07-09T23:49:49.516+0000] {override.py:1769} INFO - Created Permission View: can read on DAG:example_dag_decorator
[2025-07-09T23:49:49.529+0000] {logging_mixin.py:188} INFO - [2025-07-09T23:49:49.529+0000] {override.py:1769} INFO - Created Permission View: can edit on DAG:example_dag_decorator
[2025-07-09T23:49:49.530+0000] {logging_mixin.py:188} INFO - [2025-07-09T23:49:49.530+0000] {dag.py:3036} INFO - Sync 1 DAGs
[2025-07-09T23:49:49.544+0000] {logging_mixin.py:188} INFO - [2025-07-09T23:49:49.544+0000] {dag.py:3058} INFO - Creating ORM DAG for example_dag_decorator
[2025-07-09T23:49:49.546+0000] {logging_mixin.py:188} INFO - [2025-07-09T23:49:49.545+0000] {dag.py:3823} INFO - Setting next_dagrun for example_dag_decorator to None, run_after=None
[2025-07-09T23:49:49.573+0000] {processor.py:183} INFO - Processing /home/airflow/.local/lib/python3.8/site-packages/airflow/example_dags/example_dag_decorator.py took 0.527 seconds
[2025-07-09T23:50:19.662+0000] {processor.py:161} INFO - Started process (PID=128) to work on /home/airflow/.local/lib/python3.8/site-packages/airflow/example_dags/example_dag_decorator.py
[2025-07-09T23:50:19.664+0000] {processor.py:830} INFO - Processing file /home/airflow/.local/lib/python3.8/site-packages/airflow/example_dags/example_dag_decorator.py for tasks to queue
[2025-07-09T23:50:19.667+0000] {logging_mixin.py:188} INFO - [2025-07-09T23:50:19.666+0000] {dagbag.py:538} INFO - Filling up the DagBag from /home/airflow/.local/lib/python3.8/site-packages/airflow/example_dags/example_dag_decorator.py
[2025-07-09T23:50:19.795+0000] {processor.py:840} INFO - DAG(s) 'example_dag_decorator' retrieved from /home/airflow/.local/lib/python3.8/site-packages/airflow/example_dags/example_dag_decorator.py
[2025-07-09T23:50:19.939+0000] {logging_mixin.py:188} INFO - [2025-07-09T23:50:19.939+0000] {dag.py:3036} INFO - Sync 1 DAGs
[2025-07-09T23:50:19.955+0000] {logging_mixin.py:188} INFO - [2025-07-09T23:50:19.955+0000] {dag.py:3823} INFO - Setting next_dagrun for example_dag_decorator to None, run_after=None
[2025-07-09T23:50:19.990+0000] {processor.py:183} INFO - Processing /home/airflow/.local/lib/python3.8/site-packages/airflow/example_dags/example_dag_decorator.py took 0.333 seconds
[2025-07-09T23:54:29.024+0000] {processor.py:161} INFO - Started process (PID=79) to work on /home/airflow/.local/lib/python3.8/site-packages/airflow/example_dags/example_dag_decorator.py
[2025-07-09T23:54:29.026+0000] {processor.py:830} INFO - Processing file /home/airflow/.local/lib/python3.8/site-packages/airflow/example_dags/example_dag_decorator.py for tasks to queue
[2025-07-09T23:54:29.029+0000] {logging_mixin.py:188} INFO - [2025-07-09T23:54:29.028+0000] {dagbag.py:538} INFO - Filling up the DagBag from /home/airflow/.local/lib/python3.8/site-packages/airflow/example_dags/example_dag_decorator.py
[2025-07-09T23:54:29.272+0000] {processor.py:840} INFO - DAG(s) 'example_dag_decorator' retrieved from /home/airflow/.local/lib/python3.8/site-packages/airflow/example_dags/example_dag_decorator.py
[2025-07-09T23:54:29.396+0000] {logging_mixin.py:188} INFO - [2025-07-09T23:54:29.395+0000] {override.py:1769} INFO - Created Permission View: can edit on DAG:example_dag_decorator
[2025-07-09T23:54:29.410+0000] {logging_mixin.py:188} INFO - [2025-07-09T23:54:29.410+0000] {override.py:1769} INFO - Created Permission View: can read on DAG:example_dag_decorator
[2025-07-09T23:54:29.422+0000] {logging_mixin.py:188} INFO - [2025-07-09T23:54:29.421+0000] {override.py:1769} INFO - Created Permission View: can delete on DAG:example_dag_decorator
[2025-07-09T23:54:29.423+0000] {logging_mixin.py:188} INFO - [2025-07-09T23:54:29.423+0000] {dag.py:3036} INFO - Sync 1 DAGs
[2025-07-09T23:54:29.435+0000] {logging_mixin.py:188} INFO - [2025-07-09T23:54:29.434+0000] {dag.py:3058} INFO - Creating ORM DAG for example_dag_decorator
[2025-07-09T23:54:29.436+0000] {logging_mixin.py:188} INFO - [2025-07-09T23:54:29.436+0000] {dag.py:3823} INFO - Setting next_dagrun for example_dag_decorator to None, run_after=None
[2025-07-09T23:54:29.458+0000] {processor.py:183} INFO - Processing /home/airflow/.local/lib/python3.8/site-packages/airflow/example_dags/example_dag_decorator.py took 0.438 seconds
[2025-07-09T23:54:59.863+0000] {processor.py:161} INFO - Started process (PID=135) to work on /home/airflow/.local/lib/python3.8/site-packages/airflow/example_dags/example_dag_decorator.py
[2025-07-09T23:54:59.865+0000] {processor.py:830} INFO - Processing file /home/airflow/.local/lib/python3.8/site-packages/airflow/example_dags/example_dag_decorator.py for tasks to queue
[2025-07-09T23:54:59.870+0000] {logging_mixin.py:188} INFO - [2025-07-09T23:54:59.868+0000] {dagbag.py:538} INFO - Filling up the DagBag from /home/airflow/.local/lib/python3.8/site-packages/airflow/example_dags/example_dag_decorator.py
[2025-07-09T23:54:59.998+0000] {processor.py:840} INFO - DAG(s) 'example_dag_decorator' retrieved from /home/airflow/.local/lib/python3.8/site-packages/airflow/example_dags/example_dag_decorator.py
[2025-07-09T23:55:00.149+0000] {logging_mixin.py:188} INFO - [2025-07-09T23:55:00.148+0000] {dag.py:3036} INFO - Sync 1 DAGs
[2025-07-09T23:55:00.163+0000] {logging_mixin.py:188} INFO - [2025-07-09T23:55:00.162+0000] {dag.py:3823} INFO - Setting next_dagrun for example_dag_decorator to None, run_after=None
[2025-07-09T23:55:00.194+0000] {processor.py:183} INFO - Processing /home/airflow/.local/lib/python3.8/site-packages/airflow/example_dags/example_dag_decorator.py took 0.336 seconds
[2025-07-09T23:55:30.440+0000] {processor.py:161} INFO - Started process (PID=195) to work on /home/airflow/.local/lib/python3.8/site-packages/airflow/example_dags/example_dag_decorator.py
[2025-07-09T23:55:30.442+0000] {processor.py:830} INFO - Processing file /home/airflow/.local/lib/python3.8/site-packages/airflow/example_dags/example_dag_decorator.py for tasks to queue
[2025-07-09T23:55:30.445+0000] {logging_mixin.py:188} INFO - [2025-07-09T23:55:30.445+0000] {dagbag.py:538} INFO - Filling up the DagBag from /home/airflow/.local/lib/python3.8/site-packages/airflow/example_dags/example_dag_decorator.py
[2025-07-09T23:55:30.638+0000] {processor.py:840} INFO - DAG(s) 'example_dag_decorator' retrieved from /home/airflow/.local/lib/python3.8/site-packages/airflow/example_dags/example_dag_decorator.py
[2025-07-09T23:55:30.819+0000] {logging_mixin.py:188} INFO - [2025-07-09T23:55:30.819+0000] {dag.py:3036} INFO - Sync 1 DAGs
[2025-07-09T23:55:30.838+0000] {logging_mixin.py:188} INFO - [2025-07-09T23:55:30.837+0000] {dag.py:3823} INFO - Setting next_dagrun for example_dag_decorator to None, run_after=None
[2025-07-09T23:55:30.870+0000] {processor.py:183} INFO - Processing /home/airflow/.local/lib/python3.8/site-packages/airflow/example_dags/example_dag_decorator.py took 0.434 seconds
[2025-07-09T23:56:01.757+0000] {processor.py:161} INFO - Started process (PID=257) to work on /home/airflow/.local/lib/python3.8/site-packages/airflow/example_dags/example_dag_decorator.py
[2025-07-09T23:56:01.760+0000] {processor.py:830} INFO - Processing file /home/airflow/.local/lib/python3.8/site-packages/airflow/example_dags/example_dag_decorator.py for tasks to queue
[2025-07-09T23:56:01.762+0000] {logging_mixin.py:188} INFO - [2025-07-09T23:56:01.762+0000] {dagbag.py:538} INFO - Filling up the DagBag from /home/airflow/.local/lib/python3.8/site-packages/airflow/example_dags/example_dag_decorator.py
[2025-07-09T23:56:01.882+0000] {processor.py:840} INFO - DAG(s) 'example_dag_decorator' retrieved from /home/airflow/.local/lib/python3.8/site-packages/airflow/example_dags/example_dag_decorator.py
[2025-07-09T23:56:02.026+0000] {logging_mixin.py:188} INFO - [2025-07-09T23:56:02.025+0000] {dag.py:3036} INFO - Sync 1 DAGs
[2025-07-09T23:56:02.057+0000] {logging_mixin.py:188} INFO - [2025-07-09T23:56:02.056+0000] {dag.py:3823} INFO - Setting next_dagrun for example_dag_decorator to None, run_after=None
[2025-07-09T23:56:02.101+0000] {processor.py:183} INFO - Processing /home/airflow/.local/lib/python3.8/site-packages/airflow/example_dags/example_dag_decorator.py took 0.350 seconds
[2025-07-09T23:56:32.403+0000] {processor.py:161} INFO - Started process (PID=314) to work on /home/airflow/.local/lib/python3.8/site-packages/airflow/example_dags/example_dag_decorator.py
[2025-07-09T23:56:32.405+0000] {processor.py:830} INFO - Processing file /home/airflow/.local/lib/python3.8/site-packages/airflow/example_dags/example_dag_decorator.py for tasks to queue
[2025-07-09T23:56:32.409+0000] {logging_mixin.py:188} INFO - [2025-07-09T23:56:32.408+0000] {dagbag.py:538} INFO - Filling up the DagBag from /home/airflow/.local/lib/python3.8/site-packages/airflow/example_dags/example_dag_decorator.py
[2025-07-09T23:56:32.529+0000] {processor.py:840} INFO - DAG(s) 'example_dag_decorator' retrieved from /home/airflow/.local/lib/python3.8/site-packages/airflow/example_dags/example_dag_decorator.py
[2025-07-09T23:56:32.650+0000] {logging_mixin.py:188} INFO - [2025-07-09T23:56:32.650+0000] {dag.py:3036} INFO - Sync 1 DAGs
[2025-07-09T23:56:32.663+0000] {logging_mixin.py:188} INFO - [2025-07-09T23:56:32.663+0000] {dag.py:3823} INFO - Setting next_dagrun for example_dag_decorator to None, run_after=None
[2025-07-09T23:56:32.706+0000] {processor.py:183} INFO - Processing /home/airflow/.local/lib/python3.8/site-packages/airflow/example_dags/example_dag_decorator.py took 0.308 seconds
[2025-07-09T23:57:03.349+0000] {processor.py:161} INFO - Started process (PID=374) to work on /home/airflow/.local/lib/python3.8/site-packages/airflow/example_dags/example_dag_decorator.py
[2025-07-09T23:57:03.351+0000] {processor.py:830} INFO - Processing file /home/airflow/.local/lib/python3.8/site-packages/airflow/example_dags/example_dag_decorator.py for tasks to queue
[2025-07-09T23:57:03.354+0000] {logging_mixin.py:188} INFO - [2025-07-09T23:57:03.354+0000] {dagbag.py:538} INFO - Filling up the DagBag from /home/airflow/.local/lib/python3.8/site-packages/airflow/example_dags/example_dag_decorator.py
[2025-07-09T23:57:03.492+0000] {processor.py:840} INFO - DAG(s) 'example_dag_decorator' retrieved from /home/airflow/.local/lib/python3.8/site-packages/airflow/example_dags/example_dag_decorator.py
[2025-07-09T23:57:03.648+0000] {logging_mixin.py:188} INFO - [2025-07-09T23:57:03.648+0000] {dag.py:3036} INFO - Sync 1 DAGs
[2025-07-09T23:57:03.661+0000] {logging_mixin.py:188} INFO - [2025-07-09T23:57:03.661+0000] {dag.py:3823} INFO - Setting next_dagrun for example_dag_decorator to None, run_after=None
[2025-07-09T23:57:03.689+0000] {processor.py:183} INFO - Processing /home/airflow/.local/lib/python3.8/site-packages/airflow/example_dags/example_dag_decorator.py took 0.347 seconds
[2025-07-09T23:57:34.110+0000] {processor.py:161} INFO - Started process (PID=431) to work on /home/airflow/.local/lib/python3.8/site-packages/airflow/example_dags/example_dag_decorator.py
[2025-07-09T23:57:34.112+0000] {processor.py:830} INFO - Processing file /home/airflow/.local/lib/python3.8/site-packages/airflow/example_dags/example_dag_decorator.py for tasks to queue
[2025-07-09T23:57:34.113+0000] {logging_mixin.py:188} INFO - [2025-07-09T23:57:34.113+0000] {dagbag.py:538} INFO - Filling up the DagBag from /home/airflow/.local/lib/python3.8/site-packages/airflow/example_dags/example_dag_decorator.py
[2025-07-09T23:57:34.307+0000] {processor.py:840} INFO - DAG(s) 'example_dag_decorator' retrieved from /home/airflow/.local/lib/python3.8/site-packages/airflow/example_dags/example_dag_decorator.py
[2025-07-09T23:57:34.460+0000] {logging_mixin.py:188} INFO - [2025-07-09T23:57:34.460+0000] {dag.py:3036} INFO - Sync 1 DAGs
[2025-07-09T23:57:34.474+0000] {logging_mixin.py:188} INFO - [2025-07-09T23:57:34.473+0000] {dag.py:3823} INFO - Setting next_dagrun for example_dag_decorator to None, run_after=None
[2025-07-09T23:57:34.507+0000] {processor.py:183} INFO - Processing /home/airflow/.local/lib/python3.8/site-packages/airflow/example_dags/example_dag_decorator.py took 0.406 seconds
[2025-07-09T23:58:04.748+0000] {processor.py:161} INFO - Started process (PID=487) to work on /home/airflow/.local/lib/python3.8/site-packages/airflow/example_dags/example_dag_decorator.py
[2025-07-09T23:58:04.750+0000] {processor.py:830} INFO - Processing file /home/airflow/.local/lib/python3.8/site-packages/airflow/example_dags/example_dag_decorator.py for tasks to queue
[2025-07-09T23:58:04.752+0000] {logging_mixin.py:188} INFO - [2025-07-09T23:58:04.752+0000] {dagbag.py:538} INFO - Filling up the DagBag from /home/airflow/.local/lib/python3.8/site-packages/airflow/example_dags/example_dag_decorator.py
[2025-07-09T23:58:04.873+0000] {processor.py:840} INFO - DAG(s) 'example_dag_decorator' retrieved from /home/airflow/.local/lib/python3.8/site-packages/airflow/example_dags/example_dag_decorator.py
[2025-07-09T23:58:04.906+0000] {logging_mixin.py:188} INFO - [2025-07-09T23:58:04.905+0000] {dag.py:3036} INFO - Sync 1 DAGs
[2025-07-09T23:58:04.921+0000] {logging_mixin.py:188} INFO - [2025-07-09T23:58:04.920+0000] {dag.py:3823} INFO - Setting next_dagrun for example_dag_decorator to None, run_after=None
[2025-07-09T23:58:04.951+0000] {processor.py:183} INFO - Processing /home/airflow/.local/lib/python3.8/site-packages/airflow/example_dags/example_dag_decorator.py took 0.208 seconds
[2025-07-09T23:58:35.041+0000] {processor.py:161} INFO - Started process (PID=543) to work on /home/airflow/.local/lib/python3.8/site-packages/airflow/example_dags/example_dag_decorator.py
[2025-07-09T23:58:35.044+0000] {processor.py:830} INFO - Processing file /home/airflow/.local/lib/python3.8/site-packages/airflow/example_dags/example_dag_decorator.py for tasks to queue
[2025-07-09T23:58:35.047+0000] {logging_mixin.py:188} INFO - [2025-07-09T23:58:35.046+0000] {dagbag.py:538} INFO - Filling up the DagBag from /home/airflow/.local/lib/python3.8/site-packages/airflow/example_dags/example_dag_decorator.py
[2025-07-09T23:58:35.181+0000] {processor.py:840} INFO - DAG(s) 'example_dag_decorator' retrieved from /home/airflow/.local/lib/python3.8/site-packages/airflow/example_dags/example_dag_decorator.py
[2025-07-09T23:58:35.214+0000] {logging_mixin.py:188} INFO - [2025-07-09T23:58:35.214+0000] {dag.py:3036} INFO - Sync 1 DAGs
[2025-07-09T23:58:35.234+0000] {logging_mixin.py:188} INFO - [2025-07-09T23:58:35.234+0000] {dag.py:3823} INFO - Setting next_dagrun for example_dag_decorator to None, run_after=None
[2025-07-09T23:58:35.273+0000] {processor.py:183} INFO - Processing /home/airflow/.local/lib/python3.8/site-packages/airflow/example_dags/example_dag_decorator.py took 0.241 seconds
[2025-07-09T23:59:05.474+0000] {processor.py:161} INFO - Started process (PID=599) to work on /home/airflow/.local/lib/python3.8/site-packages/airflow/example_dags/example_dag_decorator.py
[2025-07-09T23:59:05.476+0000] {processor.py:830} INFO - Processing file /home/airflow/.local/lib/python3.8/site-packages/airflow/example_dags/example_dag_decorator.py for tasks to queue
[2025-07-09T23:59:05.479+0000] {logging_mixin.py:188} INFO - [2025-07-09T23:59:05.478+0000] {dagbag.py:538} INFO - Filling up the DagBag from /home/airflow/.local/lib/python3.8/site-packages/airflow/example_dags/example_dag_decorator.py
[2025-07-09T23:59:05.605+0000] {processor.py:840} INFO - DAG(s) 'example_dag_decorator' retrieved from /home/airflow/.local/lib/python3.8/site-packages/airflow/example_dags/example_dag_decorator.py
[2025-07-09T23:59:05.740+0000] {logging_mixin.py:188} INFO - [2025-07-09T23:59:05.738+0000] {dag.py:3036} INFO - Sync 1 DAGs
[2025-07-09T23:59:05.780+0000] {logging_mixin.py:188} INFO - [2025-07-09T23:59:05.779+0000] {dag.py:3823} INFO - Setting next_dagrun for example_dag_decorator to None, run_after=None
[2025-07-09T23:59:05.858+0000] {processor.py:183} INFO - Processing /home/airflow/.local/lib/python3.8/site-packages/airflow/example_dags/example_dag_decorator.py took 0.391 seconds
[2025-07-09T23:59:35.952+0000] {processor.py:161} INFO - Started process (PID=655) to work on /home/airflow/.local/lib/python3.8/site-packages/airflow/example_dags/example_dag_decorator.py
[2025-07-09T23:59:35.954+0000] {processor.py:830} INFO - Processing file /home/airflow/.local/lib/python3.8/site-packages/airflow/example_dags/example_dag_decorator.py for tasks to queue
[2025-07-09T23:59:35.956+0000] {logging_mixin.py:188} INFO - [2025-07-09T23:59:35.956+0000] {dagbag.py:538} INFO - Filling up the DagBag from /home/airflow/.local/lib/python3.8/site-packages/airflow/example_dags/example_dag_decorator.py
[2025-07-09T23:59:36.111+0000] {processor.py:840} INFO - DAG(s) 'example_dag_decorator' retrieved from /home/airflow/.local/lib/python3.8/site-packages/airflow/example_dags/example_dag_decorator.py
[2025-07-09T23:59:36.255+0000] {logging_mixin.py:188} INFO - [2025-07-09T23:59:36.254+0000] {dag.py:3036} INFO - Sync 1 DAGs
[2025-07-09T23:59:36.267+0000] {logging_mixin.py:188} INFO - [2025-07-09T23:59:36.266+0000] {dag.py:3823} INFO - Setting next_dagrun for example_dag_decorator to None, run_after=None
[2025-07-09T23:59:36.302+0000] {processor.py:183} INFO - Processing /home/airflow/.local/lib/python3.8/site-packages/airflow/example_dags/example_dag_decorator.py took 0.355 seconds
