[2025-07-09T19:54:25.309+0000] {processor.py:161} INFO - Started process (PID=80) to work on /home/airflow/.local/lib/python3.8/site-packages/airflow/example_dags/example_complex.py
[2025-07-09T19:54:25.311+0000] {processor.py:830} INFO - Processing file /home/airflow/.local/lib/python3.8/site-packages/airflow/example_dags/example_complex.py for tasks to queue
[2025-07-09T19:54:25.315+0000] {logging_mixin.py:188} INFO - [2025-07-09T19:54:25.314+0000] {dagbag.py:538} INFO - Filling up the DagBag from /home/airflow/.local/lib/python3.8/site-packages/airflow/example_dags/example_complex.py
[2025-07-09T19:54:25.340+0000] {processor.py:840} INFO - DAG(s) 'example_complex' retrieved from /home/airflow/.local/lib/python3.8/site-packages/airflow/example_dags/example_complex.py
[2025-07-09T19:54:25.535+0000] {logging_mixin.py:188} INFO - [2025-07-09T19:54:25.535+0000] {dag.py:3036} INFO - Sync 1 DAGs
[2025-07-09T19:54:25.551+0000] {logging_mixin.py:188} INFO - [2025-07-09T19:54:25.551+0000] {dag.py:3823} INFO - Setting next_dagrun for example_complex to None, run_after=None
[2025-07-09T19:54:25.613+0000] {processor.py:183} INFO - Processing /home/airflow/.local/lib/python3.8/site-packages/airflow/example_dags/example_complex.py took 0.310 seconds
[2025-07-09T19:54:56.387+0000] {processor.py:161} INFO - Started process (PID=136) to work on /home/airflow/.local/lib/python3.8/site-packages/airflow/example_dags/example_complex.py
[2025-07-09T19:54:56.388+0000] {processor.py:830} INFO - Processing file /home/airflow/.local/lib/python3.8/site-packages/airflow/example_dags/example_complex.py for tasks to queue
[2025-07-09T19:54:56.391+0000] {logging_mixin.py:188} INFO - [2025-07-09T19:54:56.391+0000] {dagbag.py:538} INFO - Filling up the DagBag from /home/airflow/.local/lib/python3.8/site-packages/airflow/example_dags/example_complex.py
[2025-07-09T19:54:56.404+0000] {processor.py:840} INFO - DAG(s) 'example_complex' retrieved from /home/airflow/.local/lib/python3.8/site-packages/airflow/example_dags/example_complex.py
[2025-07-09T19:54:56.444+0000] {logging_mixin.py:188} INFO - [2025-07-09T19:54:56.444+0000] {dag.py:3036} INFO - Sync 1 DAGs
[2025-07-09T19:54:56.460+0000] {logging_mixin.py:188} INFO - [2025-07-09T19:54:56.460+0000] {dag.py:3823} INFO - Setting next_dagrun for example_complex to None, run_after=None
[2025-07-09T19:54:56.488+0000] {processor.py:183} INFO - Processing /home/airflow/.local/lib/python3.8/site-packages/airflow/example_dags/example_complex.py took 0.105 seconds
[2025-07-09T19:55:27.620+0000] {processor.py:161} INFO - Started process (PID=193) to work on /home/airflow/.local/lib/python3.8/site-packages/airflow/example_dags/example_complex.py
[2025-07-09T19:55:27.625+0000] {processor.py:830} INFO - Processing file /home/airflow/.local/lib/python3.8/site-packages/airflow/example_dags/example_complex.py for tasks to queue
[2025-07-09T19:55:27.629+0000] {logging_mixin.py:188} INFO - [2025-07-09T19:55:27.628+0000] {dagbag.py:538} INFO - Filling up the DagBag from /home/airflow/.local/lib/python3.8/site-packages/airflow/example_dags/example_complex.py
[2025-07-09T19:55:27.644+0000] {processor.py:840} INFO - DAG(s) 'example_complex' retrieved from /home/airflow/.local/lib/python3.8/site-packages/airflow/example_dags/example_complex.py
[2025-07-09T19:55:27.681+0000] {logging_mixin.py:188} INFO - [2025-07-09T19:55:27.680+0000] {dag.py:3036} INFO - Sync 1 DAGs
[2025-07-09T19:55:27.698+0000] {logging_mixin.py:188} INFO - [2025-07-09T19:55:27.698+0000] {dag.py:3823} INFO - Setting next_dagrun for example_complex to None, run_after=None
[2025-07-09T19:55:27.734+0000] {processor.py:183} INFO - Processing /home/airflow/.local/lib/python3.8/site-packages/airflow/example_dags/example_complex.py took 0.120 seconds
[2025-07-09T19:55:57.862+0000] {processor.py:161} INFO - Started process (PID=250) to work on /home/airflow/.local/lib/python3.8/site-packages/airflow/example_dags/example_complex.py
[2025-07-09T19:55:57.863+0000] {processor.py:830} INFO - Processing file /home/airflow/.local/lib/python3.8/site-packages/airflow/example_dags/example_complex.py for tasks to queue
[2025-07-09T19:55:57.867+0000] {logging_mixin.py:188} INFO - [2025-07-09T19:55:57.866+0000] {dagbag.py:538} INFO - Filling up the DagBag from /home/airflow/.local/lib/python3.8/site-packages/airflow/example_dags/example_complex.py
[2025-07-09T19:55:57.880+0000] {processor.py:840} INFO - DAG(s) 'example_complex' retrieved from /home/airflow/.local/lib/python3.8/site-packages/airflow/example_dags/example_complex.py
[2025-07-09T19:55:57.918+0000] {logging_mixin.py:188} INFO - [2025-07-09T19:55:57.918+0000] {dag.py:3036} INFO - Sync 1 DAGs
[2025-07-09T19:55:57.934+0000] {logging_mixin.py:188} INFO - [2025-07-09T19:55:57.934+0000] {dag.py:3823} INFO - Setting next_dagrun for example_complex to None, run_after=None
[2025-07-09T19:55:57.964+0000] {processor.py:183} INFO - Processing /home/airflow/.local/lib/python3.8/site-packages/airflow/example_dags/example_complex.py took 0.107 seconds
[2025-07-09T19:56:28.469+0000] {processor.py:161} INFO - Started process (PID=310) to work on /home/airflow/.local/lib/python3.8/site-packages/airflow/example_dags/example_complex.py
[2025-07-09T19:56:28.472+0000] {processor.py:830} INFO - Processing file /home/airflow/.local/lib/python3.8/site-packages/airflow/example_dags/example_complex.py for tasks to queue
[2025-07-09T19:56:28.478+0000] {logging_mixin.py:188} INFO - [2025-07-09T19:56:28.477+0000] {dagbag.py:538} INFO - Filling up the DagBag from /home/airflow/.local/lib/python3.8/site-packages/airflow/example_dags/example_complex.py
[2025-07-09T19:56:28.506+0000] {processor.py:840} INFO - DAG(s) 'example_complex' retrieved from /home/airflow/.local/lib/python3.8/site-packages/airflow/example_dags/example_complex.py
[2025-07-09T19:56:28.575+0000] {logging_mixin.py:188} INFO - [2025-07-09T19:56:28.574+0000] {dag.py:3036} INFO - Sync 1 DAGs
[2025-07-09T19:56:28.608+0000] {logging_mixin.py:188} INFO - [2025-07-09T19:56:28.607+0000] {dag.py:3823} INFO - Setting next_dagrun for example_complex to None, run_after=None
[2025-07-09T19:56:28.659+0000] {processor.py:183} INFO - Processing /home/airflow/.local/lib/python3.8/site-packages/airflow/example_dags/example_complex.py took 0.197 seconds
[2025-07-09T19:56:58.840+0000] {processor.py:161} INFO - Started process (PID=366) to work on /home/airflow/.local/lib/python3.8/site-packages/airflow/example_dags/example_complex.py
[2025-07-09T19:56:58.842+0000] {processor.py:830} INFO - Processing file /home/airflow/.local/lib/python3.8/site-packages/airflow/example_dags/example_complex.py for tasks to queue
[2025-07-09T19:56:58.845+0000] {logging_mixin.py:188} INFO - [2025-07-09T19:56:58.844+0000] {dagbag.py:538} INFO - Filling up the DagBag from /home/airflow/.local/lib/python3.8/site-packages/airflow/example_dags/example_complex.py
[2025-07-09T19:56:58.857+0000] {processor.py:840} INFO - DAG(s) 'example_complex' retrieved from /home/airflow/.local/lib/python3.8/site-packages/airflow/example_dags/example_complex.py
[2025-07-09T19:56:58.892+0000] {logging_mixin.py:188} INFO - [2025-07-09T19:56:58.892+0000] {dag.py:3036} INFO - Sync 1 DAGs
[2025-07-09T19:56:58.909+0000] {logging_mixin.py:188} INFO - [2025-07-09T19:56:58.908+0000] {dag.py:3823} INFO - Setting next_dagrun for example_complex to None, run_after=None
[2025-07-09T19:56:58.936+0000] {processor.py:183} INFO - Processing /home/airflow/.local/lib/python3.8/site-packages/airflow/example_dags/example_complex.py took 0.101 seconds
[2025-07-09T19:57:29.576+0000] {processor.py:161} INFO - Started process (PID=423) to work on /home/airflow/.local/lib/python3.8/site-packages/airflow/example_dags/example_complex.py
[2025-07-09T19:57:29.581+0000] {processor.py:830} INFO - Processing file /home/airflow/.local/lib/python3.8/site-packages/airflow/example_dags/example_complex.py for tasks to queue
[2025-07-09T19:57:29.593+0000] {logging_mixin.py:188} INFO - [2025-07-09T19:57:29.592+0000] {dagbag.py:538} INFO - Filling up the DagBag from /home/airflow/.local/lib/python3.8/site-packages/airflow/example_dags/example_complex.py
[2025-07-09T19:57:29.624+0000] {processor.py:840} INFO - DAG(s) 'example_complex' retrieved from /home/airflow/.local/lib/python3.8/site-packages/airflow/example_dags/example_complex.py
[2025-07-09T19:57:29.705+0000] {logging_mixin.py:188} INFO - [2025-07-09T19:57:29.704+0000] {dag.py:3036} INFO - Sync 1 DAGs
[2025-07-09T19:57:29.746+0000] {logging_mixin.py:188} INFO - [2025-07-09T19:57:29.745+0000] {dag.py:3823} INFO - Setting next_dagrun for example_complex to None, run_after=None
[2025-07-09T19:57:29.816+0000] {processor.py:183} INFO - Processing /home/airflow/.local/lib/python3.8/site-packages/airflow/example_dags/example_complex.py took 0.248 seconds
[2025-07-09T19:58:00.112+0000] {processor.py:161} INFO - Started process (PID=490) to work on /home/airflow/.local/lib/python3.8/site-packages/airflow/example_dags/example_complex.py
[2025-07-09T19:58:00.121+0000] {processor.py:830} INFO - Processing file /home/airflow/.local/lib/python3.8/site-packages/airflow/example_dags/example_complex.py for tasks to queue
[2025-07-09T19:58:00.128+0000] {logging_mixin.py:188} INFO - [2025-07-09T19:58:00.127+0000] {dagbag.py:538} INFO - Filling up the DagBag from /home/airflow/.local/lib/python3.8/site-packages/airflow/example_dags/example_complex.py
[2025-07-09T19:58:00.155+0000] {processor.py:840} INFO - DAG(s) 'example_complex' retrieved from /home/airflow/.local/lib/python3.8/site-packages/airflow/example_dags/example_complex.py
[2025-07-09T19:58:00.208+0000] {logging_mixin.py:188} INFO - [2025-07-09T19:58:00.207+0000] {dag.py:3036} INFO - Sync 1 DAGs
[2025-07-09T19:58:00.230+0000] {logging_mixin.py:188} INFO - [2025-07-09T19:58:00.230+0000] {dag.py:3823} INFO - Setting next_dagrun for example_complex to None, run_after=None
[2025-07-09T19:58:00.264+0000] {processor.py:183} INFO - Processing /home/airflow/.local/lib/python3.8/site-packages/airflow/example_dags/example_complex.py took 0.158 seconds
[2025-07-09T19:58:30.409+0000] {processor.py:161} INFO - Started process (PID=546) to work on /home/airflow/.local/lib/python3.8/site-packages/airflow/example_dags/example_complex.py
[2025-07-09T19:58:30.414+0000] {processor.py:830} INFO - Processing file /home/airflow/.local/lib/python3.8/site-packages/airflow/example_dags/example_complex.py for tasks to queue
[2025-07-09T19:58:30.418+0000] {logging_mixin.py:188} INFO - [2025-07-09T19:58:30.418+0000] {dagbag.py:538} INFO - Filling up the DagBag from /home/airflow/.local/lib/python3.8/site-packages/airflow/example_dags/example_complex.py
[2025-07-09T19:58:30.434+0000] {processor.py:840} INFO - DAG(s) 'example_complex' retrieved from /home/airflow/.local/lib/python3.8/site-packages/airflow/example_dags/example_complex.py
[2025-07-09T19:58:30.472+0000] {logging_mixin.py:188} INFO - [2025-07-09T19:58:30.471+0000] {dag.py:3036} INFO - Sync 1 DAGs
[2025-07-09T19:58:30.488+0000] {logging_mixin.py:188} INFO - [2025-07-09T19:58:30.487+0000] {dag.py:3823} INFO - Setting next_dagrun for example_complex to None, run_after=None
[2025-07-09T19:58:30.514+0000] {processor.py:183} INFO - Processing /home/airflow/.local/lib/python3.8/site-packages/airflow/example_dags/example_complex.py took 0.112 seconds
[2025-07-09T19:59:01.373+0000] {processor.py:161} INFO - Started process (PID=609) to work on /home/airflow/.local/lib/python3.8/site-packages/airflow/example_dags/example_complex.py
[2025-07-09T19:59:01.375+0000] {processor.py:830} INFO - Processing file /home/airflow/.local/lib/python3.8/site-packages/airflow/example_dags/example_complex.py for tasks to queue
[2025-07-09T19:59:01.378+0000] {logging_mixin.py:188} INFO - [2025-07-09T19:59:01.378+0000] {dagbag.py:538} INFO - Filling up the DagBag from /home/airflow/.local/lib/python3.8/site-packages/airflow/example_dags/example_complex.py
[2025-07-09T19:59:01.392+0000] {processor.py:840} INFO - DAG(s) 'example_complex' retrieved from /home/airflow/.local/lib/python3.8/site-packages/airflow/example_dags/example_complex.py
[2025-07-09T19:59:01.430+0000] {logging_mixin.py:188} INFO - [2025-07-09T19:59:01.429+0000] {dag.py:3036} INFO - Sync 1 DAGs
[2025-07-09T19:59:01.444+0000] {logging_mixin.py:188} INFO - [2025-07-09T19:59:01.444+0000] {dag.py:3823} INFO - Setting next_dagrun for example_complex to None, run_after=None
[2025-07-09T19:59:01.471+0000] {processor.py:183} INFO - Processing /home/airflow/.local/lib/python3.8/site-packages/airflow/example_dags/example_complex.py took 0.103 seconds
[2025-07-09T19:59:32.105+0000] {processor.py:161} INFO - Started process (PID=666) to work on /home/airflow/.local/lib/python3.8/site-packages/airflow/example_dags/example_complex.py
[2025-07-09T19:59:32.107+0000] {processor.py:830} INFO - Processing file /home/airflow/.local/lib/python3.8/site-packages/airflow/example_dags/example_complex.py for tasks to queue
[2025-07-09T19:59:32.109+0000] {logging_mixin.py:188} INFO - [2025-07-09T19:59:32.109+0000] {dagbag.py:538} INFO - Filling up the DagBag from /home/airflow/.local/lib/python3.8/site-packages/airflow/example_dags/example_complex.py
[2025-07-09T19:59:32.121+0000] {processor.py:840} INFO - DAG(s) 'example_complex' retrieved from /home/airflow/.local/lib/python3.8/site-packages/airflow/example_dags/example_complex.py
[2025-07-09T19:59:32.157+0000] {logging_mixin.py:188} INFO - [2025-07-09T19:59:32.156+0000] {dag.py:3036} INFO - Sync 1 DAGs
[2025-07-09T19:59:32.173+0000] {logging_mixin.py:188} INFO - [2025-07-09T19:59:32.173+0000] {dag.py:3823} INFO - Setting next_dagrun for example_complex to None, run_after=None
[2025-07-09T19:59:32.200+0000] {processor.py:183} INFO - Processing /home/airflow/.local/lib/python3.8/site-packages/airflow/example_dags/example_complex.py took 0.099 seconds
[2025-07-09T20:00:03.157+0000] {processor.py:161} INFO - Started process (PID=722) to work on /home/airflow/.local/lib/python3.8/site-packages/airflow/example_dags/example_complex.py
[2025-07-09T20:00:03.160+0000] {processor.py:830} INFO - Processing file /home/airflow/.local/lib/python3.8/site-packages/airflow/example_dags/example_complex.py for tasks to queue
[2025-07-09T20:00:03.165+0000] {logging_mixin.py:188} INFO - [2025-07-09T20:00:03.164+0000] {dagbag.py:538} INFO - Filling up the DagBag from /home/airflow/.local/lib/python3.8/site-packages/airflow/example_dags/example_complex.py
[2025-07-09T20:00:03.181+0000] {processor.py:840} INFO - DAG(s) 'example_complex' retrieved from /home/airflow/.local/lib/python3.8/site-packages/airflow/example_dags/example_complex.py
[2025-07-09T20:00:03.229+0000] {logging_mixin.py:188} INFO - [2025-07-09T20:00:03.229+0000] {dag.py:3036} INFO - Sync 1 DAGs
[2025-07-09T20:00:03.244+0000] {logging_mixin.py:188} INFO - [2025-07-09T20:00:03.244+0000] {dag.py:3823} INFO - Setting next_dagrun for example_complex to None, run_after=None
[2025-07-09T20:00:03.274+0000] {processor.py:183} INFO - Processing /home/airflow/.local/lib/python3.8/site-packages/airflow/example_dags/example_complex.py took 0.125 seconds
[2025-07-09T20:00:33.773+0000] {processor.py:161} INFO - Started process (PID=778) to work on /home/airflow/.local/lib/python3.8/site-packages/airflow/example_dags/example_complex.py
[2025-07-09T20:00:33.775+0000] {processor.py:830} INFO - Processing file /home/airflow/.local/lib/python3.8/site-packages/airflow/example_dags/example_complex.py for tasks to queue
[2025-07-09T20:00:33.778+0000] {logging_mixin.py:188} INFO - [2025-07-09T20:00:33.777+0000] {dagbag.py:538} INFO - Filling up the DagBag from /home/airflow/.local/lib/python3.8/site-packages/airflow/example_dags/example_complex.py
[2025-07-09T20:00:33.791+0000] {processor.py:840} INFO - DAG(s) 'example_complex' retrieved from /home/airflow/.local/lib/python3.8/site-packages/airflow/example_dags/example_complex.py
[2025-07-09T20:00:33.827+0000] {logging_mixin.py:188} INFO - [2025-07-09T20:00:33.827+0000] {dag.py:3036} INFO - Sync 1 DAGs
[2025-07-09T20:00:33.848+0000] {logging_mixin.py:188} INFO - [2025-07-09T20:00:33.847+0000] {dag.py:3823} INFO - Setting next_dagrun for example_complex to None, run_after=None
[2025-07-09T20:00:33.882+0000] {processor.py:183} INFO - Processing /home/airflow/.local/lib/python3.8/site-packages/airflow/example_dags/example_complex.py took 0.113 seconds
[2025-07-09T22:49:01.951+0000] {processor.py:161} INFO - Started process (PID=828) to work on /home/airflow/.local/lib/python3.8/site-packages/airflow/example_dags/example_complex.py
[2025-07-09T22:49:01.956+0000] {processor.py:830} INFO - Processing file /home/airflow/.local/lib/python3.8/site-packages/airflow/example_dags/example_complex.py for tasks to queue
[2025-07-09T22:49:01.962+0000] {logging_mixin.py:188} INFO - [2025-07-09T22:49:01.961+0000] {dagbag.py:538} INFO - Filling up the DagBag from /home/airflow/.local/lib/python3.8/site-packages/airflow/example_dags/example_complex.py
[2025-07-09T22:49:01.991+0000] {processor.py:840} INFO - DAG(s) 'example_complex' retrieved from /home/airflow/.local/lib/python3.8/site-packages/airflow/example_dags/example_complex.py
[2025-07-09T22:49:02.049+0000] {logging_mixin.py:188} INFO - [2025-07-09T22:49:02.049+0000] {dag.py:3036} INFO - Sync 1 DAGs
[2025-07-09T22:49:02.071+0000] {logging_mixin.py:188} INFO - [2025-07-09T22:49:02.071+0000] {dag.py:3823} INFO - Setting next_dagrun for example_complex to None, run_after=None
[2025-07-09T22:49:02.113+0000] {processor.py:183} INFO - Processing /home/airflow/.local/lib/python3.8/site-packages/airflow/example_dags/example_complex.py took 0.169 seconds
[2025-07-09T22:49:32.649+0000] {processor.py:161} INFO - Started process (PID=884) to work on /home/airflow/.local/lib/python3.8/site-packages/airflow/example_dags/example_complex.py
[2025-07-09T22:49:32.651+0000] {processor.py:830} INFO - Processing file /home/airflow/.local/lib/python3.8/site-packages/airflow/example_dags/example_complex.py for tasks to queue
[2025-07-09T22:49:32.655+0000] {logging_mixin.py:188} INFO - [2025-07-09T22:49:32.655+0000] {dagbag.py:538} INFO - Filling up the DagBag from /home/airflow/.local/lib/python3.8/site-packages/airflow/example_dags/example_complex.py
[2025-07-09T22:49:32.670+0000] {processor.py:840} INFO - DAG(s) 'example_complex' retrieved from /home/airflow/.local/lib/python3.8/site-packages/airflow/example_dags/example_complex.py
[2025-07-09T22:49:32.717+0000] {logging_mixin.py:188} INFO - [2025-07-09T22:49:32.717+0000] {dag.py:3036} INFO - Sync 1 DAGs
[2025-07-09T22:49:32.734+0000] {logging_mixin.py:188} INFO - [2025-07-09T22:49:32.734+0000] {dag.py:3823} INFO - Setting next_dagrun for example_complex to None, run_after=None
[2025-07-09T22:49:32.776+0000] {processor.py:183} INFO - Processing /home/airflow/.local/lib/python3.8/site-packages/airflow/example_dags/example_complex.py took 0.132 seconds
[2025-07-09T22:50:03.328+0000] {processor.py:161} INFO - Started process (PID=941) to work on /home/airflow/.local/lib/python3.8/site-packages/airflow/example_dags/example_complex.py
[2025-07-09T22:50:03.330+0000] {processor.py:830} INFO - Processing file /home/airflow/.local/lib/python3.8/site-packages/airflow/example_dags/example_complex.py for tasks to queue
[2025-07-09T22:50:03.332+0000] {logging_mixin.py:188} INFO - [2025-07-09T22:50:03.332+0000] {dagbag.py:538} INFO - Filling up the DagBag from /home/airflow/.local/lib/python3.8/site-packages/airflow/example_dags/example_complex.py
[2025-07-09T22:50:03.345+0000] {processor.py:840} INFO - DAG(s) 'example_complex' retrieved from /home/airflow/.local/lib/python3.8/site-packages/airflow/example_dags/example_complex.py
[2025-07-09T22:50:03.382+0000] {logging_mixin.py:188} INFO - [2025-07-09T22:50:03.382+0000] {dag.py:3036} INFO - Sync 1 DAGs
[2025-07-09T22:50:03.397+0000] {logging_mixin.py:188} INFO - [2025-07-09T22:50:03.397+0000] {dag.py:3823} INFO - Setting next_dagrun for example_complex to None, run_after=None
[2025-07-09T22:50:03.424+0000] {processor.py:183} INFO - Processing /home/airflow/.local/lib/python3.8/site-packages/airflow/example_dags/example_complex.py took 0.101 seconds
[2025-07-09T22:50:33.709+0000] {processor.py:161} INFO - Started process (PID=998) to work on /home/airflow/.local/lib/python3.8/site-packages/airflow/example_dags/example_complex.py
[2025-07-09T22:50:33.711+0000] {processor.py:830} INFO - Processing file /home/airflow/.local/lib/python3.8/site-packages/airflow/example_dags/example_complex.py for tasks to queue
[2025-07-09T22:50:33.714+0000] {logging_mixin.py:188} INFO - [2025-07-09T22:50:33.714+0000] {dagbag.py:538} INFO - Filling up the DagBag from /home/airflow/.local/lib/python3.8/site-packages/airflow/example_dags/example_complex.py
[2025-07-09T22:50:33.731+0000] {processor.py:840} INFO - DAG(s) 'example_complex' retrieved from /home/airflow/.local/lib/python3.8/site-packages/airflow/example_dags/example_complex.py
[2025-07-09T22:50:33.782+0000] {logging_mixin.py:188} INFO - [2025-07-09T22:50:33.782+0000] {dag.py:3036} INFO - Sync 1 DAGs
[2025-07-09T22:50:33.804+0000] {logging_mixin.py:188} INFO - [2025-07-09T22:50:33.804+0000] {dag.py:3823} INFO - Setting next_dagrun for example_complex to None, run_after=None
[2025-07-09T22:50:33.841+0000] {processor.py:183} INFO - Processing /home/airflow/.local/lib/python3.8/site-packages/airflow/example_dags/example_complex.py took 0.138 seconds
[2025-07-09T22:51:03.990+0000] {processor.py:161} INFO - Started process (PID=1054) to work on /home/airflow/.local/lib/python3.8/site-packages/airflow/example_dags/example_complex.py
[2025-07-09T22:51:03.993+0000] {processor.py:830} INFO - Processing file /home/airflow/.local/lib/python3.8/site-packages/airflow/example_dags/example_complex.py for tasks to queue
[2025-07-09T22:51:03.997+0000] {logging_mixin.py:188} INFO - [2025-07-09T22:51:03.997+0000] {dagbag.py:538} INFO - Filling up the DagBag from /home/airflow/.local/lib/python3.8/site-packages/airflow/example_dags/example_complex.py
[2025-07-09T22:51:04.022+0000] {processor.py:840} INFO - DAG(s) 'example_complex' retrieved from /home/airflow/.local/lib/python3.8/site-packages/airflow/example_dags/example_complex.py
[2025-07-09T22:51:04.062+0000] {logging_mixin.py:188} INFO - [2025-07-09T22:51:04.061+0000] {dag.py:3036} INFO - Sync 1 DAGs
[2025-07-09T22:51:04.078+0000] {logging_mixin.py:188} INFO - [2025-07-09T22:51:04.078+0000] {dag.py:3823} INFO - Setting next_dagrun for example_complex to None, run_after=None
[2025-07-09T22:51:04.111+0000] {processor.py:183} INFO - Processing /home/airflow/.local/lib/python3.8/site-packages/airflow/example_dags/example_complex.py took 0.129 seconds
[2025-07-09T22:51:35.011+0000] {processor.py:161} INFO - Started process (PID=1112) to work on /home/airflow/.local/lib/python3.8/site-packages/airflow/example_dags/example_complex.py
[2025-07-09T22:51:35.013+0000] {processor.py:830} INFO - Processing file /home/airflow/.local/lib/python3.8/site-packages/airflow/example_dags/example_complex.py for tasks to queue
[2025-07-09T22:51:35.017+0000] {logging_mixin.py:188} INFO - [2025-07-09T22:51:35.017+0000] {dagbag.py:538} INFO - Filling up the DagBag from /home/airflow/.local/lib/python3.8/site-packages/airflow/example_dags/example_complex.py
[2025-07-09T22:51:35.031+0000] {processor.py:840} INFO - DAG(s) 'example_complex' retrieved from /home/airflow/.local/lib/python3.8/site-packages/airflow/example_dags/example_complex.py
[2025-07-09T22:51:35.076+0000] {logging_mixin.py:188} INFO - [2025-07-09T22:51:35.075+0000] {dag.py:3036} INFO - Sync 1 DAGs
[2025-07-09T22:51:35.101+0000] {logging_mixin.py:188} INFO - [2025-07-09T22:51:35.101+0000] {dag.py:3823} INFO - Setting next_dagrun for example_complex to None, run_after=None
[2025-07-09T22:51:35.150+0000] {processor.py:183} INFO - Processing /home/airflow/.local/lib/python3.8/site-packages/airflow/example_dags/example_complex.py took 0.148 seconds
[2025-07-09T22:52:05.313+0000] {processor.py:161} INFO - Started process (PID=1169) to work on /home/airflow/.local/lib/python3.8/site-packages/airflow/example_dags/example_complex.py
[2025-07-09T22:52:05.316+0000] {processor.py:830} INFO - Processing file /home/airflow/.local/lib/python3.8/site-packages/airflow/example_dags/example_complex.py for tasks to queue
[2025-07-09T22:52:05.319+0000] {logging_mixin.py:188} INFO - [2025-07-09T22:52:05.319+0000] {dagbag.py:538} INFO - Filling up the DagBag from /home/airflow/.local/lib/python3.8/site-packages/airflow/example_dags/example_complex.py
[2025-07-09T22:52:05.342+0000] {processor.py:840} INFO - DAG(s) 'example_complex' retrieved from /home/airflow/.local/lib/python3.8/site-packages/airflow/example_dags/example_complex.py
[2025-07-09T22:52:05.405+0000] {logging_mixin.py:188} INFO - [2025-07-09T22:52:05.405+0000] {dag.py:3036} INFO - Sync 1 DAGs
[2025-07-09T22:52:05.421+0000] {logging_mixin.py:188} INFO - [2025-07-09T22:52:05.420+0000] {dag.py:3823} INFO - Setting next_dagrun for example_complex to None, run_after=None
[2025-07-09T22:52:05.449+0000] {processor.py:183} INFO - Processing /home/airflow/.local/lib/python3.8/site-packages/airflow/example_dags/example_complex.py took 0.142 seconds
[2025-07-09T22:52:35.658+0000] {processor.py:161} INFO - Started process (PID=1225) to work on /home/airflow/.local/lib/python3.8/site-packages/airflow/example_dags/example_complex.py
[2025-07-09T22:52:35.660+0000] {processor.py:830} INFO - Processing file /home/airflow/.local/lib/python3.8/site-packages/airflow/example_dags/example_complex.py for tasks to queue
[2025-07-09T22:52:35.664+0000] {logging_mixin.py:188} INFO - [2025-07-09T22:52:35.663+0000] {dagbag.py:538} INFO - Filling up the DagBag from /home/airflow/.local/lib/python3.8/site-packages/airflow/example_dags/example_complex.py
[2025-07-09T22:52:35.679+0000] {processor.py:840} INFO - DAG(s) 'example_complex' retrieved from /home/airflow/.local/lib/python3.8/site-packages/airflow/example_dags/example_complex.py
[2025-07-09T22:52:35.721+0000] {logging_mixin.py:188} INFO - [2025-07-09T22:52:35.720+0000] {dag.py:3036} INFO - Sync 1 DAGs
[2025-07-09T22:52:35.742+0000] {logging_mixin.py:188} INFO - [2025-07-09T22:52:35.742+0000] {dag.py:3823} INFO - Setting next_dagrun for example_complex to None, run_after=None
[2025-07-09T22:52:35.777+0000] {processor.py:183} INFO - Processing /home/airflow/.local/lib/python3.8/site-packages/airflow/example_dags/example_complex.py took 0.124 seconds
[2025-07-09T22:53:06.056+0000] {processor.py:161} INFO - Started process (PID=1288) to work on /home/airflow/.local/lib/python3.8/site-packages/airflow/example_dags/example_complex.py
[2025-07-09T22:53:06.058+0000] {processor.py:830} INFO - Processing file /home/airflow/.local/lib/python3.8/site-packages/airflow/example_dags/example_complex.py for tasks to queue
[2025-07-09T22:53:06.062+0000] {logging_mixin.py:188} INFO - [2025-07-09T22:53:06.061+0000] {dagbag.py:538} INFO - Filling up the DagBag from /home/airflow/.local/lib/python3.8/site-packages/airflow/example_dags/example_complex.py
[2025-07-09T22:53:06.078+0000] {processor.py:840} INFO - DAG(s) 'example_complex' retrieved from /home/airflow/.local/lib/python3.8/site-packages/airflow/example_dags/example_complex.py
[2025-07-09T22:53:06.120+0000] {logging_mixin.py:188} INFO - [2025-07-09T22:53:06.120+0000] {dag.py:3036} INFO - Sync 1 DAGs
[2025-07-09T22:53:06.137+0000] {logging_mixin.py:188} INFO - [2025-07-09T22:53:06.136+0000] {dag.py:3823} INFO - Setting next_dagrun for example_complex to None, run_after=None
[2025-07-09T22:53:06.171+0000] {processor.py:183} INFO - Processing /home/airflow/.local/lib/python3.8/site-packages/airflow/example_dags/example_complex.py took 0.120 seconds
[2025-07-09T22:53:36.724+0000] {processor.py:161} INFO - Started process (PID=1344) to work on /home/airflow/.local/lib/python3.8/site-packages/airflow/example_dags/example_complex.py
[2025-07-09T22:53:36.726+0000] {processor.py:830} INFO - Processing file /home/airflow/.local/lib/python3.8/site-packages/airflow/example_dags/example_complex.py for tasks to queue
[2025-07-09T22:53:36.730+0000] {logging_mixin.py:188} INFO - [2025-07-09T22:53:36.730+0000] {dagbag.py:538} INFO - Filling up the DagBag from /home/airflow/.local/lib/python3.8/site-packages/airflow/example_dags/example_complex.py
[2025-07-09T22:53:36.744+0000] {processor.py:840} INFO - DAG(s) 'example_complex' retrieved from /home/airflow/.local/lib/python3.8/site-packages/airflow/example_dags/example_complex.py
[2025-07-09T22:53:36.785+0000] {logging_mixin.py:188} INFO - [2025-07-09T22:53:36.785+0000] {dag.py:3036} INFO - Sync 1 DAGs
[2025-07-09T22:53:36.802+0000] {logging_mixin.py:188} INFO - [2025-07-09T22:53:36.802+0000] {dag.py:3823} INFO - Setting next_dagrun for example_complex to None, run_after=None
[2025-07-09T22:53:36.847+0000] {processor.py:183} INFO - Processing /home/airflow/.local/lib/python3.8/site-packages/airflow/example_dags/example_complex.py took 0.129 seconds
[2025-07-09T22:54:07.540+0000] {processor.py:161} INFO - Started process (PID=1400) to work on /home/airflow/.local/lib/python3.8/site-packages/airflow/example_dags/example_complex.py
[2025-07-09T22:54:07.542+0000] {processor.py:830} INFO - Processing file /home/airflow/.local/lib/python3.8/site-packages/airflow/example_dags/example_complex.py for tasks to queue
[2025-07-09T22:54:07.545+0000] {logging_mixin.py:188} INFO - [2025-07-09T22:54:07.544+0000] {dagbag.py:538} INFO - Filling up the DagBag from /home/airflow/.local/lib/python3.8/site-packages/airflow/example_dags/example_complex.py
[2025-07-09T22:54:07.569+0000] {processor.py:840} INFO - DAG(s) 'example_complex' retrieved from /home/airflow/.local/lib/python3.8/site-packages/airflow/example_dags/example_complex.py
[2025-07-09T22:54:07.619+0000] {logging_mixin.py:188} INFO - [2025-07-09T22:54:07.619+0000] {dag.py:3036} INFO - Sync 1 DAGs
[2025-07-09T22:54:07.641+0000] {logging_mixin.py:188} INFO - [2025-07-09T22:54:07.641+0000] {dag.py:3823} INFO - Setting next_dagrun for example_complex to None, run_after=None
[2025-07-09T22:54:07.688+0000] {processor.py:183} INFO - Processing /home/airflow/.local/lib/python3.8/site-packages/airflow/example_dags/example_complex.py took 0.153 seconds
[2025-07-09T22:54:38.195+0000] {processor.py:161} INFO - Started process (PID=1457) to work on /home/airflow/.local/lib/python3.8/site-packages/airflow/example_dags/example_complex.py
[2025-07-09T22:54:38.199+0000] {processor.py:830} INFO - Processing file /home/airflow/.local/lib/python3.8/site-packages/airflow/example_dags/example_complex.py for tasks to queue
[2025-07-09T22:54:38.205+0000] {logging_mixin.py:188} INFO - [2025-07-09T22:54:38.204+0000] {dagbag.py:538} INFO - Filling up the DagBag from /home/airflow/.local/lib/python3.8/site-packages/airflow/example_dags/example_complex.py
[2025-07-09T22:54:38.226+0000] {processor.py:840} INFO - DAG(s) 'example_complex' retrieved from /home/airflow/.local/lib/python3.8/site-packages/airflow/example_dags/example_complex.py
[2025-07-09T22:54:38.277+0000] {logging_mixin.py:188} INFO - [2025-07-09T22:54:38.276+0000] {dag.py:3036} INFO - Sync 1 DAGs
[2025-07-09T22:54:38.301+0000] {logging_mixin.py:188} INFO - [2025-07-09T22:54:38.300+0000] {dag.py:3823} INFO - Setting next_dagrun for example_complex to None, run_after=None
[2025-07-09T22:54:38.342+0000] {processor.py:183} INFO - Processing /home/airflow/.local/lib/python3.8/site-packages/airflow/example_dags/example_complex.py took 0.154 seconds
[2025-07-09T22:55:08.470+0000] {processor.py:161} INFO - Started process (PID=1514) to work on /home/airflow/.local/lib/python3.8/site-packages/airflow/example_dags/example_complex.py
[2025-07-09T22:55:08.472+0000] {processor.py:830} INFO - Processing file /home/airflow/.local/lib/python3.8/site-packages/airflow/example_dags/example_complex.py for tasks to queue
[2025-07-09T22:55:08.475+0000] {logging_mixin.py:188} INFO - [2025-07-09T22:55:08.474+0000] {dagbag.py:538} INFO - Filling up the DagBag from /home/airflow/.local/lib/python3.8/site-packages/airflow/example_dags/example_complex.py
[2025-07-09T22:55:08.488+0000] {processor.py:840} INFO - DAG(s) 'example_complex' retrieved from /home/airflow/.local/lib/python3.8/site-packages/airflow/example_dags/example_complex.py
[2025-07-09T22:55:08.525+0000] {logging_mixin.py:188} INFO - [2025-07-09T22:55:08.525+0000] {dag.py:3036} INFO - Sync 1 DAGs
[2025-07-09T22:55:08.540+0000] {logging_mixin.py:188} INFO - [2025-07-09T22:55:08.540+0000] {dag.py:3823} INFO - Setting next_dagrun for example_complex to None, run_after=None
[2025-07-09T22:55:08.570+0000] {processor.py:183} INFO - Processing /home/airflow/.local/lib/python3.8/site-packages/airflow/example_dags/example_complex.py took 0.104 seconds
[2025-07-09T22:55:38.810+0000] {processor.py:161} INFO - Started process (PID=1571) to work on /home/airflow/.local/lib/python3.8/site-packages/airflow/example_dags/example_complex.py
[2025-07-09T22:55:38.812+0000] {processor.py:830} INFO - Processing file /home/airflow/.local/lib/python3.8/site-packages/airflow/example_dags/example_complex.py for tasks to queue
[2025-07-09T22:55:38.815+0000] {logging_mixin.py:188} INFO - [2025-07-09T22:55:38.814+0000] {dagbag.py:538} INFO - Filling up the DagBag from /home/airflow/.local/lib/python3.8/site-packages/airflow/example_dags/example_complex.py
[2025-07-09T22:55:38.829+0000] {processor.py:840} INFO - DAG(s) 'example_complex' retrieved from /home/airflow/.local/lib/python3.8/site-packages/airflow/example_dags/example_complex.py
[2025-07-09T22:55:38.888+0000] {logging_mixin.py:188} INFO - [2025-07-09T22:55:38.888+0000] {dag.py:3036} INFO - Sync 1 DAGs
[2025-07-09T22:55:38.908+0000] {logging_mixin.py:188} INFO - [2025-07-09T22:55:38.908+0000] {dag.py:3823} INFO - Setting next_dagrun for example_complex to None, run_after=None
[2025-07-09T22:55:38.941+0000] {processor.py:183} INFO - Processing /home/airflow/.local/lib/python3.8/site-packages/airflow/example_dags/example_complex.py took 0.135 seconds
[2025-07-09T22:56:09.214+0000] {processor.py:161} INFO - Started process (PID=1628) to work on /home/airflow/.local/lib/python3.8/site-packages/airflow/example_dags/example_complex.py
[2025-07-09T22:56:09.216+0000] {processor.py:830} INFO - Processing file /home/airflow/.local/lib/python3.8/site-packages/airflow/example_dags/example_complex.py for tasks to queue
[2025-07-09T22:56:09.221+0000] {logging_mixin.py:188} INFO - [2025-07-09T22:56:09.221+0000] {dagbag.py:538} INFO - Filling up the DagBag from /home/airflow/.local/lib/python3.8/site-packages/airflow/example_dags/example_complex.py
[2025-07-09T22:56:09.241+0000] {processor.py:840} INFO - DAG(s) 'example_complex' retrieved from /home/airflow/.local/lib/python3.8/site-packages/airflow/example_dags/example_complex.py
[2025-07-09T22:56:09.281+0000] {logging_mixin.py:188} INFO - [2025-07-09T22:56:09.280+0000] {dag.py:3036} INFO - Sync 1 DAGs
[2025-07-09T22:56:09.297+0000] {logging_mixin.py:188} INFO - [2025-07-09T22:56:09.297+0000] {dag.py:3823} INFO - Setting next_dagrun for example_complex to None, run_after=None
[2025-07-09T22:56:09.327+0000] {processor.py:183} INFO - Processing /home/airflow/.local/lib/python3.8/site-packages/airflow/example_dags/example_complex.py took 0.121 seconds
[2025-07-09T23:01:53.932+0000] {processor.py:161} INFO - Started process (PID=81) to work on /home/airflow/.local/lib/python3.8/site-packages/airflow/example_dags/example_complex.py
[2025-07-09T23:01:53.934+0000] {processor.py:830} INFO - Processing file /home/airflow/.local/lib/python3.8/site-packages/airflow/example_dags/example_complex.py for tasks to queue
[2025-07-09T23:01:53.938+0000] {logging_mixin.py:188} INFO - [2025-07-09T23:01:53.937+0000] {dagbag.py:538} INFO - Filling up the DagBag from /home/airflow/.local/lib/python3.8/site-packages/airflow/example_dags/example_complex.py
[2025-07-09T23:01:53.961+0000] {processor.py:840} INFO - DAG(s) 'example_complex' retrieved from /home/airflow/.local/lib/python3.8/site-packages/airflow/example_dags/example_complex.py
[2025-07-09T23:01:54.171+0000] {logging_mixin.py:188} INFO - [2025-07-09T23:01:54.170+0000] {override.py:1769} INFO - Created Permission View: can edit on DAG:example_complex
[2025-07-09T23:01:54.194+0000] {logging_mixin.py:188} INFO - [2025-07-09T23:01:54.193+0000] {override.py:1769} INFO - Created Permission View: can delete on DAG:example_complex
[2025-07-09T23:01:54.211+0000] {logging_mixin.py:188} INFO - [2025-07-09T23:01:54.210+0000] {override.py:1769} INFO - Created Permission View: can read on DAG:example_complex
[2025-07-09T23:01:54.213+0000] {logging_mixin.py:188} INFO - [2025-07-09T23:01:54.212+0000] {dag.py:3036} INFO - Sync 1 DAGs
[2025-07-09T23:01:54.236+0000] {logging_mixin.py:188} INFO - [2025-07-09T23:01:54.236+0000] {dag.py:3058} INFO - Creating ORM DAG for example_complex
[2025-07-09T23:01:54.238+0000] {logging_mixin.py:188} INFO - [2025-07-09T23:01:54.238+0000] {dag.py:3823} INFO - Setting next_dagrun for example_complex to None, run_after=None
[2025-07-09T23:01:54.278+0000] {processor.py:183} INFO - Processing /home/airflow/.local/lib/python3.8/site-packages/airflow/example_dags/example_complex.py took 0.352 seconds
[2025-07-09T23:02:25.265+0000] {processor.py:161} INFO - Started process (PID=136) to work on /home/airflow/.local/lib/python3.8/site-packages/airflow/example_dags/example_complex.py
[2025-07-09T23:02:25.267+0000] {processor.py:830} INFO - Processing file /home/airflow/.local/lib/python3.8/site-packages/airflow/example_dags/example_complex.py for tasks to queue
[2025-07-09T23:02:25.271+0000] {logging_mixin.py:188} INFO - [2025-07-09T23:02:25.271+0000] {dagbag.py:538} INFO - Filling up the DagBag from /home/airflow/.local/lib/python3.8/site-packages/airflow/example_dags/example_complex.py
[2025-07-09T23:02:25.285+0000] {processor.py:840} INFO - DAG(s) 'example_complex' retrieved from /home/airflow/.local/lib/python3.8/site-packages/airflow/example_dags/example_complex.py
[2025-07-09T23:02:25.344+0000] {logging_mixin.py:188} INFO - [2025-07-09T23:02:25.343+0000] {dag.py:3036} INFO - Sync 1 DAGs
[2025-07-09T23:02:25.382+0000] {logging_mixin.py:188} INFO - [2025-07-09T23:02:25.381+0000] {dag.py:3823} INFO - Setting next_dagrun for example_complex to None, run_after=None
[2025-07-09T23:02:25.458+0000] {processor.py:183} INFO - Processing /home/airflow/.local/lib/python3.8/site-packages/airflow/example_dags/example_complex.py took 0.194 seconds
[2025-07-09T23:02:56.082+0000] {processor.py:161} INFO - Started process (PID=196) to work on /home/airflow/.local/lib/python3.8/site-packages/airflow/example_dags/example_complex.py
[2025-07-09T23:02:56.085+0000] {processor.py:830} INFO - Processing file /home/airflow/.local/lib/python3.8/site-packages/airflow/example_dags/example_complex.py for tasks to queue
[2025-07-09T23:02:56.090+0000] {logging_mixin.py:188} INFO - [2025-07-09T23:02:56.089+0000] {dagbag.py:538} INFO - Filling up the DagBag from /home/airflow/.local/lib/python3.8/site-packages/airflow/example_dags/example_complex.py
[2025-07-09T23:02:56.105+0000] {processor.py:840} INFO - DAG(s) 'example_complex' retrieved from /home/airflow/.local/lib/python3.8/site-packages/airflow/example_dags/example_complex.py
[2025-07-09T23:02:56.157+0000] {logging_mixin.py:188} INFO - [2025-07-09T23:02:56.157+0000] {dag.py:3036} INFO - Sync 1 DAGs
[2025-07-09T23:02:56.186+0000] {logging_mixin.py:188} INFO - [2025-07-09T23:02:56.185+0000] {dag.py:3823} INFO - Setting next_dagrun for example_complex to None, run_after=None
[2025-07-09T23:02:56.232+0000] {processor.py:183} INFO - Processing /home/airflow/.local/lib/python3.8/site-packages/airflow/example_dags/example_complex.py took 0.158 seconds
[2025-07-09T23:03:26.505+0000] {processor.py:161} INFO - Started process (PID=257) to work on /home/airflow/.local/lib/python3.8/site-packages/airflow/example_dags/example_complex.py
[2025-07-09T23:03:26.508+0000] {processor.py:830} INFO - Processing file /home/airflow/.local/lib/python3.8/site-packages/airflow/example_dags/example_complex.py for tasks to queue
[2025-07-09T23:03:26.512+0000] {logging_mixin.py:188} INFO - [2025-07-09T23:03:26.512+0000] {dagbag.py:538} INFO - Filling up the DagBag from /home/airflow/.local/lib/python3.8/site-packages/airflow/example_dags/example_complex.py
[2025-07-09T23:03:26.528+0000] {processor.py:840} INFO - DAG(s) 'example_complex' retrieved from /home/airflow/.local/lib/python3.8/site-packages/airflow/example_dags/example_complex.py
[2025-07-09T23:03:26.583+0000] {logging_mixin.py:188} INFO - [2025-07-09T23:03:26.582+0000] {dag.py:3036} INFO - Sync 1 DAGs
[2025-07-09T23:03:26.607+0000] {logging_mixin.py:188} INFO - [2025-07-09T23:03:26.607+0000] {dag.py:3823} INFO - Setting next_dagrun for example_complex to None, run_after=None
[2025-07-09T23:03:26.651+0000] {processor.py:183} INFO - Processing /home/airflow/.local/lib/python3.8/site-packages/airflow/example_dags/example_complex.py took 0.152 seconds
[2025-07-09T23:03:57.034+0000] {processor.py:161} INFO - Started process (PID=314) to work on /home/airflow/.local/lib/python3.8/site-packages/airflow/example_dags/example_complex.py
[2025-07-09T23:03:57.036+0000] {processor.py:830} INFO - Processing file /home/airflow/.local/lib/python3.8/site-packages/airflow/example_dags/example_complex.py for tasks to queue
[2025-07-09T23:03:57.040+0000] {logging_mixin.py:188} INFO - [2025-07-09T23:03:57.039+0000] {dagbag.py:538} INFO - Filling up the DagBag from /home/airflow/.local/lib/python3.8/site-packages/airflow/example_dags/example_complex.py
[2025-07-09T23:03:57.058+0000] {processor.py:840} INFO - DAG(s) 'example_complex' retrieved from /home/airflow/.local/lib/python3.8/site-packages/airflow/example_dags/example_complex.py
[2025-07-09T23:03:57.104+0000] {logging_mixin.py:188} INFO - [2025-07-09T23:03:57.104+0000] {dag.py:3036} INFO - Sync 1 DAGs
[2025-07-09T23:03:57.119+0000] {logging_mixin.py:188} INFO - [2025-07-09T23:03:57.119+0000] {dag.py:3823} INFO - Setting next_dagrun for example_complex to None, run_after=None
[2025-07-09T23:03:57.156+0000] {processor.py:183} INFO - Processing /home/airflow/.local/lib/python3.8/site-packages/airflow/example_dags/example_complex.py took 0.127 seconds
[2025-07-09T23:04:27.719+0000] {processor.py:161} INFO - Started process (PID=375) to work on /home/airflow/.local/lib/python3.8/site-packages/airflow/example_dags/example_complex.py
[2025-07-09T23:04:27.721+0000] {processor.py:830} INFO - Processing file /home/airflow/.local/lib/python3.8/site-packages/airflow/example_dags/example_complex.py for tasks to queue
[2025-07-09T23:04:27.723+0000] {logging_mixin.py:188} INFO - [2025-07-09T23:04:27.723+0000] {dagbag.py:538} INFO - Filling up the DagBag from /home/airflow/.local/lib/python3.8/site-packages/airflow/example_dags/example_complex.py
[2025-07-09T23:04:27.736+0000] {processor.py:840} INFO - DAG(s) 'example_complex' retrieved from /home/airflow/.local/lib/python3.8/site-packages/airflow/example_dags/example_complex.py
[2025-07-09T23:04:27.773+0000] {logging_mixin.py:188} INFO - [2025-07-09T23:04:27.773+0000] {dag.py:3036} INFO - Sync 1 DAGs
[2025-07-09T23:04:27.792+0000] {logging_mixin.py:188} INFO - [2025-07-09T23:04:27.791+0000] {dag.py:3823} INFO - Setting next_dagrun for example_complex to None, run_after=None
[2025-07-09T23:04:27.836+0000] {processor.py:183} INFO - Processing /home/airflow/.local/lib/python3.8/site-packages/airflow/example_dags/example_complex.py took 0.121 seconds
[2025-07-09T23:04:58.658+0000] {processor.py:161} INFO - Started process (PID=432) to work on /home/airflow/.local/lib/python3.8/site-packages/airflow/example_dags/example_complex.py
[2025-07-09T23:04:58.660+0000] {processor.py:830} INFO - Processing file /home/airflow/.local/lib/python3.8/site-packages/airflow/example_dags/example_complex.py for tasks to queue
[2025-07-09T23:04:58.663+0000] {logging_mixin.py:188} INFO - [2025-07-09T23:04:58.662+0000] {dagbag.py:538} INFO - Filling up the DagBag from /home/airflow/.local/lib/python3.8/site-packages/airflow/example_dags/example_complex.py
[2025-07-09T23:04:58.676+0000] {processor.py:840} INFO - DAG(s) 'example_complex' retrieved from /home/airflow/.local/lib/python3.8/site-packages/airflow/example_dags/example_complex.py
[2025-07-09T23:04:58.721+0000] {logging_mixin.py:188} INFO - [2025-07-09T23:04:58.721+0000] {dag.py:3036} INFO - Sync 1 DAGs
[2025-07-09T23:04:58.740+0000] {logging_mixin.py:188} INFO - [2025-07-09T23:04:58.740+0000] {dag.py:3823} INFO - Setting next_dagrun for example_complex to None, run_after=None
[2025-07-09T23:04:58.776+0000] {processor.py:183} INFO - Processing /home/airflow/.local/lib/python3.8/site-packages/airflow/example_dags/example_complex.py took 0.123 seconds
[2025-07-09T23:05:29.028+0000] {processor.py:161} INFO - Started process (PID=490) to work on /home/airflow/.local/lib/python3.8/site-packages/airflow/example_dags/example_complex.py
[2025-07-09T23:05:29.030+0000] {processor.py:830} INFO - Processing file /home/airflow/.local/lib/python3.8/site-packages/airflow/example_dags/example_complex.py for tasks to queue
[2025-07-09T23:05:29.033+0000] {logging_mixin.py:188} INFO - [2025-07-09T23:05:29.033+0000] {dagbag.py:538} INFO - Filling up the DagBag from /home/airflow/.local/lib/python3.8/site-packages/airflow/example_dags/example_complex.py
[2025-07-09T23:05:29.047+0000] {processor.py:840} INFO - DAG(s) 'example_complex' retrieved from /home/airflow/.local/lib/python3.8/site-packages/airflow/example_dags/example_complex.py
[2025-07-09T23:05:29.085+0000] {logging_mixin.py:188} INFO - [2025-07-09T23:05:29.085+0000] {dag.py:3036} INFO - Sync 1 DAGs
[2025-07-09T23:05:29.102+0000] {logging_mixin.py:188} INFO - [2025-07-09T23:05:29.101+0000] {dag.py:3823} INFO - Setting next_dagrun for example_complex to None, run_after=None
[2025-07-09T23:05:29.137+0000] {processor.py:183} INFO - Processing /home/airflow/.local/lib/python3.8/site-packages/airflow/example_dags/example_complex.py took 0.113 seconds
[2025-07-09T23:05:59.240+0000] {processor.py:161} INFO - Started process (PID=547) to work on /home/airflow/.local/lib/python3.8/site-packages/airflow/example_dags/example_complex.py
[2025-07-09T23:05:59.241+0000] {processor.py:830} INFO - Processing file /home/airflow/.local/lib/python3.8/site-packages/airflow/example_dags/example_complex.py for tasks to queue
[2025-07-09T23:05:59.244+0000] {logging_mixin.py:188} INFO - [2025-07-09T23:05:59.243+0000] {dagbag.py:538} INFO - Filling up the DagBag from /home/airflow/.local/lib/python3.8/site-packages/airflow/example_dags/example_complex.py
[2025-07-09T23:05:59.257+0000] {processor.py:840} INFO - DAG(s) 'example_complex' retrieved from /home/airflow/.local/lib/python3.8/site-packages/airflow/example_dags/example_complex.py
[2025-07-09T23:05:59.294+0000] {logging_mixin.py:188} INFO - [2025-07-09T23:05:59.293+0000] {dag.py:3036} INFO - Sync 1 DAGs
[2025-07-09T23:05:59.308+0000] {logging_mixin.py:188} INFO - [2025-07-09T23:05:59.308+0000] {dag.py:3823} INFO - Setting next_dagrun for example_complex to None, run_after=None
[2025-07-09T23:05:59.338+0000] {processor.py:183} INFO - Processing /home/airflow/.local/lib/python3.8/site-packages/airflow/example_dags/example_complex.py took 0.103 seconds
[2025-07-09T23:06:30.241+0000] {processor.py:161} INFO - Started process (PID=603) to work on /home/airflow/.local/lib/python3.8/site-packages/airflow/example_dags/example_complex.py
[2025-07-09T23:06:30.244+0000] {processor.py:830} INFO - Processing file /home/airflow/.local/lib/python3.8/site-packages/airflow/example_dags/example_complex.py for tasks to queue
[2025-07-09T23:06:30.248+0000] {logging_mixin.py:188} INFO - [2025-07-09T23:06:30.248+0000] {dagbag.py:538} INFO - Filling up the DagBag from /home/airflow/.local/lib/python3.8/site-packages/airflow/example_dags/example_complex.py
[2025-07-09T23:06:30.265+0000] {processor.py:840} INFO - DAG(s) 'example_complex' retrieved from /home/airflow/.local/lib/python3.8/site-packages/airflow/example_dags/example_complex.py
[2025-07-09T23:06:30.308+0000] {logging_mixin.py:188} INFO - [2025-07-09T23:06:30.307+0000] {dag.py:3036} INFO - Sync 1 DAGs
[2025-07-09T23:06:30.324+0000] {logging_mixin.py:188} INFO - [2025-07-09T23:06:30.324+0000] {dag.py:3823} INFO - Setting next_dagrun for example_complex to None, run_after=None
[2025-07-09T23:06:30.357+0000] {processor.py:183} INFO - Processing /home/airflow/.local/lib/python3.8/site-packages/airflow/example_dags/example_complex.py took 0.122 seconds
[2025-07-09T23:07:00.829+0000] {processor.py:161} INFO - Started process (PID=659) to work on /home/airflow/.local/lib/python3.8/site-packages/airflow/example_dags/example_complex.py
[2025-07-09T23:07:00.831+0000] {processor.py:830} INFO - Processing file /home/airflow/.local/lib/python3.8/site-packages/airflow/example_dags/example_complex.py for tasks to queue
[2025-07-09T23:07:00.833+0000] {logging_mixin.py:188} INFO - [2025-07-09T23:07:00.833+0000] {dagbag.py:538} INFO - Filling up the DagBag from /home/airflow/.local/lib/python3.8/site-packages/airflow/example_dags/example_complex.py
[2025-07-09T23:07:00.858+0000] {processor.py:840} INFO - DAG(s) 'example_complex' retrieved from /home/airflow/.local/lib/python3.8/site-packages/airflow/example_dags/example_complex.py
[2025-07-09T23:07:00.904+0000] {logging_mixin.py:188} INFO - [2025-07-09T23:07:00.903+0000] {dag.py:3036} INFO - Sync 1 DAGs
[2025-07-09T23:07:00.920+0000] {logging_mixin.py:188} INFO - [2025-07-09T23:07:00.919+0000] {dag.py:3823} INFO - Setting next_dagrun for example_complex to None, run_after=None
[2025-07-09T23:07:00.956+0000] {processor.py:183} INFO - Processing /home/airflow/.local/lib/python3.8/site-packages/airflow/example_dags/example_complex.py took 0.132 seconds
[2025-07-09T23:07:31.131+0000] {processor.py:161} INFO - Started process (PID=716) to work on /home/airflow/.local/lib/python3.8/site-packages/airflow/example_dags/example_complex.py
[2025-07-09T23:07:31.136+0000] {processor.py:830} INFO - Processing file /home/airflow/.local/lib/python3.8/site-packages/airflow/example_dags/example_complex.py for tasks to queue
[2025-07-09T23:07:31.140+0000] {logging_mixin.py:188} INFO - [2025-07-09T23:07:31.139+0000] {dagbag.py:538} INFO - Filling up the DagBag from /home/airflow/.local/lib/python3.8/site-packages/airflow/example_dags/example_complex.py
[2025-07-09T23:07:31.160+0000] {processor.py:840} INFO - DAG(s) 'example_complex' retrieved from /home/airflow/.local/lib/python3.8/site-packages/airflow/example_dags/example_complex.py
[2025-07-09T23:07:31.205+0000] {logging_mixin.py:188} INFO - [2025-07-09T23:07:31.205+0000] {dag.py:3036} INFO - Sync 1 DAGs
[2025-07-09T23:07:31.222+0000] {logging_mixin.py:188} INFO - [2025-07-09T23:07:31.222+0000] {dag.py:3823} INFO - Setting next_dagrun for example_complex to None, run_after=None
[2025-07-09T23:07:31.256+0000] {processor.py:183} INFO - Processing /home/airflow/.local/lib/python3.8/site-packages/airflow/example_dags/example_complex.py took 0.130 seconds
[2025-07-09T23:08:01.444+0000] {processor.py:161} INFO - Started process (PID=772) to work on /home/airflow/.local/lib/python3.8/site-packages/airflow/example_dags/example_complex.py
[2025-07-09T23:08:01.447+0000] {processor.py:830} INFO - Processing file /home/airflow/.local/lib/python3.8/site-packages/airflow/example_dags/example_complex.py for tasks to queue
[2025-07-09T23:08:01.456+0000] {logging_mixin.py:188} INFO - [2025-07-09T23:08:01.455+0000] {dagbag.py:538} INFO - Filling up the DagBag from /home/airflow/.local/lib/python3.8/site-packages/airflow/example_dags/example_complex.py
[2025-07-09T23:08:01.472+0000] {processor.py:840} INFO - DAG(s) 'example_complex' retrieved from /home/airflow/.local/lib/python3.8/site-packages/airflow/example_dags/example_complex.py
[2025-07-09T23:08:01.514+0000] {logging_mixin.py:188} INFO - [2025-07-09T23:08:01.514+0000] {dag.py:3036} INFO - Sync 1 DAGs
[2025-07-09T23:08:01.529+0000] {logging_mixin.py:188} INFO - [2025-07-09T23:08:01.529+0000] {dag.py:3823} INFO - Setting next_dagrun for example_complex to None, run_after=None
[2025-07-09T23:08:01.560+0000] {processor.py:183} INFO - Processing /home/airflow/.local/lib/python3.8/site-packages/airflow/example_dags/example_complex.py took 0.120 seconds
[2025-07-09T23:08:31.764+0000] {processor.py:161} INFO - Started process (PID=829) to work on /home/airflow/.local/lib/python3.8/site-packages/airflow/example_dags/example_complex.py
[2025-07-09T23:08:31.766+0000] {processor.py:830} INFO - Processing file /home/airflow/.local/lib/python3.8/site-packages/airflow/example_dags/example_complex.py for tasks to queue
[2025-07-09T23:08:31.769+0000] {logging_mixin.py:188} INFO - [2025-07-09T23:08:31.769+0000] {dagbag.py:538} INFO - Filling up the DagBag from /home/airflow/.local/lib/python3.8/site-packages/airflow/example_dags/example_complex.py
[2025-07-09T23:08:31.783+0000] {processor.py:840} INFO - DAG(s) 'example_complex' retrieved from /home/airflow/.local/lib/python3.8/site-packages/airflow/example_dags/example_complex.py
[2025-07-09T23:08:31.822+0000] {logging_mixin.py:188} INFO - [2025-07-09T23:08:31.822+0000] {dag.py:3036} INFO - Sync 1 DAGs
[2025-07-09T23:08:31.836+0000] {logging_mixin.py:188} INFO - [2025-07-09T23:08:31.836+0000] {dag.py:3823} INFO - Setting next_dagrun for example_complex to None, run_after=None
[2025-07-09T23:08:31.863+0000] {processor.py:183} INFO - Processing /home/airflow/.local/lib/python3.8/site-packages/airflow/example_dags/example_complex.py took 0.103 seconds
[2025-07-09T23:49:49.618+0000] {processor.py:161} INFO - Started process (PID=75) to work on /home/airflow/.local/lib/python3.8/site-packages/airflow/example_dags/example_complex.py
[2025-07-09T23:49:49.619+0000] {processor.py:830} INFO - Processing file /home/airflow/.local/lib/python3.8/site-packages/airflow/example_dags/example_complex.py for tasks to queue
[2025-07-09T23:49:49.623+0000] {logging_mixin.py:188} INFO - [2025-07-09T23:49:49.622+0000] {dagbag.py:538} INFO - Filling up the DagBag from /home/airflow/.local/lib/python3.8/site-packages/airflow/example_dags/example_complex.py
[2025-07-09T23:49:49.642+0000] {processor.py:840} INFO - DAG(s) 'example_complex' retrieved from /home/airflow/.local/lib/python3.8/site-packages/airflow/example_dags/example_complex.py
[2025-07-09T23:49:49.820+0000] {logging_mixin.py:188} INFO - [2025-07-09T23:49:49.819+0000] {override.py:1769} INFO - Created Permission View: can delete on DAG:example_complex
[2025-07-09T23:49:49.838+0000] {logging_mixin.py:188} INFO - [2025-07-09T23:49:49.838+0000] {override.py:1769} INFO - Created Permission View: can read on DAG:example_complex
[2025-07-09T23:49:49.851+0000] {logging_mixin.py:188} INFO - [2025-07-09T23:49:49.850+0000] {override.py:1769} INFO - Created Permission View: can edit on DAG:example_complex
[2025-07-09T23:49:49.852+0000] {logging_mixin.py:188} INFO - [2025-07-09T23:49:49.852+0000] {dag.py:3036} INFO - Sync 1 DAGs
[2025-07-09T23:49:49.867+0000] {logging_mixin.py:188} INFO - [2025-07-09T23:49:49.867+0000] {dag.py:3058} INFO - Creating ORM DAG for example_complex
[2025-07-09T23:49:49.869+0000] {logging_mixin.py:188} INFO - [2025-07-09T23:49:49.868+0000] {dag.py:3823} INFO - Setting next_dagrun for example_complex to None, run_after=None
[2025-07-09T23:49:49.904+0000] {processor.py:183} INFO - Processing /home/airflow/.local/lib/python3.8/site-packages/airflow/example_dags/example_complex.py took 0.292 seconds
[2025-07-09T23:50:20.459+0000] {processor.py:161} INFO - Started process (PID=131) to work on /home/airflow/.local/lib/python3.8/site-packages/airflow/example_dags/example_complex.py
[2025-07-09T23:50:20.461+0000] {processor.py:830} INFO - Processing file /home/airflow/.local/lib/python3.8/site-packages/airflow/example_dags/example_complex.py for tasks to queue
[2025-07-09T23:50:20.464+0000] {logging_mixin.py:188} INFO - [2025-07-09T23:50:20.463+0000] {dagbag.py:538} INFO - Filling up the DagBag from /home/airflow/.local/lib/python3.8/site-packages/airflow/example_dags/example_complex.py
[2025-07-09T23:50:20.477+0000] {processor.py:840} INFO - DAG(s) 'example_complex' retrieved from /home/airflow/.local/lib/python3.8/site-packages/airflow/example_dags/example_complex.py
[2025-07-09T23:50:20.512+0000] {logging_mixin.py:188} INFO - [2025-07-09T23:50:20.512+0000] {dag.py:3036} INFO - Sync 1 DAGs
[2025-07-09T23:50:20.526+0000] {logging_mixin.py:188} INFO - [2025-07-09T23:50:20.526+0000] {dag.py:3823} INFO - Setting next_dagrun for example_complex to None, run_after=None
[2025-07-09T23:50:20.553+0000] {processor.py:183} INFO - Processing /home/airflow/.local/lib/python3.8/site-packages/airflow/example_dags/example_complex.py took 0.099 seconds
[2025-07-09T23:54:29.498+0000] {processor.py:161} INFO - Started process (PID=82) to work on /home/airflow/.local/lib/python3.8/site-packages/airflow/example_dags/example_complex.py
[2025-07-09T23:54:29.500+0000] {processor.py:830} INFO - Processing file /home/airflow/.local/lib/python3.8/site-packages/airflow/example_dags/example_complex.py for tasks to queue
[2025-07-09T23:54:29.503+0000] {logging_mixin.py:188} INFO - [2025-07-09T23:54:29.502+0000] {dagbag.py:538} INFO - Filling up the DagBag from /home/airflow/.local/lib/python3.8/site-packages/airflow/example_dags/example_complex.py
[2025-07-09T23:54:29.521+0000] {processor.py:840} INFO - DAG(s) 'example_complex' retrieved from /home/airflow/.local/lib/python3.8/site-packages/airflow/example_dags/example_complex.py
[2025-07-09T23:54:29.656+0000] {logging_mixin.py:188} INFO - [2025-07-09T23:54:29.655+0000] {override.py:1769} INFO - Created Permission View: can edit on DAG:example_complex
[2025-07-09T23:54:29.671+0000] {logging_mixin.py:188} INFO - [2025-07-09T23:54:29.670+0000] {override.py:1769} INFO - Created Permission View: can read on DAG:example_complex
[2025-07-09T23:54:29.681+0000] {logging_mixin.py:188} INFO - [2025-07-09T23:54:29.681+0000] {override.py:1769} INFO - Created Permission View: can delete on DAG:example_complex
[2025-07-09T23:54:29.682+0000] {logging_mixin.py:188} INFO - [2025-07-09T23:54:29.682+0000] {dag.py:3036} INFO - Sync 1 DAGs
[2025-07-09T23:54:29.695+0000] {logging_mixin.py:188} INFO - [2025-07-09T23:54:29.694+0000] {dag.py:3058} INFO - Creating ORM DAG for example_complex
[2025-07-09T23:54:29.696+0000] {logging_mixin.py:188} INFO - [2025-07-09T23:54:29.696+0000] {dag.py:3823} INFO - Setting next_dagrun for example_complex to None, run_after=None
[2025-07-09T23:54:29.719+0000] {processor.py:183} INFO - Processing /home/airflow/.local/lib/python3.8/site-packages/airflow/example_dags/example_complex.py took 0.226 seconds
[2025-07-09T23:55:00.708+0000] {processor.py:161} INFO - Started process (PID=138) to work on /home/airflow/.local/lib/python3.8/site-packages/airflow/example_dags/example_complex.py
[2025-07-09T23:55:00.710+0000] {processor.py:830} INFO - Processing file /home/airflow/.local/lib/python3.8/site-packages/airflow/example_dags/example_complex.py for tasks to queue
[2025-07-09T23:55:00.713+0000] {logging_mixin.py:188} INFO - [2025-07-09T23:55:00.713+0000] {dagbag.py:538} INFO - Filling up the DagBag from /home/airflow/.local/lib/python3.8/site-packages/airflow/example_dags/example_complex.py
[2025-07-09T23:55:00.727+0000] {processor.py:840} INFO - DAG(s) 'example_complex' retrieved from /home/airflow/.local/lib/python3.8/site-packages/airflow/example_dags/example_complex.py
[2025-07-09T23:55:00.767+0000] {logging_mixin.py:188} INFO - [2025-07-09T23:55:00.766+0000] {dag.py:3036} INFO - Sync 1 DAGs
[2025-07-09T23:55:00.783+0000] {logging_mixin.py:188} INFO - [2025-07-09T23:55:00.782+0000] {dag.py:3823} INFO - Setting next_dagrun for example_complex to None, run_after=None
[2025-07-09T23:55:00.816+0000] {processor.py:183} INFO - Processing /home/airflow/.local/lib/python3.8/site-packages/airflow/example_dags/example_complex.py took 0.113 seconds
[2025-07-09T23:55:30.928+0000] {processor.py:161} INFO - Started process (PID=198) to work on /home/airflow/.local/lib/python3.8/site-packages/airflow/example_dags/example_complex.py
[2025-07-09T23:55:30.930+0000] {processor.py:830} INFO - Processing file /home/airflow/.local/lib/python3.8/site-packages/airflow/example_dags/example_complex.py for tasks to queue
[2025-07-09T23:55:30.933+0000] {logging_mixin.py:188} INFO - [2025-07-09T23:55:30.932+0000] {dagbag.py:538} INFO - Filling up the DagBag from /home/airflow/.local/lib/python3.8/site-packages/airflow/example_dags/example_complex.py
[2025-07-09T23:55:30.948+0000] {processor.py:840} INFO - DAG(s) 'example_complex' retrieved from /home/airflow/.local/lib/python3.8/site-packages/airflow/example_dags/example_complex.py
[2025-07-09T23:55:30.993+0000] {logging_mixin.py:188} INFO - [2025-07-09T23:55:30.993+0000] {dag.py:3036} INFO - Sync 1 DAGs
[2025-07-09T23:55:31.013+0000] {logging_mixin.py:188} INFO - [2025-07-09T23:55:31.012+0000] {dag.py:3823} INFO - Setting next_dagrun for example_complex to None, run_after=None
[2025-07-09T23:55:31.046+0000] {processor.py:183} INFO - Processing /home/airflow/.local/lib/python3.8/site-packages/airflow/example_dags/example_complex.py took 0.123 seconds
[2025-07-09T23:56:01.951+0000] {processor.py:161} INFO - Started process (PID=259) to work on /home/airflow/.local/lib/python3.8/site-packages/airflow/example_dags/example_complex.py
[2025-07-09T23:56:01.953+0000] {processor.py:830} INFO - Processing file /home/airflow/.local/lib/python3.8/site-packages/airflow/example_dags/example_complex.py for tasks to queue
[2025-07-09T23:56:01.956+0000] {logging_mixin.py:188} INFO - [2025-07-09T23:56:01.955+0000] {dagbag.py:538} INFO - Filling up the DagBag from /home/airflow/.local/lib/python3.8/site-packages/airflow/example_dags/example_complex.py
[2025-07-09T23:56:01.969+0000] {processor.py:840} INFO - DAG(s) 'example_complex' retrieved from /home/airflow/.local/lib/python3.8/site-packages/airflow/example_dags/example_complex.py
[2025-07-09T23:56:02.009+0000] {logging_mixin.py:188} INFO - [2025-07-09T23:56:02.009+0000] {dag.py:3036} INFO - Sync 1 DAGs
[2025-07-09T23:56:02.026+0000] {logging_mixin.py:188} INFO - [2025-07-09T23:56:02.026+0000] {dag.py:3823} INFO - Setting next_dagrun for example_complex to None, run_after=None
[2025-07-09T23:56:02.085+0000] {processor.py:183} INFO - Processing /home/airflow/.local/lib/python3.8/site-packages/airflow/example_dags/example_complex.py took 0.138 seconds
[2025-07-09T23:56:32.601+0000] {processor.py:161} INFO - Started process (PID=316) to work on /home/airflow/.local/lib/python3.8/site-packages/airflow/example_dags/example_complex.py
[2025-07-09T23:56:32.602+0000] {processor.py:830} INFO - Processing file /home/airflow/.local/lib/python3.8/site-packages/airflow/example_dags/example_complex.py for tasks to queue
[2025-07-09T23:56:32.605+0000] {logging_mixin.py:188} INFO - [2025-07-09T23:56:32.605+0000] {dagbag.py:538} INFO - Filling up the DagBag from /home/airflow/.local/lib/python3.8/site-packages/airflow/example_dags/example_complex.py
[2025-07-09T23:56:32.618+0000] {processor.py:840} INFO - DAG(s) 'example_complex' retrieved from /home/airflow/.local/lib/python3.8/site-packages/airflow/example_dags/example_complex.py
[2025-07-09T23:56:32.656+0000] {logging_mixin.py:188} INFO - [2025-07-09T23:56:32.656+0000] {dag.py:3036} INFO - Sync 1 DAGs
[2025-07-09T23:56:32.675+0000] {logging_mixin.py:188} INFO - [2025-07-09T23:56:32.675+0000] {dag.py:3823} INFO - Setting next_dagrun for example_complex to None, run_after=None
[2025-07-09T23:56:32.714+0000] {processor.py:183} INFO - Processing /home/airflow/.local/lib/python3.8/site-packages/airflow/example_dags/example_complex.py took 0.118 seconds
[2025-07-09T23:57:03.581+0000] {processor.py:161} INFO - Started process (PID=376) to work on /home/airflow/.local/lib/python3.8/site-packages/airflow/example_dags/example_complex.py
[2025-07-09T23:57:03.583+0000] {processor.py:830} INFO - Processing file /home/airflow/.local/lib/python3.8/site-packages/airflow/example_dags/example_complex.py for tasks to queue
[2025-07-09T23:57:03.586+0000] {logging_mixin.py:188} INFO - [2025-07-09T23:57:03.585+0000] {dagbag.py:538} INFO - Filling up the DagBag from /home/airflow/.local/lib/python3.8/site-packages/airflow/example_dags/example_complex.py
[2025-07-09T23:57:03.599+0000] {processor.py:840} INFO - DAG(s) 'example_complex' retrieved from /home/airflow/.local/lib/python3.8/site-packages/airflow/example_dags/example_complex.py
[2025-07-09T23:57:03.649+0000] {logging_mixin.py:188} INFO - [2025-07-09T23:57:03.649+0000] {dag.py:3036} INFO - Sync 1 DAGs
[2025-07-09T23:57:03.668+0000] {logging_mixin.py:188} INFO - [2025-07-09T23:57:03.668+0000] {dag.py:3823} INFO - Setting next_dagrun for example_complex to None, run_after=None
[2025-07-09T23:57:03.699+0000] {processor.py:183} INFO - Processing /home/airflow/.local/lib/python3.8/site-packages/airflow/example_dags/example_complex.py took 0.123 seconds
[2025-07-09T23:57:34.371+0000] {processor.py:161} INFO - Started process (PID=433) to work on /home/airflow/.local/lib/python3.8/site-packages/airflow/example_dags/example_complex.py
[2025-07-09T23:57:34.373+0000] {processor.py:830} INFO - Processing file /home/airflow/.local/lib/python3.8/site-packages/airflow/example_dags/example_complex.py for tasks to queue
[2025-07-09T23:57:34.375+0000] {logging_mixin.py:188} INFO - [2025-07-09T23:57:34.374+0000] {dagbag.py:538} INFO - Filling up the DagBag from /home/airflow/.local/lib/python3.8/site-packages/airflow/example_dags/example_complex.py
[2025-07-09T23:57:34.389+0000] {processor.py:840} INFO - DAG(s) 'example_complex' retrieved from /home/airflow/.local/lib/python3.8/site-packages/airflow/example_dags/example_complex.py
[2025-07-09T23:57:34.434+0000] {logging_mixin.py:188} INFO - [2025-07-09T23:57:34.434+0000] {dag.py:3036} INFO - Sync 1 DAGs
[2025-07-09T23:57:34.453+0000] {logging_mixin.py:188} INFO - [2025-07-09T23:57:34.452+0000] {dag.py:3823} INFO - Setting next_dagrun for example_complex to None, run_after=None
[2025-07-09T23:57:34.484+0000] {processor.py:183} INFO - Processing /home/airflow/.local/lib/python3.8/site-packages/airflow/example_dags/example_complex.py took 0.119 seconds
[2025-07-09T23:58:04.955+0000] {processor.py:161} INFO - Started process (PID=489) to work on /home/airflow/.local/lib/python3.8/site-packages/airflow/example_dags/example_complex.py
[2025-07-09T23:58:04.957+0000] {processor.py:830} INFO - Processing file /home/airflow/.local/lib/python3.8/site-packages/airflow/example_dags/example_complex.py for tasks to queue
[2025-07-09T23:58:04.958+0000] {logging_mixin.py:188} INFO - [2025-07-09T23:58:04.958+0000] {dagbag.py:538} INFO - Filling up the DagBag from /home/airflow/.local/lib/python3.8/site-packages/airflow/example_dags/example_complex.py
[2025-07-09T23:58:04.978+0000] {processor.py:840} INFO - DAG(s) 'example_complex' retrieved from /home/airflow/.local/lib/python3.8/site-packages/airflow/example_dags/example_complex.py
[2025-07-09T23:58:05.025+0000] {logging_mixin.py:188} INFO - [2025-07-09T23:58:05.025+0000] {dag.py:3036} INFO - Sync 1 DAGs
[2025-07-09T23:58:05.040+0000] {logging_mixin.py:188} INFO - [2025-07-09T23:58:05.039+0000] {dag.py:3823} INFO - Setting next_dagrun for example_complex to None, run_after=None
[2025-07-09T23:58:05.068+0000] {processor.py:183} INFO - Processing /home/airflow/.local/lib/python3.8/site-packages/airflow/example_dags/example_complex.py took 0.119 seconds
[2025-07-09T23:58:35.269+0000] {processor.py:161} INFO - Started process (PID=545) to work on /home/airflow/.local/lib/python3.8/site-packages/airflow/example_dags/example_complex.py
[2025-07-09T23:58:35.271+0000] {processor.py:830} INFO - Processing file /home/airflow/.local/lib/python3.8/site-packages/airflow/example_dags/example_complex.py for tasks to queue
[2025-07-09T23:58:35.273+0000] {logging_mixin.py:188} INFO - [2025-07-09T23:58:35.272+0000] {dagbag.py:538} INFO - Filling up the DagBag from /home/airflow/.local/lib/python3.8/site-packages/airflow/example_dags/example_complex.py
[2025-07-09T23:58:35.288+0000] {processor.py:840} INFO - DAG(s) 'example_complex' retrieved from /home/airflow/.local/lib/python3.8/site-packages/airflow/example_dags/example_complex.py
[2025-07-09T23:58:35.328+0000] {logging_mixin.py:188} INFO - [2025-07-09T23:58:35.328+0000] {dag.py:3036} INFO - Sync 1 DAGs
[2025-07-09T23:58:35.344+0000] {logging_mixin.py:188} INFO - [2025-07-09T23:58:35.344+0000] {dag.py:3823} INFO - Setting next_dagrun for example_complex to None, run_after=None
[2025-07-09T23:58:35.376+0000] {processor.py:183} INFO - Processing /home/airflow/.local/lib/python3.8/site-packages/airflow/example_dags/example_complex.py took 0.112 seconds
[2025-07-09T23:59:05.715+0000] {processor.py:161} INFO - Started process (PID=601) to work on /home/airflow/.local/lib/python3.8/site-packages/airflow/example_dags/example_complex.py
[2025-07-09T23:59:05.717+0000] {processor.py:830} INFO - Processing file /home/airflow/.local/lib/python3.8/site-packages/airflow/example_dags/example_complex.py for tasks to queue
[2025-07-09T23:59:05.719+0000] {logging_mixin.py:188} INFO - [2025-07-09T23:59:05.718+0000] {dagbag.py:538} INFO - Filling up the DagBag from /home/airflow/.local/lib/python3.8/site-packages/airflow/example_dags/example_complex.py
[2025-07-09T23:59:05.733+0000] {processor.py:840} INFO - DAG(s) 'example_complex' retrieved from /home/airflow/.local/lib/python3.8/site-packages/airflow/example_dags/example_complex.py
[2025-07-09T23:59:05.802+0000] {logging_mixin.py:188} INFO - [2025-07-09T23:59:05.802+0000] {dag.py:3036} INFO - Sync 1 DAGs
[2025-07-09T23:59:05.851+0000] {logging_mixin.py:188} INFO - [2025-07-09T23:59:05.851+0000] {dag.py:3823} INFO - Setting next_dagrun for example_complex to None, run_after=None
[2025-07-09T23:59:05.913+0000] {processor.py:183} INFO - Processing /home/airflow/.local/lib/python3.8/site-packages/airflow/example_dags/example_complex.py took 0.203 seconds
[2025-07-09T23:59:36.203+0000] {processor.py:161} INFO - Started process (PID=657) to work on /home/airflow/.local/lib/python3.8/site-packages/airflow/example_dags/example_complex.py
[2025-07-09T23:59:36.206+0000] {processor.py:830} INFO - Processing file /home/airflow/.local/lib/python3.8/site-packages/airflow/example_dags/example_complex.py for tasks to queue
[2025-07-09T23:59:36.207+0000] {logging_mixin.py:188} INFO - [2025-07-09T23:59:36.207+0000] {dagbag.py:538} INFO - Filling up the DagBag from /home/airflow/.local/lib/python3.8/site-packages/airflow/example_dags/example_complex.py
[2025-07-09T23:59:36.222+0000] {processor.py:840} INFO - DAG(s) 'example_complex' retrieved from /home/airflow/.local/lib/python3.8/site-packages/airflow/example_dags/example_complex.py
[2025-07-09T23:59:36.265+0000] {logging_mixin.py:188} INFO - [2025-07-09T23:59:36.265+0000] {dag.py:3036} INFO - Sync 1 DAGs
[2025-07-09T23:59:36.281+0000] {logging_mixin.py:188} INFO - [2025-07-09T23:59:36.281+0000] {dag.py:3823} INFO - Setting next_dagrun for example_complex to None, run_after=None
[2025-07-09T23:59:36.315+0000] {processor.py:183} INFO - Processing /home/airflow/.local/lib/python3.8/site-packages/airflow/example_dags/example_complex.py took 0.116 seconds
