[2025-07-09T19:54:26.395+0000] {processor.py:161} INFO - Started process (PID=83) to work on /home/airflow/.local/lib/python3.8/site-packages/airflow/example_dags/example_params_trigger_ui.py
[2025-07-09T19:54:26.398+0000] {processor.py:830} INFO - Processing file /home/airflow/.local/lib/python3.8/site-packages/airflow/example_dags/example_params_trigger_ui.py for tasks to queue
[2025-07-09T19:54:26.403+0000] {logging_mixin.py:188} INFO - [2025-07-09T19:54:26.402+0000] {dagbag.py:538} INFO - Filling up the DagBag from /home/airflow/.local/lib/python3.8/site-packages/airflow/example_dags/example_params_trigger_ui.py
[2025-07-09T19:54:26.446+0000] {processor.py:840} INFO - DAG(s) 'example_params_trigger_ui' retrieved from /home/airflow/.local/lib/python3.8/site-packages/airflow/example_dags/example_params_trigger_ui.py
[2025-07-09T19:54:26.656+0000] {logging_mixin.py:188} INFO - [2025-07-09T19:54:26.655+0000] {dag.py:3036} INFO - Sync 1 DAGs
[2025-07-09T19:54:26.671+0000] {logging_mixin.py:188} INFO - [2025-07-09T19:54:26.671+0000] {dag.py:3823} INFO - Setting next_dagrun for example_params_trigger_ui to None, run_after=None
[2025-07-09T19:54:26.715+0000] {processor.py:183} INFO - Processing /home/airflow/.local/lib/python3.8/site-packages/airflow/example_dags/example_params_trigger_ui.py took 0.327 seconds
[2025-07-09T19:54:57.600+0000] {processor.py:161} INFO - Started process (PID=139) to work on /home/airflow/.local/lib/python3.8/site-packages/airflow/example_dags/example_params_trigger_ui.py
[2025-07-09T19:54:57.602+0000] {processor.py:830} INFO - Processing file /home/airflow/.local/lib/python3.8/site-packages/airflow/example_dags/example_params_trigger_ui.py for tasks to queue
[2025-07-09T19:54:57.605+0000] {logging_mixin.py:188} INFO - [2025-07-09T19:54:57.604+0000] {dagbag.py:538} INFO - Filling up the DagBag from /home/airflow/.local/lib/python3.8/site-packages/airflow/example_dags/example_params_trigger_ui.py
[2025-07-09T19:54:57.621+0000] {processor.py:840} INFO - DAG(s) 'example_params_trigger_ui' retrieved from /home/airflow/.local/lib/python3.8/site-packages/airflow/example_dags/example_params_trigger_ui.py
[2025-07-09T19:54:57.681+0000] {logging_mixin.py:188} INFO - [2025-07-09T19:54:57.680+0000] {dag.py:3036} INFO - Sync 1 DAGs
[2025-07-09T19:54:57.696+0000] {logging_mixin.py:188} INFO - [2025-07-09T19:54:57.696+0000] {dag.py:3823} INFO - Setting next_dagrun for example_params_trigger_ui to None, run_after=None
[2025-07-09T19:54:57.732+0000] {processor.py:183} INFO - Processing /home/airflow/.local/lib/python3.8/site-packages/airflow/example_dags/example_params_trigger_ui.py took 0.137 seconds
[2025-07-09T19:55:27.920+0000] {processor.py:161} INFO - Started process (PID=196) to work on /home/airflow/.local/lib/python3.8/site-packages/airflow/example_dags/example_params_trigger_ui.py
[2025-07-09T19:55:27.922+0000] {processor.py:830} INFO - Processing file /home/airflow/.local/lib/python3.8/site-packages/airflow/example_dags/example_params_trigger_ui.py for tasks to queue
[2025-07-09T19:55:27.925+0000] {logging_mixin.py:188} INFO - [2025-07-09T19:55:27.925+0000] {dagbag.py:538} INFO - Filling up the DagBag from /home/airflow/.local/lib/python3.8/site-packages/airflow/example_dags/example_params_trigger_ui.py
[2025-07-09T19:55:27.941+0000] {processor.py:840} INFO - DAG(s) 'example_params_trigger_ui' retrieved from /home/airflow/.local/lib/python3.8/site-packages/airflow/example_dags/example_params_trigger_ui.py
[2025-07-09T19:55:27.995+0000] {logging_mixin.py:188} INFO - [2025-07-09T19:55:27.995+0000] {dag.py:3036} INFO - Sync 1 DAGs
[2025-07-09T19:55:28.010+0000] {logging_mixin.py:188} INFO - [2025-07-09T19:55:28.010+0000] {dag.py:3823} INFO - Setting next_dagrun for example_params_trigger_ui to None, run_after=None
[2025-07-09T19:55:28.044+0000] {processor.py:183} INFO - Processing /home/airflow/.local/lib/python3.8/site-packages/airflow/example_dags/example_params_trigger_ui.py took 0.128 seconds
[2025-07-09T19:55:58.238+0000] {processor.py:161} INFO - Started process (PID=253) to work on /home/airflow/.local/lib/python3.8/site-packages/airflow/example_dags/example_params_trigger_ui.py
[2025-07-09T19:55:58.240+0000] {processor.py:830} INFO - Processing file /home/airflow/.local/lib/python3.8/site-packages/airflow/example_dags/example_params_trigger_ui.py for tasks to queue
[2025-07-09T19:55:58.242+0000] {logging_mixin.py:188} INFO - [2025-07-09T19:55:58.242+0000] {dagbag.py:538} INFO - Filling up the DagBag from /home/airflow/.local/lib/python3.8/site-packages/airflow/example_dags/example_params_trigger_ui.py
[2025-07-09T19:55:58.257+0000] {processor.py:840} INFO - DAG(s) 'example_params_trigger_ui' retrieved from /home/airflow/.local/lib/python3.8/site-packages/airflow/example_dags/example_params_trigger_ui.py
[2025-07-09T19:55:58.319+0000] {logging_mixin.py:188} INFO - [2025-07-09T19:55:58.318+0000] {dag.py:3036} INFO - Sync 1 DAGs
[2025-07-09T19:55:58.333+0000] {logging_mixin.py:188} INFO - [2025-07-09T19:55:58.333+0000] {dag.py:3823} INFO - Setting next_dagrun for example_params_trigger_ui to None, run_after=None
[2025-07-09T19:55:58.362+0000] {processor.py:183} INFO - Processing /home/airflow/.local/lib/python3.8/site-packages/airflow/example_dags/example_params_trigger_ui.py took 0.128 seconds
[2025-07-09T19:56:29.261+0000] {processor.py:161} INFO - Started process (PID=314) to work on /home/airflow/.local/lib/python3.8/site-packages/airflow/example_dags/example_params_trigger_ui.py
[2025-07-09T19:56:29.264+0000] {processor.py:830} INFO - Processing file /home/airflow/.local/lib/python3.8/site-packages/airflow/example_dags/example_params_trigger_ui.py for tasks to queue
[2025-07-09T19:56:29.271+0000] {logging_mixin.py:188} INFO - [2025-07-09T19:56:29.270+0000] {dagbag.py:538} INFO - Filling up the DagBag from /home/airflow/.local/lib/python3.8/site-packages/airflow/example_dags/example_params_trigger_ui.py
[2025-07-09T19:56:29.302+0000] {processor.py:840} INFO - DAG(s) 'example_params_trigger_ui' retrieved from /home/airflow/.local/lib/python3.8/site-packages/airflow/example_dags/example_params_trigger_ui.py
[2025-07-09T19:56:29.396+0000] {logging_mixin.py:188} INFO - [2025-07-09T19:56:29.395+0000] {dag.py:3036} INFO - Sync 1 DAGs
[2025-07-09T19:56:29.419+0000] {logging_mixin.py:188} INFO - [2025-07-09T19:56:29.419+0000] {dag.py:3823} INFO - Setting next_dagrun for example_params_trigger_ui to None, run_after=None
[2025-07-09T19:56:29.464+0000] {processor.py:183} INFO - Processing /home/airflow/.local/lib/python3.8/site-packages/airflow/example_dags/example_params_trigger_ui.py took 0.212 seconds
[2025-07-09T19:57:00.314+0000] {processor.py:161} INFO - Started process (PID=370) to work on /home/airflow/.local/lib/python3.8/site-packages/airflow/example_dags/example_params_trigger_ui.py
[2025-07-09T19:57:00.316+0000] {processor.py:830} INFO - Processing file /home/airflow/.local/lib/python3.8/site-packages/airflow/example_dags/example_params_trigger_ui.py for tasks to queue
[2025-07-09T19:57:00.319+0000] {logging_mixin.py:188} INFO - [2025-07-09T19:57:00.318+0000] {dagbag.py:538} INFO - Filling up the DagBag from /home/airflow/.local/lib/python3.8/site-packages/airflow/example_dags/example_params_trigger_ui.py
[2025-07-09T19:57:00.335+0000] {processor.py:840} INFO - DAG(s) 'example_params_trigger_ui' retrieved from /home/airflow/.local/lib/python3.8/site-packages/airflow/example_dags/example_params_trigger_ui.py
[2025-07-09T19:57:00.391+0000] {logging_mixin.py:188} INFO - [2025-07-09T19:57:00.391+0000] {dag.py:3036} INFO - Sync 1 DAGs
[2025-07-09T19:57:00.406+0000] {logging_mixin.py:188} INFO - [2025-07-09T19:57:00.406+0000] {dag.py:3823} INFO - Setting next_dagrun for example_params_trigger_ui to None, run_after=None
[2025-07-09T19:57:00.435+0000] {processor.py:183} INFO - Processing /home/airflow/.local/lib/python3.8/site-packages/airflow/example_dags/example_params_trigger_ui.py took 0.126 seconds
[2025-07-09T19:57:31.074+0000] {processor.py:161} INFO - Started process (PID=426) to work on /home/airflow/.local/lib/python3.8/site-packages/airflow/example_dags/example_params_trigger_ui.py
[2025-07-09T19:57:31.077+0000] {processor.py:830} INFO - Processing file /home/airflow/.local/lib/python3.8/site-packages/airflow/example_dags/example_params_trigger_ui.py for tasks to queue
[2025-07-09T19:57:31.082+0000] {logging_mixin.py:188} INFO - [2025-07-09T19:57:31.082+0000] {dagbag.py:538} INFO - Filling up the DagBag from /home/airflow/.local/lib/python3.8/site-packages/airflow/example_dags/example_params_trigger_ui.py
[2025-07-09T19:57:31.113+0000] {processor.py:840} INFO - DAG(s) 'example_params_trigger_ui' retrieved from /home/airflow/.local/lib/python3.8/site-packages/airflow/example_dags/example_params_trigger_ui.py
[2025-07-09T19:57:31.202+0000] {logging_mixin.py:188} INFO - [2025-07-09T19:57:31.202+0000] {dag.py:3036} INFO - Sync 1 DAGs
[2025-07-09T19:57:31.218+0000] {logging_mixin.py:188} INFO - [2025-07-09T19:57:31.217+0000] {dag.py:3823} INFO - Setting next_dagrun for example_params_trigger_ui to None, run_after=None
[2025-07-09T19:57:31.269+0000] {processor.py:183} INFO - Processing /home/airflow/.local/lib/python3.8/site-packages/airflow/example_dags/example_params_trigger_ui.py took 0.203 seconds
[2025-07-09T19:58:01.482+0000] {processor.py:161} INFO - Started process (PID=493) to work on /home/airflow/.local/lib/python3.8/site-packages/airflow/example_dags/example_params_trigger_ui.py
[2025-07-09T19:58:01.484+0000] {processor.py:830} INFO - Processing file /home/airflow/.local/lib/python3.8/site-packages/airflow/example_dags/example_params_trigger_ui.py for tasks to queue
[2025-07-09T19:58:01.487+0000] {logging_mixin.py:188} INFO - [2025-07-09T19:58:01.486+0000] {dagbag.py:538} INFO - Filling up the DagBag from /home/airflow/.local/lib/python3.8/site-packages/airflow/example_dags/example_params_trigger_ui.py
[2025-07-09T19:58:01.504+0000] {processor.py:840} INFO - DAG(s) 'example_params_trigger_ui' retrieved from /home/airflow/.local/lib/python3.8/site-packages/airflow/example_dags/example_params_trigger_ui.py
[2025-07-09T19:58:01.557+0000] {logging_mixin.py:188} INFO - [2025-07-09T19:58:01.557+0000] {dag.py:3036} INFO - Sync 1 DAGs
[2025-07-09T19:58:01.572+0000] {logging_mixin.py:188} INFO - [2025-07-09T19:58:01.572+0000] {dag.py:3823} INFO - Setting next_dagrun for example_params_trigger_ui to None, run_after=None
[2025-07-09T19:58:01.603+0000] {processor.py:183} INFO - Processing /home/airflow/.local/lib/python3.8/site-packages/airflow/example_dags/example_params_trigger_ui.py took 0.125 seconds
[2025-07-09T19:58:31.776+0000] {processor.py:161} INFO - Started process (PID=550) to work on /home/airflow/.local/lib/python3.8/site-packages/airflow/example_dags/example_params_trigger_ui.py
[2025-07-09T19:58:31.778+0000] {processor.py:830} INFO - Processing file /home/airflow/.local/lib/python3.8/site-packages/airflow/example_dags/example_params_trigger_ui.py for tasks to queue
[2025-07-09T19:58:31.781+0000] {logging_mixin.py:188} INFO - [2025-07-09T19:58:31.781+0000] {dagbag.py:538} INFO - Filling up the DagBag from /home/airflow/.local/lib/python3.8/site-packages/airflow/example_dags/example_params_trigger_ui.py
[2025-07-09T19:58:31.806+0000] {processor.py:840} INFO - DAG(s) 'example_params_trigger_ui' retrieved from /home/airflow/.local/lib/python3.8/site-packages/airflow/example_dags/example_params_trigger_ui.py
[2025-07-09T19:58:31.887+0000] {logging_mixin.py:188} INFO - [2025-07-09T19:58:31.887+0000] {dag.py:3036} INFO - Sync 1 DAGs
[2025-07-09T19:58:31.910+0000] {logging_mixin.py:188} INFO - [2025-07-09T19:58:31.910+0000] {dag.py:3823} INFO - Setting next_dagrun for example_params_trigger_ui to None, run_after=None
[2025-07-09T19:58:31.951+0000] {processor.py:183} INFO - Processing /home/airflow/.local/lib/python3.8/site-packages/airflow/example_dags/example_params_trigger_ui.py took 0.181 seconds
[2025-07-09T19:59:02.570+0000] {processor.py:161} INFO - Started process (PID=612) to work on /home/airflow/.local/lib/python3.8/site-packages/airflow/example_dags/example_params_trigger_ui.py
[2025-07-09T19:59:02.572+0000] {processor.py:830} INFO - Processing file /home/airflow/.local/lib/python3.8/site-packages/airflow/example_dags/example_params_trigger_ui.py for tasks to queue
[2025-07-09T19:59:02.575+0000] {logging_mixin.py:188} INFO - [2025-07-09T19:59:02.574+0000] {dagbag.py:538} INFO - Filling up the DagBag from /home/airflow/.local/lib/python3.8/site-packages/airflow/example_dags/example_params_trigger_ui.py
[2025-07-09T19:59:02.594+0000] {processor.py:840} INFO - DAG(s) 'example_params_trigger_ui' retrieved from /home/airflow/.local/lib/python3.8/site-packages/airflow/example_dags/example_params_trigger_ui.py
[2025-07-09T19:59:02.655+0000] {logging_mixin.py:188} INFO - [2025-07-09T19:59:02.655+0000] {dag.py:3036} INFO - Sync 1 DAGs
[2025-07-09T19:59:02.671+0000] {logging_mixin.py:188} INFO - [2025-07-09T19:59:02.670+0000] {dag.py:3823} INFO - Setting next_dagrun for example_params_trigger_ui to None, run_after=None
[2025-07-09T19:59:02.698+0000] {processor.py:183} INFO - Processing /home/airflow/.local/lib/python3.8/site-packages/airflow/example_dags/example_params_trigger_ui.py took 0.134 seconds
[2025-07-09T19:59:33.410+0000] {processor.py:161} INFO - Started process (PID=669) to work on /home/airflow/.local/lib/python3.8/site-packages/airflow/example_dags/example_params_trigger_ui.py
[2025-07-09T19:59:33.412+0000] {processor.py:830} INFO - Processing file /home/airflow/.local/lib/python3.8/site-packages/airflow/example_dags/example_params_trigger_ui.py for tasks to queue
[2025-07-09T19:59:33.415+0000] {logging_mixin.py:188} INFO - [2025-07-09T19:59:33.414+0000] {dagbag.py:538} INFO - Filling up the DagBag from /home/airflow/.local/lib/python3.8/site-packages/airflow/example_dags/example_params_trigger_ui.py
[2025-07-09T19:59:33.440+0000] {processor.py:840} INFO - DAG(s) 'example_params_trigger_ui' retrieved from /home/airflow/.local/lib/python3.8/site-packages/airflow/example_dags/example_params_trigger_ui.py
[2025-07-09T19:59:33.500+0000] {logging_mixin.py:188} INFO - [2025-07-09T19:59:33.500+0000] {dag.py:3036} INFO - Sync 1 DAGs
[2025-07-09T19:59:33.516+0000] {logging_mixin.py:188} INFO - [2025-07-09T19:59:33.515+0000] {dag.py:3823} INFO - Setting next_dagrun for example_params_trigger_ui to None, run_after=None
[2025-07-09T19:59:33.544+0000] {processor.py:183} INFO - Processing /home/airflow/.local/lib/python3.8/site-packages/airflow/example_dags/example_params_trigger_ui.py took 0.139 seconds
[2025-07-09T20:00:04.056+0000] {processor.py:161} INFO - Started process (PID=726) to work on /home/airflow/.local/lib/python3.8/site-packages/airflow/example_dags/example_params_trigger_ui.py
[2025-07-09T20:00:04.058+0000] {processor.py:830} INFO - Processing file /home/airflow/.local/lib/python3.8/site-packages/airflow/example_dags/example_params_trigger_ui.py for tasks to queue
[2025-07-09T20:00:04.061+0000] {logging_mixin.py:188} INFO - [2025-07-09T20:00:04.060+0000] {dagbag.py:538} INFO - Filling up the DagBag from /home/airflow/.local/lib/python3.8/site-packages/airflow/example_dags/example_params_trigger_ui.py
[2025-07-09T20:00:04.078+0000] {processor.py:840} INFO - DAG(s) 'example_params_trigger_ui' retrieved from /home/airflow/.local/lib/python3.8/site-packages/airflow/example_dags/example_params_trigger_ui.py
[2025-07-09T20:00:04.146+0000] {logging_mixin.py:188} INFO - [2025-07-09T20:00:04.146+0000] {dag.py:3036} INFO - Sync 1 DAGs
[2025-07-09T20:00:04.162+0000] {logging_mixin.py:188} INFO - [2025-07-09T20:00:04.162+0000] {dag.py:3823} INFO - Setting next_dagrun for example_params_trigger_ui to None, run_after=None
[2025-07-09T20:00:04.191+0000] {processor.py:183} INFO - Processing /home/airflow/.local/lib/python3.8/site-packages/airflow/example_dags/example_params_trigger_ui.py took 0.139 seconds
[2025-07-09T20:00:35.163+0000] {processor.py:161} INFO - Started process (PID=782) to work on /home/airflow/.local/lib/python3.8/site-packages/airflow/example_dags/example_params_trigger_ui.py
[2025-07-09T20:00:35.165+0000] {processor.py:830} INFO - Processing file /home/airflow/.local/lib/python3.8/site-packages/airflow/example_dags/example_params_trigger_ui.py for tasks to queue
[2025-07-09T20:00:35.168+0000] {logging_mixin.py:188} INFO - [2025-07-09T20:00:35.168+0000] {dagbag.py:538} INFO - Filling up the DagBag from /home/airflow/.local/lib/python3.8/site-packages/airflow/example_dags/example_params_trigger_ui.py
[2025-07-09T20:00:35.188+0000] {processor.py:840} INFO - DAG(s) 'example_params_trigger_ui' retrieved from /home/airflow/.local/lib/python3.8/site-packages/airflow/example_dags/example_params_trigger_ui.py
[2025-07-09T20:00:35.250+0000] {logging_mixin.py:188} INFO - [2025-07-09T20:00:35.250+0000] {dag.py:3036} INFO - Sync 1 DAGs
[2025-07-09T20:00:35.266+0000] {logging_mixin.py:188} INFO - [2025-07-09T20:00:35.265+0000] {dag.py:3823} INFO - Setting next_dagrun for example_params_trigger_ui to None, run_after=None
[2025-07-09T20:00:35.297+0000] {processor.py:183} INFO - Processing /home/airflow/.local/lib/python3.8/site-packages/airflow/example_dags/example_params_trigger_ui.py took 0.138 seconds
[2025-07-09T22:49:02.212+0000] {processor.py:161} INFO - Started process (PID=831) to work on /home/airflow/.local/lib/python3.8/site-packages/airflow/example_dags/example_params_trigger_ui.py
[2025-07-09T22:49:02.214+0000] {processor.py:830} INFO - Processing file /home/airflow/.local/lib/python3.8/site-packages/airflow/example_dags/example_params_trigger_ui.py for tasks to queue
[2025-07-09T22:49:02.218+0000] {logging_mixin.py:188} INFO - [2025-07-09T22:49:02.217+0000] {dagbag.py:538} INFO - Filling up the DagBag from /home/airflow/.local/lib/python3.8/site-packages/airflow/example_dags/example_params_trigger_ui.py
[2025-07-09T22:49:02.249+0000] {processor.py:840} INFO - DAG(s) 'example_params_trigger_ui' retrieved from /home/airflow/.local/lib/python3.8/site-packages/airflow/example_dags/example_params_trigger_ui.py
[2025-07-09T22:49:02.339+0000] {logging_mixin.py:188} INFO - [2025-07-09T22:49:02.338+0000] {dag.py:3036} INFO - Sync 1 DAGs
[2025-07-09T22:49:02.365+0000] {logging_mixin.py:188} INFO - [2025-07-09T22:49:02.365+0000] {dag.py:3823} INFO - Setting next_dagrun for example_params_trigger_ui to None, run_after=None
[2025-07-09T22:49:02.417+0000] {processor.py:183} INFO - Processing /home/airflow/.local/lib/python3.8/site-packages/airflow/example_dags/example_params_trigger_ui.py took 0.211 seconds
[2025-07-09T22:49:33.217+0000] {processor.py:161} INFO - Started process (PID=887) to work on /home/airflow/.local/lib/python3.8/site-packages/airflow/example_dags/example_params_trigger_ui.py
[2025-07-09T22:49:33.219+0000] {processor.py:830} INFO - Processing file /home/airflow/.local/lib/python3.8/site-packages/airflow/example_dags/example_params_trigger_ui.py for tasks to queue
[2025-07-09T22:49:33.223+0000] {logging_mixin.py:188} INFO - [2025-07-09T22:49:33.223+0000] {dagbag.py:538} INFO - Filling up the DagBag from /home/airflow/.local/lib/python3.8/site-packages/airflow/example_dags/example_params_trigger_ui.py
[2025-07-09T22:49:33.248+0000] {processor.py:840} INFO - DAG(s) 'example_params_trigger_ui' retrieved from /home/airflow/.local/lib/python3.8/site-packages/airflow/example_dags/example_params_trigger_ui.py
[2025-07-09T22:49:33.314+0000] {logging_mixin.py:188} INFO - [2025-07-09T22:49:33.314+0000] {dag.py:3036} INFO - Sync 1 DAGs
[2025-07-09T22:49:33.335+0000] {logging_mixin.py:188} INFO - [2025-07-09T22:49:33.335+0000] {dag.py:3823} INFO - Setting next_dagrun for example_params_trigger_ui to None, run_after=None
[2025-07-09T22:49:33.371+0000] {processor.py:183} INFO - Processing /home/airflow/.local/lib/python3.8/site-packages/airflow/example_dags/example_params_trigger_ui.py took 0.161 seconds
[2025-07-09T22:50:03.803+0000] {processor.py:161} INFO - Started process (PID=944) to work on /home/airflow/.local/lib/python3.8/site-packages/airflow/example_dags/example_params_trigger_ui.py
[2025-07-09T22:50:03.805+0000] {processor.py:830} INFO - Processing file /home/airflow/.local/lib/python3.8/site-packages/airflow/example_dags/example_params_trigger_ui.py for tasks to queue
[2025-07-09T22:50:03.810+0000] {logging_mixin.py:188} INFO - [2025-07-09T22:50:03.809+0000] {dagbag.py:538} INFO - Filling up the DagBag from /home/airflow/.local/lib/python3.8/site-packages/airflow/example_dags/example_params_trigger_ui.py
[2025-07-09T22:50:03.832+0000] {processor.py:840} INFO - DAG(s) 'example_params_trigger_ui' retrieved from /home/airflow/.local/lib/python3.8/site-packages/airflow/example_dags/example_params_trigger_ui.py
[2025-07-09T22:50:03.895+0000] {logging_mixin.py:188} INFO - [2025-07-09T22:50:03.894+0000] {dag.py:3036} INFO - Sync 1 DAGs
[2025-07-09T22:50:03.910+0000] {logging_mixin.py:188} INFO - [2025-07-09T22:50:03.910+0000] {dag.py:3823} INFO - Setting next_dagrun for example_params_trigger_ui to None, run_after=None
[2025-07-09T22:50:03.942+0000] {processor.py:183} INFO - Processing /home/airflow/.local/lib/python3.8/site-packages/airflow/example_dags/example_params_trigger_ui.py took 0.145 seconds
[2025-07-09T22:50:34.174+0000] {processor.py:161} INFO - Started process (PID=1001) to work on /home/airflow/.local/lib/python3.8/site-packages/airflow/example_dags/example_params_trigger_ui.py
[2025-07-09T22:50:34.176+0000] {processor.py:830} INFO - Processing file /home/airflow/.local/lib/python3.8/site-packages/airflow/example_dags/example_params_trigger_ui.py for tasks to queue
[2025-07-09T22:50:34.180+0000] {logging_mixin.py:188} INFO - [2025-07-09T22:50:34.180+0000] {dagbag.py:538} INFO - Filling up the DagBag from /home/airflow/.local/lib/python3.8/site-packages/airflow/example_dags/example_params_trigger_ui.py
[2025-07-09T22:50:34.203+0000] {processor.py:840} INFO - DAG(s) 'example_params_trigger_ui' retrieved from /home/airflow/.local/lib/python3.8/site-packages/airflow/example_dags/example_params_trigger_ui.py
[2025-07-09T22:50:34.269+0000] {logging_mixin.py:188} INFO - [2025-07-09T22:50:34.269+0000] {dag.py:3036} INFO - Sync 1 DAGs
[2025-07-09T22:50:34.286+0000] {logging_mixin.py:188} INFO - [2025-07-09T22:50:34.286+0000] {dag.py:3823} INFO - Setting next_dagrun for example_params_trigger_ui to None, run_after=None
[2025-07-09T22:50:34.317+0000] {processor.py:183} INFO - Processing /home/airflow/.local/lib/python3.8/site-packages/airflow/example_dags/example_params_trigger_ui.py took 0.151 seconds
[2025-07-09T22:51:04.471+0000] {processor.py:161} INFO - Started process (PID=1058) to work on /home/airflow/.local/lib/python3.8/site-packages/airflow/example_dags/example_params_trigger_ui.py
[2025-07-09T22:51:04.473+0000] {processor.py:830} INFO - Processing file /home/airflow/.local/lib/python3.8/site-packages/airflow/example_dags/example_params_trigger_ui.py for tasks to queue
[2025-07-09T22:51:04.476+0000] {logging_mixin.py:188} INFO - [2025-07-09T22:51:04.476+0000] {dagbag.py:538} INFO - Filling up the DagBag from /home/airflow/.local/lib/python3.8/site-packages/airflow/example_dags/example_params_trigger_ui.py
[2025-07-09T22:51:04.495+0000] {processor.py:840} INFO - DAG(s) 'example_params_trigger_ui' retrieved from /home/airflow/.local/lib/python3.8/site-packages/airflow/example_dags/example_params_trigger_ui.py
[2025-07-09T22:51:04.560+0000] {logging_mixin.py:188} INFO - [2025-07-09T22:51:04.559+0000] {dag.py:3036} INFO - Sync 1 DAGs
[2025-07-09T22:51:04.577+0000] {logging_mixin.py:188} INFO - [2025-07-09T22:51:04.577+0000] {dag.py:3823} INFO - Setting next_dagrun for example_params_trigger_ui to None, run_after=None
[2025-07-09T22:51:04.609+0000] {processor.py:183} INFO - Processing /home/airflow/.local/lib/python3.8/site-packages/airflow/example_dags/example_params_trigger_ui.py took 0.144 seconds
[2025-07-09T22:51:35.451+0000] {processor.py:161} INFO - Started process (PID=1115) to work on /home/airflow/.local/lib/python3.8/site-packages/airflow/example_dags/example_params_trigger_ui.py
[2025-07-09T22:51:35.452+0000] {processor.py:830} INFO - Processing file /home/airflow/.local/lib/python3.8/site-packages/airflow/example_dags/example_params_trigger_ui.py for tasks to queue
[2025-07-09T22:51:35.456+0000] {logging_mixin.py:188} INFO - [2025-07-09T22:51:35.455+0000] {dagbag.py:538} INFO - Filling up the DagBag from /home/airflow/.local/lib/python3.8/site-packages/airflow/example_dags/example_params_trigger_ui.py
[2025-07-09T22:51:35.475+0000] {processor.py:840} INFO - DAG(s) 'example_params_trigger_ui' retrieved from /home/airflow/.local/lib/python3.8/site-packages/airflow/example_dags/example_params_trigger_ui.py
[2025-07-09T22:51:35.555+0000] {logging_mixin.py:188} INFO - [2025-07-09T22:51:35.555+0000] {dag.py:3036} INFO - Sync 1 DAGs
[2025-07-09T22:51:35.571+0000] {logging_mixin.py:188} INFO - [2025-07-09T22:51:35.571+0000] {dag.py:3823} INFO - Setting next_dagrun for example_params_trigger_ui to None, run_after=None
[2025-07-09T22:51:35.611+0000] {processor.py:183} INFO - Processing /home/airflow/.local/lib/python3.8/site-packages/airflow/example_dags/example_params_trigger_ui.py took 0.166 seconds
[2025-07-09T22:52:05.716+0000] {processor.py:161} INFO - Started process (PID=1178) to work on /home/airflow/.local/lib/python3.8/site-packages/airflow/example_dags/example_params_trigger_ui.py
[2025-07-09T22:52:05.718+0000] {processor.py:830} INFO - Processing file /home/airflow/.local/lib/python3.8/site-packages/airflow/example_dags/example_params_trigger_ui.py for tasks to queue
[2025-07-09T22:52:05.721+0000] {logging_mixin.py:188} INFO - [2025-07-09T22:52:05.721+0000] {dagbag.py:538} INFO - Filling up the DagBag from /home/airflow/.local/lib/python3.8/site-packages/airflow/example_dags/example_params_trigger_ui.py
[2025-07-09T22:52:05.740+0000] {processor.py:840} INFO - DAG(s) 'example_params_trigger_ui' retrieved from /home/airflow/.local/lib/python3.8/site-packages/airflow/example_dags/example_params_trigger_ui.py
[2025-07-09T22:52:05.806+0000] {logging_mixin.py:188} INFO - [2025-07-09T22:52:05.805+0000] {dag.py:3036} INFO - Sync 1 DAGs
[2025-07-09T22:52:05.823+0000] {logging_mixin.py:188} INFO - [2025-07-09T22:52:05.822+0000] {dag.py:3823} INFO - Setting next_dagrun for example_params_trigger_ui to None, run_after=None
[2025-07-09T22:52:05.854+0000] {processor.py:183} INFO - Processing /home/airflow/.local/lib/python3.8/site-packages/airflow/example_dags/example_params_trigger_ui.py took 0.142 seconds
[2025-07-09T22:52:36.168+0000] {processor.py:161} INFO - Started process (PID=1235) to work on /home/airflow/.local/lib/python3.8/site-packages/airflow/example_dags/example_params_trigger_ui.py
[2025-07-09T22:52:36.170+0000] {processor.py:830} INFO - Processing file /home/airflow/.local/lib/python3.8/site-packages/airflow/example_dags/example_params_trigger_ui.py for tasks to queue
[2025-07-09T22:52:36.174+0000] {logging_mixin.py:188} INFO - [2025-07-09T22:52:36.173+0000] {dagbag.py:538} INFO - Filling up the DagBag from /home/airflow/.local/lib/python3.8/site-packages/airflow/example_dags/example_params_trigger_ui.py
[2025-07-09T22:52:36.195+0000] {processor.py:840} INFO - DAG(s) 'example_params_trigger_ui' retrieved from /home/airflow/.local/lib/python3.8/site-packages/airflow/example_dags/example_params_trigger_ui.py
[2025-07-09T22:52:36.281+0000] {logging_mixin.py:188} INFO - [2025-07-09T22:52:36.281+0000] {dag.py:3036} INFO - Sync 1 DAGs
[2025-07-09T22:52:36.298+0000] {logging_mixin.py:188} INFO - [2025-07-09T22:52:36.297+0000] {dag.py:3823} INFO - Setting next_dagrun for example_params_trigger_ui to None, run_after=None
[2025-07-09T22:52:36.331+0000] {processor.py:183} INFO - Processing /home/airflow/.local/lib/python3.8/site-packages/airflow/example_dags/example_params_trigger_ui.py took 0.169 seconds
[2025-07-09T22:53:06.516+0000] {processor.py:161} INFO - Started process (PID=1292) to work on /home/airflow/.local/lib/python3.8/site-packages/airflow/example_dags/example_params_trigger_ui.py
[2025-07-09T22:53:06.518+0000] {processor.py:830} INFO - Processing file /home/airflow/.local/lib/python3.8/site-packages/airflow/example_dags/example_params_trigger_ui.py for tasks to queue
[2025-07-09T22:53:06.521+0000] {logging_mixin.py:188} INFO - [2025-07-09T22:53:06.521+0000] {dagbag.py:538} INFO - Filling up the DagBag from /home/airflow/.local/lib/python3.8/site-packages/airflow/example_dags/example_params_trigger_ui.py
[2025-07-09T22:53:06.538+0000] {processor.py:840} INFO - DAG(s) 'example_params_trigger_ui' retrieved from /home/airflow/.local/lib/python3.8/site-packages/airflow/example_dags/example_params_trigger_ui.py
[2025-07-09T22:53:06.619+0000] {logging_mixin.py:188} INFO - [2025-07-09T22:53:06.618+0000] {dag.py:3036} INFO - Sync 1 DAGs
[2025-07-09T22:53:06.641+0000] {logging_mixin.py:188} INFO - [2025-07-09T22:53:06.640+0000] {dag.py:3823} INFO - Setting next_dagrun for example_params_trigger_ui to None, run_after=None
[2025-07-09T22:53:06.694+0000] {processor.py:183} INFO - Processing /home/airflow/.local/lib/python3.8/site-packages/airflow/example_dags/example_params_trigger_ui.py took 0.183 seconds
[2025-07-09T22:53:37.896+0000] {processor.py:161} INFO - Started process (PID=1348) to work on /home/airflow/.local/lib/python3.8/site-packages/airflow/example_dags/example_params_trigger_ui.py
[2025-07-09T22:53:37.898+0000] {processor.py:830} INFO - Processing file /home/airflow/.local/lib/python3.8/site-packages/airflow/example_dags/example_params_trigger_ui.py for tasks to queue
[2025-07-09T22:53:37.902+0000] {logging_mixin.py:188} INFO - [2025-07-09T22:53:37.901+0000] {dagbag.py:538} INFO - Filling up the DagBag from /home/airflow/.local/lib/python3.8/site-packages/airflow/example_dags/example_params_trigger_ui.py
[2025-07-09T22:53:37.921+0000] {processor.py:840} INFO - DAG(s) 'example_params_trigger_ui' retrieved from /home/airflow/.local/lib/python3.8/site-packages/airflow/example_dags/example_params_trigger_ui.py
[2025-07-09T22:53:37.985+0000] {logging_mixin.py:188} INFO - [2025-07-09T22:53:37.984+0000] {dag.py:3036} INFO - Sync 1 DAGs
[2025-07-09T22:53:38.008+0000] {logging_mixin.py:188} INFO - [2025-07-09T22:53:38.008+0000] {dag.py:3823} INFO - Setting next_dagrun for example_params_trigger_ui to None, run_after=None
[2025-07-09T22:53:38.035+0000] {processor.py:183} INFO - Processing /home/airflow/.local/lib/python3.8/site-packages/airflow/example_dags/example_params_trigger_ui.py took 0.146 seconds
[2025-07-09T22:54:08.075+0000] {processor.py:161} INFO - Started process (PID=1404) to work on /home/airflow/.local/lib/python3.8/site-packages/airflow/example_dags/example_params_trigger_ui.py
[2025-07-09T22:54:08.077+0000] {processor.py:830} INFO - Processing file /home/airflow/.local/lib/python3.8/site-packages/airflow/example_dags/example_params_trigger_ui.py for tasks to queue
[2025-07-09T22:54:08.081+0000] {logging_mixin.py:188} INFO - [2025-07-09T22:54:08.080+0000] {dagbag.py:538} INFO - Filling up the DagBag from /home/airflow/.local/lib/python3.8/site-packages/airflow/example_dags/example_params_trigger_ui.py
[2025-07-09T22:54:08.103+0000] {processor.py:840} INFO - DAG(s) 'example_params_trigger_ui' retrieved from /home/airflow/.local/lib/python3.8/site-packages/airflow/example_dags/example_params_trigger_ui.py
[2025-07-09T22:54:08.180+0000] {logging_mixin.py:188} INFO - [2025-07-09T22:54:08.180+0000] {dag.py:3036} INFO - Sync 1 DAGs
[2025-07-09T22:54:08.202+0000] {logging_mixin.py:188} INFO - [2025-07-09T22:54:08.202+0000] {dag.py:3823} INFO - Setting next_dagrun for example_params_trigger_ui to None, run_after=None
[2025-07-09T22:54:08.246+0000] {processor.py:183} INFO - Processing /home/airflow/.local/lib/python3.8/site-packages/airflow/example_dags/example_params_trigger_ui.py took 0.176 seconds
[2025-07-09T22:54:38.599+0000] {processor.py:161} INFO - Started process (PID=1461) to work on /home/airflow/.local/lib/python3.8/site-packages/airflow/example_dags/example_params_trigger_ui.py
[2025-07-09T22:54:38.601+0000] {processor.py:830} INFO - Processing file /home/airflow/.local/lib/python3.8/site-packages/airflow/example_dags/example_params_trigger_ui.py for tasks to queue
[2025-07-09T22:54:38.603+0000] {logging_mixin.py:188} INFO - [2025-07-09T22:54:38.603+0000] {dagbag.py:538} INFO - Filling up the DagBag from /home/airflow/.local/lib/python3.8/site-packages/airflow/example_dags/example_params_trigger_ui.py
[2025-07-09T22:54:38.622+0000] {processor.py:840} INFO - DAG(s) 'example_params_trigger_ui' retrieved from /home/airflow/.local/lib/python3.8/site-packages/airflow/example_dags/example_params_trigger_ui.py
[2025-07-09T22:54:38.687+0000] {logging_mixin.py:188} INFO - [2025-07-09T22:54:38.687+0000] {dag.py:3036} INFO - Sync 1 DAGs
[2025-07-09T22:54:38.708+0000] {logging_mixin.py:188} INFO - [2025-07-09T22:54:38.708+0000] {dag.py:3823} INFO - Setting next_dagrun for example_params_trigger_ui to None, run_after=None
[2025-07-09T22:54:38.742+0000] {processor.py:183} INFO - Processing /home/airflow/.local/lib/python3.8/site-packages/airflow/example_dags/example_params_trigger_ui.py took 0.151 seconds
[2025-07-09T22:55:08.874+0000] {processor.py:161} INFO - Started process (PID=1517) to work on /home/airflow/.local/lib/python3.8/site-packages/airflow/example_dags/example_params_trigger_ui.py
[2025-07-09T22:55:08.877+0000] {processor.py:830} INFO - Processing file /home/airflow/.local/lib/python3.8/site-packages/airflow/example_dags/example_params_trigger_ui.py for tasks to queue
[2025-07-09T22:55:08.882+0000] {logging_mixin.py:188} INFO - [2025-07-09T22:55:08.881+0000] {dagbag.py:538} INFO - Filling up the DagBag from /home/airflow/.local/lib/python3.8/site-packages/airflow/example_dags/example_params_trigger_ui.py
[2025-07-09T22:55:08.907+0000] {processor.py:840} INFO - DAG(s) 'example_params_trigger_ui' retrieved from /home/airflow/.local/lib/python3.8/site-packages/airflow/example_dags/example_params_trigger_ui.py
[2025-07-09T22:55:08.986+0000] {logging_mixin.py:188} INFO - [2025-07-09T22:55:08.986+0000] {dag.py:3036} INFO - Sync 1 DAGs
[2025-07-09T22:55:09.004+0000] {logging_mixin.py:188} INFO - [2025-07-09T22:55:09.003+0000] {dag.py:3823} INFO - Setting next_dagrun for example_params_trigger_ui to None, run_after=None
[2025-07-09T22:55:09.042+0000] {processor.py:183} INFO - Processing /home/airflow/.local/lib/python3.8/site-packages/airflow/example_dags/example_params_trigger_ui.py took 0.174 seconds
[2025-07-09T22:55:39.136+0000] {processor.py:161} INFO - Started process (PID=1574) to work on /home/airflow/.local/lib/python3.8/site-packages/airflow/example_dags/example_params_trigger_ui.py
[2025-07-09T22:55:39.137+0000] {processor.py:830} INFO - Processing file /home/airflow/.local/lib/python3.8/site-packages/airflow/example_dags/example_params_trigger_ui.py for tasks to queue
[2025-07-09T22:55:39.140+0000] {logging_mixin.py:188} INFO - [2025-07-09T22:55:39.140+0000] {dagbag.py:538} INFO - Filling up the DagBag from /home/airflow/.local/lib/python3.8/site-packages/airflow/example_dags/example_params_trigger_ui.py
[2025-07-09T22:55:39.167+0000] {processor.py:840} INFO - DAG(s) 'example_params_trigger_ui' retrieved from /home/airflow/.local/lib/python3.8/site-packages/airflow/example_dags/example_params_trigger_ui.py
[2025-07-09T22:55:39.237+0000] {logging_mixin.py:188} INFO - [2025-07-09T22:55:39.236+0000] {dag.py:3036} INFO - Sync 1 DAGs
[2025-07-09T22:55:39.254+0000] {logging_mixin.py:188} INFO - [2025-07-09T22:55:39.254+0000] {dag.py:3823} INFO - Setting next_dagrun for example_params_trigger_ui to None, run_after=None
[2025-07-09T22:55:39.281+0000] {processor.py:183} INFO - Processing /home/airflow/.local/lib/python3.8/site-packages/airflow/example_dags/example_params_trigger_ui.py took 0.150 seconds
[2025-07-09T22:56:09.508+0000] {processor.py:161} INFO - Started process (PID=1631) to work on /home/airflow/.local/lib/python3.8/site-packages/airflow/example_dags/example_params_trigger_ui.py
[2025-07-09T22:56:09.510+0000] {processor.py:830} INFO - Processing file /home/airflow/.local/lib/python3.8/site-packages/airflow/example_dags/example_params_trigger_ui.py for tasks to queue
[2025-07-09T22:56:09.513+0000] {logging_mixin.py:188} INFO - [2025-07-09T22:56:09.513+0000] {dagbag.py:538} INFO - Filling up the DagBag from /home/airflow/.local/lib/python3.8/site-packages/airflow/example_dags/example_params_trigger_ui.py
[2025-07-09T22:56:09.532+0000] {processor.py:840} INFO - DAG(s) 'example_params_trigger_ui' retrieved from /home/airflow/.local/lib/python3.8/site-packages/airflow/example_dags/example_params_trigger_ui.py
[2025-07-09T22:56:09.591+0000] {logging_mixin.py:188} INFO - [2025-07-09T22:56:09.591+0000] {dag.py:3036} INFO - Sync 1 DAGs
[2025-07-09T22:56:09.606+0000] {logging_mixin.py:188} INFO - [2025-07-09T22:56:09.606+0000] {dag.py:3823} INFO - Setting next_dagrun for example_params_trigger_ui to None, run_after=None
[2025-07-09T22:56:09.634+0000] {processor.py:183} INFO - Processing /home/airflow/.local/lib/python3.8/site-packages/airflow/example_dags/example_params_trigger_ui.py took 0.131 seconds
[2025-07-09T23:01:54.752+0000] {processor.py:161} INFO - Started process (PID=84) to work on /home/airflow/.local/lib/python3.8/site-packages/airflow/example_dags/example_params_trigger_ui.py
[2025-07-09T23:01:54.755+0000] {processor.py:830} INFO - Processing file /home/airflow/.local/lib/python3.8/site-packages/airflow/example_dags/example_params_trigger_ui.py for tasks to queue
[2025-07-09T23:01:54.761+0000] {logging_mixin.py:188} INFO - [2025-07-09T23:01:54.760+0000] {dagbag.py:538} INFO - Filling up the DagBag from /home/airflow/.local/lib/python3.8/site-packages/airflow/example_dags/example_params_trigger_ui.py
[2025-07-09T23:01:54.792+0000] {processor.py:840} INFO - DAG(s) 'example_params_trigger_ui' retrieved from /home/airflow/.local/lib/python3.8/site-packages/airflow/example_dags/example_params_trigger_ui.py
[2025-07-09T23:01:55.038+0000] {logging_mixin.py:188} INFO - [2025-07-09T23:01:55.037+0000] {override.py:1769} INFO - Created Permission View: can edit on DAG:example_params_trigger_ui
[2025-07-09T23:01:55.059+0000] {logging_mixin.py:188} INFO - [2025-07-09T23:01:55.058+0000] {override.py:1769} INFO - Created Permission View: can delete on DAG:example_params_trigger_ui
[2025-07-09T23:01:55.074+0000] {logging_mixin.py:188} INFO - [2025-07-09T23:01:55.073+0000] {override.py:1769} INFO - Created Permission View: can read on DAG:example_params_trigger_ui
[2025-07-09T23:01:55.076+0000] {logging_mixin.py:188} INFO - [2025-07-09T23:01:55.075+0000] {dag.py:3036} INFO - Sync 1 DAGs
[2025-07-09T23:01:55.102+0000] {logging_mixin.py:188} INFO - [2025-07-09T23:01:55.101+0000] {dag.py:3058} INFO - Creating ORM DAG for example_params_trigger_ui
[2025-07-09T23:01:55.104+0000] {logging_mixin.py:188} INFO - [2025-07-09T23:01:55.103+0000] {dag.py:3823} INFO - Setting next_dagrun for example_params_trigger_ui to None, run_after=None
[2025-07-09T23:01:55.144+0000] {processor.py:183} INFO - Processing /home/airflow/.local/lib/python3.8/site-packages/airflow/example_dags/example_params_trigger_ui.py took 0.398 seconds
[2025-07-09T23:02:26.077+0000] {processor.py:161} INFO - Started process (PID=140) to work on /home/airflow/.local/lib/python3.8/site-packages/airflow/example_dags/example_params_trigger_ui.py
[2025-07-09T23:02:26.080+0000] {processor.py:830} INFO - Processing file /home/airflow/.local/lib/python3.8/site-packages/airflow/example_dags/example_params_trigger_ui.py for tasks to queue
[2025-07-09T23:02:26.084+0000] {logging_mixin.py:188} INFO - [2025-07-09T23:02:26.084+0000] {dagbag.py:538} INFO - Filling up the DagBag from /home/airflow/.local/lib/python3.8/site-packages/airflow/example_dags/example_params_trigger_ui.py
[2025-07-09T23:02:26.108+0000] {processor.py:840} INFO - DAG(s) 'example_params_trigger_ui' retrieved from /home/airflow/.local/lib/python3.8/site-packages/airflow/example_dags/example_params_trigger_ui.py
[2025-07-09T23:02:26.193+0000] {logging_mixin.py:188} INFO - [2025-07-09T23:02:26.192+0000] {dag.py:3036} INFO - Sync 1 DAGs
[2025-07-09T23:02:26.215+0000] {logging_mixin.py:188} INFO - [2025-07-09T23:02:26.215+0000] {dag.py:3823} INFO - Setting next_dagrun for example_params_trigger_ui to None, run_after=None
[2025-07-09T23:02:26.261+0000] {processor.py:183} INFO - Processing /home/airflow/.local/lib/python3.8/site-packages/airflow/example_dags/example_params_trigger_ui.py took 0.189 seconds
[2025-07-09T23:02:56.504+0000] {processor.py:161} INFO - Started process (PID=199) to work on /home/airflow/.local/lib/python3.8/site-packages/airflow/example_dags/example_params_trigger_ui.py
[2025-07-09T23:02:56.506+0000] {processor.py:830} INFO - Processing file /home/airflow/.local/lib/python3.8/site-packages/airflow/example_dags/example_params_trigger_ui.py for tasks to queue
[2025-07-09T23:02:56.509+0000] {logging_mixin.py:188} INFO - [2025-07-09T23:02:56.508+0000] {dagbag.py:538} INFO - Filling up the DagBag from /home/airflow/.local/lib/python3.8/site-packages/airflow/example_dags/example_params_trigger_ui.py
[2025-07-09T23:02:56.527+0000] {processor.py:840} INFO - DAG(s) 'example_params_trigger_ui' retrieved from /home/airflow/.local/lib/python3.8/site-packages/airflow/example_dags/example_params_trigger_ui.py
[2025-07-09T23:02:56.579+0000] {logging_mixin.py:188} INFO - [2025-07-09T23:02:56.579+0000] {dag.py:3036} INFO - Sync 1 DAGs
[2025-07-09T23:02:56.594+0000] {logging_mixin.py:188} INFO - [2025-07-09T23:02:56.593+0000] {dag.py:3823} INFO - Setting next_dagrun for example_params_trigger_ui to None, run_after=None
[2025-07-09T23:02:56.620+0000] {processor.py:183} INFO - Processing /home/airflow/.local/lib/python3.8/site-packages/airflow/example_dags/example_params_trigger_ui.py took 0.121 seconds
[2025-07-09T23:03:26.894+0000] {processor.py:161} INFO - Started process (PID=260) to work on /home/airflow/.local/lib/python3.8/site-packages/airflow/example_dags/example_params_trigger_ui.py
[2025-07-09T23:03:26.895+0000] {processor.py:830} INFO - Processing file /home/airflow/.local/lib/python3.8/site-packages/airflow/example_dags/example_params_trigger_ui.py for tasks to queue
[2025-07-09T23:03:26.898+0000] {logging_mixin.py:188} INFO - [2025-07-09T23:03:26.898+0000] {dagbag.py:538} INFO - Filling up the DagBag from /home/airflow/.local/lib/python3.8/site-packages/airflow/example_dags/example_params_trigger_ui.py
[2025-07-09T23:03:26.920+0000] {processor.py:840} INFO - DAG(s) 'example_params_trigger_ui' retrieved from /home/airflow/.local/lib/python3.8/site-packages/airflow/example_dags/example_params_trigger_ui.py
[2025-07-09T23:03:26.999+0000] {logging_mixin.py:188} INFO - [2025-07-09T23:03:26.999+0000] {dag.py:3036} INFO - Sync 1 DAGs
[2025-07-09T23:03:27.015+0000] {logging_mixin.py:188} INFO - [2025-07-09T23:03:27.014+0000] {dag.py:3823} INFO - Setting next_dagrun for example_params_trigger_ui to None, run_after=None
[2025-07-09T23:03:27.045+0000] {processor.py:183} INFO - Processing /home/airflow/.local/lib/python3.8/site-packages/airflow/example_dags/example_params_trigger_ui.py took 0.157 seconds
[2025-07-09T23:03:57.425+0000] {processor.py:161} INFO - Started process (PID=317) to work on /home/airflow/.local/lib/python3.8/site-packages/airflow/example_dags/example_params_trigger_ui.py
[2025-07-09T23:03:57.427+0000] {processor.py:830} INFO - Processing file /home/airflow/.local/lib/python3.8/site-packages/airflow/example_dags/example_params_trigger_ui.py for tasks to queue
[2025-07-09T23:03:57.429+0000] {logging_mixin.py:188} INFO - [2025-07-09T23:03:57.429+0000] {dagbag.py:538} INFO - Filling up the DagBag from /home/airflow/.local/lib/python3.8/site-packages/airflow/example_dags/example_params_trigger_ui.py
[2025-07-09T23:03:57.447+0000] {processor.py:840} INFO - DAG(s) 'example_params_trigger_ui' retrieved from /home/airflow/.local/lib/python3.8/site-packages/airflow/example_dags/example_params_trigger_ui.py
[2025-07-09T23:03:57.501+0000] {logging_mixin.py:188} INFO - [2025-07-09T23:03:57.501+0000] {dag.py:3036} INFO - Sync 1 DAGs
[2025-07-09T23:03:57.517+0000] {logging_mixin.py:188} INFO - [2025-07-09T23:03:57.516+0000] {dag.py:3823} INFO - Setting next_dagrun for example_params_trigger_ui to None, run_after=None
[2025-07-09T23:03:57.550+0000] {processor.py:183} INFO - Processing /home/airflow/.local/lib/python3.8/site-packages/airflow/example_dags/example_params_trigger_ui.py took 0.129 seconds
[2025-07-09T23:04:28.056+0000] {processor.py:161} INFO - Started process (PID=378) to work on /home/airflow/.local/lib/python3.8/site-packages/airflow/example_dags/example_params_trigger_ui.py
[2025-07-09T23:04:28.058+0000] {processor.py:830} INFO - Processing file /home/airflow/.local/lib/python3.8/site-packages/airflow/example_dags/example_params_trigger_ui.py for tasks to queue
[2025-07-09T23:04:28.060+0000] {logging_mixin.py:188} INFO - [2025-07-09T23:04:28.060+0000] {dagbag.py:538} INFO - Filling up the DagBag from /home/airflow/.local/lib/python3.8/site-packages/airflow/example_dags/example_params_trigger_ui.py
[2025-07-09T23:04:28.083+0000] {processor.py:840} INFO - DAG(s) 'example_params_trigger_ui' retrieved from /home/airflow/.local/lib/python3.8/site-packages/airflow/example_dags/example_params_trigger_ui.py
[2025-07-09T23:04:28.141+0000] {logging_mixin.py:188} INFO - [2025-07-09T23:04:28.141+0000] {dag.py:3036} INFO - Sync 1 DAGs
[2025-07-09T23:04:28.159+0000] {logging_mixin.py:188} INFO - [2025-07-09T23:04:28.158+0000] {dag.py:3823} INFO - Setting next_dagrun for example_params_trigger_ui to None, run_after=None
[2025-07-09T23:04:28.188+0000] {processor.py:183} INFO - Processing /home/airflow/.local/lib/python3.8/site-packages/airflow/example_dags/example_params_trigger_ui.py took 0.137 seconds
[2025-07-09T23:04:59.045+0000] {processor.py:161} INFO - Started process (PID=435) to work on /home/airflow/.local/lib/python3.8/site-packages/airflow/example_dags/example_params_trigger_ui.py
[2025-07-09T23:04:59.047+0000] {processor.py:830} INFO - Processing file /home/airflow/.local/lib/python3.8/site-packages/airflow/example_dags/example_params_trigger_ui.py for tasks to queue
[2025-07-09T23:04:59.051+0000] {logging_mixin.py:188} INFO - [2025-07-09T23:04:59.051+0000] {dagbag.py:538} INFO - Filling up the DagBag from /home/airflow/.local/lib/python3.8/site-packages/airflow/example_dags/example_params_trigger_ui.py
[2025-07-09T23:04:59.077+0000] {processor.py:840} INFO - DAG(s) 'example_params_trigger_ui' retrieved from /home/airflow/.local/lib/python3.8/site-packages/airflow/example_dags/example_params_trigger_ui.py
[2025-07-09T23:04:59.152+0000] {logging_mixin.py:188} INFO - [2025-07-09T23:04:59.152+0000] {dag.py:3036} INFO - Sync 1 DAGs
[2025-07-09T23:04:59.174+0000] {logging_mixin.py:188} INFO - [2025-07-09T23:04:59.174+0000] {dag.py:3823} INFO - Setting next_dagrun for example_params_trigger_ui to None, run_after=None
[2025-07-09T23:04:59.211+0000] {processor.py:183} INFO - Processing /home/airflow/.local/lib/python3.8/site-packages/airflow/example_dags/example_params_trigger_ui.py took 0.173 seconds
[2025-07-09T23:05:29.283+0000] {processor.py:161} INFO - Started process (PID=493) to work on /home/airflow/.local/lib/python3.8/site-packages/airflow/example_dags/example_params_trigger_ui.py
[2025-07-09T23:05:29.285+0000] {processor.py:830} INFO - Processing file /home/airflow/.local/lib/python3.8/site-packages/airflow/example_dags/example_params_trigger_ui.py for tasks to queue
[2025-07-09T23:05:29.288+0000] {logging_mixin.py:188} INFO - [2025-07-09T23:05:29.288+0000] {dagbag.py:538} INFO - Filling up the DagBag from /home/airflow/.local/lib/python3.8/site-packages/airflow/example_dags/example_params_trigger_ui.py
[2025-07-09T23:05:29.309+0000] {processor.py:840} INFO - DAG(s) 'example_params_trigger_ui' retrieved from /home/airflow/.local/lib/python3.8/site-packages/airflow/example_dags/example_params_trigger_ui.py
[2025-07-09T23:05:29.364+0000] {logging_mixin.py:188} INFO - [2025-07-09T23:05:29.364+0000] {dag.py:3036} INFO - Sync 1 DAGs
[2025-07-09T23:05:29.381+0000] {logging_mixin.py:188} INFO - [2025-07-09T23:05:29.381+0000] {dag.py:3823} INFO - Setting next_dagrun for example_params_trigger_ui to None, run_after=None
[2025-07-09T23:05:29.420+0000] {processor.py:183} INFO - Processing /home/airflow/.local/lib/python3.8/site-packages/airflow/example_dags/example_params_trigger_ui.py took 0.143 seconds
[2025-07-09T23:05:59.599+0000] {processor.py:161} INFO - Started process (PID=550) to work on /home/airflow/.local/lib/python3.8/site-packages/airflow/example_dags/example_params_trigger_ui.py
[2025-07-09T23:05:59.600+0000] {processor.py:830} INFO - Processing file /home/airflow/.local/lib/python3.8/site-packages/airflow/example_dags/example_params_trigger_ui.py for tasks to queue
[2025-07-09T23:05:59.603+0000] {logging_mixin.py:188} INFO - [2025-07-09T23:05:59.603+0000] {dagbag.py:538} INFO - Filling up the DagBag from /home/airflow/.local/lib/python3.8/site-packages/airflow/example_dags/example_params_trigger_ui.py
[2025-07-09T23:05:59.622+0000] {processor.py:840} INFO - DAG(s) 'example_params_trigger_ui' retrieved from /home/airflow/.local/lib/python3.8/site-packages/airflow/example_dags/example_params_trigger_ui.py
[2025-07-09T23:05:59.688+0000] {logging_mixin.py:188} INFO - [2025-07-09T23:05:59.687+0000] {dag.py:3036} INFO - Sync 1 DAGs
[2025-07-09T23:05:59.706+0000] {logging_mixin.py:188} INFO - [2025-07-09T23:05:59.706+0000] {dag.py:3823} INFO - Setting next_dagrun for example_params_trigger_ui to None, run_after=None
[2025-07-09T23:05:59.736+0000] {processor.py:183} INFO - Processing /home/airflow/.local/lib/python3.8/site-packages/airflow/example_dags/example_params_trigger_ui.py took 0.142 seconds
[2025-07-09T23:06:30.803+0000] {processor.py:161} INFO - Started process (PID=606) to work on /home/airflow/.local/lib/python3.8/site-packages/airflow/example_dags/example_params_trigger_ui.py
[2025-07-09T23:06:30.806+0000] {processor.py:830} INFO - Processing file /home/airflow/.local/lib/python3.8/site-packages/airflow/example_dags/example_params_trigger_ui.py for tasks to queue
[2025-07-09T23:06:30.810+0000] {logging_mixin.py:188} INFO - [2025-07-09T23:06:30.809+0000] {dagbag.py:538} INFO - Filling up the DagBag from /home/airflow/.local/lib/python3.8/site-packages/airflow/example_dags/example_params_trigger_ui.py
[2025-07-09T23:06:30.834+0000] {processor.py:840} INFO - DAG(s) 'example_params_trigger_ui' retrieved from /home/airflow/.local/lib/python3.8/site-packages/airflow/example_dags/example_params_trigger_ui.py
[2025-07-09T23:06:30.899+0000] {logging_mixin.py:188} INFO - [2025-07-09T23:06:30.899+0000] {dag.py:3036} INFO - Sync 1 DAGs
[2025-07-09T23:06:30.915+0000] {logging_mixin.py:188} INFO - [2025-07-09T23:06:30.915+0000] {dag.py:3823} INFO - Setting next_dagrun for example_params_trigger_ui to None, run_after=None
[2025-07-09T23:06:30.957+0000] {processor.py:183} INFO - Processing /home/airflow/.local/lib/python3.8/site-packages/airflow/example_dags/example_params_trigger_ui.py took 0.160 seconds
[2025-07-09T23:07:01.153+0000] {processor.py:161} INFO - Started process (PID=662) to work on /home/airflow/.local/lib/python3.8/site-packages/airflow/example_dags/example_params_trigger_ui.py
[2025-07-09T23:07:01.155+0000] {processor.py:830} INFO - Processing file /home/airflow/.local/lib/python3.8/site-packages/airflow/example_dags/example_params_trigger_ui.py for tasks to queue
[2025-07-09T23:07:01.159+0000] {logging_mixin.py:188} INFO - [2025-07-09T23:07:01.158+0000] {dagbag.py:538} INFO - Filling up the DagBag from /home/airflow/.local/lib/python3.8/site-packages/airflow/example_dags/example_params_trigger_ui.py
[2025-07-09T23:07:01.180+0000] {processor.py:840} INFO - DAG(s) 'example_params_trigger_ui' retrieved from /home/airflow/.local/lib/python3.8/site-packages/airflow/example_dags/example_params_trigger_ui.py
[2025-07-09T23:07:01.235+0000] {logging_mixin.py:188} INFO - [2025-07-09T23:07:01.234+0000] {dag.py:3036} INFO - Sync 1 DAGs
[2025-07-09T23:07:01.251+0000] {logging_mixin.py:188} INFO - [2025-07-09T23:07:01.251+0000] {dag.py:3823} INFO - Setting next_dagrun for example_params_trigger_ui to None, run_after=None
[2025-07-09T23:07:01.280+0000] {processor.py:183} INFO - Processing /home/airflow/.local/lib/python3.8/site-packages/airflow/example_dags/example_params_trigger_ui.py took 0.134 seconds
[2025-07-09T23:07:31.454+0000] {processor.py:161} INFO - Started process (PID=719) to work on /home/airflow/.local/lib/python3.8/site-packages/airflow/example_dags/example_params_trigger_ui.py
[2025-07-09T23:07:31.456+0000] {processor.py:830} INFO - Processing file /home/airflow/.local/lib/python3.8/site-packages/airflow/example_dags/example_params_trigger_ui.py for tasks to queue
[2025-07-09T23:07:31.458+0000] {logging_mixin.py:188} INFO - [2025-07-09T23:07:31.458+0000] {dagbag.py:538} INFO - Filling up the DagBag from /home/airflow/.local/lib/python3.8/site-packages/airflow/example_dags/example_params_trigger_ui.py
[2025-07-09T23:07:31.476+0000] {processor.py:840} INFO - DAG(s) 'example_params_trigger_ui' retrieved from /home/airflow/.local/lib/python3.8/site-packages/airflow/example_dags/example_params_trigger_ui.py
[2025-07-09T23:07:31.529+0000] {logging_mixin.py:188} INFO - [2025-07-09T23:07:31.529+0000] {dag.py:3036} INFO - Sync 1 DAGs
[2025-07-09T23:07:31.548+0000] {logging_mixin.py:188} INFO - [2025-07-09T23:07:31.547+0000] {dag.py:3823} INFO - Setting next_dagrun for example_params_trigger_ui to None, run_after=None
[2025-07-09T23:07:31.584+0000] {processor.py:183} INFO - Processing /home/airflow/.local/lib/python3.8/site-packages/airflow/example_dags/example_params_trigger_ui.py took 0.135 seconds
[2025-07-09T23:08:02.281+0000] {processor.py:161} INFO - Started process (PID=776) to work on /home/airflow/.local/lib/python3.8/site-packages/airflow/example_dags/example_params_trigger_ui.py
[2025-07-09T23:08:02.285+0000] {processor.py:830} INFO - Processing file /home/airflow/.local/lib/python3.8/site-packages/airflow/example_dags/example_params_trigger_ui.py for tasks to queue
[2025-07-09T23:08:02.288+0000] {logging_mixin.py:188} INFO - [2025-07-09T23:08:02.287+0000] {dagbag.py:538} INFO - Filling up the DagBag from /home/airflow/.local/lib/python3.8/site-packages/airflow/example_dags/example_params_trigger_ui.py
[2025-07-09T23:08:02.306+0000] {processor.py:840} INFO - DAG(s) 'example_params_trigger_ui' retrieved from /home/airflow/.local/lib/python3.8/site-packages/airflow/example_dags/example_params_trigger_ui.py
[2025-07-09T23:08:02.361+0000] {logging_mixin.py:188} INFO - [2025-07-09T23:08:02.361+0000] {dag.py:3036} INFO - Sync 1 DAGs
[2025-07-09T23:08:02.376+0000] {logging_mixin.py:188} INFO - [2025-07-09T23:08:02.375+0000] {dag.py:3823} INFO - Setting next_dagrun for example_params_trigger_ui to None, run_after=None
[2025-07-09T23:08:02.407+0000] {processor.py:183} INFO - Processing /home/airflow/.local/lib/python3.8/site-packages/airflow/example_dags/example_params_trigger_ui.py took 0.130 seconds
[2025-07-09T23:08:33.121+0000] {processor.py:161} INFO - Started process (PID=833) to work on /home/airflow/.local/lib/python3.8/site-packages/airflow/example_dags/example_params_trigger_ui.py
[2025-07-09T23:08:33.123+0000] {processor.py:830} INFO - Processing file /home/airflow/.local/lib/python3.8/site-packages/airflow/example_dags/example_params_trigger_ui.py for tasks to queue
[2025-07-09T23:08:33.126+0000] {logging_mixin.py:188} INFO - [2025-07-09T23:08:33.126+0000] {dagbag.py:538} INFO - Filling up the DagBag from /home/airflow/.local/lib/python3.8/site-packages/airflow/example_dags/example_params_trigger_ui.py
[2025-07-09T23:08:33.143+0000] {processor.py:840} INFO - DAG(s) 'example_params_trigger_ui' retrieved from /home/airflow/.local/lib/python3.8/site-packages/airflow/example_dags/example_params_trigger_ui.py
[2025-07-09T23:08:33.199+0000] {logging_mixin.py:188} INFO - [2025-07-09T23:08:33.199+0000] {dag.py:3036} INFO - Sync 1 DAGs
[2025-07-09T23:08:33.213+0000] {logging_mixin.py:188} INFO - [2025-07-09T23:08:33.213+0000] {dag.py:3823} INFO - Setting next_dagrun for example_params_trigger_ui to None, run_after=None
[2025-07-09T23:08:33.256+0000] {processor.py:183} INFO - Processing /home/airflow/.local/lib/python3.8/site-packages/airflow/example_dags/example_params_trigger_ui.py took 0.141 seconds
[2025-07-09T23:49:50.323+0000] {processor.py:161} INFO - Started process (PID=78) to work on /home/airflow/.local/lib/python3.8/site-packages/airflow/example_dags/example_params_trigger_ui.py
[2025-07-09T23:49:50.325+0000] {processor.py:830} INFO - Processing file /home/airflow/.local/lib/python3.8/site-packages/airflow/example_dags/example_params_trigger_ui.py for tasks to queue
[2025-07-09T23:49:50.328+0000] {logging_mixin.py:188} INFO - [2025-07-09T23:49:50.328+0000] {dagbag.py:538} INFO - Filling up the DagBag from /home/airflow/.local/lib/python3.8/site-packages/airflow/example_dags/example_params_trigger_ui.py
[2025-07-09T23:49:50.354+0000] {processor.py:840} INFO - DAG(s) 'example_params_trigger_ui' retrieved from /home/airflow/.local/lib/python3.8/site-packages/airflow/example_dags/example_params_trigger_ui.py
[2025-07-09T23:49:50.565+0000] {logging_mixin.py:188} INFO - [2025-07-09T23:49:50.564+0000] {override.py:1769} INFO - Created Permission View: can delete on DAG:example_params_trigger_ui
[2025-07-09T23:49:50.587+0000] {logging_mixin.py:188} INFO - [2025-07-09T23:49:50.587+0000] {override.py:1769} INFO - Created Permission View: can read on DAG:example_params_trigger_ui
[2025-07-09T23:49:50.604+0000] {logging_mixin.py:188} INFO - [2025-07-09T23:49:50.603+0000] {override.py:1769} INFO - Created Permission View: can edit on DAG:example_params_trigger_ui
[2025-07-09T23:49:50.605+0000] {logging_mixin.py:188} INFO - [2025-07-09T23:49:50.605+0000] {dag.py:3036} INFO - Sync 1 DAGs
[2025-07-09T23:49:50.622+0000] {logging_mixin.py:188} INFO - [2025-07-09T23:49:50.622+0000] {dag.py:3058} INFO - Creating ORM DAG for example_params_trigger_ui
[2025-07-09T23:49:50.625+0000] {logging_mixin.py:188} INFO - [2025-07-09T23:49:50.625+0000] {dag.py:3823} INFO - Setting next_dagrun for example_params_trigger_ui to None, run_after=None
[2025-07-09T23:49:50.665+0000] {processor.py:183} INFO - Processing /home/airflow/.local/lib/python3.8/site-packages/airflow/example_dags/example_params_trigger_ui.py took 0.347 seconds
[2025-07-09T23:50:21.061+0000] {processor.py:161} INFO - Started process (PID=134) to work on /home/airflow/.local/lib/python3.8/site-packages/airflow/example_dags/example_params_trigger_ui.py
[2025-07-09T23:50:21.063+0000] {processor.py:830} INFO - Processing file /home/airflow/.local/lib/python3.8/site-packages/airflow/example_dags/example_params_trigger_ui.py for tasks to queue
[2025-07-09T23:50:21.066+0000] {logging_mixin.py:188} INFO - [2025-07-09T23:50:21.065+0000] {dagbag.py:538} INFO - Filling up the DagBag from /home/airflow/.local/lib/python3.8/site-packages/airflow/example_dags/example_params_trigger_ui.py
[2025-07-09T23:50:21.084+0000] {processor.py:840} INFO - DAG(s) 'example_params_trigger_ui' retrieved from /home/airflow/.local/lib/python3.8/site-packages/airflow/example_dags/example_params_trigger_ui.py
[2025-07-09T23:50:21.143+0000] {logging_mixin.py:188} INFO - [2025-07-09T23:50:21.142+0000] {dag.py:3036} INFO - Sync 1 DAGs
[2025-07-09T23:50:21.158+0000] {logging_mixin.py:188} INFO - [2025-07-09T23:50:21.158+0000] {dag.py:3823} INFO - Setting next_dagrun for example_params_trigger_ui to None, run_after=None
[2025-07-09T23:50:21.191+0000] {processor.py:183} INFO - Processing /home/airflow/.local/lib/python3.8/site-packages/airflow/example_dags/example_params_trigger_ui.py took 0.134 seconds
[2025-07-09T23:54:30.032+0000] {processor.py:161} INFO - Started process (PID=85) to work on /home/airflow/.local/lib/python3.8/site-packages/airflow/example_dags/example_params_trigger_ui.py
[2025-07-09T23:54:30.033+0000] {processor.py:830} INFO - Processing file /home/airflow/.local/lib/python3.8/site-packages/airflow/example_dags/example_params_trigger_ui.py for tasks to queue
[2025-07-09T23:54:30.037+0000] {logging_mixin.py:188} INFO - [2025-07-09T23:54:30.036+0000] {dagbag.py:538} INFO - Filling up the DagBag from /home/airflow/.local/lib/python3.8/site-packages/airflow/example_dags/example_params_trigger_ui.py
[2025-07-09T23:54:30.062+0000] {processor.py:840} INFO - DAG(s) 'example_params_trigger_ui' retrieved from /home/airflow/.local/lib/python3.8/site-packages/airflow/example_dags/example_params_trigger_ui.py
[2025-07-09T23:54:30.228+0000] {logging_mixin.py:188} INFO - [2025-07-09T23:54:30.228+0000] {override.py:1769} INFO - Created Permission View: can edit on DAG:example_params_trigger_ui
[2025-07-09T23:54:30.243+0000] {logging_mixin.py:188} INFO - [2025-07-09T23:54:30.242+0000] {override.py:1769} INFO - Created Permission View: can read on DAG:example_params_trigger_ui
[2025-07-09T23:54:30.258+0000] {logging_mixin.py:188} INFO - [2025-07-09T23:54:30.258+0000] {override.py:1769} INFO - Created Permission View: can delete on DAG:example_params_trigger_ui
[2025-07-09T23:54:30.259+0000] {logging_mixin.py:188} INFO - [2025-07-09T23:54:30.259+0000] {dag.py:3036} INFO - Sync 1 DAGs
[2025-07-09T23:54:30.273+0000] {logging_mixin.py:188} INFO - [2025-07-09T23:54:30.273+0000] {dag.py:3058} INFO - Creating ORM DAG for example_params_trigger_ui
[2025-07-09T23:54:30.275+0000] {logging_mixin.py:188} INFO - [2025-07-09T23:54:30.275+0000] {dag.py:3823} INFO - Setting next_dagrun for example_params_trigger_ui to None, run_after=None
[2025-07-09T23:54:30.305+0000] {processor.py:183} INFO - Processing /home/airflow/.local/lib/python3.8/site-packages/airflow/example_dags/example_params_trigger_ui.py took 0.278 seconds
[2025-07-09T23:55:01.233+0000] {processor.py:161} INFO - Started process (PID=141) to work on /home/airflow/.local/lib/python3.8/site-packages/airflow/example_dags/example_params_trigger_ui.py
[2025-07-09T23:55:01.236+0000] {processor.py:830} INFO - Processing file /home/airflow/.local/lib/python3.8/site-packages/airflow/example_dags/example_params_trigger_ui.py for tasks to queue
[2025-07-09T23:55:01.239+0000] {logging_mixin.py:188} INFO - [2025-07-09T23:55:01.238+0000] {dagbag.py:538} INFO - Filling up the DagBag from /home/airflow/.local/lib/python3.8/site-packages/airflow/example_dags/example_params_trigger_ui.py
[2025-07-09T23:55:01.255+0000] {processor.py:840} INFO - DAG(s) 'example_params_trigger_ui' retrieved from /home/airflow/.local/lib/python3.8/site-packages/airflow/example_dags/example_params_trigger_ui.py
[2025-07-09T23:55:01.318+0000] {logging_mixin.py:188} INFO - [2025-07-09T23:55:01.317+0000] {dag.py:3036} INFO - Sync 1 DAGs
[2025-07-09T23:55:01.333+0000] {logging_mixin.py:188} INFO - [2025-07-09T23:55:01.333+0000] {dag.py:3823} INFO - Setting next_dagrun for example_params_trigger_ui to None, run_after=None
[2025-07-09T23:55:01.359+0000] {processor.py:183} INFO - Processing /home/airflow/.local/lib/python3.8/site-packages/airflow/example_dags/example_params_trigger_ui.py took 0.132 seconds
[2025-07-09T23:55:31.485+0000] {processor.py:161} INFO - Started process (PID=201) to work on /home/airflow/.local/lib/python3.8/site-packages/airflow/example_dags/example_params_trigger_ui.py
[2025-07-09T23:55:31.487+0000] {processor.py:830} INFO - Processing file /home/airflow/.local/lib/python3.8/site-packages/airflow/example_dags/example_params_trigger_ui.py for tasks to queue
[2025-07-09T23:55:31.491+0000] {logging_mixin.py:188} INFO - [2025-07-09T23:55:31.490+0000] {dagbag.py:538} INFO - Filling up the DagBag from /home/airflow/.local/lib/python3.8/site-packages/airflow/example_dags/example_params_trigger_ui.py
[2025-07-09T23:55:31.518+0000] {processor.py:840} INFO - DAG(s) 'example_params_trigger_ui' retrieved from /home/airflow/.local/lib/python3.8/site-packages/airflow/example_dags/example_params_trigger_ui.py
[2025-07-09T23:55:31.599+0000] {logging_mixin.py:188} INFO - [2025-07-09T23:55:31.599+0000] {dag.py:3036} INFO - Sync 1 DAGs
[2025-07-09T23:55:31.622+0000] {logging_mixin.py:188} INFO - [2025-07-09T23:55:31.621+0000] {dag.py:3823} INFO - Setting next_dagrun for example_params_trigger_ui to None, run_after=None
[2025-07-09T23:55:31.671+0000] {processor.py:183} INFO - Processing /home/airflow/.local/lib/python3.8/site-packages/airflow/example_dags/example_params_trigger_ui.py took 0.193 seconds
[2025-07-09T23:56:02.339+0000] {processor.py:161} INFO - Started process (PID=262) to work on /home/airflow/.local/lib/python3.8/site-packages/airflow/example_dags/example_params_trigger_ui.py
[2025-07-09T23:56:02.341+0000] {processor.py:830} INFO - Processing file /home/airflow/.local/lib/python3.8/site-packages/airflow/example_dags/example_params_trigger_ui.py for tasks to queue
[2025-07-09T23:56:02.345+0000] {logging_mixin.py:188} INFO - [2025-07-09T23:56:02.344+0000] {dagbag.py:538} INFO - Filling up the DagBag from /home/airflow/.local/lib/python3.8/site-packages/airflow/example_dags/example_params_trigger_ui.py
[2025-07-09T23:56:02.370+0000] {processor.py:840} INFO - DAG(s) 'example_params_trigger_ui' retrieved from /home/airflow/.local/lib/python3.8/site-packages/airflow/example_dags/example_params_trigger_ui.py
[2025-07-09T23:56:02.449+0000] {logging_mixin.py:188} INFO - [2025-07-09T23:56:02.449+0000] {dag.py:3036} INFO - Sync 1 DAGs
[2025-07-09T23:56:02.468+0000] {logging_mixin.py:188} INFO - [2025-07-09T23:56:02.468+0000] {dag.py:3823} INFO - Setting next_dagrun for example_params_trigger_ui to None, run_after=None
[2025-07-09T23:56:02.504+0000] {processor.py:183} INFO - Processing /home/airflow/.local/lib/python3.8/site-packages/airflow/example_dags/example_params_trigger_ui.py took 0.169 seconds
[2025-07-09T23:56:32.983+0000] {processor.py:161} INFO - Started process (PID=319) to work on /home/airflow/.local/lib/python3.8/site-packages/airflow/example_dags/example_params_trigger_ui.py
[2025-07-09T23:56:32.985+0000] {processor.py:830} INFO - Processing file /home/airflow/.local/lib/python3.8/site-packages/airflow/example_dags/example_params_trigger_ui.py for tasks to queue
[2025-07-09T23:56:32.988+0000] {logging_mixin.py:188} INFO - [2025-07-09T23:56:32.987+0000] {dagbag.py:538} INFO - Filling up the DagBag from /home/airflow/.local/lib/python3.8/site-packages/airflow/example_dags/example_params_trigger_ui.py
[2025-07-09T23:56:33.005+0000] {processor.py:840} INFO - DAG(s) 'example_params_trigger_ui' retrieved from /home/airflow/.local/lib/python3.8/site-packages/airflow/example_dags/example_params_trigger_ui.py
[2025-07-09T23:56:33.067+0000] {logging_mixin.py:188} INFO - [2025-07-09T23:56:33.067+0000] {dag.py:3036} INFO - Sync 1 DAGs
[2025-07-09T23:56:33.083+0000] {logging_mixin.py:188} INFO - [2025-07-09T23:56:33.082+0000] {dag.py:3823} INFO - Setting next_dagrun for example_params_trigger_ui to None, run_after=None
[2025-07-09T23:56:33.118+0000] {processor.py:183} INFO - Processing /home/airflow/.local/lib/python3.8/site-packages/airflow/example_dags/example_params_trigger_ui.py took 0.140 seconds
[2025-07-09T23:57:03.981+0000] {processor.py:161} INFO - Started process (PID=379) to work on /home/airflow/.local/lib/python3.8/site-packages/airflow/example_dags/example_params_trigger_ui.py
[2025-07-09T23:57:03.983+0000] {processor.py:830} INFO - Processing file /home/airflow/.local/lib/python3.8/site-packages/airflow/example_dags/example_params_trigger_ui.py for tasks to queue
[2025-07-09T23:57:03.987+0000] {logging_mixin.py:188} INFO - [2025-07-09T23:57:03.987+0000] {dagbag.py:538} INFO - Filling up the DagBag from /home/airflow/.local/lib/python3.8/site-packages/airflow/example_dags/example_params_trigger_ui.py
[2025-07-09T23:57:04.007+0000] {processor.py:840} INFO - DAG(s) 'example_params_trigger_ui' retrieved from /home/airflow/.local/lib/python3.8/site-packages/airflow/example_dags/example_params_trigger_ui.py
[2025-07-09T23:57:04.070+0000] {logging_mixin.py:188} INFO - [2025-07-09T23:57:04.069+0000] {dag.py:3036} INFO - Sync 1 DAGs
[2025-07-09T23:57:04.087+0000] {logging_mixin.py:188} INFO - [2025-07-09T23:57:04.087+0000] {dag.py:3823} INFO - Setting next_dagrun for example_params_trigger_ui to None, run_after=None
[2025-07-09T23:57:04.120+0000] {processor.py:183} INFO - Processing /home/airflow/.local/lib/python3.8/site-packages/airflow/example_dags/example_params_trigger_ui.py took 0.146 seconds
[2025-07-09T23:57:34.682+0000] {processor.py:161} INFO - Started process (PID=436) to work on /home/airflow/.local/lib/python3.8/site-packages/airflow/example_dags/example_params_trigger_ui.py
[2025-07-09T23:57:34.684+0000] {processor.py:830} INFO - Processing file /home/airflow/.local/lib/python3.8/site-packages/airflow/example_dags/example_params_trigger_ui.py for tasks to queue
[2025-07-09T23:57:34.686+0000] {logging_mixin.py:188} INFO - [2025-07-09T23:57:34.686+0000] {dagbag.py:538} INFO - Filling up the DagBag from /home/airflow/.local/lib/python3.8/site-packages/airflow/example_dags/example_params_trigger_ui.py
[2025-07-09T23:57:34.708+0000] {processor.py:840} INFO - DAG(s) 'example_params_trigger_ui' retrieved from /home/airflow/.local/lib/python3.8/site-packages/airflow/example_dags/example_params_trigger_ui.py
[2025-07-09T23:57:34.770+0000] {logging_mixin.py:188} INFO - [2025-07-09T23:57:34.770+0000] {dag.py:3036} INFO - Sync 1 DAGs
[2025-07-09T23:57:34.785+0000] {logging_mixin.py:188} INFO - [2025-07-09T23:57:34.785+0000] {dag.py:3823} INFO - Setting next_dagrun for example_params_trigger_ui to None, run_after=None
[2025-07-09T23:57:34.822+0000] {processor.py:183} INFO - Processing /home/airflow/.local/lib/python3.8/site-packages/airflow/example_dags/example_params_trigger_ui.py took 0.144 seconds
[2025-07-09T23:58:05.146+0000] {processor.py:161} INFO - Started process (PID=492) to work on /home/airflow/.local/lib/python3.8/site-packages/airflow/example_dags/example_params_trigger_ui.py
[2025-07-09T23:58:05.148+0000] {processor.py:830} INFO - Processing file /home/airflow/.local/lib/python3.8/site-packages/airflow/example_dags/example_params_trigger_ui.py for tasks to queue
[2025-07-09T23:58:05.150+0000] {logging_mixin.py:188} INFO - [2025-07-09T23:58:05.149+0000] {dagbag.py:538} INFO - Filling up the DagBag from /home/airflow/.local/lib/python3.8/site-packages/airflow/example_dags/example_params_trigger_ui.py
[2025-07-09T23:58:05.167+0000] {processor.py:840} INFO - DAG(s) 'example_params_trigger_ui' retrieved from /home/airflow/.local/lib/python3.8/site-packages/airflow/example_dags/example_params_trigger_ui.py
[2025-07-09T23:58:05.225+0000] {logging_mixin.py:188} INFO - [2025-07-09T23:58:05.225+0000] {dag.py:3036} INFO - Sync 1 DAGs
[2025-07-09T23:58:05.242+0000] {logging_mixin.py:188} INFO - [2025-07-09T23:58:05.241+0000] {dag.py:3823} INFO - Setting next_dagrun for example_params_trigger_ui to None, run_after=None
[2025-07-09T23:58:05.270+0000] {processor.py:183} INFO - Processing /home/airflow/.local/lib/python3.8/site-packages/airflow/example_dags/example_params_trigger_ui.py took 0.128 seconds
[2025-07-09T23:58:35.462+0000] {processor.py:161} INFO - Started process (PID=548) to work on /home/airflow/.local/lib/python3.8/site-packages/airflow/example_dags/example_params_trigger_ui.py
[2025-07-09T23:58:35.463+0000] {processor.py:830} INFO - Processing file /home/airflow/.local/lib/python3.8/site-packages/airflow/example_dags/example_params_trigger_ui.py for tasks to queue
[2025-07-09T23:58:35.466+0000] {logging_mixin.py:188} INFO - [2025-07-09T23:58:35.465+0000] {dagbag.py:538} INFO - Filling up the DagBag from /home/airflow/.local/lib/python3.8/site-packages/airflow/example_dags/example_params_trigger_ui.py
[2025-07-09T23:58:35.485+0000] {processor.py:840} INFO - DAG(s) 'example_params_trigger_ui' retrieved from /home/airflow/.local/lib/python3.8/site-packages/airflow/example_dags/example_params_trigger_ui.py
[2025-07-09T23:58:35.552+0000] {logging_mixin.py:188} INFO - [2025-07-09T23:58:35.551+0000] {dag.py:3036} INFO - Sync 1 DAGs
[2025-07-09T23:58:35.571+0000] {logging_mixin.py:188} INFO - [2025-07-09T23:58:35.570+0000] {dag.py:3823} INFO - Setting next_dagrun for example_params_trigger_ui to None, run_after=None
[2025-07-09T23:58:35.603+0000] {processor.py:183} INFO - Processing /home/airflow/.local/lib/python3.8/site-packages/airflow/example_dags/example_params_trigger_ui.py took 0.147 seconds
[2025-07-09T23:59:06.128+0000] {processor.py:161} INFO - Started process (PID=604) to work on /home/airflow/.local/lib/python3.8/site-packages/airflow/example_dags/example_params_trigger_ui.py
[2025-07-09T23:59:06.147+0000] {processor.py:830} INFO - Processing file /home/airflow/.local/lib/python3.8/site-packages/airflow/example_dags/example_params_trigger_ui.py for tasks to queue
[2025-07-09T23:59:06.149+0000] {logging_mixin.py:188} INFO - [2025-07-09T23:59:06.149+0000] {dagbag.py:538} INFO - Filling up the DagBag from /home/airflow/.local/lib/python3.8/site-packages/airflow/example_dags/example_params_trigger_ui.py
[2025-07-09T23:59:06.179+0000] {processor.py:840} INFO - DAG(s) 'example_params_trigger_ui' retrieved from /home/airflow/.local/lib/python3.8/site-packages/airflow/example_dags/example_params_trigger_ui.py
[2025-07-09T23:59:06.242+0000] {logging_mixin.py:188} INFO - [2025-07-09T23:59:06.242+0000] {dag.py:3036} INFO - Sync 1 DAGs
[2025-07-09T23:59:06.259+0000] {logging_mixin.py:188} INFO - [2025-07-09T23:59:06.259+0000] {dag.py:3823} INFO - Setting next_dagrun for example_params_trigger_ui to None, run_after=None
[2025-07-09T23:59:06.292+0000] {processor.py:183} INFO - Processing /home/airflow/.local/lib/python3.8/site-packages/airflow/example_dags/example_params_trigger_ui.py took 0.181 seconds
[2025-07-09T23:59:36.552+0000] {processor.py:161} INFO - Started process (PID=660) to work on /home/airflow/.local/lib/python3.8/site-packages/airflow/example_dags/example_params_trigger_ui.py
[2025-07-09T23:59:36.553+0000] {processor.py:830} INFO - Processing file /home/airflow/.local/lib/python3.8/site-packages/airflow/example_dags/example_params_trigger_ui.py for tasks to queue
[2025-07-09T23:59:36.555+0000] {logging_mixin.py:188} INFO - [2025-07-09T23:59:36.554+0000] {dagbag.py:538} INFO - Filling up the DagBag from /home/airflow/.local/lib/python3.8/site-packages/airflow/example_dags/example_params_trigger_ui.py
[2025-07-09T23:59:36.576+0000] {processor.py:840} INFO - DAG(s) 'example_params_trigger_ui' retrieved from /home/airflow/.local/lib/python3.8/site-packages/airflow/example_dags/example_params_trigger_ui.py
[2025-07-09T23:59:36.640+0000] {logging_mixin.py:188} INFO - [2025-07-09T23:59:36.640+0000] {dag.py:3036} INFO - Sync 1 DAGs
[2025-07-09T23:59:36.661+0000] {logging_mixin.py:188} INFO - [2025-07-09T23:59:36.660+0000] {dag.py:3823} INFO - Setting next_dagrun for example_params_trigger_ui to None, run_after=None
[2025-07-09T23:59:36.697+0000] {processor.py:183} INFO - Processing /home/airflow/.local/lib/python3.8/site-packages/airflow/example_dags/example_params_trigger_ui.py took 0.150 seconds
