[2025-07-09T19:53:59.807+0000] {processor.py:161} INFO - Started process (PID=73) to work on /home/airflow/.local/lib/python3.8/site-packages/airflow/example_dags/example_branch_labels.py
[2025-07-09T19:53:59.810+0000] {processor.py:830} INFO - Processing file /home/airflow/.local/lib/python3.8/site-packages/airflow/example_dags/example_branch_labels.py for tasks to queue
[2025-07-09T19:53:59.813+0000] {logging_mixin.py:188} INFO - [2025-07-09T19:53:59.813+0000] {dagbag.py:538} INFO - Filling up the DagBag from /home/airflow/.local/lib/python3.8/site-packages/airflow/example_dags/example_branch_labels.py
[2025-07-09T19:53:59.838+0000] {processor.py:840} INFO - DAG(s) 'example_branch_labels' retrieved from /home/airflow/.local/lib/python3.8/site-packages/airflow/example_dags/example_branch_labels.py
[2025-07-09T19:54:00.232+0000] {logging_mixin.py:188} INFO - [2025-07-09T19:54:00.232+0000] {dag.py:3036} INFO - Sync 1 DAGs
[2025-07-09T19:54:00.281+0000] {logging_mixin.py:188} INFO - [2025-07-09T19:54:00.280+0000] {dag.py:3823} INFO - Setting next_dagrun for example_branch_labels to 2025-07-08 00:00:00+00:00, run_after=2025-07-09 00:00:00+00:00
[2025-07-09T19:54:00.334+0000] {processor.py:183} INFO - Processing /home/airflow/.local/lib/python3.8/site-packages/airflow/example_dags/example_branch_labels.py took 0.533 seconds
[2025-07-09T19:54:22.823+0000] {processor.py:161} INFO - Started process (PID=67) to work on /home/airflow/.local/lib/python3.8/site-packages/airflow/example_dags/example_branch_labels.py
[2025-07-09T19:54:22.825+0000] {processor.py:830} INFO - Processing file /home/airflow/.local/lib/python3.8/site-packages/airflow/example_dags/example_branch_labels.py for tasks to queue
[2025-07-09T19:54:22.828+0000] {logging_mixin.py:188} INFO - [2025-07-09T19:54:22.828+0000] {dagbag.py:538} INFO - Filling up the DagBag from /home/airflow/.local/lib/python3.8/site-packages/airflow/example_dags/example_branch_labels.py
[2025-07-09T19:54:22.842+0000] {processor.py:840} INFO - DAG(s) 'example_branch_labels' retrieved from /home/airflow/.local/lib/python3.8/site-packages/airflow/example_dags/example_branch_labels.py
[2025-07-09T19:54:22.859+0000] {logging_mixin.py:188} INFO - [2025-07-09T19:54:22.859+0000] {dag.py:3036} INFO - Sync 1 DAGs
[2025-07-09T19:54:22.886+0000] {logging_mixin.py:188} INFO - [2025-07-09T19:54:22.886+0000] {dag.py:3823} INFO - Setting next_dagrun for example_branch_labels to 2025-07-08 00:00:00+00:00, run_after=2025-07-09 00:00:00+00:00
[2025-07-09T19:54:22.910+0000] {processor.py:183} INFO - Processing /home/airflow/.local/lib/python3.8/site-packages/airflow/example_dags/example_branch_labels.py took 0.091 seconds
[2025-07-09T19:54:53.467+0000] {processor.py:161} INFO - Started process (PID=123) to work on /home/airflow/.local/lib/python3.8/site-packages/airflow/example_dags/example_branch_labels.py
[2025-07-09T19:54:53.469+0000] {processor.py:830} INFO - Processing file /home/airflow/.local/lib/python3.8/site-packages/airflow/example_dags/example_branch_labels.py for tasks to queue
[2025-07-09T19:54:53.473+0000] {logging_mixin.py:188} INFO - [2025-07-09T19:54:53.472+0000] {dagbag.py:538} INFO - Filling up the DagBag from /home/airflow/.local/lib/python3.8/site-packages/airflow/example_dags/example_branch_labels.py
[2025-07-09T19:54:53.483+0000] {processor.py:840} INFO - DAG(s) 'example_branch_labels' retrieved from /home/airflow/.local/lib/python3.8/site-packages/airflow/example_dags/example_branch_labels.py
[2025-07-09T19:54:53.512+0000] {logging_mixin.py:188} INFO - [2025-07-09T19:54:53.511+0000] {dag.py:3036} INFO - Sync 1 DAGs
[2025-07-09T19:54:53.540+0000] {logging_mixin.py:188} INFO - [2025-07-09T19:54:53.540+0000] {dag.py:3823} INFO - Setting next_dagrun for example_branch_labels to 2025-07-08 00:00:00+00:00, run_after=2025-07-09 00:00:00+00:00
[2025-07-09T19:54:53.572+0000] {processor.py:183} INFO - Processing /home/airflow/.local/lib/python3.8/site-packages/airflow/example_dags/example_branch_labels.py took 0.110 seconds
[2025-07-09T19:55:23.625+0000] {processor.py:161} INFO - Started process (PID=180) to work on /home/airflow/.local/lib/python3.8/site-packages/airflow/example_dags/example_branch_labels.py
[2025-07-09T19:55:23.627+0000] {processor.py:830} INFO - Processing file /home/airflow/.local/lib/python3.8/site-packages/airflow/example_dags/example_branch_labels.py for tasks to queue
[2025-07-09T19:55:23.630+0000] {logging_mixin.py:188} INFO - [2025-07-09T19:55:23.629+0000] {dagbag.py:538} INFO - Filling up the DagBag from /home/airflow/.local/lib/python3.8/site-packages/airflow/example_dags/example_branch_labels.py
[2025-07-09T19:55:23.641+0000] {processor.py:840} INFO - DAG(s) 'example_branch_labels' retrieved from /home/airflow/.local/lib/python3.8/site-packages/airflow/example_dags/example_branch_labels.py
[2025-07-09T19:55:23.672+0000] {logging_mixin.py:188} INFO - [2025-07-09T19:55:23.672+0000] {dag.py:3036} INFO - Sync 1 DAGs
[2025-07-09T19:55:23.701+0000] {logging_mixin.py:188} INFO - [2025-07-09T19:55:23.700+0000] {dag.py:3823} INFO - Setting next_dagrun for example_branch_labels to 2025-07-08 00:00:00+00:00, run_after=2025-07-09 00:00:00+00:00
[2025-07-09T19:55:23.726+0000] {processor.py:183} INFO - Processing /home/airflow/.local/lib/python3.8/site-packages/airflow/example_dags/example_branch_labels.py took 0.105 seconds
[2025-07-09T19:55:53.838+0000] {processor.py:161} INFO - Started process (PID=237) to work on /home/airflow/.local/lib/python3.8/site-packages/airflow/example_dags/example_branch_labels.py
[2025-07-09T19:55:53.840+0000] {processor.py:830} INFO - Processing file /home/airflow/.local/lib/python3.8/site-packages/airflow/example_dags/example_branch_labels.py for tasks to queue
[2025-07-09T19:55:53.843+0000] {logging_mixin.py:188} INFO - [2025-07-09T19:55:53.842+0000] {dagbag.py:538} INFO - Filling up the DagBag from /home/airflow/.local/lib/python3.8/site-packages/airflow/example_dags/example_branch_labels.py
[2025-07-09T19:55:53.859+0000] {processor.py:840} INFO - DAG(s) 'example_branch_labels' retrieved from /home/airflow/.local/lib/python3.8/site-packages/airflow/example_dags/example_branch_labels.py
[2025-07-09T19:55:53.899+0000] {logging_mixin.py:188} INFO - [2025-07-09T19:55:53.899+0000] {dag.py:3036} INFO - Sync 1 DAGs
[2025-07-09T19:55:53.926+0000] {logging_mixin.py:188} INFO - [2025-07-09T19:55:53.926+0000] {dag.py:3823} INFO - Setting next_dagrun for example_branch_labels to 2025-07-08 00:00:00+00:00, run_after=2025-07-09 00:00:00+00:00
[2025-07-09T19:55:53.955+0000] {processor.py:183} INFO - Processing /home/airflow/.local/lib/python3.8/site-packages/airflow/example_dags/example_branch_labels.py took 0.121 seconds
[2025-07-09T19:56:25.075+0000] {processor.py:161} INFO - Started process (PID=299) to work on /home/airflow/.local/lib/python3.8/site-packages/airflow/example_dags/example_branch_labels.py
[2025-07-09T19:56:25.077+0000] {processor.py:830} INFO - Processing file /home/airflow/.local/lib/python3.8/site-packages/airflow/example_dags/example_branch_labels.py for tasks to queue
[2025-07-09T19:56:25.080+0000] {logging_mixin.py:188} INFO - [2025-07-09T19:56:25.079+0000] {dagbag.py:538} INFO - Filling up the DagBag from /home/airflow/.local/lib/python3.8/site-packages/airflow/example_dags/example_branch_labels.py
[2025-07-09T19:56:25.090+0000] {processor.py:840} INFO - DAG(s) 'example_branch_labels' retrieved from /home/airflow/.local/lib/python3.8/site-packages/airflow/example_dags/example_branch_labels.py
[2025-07-09T19:56:25.121+0000] {logging_mixin.py:188} INFO - [2025-07-09T19:56:25.120+0000] {dag.py:3036} INFO - Sync 1 DAGs
[2025-07-09T19:56:25.147+0000] {logging_mixin.py:188} INFO - [2025-07-09T19:56:25.147+0000] {dag.py:3823} INFO - Setting next_dagrun for example_branch_labels to 2025-07-08 00:00:00+00:00, run_after=2025-07-09 00:00:00+00:00
[2025-07-09T19:56:25.175+0000] {processor.py:183} INFO - Processing /home/airflow/.local/lib/python3.8/site-packages/airflow/example_dags/example_branch_labels.py took 0.104 seconds
[2025-07-09T19:56:55.249+0000] {processor.py:161} INFO - Started process (PID=359) to work on /home/airflow/.local/lib/python3.8/site-packages/airflow/example_dags/example_branch_labels.py
[2025-07-09T19:56:55.251+0000] {processor.py:830} INFO - Processing file /home/airflow/.local/lib/python3.8/site-packages/airflow/example_dags/example_branch_labels.py for tasks to queue
[2025-07-09T19:56:55.253+0000] {logging_mixin.py:188} INFO - [2025-07-09T19:56:55.253+0000] {dagbag.py:538} INFO - Filling up the DagBag from /home/airflow/.local/lib/python3.8/site-packages/airflow/example_dags/example_branch_labels.py
[2025-07-09T19:56:55.263+0000] {processor.py:840} INFO - DAG(s) 'example_branch_labels' retrieved from /home/airflow/.local/lib/python3.8/site-packages/airflow/example_dags/example_branch_labels.py
[2025-07-09T19:56:55.291+0000] {logging_mixin.py:188} INFO - [2025-07-09T19:56:55.291+0000] {dag.py:3036} INFO - Sync 1 DAGs
[2025-07-09T19:56:55.317+0000] {logging_mixin.py:188} INFO - [2025-07-09T19:56:55.317+0000] {dag.py:3823} INFO - Setting next_dagrun for example_branch_labels to 2025-07-08 00:00:00+00:00, run_after=2025-07-09 00:00:00+00:00
[2025-07-09T19:56:55.345+0000] {processor.py:183} INFO - Processing /home/airflow/.local/lib/python3.8/site-packages/airflow/example_dags/example_branch_labels.py took 0.102 seconds
[2025-07-09T19:57:25.638+0000] {processor.py:161} INFO - Started process (PID=416) to work on /home/airflow/.local/lib/python3.8/site-packages/airflow/example_dags/example_branch_labels.py
[2025-07-09T19:57:25.639+0000] {processor.py:830} INFO - Processing file /home/airflow/.local/lib/python3.8/site-packages/airflow/example_dags/example_branch_labels.py for tasks to queue
[2025-07-09T19:57:25.642+0000] {logging_mixin.py:188} INFO - [2025-07-09T19:57:25.642+0000] {dagbag.py:538} INFO - Filling up the DagBag from /home/airflow/.local/lib/python3.8/site-packages/airflow/example_dags/example_branch_labels.py
[2025-07-09T19:57:25.652+0000] {processor.py:840} INFO - DAG(s) 'example_branch_labels' retrieved from /home/airflow/.local/lib/python3.8/site-packages/airflow/example_dags/example_branch_labels.py
[2025-07-09T19:57:25.681+0000] {logging_mixin.py:188} INFO - [2025-07-09T19:57:25.681+0000] {dag.py:3036} INFO - Sync 1 DAGs
[2025-07-09T19:57:25.707+0000] {logging_mixin.py:188} INFO - [2025-07-09T19:57:25.707+0000] {dag.py:3823} INFO - Setting next_dagrun for example_branch_labels to 2025-07-08 00:00:00+00:00, run_after=2025-07-09 00:00:00+00:00
[2025-07-09T19:57:25.732+0000] {processor.py:183} INFO - Processing /home/airflow/.local/lib/python3.8/site-packages/airflow/example_dags/example_branch_labels.py took 0.098 seconds
[2025-07-09T19:57:56.067+0000] {processor.py:161} INFO - Started process (PID=483) to work on /home/airflow/.local/lib/python3.8/site-packages/airflow/example_dags/example_branch_labels.py
[2025-07-09T19:57:56.078+0000] {processor.py:830} INFO - Processing file /home/airflow/.local/lib/python3.8/site-packages/airflow/example_dags/example_branch_labels.py for tasks to queue
[2025-07-09T19:57:56.082+0000] {logging_mixin.py:188} INFO - [2025-07-09T19:57:56.081+0000] {dagbag.py:538} INFO - Filling up the DagBag from /home/airflow/.local/lib/python3.8/site-packages/airflow/example_dags/example_branch_labels.py
[2025-07-09T19:57:56.101+0000] {processor.py:840} INFO - DAG(s) 'example_branch_labels' retrieved from /home/airflow/.local/lib/python3.8/site-packages/airflow/example_dags/example_branch_labels.py
[2025-07-09T19:57:56.133+0000] {logging_mixin.py:188} INFO - [2025-07-09T19:57:56.132+0000] {dag.py:3036} INFO - Sync 1 DAGs
[2025-07-09T19:57:56.160+0000] {logging_mixin.py:188} INFO - [2025-07-09T19:57:56.160+0000] {dag.py:3823} INFO - Setting next_dagrun for example_branch_labels to 2025-07-08 00:00:00+00:00, run_after=2025-07-09 00:00:00+00:00
[2025-07-09T19:57:56.188+0000] {processor.py:183} INFO - Processing /home/airflow/.local/lib/python3.8/site-packages/airflow/example_dags/example_branch_labels.py took 0.127 seconds
[2025-07-09T19:58:26.809+0000] {processor.py:161} INFO - Started process (PID=540) to work on /home/airflow/.local/lib/python3.8/site-packages/airflow/example_dags/example_branch_labels.py
[2025-07-09T19:58:26.811+0000] {processor.py:830} INFO - Processing file /home/airflow/.local/lib/python3.8/site-packages/airflow/example_dags/example_branch_labels.py for tasks to queue
[2025-07-09T19:58:26.813+0000] {logging_mixin.py:188} INFO - [2025-07-09T19:58:26.813+0000] {dagbag.py:538} INFO - Filling up the DagBag from /home/airflow/.local/lib/python3.8/site-packages/airflow/example_dags/example_branch_labels.py
[2025-07-09T19:58:26.824+0000] {processor.py:840} INFO - DAG(s) 'example_branch_labels' retrieved from /home/airflow/.local/lib/python3.8/site-packages/airflow/example_dags/example_branch_labels.py
[2025-07-09T19:58:26.853+0000] {logging_mixin.py:188} INFO - [2025-07-09T19:58:26.852+0000] {dag.py:3036} INFO - Sync 1 DAGs
[2025-07-09T19:58:26.881+0000] {logging_mixin.py:188} INFO - [2025-07-09T19:58:26.881+0000] {dag.py:3823} INFO - Setting next_dagrun for example_branch_labels to 2025-07-08 00:00:00+00:00, run_after=2025-07-09 00:00:00+00:00
[2025-07-09T19:58:26.914+0000] {processor.py:183} INFO - Processing /home/airflow/.local/lib/python3.8/site-packages/airflow/example_dags/example_branch_labels.py took 0.109 seconds
[2025-07-09T19:58:57.671+0000] {processor.py:161} INFO - Started process (PID=602) to work on /home/airflow/.local/lib/python3.8/site-packages/airflow/example_dags/example_branch_labels.py
[2025-07-09T19:58:57.673+0000] {processor.py:830} INFO - Processing file /home/airflow/.local/lib/python3.8/site-packages/airflow/example_dags/example_branch_labels.py for tasks to queue
[2025-07-09T19:58:57.677+0000] {logging_mixin.py:188} INFO - [2025-07-09T19:58:57.676+0000] {dagbag.py:538} INFO - Filling up the DagBag from /home/airflow/.local/lib/python3.8/site-packages/airflow/example_dags/example_branch_labels.py
[2025-07-09T19:58:57.688+0000] {processor.py:840} INFO - DAG(s) 'example_branch_labels' retrieved from /home/airflow/.local/lib/python3.8/site-packages/airflow/example_dags/example_branch_labels.py
[2025-07-09T19:58:57.727+0000] {logging_mixin.py:188} INFO - [2025-07-09T19:58:57.726+0000] {dag.py:3036} INFO - Sync 1 DAGs
[2025-07-09T19:58:57.765+0000] {logging_mixin.py:188} INFO - [2025-07-09T19:58:57.764+0000] {dag.py:3823} INFO - Setting next_dagrun for example_branch_labels to 2025-07-08 00:00:00+00:00, run_after=2025-07-09 00:00:00+00:00
[2025-07-09T19:58:57.802+0000] {processor.py:183} INFO - Processing /home/airflow/.local/lib/python3.8/site-packages/airflow/example_dags/example_branch_labels.py took 0.136 seconds
[2025-07-09T19:59:28.423+0000] {processor.py:161} INFO - Started process (PID=658) to work on /home/airflow/.local/lib/python3.8/site-packages/airflow/example_dags/example_branch_labels.py
[2025-07-09T19:59:28.425+0000] {processor.py:830} INFO - Processing file /home/airflow/.local/lib/python3.8/site-packages/airflow/example_dags/example_branch_labels.py for tasks to queue
[2025-07-09T19:59:28.429+0000] {logging_mixin.py:188} INFO - [2025-07-09T19:59:28.428+0000] {dagbag.py:538} INFO - Filling up the DagBag from /home/airflow/.local/lib/python3.8/site-packages/airflow/example_dags/example_branch_labels.py
[2025-07-09T19:59:28.442+0000] {processor.py:840} INFO - DAG(s) 'example_branch_labels' retrieved from /home/airflow/.local/lib/python3.8/site-packages/airflow/example_dags/example_branch_labels.py
[2025-07-09T19:59:28.475+0000] {logging_mixin.py:188} INFO - [2025-07-09T19:59:28.475+0000] {dag.py:3036} INFO - Sync 1 DAGs
[2025-07-09T19:59:28.503+0000] {logging_mixin.py:188} INFO - [2025-07-09T19:59:28.502+0000] {dag.py:3823} INFO - Setting next_dagrun for example_branch_labels to 2025-07-08 00:00:00+00:00, run_after=2025-07-09 00:00:00+00:00
[2025-07-09T19:59:28.531+0000] {processor.py:183} INFO - Processing /home/airflow/.local/lib/python3.8/site-packages/airflow/example_dags/example_branch_labels.py took 0.114 seconds
[2025-07-09T19:59:58.753+0000] {processor.py:161} INFO - Started process (PID=714) to work on /home/airflow/.local/lib/python3.8/site-packages/airflow/example_dags/example_branch_labels.py
[2025-07-09T19:59:58.754+0000] {processor.py:830} INFO - Processing file /home/airflow/.local/lib/python3.8/site-packages/airflow/example_dags/example_branch_labels.py for tasks to queue
[2025-07-09T19:59:58.757+0000] {logging_mixin.py:188} INFO - [2025-07-09T19:59:58.757+0000] {dagbag.py:538} INFO - Filling up the DagBag from /home/airflow/.local/lib/python3.8/site-packages/airflow/example_dags/example_branch_labels.py
[2025-07-09T19:59:58.768+0000] {processor.py:840} INFO - DAG(s) 'example_branch_labels' retrieved from /home/airflow/.local/lib/python3.8/site-packages/airflow/example_dags/example_branch_labels.py
[2025-07-09T19:59:58.797+0000] {logging_mixin.py:188} INFO - [2025-07-09T19:59:58.796+0000] {dag.py:3036} INFO - Sync 1 DAGs
[2025-07-09T19:59:58.826+0000] {logging_mixin.py:188} INFO - [2025-07-09T19:59:58.826+0000] {dag.py:3823} INFO - Setting next_dagrun for example_branch_labels to 2025-07-08 00:00:00+00:00, run_after=2025-07-09 00:00:00+00:00
[2025-07-09T19:59:58.860+0000] {processor.py:183} INFO - Processing /home/airflow/.local/lib/python3.8/site-packages/airflow/example_dags/example_branch_labels.py took 0.113 seconds
[2025-07-09T20:00:29.163+0000] {processor.py:161} INFO - Started process (PID=771) to work on /home/airflow/.local/lib/python3.8/site-packages/airflow/example_dags/example_branch_labels.py
[2025-07-09T20:00:29.165+0000] {processor.py:830} INFO - Processing file /home/airflow/.local/lib/python3.8/site-packages/airflow/example_dags/example_branch_labels.py for tasks to queue
[2025-07-09T20:00:29.168+0000] {logging_mixin.py:188} INFO - [2025-07-09T20:00:29.167+0000] {dagbag.py:538} INFO - Filling up the DagBag from /home/airflow/.local/lib/python3.8/site-packages/airflow/example_dags/example_branch_labels.py
[2025-07-09T20:00:29.179+0000] {processor.py:840} INFO - DAG(s) 'example_branch_labels' retrieved from /home/airflow/.local/lib/python3.8/site-packages/airflow/example_dags/example_branch_labels.py
[2025-07-09T20:00:29.208+0000] {logging_mixin.py:188} INFO - [2025-07-09T20:00:29.208+0000] {dag.py:3036} INFO - Sync 1 DAGs
[2025-07-09T20:00:29.234+0000] {logging_mixin.py:188} INFO - [2025-07-09T20:00:29.234+0000] {dag.py:3823} INFO - Setting next_dagrun for example_branch_labels to 2025-07-08 00:00:00+00:00, run_after=2025-07-09 00:00:00+00:00
[2025-07-09T20:00:29.265+0000] {processor.py:183} INFO - Processing /home/airflow/.local/lib/python3.8/site-packages/airflow/example_dags/example_branch_labels.py took 0.109 seconds
[2025-07-09T22:49:00.356+0000] {processor.py:161} INFO - Started process (PID=820) to work on /home/airflow/.local/lib/python3.8/site-packages/airflow/example_dags/example_branch_labels.py
[2025-07-09T22:49:00.358+0000] {processor.py:830} INFO - Processing file /home/airflow/.local/lib/python3.8/site-packages/airflow/example_dags/example_branch_labels.py for tasks to queue
[2025-07-09T22:49:00.363+0000] {logging_mixin.py:188} INFO - [2025-07-09T22:49:00.362+0000] {dagbag.py:538} INFO - Filling up the DagBag from /home/airflow/.local/lib/python3.8/site-packages/airflow/example_dags/example_branch_labels.py
[2025-07-09T22:49:00.379+0000] {processor.py:840} INFO - DAG(s) 'example_branch_labels' retrieved from /home/airflow/.local/lib/python3.8/site-packages/airflow/example_dags/example_branch_labels.py
[2025-07-09T22:49:00.435+0000] {logging_mixin.py:188} INFO - [2025-07-09T22:49:00.434+0000] {dag.py:3036} INFO - Sync 1 DAGs
[2025-07-09T22:49:00.485+0000] {logging_mixin.py:188} INFO - [2025-07-09T22:49:00.485+0000] {dag.py:3823} INFO - Setting next_dagrun for example_branch_labels to 2025-07-08 00:00:00+00:00, run_after=2025-07-09 00:00:00+00:00
[2025-07-09T22:49:00.533+0000] {processor.py:183} INFO - Processing /home/airflow/.local/lib/python3.8/site-packages/airflow/example_dags/example_branch_labels.py took 0.185 seconds
[2025-07-09T22:49:31.112+0000] {processor.py:161} INFO - Started process (PID=876) to work on /home/airflow/.local/lib/python3.8/site-packages/airflow/example_dags/example_branch_labels.py
[2025-07-09T22:49:31.114+0000] {processor.py:830} INFO - Processing file /home/airflow/.local/lib/python3.8/site-packages/airflow/example_dags/example_branch_labels.py for tasks to queue
[2025-07-09T22:49:31.117+0000] {logging_mixin.py:188} INFO - [2025-07-09T22:49:31.117+0000] {dagbag.py:538} INFO - Filling up the DagBag from /home/airflow/.local/lib/python3.8/site-packages/airflow/example_dags/example_branch_labels.py
[2025-07-09T22:49:31.128+0000] {processor.py:840} INFO - DAG(s) 'example_branch_labels' retrieved from /home/airflow/.local/lib/python3.8/site-packages/airflow/example_dags/example_branch_labels.py
[2025-07-09T22:49:31.163+0000] {logging_mixin.py:188} INFO - [2025-07-09T22:49:31.162+0000] {dag.py:3036} INFO - Sync 1 DAGs
[2025-07-09T22:49:31.194+0000] {logging_mixin.py:188} INFO - [2025-07-09T22:49:31.193+0000] {dag.py:3823} INFO - Setting next_dagrun for example_branch_labels to 2025-07-08 00:00:00+00:00, run_after=2025-07-09 00:00:00+00:00
[2025-07-09T22:49:31.225+0000] {processor.py:183} INFO - Processing /home/airflow/.local/lib/python3.8/site-packages/airflow/example_dags/example_branch_labels.py took 0.117 seconds
[2025-07-09T22:50:01.584+0000] {processor.py:161} INFO - Started process (PID=934) to work on /home/airflow/.local/lib/python3.8/site-packages/airflow/example_dags/example_branch_labels.py
[2025-07-09T22:50:01.586+0000] {processor.py:830} INFO - Processing file /home/airflow/.local/lib/python3.8/site-packages/airflow/example_dags/example_branch_labels.py for tasks to queue
[2025-07-09T22:50:01.589+0000] {logging_mixin.py:188} INFO - [2025-07-09T22:50:01.589+0000] {dagbag.py:538} INFO - Filling up the DagBag from /home/airflow/.local/lib/python3.8/site-packages/airflow/example_dags/example_branch_labels.py
[2025-07-09T22:50:01.601+0000] {processor.py:840} INFO - DAG(s) 'example_branch_labels' retrieved from /home/airflow/.local/lib/python3.8/site-packages/airflow/example_dags/example_branch_labels.py
[2025-07-09T22:50:01.633+0000] {logging_mixin.py:188} INFO - [2025-07-09T22:50:01.633+0000] {dag.py:3036} INFO - Sync 1 DAGs
[2025-07-09T22:50:01.663+0000] {logging_mixin.py:188} INFO - [2025-07-09T22:50:01.663+0000] {dag.py:3823} INFO - Setting next_dagrun for example_branch_labels to 2025-07-08 00:00:00+00:00, run_after=2025-07-09 00:00:00+00:00
[2025-07-09T22:50:01.690+0000] {processor.py:183} INFO - Processing /home/airflow/.local/lib/python3.8/site-packages/airflow/example_dags/example_branch_labels.py took 0.111 seconds
[2025-07-09T22:50:31.897+0000] {processor.py:161} INFO - Started process (PID=991) to work on /home/airflow/.local/lib/python3.8/site-packages/airflow/example_dags/example_branch_labels.py
[2025-07-09T22:50:31.899+0000] {processor.py:830} INFO - Processing file /home/airflow/.local/lib/python3.8/site-packages/airflow/example_dags/example_branch_labels.py for tasks to queue
[2025-07-09T22:50:31.902+0000] {logging_mixin.py:188} INFO - [2025-07-09T22:50:31.901+0000] {dagbag.py:538} INFO - Filling up the DagBag from /home/airflow/.local/lib/python3.8/site-packages/airflow/example_dags/example_branch_labels.py
[2025-07-09T22:50:31.918+0000] {processor.py:840} INFO - DAG(s) 'example_branch_labels' retrieved from /home/airflow/.local/lib/python3.8/site-packages/airflow/example_dags/example_branch_labels.py
[2025-07-09T22:50:31.966+0000] {logging_mixin.py:188} INFO - [2025-07-09T22:50:31.966+0000] {dag.py:3036} INFO - Sync 1 DAGs
[2025-07-09T22:50:31.997+0000] {logging_mixin.py:188} INFO - [2025-07-09T22:50:31.996+0000] {dag.py:3823} INFO - Setting next_dagrun for example_branch_labels to 2025-07-08 00:00:00+00:00, run_after=2025-07-09 00:00:00+00:00
[2025-07-09T22:50:32.023+0000] {processor.py:183} INFO - Processing /home/airflow/.local/lib/python3.8/site-packages/airflow/example_dags/example_branch_labels.py took 0.132 seconds
[2025-07-09T22:51:02.445+0000] {processor.py:161} INFO - Started process (PID=1048) to work on /home/airflow/.local/lib/python3.8/site-packages/airflow/example_dags/example_branch_labels.py
[2025-07-09T22:51:02.447+0000] {processor.py:830} INFO - Processing file /home/airflow/.local/lib/python3.8/site-packages/airflow/example_dags/example_branch_labels.py for tasks to queue
[2025-07-09T22:51:02.450+0000] {logging_mixin.py:188} INFO - [2025-07-09T22:51:02.450+0000] {dagbag.py:538} INFO - Filling up the DagBag from /home/airflow/.local/lib/python3.8/site-packages/airflow/example_dags/example_branch_labels.py
[2025-07-09T22:51:02.461+0000] {processor.py:840} INFO - DAG(s) 'example_branch_labels' retrieved from /home/airflow/.local/lib/python3.8/site-packages/airflow/example_dags/example_branch_labels.py
[2025-07-09T22:51:02.492+0000] {logging_mixin.py:188} INFO - [2025-07-09T22:51:02.491+0000] {dag.py:3036} INFO - Sync 1 DAGs
[2025-07-09T22:51:02.518+0000] {logging_mixin.py:188} INFO - [2025-07-09T22:51:02.517+0000] {dag.py:3823} INFO - Setting next_dagrun for example_branch_labels to 2025-07-08 00:00:00+00:00, run_after=2025-07-09 00:00:00+00:00
[2025-07-09T22:51:02.546+0000] {processor.py:183} INFO - Processing /home/airflow/.local/lib/python3.8/site-packages/airflow/example_dags/example_branch_labels.py took 0.104 seconds
[2025-07-09T22:51:33.135+0000] {processor.py:161} INFO - Started process (PID=1105) to work on /home/airflow/.local/lib/python3.8/site-packages/airflow/example_dags/example_branch_labels.py
[2025-07-09T22:51:33.138+0000] {processor.py:830} INFO - Processing file /home/airflow/.local/lib/python3.8/site-packages/airflow/example_dags/example_branch_labels.py for tasks to queue
[2025-07-09T22:51:33.141+0000] {logging_mixin.py:188} INFO - [2025-07-09T22:51:33.140+0000] {dagbag.py:538} INFO - Filling up the DagBag from /home/airflow/.local/lib/python3.8/site-packages/airflow/example_dags/example_branch_labels.py
[2025-07-09T22:51:33.151+0000] {processor.py:840} INFO - DAG(s) 'example_branch_labels' retrieved from /home/airflow/.local/lib/python3.8/site-packages/airflow/example_dags/example_branch_labels.py
[2025-07-09T22:51:33.181+0000] {logging_mixin.py:188} INFO - [2025-07-09T22:51:33.181+0000] {dag.py:3036} INFO - Sync 1 DAGs
[2025-07-09T22:51:33.210+0000] {logging_mixin.py:188} INFO - [2025-07-09T22:51:33.210+0000] {dag.py:3823} INFO - Setting next_dagrun for example_branch_labels to 2025-07-08 00:00:00+00:00, run_after=2025-07-09 00:00:00+00:00
[2025-07-09T22:51:33.238+0000] {processor.py:183} INFO - Processing /home/airflow/.local/lib/python3.8/site-packages/airflow/example_dags/example_branch_labels.py took 0.107 seconds
[2025-07-09T22:52:03.517+0000] {processor.py:161} INFO - Started process (PID=1162) to work on /home/airflow/.local/lib/python3.8/site-packages/airflow/example_dags/example_branch_labels.py
[2025-07-09T22:52:03.519+0000] {processor.py:830} INFO - Processing file /home/airflow/.local/lib/python3.8/site-packages/airflow/example_dags/example_branch_labels.py for tasks to queue
[2025-07-09T22:52:03.524+0000] {logging_mixin.py:188} INFO - [2025-07-09T22:52:03.524+0000] {dagbag.py:538} INFO - Filling up the DagBag from /home/airflow/.local/lib/python3.8/site-packages/airflow/example_dags/example_branch_labels.py
[2025-07-09T22:52:03.546+0000] {processor.py:840} INFO - DAG(s) 'example_branch_labels' retrieved from /home/airflow/.local/lib/python3.8/site-packages/airflow/example_dags/example_branch_labels.py
[2025-07-09T22:52:03.592+0000] {logging_mixin.py:188} INFO - [2025-07-09T22:52:03.592+0000] {dag.py:3036} INFO - Sync 1 DAGs
[2025-07-09T22:52:03.627+0000] {logging_mixin.py:188} INFO - [2025-07-09T22:52:03.627+0000] {dag.py:3823} INFO - Setting next_dagrun for example_branch_labels to 2025-07-08 00:00:00+00:00, run_after=2025-07-09 00:00:00+00:00
[2025-07-09T22:52:03.658+0000] {processor.py:183} INFO - Processing /home/airflow/.local/lib/python3.8/site-packages/airflow/example_dags/example_branch_labels.py took 0.149 seconds
[2025-07-09T22:52:33.851+0000] {processor.py:161} INFO - Started process (PID=1219) to work on /home/airflow/.local/lib/python3.8/site-packages/airflow/example_dags/example_branch_labels.py
[2025-07-09T22:52:33.853+0000] {processor.py:830} INFO - Processing file /home/airflow/.local/lib/python3.8/site-packages/airflow/example_dags/example_branch_labels.py for tasks to queue
[2025-07-09T22:52:33.856+0000] {logging_mixin.py:188} INFO - [2025-07-09T22:52:33.856+0000] {dagbag.py:538} INFO - Filling up the DagBag from /home/airflow/.local/lib/python3.8/site-packages/airflow/example_dags/example_branch_labels.py
[2025-07-09T22:52:33.869+0000] {processor.py:840} INFO - DAG(s) 'example_branch_labels' retrieved from /home/airflow/.local/lib/python3.8/site-packages/airflow/example_dags/example_branch_labels.py
[2025-07-09T22:52:33.899+0000] {logging_mixin.py:188} INFO - [2025-07-09T22:52:33.899+0000] {dag.py:3036} INFO - Sync 1 DAGs
[2025-07-09T22:52:33.927+0000] {logging_mixin.py:188} INFO - [2025-07-09T22:52:33.927+0000] {dag.py:3823} INFO - Setting next_dagrun for example_branch_labels to 2025-07-08 00:00:00+00:00, run_after=2025-07-09 00:00:00+00:00
[2025-07-09T22:52:33.955+0000] {processor.py:183} INFO - Processing /home/airflow/.local/lib/python3.8/site-packages/airflow/example_dags/example_branch_labels.py took 0.109 seconds
[2025-07-09T22:53:04.528+0000] {processor.py:161} INFO - Started process (PID=1276) to work on /home/airflow/.local/lib/python3.8/site-packages/airflow/example_dags/example_branch_labels.py
[2025-07-09T22:53:04.530+0000] {processor.py:830} INFO - Processing file /home/airflow/.local/lib/python3.8/site-packages/airflow/example_dags/example_branch_labels.py for tasks to queue
[2025-07-09T22:53:04.535+0000] {logging_mixin.py:188} INFO - [2025-07-09T22:53:04.534+0000] {dagbag.py:538} INFO - Filling up the DagBag from /home/airflow/.local/lib/python3.8/site-packages/airflow/example_dags/example_branch_labels.py
[2025-07-09T22:53:04.551+0000] {processor.py:840} INFO - DAG(s) 'example_branch_labels' retrieved from /home/airflow/.local/lib/python3.8/site-packages/airflow/example_dags/example_branch_labels.py
[2025-07-09T22:53:04.586+0000] {logging_mixin.py:188} INFO - [2025-07-09T22:53:04.585+0000] {dag.py:3036} INFO - Sync 1 DAGs
[2025-07-09T22:53:04.616+0000] {logging_mixin.py:188} INFO - [2025-07-09T22:53:04.615+0000] {dag.py:3823} INFO - Setting next_dagrun for example_branch_labels to 2025-07-08 00:00:00+00:00, run_after=2025-07-09 00:00:00+00:00
[2025-07-09T22:53:04.656+0000] {processor.py:183} INFO - Processing /home/airflow/.local/lib/python3.8/site-packages/airflow/example_dags/example_branch_labels.py took 0.136 seconds
[2025-07-09T22:53:35.406+0000] {processor.py:161} INFO - Started process (PID=1332) to work on /home/airflow/.local/lib/python3.8/site-packages/airflow/example_dags/example_branch_labels.py
[2025-07-09T22:53:35.409+0000] {processor.py:830} INFO - Processing file /home/airflow/.local/lib/python3.8/site-packages/airflow/example_dags/example_branch_labels.py for tasks to queue
[2025-07-09T22:53:35.419+0000] {logging_mixin.py:188} INFO - [2025-07-09T22:53:35.418+0000] {dagbag.py:538} INFO - Filling up the DagBag from /home/airflow/.local/lib/python3.8/site-packages/airflow/example_dags/example_branch_labels.py
[2025-07-09T22:53:35.447+0000] {processor.py:840} INFO - DAG(s) 'example_branch_labels' retrieved from /home/airflow/.local/lib/python3.8/site-packages/airflow/example_dags/example_branch_labels.py
[2025-07-09T22:53:35.487+0000] {logging_mixin.py:188} INFO - [2025-07-09T22:53:35.486+0000] {dag.py:3036} INFO - Sync 1 DAGs
[2025-07-09T22:53:35.525+0000] {logging_mixin.py:188} INFO - [2025-07-09T22:53:35.525+0000] {dag.py:3823} INFO - Setting next_dagrun for example_branch_labels to 2025-07-08 00:00:00+00:00, run_after=2025-07-09 00:00:00+00:00
[2025-07-09T22:53:35.561+0000] {processor.py:183} INFO - Processing /home/airflow/.local/lib/python3.8/site-packages/airflow/example_dags/example_branch_labels.py took 0.161 seconds
[2025-07-09T22:54:05.997+0000] {processor.py:161} INFO - Started process (PID=1388) to work on /home/airflow/.local/lib/python3.8/site-packages/airflow/example_dags/example_branch_labels.py
[2025-07-09T22:54:06.001+0000] {processor.py:830} INFO - Processing file /home/airflow/.local/lib/python3.8/site-packages/airflow/example_dags/example_branch_labels.py for tasks to queue
[2025-07-09T22:54:06.007+0000] {logging_mixin.py:188} INFO - [2025-07-09T22:54:06.006+0000] {dagbag.py:538} INFO - Filling up the DagBag from /home/airflow/.local/lib/python3.8/site-packages/airflow/example_dags/example_branch_labels.py
[2025-07-09T22:54:06.023+0000] {processor.py:840} INFO - DAG(s) 'example_branch_labels' retrieved from /home/airflow/.local/lib/python3.8/site-packages/airflow/example_dags/example_branch_labels.py
[2025-07-09T22:54:06.065+0000] {logging_mixin.py:188} INFO - [2025-07-09T22:54:06.064+0000] {dag.py:3036} INFO - Sync 1 DAGs
[2025-07-09T22:54:06.102+0000] {logging_mixin.py:188} INFO - [2025-07-09T22:54:06.102+0000] {dag.py:3823} INFO - Setting next_dagrun for example_branch_labels to 2025-07-08 00:00:00+00:00, run_after=2025-07-09 00:00:00+00:00
[2025-07-09T22:54:06.128+0000] {processor.py:183} INFO - Processing /home/airflow/.local/lib/python3.8/site-packages/airflow/example_dags/example_branch_labels.py took 0.149 seconds
[2025-07-09T22:54:36.511+0000] {processor.py:161} INFO - Started process (PID=1451) to work on /home/airflow/.local/lib/python3.8/site-packages/airflow/example_dags/example_branch_labels.py
[2025-07-09T22:54:36.513+0000] {processor.py:830} INFO - Processing file /home/airflow/.local/lib/python3.8/site-packages/airflow/example_dags/example_branch_labels.py for tasks to queue
[2025-07-09T22:54:36.516+0000] {logging_mixin.py:188} INFO - [2025-07-09T22:54:36.516+0000] {dagbag.py:538} INFO - Filling up the DagBag from /home/airflow/.local/lib/python3.8/site-packages/airflow/example_dags/example_branch_labels.py
[2025-07-09T22:54:36.526+0000] {processor.py:840} INFO - DAG(s) 'example_branch_labels' retrieved from /home/airflow/.local/lib/python3.8/site-packages/airflow/example_dags/example_branch_labels.py
[2025-07-09T22:54:36.556+0000] {logging_mixin.py:188} INFO - [2025-07-09T22:54:36.556+0000] {dag.py:3036} INFO - Sync 1 DAGs
[2025-07-09T22:54:36.588+0000] {logging_mixin.py:188} INFO - [2025-07-09T22:54:36.588+0000] {dag.py:3823} INFO - Setting next_dagrun for example_branch_labels to 2025-07-08 00:00:00+00:00, run_after=2025-07-09 00:00:00+00:00
[2025-07-09T22:54:36.619+0000] {processor.py:183} INFO - Processing /home/airflow/.local/lib/python3.8/site-packages/airflow/example_dags/example_branch_labels.py took 0.112 seconds
[2025-07-09T22:55:06.755+0000] {processor.py:161} INFO - Started process (PID=1508) to work on /home/airflow/.local/lib/python3.8/site-packages/airflow/example_dags/example_branch_labels.py
[2025-07-09T22:55:06.757+0000] {processor.py:830} INFO - Processing file /home/airflow/.local/lib/python3.8/site-packages/airflow/example_dags/example_branch_labels.py for tasks to queue
[2025-07-09T22:55:06.761+0000] {logging_mixin.py:188} INFO - [2025-07-09T22:55:06.761+0000] {dagbag.py:538} INFO - Filling up the DagBag from /home/airflow/.local/lib/python3.8/site-packages/airflow/example_dags/example_branch_labels.py
[2025-07-09T22:55:06.776+0000] {processor.py:840} INFO - DAG(s) 'example_branch_labels' retrieved from /home/airflow/.local/lib/python3.8/site-packages/airflow/example_dags/example_branch_labels.py
[2025-07-09T22:55:06.821+0000] {logging_mixin.py:188} INFO - [2025-07-09T22:55:06.820+0000] {dag.py:3036} INFO - Sync 1 DAGs
[2025-07-09T22:55:06.863+0000] {logging_mixin.py:188} INFO - [2025-07-09T22:55:06.862+0000] {dag.py:3823} INFO - Setting next_dagrun for example_branch_labels to 2025-07-08 00:00:00+00:00, run_after=2025-07-09 00:00:00+00:00
[2025-07-09T22:55:06.894+0000] {processor.py:183} INFO - Processing /home/airflow/.local/lib/python3.8/site-packages/airflow/example_dags/example_branch_labels.py took 0.148 seconds
[2025-07-09T22:55:37.228+0000] {processor.py:161} INFO - Started process (PID=1565) to work on /home/airflow/.local/lib/python3.8/site-packages/airflow/example_dags/example_branch_labels.py
[2025-07-09T22:55:37.231+0000] {processor.py:830} INFO - Processing file /home/airflow/.local/lib/python3.8/site-packages/airflow/example_dags/example_branch_labels.py for tasks to queue
[2025-07-09T22:55:37.236+0000] {logging_mixin.py:188} INFO - [2025-07-09T22:55:37.235+0000] {dagbag.py:538} INFO - Filling up the DagBag from /home/airflow/.local/lib/python3.8/site-packages/airflow/example_dags/example_branch_labels.py
[2025-07-09T22:55:37.252+0000] {processor.py:840} INFO - DAG(s) 'example_branch_labels' retrieved from /home/airflow/.local/lib/python3.8/site-packages/airflow/example_dags/example_branch_labels.py
[2025-07-09T22:55:37.286+0000] {logging_mixin.py:188} INFO - [2025-07-09T22:55:37.285+0000] {dag.py:3036} INFO - Sync 1 DAGs
[2025-07-09T22:55:37.319+0000] {logging_mixin.py:188} INFO - [2025-07-09T22:55:37.319+0000] {dag.py:3823} INFO - Setting next_dagrun for example_branch_labels to 2025-07-08 00:00:00+00:00, run_after=2025-07-09 00:00:00+00:00
[2025-07-09T22:55:37.353+0000] {processor.py:183} INFO - Processing /home/airflow/.local/lib/python3.8/site-packages/airflow/example_dags/example_branch_labels.py took 0.132 seconds
[2025-07-09T22:56:07.446+0000] {processor.py:161} INFO - Started process (PID=1622) to work on /home/airflow/.local/lib/python3.8/site-packages/airflow/example_dags/example_branch_labels.py
[2025-07-09T22:56:07.448+0000] {processor.py:830} INFO - Processing file /home/airflow/.local/lib/python3.8/site-packages/airflow/example_dags/example_branch_labels.py for tasks to queue
[2025-07-09T22:56:07.452+0000] {logging_mixin.py:188} INFO - [2025-07-09T22:56:07.451+0000] {dagbag.py:538} INFO - Filling up the DagBag from /home/airflow/.local/lib/python3.8/site-packages/airflow/example_dags/example_branch_labels.py
[2025-07-09T22:56:07.464+0000] {processor.py:840} INFO - DAG(s) 'example_branch_labels' retrieved from /home/airflow/.local/lib/python3.8/site-packages/airflow/example_dags/example_branch_labels.py
[2025-07-09T22:56:07.497+0000] {logging_mixin.py:188} INFO - [2025-07-09T22:56:07.497+0000] {dag.py:3036} INFO - Sync 1 DAGs
[2025-07-09T22:56:07.524+0000] {logging_mixin.py:188} INFO - [2025-07-09T22:56:07.524+0000] {dag.py:3823} INFO - Setting next_dagrun for example_branch_labels to 2025-07-08 00:00:00+00:00, run_after=2025-07-09 00:00:00+00:00
[2025-07-09T22:56:07.553+0000] {processor.py:183} INFO - Processing /home/airflow/.local/lib/python3.8/site-packages/airflow/example_dags/example_branch_labels.py took 0.113 seconds
[2025-07-09T23:01:51.614+0000] {processor.py:161} INFO - Started process (PID=74) to work on /home/airflow/.local/lib/python3.8/site-packages/airflow/example_dags/example_branch_labels.py
[2025-07-09T23:01:51.617+0000] {processor.py:830} INFO - Processing file /home/airflow/.local/lib/python3.8/site-packages/airflow/example_dags/example_branch_labels.py for tasks to queue
[2025-07-09T23:01:51.621+0000] {logging_mixin.py:188} INFO - [2025-07-09T23:01:51.620+0000] {dagbag.py:538} INFO - Filling up the DagBag from /home/airflow/.local/lib/python3.8/site-packages/airflow/example_dags/example_branch_labels.py
[2025-07-09T23:01:51.641+0000] {processor.py:840} INFO - DAG(s) 'example_branch_labels' retrieved from /home/airflow/.local/lib/python3.8/site-packages/airflow/example_dags/example_branch_labels.py
[2025-07-09T23:01:51.876+0000] {logging_mixin.py:188} INFO - [2025-07-09T23:01:51.875+0000] {override.py:1769} INFO - Created Permission View: can edit on DAG:example_branch_labels
[2025-07-09T23:01:51.901+0000] {logging_mixin.py:188} INFO - [2025-07-09T23:01:51.900+0000] {override.py:1769} INFO - Created Permission View: can delete on DAG:example_branch_labels
[2025-07-09T23:01:51.919+0000] {logging_mixin.py:188} INFO - [2025-07-09T23:01:51.918+0000] {override.py:1769} INFO - Created Permission View: can read on DAG:example_branch_labels
[2025-07-09T23:01:51.920+0000] {logging_mixin.py:188} INFO - [2025-07-09T23:01:51.920+0000] {dag.py:3036} INFO - Sync 1 DAGs
[2025-07-09T23:01:51.945+0000] {logging_mixin.py:188} INFO - [2025-07-09T23:01:51.945+0000] {dag.py:3058} INFO - Creating ORM DAG for example_branch_labels
[2025-07-09T23:01:51.968+0000] {logging_mixin.py:188} INFO - [2025-07-09T23:01:51.968+0000] {dag.py:3823} INFO - Setting next_dagrun for example_branch_labels to 2025-07-08 00:00:00+00:00, run_after=2025-07-09 00:00:00+00:00
[2025-07-09T23:01:52.007+0000] {processor.py:183} INFO - Processing /home/airflow/.local/lib/python3.8/site-packages/airflow/example_dags/example_branch_labels.py took 0.400 seconds
[2025-07-09T23:02:22.861+0000] {processor.py:161} INFO - Started process (PID=128) to work on /home/airflow/.local/lib/python3.8/site-packages/airflow/example_dags/example_branch_labels.py
[2025-07-09T23:02:22.863+0000] {processor.py:830} INFO - Processing file /home/airflow/.local/lib/python3.8/site-packages/airflow/example_dags/example_branch_labels.py for tasks to queue
[2025-07-09T23:02:22.867+0000] {logging_mixin.py:188} INFO - [2025-07-09T23:02:22.866+0000] {dagbag.py:538} INFO - Filling up the DagBag from /home/airflow/.local/lib/python3.8/site-packages/airflow/example_dags/example_branch_labels.py
[2025-07-09T23:02:22.882+0000] {processor.py:840} INFO - DAG(s) 'example_branch_labels' retrieved from /home/airflow/.local/lib/python3.8/site-packages/airflow/example_dags/example_branch_labels.py
[2025-07-09T23:02:22.915+0000] {logging_mixin.py:188} INFO - [2025-07-09T23:02:22.914+0000] {dag.py:3036} INFO - Sync 1 DAGs
[2025-07-09T23:02:22.946+0000] {logging_mixin.py:188} INFO - [2025-07-09T23:02:22.945+0000] {dag.py:3823} INFO - Setting next_dagrun for example_branch_labels to 2025-07-08 00:00:00+00:00, run_after=2025-07-09 00:00:00+00:00
[2025-07-09T23:02:22.978+0000] {processor.py:183} INFO - Processing /home/airflow/.local/lib/python3.8/site-packages/airflow/example_dags/example_branch_labels.py took 0.124 seconds
[2025-07-09T23:02:53.283+0000] {processor.py:161} INFO - Started process (PID=189) to work on /home/airflow/.local/lib/python3.8/site-packages/airflow/example_dags/example_branch_labels.py
[2025-07-09T23:02:53.285+0000] {processor.py:830} INFO - Processing file /home/airflow/.local/lib/python3.8/site-packages/airflow/example_dags/example_branch_labels.py for tasks to queue
[2025-07-09T23:02:53.289+0000] {logging_mixin.py:188} INFO - [2025-07-09T23:02:53.288+0000] {dagbag.py:538} INFO - Filling up the DagBag from /home/airflow/.local/lib/python3.8/site-packages/airflow/example_dags/example_branch_labels.py
[2025-07-09T23:02:53.303+0000] {processor.py:840} INFO - DAG(s) 'example_branch_labels' retrieved from /home/airflow/.local/lib/python3.8/site-packages/airflow/example_dags/example_branch_labels.py
[2025-07-09T23:02:53.343+0000] {logging_mixin.py:188} INFO - [2025-07-09T23:02:53.342+0000] {dag.py:3036} INFO - Sync 1 DAGs
[2025-07-09T23:02:53.377+0000] {logging_mixin.py:188} INFO - [2025-07-09T23:02:53.376+0000] {dag.py:3823} INFO - Setting next_dagrun for example_branch_labels to 2025-07-08 00:00:00+00:00, run_after=2025-07-09 00:00:00+00:00
[2025-07-09T23:02:53.415+0000] {processor.py:183} INFO - Processing /home/airflow/.local/lib/python3.8/site-packages/airflow/example_dags/example_branch_labels.py took 0.136 seconds
[2025-07-09T23:03:23.711+0000] {processor.py:161} INFO - Started process (PID=250) to work on /home/airflow/.local/lib/python3.8/site-packages/airflow/example_dags/example_branch_labels.py
[2025-07-09T23:03:23.713+0000] {processor.py:830} INFO - Processing file /home/airflow/.local/lib/python3.8/site-packages/airflow/example_dags/example_branch_labels.py for tasks to queue
[2025-07-09T23:03:23.717+0000] {logging_mixin.py:188} INFO - [2025-07-09T23:03:23.716+0000] {dagbag.py:538} INFO - Filling up the DagBag from /home/airflow/.local/lib/python3.8/site-packages/airflow/example_dags/example_branch_labels.py
[2025-07-09T23:03:23.729+0000] {processor.py:840} INFO - DAG(s) 'example_branch_labels' retrieved from /home/airflow/.local/lib/python3.8/site-packages/airflow/example_dags/example_branch_labels.py
[2025-07-09T23:03:23.763+0000] {logging_mixin.py:188} INFO - [2025-07-09T23:03:23.762+0000] {dag.py:3036} INFO - Sync 1 DAGs
[2025-07-09T23:03:23.795+0000] {logging_mixin.py:188} INFO - [2025-07-09T23:03:23.795+0000] {dag.py:3823} INFO - Setting next_dagrun for example_branch_labels to 2025-07-08 00:00:00+00:00, run_after=2025-07-09 00:00:00+00:00
[2025-07-09T23:03:23.830+0000] {processor.py:183} INFO - Processing /home/airflow/.local/lib/python3.8/site-packages/airflow/example_dags/example_branch_labels.py took 0.125 seconds
[2025-07-09T23:03:54.136+0000] {processor.py:161} INFO - Started process (PID=307) to work on /home/airflow/.local/lib/python3.8/site-packages/airflow/example_dags/example_branch_labels.py
[2025-07-09T23:03:54.139+0000] {processor.py:830} INFO - Processing file /home/airflow/.local/lib/python3.8/site-packages/airflow/example_dags/example_branch_labels.py for tasks to queue
[2025-07-09T23:03:54.144+0000] {logging_mixin.py:188} INFO - [2025-07-09T23:03:54.144+0000] {dagbag.py:538} INFO - Filling up the DagBag from /home/airflow/.local/lib/python3.8/site-packages/airflow/example_dags/example_branch_labels.py
[2025-07-09T23:03:54.161+0000] {processor.py:840} INFO - DAG(s) 'example_branch_labels' retrieved from /home/airflow/.local/lib/python3.8/site-packages/airflow/example_dags/example_branch_labels.py
[2025-07-09T23:03:54.208+0000] {logging_mixin.py:188} INFO - [2025-07-09T23:03:54.208+0000] {dag.py:3036} INFO - Sync 1 DAGs
[2025-07-09T23:03:54.249+0000] {logging_mixin.py:188} INFO - [2025-07-09T23:03:54.249+0000] {dag.py:3823} INFO - Setting next_dagrun for example_branch_labels to 2025-07-08 00:00:00+00:00, run_after=2025-07-09 00:00:00+00:00
[2025-07-09T23:03:54.300+0000] {processor.py:183} INFO - Processing /home/airflow/.local/lib/python3.8/site-packages/airflow/example_dags/example_branch_labels.py took 0.171 seconds
[2025-07-09T23:04:25.097+0000] {processor.py:161} INFO - Started process (PID=368) to work on /home/airflow/.local/lib/python3.8/site-packages/airflow/example_dags/example_branch_labels.py
[2025-07-09T23:04:25.099+0000] {processor.py:830} INFO - Processing file /home/airflow/.local/lib/python3.8/site-packages/airflow/example_dags/example_branch_labels.py for tasks to queue
[2025-07-09T23:04:25.105+0000] {logging_mixin.py:188} INFO - [2025-07-09T23:04:25.104+0000] {dagbag.py:538} INFO - Filling up the DagBag from /home/airflow/.local/lib/python3.8/site-packages/airflow/example_dags/example_branch_labels.py
[2025-07-09T23:04:25.116+0000] {processor.py:840} INFO - DAG(s) 'example_branch_labels' retrieved from /home/airflow/.local/lib/python3.8/site-packages/airflow/example_dags/example_branch_labels.py
[2025-07-09T23:04:25.145+0000] {logging_mixin.py:188} INFO - [2025-07-09T23:04:25.145+0000] {dag.py:3036} INFO - Sync 1 DAGs
[2025-07-09T23:04:25.176+0000] {logging_mixin.py:188} INFO - [2025-07-09T23:04:25.176+0000] {dag.py:3823} INFO - Setting next_dagrun for example_branch_labels to 2025-07-08 00:00:00+00:00, run_after=2025-07-09 00:00:00+00:00
[2025-07-09T23:04:25.208+0000] {processor.py:183} INFO - Processing /home/airflow/.local/lib/python3.8/site-packages/airflow/example_dags/example_branch_labels.py took 0.114 seconds
[2025-07-09T23:04:55.971+0000] {processor.py:161} INFO - Started process (PID=425) to work on /home/airflow/.local/lib/python3.8/site-packages/airflow/example_dags/example_branch_labels.py
[2025-07-09T23:04:55.973+0000] {processor.py:830} INFO - Processing file /home/airflow/.local/lib/python3.8/site-packages/airflow/example_dags/example_branch_labels.py for tasks to queue
[2025-07-09T23:04:55.978+0000] {logging_mixin.py:188} INFO - [2025-07-09T23:04:55.977+0000] {dagbag.py:538} INFO - Filling up the DagBag from /home/airflow/.local/lib/python3.8/site-packages/airflow/example_dags/example_branch_labels.py
[2025-07-09T23:04:55.990+0000] {processor.py:840} INFO - DAG(s) 'example_branch_labels' retrieved from /home/airflow/.local/lib/python3.8/site-packages/airflow/example_dags/example_branch_labels.py
[2025-07-09T23:04:56.026+0000] {logging_mixin.py:188} INFO - [2025-07-09T23:04:56.025+0000] {dag.py:3036} INFO - Sync 1 DAGs
[2025-07-09T23:04:56.060+0000] {logging_mixin.py:188} INFO - [2025-07-09T23:04:56.060+0000] {dag.py:3823} INFO - Setting next_dagrun for example_branch_labels to 2025-07-08 00:00:00+00:00, run_after=2025-07-09 00:00:00+00:00
[2025-07-09T23:04:56.112+0000] {processor.py:183} INFO - Processing /home/airflow/.local/lib/python3.8/site-packages/airflow/example_dags/example_branch_labels.py took 0.146 seconds
[2025-07-09T23:05:26.326+0000] {processor.py:161} INFO - Started process (PID=483) to work on /home/airflow/.local/lib/python3.8/site-packages/airflow/example_dags/example_branch_labels.py
[2025-07-09T23:05:26.328+0000] {processor.py:830} INFO - Processing file /home/airflow/.local/lib/python3.8/site-packages/airflow/example_dags/example_branch_labels.py for tasks to queue
[2025-07-09T23:05:26.331+0000] {logging_mixin.py:188} INFO - [2025-07-09T23:05:26.330+0000] {dagbag.py:538} INFO - Filling up the DagBag from /home/airflow/.local/lib/python3.8/site-packages/airflow/example_dags/example_branch_labels.py
[2025-07-09T23:05:26.341+0000] {processor.py:840} INFO - DAG(s) 'example_branch_labels' retrieved from /home/airflow/.local/lib/python3.8/site-packages/airflow/example_dags/example_branch_labels.py
[2025-07-09T23:05:26.377+0000] {logging_mixin.py:188} INFO - [2025-07-09T23:05:26.376+0000] {dag.py:3036} INFO - Sync 1 DAGs
[2025-07-09T23:05:26.406+0000] {logging_mixin.py:188} INFO - [2025-07-09T23:05:26.406+0000] {dag.py:3823} INFO - Setting next_dagrun for example_branch_labels to 2025-07-08 00:00:00+00:00, run_after=2025-07-09 00:00:00+00:00
[2025-07-09T23:05:26.448+0000] {processor.py:183} INFO - Processing /home/airflow/.local/lib/python3.8/site-packages/airflow/example_dags/example_branch_labels.py took 0.128 seconds
[2025-07-09T23:05:57.259+0000] {processor.py:161} INFO - Started process (PID=540) to work on /home/airflow/.local/lib/python3.8/site-packages/airflow/example_dags/example_branch_labels.py
[2025-07-09T23:05:57.263+0000] {processor.py:830} INFO - Processing file /home/airflow/.local/lib/python3.8/site-packages/airflow/example_dags/example_branch_labels.py for tasks to queue
[2025-07-09T23:05:57.267+0000] {logging_mixin.py:188} INFO - [2025-07-09T23:05:57.266+0000] {dagbag.py:538} INFO - Filling up the DagBag from /home/airflow/.local/lib/python3.8/site-packages/airflow/example_dags/example_branch_labels.py
[2025-07-09T23:05:57.279+0000] {processor.py:840} INFO - DAG(s) 'example_branch_labels' retrieved from /home/airflow/.local/lib/python3.8/site-packages/airflow/example_dags/example_branch_labels.py
[2025-07-09T23:05:57.308+0000] {logging_mixin.py:188} INFO - [2025-07-09T23:05:57.308+0000] {dag.py:3036} INFO - Sync 1 DAGs
[2025-07-09T23:05:57.342+0000] {logging_mixin.py:188} INFO - [2025-07-09T23:05:57.342+0000] {dag.py:3823} INFO - Setting next_dagrun for example_branch_labels to 2025-07-08 00:00:00+00:00, run_after=2025-07-09 00:00:00+00:00
[2025-07-09T23:05:57.368+0000] {processor.py:183} INFO - Processing /home/airflow/.local/lib/python3.8/site-packages/airflow/example_dags/example_branch_labels.py took 0.113 seconds
[2025-07-09T23:06:27.625+0000] {processor.py:161} INFO - Started process (PID=595) to work on /home/airflow/.local/lib/python3.8/site-packages/airflow/example_dags/example_branch_labels.py
[2025-07-09T23:06:27.628+0000] {processor.py:830} INFO - Processing file /home/airflow/.local/lib/python3.8/site-packages/airflow/example_dags/example_branch_labels.py for tasks to queue
[2025-07-09T23:06:27.631+0000] {logging_mixin.py:188} INFO - [2025-07-09T23:06:27.631+0000] {dagbag.py:538} INFO - Filling up the DagBag from /home/airflow/.local/lib/python3.8/site-packages/airflow/example_dags/example_branch_labels.py
[2025-07-09T23:06:27.643+0000] {processor.py:840} INFO - DAG(s) 'example_branch_labels' retrieved from /home/airflow/.local/lib/python3.8/site-packages/airflow/example_dags/example_branch_labels.py
[2025-07-09T23:06:27.682+0000] {logging_mixin.py:188} INFO - [2025-07-09T23:06:27.682+0000] {dag.py:3036} INFO - Sync 1 DAGs
[2025-07-09T23:06:27.718+0000] {logging_mixin.py:188} INFO - [2025-07-09T23:06:27.718+0000] {dag.py:3823} INFO - Setting next_dagrun for example_branch_labels to 2025-07-08 00:00:00+00:00, run_after=2025-07-09 00:00:00+00:00
[2025-07-09T23:06:27.760+0000] {processor.py:183} INFO - Processing /home/airflow/.local/lib/python3.8/site-packages/airflow/example_dags/example_branch_labels.py took 0.140 seconds
[2025-07-09T23:06:58.013+0000] {processor.py:161} INFO - Started process (PID=652) to work on /home/airflow/.local/lib/python3.8/site-packages/airflow/example_dags/example_branch_labels.py
[2025-07-09T23:06:58.016+0000] {processor.py:830} INFO - Processing file /home/airflow/.local/lib/python3.8/site-packages/airflow/example_dags/example_branch_labels.py for tasks to queue
[2025-07-09T23:06:58.021+0000] {logging_mixin.py:188} INFO - [2025-07-09T23:06:58.020+0000] {dagbag.py:538} INFO - Filling up the DagBag from /home/airflow/.local/lib/python3.8/site-packages/airflow/example_dags/example_branch_labels.py
[2025-07-09T23:06:58.036+0000] {processor.py:840} INFO - DAG(s) 'example_branch_labels' retrieved from /home/airflow/.local/lib/python3.8/site-packages/airflow/example_dags/example_branch_labels.py
[2025-07-09T23:06:58.080+0000] {logging_mixin.py:188} INFO - [2025-07-09T23:06:58.080+0000] {dag.py:3036} INFO - Sync 1 DAGs
[2025-07-09T23:06:58.120+0000] {logging_mixin.py:188} INFO - [2025-07-09T23:06:58.119+0000] {dag.py:3823} INFO - Setting next_dagrun for example_branch_labels to 2025-07-08 00:00:00+00:00, run_after=2025-07-09 00:00:00+00:00
[2025-07-09T23:06:58.162+0000] {processor.py:183} INFO - Processing /home/airflow/.local/lib/python3.8/site-packages/airflow/example_dags/example_branch_labels.py took 0.156 seconds
[2025-07-09T23:07:28.413+0000] {processor.py:161} INFO - Started process (PID=709) to work on /home/airflow/.local/lib/python3.8/site-packages/airflow/example_dags/example_branch_labels.py
[2025-07-09T23:07:28.417+0000] {processor.py:830} INFO - Processing file /home/airflow/.local/lib/python3.8/site-packages/airflow/example_dags/example_branch_labels.py for tasks to queue
[2025-07-09T23:07:28.421+0000] {logging_mixin.py:188} INFO - [2025-07-09T23:07:28.421+0000] {dagbag.py:538} INFO - Filling up the DagBag from /home/airflow/.local/lib/python3.8/site-packages/airflow/example_dags/example_branch_labels.py
[2025-07-09T23:07:28.437+0000] {processor.py:840} INFO - DAG(s) 'example_branch_labels' retrieved from /home/airflow/.local/lib/python3.8/site-packages/airflow/example_dags/example_branch_labels.py
[2025-07-09T23:07:28.478+0000] {logging_mixin.py:188} INFO - [2025-07-09T23:07:28.477+0000] {dag.py:3036} INFO - Sync 1 DAGs
[2025-07-09T23:07:28.517+0000] {logging_mixin.py:188} INFO - [2025-07-09T23:07:28.516+0000] {dag.py:3823} INFO - Setting next_dagrun for example_branch_labels to 2025-07-08 00:00:00+00:00, run_after=2025-07-09 00:00:00+00:00
[2025-07-09T23:07:28.561+0000] {processor.py:183} INFO - Processing /home/airflow/.local/lib/python3.8/site-packages/airflow/example_dags/example_branch_labels.py took 0.155 seconds
[2025-07-09T23:07:58.743+0000] {processor.py:161} INFO - Started process (PID=766) to work on /home/airflow/.local/lib/python3.8/site-packages/airflow/example_dags/example_branch_labels.py
[2025-07-09T23:07:58.746+0000] {processor.py:830} INFO - Processing file /home/airflow/.local/lib/python3.8/site-packages/airflow/example_dags/example_branch_labels.py for tasks to queue
[2025-07-09T23:07:58.750+0000] {logging_mixin.py:188} INFO - [2025-07-09T23:07:58.749+0000] {dagbag.py:538} INFO - Filling up the DagBag from /home/airflow/.local/lib/python3.8/site-packages/airflow/example_dags/example_branch_labels.py
[2025-07-09T23:07:58.763+0000] {processor.py:840} INFO - DAG(s) 'example_branch_labels' retrieved from /home/airflow/.local/lib/python3.8/site-packages/airflow/example_dags/example_branch_labels.py
[2025-07-09T23:07:58.804+0000] {logging_mixin.py:188} INFO - [2025-07-09T23:07:58.804+0000] {dag.py:3036} INFO - Sync 1 DAGs
[2025-07-09T23:07:58.845+0000] {logging_mixin.py:188} INFO - [2025-07-09T23:07:58.845+0000] {dag.py:3823} INFO - Setting next_dagrun for example_branch_labels to 2025-07-08 00:00:00+00:00, run_after=2025-07-09 00:00:00+00:00
[2025-07-09T23:07:58.887+0000] {processor.py:183} INFO - Processing /home/airflow/.local/lib/python3.8/site-packages/airflow/example_dags/example_branch_labels.py took 0.149 seconds
[2025-07-09T23:08:29.285+0000] {processor.py:161} INFO - Started process (PID=823) to work on /home/airflow/.local/lib/python3.8/site-packages/airflow/example_dags/example_branch_labels.py
[2025-07-09T23:08:29.287+0000] {processor.py:830} INFO - Processing file /home/airflow/.local/lib/python3.8/site-packages/airflow/example_dags/example_branch_labels.py for tasks to queue
[2025-07-09T23:08:29.290+0000] {logging_mixin.py:188} INFO - [2025-07-09T23:08:29.290+0000] {dagbag.py:538} INFO - Filling up the DagBag from /home/airflow/.local/lib/python3.8/site-packages/airflow/example_dags/example_branch_labels.py
[2025-07-09T23:08:29.302+0000] {processor.py:840} INFO - DAG(s) 'example_branch_labels' retrieved from /home/airflow/.local/lib/python3.8/site-packages/airflow/example_dags/example_branch_labels.py
[2025-07-09T23:08:29.333+0000] {logging_mixin.py:188} INFO - [2025-07-09T23:08:29.332+0000] {dag.py:3036} INFO - Sync 1 DAGs
[2025-07-09T23:08:29.363+0000] {logging_mixin.py:188} INFO - [2025-07-09T23:08:29.363+0000] {dag.py:3823} INFO - Setting next_dagrun for example_branch_labels to 2025-07-08 00:00:00+00:00, run_after=2025-07-09 00:00:00+00:00
[2025-07-09T23:08:29.391+0000] {processor.py:183} INFO - Processing /home/airflow/.local/lib/python3.8/site-packages/airflow/example_dags/example_branch_labels.py took 0.110 seconds
[2025-07-09T23:49:47.776+0000] {processor.py:161} INFO - Started process (PID=68) to work on /home/airflow/.local/lib/python3.8/site-packages/airflow/example_dags/example_branch_labels.py
[2025-07-09T23:49:47.778+0000] {processor.py:830} INFO - Processing file /home/airflow/.local/lib/python3.8/site-packages/airflow/example_dags/example_branch_labels.py for tasks to queue
[2025-07-09T23:49:47.782+0000] {logging_mixin.py:188} INFO - [2025-07-09T23:49:47.781+0000] {dagbag.py:538} INFO - Filling up the DagBag from /home/airflow/.local/lib/python3.8/site-packages/airflow/example_dags/example_branch_labels.py
[2025-07-09T23:49:47.798+0000] {processor.py:840} INFO - DAG(s) 'example_branch_labels' retrieved from /home/airflow/.local/lib/python3.8/site-packages/airflow/example_dags/example_branch_labels.py
[2025-07-09T23:49:47.945+0000] {logging_mixin.py:188} INFO - [2025-07-09T23:49:47.944+0000] {override.py:1769} INFO - Created Permission View: can delete on DAG:example_branch_labels
[2025-07-09T23:49:47.962+0000] {logging_mixin.py:188} INFO - [2025-07-09T23:49:47.961+0000] {override.py:1769} INFO - Created Permission View: can read on DAG:example_branch_labels
[2025-07-09T23:49:47.975+0000] {logging_mixin.py:188} INFO - [2025-07-09T23:49:47.974+0000] {override.py:1769} INFO - Created Permission View: can edit on DAG:example_branch_labels
[2025-07-09T23:49:47.976+0000] {logging_mixin.py:188} INFO - [2025-07-09T23:49:47.976+0000] {dag.py:3036} INFO - Sync 1 DAGs
[2025-07-09T23:49:47.992+0000] {logging_mixin.py:188} INFO - [2025-07-09T23:49:47.991+0000] {dag.py:3058} INFO - Creating ORM DAG for example_branch_labels
[2025-07-09T23:49:48.009+0000] {logging_mixin.py:188} INFO - [2025-07-09T23:49:48.009+0000] {dag.py:3823} INFO - Setting next_dagrun for example_branch_labels to 2025-07-08 00:00:00+00:00, run_after=2025-07-09 00:00:00+00:00
[2025-07-09T23:49:48.038+0000] {processor.py:183} INFO - Processing /home/airflow/.local/lib/python3.8/site-packages/airflow/example_dags/example_branch_labels.py took 0.268 seconds
[2025-07-09T23:50:18.115+0000] {processor.py:161} INFO - Started process (PID=123) to work on /home/airflow/.local/lib/python3.8/site-packages/airflow/example_dags/example_branch_labels.py
[2025-07-09T23:50:18.117+0000] {processor.py:830} INFO - Processing file /home/airflow/.local/lib/python3.8/site-packages/airflow/example_dags/example_branch_labels.py for tasks to queue
[2025-07-09T23:50:18.120+0000] {logging_mixin.py:188} INFO - [2025-07-09T23:50:18.120+0000] {dagbag.py:538} INFO - Filling up the DagBag from /home/airflow/.local/lib/python3.8/site-packages/airflow/example_dags/example_branch_labels.py
[2025-07-09T23:50:18.133+0000] {processor.py:840} INFO - DAG(s) 'example_branch_labels' retrieved from /home/airflow/.local/lib/python3.8/site-packages/airflow/example_dags/example_branch_labels.py
[2025-07-09T23:50:18.166+0000] {logging_mixin.py:188} INFO - [2025-07-09T23:50:18.166+0000] {dag.py:3036} INFO - Sync 1 DAGs
[2025-07-09T23:50:18.237+0000] {logging_mixin.py:188} INFO - [2025-07-09T23:50:18.227+0000] {dag.py:3823} INFO - Setting next_dagrun for example_branch_labels to 2025-07-08 00:00:00+00:00, run_after=2025-07-09 00:00:00+00:00
[2025-07-09T23:50:18.286+0000] {processor.py:183} INFO - Processing /home/airflow/.local/lib/python3.8/site-packages/airflow/example_dags/example_branch_labels.py took 0.177 seconds
[2025-07-09T23:50:48.600+0000] {processor.py:161} INFO - Started process (PID=180) to work on /home/airflow/.local/lib/python3.8/site-packages/airflow/example_dags/example_branch_labels.py
[2025-07-09T23:50:48.606+0000] {processor.py:830} INFO - Processing file /home/airflow/.local/lib/python3.8/site-packages/airflow/example_dags/example_branch_labels.py for tasks to queue
[2025-07-09T23:50:48.612+0000] {logging_mixin.py:188} INFO - [2025-07-09T23:50:48.611+0000] {dagbag.py:538} INFO - Filling up the DagBag from /home/airflow/.local/lib/python3.8/site-packages/airflow/example_dags/example_branch_labels.py
[2025-07-09T23:50:48.630+0000] {processor.py:840} INFO - DAG(s) 'example_branch_labels' retrieved from /home/airflow/.local/lib/python3.8/site-packages/airflow/example_dags/example_branch_labels.py
[2025-07-09T23:50:48.935+0000] {logging_mixin.py:188} INFO - [2025-07-09T23:50:48.934+0000] {process_utils.py:262} INFO - Waiting up to 5 seconds for processes to exit...
[2025-07-09T23:54:27.920+0000] {processor.py:161} INFO - Started process (PID=75) to work on /home/airflow/.local/lib/python3.8/site-packages/airflow/example_dags/example_branch_labels.py
[2025-07-09T23:54:27.922+0000] {processor.py:830} INFO - Processing file /home/airflow/.local/lib/python3.8/site-packages/airflow/example_dags/example_branch_labels.py for tasks to queue
[2025-07-09T23:54:27.925+0000] {logging_mixin.py:188} INFO - [2025-07-09T23:54:27.925+0000] {dagbag.py:538} INFO - Filling up the DagBag from /home/airflow/.local/lib/python3.8/site-packages/airflow/example_dags/example_branch_labels.py
[2025-07-09T23:54:27.940+0000] {processor.py:840} INFO - DAG(s) 'example_branch_labels' retrieved from /home/airflow/.local/lib/python3.8/site-packages/airflow/example_dags/example_branch_labels.py
[2025-07-09T23:54:28.100+0000] {logging_mixin.py:188} INFO - [2025-07-09T23:54:28.099+0000] {override.py:1769} INFO - Created Permission View: can edit on DAG:example_branch_labels
[2025-07-09T23:54:28.117+0000] {logging_mixin.py:188} INFO - [2025-07-09T23:54:28.117+0000] {override.py:1769} INFO - Created Permission View: can read on DAG:example_branch_labels
[2025-07-09T23:54:28.131+0000] {logging_mixin.py:188} INFO - [2025-07-09T23:54:28.130+0000] {override.py:1769} INFO - Created Permission View: can delete on DAG:example_branch_labels
[2025-07-09T23:54:28.132+0000] {logging_mixin.py:188} INFO - [2025-07-09T23:54:28.132+0000] {dag.py:3036} INFO - Sync 1 DAGs
[2025-07-09T23:54:28.149+0000] {logging_mixin.py:188} INFO - [2025-07-09T23:54:28.148+0000] {dag.py:3058} INFO - Creating ORM DAG for example_branch_labels
[2025-07-09T23:54:28.166+0000] {logging_mixin.py:188} INFO - [2025-07-09T23:54:28.166+0000] {dag.py:3823} INFO - Setting next_dagrun for example_branch_labels to 2025-07-08 00:00:00+00:00, run_after=2025-07-09 00:00:00+00:00
[2025-07-09T23:54:28.195+0000] {processor.py:183} INFO - Processing /home/airflow/.local/lib/python3.8/site-packages/airflow/example_dags/example_branch_labels.py took 0.279 seconds
[2025-07-09T23:54:59.083+0000] {processor.py:161} INFO - Started process (PID=131) to work on /home/airflow/.local/lib/python3.8/site-packages/airflow/example_dags/example_branch_labels.py
[2025-07-09T23:54:59.085+0000] {processor.py:830} INFO - Processing file /home/airflow/.local/lib/python3.8/site-packages/airflow/example_dags/example_branch_labels.py for tasks to queue
[2025-07-09T23:54:59.089+0000] {logging_mixin.py:188} INFO - [2025-07-09T23:54:59.089+0000] {dagbag.py:538} INFO - Filling up the DagBag from /home/airflow/.local/lib/python3.8/site-packages/airflow/example_dags/example_branch_labels.py
[2025-07-09T23:54:59.107+0000] {processor.py:840} INFO - DAG(s) 'example_branch_labels' retrieved from /home/airflow/.local/lib/python3.8/site-packages/airflow/example_dags/example_branch_labels.py
[2025-07-09T23:54:59.149+0000] {logging_mixin.py:188} INFO - [2025-07-09T23:54:59.148+0000] {dag.py:3036} INFO - Sync 1 DAGs
[2025-07-09T23:54:59.186+0000] {logging_mixin.py:188} INFO - [2025-07-09T23:54:59.185+0000] {dag.py:3823} INFO - Setting next_dagrun for example_branch_labels to 2025-07-08 00:00:00+00:00, run_after=2025-07-09 00:00:00+00:00
[2025-07-09T23:54:59.217+0000] {processor.py:183} INFO - Processing /home/airflow/.local/lib/python3.8/site-packages/airflow/example_dags/example_branch_labels.py took 0.142 seconds
[2025-07-09T23:55:29.809+0000] {processor.py:161} INFO - Started process (PID=191) to work on /home/airflow/.local/lib/python3.8/site-packages/airflow/example_dags/example_branch_labels.py
[2025-07-09T23:55:29.811+0000] {processor.py:830} INFO - Processing file /home/airflow/.local/lib/python3.8/site-packages/airflow/example_dags/example_branch_labels.py for tasks to queue
[2025-07-09T23:55:29.816+0000] {logging_mixin.py:188} INFO - [2025-07-09T23:55:29.815+0000] {dagbag.py:538} INFO - Filling up the DagBag from /home/airflow/.local/lib/python3.8/site-packages/airflow/example_dags/example_branch_labels.py
[2025-07-09T23:55:29.829+0000] {processor.py:840} INFO - DAG(s) 'example_branch_labels' retrieved from /home/airflow/.local/lib/python3.8/site-packages/airflow/example_dags/example_branch_labels.py
[2025-07-09T23:55:29.866+0000] {logging_mixin.py:188} INFO - [2025-07-09T23:55:29.865+0000] {dag.py:3036} INFO - Sync 1 DAGs
[2025-07-09T23:55:29.897+0000] {logging_mixin.py:188} INFO - [2025-07-09T23:55:29.897+0000] {dag.py:3823} INFO - Setting next_dagrun for example_branch_labels to 2025-07-08 00:00:00+00:00, run_after=2025-07-09 00:00:00+00:00
[2025-07-09T23:55:29.925+0000] {processor.py:183} INFO - Processing /home/airflow/.local/lib/python3.8/site-packages/airflow/example_dags/example_branch_labels.py took 0.123 seconds
[2025-07-09T23:56:00.260+0000] {processor.py:161} INFO - Started process (PID=252) to work on /home/airflow/.local/lib/python3.8/site-packages/airflow/example_dags/example_branch_labels.py
[2025-07-09T23:56:00.263+0000] {processor.py:830} INFO - Processing file /home/airflow/.local/lib/python3.8/site-packages/airflow/example_dags/example_branch_labels.py for tasks to queue
[2025-07-09T23:56:00.267+0000] {logging_mixin.py:188} INFO - [2025-07-09T23:56:00.267+0000] {dagbag.py:538} INFO - Filling up the DagBag from /home/airflow/.local/lib/python3.8/site-packages/airflow/example_dags/example_branch_labels.py
[2025-07-09T23:56:00.280+0000] {processor.py:840} INFO - DAG(s) 'example_branch_labels' retrieved from /home/airflow/.local/lib/python3.8/site-packages/airflow/example_dags/example_branch_labels.py
[2025-07-09T23:56:00.315+0000] {logging_mixin.py:188} INFO - [2025-07-09T23:56:00.315+0000] {dag.py:3036} INFO - Sync 1 DAGs
[2025-07-09T23:56:00.344+0000] {logging_mixin.py:188} INFO - [2025-07-09T23:56:00.343+0000] {dag.py:3823} INFO - Setting next_dagrun for example_branch_labels to 2025-07-08 00:00:00+00:00, run_after=2025-07-09 00:00:00+00:00
[2025-07-09T23:56:00.377+0000] {processor.py:183} INFO - Processing /home/airflow/.local/lib/python3.8/site-packages/airflow/example_dags/example_branch_labels.py took 0.126 seconds
[2025-07-09T23:56:31.022+0000] {processor.py:161} INFO - Started process (PID=309) to work on /home/airflow/.local/lib/python3.8/site-packages/airflow/example_dags/example_branch_labels.py
[2025-07-09T23:56:31.024+0000] {processor.py:830} INFO - Processing file /home/airflow/.local/lib/python3.8/site-packages/airflow/example_dags/example_branch_labels.py for tasks to queue
[2025-07-09T23:56:31.028+0000] {logging_mixin.py:188} INFO - [2025-07-09T23:56:31.027+0000] {dagbag.py:538} INFO - Filling up the DagBag from /home/airflow/.local/lib/python3.8/site-packages/airflow/example_dags/example_branch_labels.py
[2025-07-09T23:56:31.042+0000] {processor.py:840} INFO - DAG(s) 'example_branch_labels' retrieved from /home/airflow/.local/lib/python3.8/site-packages/airflow/example_dags/example_branch_labels.py
[2025-07-09T23:56:31.077+0000] {logging_mixin.py:188} INFO - [2025-07-09T23:56:31.076+0000] {dag.py:3036} INFO - Sync 1 DAGs
[2025-07-09T23:56:31.106+0000] {logging_mixin.py:188} INFO - [2025-07-09T23:56:31.105+0000] {dag.py:3823} INFO - Setting next_dagrun for example_branch_labels to 2025-07-08 00:00:00+00:00, run_after=2025-07-09 00:00:00+00:00
[2025-07-09T23:56:31.139+0000] {processor.py:183} INFO - Processing /home/airflow/.local/lib/python3.8/site-packages/airflow/example_dags/example_branch_labels.py took 0.123 seconds
[2025-07-09T23:57:01.896+0000] {processor.py:161} INFO - Started process (PID=369) to work on /home/airflow/.local/lib/python3.8/site-packages/airflow/example_dags/example_branch_labels.py
[2025-07-09T23:57:01.898+0000] {processor.py:830} INFO - Processing file /home/airflow/.local/lib/python3.8/site-packages/airflow/example_dags/example_branch_labels.py for tasks to queue
[2025-07-09T23:57:01.901+0000] {logging_mixin.py:188} INFO - [2025-07-09T23:57:01.901+0000] {dagbag.py:538} INFO - Filling up the DagBag from /home/airflow/.local/lib/python3.8/site-packages/airflow/example_dags/example_branch_labels.py
[2025-07-09T23:57:01.912+0000] {processor.py:840} INFO - DAG(s) 'example_branch_labels' retrieved from /home/airflow/.local/lib/python3.8/site-packages/airflow/example_dags/example_branch_labels.py
[2025-07-09T23:57:01.947+0000] {logging_mixin.py:188} INFO - [2025-07-09T23:57:01.947+0000] {dag.py:3036} INFO - Sync 1 DAGs
[2025-07-09T23:57:01.993+0000] {logging_mixin.py:188} INFO - [2025-07-09T23:57:01.992+0000] {dag.py:3823} INFO - Setting next_dagrun for example_branch_labels to 2025-07-08 00:00:00+00:00, run_after=2025-07-09 00:00:00+00:00
[2025-07-09T23:57:02.037+0000] {processor.py:183} INFO - Processing /home/airflow/.local/lib/python3.8/site-packages/airflow/example_dags/example_branch_labels.py took 0.145 seconds
[2025-07-09T23:57:32.498+0000] {processor.py:161} INFO - Started process (PID=426) to work on /home/airflow/.local/lib/python3.8/site-packages/airflow/example_dags/example_branch_labels.py
[2025-07-09T23:57:32.500+0000] {processor.py:830} INFO - Processing file /home/airflow/.local/lib/python3.8/site-packages/airflow/example_dags/example_branch_labels.py for tasks to queue
[2025-07-09T23:57:32.502+0000] {logging_mixin.py:188} INFO - [2025-07-09T23:57:32.502+0000] {dagbag.py:538} INFO - Filling up the DagBag from /home/airflow/.local/lib/python3.8/site-packages/airflow/example_dags/example_branch_labels.py
[2025-07-09T23:57:32.520+0000] {processor.py:840} INFO - DAG(s) 'example_branch_labels' retrieved from /home/airflow/.local/lib/python3.8/site-packages/airflow/example_dags/example_branch_labels.py
[2025-07-09T23:57:32.552+0000] {logging_mixin.py:188} INFO - [2025-07-09T23:57:32.552+0000] {dag.py:3036} INFO - Sync 1 DAGs
[2025-07-09T23:57:32.581+0000] {logging_mixin.py:188} INFO - [2025-07-09T23:57:32.581+0000] {dag.py:3823} INFO - Setting next_dagrun for example_branch_labels to 2025-07-08 00:00:00+00:00, run_after=2025-07-09 00:00:00+00:00
[2025-07-09T23:57:32.615+0000] {processor.py:183} INFO - Processing /home/airflow/.local/lib/python3.8/site-packages/airflow/example_dags/example_branch_labels.py took 0.125 seconds
[2025-07-09T23:58:03.319+0000] {processor.py:161} INFO - Started process (PID=482) to work on /home/airflow/.local/lib/python3.8/site-packages/airflow/example_dags/example_branch_labels.py
[2025-07-09T23:58:03.321+0000] {processor.py:830} INFO - Processing file /home/airflow/.local/lib/python3.8/site-packages/airflow/example_dags/example_branch_labels.py for tasks to queue
[2025-07-09T23:58:03.323+0000] {logging_mixin.py:188} INFO - [2025-07-09T23:58:03.322+0000] {dagbag.py:538} INFO - Filling up the DagBag from /home/airflow/.local/lib/python3.8/site-packages/airflow/example_dags/example_branch_labels.py
[2025-07-09T23:58:03.333+0000] {processor.py:840} INFO - DAG(s) 'example_branch_labels' retrieved from /home/airflow/.local/lib/python3.8/site-packages/airflow/example_dags/example_branch_labels.py
[2025-07-09T23:58:03.368+0000] {logging_mixin.py:188} INFO - [2025-07-09T23:58:03.367+0000] {dag.py:3036} INFO - Sync 1 DAGs
[2025-07-09T23:58:03.399+0000] {logging_mixin.py:188} INFO - [2025-07-09T23:58:03.399+0000] {dag.py:3823} INFO - Setting next_dagrun for example_branch_labels to 2025-07-08 00:00:00+00:00, run_after=2025-07-09 00:00:00+00:00
[2025-07-09T23:58:03.432+0000] {processor.py:183} INFO - Processing /home/airflow/.local/lib/python3.8/site-packages/airflow/example_dags/example_branch_labels.py took 0.118 seconds
[2025-07-09T23:58:33.525+0000] {processor.py:161} INFO - Started process (PID=538) to work on /home/airflow/.local/lib/python3.8/site-packages/airflow/example_dags/example_branch_labels.py
[2025-07-09T23:58:33.527+0000] {processor.py:830} INFO - Processing file /home/airflow/.local/lib/python3.8/site-packages/airflow/example_dags/example_branch_labels.py for tasks to queue
[2025-07-09T23:58:33.528+0000] {logging_mixin.py:188} INFO - [2025-07-09T23:58:33.528+0000] {dagbag.py:538} INFO - Filling up the DagBag from /home/airflow/.local/lib/python3.8/site-packages/airflow/example_dags/example_branch_labels.py
[2025-07-09T23:58:33.544+0000] {processor.py:840} INFO - DAG(s) 'example_branch_labels' retrieved from /home/airflow/.local/lib/python3.8/site-packages/airflow/example_dags/example_branch_labels.py
[2025-07-09T23:58:33.582+0000] {logging_mixin.py:188} INFO - [2025-07-09T23:58:33.581+0000] {dag.py:3036} INFO - Sync 1 DAGs
[2025-07-09T23:58:33.616+0000] {logging_mixin.py:188} INFO - [2025-07-09T23:58:33.616+0000] {dag.py:3823} INFO - Setting next_dagrun for example_branch_labels to 2025-07-08 00:00:00+00:00, run_after=2025-07-09 00:00:00+00:00
[2025-07-09T23:58:33.649+0000] {processor.py:183} INFO - Processing /home/airflow/.local/lib/python3.8/site-packages/airflow/example_dags/example_branch_labels.py took 0.131 seconds
[2025-07-09T23:59:03.797+0000] {processor.py:161} INFO - Started process (PID=594) to work on /home/airflow/.local/lib/python3.8/site-packages/airflow/example_dags/example_branch_labels.py
[2025-07-09T23:59:03.800+0000] {processor.py:830} INFO - Processing file /home/airflow/.local/lib/python3.8/site-packages/airflow/example_dags/example_branch_labels.py for tasks to queue
[2025-07-09T23:59:03.802+0000] {logging_mixin.py:188} INFO - [2025-07-09T23:59:03.801+0000] {dagbag.py:538} INFO - Filling up the DagBag from /home/airflow/.local/lib/python3.8/site-packages/airflow/example_dags/example_branch_labels.py
[2025-07-09T23:59:03.817+0000] {processor.py:840} INFO - DAG(s) 'example_branch_labels' retrieved from /home/airflow/.local/lib/python3.8/site-packages/airflow/example_dags/example_branch_labels.py
[2025-07-09T23:59:03.852+0000] {logging_mixin.py:188} INFO - [2025-07-09T23:59:03.850+0000] {dag.py:3036} INFO - Sync 1 DAGs
[2025-07-09T23:59:03.880+0000] {logging_mixin.py:188} INFO - [2025-07-09T23:59:03.880+0000] {dag.py:3823} INFO - Setting next_dagrun for example_branch_labels to 2025-07-08 00:00:00+00:00, run_after=2025-07-09 00:00:00+00:00
[2025-07-09T23:59:03.926+0000] {processor.py:183} INFO - Processing /home/airflow/.local/lib/python3.8/site-packages/airflow/example_dags/example_branch_labels.py took 0.136 seconds
[2025-07-09T23:59:34.069+0000] {processor.py:161} INFO - Started process (PID=650) to work on /home/airflow/.local/lib/python3.8/site-packages/airflow/example_dags/example_branch_labels.py
[2025-07-09T23:59:34.071+0000] {processor.py:830} INFO - Processing file /home/airflow/.local/lib/python3.8/site-packages/airflow/example_dags/example_branch_labels.py for tasks to queue
[2025-07-09T23:59:34.072+0000] {logging_mixin.py:188} INFO - [2025-07-09T23:59:34.072+0000] {dagbag.py:538} INFO - Filling up the DagBag from /home/airflow/.local/lib/python3.8/site-packages/airflow/example_dags/example_branch_labels.py
[2025-07-09T23:59:34.086+0000] {processor.py:840} INFO - DAG(s) 'example_branch_labels' retrieved from /home/airflow/.local/lib/python3.8/site-packages/airflow/example_dags/example_branch_labels.py
[2025-07-09T23:59:34.118+0000] {logging_mixin.py:188} INFO - [2025-07-09T23:59:34.118+0000] {dag.py:3036} INFO - Sync 1 DAGs
[2025-07-09T23:59:34.148+0000] {logging_mixin.py:188} INFO - [2025-07-09T23:59:34.148+0000] {dag.py:3823} INFO - Setting next_dagrun for example_branch_labels to 2025-07-08 00:00:00+00:00, run_after=2025-07-09 00:00:00+00:00
[2025-07-09T23:59:34.179+0000] {processor.py:183} INFO - Processing /home/airflow/.local/lib/python3.8/site-packages/airflow/example_dags/example_branch_labels.py took 0.116 seconds
