[2025-07-09T19:54:35.049+0000] {processor.py:161} INFO - Started process (PID=110) to work on /home/airflow/.local/lib/python3.8/site-packages/airflow/example_dags/example_external_task_marker_dag.py
[2025-07-09T19:54:35.051+0000] {processor.py:830} INFO - Processing file /home/airflow/.local/lib/python3.8/site-packages/airflow/example_dags/example_external_task_marker_dag.py for tasks to queue
[2025-07-09T19:54:35.054+0000] {logging_mixin.py:188} INFO - [2025-07-09T19:54:35.054+0000] {dagbag.py:538} INFO - Filling up the DagBag from /home/airflow/.local/lib/python3.8/site-packages/airflow/example_dags/example_external_task_marker_dag.py
[2025-07-09T19:54:35.065+0000] {processor.py:840} INFO - DAG(s) 'example_external_task_marker_parent', 'example_external_task_marker_child' retrieved from /home/airflow/.local/lib/python3.8/site-packages/airflow/example_dags/example_external_task_marker_dag.py
[2025-07-09T19:54:35.241+0000] {logging_mixin.py:188} INFO - [2025-07-09T19:54:35.241+0000] {dag.py:3036} INFO - Sync 2 DAGs
[2025-07-09T19:54:35.260+0000] {logging_mixin.py:188} INFO - [2025-07-09T19:54:35.260+0000] {dag.py:3823} INFO - Setting next_dagrun for example_external_task_marker_child to None, run_after=None
[2025-07-09T19:54:35.266+0000] {logging_mixin.py:188} INFO - [2025-07-09T19:54:35.265+0000] {dag.py:3823} INFO - Setting next_dagrun for example_external_task_marker_parent to None, run_after=None
[2025-07-09T19:54:35.298+0000] {processor.py:183} INFO - Processing /home/airflow/.local/lib/python3.8/site-packages/airflow/example_dags/example_external_task_marker_dag.py took 0.253 seconds
[2025-07-09T19:55:06.161+0000] {processor.py:161} INFO - Started process (PID=166) to work on /home/airflow/.local/lib/python3.8/site-packages/airflow/example_dags/example_external_task_marker_dag.py
[2025-07-09T19:55:06.163+0000] {processor.py:830} INFO - Processing file /home/airflow/.local/lib/python3.8/site-packages/airflow/example_dags/example_external_task_marker_dag.py for tasks to queue
[2025-07-09T19:55:06.167+0000] {logging_mixin.py:188} INFO - [2025-07-09T19:55:06.166+0000] {dagbag.py:538} INFO - Filling up the DagBag from /home/airflow/.local/lib/python3.8/site-packages/airflow/example_dags/example_external_task_marker_dag.py
[2025-07-09T19:55:06.175+0000] {processor.py:840} INFO - DAG(s) 'example_external_task_marker_child', 'example_external_task_marker_parent' retrieved from /home/airflow/.local/lib/python3.8/site-packages/airflow/example_dags/example_external_task_marker_dag.py
[2025-07-09T19:55:06.205+0000] {logging_mixin.py:188} INFO - [2025-07-09T19:55:06.204+0000] {dag.py:3036} INFO - Sync 2 DAGs
[2025-07-09T19:55:06.219+0000] {logging_mixin.py:188} INFO - [2025-07-09T19:55:06.219+0000] {dag.py:3823} INFO - Setting next_dagrun for example_external_task_marker_child to None, run_after=None
[2025-07-09T19:55:06.224+0000] {logging_mixin.py:188} INFO - [2025-07-09T19:55:06.224+0000] {dag.py:3823} INFO - Setting next_dagrun for example_external_task_marker_parent to None, run_after=None
[2025-07-09T19:55:06.248+0000] {processor.py:183} INFO - Processing /home/airflow/.local/lib/python3.8/site-packages/airflow/example_dags/example_external_task_marker_dag.py took 0.094 seconds
[2025-07-09T19:55:36.407+0000] {processor.py:161} INFO - Started process (PID=222) to work on /home/airflow/.local/lib/python3.8/site-packages/airflow/example_dags/example_external_task_marker_dag.py
[2025-07-09T19:55:36.408+0000] {processor.py:830} INFO - Processing file /home/airflow/.local/lib/python3.8/site-packages/airflow/example_dags/example_external_task_marker_dag.py for tasks to queue
[2025-07-09T19:55:36.412+0000] {logging_mixin.py:188} INFO - [2025-07-09T19:55:36.411+0000] {dagbag.py:538} INFO - Filling up the DagBag from /home/airflow/.local/lib/python3.8/site-packages/airflow/example_dags/example_external_task_marker_dag.py
[2025-07-09T19:55:36.420+0000] {processor.py:840} INFO - DAG(s) 'example_external_task_marker_child', 'example_external_task_marker_parent' retrieved from /home/airflow/.local/lib/python3.8/site-packages/airflow/example_dags/example_external_task_marker_dag.py
[2025-07-09T19:55:36.455+0000] {logging_mixin.py:188} INFO - [2025-07-09T19:55:36.454+0000] {dag.py:3036} INFO - Sync 2 DAGs
[2025-07-09T19:55:36.470+0000] {logging_mixin.py:188} INFO - [2025-07-09T19:55:36.470+0000] {dag.py:3823} INFO - Setting next_dagrun for example_external_task_marker_child to None, run_after=None
[2025-07-09T19:55:36.475+0000] {logging_mixin.py:188} INFO - [2025-07-09T19:55:36.475+0000] {dag.py:3823} INFO - Setting next_dagrun for example_external_task_marker_parent to None, run_after=None
[2025-07-09T19:55:36.503+0000] {processor.py:183} INFO - Processing /home/airflow/.local/lib/python3.8/site-packages/airflow/example_dags/example_external_task_marker_dag.py took 0.101 seconds
[2025-07-09T19:56:06.567+0000] {processor.py:161} INFO - Started process (PID=279) to work on /home/airflow/.local/lib/python3.8/site-packages/airflow/example_dags/example_external_task_marker_dag.py
[2025-07-09T19:56:06.569+0000] {processor.py:830} INFO - Processing file /home/airflow/.local/lib/python3.8/site-packages/airflow/example_dags/example_external_task_marker_dag.py for tasks to queue
[2025-07-09T19:56:06.572+0000] {logging_mixin.py:188} INFO - [2025-07-09T19:56:06.571+0000] {dagbag.py:538} INFO - Filling up the DagBag from /home/airflow/.local/lib/python3.8/site-packages/airflow/example_dags/example_external_task_marker_dag.py
[2025-07-09T19:56:06.580+0000] {processor.py:840} INFO - DAG(s) 'example_external_task_marker_parent', 'example_external_task_marker_child' retrieved from /home/airflow/.local/lib/python3.8/site-packages/airflow/example_dags/example_external_task_marker_dag.py
[2025-07-09T19:56:06.615+0000] {logging_mixin.py:188} INFO - [2025-07-09T19:56:06.615+0000] {dag.py:3036} INFO - Sync 2 DAGs
[2025-07-09T19:56:06.632+0000] {logging_mixin.py:188} INFO - [2025-07-09T19:56:06.632+0000] {dag.py:3823} INFO - Setting next_dagrun for example_external_task_marker_child to None, run_after=None
[2025-07-09T19:56:06.637+0000] {logging_mixin.py:188} INFO - [2025-07-09T19:56:06.637+0000] {dag.py:3823} INFO - Setting next_dagrun for example_external_task_marker_parent to None, run_after=None
[2025-07-09T19:56:06.664+0000] {processor.py:183} INFO - Processing /home/airflow/.local/lib/python3.8/site-packages/airflow/example_dags/example_external_task_marker_dag.py took 0.102 seconds
[2025-07-09T19:56:37.389+0000] {processor.py:161} INFO - Started process (PID=340) to work on /home/airflow/.local/lib/python3.8/site-packages/airflow/example_dags/example_external_task_marker_dag.py
[2025-07-09T19:56:37.391+0000] {processor.py:830} INFO - Processing file /home/airflow/.local/lib/python3.8/site-packages/airflow/example_dags/example_external_task_marker_dag.py for tasks to queue
[2025-07-09T19:56:37.395+0000] {logging_mixin.py:188} INFO - [2025-07-09T19:56:37.394+0000] {dagbag.py:538} INFO - Filling up the DagBag from /home/airflow/.local/lib/python3.8/site-packages/airflow/example_dags/example_external_task_marker_dag.py
[2025-07-09T19:56:37.406+0000] {processor.py:840} INFO - DAG(s) 'example_external_task_marker_child', 'example_external_task_marker_parent' retrieved from /home/airflow/.local/lib/python3.8/site-packages/airflow/example_dags/example_external_task_marker_dag.py
[2025-07-09T19:56:37.449+0000] {logging_mixin.py:188} INFO - [2025-07-09T19:56:37.449+0000] {dag.py:3036} INFO - Sync 2 DAGs
[2025-07-09T19:56:37.468+0000] {logging_mixin.py:188} INFO - [2025-07-09T19:56:37.468+0000] {dag.py:3823} INFO - Setting next_dagrun for example_external_task_marker_child to None, run_after=None
[2025-07-09T19:56:37.474+0000] {logging_mixin.py:188} INFO - [2025-07-09T19:56:37.473+0000] {dag.py:3823} INFO - Setting next_dagrun for example_external_task_marker_parent to None, run_after=None
[2025-07-09T19:56:37.507+0000] {processor.py:183} INFO - Processing /home/airflow/.local/lib/python3.8/site-packages/airflow/example_dags/example_external_task_marker_dag.py took 0.125 seconds
[2025-07-09T19:57:09.038+0000] {processor.py:161} INFO - Started process (PID=397) to work on /home/airflow/.local/lib/python3.8/site-packages/airflow/example_dags/example_external_task_marker_dag.py
[2025-07-09T19:57:09.040+0000] {processor.py:830} INFO - Processing file /home/airflow/.local/lib/python3.8/site-packages/airflow/example_dags/example_external_task_marker_dag.py for tasks to queue
[2025-07-09T19:57:09.043+0000] {logging_mixin.py:188} INFO - [2025-07-09T19:57:09.042+0000] {dagbag.py:538} INFO - Filling up the DagBag from /home/airflow/.local/lib/python3.8/site-packages/airflow/example_dags/example_external_task_marker_dag.py
[2025-07-09T19:57:09.053+0000] {processor.py:840} INFO - DAG(s) 'example_external_task_marker_child', 'example_external_task_marker_parent' retrieved from /home/airflow/.local/lib/python3.8/site-packages/airflow/example_dags/example_external_task_marker_dag.py
[2025-07-09T19:57:09.090+0000] {logging_mixin.py:188} INFO - [2025-07-09T19:57:09.089+0000] {dag.py:3036} INFO - Sync 2 DAGs
[2025-07-09T19:57:09.106+0000] {logging_mixin.py:188} INFO - [2025-07-09T19:57:09.105+0000] {dag.py:3823} INFO - Setting next_dagrun for example_external_task_marker_child to None, run_after=None
[2025-07-09T19:57:09.111+0000] {logging_mixin.py:188} INFO - [2025-07-09T19:57:09.111+0000] {dag.py:3823} INFO - Setting next_dagrun for example_external_task_marker_parent to None, run_after=None
[2025-07-09T19:57:09.135+0000] {processor.py:183} INFO - Processing /home/airflow/.local/lib/python3.8/site-packages/airflow/example_dags/example_external_task_marker_dag.py took 0.101 seconds
[2025-07-09T19:57:40.408+0000] {processor.py:161} INFO - Started process (PID=458) to work on /home/airflow/.local/lib/python3.8/site-packages/airflow/example_dags/example_external_task_marker_dag.py
[2025-07-09T19:57:40.411+0000] {processor.py:830} INFO - Processing file /home/airflow/.local/lib/python3.8/site-packages/airflow/example_dags/example_external_task_marker_dag.py for tasks to queue
[2025-07-09T19:57:40.416+0000] {logging_mixin.py:188} INFO - [2025-07-09T19:57:40.415+0000] {dagbag.py:538} INFO - Filling up the DagBag from /home/airflow/.local/lib/python3.8/site-packages/airflow/example_dags/example_external_task_marker_dag.py
[2025-07-09T19:57:40.436+0000] {processor.py:840} INFO - DAG(s) 'example_external_task_marker_child', 'example_external_task_marker_parent' retrieved from /home/airflow/.local/lib/python3.8/site-packages/airflow/example_dags/example_external_task_marker_dag.py
[2025-07-09T19:57:40.474+0000] {logging_mixin.py:188} INFO - [2025-07-09T19:57:40.474+0000] {dag.py:3036} INFO - Sync 2 DAGs
[2025-07-09T19:57:40.492+0000] {logging_mixin.py:188} INFO - [2025-07-09T19:57:40.492+0000] {dag.py:3823} INFO - Setting next_dagrun for example_external_task_marker_child to None, run_after=None
[2025-07-09T19:57:40.498+0000] {logging_mixin.py:188} INFO - [2025-07-09T19:57:40.497+0000] {dag.py:3823} INFO - Setting next_dagrun for example_external_task_marker_parent to None, run_after=None
[2025-07-09T19:57:40.537+0000] {processor.py:183} INFO - Processing /home/airflow/.local/lib/python3.8/site-packages/airflow/example_dags/example_external_task_marker_dag.py took 0.134 seconds
[2025-07-09T19:58:11.237+0000] {processor.py:161} INFO - Started process (PID=519) to work on /home/airflow/.local/lib/python3.8/site-packages/airflow/example_dags/example_external_task_marker_dag.py
[2025-07-09T19:58:11.238+0000] {processor.py:830} INFO - Processing file /home/airflow/.local/lib/python3.8/site-packages/airflow/example_dags/example_external_task_marker_dag.py for tasks to queue
[2025-07-09T19:58:11.241+0000] {logging_mixin.py:188} INFO - [2025-07-09T19:58:11.241+0000] {dagbag.py:538} INFO - Filling up the DagBag from /home/airflow/.local/lib/python3.8/site-packages/airflow/example_dags/example_external_task_marker_dag.py
[2025-07-09T19:58:11.251+0000] {processor.py:840} INFO - DAG(s) 'example_external_task_marker_parent', 'example_external_task_marker_child' retrieved from /home/airflow/.local/lib/python3.8/site-packages/airflow/example_dags/example_external_task_marker_dag.py
[2025-07-09T19:58:11.285+0000] {logging_mixin.py:188} INFO - [2025-07-09T19:58:11.285+0000] {dag.py:3036} INFO - Sync 2 DAGs
[2025-07-09T19:58:11.301+0000] {logging_mixin.py:188} INFO - [2025-07-09T19:58:11.301+0000] {dag.py:3823} INFO - Setting next_dagrun for example_external_task_marker_child to None, run_after=None
[2025-07-09T19:58:11.307+0000] {logging_mixin.py:188} INFO - [2025-07-09T19:58:11.306+0000] {dag.py:3823} INFO - Setting next_dagrun for example_external_task_marker_parent to None, run_after=None
[2025-07-09T19:58:11.338+0000] {processor.py:183} INFO - Processing /home/airflow/.local/lib/python3.8/site-packages/airflow/example_dags/example_external_task_marker_dag.py took 0.107 seconds
[2025-07-09T19:58:41.725+0000] {processor.py:161} INFO - Started process (PID=576) to work on /home/airflow/.local/lib/python3.8/site-packages/airflow/example_dags/example_external_task_marker_dag.py
[2025-07-09T19:58:41.727+0000] {processor.py:830} INFO - Processing file /home/airflow/.local/lib/python3.8/site-packages/airflow/example_dags/example_external_task_marker_dag.py for tasks to queue
[2025-07-09T19:58:41.730+0000] {logging_mixin.py:188} INFO - [2025-07-09T19:58:41.730+0000] {dagbag.py:538} INFO - Filling up the DagBag from /home/airflow/.local/lib/python3.8/site-packages/airflow/example_dags/example_external_task_marker_dag.py
[2025-07-09T19:58:41.739+0000] {processor.py:840} INFO - DAG(s) 'example_external_task_marker_child', 'example_external_task_marker_parent' retrieved from /home/airflow/.local/lib/python3.8/site-packages/airflow/example_dags/example_external_task_marker_dag.py
[2025-07-09T19:58:41.771+0000] {logging_mixin.py:188} INFO - [2025-07-09T19:58:41.771+0000] {dag.py:3036} INFO - Sync 2 DAGs
[2025-07-09T19:58:41.787+0000] {logging_mixin.py:188} INFO - [2025-07-09T19:58:41.786+0000] {dag.py:3823} INFO - Setting next_dagrun for example_external_task_marker_child to None, run_after=None
[2025-07-09T19:58:41.792+0000] {logging_mixin.py:188} INFO - [2025-07-09T19:58:41.792+0000] {dag.py:3823} INFO - Setting next_dagrun for example_external_task_marker_parent to None, run_after=None
[2025-07-09T19:58:41.818+0000] {processor.py:183} INFO - Processing /home/airflow/.local/lib/python3.8/site-packages/airflow/example_dags/example_external_task_marker_dag.py took 0.097 seconds
[2025-07-09T19:59:11.975+0000] {processor.py:161} INFO - Started process (PID=638) to work on /home/airflow/.local/lib/python3.8/site-packages/airflow/example_dags/example_external_task_marker_dag.py
[2025-07-09T19:59:11.977+0000] {processor.py:830} INFO - Processing file /home/airflow/.local/lib/python3.8/site-packages/airflow/example_dags/example_external_task_marker_dag.py for tasks to queue
[2025-07-09T19:59:11.980+0000] {logging_mixin.py:188} INFO - [2025-07-09T19:59:11.980+0000] {dagbag.py:538} INFO - Filling up the DagBag from /home/airflow/.local/lib/python3.8/site-packages/airflow/example_dags/example_external_task_marker_dag.py
[2025-07-09T19:59:11.989+0000] {processor.py:840} INFO - DAG(s) 'example_external_task_marker_child', 'example_external_task_marker_parent' retrieved from /home/airflow/.local/lib/python3.8/site-packages/airflow/example_dags/example_external_task_marker_dag.py
[2025-07-09T19:59:12.025+0000] {logging_mixin.py:188} INFO - [2025-07-09T19:59:12.025+0000] {dag.py:3036} INFO - Sync 2 DAGs
[2025-07-09T19:59:12.042+0000] {logging_mixin.py:188} INFO - [2025-07-09T19:59:12.042+0000] {dag.py:3823} INFO - Setting next_dagrun for example_external_task_marker_child to None, run_after=None
[2025-07-09T19:59:12.047+0000] {logging_mixin.py:188} INFO - [2025-07-09T19:59:12.047+0000] {dag.py:3823} INFO - Setting next_dagrun for example_external_task_marker_parent to None, run_after=None
[2025-07-09T19:59:12.074+0000] {processor.py:183} INFO - Processing /home/airflow/.local/lib/python3.8/site-packages/airflow/example_dags/example_external_task_marker_dag.py took 0.103 seconds
[2025-07-09T19:59:42.775+0000] {processor.py:161} INFO - Started process (PID=695) to work on /home/airflow/.local/lib/python3.8/site-packages/airflow/example_dags/example_external_task_marker_dag.py
[2025-07-09T19:59:42.777+0000] {processor.py:830} INFO - Processing file /home/airflow/.local/lib/python3.8/site-packages/airflow/example_dags/example_external_task_marker_dag.py for tasks to queue
[2025-07-09T19:59:42.780+0000] {logging_mixin.py:188} INFO - [2025-07-09T19:59:42.779+0000] {dagbag.py:538} INFO - Filling up the DagBag from /home/airflow/.local/lib/python3.8/site-packages/airflow/example_dags/example_external_task_marker_dag.py
[2025-07-09T19:59:42.789+0000] {processor.py:840} INFO - DAG(s) 'example_external_task_marker_parent', 'example_external_task_marker_child' retrieved from /home/airflow/.local/lib/python3.8/site-packages/airflow/example_dags/example_external_task_marker_dag.py
[2025-07-09T19:59:42.820+0000] {logging_mixin.py:188} INFO - [2025-07-09T19:59:42.820+0000] {dag.py:3036} INFO - Sync 2 DAGs
[2025-07-09T19:59:42.835+0000] {logging_mixin.py:188} INFO - [2025-07-09T19:59:42.834+0000] {dag.py:3823} INFO - Setting next_dagrun for example_external_task_marker_child to None, run_after=None
[2025-07-09T19:59:42.840+0000] {logging_mixin.py:188} INFO - [2025-07-09T19:59:42.839+0000] {dag.py:3823} INFO - Setting next_dagrun for example_external_task_marker_parent to None, run_after=None
[2025-07-09T19:59:42.865+0000] {processor.py:183} INFO - Processing /home/airflow/.local/lib/python3.8/site-packages/airflow/example_dags/example_external_task_marker_dag.py took 0.094 seconds
[2025-07-09T20:00:13.499+0000] {processor.py:161} INFO - Started process (PID=752) to work on /home/airflow/.local/lib/python3.8/site-packages/airflow/example_dags/example_external_task_marker_dag.py
[2025-07-09T20:00:13.501+0000] {processor.py:830} INFO - Processing file /home/airflow/.local/lib/python3.8/site-packages/airflow/example_dags/example_external_task_marker_dag.py for tasks to queue
[2025-07-09T20:00:13.504+0000] {logging_mixin.py:188} INFO - [2025-07-09T20:00:13.503+0000] {dagbag.py:538} INFO - Filling up the DagBag from /home/airflow/.local/lib/python3.8/site-packages/airflow/example_dags/example_external_task_marker_dag.py
[2025-07-09T20:00:13.515+0000] {processor.py:840} INFO - DAG(s) 'example_external_task_marker_child', 'example_external_task_marker_parent' retrieved from /home/airflow/.local/lib/python3.8/site-packages/airflow/example_dags/example_external_task_marker_dag.py
[2025-07-09T20:00:13.550+0000] {logging_mixin.py:188} INFO - [2025-07-09T20:00:13.549+0000] {dag.py:3036} INFO - Sync 2 DAGs
[2025-07-09T20:00:13.566+0000] {logging_mixin.py:188} INFO - [2025-07-09T20:00:13.566+0000] {dag.py:3823} INFO - Setting next_dagrun for example_external_task_marker_child to None, run_after=None
[2025-07-09T20:00:13.572+0000] {logging_mixin.py:188} INFO - [2025-07-09T20:00:13.572+0000] {dag.py:3823} INFO - Setting next_dagrun for example_external_task_marker_parent to None, run_after=None
[2025-07-09T20:00:13.609+0000] {processor.py:183} INFO - Processing /home/airflow/.local/lib/python3.8/site-packages/airflow/example_dags/example_external_task_marker_dag.py took 0.115 seconds
[2025-07-09T20:00:44.481+0000] {processor.py:161} INFO - Started process (PID=808) to work on /home/airflow/.local/lib/python3.8/site-packages/airflow/example_dags/example_external_task_marker_dag.py
[2025-07-09T20:00:44.483+0000] {processor.py:830} INFO - Processing file /home/airflow/.local/lib/python3.8/site-packages/airflow/example_dags/example_external_task_marker_dag.py for tasks to queue
[2025-07-09T20:00:44.487+0000] {logging_mixin.py:188} INFO - [2025-07-09T20:00:44.487+0000] {dagbag.py:538} INFO - Filling up the DagBag from /home/airflow/.local/lib/python3.8/site-packages/airflow/example_dags/example_external_task_marker_dag.py
[2025-07-09T20:00:44.503+0000] {processor.py:840} INFO - DAG(s) 'example_external_task_marker_child', 'example_external_task_marker_parent' retrieved from /home/airflow/.local/lib/python3.8/site-packages/airflow/example_dags/example_external_task_marker_dag.py
[2025-07-09T20:00:44.557+0000] {logging_mixin.py:188} INFO - [2025-07-09T20:00:44.556+0000] {dag.py:3036} INFO - Sync 2 DAGs
[2025-07-09T20:00:44.588+0000] {logging_mixin.py:188} INFO - [2025-07-09T20:00:44.587+0000] {dag.py:3823} INFO - Setting next_dagrun for example_external_task_marker_child to None, run_after=None
[2025-07-09T20:00:44.602+0000] {logging_mixin.py:188} INFO - [2025-07-09T20:00:44.601+0000] {dag.py:3823} INFO - Setting next_dagrun for example_external_task_marker_parent to None, run_after=None
[2025-07-09T20:00:44.649+0000] {processor.py:183} INFO - Processing /home/airflow/.local/lib/python3.8/site-packages/airflow/example_dags/example_external_task_marker_dag.py took 0.176 seconds
[2025-07-09T22:49:05.124+0000] {processor.py:161} INFO - Started process (PID=863) to work on /home/airflow/.local/lib/python3.8/site-packages/airflow/example_dags/example_external_task_marker_dag.py
[2025-07-09T22:49:05.127+0000] {processor.py:830} INFO - Processing file /home/airflow/.local/lib/python3.8/site-packages/airflow/example_dags/example_external_task_marker_dag.py for tasks to queue
[2025-07-09T22:49:05.133+0000] {logging_mixin.py:188} INFO - [2025-07-09T22:49:05.132+0000] {dagbag.py:538} INFO - Filling up the DagBag from /home/airflow/.local/lib/python3.8/site-packages/airflow/example_dags/example_external_task_marker_dag.py
[2025-07-09T22:49:05.154+0000] {processor.py:840} INFO - DAG(s) 'example_external_task_marker_parent', 'example_external_task_marker_child' retrieved from /home/airflow/.local/lib/python3.8/site-packages/airflow/example_dags/example_external_task_marker_dag.py
[2025-07-09T22:49:05.219+0000] {logging_mixin.py:188} INFO - [2025-07-09T22:49:05.218+0000] {dag.py:3036} INFO - Sync 2 DAGs
[2025-07-09T22:49:05.248+0000] {logging_mixin.py:188} INFO - [2025-07-09T22:49:05.247+0000] {dag.py:3823} INFO - Setting next_dagrun for example_external_task_marker_child to None, run_after=None
[2025-07-09T22:49:05.261+0000] {logging_mixin.py:188} INFO - [2025-07-09T22:49:05.261+0000] {dag.py:3823} INFO - Setting next_dagrun for example_external_task_marker_parent to None, run_after=None
[2025-07-09T22:49:05.313+0000] {processor.py:183} INFO - Processing /home/airflow/.local/lib/python3.8/site-packages/airflow/example_dags/example_external_task_marker_dag.py took 0.198 seconds
[2025-07-09T22:49:35.804+0000] {processor.py:161} INFO - Started process (PID=921) to work on /home/airflow/.local/lib/python3.8/site-packages/airflow/example_dags/example_external_task_marker_dag.py
[2025-07-09T22:49:35.805+0000] {processor.py:830} INFO - Processing file /home/airflow/.local/lib/python3.8/site-packages/airflow/example_dags/example_external_task_marker_dag.py for tasks to queue
[2025-07-09T22:49:35.808+0000] {logging_mixin.py:188} INFO - [2025-07-09T22:49:35.808+0000] {dagbag.py:538} INFO - Filling up the DagBag from /home/airflow/.local/lib/python3.8/site-packages/airflow/example_dags/example_external_task_marker_dag.py
[2025-07-09T22:49:35.816+0000] {processor.py:840} INFO - DAG(s) 'example_external_task_marker_child', 'example_external_task_marker_parent' retrieved from /home/airflow/.local/lib/python3.8/site-packages/airflow/example_dags/example_external_task_marker_dag.py
[2025-07-09T22:49:35.847+0000] {logging_mixin.py:188} INFO - [2025-07-09T22:49:35.847+0000] {dag.py:3036} INFO - Sync 2 DAGs
[2025-07-09T22:49:35.862+0000] {logging_mixin.py:188} INFO - [2025-07-09T22:49:35.861+0000] {dag.py:3823} INFO - Setting next_dagrun for example_external_task_marker_child to None, run_after=None
[2025-07-09T22:49:35.866+0000] {logging_mixin.py:188} INFO - [2025-07-09T22:49:35.866+0000] {dag.py:3823} INFO - Setting next_dagrun for example_external_task_marker_parent to None, run_after=None
[2025-07-09T22:49:35.893+0000] {processor.py:183} INFO - Processing /home/airflow/.local/lib/python3.8/site-packages/airflow/example_dags/example_external_task_marker_dag.py took 0.094 seconds
[2025-07-09T22:50:07.180+0000] {processor.py:161} INFO - Started process (PID=978) to work on /home/airflow/.local/lib/python3.8/site-packages/airflow/example_dags/example_external_task_marker_dag.py
[2025-07-09T22:50:07.182+0000] {processor.py:830} INFO - Processing file /home/airflow/.local/lib/python3.8/site-packages/airflow/example_dags/example_external_task_marker_dag.py for tasks to queue
[2025-07-09T22:50:07.185+0000] {logging_mixin.py:188} INFO - [2025-07-09T22:50:07.185+0000] {dagbag.py:538} INFO - Filling up the DagBag from /home/airflow/.local/lib/python3.8/site-packages/airflow/example_dags/example_external_task_marker_dag.py
[2025-07-09T22:50:07.193+0000] {processor.py:840} INFO - DAG(s) 'example_external_task_marker_parent', 'example_external_task_marker_child' retrieved from /home/airflow/.local/lib/python3.8/site-packages/airflow/example_dags/example_external_task_marker_dag.py
[2025-07-09T22:50:07.223+0000] {logging_mixin.py:188} INFO - [2025-07-09T22:50:07.222+0000] {dag.py:3036} INFO - Sync 2 DAGs
[2025-07-09T22:50:07.237+0000] {logging_mixin.py:188} INFO - [2025-07-09T22:50:07.237+0000] {dag.py:3823} INFO - Setting next_dagrun for example_external_task_marker_child to None, run_after=None
[2025-07-09T22:50:07.242+0000] {logging_mixin.py:188} INFO - [2025-07-09T22:50:07.242+0000] {dag.py:3823} INFO - Setting next_dagrun for example_external_task_marker_parent to None, run_after=None
[2025-07-09T22:50:07.268+0000] {processor.py:183} INFO - Processing /home/airflow/.local/lib/python3.8/site-packages/airflow/example_dags/example_external_task_marker_dag.py took 0.092 seconds
[2025-07-09T22:50:39.944+0000] {processor.py:161} INFO - Started process (PID=1034) to work on /home/airflow/.local/lib/python3.8/site-packages/airflow/example_dags/example_external_task_marker_dag.py
[2025-07-09T22:50:39.948+0000] {processor.py:830} INFO - Processing file /home/airflow/.local/lib/python3.8/site-packages/airflow/example_dags/example_external_task_marker_dag.py for tasks to queue
[2025-07-09T22:50:39.952+0000] {logging_mixin.py:188} INFO - [2025-07-09T22:50:39.951+0000] {dagbag.py:538} INFO - Filling up the DagBag from /home/airflow/.local/lib/python3.8/site-packages/airflow/example_dags/example_external_task_marker_dag.py
[2025-07-09T22:50:39.966+0000] {processor.py:840} INFO - DAG(s) 'example_external_task_marker_parent', 'example_external_task_marker_child' retrieved from /home/airflow/.local/lib/python3.8/site-packages/airflow/example_dags/example_external_task_marker_dag.py
[2025-07-09T22:50:40.008+0000] {logging_mixin.py:188} INFO - [2025-07-09T22:50:40.008+0000] {dag.py:3036} INFO - Sync 2 DAGs
[2025-07-09T22:50:40.032+0000] {logging_mixin.py:188} INFO - [2025-07-09T22:50:40.032+0000] {dag.py:3823} INFO - Setting next_dagrun for example_external_task_marker_child to None, run_after=None
[2025-07-09T22:50:40.038+0000] {logging_mixin.py:188} INFO - [2025-07-09T22:50:40.038+0000] {dag.py:3823} INFO - Setting next_dagrun for example_external_task_marker_parent to None, run_after=None
[2025-07-09T22:50:40.070+0000] {processor.py:183} INFO - Processing /home/airflow/.local/lib/python3.8/site-packages/airflow/example_dags/example_external_task_marker_dag.py took 0.132 seconds
[2025-07-09T22:51:10.978+0000] {processor.py:161} INFO - Started process (PID=1091) to work on /home/airflow/.local/lib/python3.8/site-packages/airflow/example_dags/example_external_task_marker_dag.py
[2025-07-09T22:51:10.980+0000] {processor.py:830} INFO - Processing file /home/airflow/.local/lib/python3.8/site-packages/airflow/example_dags/example_external_task_marker_dag.py for tasks to queue
[2025-07-09T22:51:10.985+0000] {logging_mixin.py:188} INFO - [2025-07-09T22:51:10.984+0000] {dagbag.py:538} INFO - Filling up the DagBag from /home/airflow/.local/lib/python3.8/site-packages/airflow/example_dags/example_external_task_marker_dag.py
[2025-07-09T22:51:10.998+0000] {processor.py:840} INFO - DAG(s) 'example_external_task_marker_parent', 'example_external_task_marker_child' retrieved from /home/airflow/.local/lib/python3.8/site-packages/airflow/example_dags/example_external_task_marker_dag.py
[2025-07-09T22:51:11.044+0000] {logging_mixin.py:188} INFO - [2025-07-09T22:51:11.043+0000] {dag.py:3036} INFO - Sync 2 DAGs
[2025-07-09T22:51:11.072+0000] {logging_mixin.py:188} INFO - [2025-07-09T22:51:11.071+0000] {dag.py:3823} INFO - Setting next_dagrun for example_external_task_marker_child to None, run_after=None
[2025-07-09T22:51:11.080+0000] {logging_mixin.py:188} INFO - [2025-07-09T22:51:11.080+0000] {dag.py:3823} INFO - Setting next_dagrun for example_external_task_marker_parent to None, run_after=None
[2025-07-09T22:51:11.128+0000] {processor.py:183} INFO - Processing /home/airflow/.local/lib/python3.8/site-packages/airflow/example_dags/example_external_task_marker_dag.py took 0.155 seconds
[2025-07-09T22:51:41.441+0000] {processor.py:161} INFO - Started process (PID=1147) to work on /home/airflow/.local/lib/python3.8/site-packages/airflow/example_dags/example_external_task_marker_dag.py
[2025-07-09T22:51:41.443+0000] {processor.py:830} INFO - Processing file /home/airflow/.local/lib/python3.8/site-packages/airflow/example_dags/example_external_task_marker_dag.py for tasks to queue
[2025-07-09T22:51:41.446+0000] {logging_mixin.py:188} INFO - [2025-07-09T22:51:41.446+0000] {dagbag.py:538} INFO - Filling up the DagBag from /home/airflow/.local/lib/python3.8/site-packages/airflow/example_dags/example_external_task_marker_dag.py
[2025-07-09T22:51:41.457+0000] {processor.py:840} INFO - DAG(s) 'example_external_task_marker_parent', 'example_external_task_marker_child' retrieved from /home/airflow/.local/lib/python3.8/site-packages/airflow/example_dags/example_external_task_marker_dag.py
[2025-07-09T22:51:41.495+0000] {logging_mixin.py:188} INFO - [2025-07-09T22:51:41.495+0000] {dag.py:3036} INFO - Sync 2 DAGs
[2025-07-09T22:51:41.512+0000] {logging_mixin.py:188} INFO - [2025-07-09T22:51:41.511+0000] {dag.py:3823} INFO - Setting next_dagrun for example_external_task_marker_child to None, run_after=None
[2025-07-09T22:51:41.517+0000] {logging_mixin.py:188} INFO - [2025-07-09T22:51:41.517+0000] {dag.py:3823} INFO - Setting next_dagrun for example_external_task_marker_parent to None, run_after=None
[2025-07-09T22:51:41.543+0000] {processor.py:183} INFO - Processing /home/airflow/.local/lib/python3.8/site-packages/airflow/example_dags/example_external_task_marker_dag.py took 0.107 seconds
[2025-07-09T22:52:12.300+0000] {processor.py:161} INFO - Started process (PID=1204) to work on /home/airflow/.local/lib/python3.8/site-packages/airflow/example_dags/example_external_task_marker_dag.py
[2025-07-09T22:52:12.302+0000] {processor.py:830} INFO - Processing file /home/airflow/.local/lib/python3.8/site-packages/airflow/example_dags/example_external_task_marker_dag.py for tasks to queue
[2025-07-09T22:52:12.305+0000] {logging_mixin.py:188} INFO - [2025-07-09T22:52:12.304+0000] {dagbag.py:538} INFO - Filling up the DagBag from /home/airflow/.local/lib/python3.8/site-packages/airflow/example_dags/example_external_task_marker_dag.py
[2025-07-09T22:52:12.314+0000] {processor.py:840} INFO - DAG(s) 'example_external_task_marker_child', 'example_external_task_marker_parent' retrieved from /home/airflow/.local/lib/python3.8/site-packages/airflow/example_dags/example_external_task_marker_dag.py
[2025-07-09T22:52:12.352+0000] {logging_mixin.py:188} INFO - [2025-07-09T22:52:12.351+0000] {dag.py:3036} INFO - Sync 2 DAGs
[2025-07-09T22:52:12.369+0000] {logging_mixin.py:188} INFO - [2025-07-09T22:52:12.369+0000] {dag.py:3823} INFO - Setting next_dagrun for example_external_task_marker_child to None, run_after=None
[2025-07-09T22:52:12.375+0000] {logging_mixin.py:188} INFO - [2025-07-09T22:52:12.375+0000] {dag.py:3823} INFO - Setting next_dagrun for example_external_task_marker_parent to None, run_after=None
[2025-07-09T22:52:12.405+0000] {processor.py:183} INFO - Processing /home/airflow/.local/lib/python3.8/site-packages/airflow/example_dags/example_external_task_marker_dag.py took 0.110 seconds
[2025-07-09T22:52:42.693+0000] {processor.py:161} INFO - Started process (PID=1261) to work on /home/airflow/.local/lib/python3.8/site-packages/airflow/example_dags/example_external_task_marker_dag.py
[2025-07-09T22:52:42.694+0000] {processor.py:830} INFO - Processing file /home/airflow/.local/lib/python3.8/site-packages/airflow/example_dags/example_external_task_marker_dag.py for tasks to queue
[2025-07-09T22:52:42.697+0000] {logging_mixin.py:188} INFO - [2025-07-09T22:52:42.697+0000] {dagbag.py:538} INFO - Filling up the DagBag from /home/airflow/.local/lib/python3.8/site-packages/airflow/example_dags/example_external_task_marker_dag.py
[2025-07-09T22:52:42.705+0000] {processor.py:840} INFO - DAG(s) 'example_external_task_marker_parent', 'example_external_task_marker_child' retrieved from /home/airflow/.local/lib/python3.8/site-packages/airflow/example_dags/example_external_task_marker_dag.py
[2025-07-09T22:52:42.735+0000] {logging_mixin.py:188} INFO - [2025-07-09T22:52:42.735+0000] {dag.py:3036} INFO - Sync 2 DAGs
[2025-07-09T22:52:42.752+0000] {logging_mixin.py:188} INFO - [2025-07-09T22:52:42.752+0000] {dag.py:3823} INFO - Setting next_dagrun for example_external_task_marker_child to None, run_after=None
[2025-07-09T22:52:42.757+0000] {logging_mixin.py:188} INFO - [2025-07-09T22:52:42.757+0000] {dag.py:3823} INFO - Setting next_dagrun for example_external_task_marker_parent to None, run_after=None
[2025-07-09T22:52:42.783+0000] {processor.py:183} INFO - Processing /home/airflow/.local/lib/python3.8/site-packages/airflow/example_dags/example_external_task_marker_dag.py took 0.095 seconds
[2025-07-09T22:53:13.222+0000] {processor.py:161} INFO - Started process (PID=1318) to work on /home/airflow/.local/lib/python3.8/site-packages/airflow/example_dags/example_external_task_marker_dag.py
[2025-07-09T22:53:13.224+0000] {processor.py:830} INFO - Processing file /home/airflow/.local/lib/python3.8/site-packages/airflow/example_dags/example_external_task_marker_dag.py for tasks to queue
[2025-07-09T22:53:13.227+0000] {logging_mixin.py:188} INFO - [2025-07-09T22:53:13.227+0000] {dagbag.py:538} INFO - Filling up the DagBag from /home/airflow/.local/lib/python3.8/site-packages/airflow/example_dags/example_external_task_marker_dag.py
[2025-07-09T22:53:13.236+0000] {processor.py:840} INFO - DAG(s) 'example_external_task_marker_parent', 'example_external_task_marker_child' retrieved from /home/airflow/.local/lib/python3.8/site-packages/airflow/example_dags/example_external_task_marker_dag.py
[2025-07-09T22:53:13.278+0000] {logging_mixin.py:188} INFO - [2025-07-09T22:53:13.278+0000] {dag.py:3036} INFO - Sync 2 DAGs
[2025-07-09T22:53:13.296+0000] {logging_mixin.py:188} INFO - [2025-07-09T22:53:13.296+0000] {dag.py:3823} INFO - Setting next_dagrun for example_external_task_marker_child to None, run_after=None
[2025-07-09T22:53:13.301+0000] {logging_mixin.py:188} INFO - [2025-07-09T22:53:13.301+0000] {dag.py:3823} INFO - Setting next_dagrun for example_external_task_marker_parent to None, run_after=None
[2025-07-09T22:53:13.375+0000] {processor.py:183} INFO - Processing /home/airflow/.local/lib/python3.8/site-packages/airflow/example_dags/example_external_task_marker_dag.py took 0.158 seconds
[2025-07-09T22:53:43.487+0000] {processor.py:161} INFO - Started process (PID=1374) to work on /home/airflow/.local/lib/python3.8/site-packages/airflow/example_dags/example_external_task_marker_dag.py
[2025-07-09T22:53:43.490+0000] {processor.py:830} INFO - Processing file /home/airflow/.local/lib/python3.8/site-packages/airflow/example_dags/example_external_task_marker_dag.py for tasks to queue
[2025-07-09T22:53:43.494+0000] {logging_mixin.py:188} INFO - [2025-07-09T22:53:43.493+0000] {dagbag.py:538} INFO - Filling up the DagBag from /home/airflow/.local/lib/python3.8/site-packages/airflow/example_dags/example_external_task_marker_dag.py
[2025-07-09T22:53:43.506+0000] {processor.py:840} INFO - DAG(s) 'example_external_task_marker_child', 'example_external_task_marker_parent' retrieved from /home/airflow/.local/lib/python3.8/site-packages/airflow/example_dags/example_external_task_marker_dag.py
[2025-07-09T22:53:43.556+0000] {logging_mixin.py:188} INFO - [2025-07-09T22:53:43.555+0000] {dag.py:3036} INFO - Sync 2 DAGs
[2025-07-09T22:53:43.580+0000] {logging_mixin.py:188} INFO - [2025-07-09T22:53:43.579+0000] {dag.py:3823} INFO - Setting next_dagrun for example_external_task_marker_child to None, run_after=None
[2025-07-09T22:53:43.588+0000] {logging_mixin.py:188} INFO - [2025-07-09T22:53:43.587+0000] {dag.py:3823} INFO - Setting next_dagrun for example_external_task_marker_parent to None, run_after=None
[2025-07-09T22:53:43.642+0000] {processor.py:183} INFO - Processing /home/airflow/.local/lib/python3.8/site-packages/airflow/example_dags/example_external_task_marker_dag.py took 0.161 seconds
[2025-07-09T22:54:14.520+0000] {processor.py:161} INFO - Started process (PID=1432) to work on /home/airflow/.local/lib/python3.8/site-packages/airflow/example_dags/example_external_task_marker_dag.py
[2025-07-09T22:54:14.522+0000] {processor.py:830} INFO - Processing file /home/airflow/.local/lib/python3.8/site-packages/airflow/example_dags/example_external_task_marker_dag.py for tasks to queue
[2025-07-09T22:54:14.526+0000] {logging_mixin.py:188} INFO - [2025-07-09T22:54:14.526+0000] {dagbag.py:538} INFO - Filling up the DagBag from /home/airflow/.local/lib/python3.8/site-packages/airflow/example_dags/example_external_task_marker_dag.py
[2025-07-09T22:54:14.536+0000] {processor.py:840} INFO - DAG(s) 'example_external_task_marker_child', 'example_external_task_marker_parent' retrieved from /home/airflow/.local/lib/python3.8/site-packages/airflow/example_dags/example_external_task_marker_dag.py
[2025-07-09T22:54:14.580+0000] {logging_mixin.py:188} INFO - [2025-07-09T22:54:14.579+0000] {dag.py:3036} INFO - Sync 2 DAGs
[2025-07-09T22:54:14.601+0000] {logging_mixin.py:188} INFO - [2025-07-09T22:54:14.600+0000] {dag.py:3823} INFO - Setting next_dagrun for example_external_task_marker_child to None, run_after=None
[2025-07-09T22:54:14.607+0000] {logging_mixin.py:188} INFO - [2025-07-09T22:54:14.606+0000] {dag.py:3823} INFO - Setting next_dagrun for example_external_task_marker_parent to None, run_after=None
[2025-07-09T22:54:14.640+0000] {processor.py:183} INFO - Processing /home/airflow/.local/lib/python3.8/site-packages/airflow/example_dags/example_external_task_marker_dag.py took 0.125 seconds
[2025-07-09T22:54:45.669+0000] {processor.py:161} INFO - Started process (PID=1488) to work on /home/airflow/.local/lib/python3.8/site-packages/airflow/example_dags/example_external_task_marker_dag.py
[2025-07-09T22:54:45.671+0000] {processor.py:830} INFO - Processing file /home/airflow/.local/lib/python3.8/site-packages/airflow/example_dags/example_external_task_marker_dag.py for tasks to queue
[2025-07-09T22:54:45.674+0000] {logging_mixin.py:188} INFO - [2025-07-09T22:54:45.674+0000] {dagbag.py:538} INFO - Filling up the DagBag from /home/airflow/.local/lib/python3.8/site-packages/airflow/example_dags/example_external_task_marker_dag.py
[2025-07-09T22:54:45.683+0000] {processor.py:840} INFO - DAG(s) 'example_external_task_marker_child', 'example_external_task_marker_parent' retrieved from /home/airflow/.local/lib/python3.8/site-packages/airflow/example_dags/example_external_task_marker_dag.py
[2025-07-09T22:54:45.724+0000] {logging_mixin.py:188} INFO - [2025-07-09T22:54:45.724+0000] {dag.py:3036} INFO - Sync 2 DAGs
[2025-07-09T22:54:45.748+0000] {logging_mixin.py:188} INFO - [2025-07-09T22:54:45.748+0000] {dag.py:3823} INFO - Setting next_dagrun for example_external_task_marker_child to None, run_after=None
[2025-07-09T22:54:45.755+0000] {logging_mixin.py:188} INFO - [2025-07-09T22:54:45.755+0000] {dag.py:3823} INFO - Setting next_dagrun for example_external_task_marker_parent to None, run_after=None
[2025-07-09T22:54:45.787+0000] {processor.py:183} INFO - Processing /home/airflow/.local/lib/python3.8/site-packages/airflow/example_dags/example_external_task_marker_dag.py took 0.122 seconds
[2025-07-09T22:55:15.947+0000] {processor.py:161} INFO - Started process (PID=1544) to work on /home/airflow/.local/lib/python3.8/site-packages/airflow/example_dags/example_external_task_marker_dag.py
[2025-07-09T22:55:15.948+0000] {processor.py:830} INFO - Processing file /home/airflow/.local/lib/python3.8/site-packages/airflow/example_dags/example_external_task_marker_dag.py for tasks to queue
[2025-07-09T22:55:15.951+0000] {logging_mixin.py:188} INFO - [2025-07-09T22:55:15.951+0000] {dagbag.py:538} INFO - Filling up the DagBag from /home/airflow/.local/lib/python3.8/site-packages/airflow/example_dags/example_external_task_marker_dag.py
[2025-07-09T22:55:15.963+0000] {processor.py:840} INFO - DAG(s) 'example_external_task_marker_parent', 'example_external_task_marker_child' retrieved from /home/airflow/.local/lib/python3.8/site-packages/airflow/example_dags/example_external_task_marker_dag.py
[2025-07-09T22:55:16.004+0000] {logging_mixin.py:188} INFO - [2025-07-09T22:55:16.004+0000] {dag.py:3036} INFO - Sync 2 DAGs
[2025-07-09T22:55:16.026+0000] {logging_mixin.py:188} INFO - [2025-07-09T22:55:16.025+0000] {dag.py:3823} INFO - Setting next_dagrun for example_external_task_marker_child to None, run_after=None
[2025-07-09T22:55:16.031+0000] {logging_mixin.py:188} INFO - [2025-07-09T22:55:16.031+0000] {dag.py:3823} INFO - Setting next_dagrun for example_external_task_marker_parent to None, run_after=None
[2025-07-09T22:55:16.058+0000] {processor.py:183} INFO - Processing /home/airflow/.local/lib/python3.8/site-packages/airflow/example_dags/example_external_task_marker_dag.py took 0.116 seconds
[2025-07-09T22:55:46.366+0000] {processor.py:161} INFO - Started process (PID=1601) to work on /home/airflow/.local/lib/python3.8/site-packages/airflow/example_dags/example_external_task_marker_dag.py
[2025-07-09T22:55:46.368+0000] {processor.py:830} INFO - Processing file /home/airflow/.local/lib/python3.8/site-packages/airflow/example_dags/example_external_task_marker_dag.py for tasks to queue
[2025-07-09T22:55:46.371+0000] {logging_mixin.py:188} INFO - [2025-07-09T22:55:46.371+0000] {dagbag.py:538} INFO - Filling up the DagBag from /home/airflow/.local/lib/python3.8/site-packages/airflow/example_dags/example_external_task_marker_dag.py
[2025-07-09T22:55:46.381+0000] {processor.py:840} INFO - DAG(s) 'example_external_task_marker_child', 'example_external_task_marker_parent' retrieved from /home/airflow/.local/lib/python3.8/site-packages/airflow/example_dags/example_external_task_marker_dag.py
[2025-07-09T22:55:46.414+0000] {logging_mixin.py:188} INFO - [2025-07-09T22:55:46.414+0000] {dag.py:3036} INFO - Sync 2 DAGs
[2025-07-09T22:55:46.430+0000] {logging_mixin.py:188} INFO - [2025-07-09T22:55:46.430+0000] {dag.py:3823} INFO - Setting next_dagrun for example_external_task_marker_child to None, run_after=None
[2025-07-09T22:55:46.435+0000] {logging_mixin.py:188} INFO - [2025-07-09T22:55:46.435+0000] {dag.py:3823} INFO - Setting next_dagrun for example_external_task_marker_parent to None, run_after=None
[2025-07-09T22:55:46.466+0000] {processor.py:183} INFO - Processing /home/airflow/.local/lib/python3.8/site-packages/airflow/example_dags/example_external_task_marker_dag.py took 0.106 seconds
[2025-07-09T22:56:16.707+0000] {processor.py:161} INFO - Started process (PID=1658) to work on /home/airflow/.local/lib/python3.8/site-packages/airflow/example_dags/example_external_task_marker_dag.py
[2025-07-09T22:56:16.709+0000] {processor.py:830} INFO - Processing file /home/airflow/.local/lib/python3.8/site-packages/airflow/example_dags/example_external_task_marker_dag.py for tasks to queue
[2025-07-09T22:56:16.713+0000] {logging_mixin.py:188} INFO - [2025-07-09T22:56:16.713+0000] {dagbag.py:538} INFO - Filling up the DagBag from /home/airflow/.local/lib/python3.8/site-packages/airflow/example_dags/example_external_task_marker_dag.py
[2025-07-09T22:56:16.726+0000] {processor.py:840} INFO - DAG(s) 'example_external_task_marker_child', 'example_external_task_marker_parent' retrieved from /home/airflow/.local/lib/python3.8/site-packages/airflow/example_dags/example_external_task_marker_dag.py
[2025-07-09T22:56:16.765+0000] {logging_mixin.py:188} INFO - [2025-07-09T22:56:16.764+0000] {dag.py:3036} INFO - Sync 2 DAGs
[2025-07-09T22:56:16.780+0000] {logging_mixin.py:188} INFO - [2025-07-09T22:56:16.779+0000] {dag.py:3823} INFO - Setting next_dagrun for example_external_task_marker_child to None, run_after=None
[2025-07-09T22:56:16.785+0000] {logging_mixin.py:188} INFO - [2025-07-09T22:56:16.785+0000] {dag.py:3823} INFO - Setting next_dagrun for example_external_task_marker_parent to None, run_after=None
[2025-07-09T22:56:16.812+0000] {processor.py:183} INFO - Processing /home/airflow/.local/lib/python3.8/site-packages/airflow/example_dags/example_external_task_marker_dag.py took 0.113 seconds
[2025-07-09T23:02:00.492+0000] {processor.py:161} INFO - Started process (PID=110) to work on /home/airflow/.local/lib/python3.8/site-packages/airflow/example_dags/example_external_task_marker_dag.py
[2025-07-09T23:02:00.494+0000] {processor.py:830} INFO - Processing file /home/airflow/.local/lib/python3.8/site-packages/airflow/example_dags/example_external_task_marker_dag.py for tasks to queue
[2025-07-09T23:02:00.498+0000] {logging_mixin.py:188} INFO - [2025-07-09T23:02:00.497+0000] {dagbag.py:538} INFO - Filling up the DagBag from /home/airflow/.local/lib/python3.8/site-packages/airflow/example_dags/example_external_task_marker_dag.py
[2025-07-09T23:02:00.510+0000] {processor.py:840} INFO - DAG(s) 'example_external_task_marker_child', 'example_external_task_marker_parent' retrieved from /home/airflow/.local/lib/python3.8/site-packages/airflow/example_dags/example_external_task_marker_dag.py
[2025-07-09T23:02:00.660+0000] {logging_mixin.py:188} INFO - [2025-07-09T23:02:00.659+0000] {override.py:1769} INFO - Created Permission View: can edit on DAG:example_external_task_marker_child
[2025-07-09T23:02:00.679+0000] {logging_mixin.py:188} INFO - [2025-07-09T23:02:00.679+0000] {override.py:1769} INFO - Created Permission View: can delete on DAG:example_external_task_marker_child
[2025-07-09T23:02:00.697+0000] {logging_mixin.py:188} INFO - [2025-07-09T23:02:00.697+0000] {override.py:1769} INFO - Created Permission View: can read on DAG:example_external_task_marker_child
[2025-07-09T23:02:00.721+0000] {logging_mixin.py:188} INFO - [2025-07-09T23:02:00.720+0000] {override.py:1769} INFO - Created Permission View: can edit on DAG:example_external_task_marker_parent
[2025-07-09T23:02:00.734+0000] {logging_mixin.py:188} INFO - [2025-07-09T23:02:00.733+0000] {override.py:1769} INFO - Created Permission View: can delete on DAG:example_external_task_marker_parent
[2025-07-09T23:02:00.749+0000] {logging_mixin.py:188} INFO - [2025-07-09T23:02:00.748+0000] {override.py:1769} INFO - Created Permission View: can read on DAG:example_external_task_marker_parent
[2025-07-09T23:02:00.750+0000] {logging_mixin.py:188} INFO - [2025-07-09T23:02:00.750+0000] {dag.py:3036} INFO - Sync 2 DAGs
[2025-07-09T23:02:00.769+0000] {logging_mixin.py:188} INFO - [2025-07-09T23:02:00.768+0000] {dag.py:3058} INFO - Creating ORM DAG for example_external_task_marker_parent
[2025-07-09T23:02:00.770+0000] {logging_mixin.py:188} INFO - [2025-07-09T23:02:00.770+0000] {dag.py:3058} INFO - Creating ORM DAG for example_external_task_marker_child
[2025-07-09T23:02:00.772+0000] {logging_mixin.py:188} INFO - [2025-07-09T23:02:00.771+0000] {dag.py:3823} INFO - Setting next_dagrun for example_external_task_marker_child to None, run_after=None
[2025-07-09T23:02:00.780+0000] {logging_mixin.py:188} INFO - [2025-07-09T23:02:00.780+0000] {dag.py:3823} INFO - Setting next_dagrun for example_external_task_marker_parent to None, run_after=None
[2025-07-09T23:02:00.821+0000] {processor.py:183} INFO - Processing /home/airflow/.local/lib/python3.8/site-packages/airflow/example_dags/example_external_task_marker_dag.py took 0.335 seconds
[2025-07-09T23:02:31.642+0000] {processor.py:161} INFO - Started process (PID=166) to work on /home/airflow/.local/lib/python3.8/site-packages/airflow/example_dags/example_external_task_marker_dag.py
[2025-07-09T23:02:31.644+0000] {processor.py:830} INFO - Processing file /home/airflow/.local/lib/python3.8/site-packages/airflow/example_dags/example_external_task_marker_dag.py for tasks to queue
[2025-07-09T23:02:31.648+0000] {logging_mixin.py:188} INFO - [2025-07-09T23:02:31.647+0000] {dagbag.py:538} INFO - Filling up the DagBag from /home/airflow/.local/lib/python3.8/site-packages/airflow/example_dags/example_external_task_marker_dag.py
[2025-07-09T23:02:31.658+0000] {processor.py:840} INFO - DAG(s) 'example_external_task_marker_child', 'example_external_task_marker_parent' retrieved from /home/airflow/.local/lib/python3.8/site-packages/airflow/example_dags/example_external_task_marker_dag.py
[2025-07-09T23:02:31.699+0000] {logging_mixin.py:188} INFO - [2025-07-09T23:02:31.698+0000] {dag.py:3036} INFO - Sync 2 DAGs
[2025-07-09T23:02:31.716+0000] {logging_mixin.py:188} INFO - [2025-07-09T23:02:31.715+0000] {dag.py:3823} INFO - Setting next_dagrun for example_external_task_marker_child to None, run_after=None
[2025-07-09T23:02:31.721+0000] {logging_mixin.py:188} INFO - [2025-07-09T23:02:31.721+0000] {dag.py:3823} INFO - Setting next_dagrun for example_external_task_marker_parent to None, run_after=None
[2025-07-09T23:02:31.754+0000] {processor.py:183} INFO - Processing /home/airflow/.local/lib/python3.8/site-packages/airflow/example_dags/example_external_task_marker_dag.py took 0.117 seconds
[2025-07-09T23:03:01.971+0000] {processor.py:161} INFO - Started process (PID=231) to work on /home/airflow/.local/lib/python3.8/site-packages/airflow/example_dags/example_external_task_marker_dag.py
[2025-07-09T23:03:01.973+0000] {processor.py:830} INFO - Processing file /home/airflow/.local/lib/python3.8/site-packages/airflow/example_dags/example_external_task_marker_dag.py for tasks to queue
[2025-07-09T23:03:01.978+0000] {logging_mixin.py:188} INFO - [2025-07-09T23:03:01.977+0000] {dagbag.py:538} INFO - Filling up the DagBag from /home/airflow/.local/lib/python3.8/site-packages/airflow/example_dags/example_external_task_marker_dag.py
[2025-07-09T23:03:01.993+0000] {processor.py:840} INFO - DAG(s) 'example_external_task_marker_parent', 'example_external_task_marker_child' retrieved from /home/airflow/.local/lib/python3.8/site-packages/airflow/example_dags/example_external_task_marker_dag.py
[2025-07-09T23:03:02.042+0000] {logging_mixin.py:188} INFO - [2025-07-09T23:03:02.042+0000] {dag.py:3036} INFO - Sync 2 DAGs
[2025-07-09T23:03:02.067+0000] {logging_mixin.py:188} INFO - [2025-07-09T23:03:02.067+0000] {dag.py:3823} INFO - Setting next_dagrun for example_external_task_marker_child to None, run_after=None
[2025-07-09T23:03:02.075+0000] {logging_mixin.py:188} INFO - [2025-07-09T23:03:02.074+0000] {dag.py:3823} INFO - Setting next_dagrun for example_external_task_marker_parent to None, run_after=None
[2025-07-09T23:03:02.113+0000] {processor.py:183} INFO - Processing /home/airflow/.local/lib/python3.8/site-packages/airflow/example_dags/example_external_task_marker_dag.py took 0.149 seconds
[2025-07-09T23:03:32.578+0000] {processor.py:161} INFO - Started process (PID=287) to work on /home/airflow/.local/lib/python3.8/site-packages/airflow/example_dags/example_external_task_marker_dag.py
[2025-07-09T23:03:32.580+0000] {processor.py:830} INFO - Processing file /home/airflow/.local/lib/python3.8/site-packages/airflow/example_dags/example_external_task_marker_dag.py for tasks to queue
[2025-07-09T23:03:32.584+0000] {logging_mixin.py:188} INFO - [2025-07-09T23:03:32.584+0000] {dagbag.py:538} INFO - Filling up the DagBag from /home/airflow/.local/lib/python3.8/site-packages/airflow/example_dags/example_external_task_marker_dag.py
[2025-07-09T23:03:32.593+0000] {processor.py:840} INFO - DAG(s) 'example_external_task_marker_child', 'example_external_task_marker_parent' retrieved from /home/airflow/.local/lib/python3.8/site-packages/airflow/example_dags/example_external_task_marker_dag.py
[2025-07-09T23:03:32.627+0000] {logging_mixin.py:188} INFO - [2025-07-09T23:03:32.626+0000] {dag.py:3036} INFO - Sync 2 DAGs
[2025-07-09T23:03:32.645+0000] {logging_mixin.py:188} INFO - [2025-07-09T23:03:32.644+0000] {dag.py:3823} INFO - Setting next_dagrun for example_external_task_marker_child to None, run_after=None
[2025-07-09T23:03:32.651+0000] {logging_mixin.py:188} INFO - [2025-07-09T23:03:32.650+0000] {dag.py:3823} INFO - Setting next_dagrun for example_external_task_marker_parent to None, run_after=None
[2025-07-09T23:03:32.682+0000] {processor.py:183} INFO - Processing /home/airflow/.local/lib/python3.8/site-packages/airflow/example_dags/example_external_task_marker_dag.py took 0.109 seconds
[2025-07-09T23:04:03.530+0000] {processor.py:161} INFO - Started process (PID=347) to work on /home/airflow/.local/lib/python3.8/site-packages/airflow/example_dags/example_external_task_marker_dag.py
[2025-07-09T23:04:03.533+0000] {processor.py:830} INFO - Processing file /home/airflow/.local/lib/python3.8/site-packages/airflow/example_dags/example_external_task_marker_dag.py for tasks to queue
[2025-07-09T23:04:03.536+0000] {logging_mixin.py:188} INFO - [2025-07-09T23:04:03.536+0000] {dagbag.py:538} INFO - Filling up the DagBag from /home/airflow/.local/lib/python3.8/site-packages/airflow/example_dags/example_external_task_marker_dag.py
[2025-07-09T23:04:03.546+0000] {processor.py:840} INFO - DAG(s) 'example_external_task_marker_child', 'example_external_task_marker_parent' retrieved from /home/airflow/.local/lib/python3.8/site-packages/airflow/example_dags/example_external_task_marker_dag.py
[2025-07-09T23:04:03.578+0000] {logging_mixin.py:188} INFO - [2025-07-09T23:04:03.578+0000] {dag.py:3036} INFO - Sync 2 DAGs
[2025-07-09T23:04:03.594+0000] {logging_mixin.py:188} INFO - [2025-07-09T23:04:03.594+0000] {dag.py:3823} INFO - Setting next_dagrun for example_external_task_marker_child to None, run_after=None
[2025-07-09T23:04:03.599+0000] {logging_mixin.py:188} INFO - [2025-07-09T23:04:03.599+0000] {dag.py:3823} INFO - Setting next_dagrun for example_external_task_marker_parent to None, run_after=None
[2025-07-09T23:04:03.629+0000] {processor.py:183} INFO - Processing /home/airflow/.local/lib/python3.8/site-packages/airflow/example_dags/example_external_task_marker_dag.py took 0.104 seconds
[2025-07-09T23:04:33.837+0000] {processor.py:161} INFO - Started process (PID=403) to work on /home/airflow/.local/lib/python3.8/site-packages/airflow/example_dags/example_external_task_marker_dag.py
[2025-07-09T23:04:33.839+0000] {processor.py:830} INFO - Processing file /home/airflow/.local/lib/python3.8/site-packages/airflow/example_dags/example_external_task_marker_dag.py for tasks to queue
[2025-07-09T23:04:33.844+0000] {logging_mixin.py:188} INFO - [2025-07-09T23:04:33.843+0000] {dagbag.py:538} INFO - Filling up the DagBag from /home/airflow/.local/lib/python3.8/site-packages/airflow/example_dags/example_external_task_marker_dag.py
[2025-07-09T23:04:33.856+0000] {processor.py:840} INFO - DAG(s) 'example_external_task_marker_parent', 'example_external_task_marker_child' retrieved from /home/airflow/.local/lib/python3.8/site-packages/airflow/example_dags/example_external_task_marker_dag.py
[2025-07-09T23:04:33.903+0000] {logging_mixin.py:188} INFO - [2025-07-09T23:04:33.902+0000] {dag.py:3036} INFO - Sync 2 DAGs
[2025-07-09T23:04:33.918+0000] {logging_mixin.py:188} INFO - [2025-07-09T23:04:33.918+0000] {dag.py:3823} INFO - Setting next_dagrun for example_external_task_marker_child to None, run_after=None
[2025-07-09T23:04:33.924+0000] {logging_mixin.py:188} INFO - [2025-07-09T23:04:33.924+0000] {dag.py:3823} INFO - Setting next_dagrun for example_external_task_marker_parent to None, run_after=None
[2025-07-09T23:04:33.949+0000] {processor.py:183} INFO - Processing /home/airflow/.local/lib/python3.8/site-packages/airflow/example_dags/example_external_task_marker_dag.py took 0.119 seconds
[2025-07-09T23:05:04.541+0000] {processor.py:161} INFO - Started process (PID=461) to work on /home/airflow/.local/lib/python3.8/site-packages/airflow/example_dags/example_external_task_marker_dag.py
[2025-07-09T23:05:04.543+0000] {processor.py:830} INFO - Processing file /home/airflow/.local/lib/python3.8/site-packages/airflow/example_dags/example_external_task_marker_dag.py for tasks to queue
[2025-07-09T23:05:04.546+0000] {logging_mixin.py:188} INFO - [2025-07-09T23:05:04.545+0000] {dagbag.py:538} INFO - Filling up the DagBag from /home/airflow/.local/lib/python3.8/site-packages/airflow/example_dags/example_external_task_marker_dag.py
[2025-07-09T23:05:04.553+0000] {processor.py:840} INFO - DAG(s) 'example_external_task_marker_parent', 'example_external_task_marker_child' retrieved from /home/airflow/.local/lib/python3.8/site-packages/airflow/example_dags/example_external_task_marker_dag.py
[2025-07-09T23:05:04.606+0000] {logging_mixin.py:188} INFO - [2025-07-09T23:05:04.606+0000] {dag.py:3036} INFO - Sync 2 DAGs
[2025-07-09T23:05:04.621+0000] {logging_mixin.py:188} INFO - [2025-07-09T23:05:04.621+0000] {dag.py:3823} INFO - Setting next_dagrun for example_external_task_marker_child to None, run_after=None
[2025-07-09T23:05:04.626+0000] {logging_mixin.py:188} INFO - [2025-07-09T23:05:04.625+0000] {dag.py:3823} INFO - Setting next_dagrun for example_external_task_marker_parent to None, run_after=None
[2025-07-09T23:05:04.650+0000] {processor.py:183} INFO - Processing /home/airflow/.local/lib/python3.8/site-packages/airflow/example_dags/example_external_task_marker_dag.py took 0.113 seconds
[2025-07-09T23:05:35.210+0000] {processor.py:161} INFO - Started process (PID=519) to work on /home/airflow/.local/lib/python3.8/site-packages/airflow/example_dags/example_external_task_marker_dag.py
[2025-07-09T23:05:35.211+0000] {processor.py:830} INFO - Processing file /home/airflow/.local/lib/python3.8/site-packages/airflow/example_dags/example_external_task_marker_dag.py for tasks to queue
[2025-07-09T23:05:35.215+0000] {logging_mixin.py:188} INFO - [2025-07-09T23:05:35.214+0000] {dagbag.py:538} INFO - Filling up the DagBag from /home/airflow/.local/lib/python3.8/site-packages/airflow/example_dags/example_external_task_marker_dag.py
[2025-07-09T23:05:35.223+0000] {processor.py:840} INFO - DAG(s) 'example_external_task_marker_child', 'example_external_task_marker_parent' retrieved from /home/airflow/.local/lib/python3.8/site-packages/airflow/example_dags/example_external_task_marker_dag.py
[2025-07-09T23:05:35.260+0000] {logging_mixin.py:188} INFO - [2025-07-09T23:05:35.259+0000] {dag.py:3036} INFO - Sync 2 DAGs
[2025-07-09T23:05:35.278+0000] {logging_mixin.py:188} INFO - [2025-07-09T23:05:35.278+0000] {dag.py:3823} INFO - Setting next_dagrun for example_external_task_marker_child to None, run_after=None
[2025-07-09T23:05:35.284+0000] {logging_mixin.py:188} INFO - [2025-07-09T23:05:35.283+0000] {dag.py:3823} INFO - Setting next_dagrun for example_external_task_marker_parent to None, run_after=None
[2025-07-09T23:05:35.314+0000] {processor.py:183} INFO - Processing /home/airflow/.local/lib/python3.8/site-packages/airflow/example_dags/example_external_task_marker_dag.py took 0.110 seconds
[2025-07-09T23:06:05.485+0000] {processor.py:161} INFO - Started process (PID=576) to work on /home/airflow/.local/lib/python3.8/site-packages/airflow/example_dags/example_external_task_marker_dag.py
[2025-07-09T23:06:05.487+0000] {processor.py:830} INFO - Processing file /home/airflow/.local/lib/python3.8/site-packages/airflow/example_dags/example_external_task_marker_dag.py for tasks to queue
[2025-07-09T23:06:05.492+0000] {logging_mixin.py:188} INFO - [2025-07-09T23:06:05.491+0000] {dagbag.py:538} INFO - Filling up the DagBag from /home/airflow/.local/lib/python3.8/site-packages/airflow/example_dags/example_external_task_marker_dag.py
[2025-07-09T23:06:05.500+0000] {processor.py:840} INFO - DAG(s) 'example_external_task_marker_parent', 'example_external_task_marker_child' retrieved from /home/airflow/.local/lib/python3.8/site-packages/airflow/example_dags/example_external_task_marker_dag.py
[2025-07-09T23:06:05.549+0000] {logging_mixin.py:188} INFO - [2025-07-09T23:06:05.549+0000] {dag.py:3036} INFO - Sync 2 DAGs
[2025-07-09T23:06:05.569+0000] {logging_mixin.py:188} INFO - [2025-07-09T23:06:05.569+0000] {dag.py:3823} INFO - Setting next_dagrun for example_external_task_marker_child to None, run_after=None
[2025-07-09T23:06:05.576+0000] {logging_mixin.py:188} INFO - [2025-07-09T23:06:05.576+0000] {dag.py:3823} INFO - Setting next_dagrun for example_external_task_marker_parent to None, run_after=None
[2025-07-09T23:06:05.605+0000] {processor.py:183} INFO - Processing /home/airflow/.local/lib/python3.8/site-packages/airflow/example_dags/example_external_task_marker_dag.py took 0.126 seconds
[2025-07-09T23:06:36.445+0000] {processor.py:161} INFO - Started process (PID=633) to work on /home/airflow/.local/lib/python3.8/site-packages/airflow/example_dags/example_external_task_marker_dag.py
[2025-07-09T23:06:36.447+0000] {processor.py:830} INFO - Processing file /home/airflow/.local/lib/python3.8/site-packages/airflow/example_dags/example_external_task_marker_dag.py for tasks to queue
[2025-07-09T23:06:36.451+0000] {logging_mixin.py:188} INFO - [2025-07-09T23:06:36.450+0000] {dagbag.py:538} INFO - Filling up the DagBag from /home/airflow/.local/lib/python3.8/site-packages/airflow/example_dags/example_external_task_marker_dag.py
[2025-07-09T23:06:36.461+0000] {processor.py:840} INFO - DAG(s) 'example_external_task_marker_parent', 'example_external_task_marker_child' retrieved from /home/airflow/.local/lib/python3.8/site-packages/airflow/example_dags/example_external_task_marker_dag.py
[2025-07-09T23:06:36.496+0000] {logging_mixin.py:188} INFO - [2025-07-09T23:06:36.496+0000] {dag.py:3036} INFO - Sync 2 DAGs
[2025-07-09T23:06:36.511+0000] {logging_mixin.py:188} INFO - [2025-07-09T23:06:36.511+0000] {dag.py:3823} INFO - Setting next_dagrun for example_external_task_marker_child to None, run_after=None
[2025-07-09T23:06:36.517+0000] {logging_mixin.py:188} INFO - [2025-07-09T23:06:36.517+0000] {dag.py:3823} INFO - Setting next_dagrun for example_external_task_marker_parent to None, run_after=None
[2025-07-09T23:06:36.559+0000] {processor.py:183} INFO - Processing /home/airflow/.local/lib/python3.8/site-packages/airflow/example_dags/example_external_task_marker_dag.py took 0.120 seconds
[2025-07-09T23:07:07.512+0000] {processor.py:161} INFO - Started process (PID=690) to work on /home/airflow/.local/lib/python3.8/site-packages/airflow/example_dags/example_external_task_marker_dag.py
[2025-07-09T23:07:07.514+0000] {processor.py:830} INFO - Processing file /home/airflow/.local/lib/python3.8/site-packages/airflow/example_dags/example_external_task_marker_dag.py for tasks to queue
[2025-07-09T23:07:07.517+0000] {logging_mixin.py:188} INFO - [2025-07-09T23:07:07.516+0000] {dagbag.py:538} INFO - Filling up the DagBag from /home/airflow/.local/lib/python3.8/site-packages/airflow/example_dags/example_external_task_marker_dag.py
[2025-07-09T23:07:07.528+0000] {processor.py:840} INFO - DAG(s) 'example_external_task_marker_child', 'example_external_task_marker_parent' retrieved from /home/airflow/.local/lib/python3.8/site-packages/airflow/example_dags/example_external_task_marker_dag.py
[2025-07-09T23:07:07.564+0000] {logging_mixin.py:188} INFO - [2025-07-09T23:07:07.564+0000] {dag.py:3036} INFO - Sync 2 DAGs
[2025-07-09T23:07:07.585+0000] {logging_mixin.py:188} INFO - [2025-07-09T23:07:07.584+0000] {dag.py:3823} INFO - Setting next_dagrun for example_external_task_marker_child to None, run_after=None
[2025-07-09T23:07:07.591+0000] {logging_mixin.py:188} INFO - [2025-07-09T23:07:07.590+0000] {dag.py:3823} INFO - Setting next_dagrun for example_external_task_marker_parent to None, run_after=None
[2025-07-09T23:07:07.618+0000] {processor.py:183} INFO - Processing /home/airflow/.local/lib/python3.8/site-packages/airflow/example_dags/example_external_task_marker_dag.py took 0.111 seconds
[2025-07-09T23:07:37.807+0000] {processor.py:161} INFO - Started process (PID=746) to work on /home/airflow/.local/lib/python3.8/site-packages/airflow/example_dags/example_external_task_marker_dag.py
[2025-07-09T23:07:37.809+0000] {processor.py:830} INFO - Processing file /home/airflow/.local/lib/python3.8/site-packages/airflow/example_dags/example_external_task_marker_dag.py for tasks to queue
[2025-07-09T23:07:37.811+0000] {logging_mixin.py:188} INFO - [2025-07-09T23:07:37.811+0000] {dagbag.py:538} INFO - Filling up the DagBag from /home/airflow/.local/lib/python3.8/site-packages/airflow/example_dags/example_external_task_marker_dag.py
[2025-07-09T23:07:37.821+0000] {processor.py:840} INFO - DAG(s) 'example_external_task_marker_child', 'example_external_task_marker_parent' retrieved from /home/airflow/.local/lib/python3.8/site-packages/airflow/example_dags/example_external_task_marker_dag.py
[2025-07-09T23:07:37.861+0000] {logging_mixin.py:188} INFO - [2025-07-09T23:07:37.861+0000] {dag.py:3036} INFO - Sync 2 DAGs
[2025-07-09T23:07:37.881+0000] {logging_mixin.py:188} INFO - [2025-07-09T23:07:37.881+0000] {dag.py:3823} INFO - Setting next_dagrun for example_external_task_marker_child to None, run_after=None
[2025-07-09T23:07:37.888+0000] {logging_mixin.py:188} INFO - [2025-07-09T23:07:37.887+0000] {dag.py:3823} INFO - Setting next_dagrun for example_external_task_marker_parent to None, run_after=None
[2025-07-09T23:07:37.924+0000] {processor.py:183} INFO - Processing /home/airflow/.local/lib/python3.8/site-packages/airflow/example_dags/example_external_task_marker_dag.py took 0.123 seconds
[2025-07-09T23:08:08.059+0000] {processor.py:161} INFO - Started process (PID=802) to work on /home/airflow/.local/lib/python3.8/site-packages/airflow/example_dags/example_external_task_marker_dag.py
[2025-07-09T23:08:08.062+0000] {processor.py:830} INFO - Processing file /home/airflow/.local/lib/python3.8/site-packages/airflow/example_dags/example_external_task_marker_dag.py for tasks to queue
[2025-07-09T23:08:08.066+0000] {logging_mixin.py:188} INFO - [2025-07-09T23:08:08.065+0000] {dagbag.py:538} INFO - Filling up the DagBag from /home/airflow/.local/lib/python3.8/site-packages/airflow/example_dags/example_external_task_marker_dag.py
[2025-07-09T23:08:08.079+0000] {processor.py:840} INFO - DAG(s) 'example_external_task_marker_child', 'example_external_task_marker_parent' retrieved from /home/airflow/.local/lib/python3.8/site-packages/airflow/example_dags/example_external_task_marker_dag.py
[2025-07-09T23:08:08.138+0000] {logging_mixin.py:188} INFO - [2025-07-09T23:08:08.136+0000] {dag.py:3036} INFO - Sync 2 DAGs
[2025-07-09T23:08:08.160+0000] {logging_mixin.py:188} INFO - [2025-07-09T23:08:08.160+0000] {dag.py:3823} INFO - Setting next_dagrun for example_external_task_marker_child to None, run_after=None
[2025-07-09T23:08:08.168+0000] {logging_mixin.py:188} INFO - [2025-07-09T23:08:08.166+0000] {dag.py:3823} INFO - Setting next_dagrun for example_external_task_marker_parent to None, run_after=None
[2025-07-09T23:08:08.202+0000] {processor.py:183} INFO - Processing /home/airflow/.local/lib/python3.8/site-packages/airflow/example_dags/example_external_task_marker_dag.py took 0.149 seconds
[2025-07-09T23:08:38.551+0000] {processor.py:161} INFO - Started process (PID=859) to work on /home/airflow/.local/lib/python3.8/site-packages/airflow/example_dags/example_external_task_marker_dag.py
[2025-07-09T23:08:38.553+0000] {processor.py:830} INFO - Processing file /home/airflow/.local/lib/python3.8/site-packages/airflow/example_dags/example_external_task_marker_dag.py for tasks to queue
[2025-07-09T23:08:38.556+0000] {logging_mixin.py:188} INFO - [2025-07-09T23:08:38.555+0000] {dagbag.py:538} INFO - Filling up the DagBag from /home/airflow/.local/lib/python3.8/site-packages/airflow/example_dags/example_external_task_marker_dag.py
[2025-07-09T23:08:38.566+0000] {processor.py:840} INFO - DAG(s) 'example_external_task_marker_parent', 'example_external_task_marker_child' retrieved from /home/airflow/.local/lib/python3.8/site-packages/airflow/example_dags/example_external_task_marker_dag.py
[2025-07-09T23:08:38.603+0000] {logging_mixin.py:188} INFO - [2025-07-09T23:08:38.603+0000] {dag.py:3036} INFO - Sync 2 DAGs
[2025-07-09T23:08:38.621+0000] {logging_mixin.py:188} INFO - [2025-07-09T23:08:38.621+0000] {dag.py:3823} INFO - Setting next_dagrun for example_external_task_marker_child to None, run_after=None
[2025-07-09T23:08:38.627+0000] {logging_mixin.py:188} INFO - [2025-07-09T23:08:38.626+0000] {dag.py:3823} INFO - Setting next_dagrun for example_external_task_marker_parent to None, run_after=None
[2025-07-09T23:08:38.658+0000] {processor.py:183} INFO - Processing /home/airflow/.local/lib/python3.8/site-packages/airflow/example_dags/example_external_task_marker_dag.py took 0.112 seconds
[2025-07-09T23:49:56.984+0000] {processor.py:161} INFO - Started process (PID=104) to work on /home/airflow/.local/lib/python3.8/site-packages/airflow/example_dags/example_external_task_marker_dag.py
[2025-07-09T23:49:56.987+0000] {processor.py:830} INFO - Processing file /home/airflow/.local/lib/python3.8/site-packages/airflow/example_dags/example_external_task_marker_dag.py for tasks to queue
[2025-07-09T23:49:56.992+0000] {logging_mixin.py:188} INFO - [2025-07-09T23:49:56.991+0000] {dagbag.py:538} INFO - Filling up the DagBag from /home/airflow/.local/lib/python3.8/site-packages/airflow/example_dags/example_external_task_marker_dag.py
[2025-07-09T23:49:57.005+0000] {processor.py:840} INFO - DAG(s) 'example_external_task_marker_parent', 'example_external_task_marker_child' retrieved from /home/airflow/.local/lib/python3.8/site-packages/airflow/example_dags/example_external_task_marker_dag.py
[2025-07-09T23:49:57.202+0000] {logging_mixin.py:188} INFO - [2025-07-09T23:49:57.201+0000] {override.py:1769} INFO - Created Permission View: can delete on DAG:example_external_task_marker_parent
[2025-07-09T23:49:57.227+0000] {logging_mixin.py:188} INFO - [2025-07-09T23:49:57.226+0000] {override.py:1769} INFO - Created Permission View: can read on DAG:example_external_task_marker_parent
[2025-07-09T23:49:57.247+0000] {logging_mixin.py:188} INFO - [2025-07-09T23:49:57.246+0000] {override.py:1769} INFO - Created Permission View: can edit on DAG:example_external_task_marker_parent
[2025-07-09T23:49:57.284+0000] {logging_mixin.py:188} INFO - [2025-07-09T23:49:57.283+0000] {override.py:1769} INFO - Created Permission View: can delete on DAG:example_external_task_marker_child
[2025-07-09T23:49:57.304+0000] {logging_mixin.py:188} INFO - [2025-07-09T23:49:57.303+0000] {override.py:1769} INFO - Created Permission View: can read on DAG:example_external_task_marker_child
[2025-07-09T23:49:57.327+0000] {logging_mixin.py:188} INFO - [2025-07-09T23:49:57.327+0000] {override.py:1769} INFO - Created Permission View: can edit on DAG:example_external_task_marker_child
[2025-07-09T23:49:57.329+0000] {logging_mixin.py:188} INFO - [2025-07-09T23:49:57.328+0000] {dag.py:3036} INFO - Sync 2 DAGs
[2025-07-09T23:49:57.355+0000] {logging_mixin.py:188} INFO - [2025-07-09T23:49:57.354+0000] {dag.py:3058} INFO - Creating ORM DAG for example_external_task_marker_parent
[2025-07-09T23:49:57.357+0000] {logging_mixin.py:188} INFO - [2025-07-09T23:49:57.356+0000] {dag.py:3058} INFO - Creating ORM DAG for example_external_task_marker_child
[2025-07-09T23:49:57.359+0000] {logging_mixin.py:188} INFO - [2025-07-09T23:49:57.359+0000] {dag.py:3823} INFO - Setting next_dagrun for example_external_task_marker_child to None, run_after=None
[2025-07-09T23:49:57.362+0000] {logging_mixin.py:188} INFO - [2025-07-09T23:49:57.362+0000] {dag.py:3823} INFO - Setting next_dagrun for example_external_task_marker_parent to None, run_after=None
[2025-07-09T23:49:57.416+0000] {processor.py:183} INFO - Processing /home/airflow/.local/lib/python3.8/site-packages/airflow/example_dags/example_external_task_marker_dag.py took 0.439 seconds
[2025-07-09T23:50:28.029+0000] {processor.py:161} INFO - Started process (PID=161) to work on /home/airflow/.local/lib/python3.8/site-packages/airflow/example_dags/example_external_task_marker_dag.py
[2025-07-09T23:50:28.033+0000] {processor.py:830} INFO - Processing file /home/airflow/.local/lib/python3.8/site-packages/airflow/example_dags/example_external_task_marker_dag.py for tasks to queue
[2025-07-09T23:50:28.037+0000] {logging_mixin.py:188} INFO - [2025-07-09T23:50:28.037+0000] {dagbag.py:538} INFO - Filling up the DagBag from /home/airflow/.local/lib/python3.8/site-packages/airflow/example_dags/example_external_task_marker_dag.py
[2025-07-09T23:50:28.047+0000] {processor.py:840} INFO - DAG(s) 'example_external_task_marker_child', 'example_external_task_marker_parent' retrieved from /home/airflow/.local/lib/python3.8/site-packages/airflow/example_dags/example_external_task_marker_dag.py
[2025-07-09T23:50:28.077+0000] {logging_mixin.py:188} INFO - [2025-07-09T23:50:28.077+0000] {dag.py:3036} INFO - Sync 2 DAGs
[2025-07-09T23:50:28.093+0000] {logging_mixin.py:188} INFO - [2025-07-09T23:50:28.092+0000] {dag.py:3823} INFO - Setting next_dagrun for example_external_task_marker_child to None, run_after=None
[2025-07-09T23:50:28.098+0000] {logging_mixin.py:188} INFO - [2025-07-09T23:50:28.098+0000] {dag.py:3823} INFO - Setting next_dagrun for example_external_task_marker_parent to None, run_after=None
[2025-07-09T23:50:28.126+0000] {processor.py:183} INFO - Processing /home/airflow/.local/lib/python3.8/site-packages/airflow/example_dags/example_external_task_marker_dag.py took 0.101 seconds
[2025-07-09T23:54:34.003+0000] {processor.py:161} INFO - Started process (PID=111) to work on /home/airflow/.local/lib/python3.8/site-packages/airflow/example_dags/example_external_task_marker_dag.py
[2025-07-09T23:54:34.005+0000] {processor.py:830} INFO - Processing file /home/airflow/.local/lib/python3.8/site-packages/airflow/example_dags/example_external_task_marker_dag.py for tasks to queue
[2025-07-09T23:54:34.008+0000] {logging_mixin.py:188} INFO - [2025-07-09T23:54:34.007+0000] {dagbag.py:538} INFO - Filling up the DagBag from /home/airflow/.local/lib/python3.8/site-packages/airflow/example_dags/example_external_task_marker_dag.py
[2025-07-09T23:54:34.018+0000] {processor.py:840} INFO - DAG(s) 'example_external_task_marker_parent', 'example_external_task_marker_child' retrieved from /home/airflow/.local/lib/python3.8/site-packages/airflow/example_dags/example_external_task_marker_dag.py
[2025-07-09T23:54:34.176+0000] {logging_mixin.py:188} INFO - [2025-07-09T23:54:34.175+0000] {override.py:1769} INFO - Created Permission View: can edit on DAG:example_external_task_marker_parent
[2025-07-09T23:54:34.196+0000] {logging_mixin.py:188} INFO - [2025-07-09T23:54:34.195+0000] {override.py:1769} INFO - Created Permission View: can read on DAG:example_external_task_marker_parent
[2025-07-09T23:54:34.209+0000] {logging_mixin.py:188} INFO - [2025-07-09T23:54:34.209+0000] {override.py:1769} INFO - Created Permission View: can delete on DAG:example_external_task_marker_parent
[2025-07-09T23:54:34.240+0000] {logging_mixin.py:188} INFO - [2025-07-09T23:54:34.239+0000] {override.py:1769} INFO - Created Permission View: can edit on DAG:example_external_task_marker_child
[2025-07-09T23:54:34.258+0000] {logging_mixin.py:188} INFO - [2025-07-09T23:54:34.257+0000] {override.py:1769} INFO - Created Permission View: can read on DAG:example_external_task_marker_child
[2025-07-09T23:54:34.272+0000] {logging_mixin.py:188} INFO - [2025-07-09T23:54:34.272+0000] {override.py:1769} INFO - Created Permission View: can delete on DAG:example_external_task_marker_child
[2025-07-09T23:54:34.273+0000] {logging_mixin.py:188} INFO - [2025-07-09T23:54:34.273+0000] {dag.py:3036} INFO - Sync 2 DAGs
[2025-07-09T23:54:34.288+0000] {logging_mixin.py:188} INFO - [2025-07-09T23:54:34.288+0000] {dag.py:3058} INFO - Creating ORM DAG for example_external_task_marker_child
[2025-07-09T23:54:34.290+0000] {logging_mixin.py:188} INFO - [2025-07-09T23:54:34.290+0000] {dag.py:3058} INFO - Creating ORM DAG for example_external_task_marker_parent
[2025-07-09T23:54:34.291+0000] {logging_mixin.py:188} INFO - [2025-07-09T23:54:34.291+0000] {dag.py:3823} INFO - Setting next_dagrun for example_external_task_marker_child to None, run_after=None
[2025-07-09T23:54:34.292+0000] {logging_mixin.py:188} INFO - [2025-07-09T23:54:34.292+0000] {dag.py:3823} INFO - Setting next_dagrun for example_external_task_marker_parent to None, run_after=None
[2025-07-09T23:54:34.321+0000] {processor.py:183} INFO - Processing /home/airflow/.local/lib/python3.8/site-packages/airflow/example_dags/example_external_task_marker_dag.py took 0.323 seconds
[2025-07-09T23:55:04.542+0000] {processor.py:161} INFO - Started process (PID=168) to work on /home/airflow/.local/lib/python3.8/site-packages/airflow/example_dags/example_external_task_marker_dag.py
[2025-07-09T23:55:04.544+0000] {processor.py:830} INFO - Processing file /home/airflow/.local/lib/python3.8/site-packages/airflow/example_dags/example_external_task_marker_dag.py for tasks to queue
[2025-07-09T23:55:04.547+0000] {logging_mixin.py:188} INFO - [2025-07-09T23:55:04.546+0000] {dagbag.py:538} INFO - Filling up the DagBag from /home/airflow/.local/lib/python3.8/site-packages/airflow/example_dags/example_external_task_marker_dag.py
[2025-07-09T23:55:04.556+0000] {processor.py:840} INFO - DAG(s) 'example_external_task_marker_child', 'example_external_task_marker_parent' retrieved from /home/airflow/.local/lib/python3.8/site-packages/airflow/example_dags/example_external_task_marker_dag.py
[2025-07-09T23:55:04.594+0000] {logging_mixin.py:188} INFO - [2025-07-09T23:55:04.593+0000] {dag.py:3036} INFO - Sync 2 DAGs
[2025-07-09T23:55:04.616+0000] {logging_mixin.py:188} INFO - [2025-07-09T23:55:04.616+0000] {dag.py:3823} INFO - Setting next_dagrun for example_external_task_marker_child to None, run_after=None
[2025-07-09T23:55:04.622+0000] {logging_mixin.py:188} INFO - [2025-07-09T23:55:04.621+0000] {dag.py:3823} INFO - Setting next_dagrun for example_external_task_marker_parent to None, run_after=None
[2025-07-09T23:55:04.650+0000] {processor.py:183} INFO - Processing /home/airflow/.local/lib/python3.8/site-packages/airflow/example_dags/example_external_task_marker_dag.py took 0.112 seconds
[2025-07-09T23:55:36.149+0000] {processor.py:161} INFO - Started process (PID=233) to work on /home/airflow/.local/lib/python3.8/site-packages/airflow/example_dags/example_external_task_marker_dag.py
[2025-07-09T23:55:36.152+0000] {processor.py:830} INFO - Processing file /home/airflow/.local/lib/python3.8/site-packages/airflow/example_dags/example_external_task_marker_dag.py for tasks to queue
[2025-07-09T23:55:36.155+0000] {logging_mixin.py:188} INFO - [2025-07-09T23:55:36.155+0000] {dagbag.py:538} INFO - Filling up the DagBag from /home/airflow/.local/lib/python3.8/site-packages/airflow/example_dags/example_external_task_marker_dag.py
[2025-07-09T23:55:36.166+0000] {processor.py:840} INFO - DAG(s) 'example_external_task_marker_child', 'example_external_task_marker_parent' retrieved from /home/airflow/.local/lib/python3.8/site-packages/airflow/example_dags/example_external_task_marker_dag.py
[2025-07-09T23:55:36.212+0000] {logging_mixin.py:188} INFO - [2025-07-09T23:55:36.211+0000] {dag.py:3036} INFO - Sync 2 DAGs
[2025-07-09T23:55:36.231+0000] {logging_mixin.py:188} INFO - [2025-07-09T23:55:36.231+0000] {dag.py:3823} INFO - Setting next_dagrun for example_external_task_marker_child to None, run_after=None
[2025-07-09T23:55:36.238+0000] {logging_mixin.py:188} INFO - [2025-07-09T23:55:36.238+0000] {dag.py:3823} INFO - Setting next_dagrun for example_external_task_marker_parent to None, run_after=None
[2025-07-09T23:55:36.268+0000] {processor.py:183} INFO - Processing /home/airflow/.local/lib/python3.8/site-packages/airflow/example_dags/example_external_task_marker_dag.py took 0.126 seconds
[2025-07-09T23:56:07.471+0000] {processor.py:161} INFO - Started process (PID=289) to work on /home/airflow/.local/lib/python3.8/site-packages/airflow/example_dags/example_external_task_marker_dag.py
[2025-07-09T23:56:07.474+0000] {processor.py:830} INFO - Processing file /home/airflow/.local/lib/python3.8/site-packages/airflow/example_dags/example_external_task_marker_dag.py for tasks to queue
[2025-07-09T23:56:07.479+0000] {logging_mixin.py:188} INFO - [2025-07-09T23:56:07.478+0000] {dagbag.py:538} INFO - Filling up the DagBag from /home/airflow/.local/lib/python3.8/site-packages/airflow/example_dags/example_external_task_marker_dag.py
[2025-07-09T23:56:07.487+0000] {processor.py:840} INFO - DAG(s) 'example_external_task_marker_child', 'example_external_task_marker_parent' retrieved from /home/airflow/.local/lib/python3.8/site-packages/airflow/example_dags/example_external_task_marker_dag.py
[2025-07-09T23:56:07.521+0000] {logging_mixin.py:188} INFO - [2025-07-09T23:56:07.521+0000] {dag.py:3036} INFO - Sync 2 DAGs
[2025-07-09T23:56:07.538+0000] {logging_mixin.py:188} INFO - [2025-07-09T23:56:07.538+0000] {dag.py:3823} INFO - Setting next_dagrun for example_external_task_marker_child to None, run_after=None
[2025-07-09T23:56:07.544+0000] {logging_mixin.py:188} INFO - [2025-07-09T23:56:07.544+0000] {dag.py:3823} INFO - Setting next_dagrun for example_external_task_marker_parent to None, run_after=None
[2025-07-09T23:56:07.569+0000] {processor.py:183} INFO - Processing /home/airflow/.local/lib/python3.8/site-packages/airflow/example_dags/example_external_task_marker_dag.py took 0.102 seconds
[2025-07-09T23:56:37.717+0000] {processor.py:161} INFO - Started process (PID=345) to work on /home/airflow/.local/lib/python3.8/site-packages/airflow/example_dags/example_external_task_marker_dag.py
[2025-07-09T23:56:37.719+0000] {processor.py:830} INFO - Processing file /home/airflow/.local/lib/python3.8/site-packages/airflow/example_dags/example_external_task_marker_dag.py for tasks to queue
[2025-07-09T23:56:37.721+0000] {logging_mixin.py:188} INFO - [2025-07-09T23:56:37.721+0000] {dagbag.py:538} INFO - Filling up the DagBag from /home/airflow/.local/lib/python3.8/site-packages/airflow/example_dags/example_external_task_marker_dag.py
[2025-07-09T23:56:37.729+0000] {processor.py:840} INFO - DAG(s) 'example_external_task_marker_parent', 'example_external_task_marker_child' retrieved from /home/airflow/.local/lib/python3.8/site-packages/airflow/example_dags/example_external_task_marker_dag.py
[2025-07-09T23:56:37.763+0000] {logging_mixin.py:188} INFO - [2025-07-09T23:56:37.763+0000] {dag.py:3036} INFO - Sync 2 DAGs
[2025-07-09T23:56:37.781+0000] {logging_mixin.py:188} INFO - [2025-07-09T23:56:37.780+0000] {dag.py:3823} INFO - Setting next_dagrun for example_external_task_marker_child to None, run_after=None
[2025-07-09T23:56:37.786+0000] {logging_mixin.py:188} INFO - [2025-07-09T23:56:37.786+0000] {dag.py:3823} INFO - Setting next_dagrun for example_external_task_marker_parent to None, run_after=None
[2025-07-09T23:56:37.816+0000] {processor.py:183} INFO - Processing /home/airflow/.local/lib/python3.8/site-packages/airflow/example_dags/example_external_task_marker_dag.py took 0.103 seconds
[2025-07-09T23:57:07.875+0000] {processor.py:161} INFO - Started process (PID=405) to work on /home/airflow/.local/lib/python3.8/site-packages/airflow/example_dags/example_external_task_marker_dag.py
[2025-07-09T23:57:07.877+0000] {processor.py:830} INFO - Processing file /home/airflow/.local/lib/python3.8/site-packages/airflow/example_dags/example_external_task_marker_dag.py for tasks to queue
[2025-07-09T23:57:07.880+0000] {logging_mixin.py:188} INFO - [2025-07-09T23:57:07.880+0000] {dagbag.py:538} INFO - Filling up the DagBag from /home/airflow/.local/lib/python3.8/site-packages/airflow/example_dags/example_external_task_marker_dag.py
[2025-07-09T23:57:07.888+0000] {processor.py:840} INFO - DAG(s) 'example_external_task_marker_parent', 'example_external_task_marker_child' retrieved from /home/airflow/.local/lib/python3.8/site-packages/airflow/example_dags/example_external_task_marker_dag.py
[2025-07-09T23:57:07.923+0000] {logging_mixin.py:188} INFO - [2025-07-09T23:57:07.922+0000] {dag.py:3036} INFO - Sync 2 DAGs
[2025-07-09T23:57:07.942+0000] {logging_mixin.py:188} INFO - [2025-07-09T23:57:07.941+0000] {dag.py:3823} INFO - Setting next_dagrun for example_external_task_marker_child to None, run_after=None
[2025-07-09T23:57:07.948+0000] {logging_mixin.py:188} INFO - [2025-07-09T23:57:07.948+0000] {dag.py:3823} INFO - Setting next_dagrun for example_external_task_marker_parent to None, run_after=None
[2025-07-09T23:57:07.980+0000] {processor.py:183} INFO - Processing /home/airflow/.local/lib/python3.8/site-packages/airflow/example_dags/example_external_task_marker_dag.py took 0.110 seconds
[2025-07-09T23:57:38.075+0000] {processor.py:161} INFO - Started process (PID=461) to work on /home/airflow/.local/lib/python3.8/site-packages/airflow/example_dags/example_external_task_marker_dag.py
[2025-07-09T23:57:38.078+0000] {processor.py:830} INFO - Processing file /home/airflow/.local/lib/python3.8/site-packages/airflow/example_dags/example_external_task_marker_dag.py for tasks to queue
[2025-07-09T23:57:38.081+0000] {logging_mixin.py:188} INFO - [2025-07-09T23:57:38.080+0000] {dagbag.py:538} INFO - Filling up the DagBag from /home/airflow/.local/lib/python3.8/site-packages/airflow/example_dags/example_external_task_marker_dag.py
[2025-07-09T23:57:38.099+0000] {processor.py:840} INFO - DAG(s) 'example_external_task_marker_parent', 'example_external_task_marker_child' retrieved from /home/airflow/.local/lib/python3.8/site-packages/airflow/example_dags/example_external_task_marker_dag.py
[2025-07-09T23:57:38.156+0000] {logging_mixin.py:188} INFO - [2025-07-09T23:57:38.155+0000] {dag.py:3036} INFO - Sync 2 DAGs
[2025-07-09T23:57:38.171+0000] {logging_mixin.py:188} INFO - [2025-07-09T23:57:38.171+0000] {dag.py:3823} INFO - Setting next_dagrun for example_external_task_marker_child to None, run_after=None
[2025-07-09T23:57:38.176+0000] {logging_mixin.py:188} INFO - [2025-07-09T23:57:38.176+0000] {dag.py:3823} INFO - Setting next_dagrun for example_external_task_marker_parent to None, run_after=None
[2025-07-09T23:57:38.208+0000] {processor.py:183} INFO - Processing /home/airflow/.local/lib/python3.8/site-packages/airflow/example_dags/example_external_task_marker_dag.py took 0.141 seconds
[2025-07-09T23:58:08.276+0000] {processor.py:161} INFO - Started process (PID=517) to work on /home/airflow/.local/lib/python3.8/site-packages/airflow/example_dags/example_external_task_marker_dag.py
[2025-07-09T23:58:08.277+0000] {processor.py:830} INFO - Processing file /home/airflow/.local/lib/python3.8/site-packages/airflow/example_dags/example_external_task_marker_dag.py for tasks to queue
[2025-07-09T23:58:08.279+0000] {logging_mixin.py:188} INFO - [2025-07-09T23:58:08.278+0000] {dagbag.py:538} INFO - Filling up the DagBag from /home/airflow/.local/lib/python3.8/site-packages/airflow/example_dags/example_external_task_marker_dag.py
[2025-07-09T23:58:08.290+0000] {processor.py:840} INFO - DAG(s) 'example_external_task_marker_parent', 'example_external_task_marker_child' retrieved from /home/airflow/.local/lib/python3.8/site-packages/airflow/example_dags/example_external_task_marker_dag.py
[2025-07-09T23:58:08.328+0000] {logging_mixin.py:188} INFO - [2025-07-09T23:58:08.327+0000] {dag.py:3036} INFO - Sync 2 DAGs
[2025-07-09T23:58:08.346+0000] {logging_mixin.py:188} INFO - [2025-07-09T23:58:08.346+0000] {dag.py:3823} INFO - Setting next_dagrun for example_external_task_marker_child to None, run_after=None
[2025-07-09T23:58:08.351+0000] {logging_mixin.py:188} INFO - [2025-07-09T23:58:08.351+0000] {dag.py:3823} INFO - Setting next_dagrun for example_external_task_marker_parent to None, run_after=None
[2025-07-09T23:58:08.389+0000] {processor.py:183} INFO - Processing /home/airflow/.local/lib/python3.8/site-packages/airflow/example_dags/example_external_task_marker_dag.py took 0.117 seconds
[2025-07-09T23:58:38.429+0000] {processor.py:161} INFO - Started process (PID=573) to work on /home/airflow/.local/lib/python3.8/site-packages/airflow/example_dags/example_external_task_marker_dag.py
[2025-07-09T23:58:38.431+0000] {processor.py:830} INFO - Processing file /home/airflow/.local/lib/python3.8/site-packages/airflow/example_dags/example_external_task_marker_dag.py for tasks to queue
[2025-07-09T23:58:38.432+0000] {logging_mixin.py:188} INFO - [2025-07-09T23:58:38.432+0000] {dagbag.py:538} INFO - Filling up the DagBag from /home/airflow/.local/lib/python3.8/site-packages/airflow/example_dags/example_external_task_marker_dag.py
[2025-07-09T23:58:38.442+0000] {processor.py:840} INFO - DAG(s) 'example_external_task_marker_parent', 'example_external_task_marker_child' retrieved from /home/airflow/.local/lib/python3.8/site-packages/airflow/example_dags/example_external_task_marker_dag.py
[2025-07-09T23:58:38.478+0000] {logging_mixin.py:188} INFO - [2025-07-09T23:58:38.477+0000] {dag.py:3036} INFO - Sync 2 DAGs
[2025-07-09T23:58:38.496+0000] {logging_mixin.py:188} INFO - [2025-07-09T23:58:38.496+0000] {dag.py:3823} INFO - Setting next_dagrun for example_external_task_marker_child to None, run_after=None
[2025-07-09T23:58:38.501+0000] {logging_mixin.py:188} INFO - [2025-07-09T23:58:38.501+0000] {dag.py:3823} INFO - Setting next_dagrun for example_external_task_marker_parent to None, run_after=None
[2025-07-09T23:58:38.528+0000] {processor.py:183} INFO - Processing /home/airflow/.local/lib/python3.8/site-packages/airflow/example_dags/example_external_task_marker_dag.py took 0.104 seconds
[2025-07-09T23:59:09.457+0000] {processor.py:161} INFO - Started process (PID=629) to work on /home/airflow/.local/lib/python3.8/site-packages/airflow/example_dags/example_external_task_marker_dag.py
[2025-07-09T23:59:09.459+0000] {processor.py:830} INFO - Processing file /home/airflow/.local/lib/python3.8/site-packages/airflow/example_dags/example_external_task_marker_dag.py for tasks to queue
[2025-07-09T23:59:09.461+0000] {logging_mixin.py:188} INFO - [2025-07-09T23:59:09.460+0000] {dagbag.py:538} INFO - Filling up the DagBag from /home/airflow/.local/lib/python3.8/site-packages/airflow/example_dags/example_external_task_marker_dag.py
[2025-07-09T23:59:09.470+0000] {processor.py:840} INFO - DAG(s) 'example_external_task_marker_child', 'example_external_task_marker_parent' retrieved from /home/airflow/.local/lib/python3.8/site-packages/airflow/example_dags/example_external_task_marker_dag.py
[2025-07-09T23:59:09.504+0000] {logging_mixin.py:188} INFO - [2025-07-09T23:59:09.504+0000] {dag.py:3036} INFO - Sync 2 DAGs
[2025-07-09T23:59:09.530+0000] {logging_mixin.py:188} INFO - [2025-07-09T23:59:09.530+0000] {dag.py:3823} INFO - Setting next_dagrun for example_external_task_marker_child to None, run_after=None
[2025-07-09T23:59:09.536+0000] {logging_mixin.py:188} INFO - [2025-07-09T23:59:09.536+0000] {dag.py:3823} INFO - Setting next_dagrun for example_external_task_marker_parent to None, run_after=None
[2025-07-09T23:59:09.566+0000] {processor.py:183} INFO - Processing /home/airflow/.local/lib/python3.8/site-packages/airflow/example_dags/example_external_task_marker_dag.py took 0.114 seconds
[2025-07-09T23:59:40.358+0000] {processor.py:161} INFO - Started process (PID=685) to work on /home/airflow/.local/lib/python3.8/site-packages/airflow/example_dags/example_external_task_marker_dag.py
[2025-07-09T23:59:40.360+0000] {processor.py:830} INFO - Processing file /home/airflow/.local/lib/python3.8/site-packages/airflow/example_dags/example_external_task_marker_dag.py for tasks to queue
[2025-07-09T23:59:40.362+0000] {logging_mixin.py:188} INFO - [2025-07-09T23:59:40.361+0000] {dagbag.py:538} INFO - Filling up the DagBag from /home/airflow/.local/lib/python3.8/site-packages/airflow/example_dags/example_external_task_marker_dag.py
[2025-07-09T23:59:40.370+0000] {processor.py:840} INFO - DAG(s) 'example_external_task_marker_parent', 'example_external_task_marker_child' retrieved from /home/airflow/.local/lib/python3.8/site-packages/airflow/example_dags/example_external_task_marker_dag.py
[2025-07-09T23:59:40.411+0000] {logging_mixin.py:188} INFO - [2025-07-09T23:59:40.410+0000] {dag.py:3036} INFO - Sync 2 DAGs
[2025-07-09T23:59:40.429+0000] {logging_mixin.py:188} INFO - [2025-07-09T23:59:40.429+0000] {dag.py:3823} INFO - Setting next_dagrun for example_external_task_marker_child to None, run_after=None
[2025-07-09T23:59:40.435+0000] {logging_mixin.py:188} INFO - [2025-07-09T23:59:40.435+0000] {dag.py:3823} INFO - Setting next_dagrun for example_external_task_marker_parent to None, run_after=None
[2025-07-09T23:59:40.467+0000] {processor.py:183} INFO - Processing /home/airflow/.local/lib/python3.8/site-packages/airflow/example_dags/example_external_task_marker_dag.py took 0.113 seconds
