[2025-07-09T19:54:28.046+0000] {processor.py:161} INFO - Started process (PID=88) to work on /home/airflow/.local/lib/python3.8/site-packages/airflow/example_dags/example_setup_teardown.py
[2025-07-09T19:54:28.049+0000] {processor.py:830} INFO - Processing file /home/airflow/.local/lib/python3.8/site-packages/airflow/example_dags/example_setup_teardown.py for tasks to queue
[2025-07-09T19:54:28.054+0000] {logging_mixin.py:188} INFO - [2025-07-09T19:54:28.054+0000] {dagbag.py:538} INFO - Filling up the DagBag from /home/airflow/.local/lib/python3.8/site-packages/airflow/example_dags/example_setup_teardown.py
[2025-07-09T19:54:28.073+0000] {processor.py:840} INFO - DAG(s) 'example_setup_teardown' retrieved from /home/airflow/.local/lib/python3.8/site-packages/airflow/example_dags/example_setup_teardown.py
[2025-07-09T19:54:28.257+0000] {logging_mixin.py:188} INFO - [2025-07-09T19:54:28.257+0000] {dag.py:3036} INFO - Sync 1 DAGs
[2025-07-09T19:54:28.294+0000] {logging_mixin.py:188} INFO - [2025-07-09T19:54:28.293+0000] {dag.py:3823} INFO - Setting next_dagrun for example_setup_teardown to 2025-07-08 00:00:00+00:00, run_after=2025-07-09 00:00:00+00:00
[2025-07-09T19:54:28.345+0000] {processor.py:183} INFO - Processing /home/airflow/.local/lib/python3.8/site-packages/airflow/example_dags/example_setup_teardown.py took 0.305 seconds
[2025-07-09T19:54:59.100+0000] {processor.py:161} INFO - Started process (PID=144) to work on /home/airflow/.local/lib/python3.8/site-packages/airflow/example_dags/example_setup_teardown.py
[2025-07-09T19:54:59.102+0000] {processor.py:830} INFO - Processing file /home/airflow/.local/lib/python3.8/site-packages/airflow/example_dags/example_setup_teardown.py for tasks to queue
[2025-07-09T19:54:59.105+0000] {logging_mixin.py:188} INFO - [2025-07-09T19:54:59.105+0000] {dagbag.py:538} INFO - Filling up the DagBag from /home/airflow/.local/lib/python3.8/site-packages/airflow/example_dags/example_setup_teardown.py
[2025-07-09T19:54:59.114+0000] {processor.py:840} INFO - DAG(s) 'example_setup_teardown' retrieved from /home/airflow/.local/lib/python3.8/site-packages/airflow/example_dags/example_setup_teardown.py
[2025-07-09T19:54:59.143+0000] {logging_mixin.py:188} INFO - [2025-07-09T19:54:59.142+0000] {dag.py:3036} INFO - Sync 1 DAGs
[2025-07-09T19:54:59.169+0000] {logging_mixin.py:188} INFO - [2025-07-09T19:54:59.168+0000] {dag.py:3823} INFO - Setting next_dagrun for example_setup_teardown to 2025-07-08 00:00:00+00:00, run_after=2025-07-09 00:00:00+00:00
[2025-07-09T19:54:59.198+0000] {processor.py:183} INFO - Processing /home/airflow/.local/lib/python3.8/site-packages/airflow/example_dags/example_setup_teardown.py took 0.104 seconds
[2025-07-09T19:55:29.280+0000] {processor.py:161} INFO - Started process (PID=201) to work on /home/airflow/.local/lib/python3.8/site-packages/airflow/example_dags/example_setup_teardown.py
[2025-07-09T19:55:29.282+0000] {processor.py:830} INFO - Processing file /home/airflow/.local/lib/python3.8/site-packages/airflow/example_dags/example_setup_teardown.py for tasks to queue
[2025-07-09T19:55:29.285+0000] {logging_mixin.py:188} INFO - [2025-07-09T19:55:29.284+0000] {dagbag.py:538} INFO - Filling up the DagBag from /home/airflow/.local/lib/python3.8/site-packages/airflow/example_dags/example_setup_teardown.py
[2025-07-09T19:55:29.295+0000] {processor.py:840} INFO - DAG(s) 'example_setup_teardown' retrieved from /home/airflow/.local/lib/python3.8/site-packages/airflow/example_dags/example_setup_teardown.py
[2025-07-09T19:55:29.325+0000] {logging_mixin.py:188} INFO - [2025-07-09T19:55:29.325+0000] {dag.py:3036} INFO - Sync 1 DAGs
[2025-07-09T19:55:29.353+0000] {logging_mixin.py:188} INFO - [2025-07-09T19:55:29.353+0000] {dag.py:3823} INFO - Setting next_dagrun for example_setup_teardown to 2025-07-08 00:00:00+00:00, run_after=2025-07-09 00:00:00+00:00
[2025-07-09T19:55:29.383+0000] {processor.py:183} INFO - Processing /home/airflow/.local/lib/python3.8/site-packages/airflow/example_dags/example_setup_teardown.py took 0.109 seconds
[2025-07-09T19:55:59.628+0000] {processor.py:161} INFO - Started process (PID=258) to work on /home/airflow/.local/lib/python3.8/site-packages/airflow/example_dags/example_setup_teardown.py
[2025-07-09T19:55:59.630+0000] {processor.py:830} INFO - Processing file /home/airflow/.local/lib/python3.8/site-packages/airflow/example_dags/example_setup_teardown.py for tasks to queue
[2025-07-09T19:55:59.633+0000] {logging_mixin.py:188} INFO - [2025-07-09T19:55:59.633+0000] {dagbag.py:538} INFO - Filling up the DagBag from /home/airflow/.local/lib/python3.8/site-packages/airflow/example_dags/example_setup_teardown.py
[2025-07-09T19:55:59.642+0000] {processor.py:840} INFO - DAG(s) 'example_setup_teardown' retrieved from /home/airflow/.local/lib/python3.8/site-packages/airflow/example_dags/example_setup_teardown.py
[2025-07-09T19:55:59.675+0000] {logging_mixin.py:188} INFO - [2025-07-09T19:55:59.674+0000] {dag.py:3036} INFO - Sync 1 DAGs
[2025-07-09T19:55:59.703+0000] {logging_mixin.py:188} INFO - [2025-07-09T19:55:59.702+0000] {dag.py:3823} INFO - Setting next_dagrun for example_setup_teardown to 2025-07-08 00:00:00+00:00, run_after=2025-07-09 00:00:00+00:00
[2025-07-09T19:55:59.732+0000] {processor.py:183} INFO - Processing /home/airflow/.local/lib/python3.8/site-packages/airflow/example_dags/example_setup_teardown.py took 0.110 seconds
[2025-07-09T19:56:29.878+0000] {processor.py:161} INFO - Started process (PID=319) to work on /home/airflow/.local/lib/python3.8/site-packages/airflow/example_dags/example_setup_teardown.py
[2025-07-09T19:56:29.881+0000] {processor.py:830} INFO - Processing file /home/airflow/.local/lib/python3.8/site-packages/airflow/example_dags/example_setup_teardown.py for tasks to queue
[2025-07-09T19:56:29.885+0000] {logging_mixin.py:188} INFO - [2025-07-09T19:56:29.885+0000] {dagbag.py:538} INFO - Filling up the DagBag from /home/airflow/.local/lib/python3.8/site-packages/airflow/example_dags/example_setup_teardown.py
[2025-07-09T19:56:29.898+0000] {processor.py:840} INFO - DAG(s) 'example_setup_teardown' retrieved from /home/airflow/.local/lib/python3.8/site-packages/airflow/example_dags/example_setup_teardown.py
[2025-07-09T19:56:29.944+0000] {logging_mixin.py:188} INFO - [2025-07-09T19:56:29.943+0000] {dag.py:3036} INFO - Sync 1 DAGs
[2025-07-09T19:56:29.990+0000] {logging_mixin.py:188} INFO - [2025-07-09T19:56:29.989+0000] {dag.py:3823} INFO - Setting next_dagrun for example_setup_teardown to 2025-07-08 00:00:00+00:00, run_after=2025-07-09 00:00:00+00:00
[2025-07-09T19:56:30.042+0000] {processor.py:183} INFO - Processing /home/airflow/.local/lib/python3.8/site-packages/airflow/example_dags/example_setup_teardown.py took 0.171 seconds
[2025-07-09T19:57:01.067+0000] {processor.py:161} INFO - Started process (PID=375) to work on /home/airflow/.local/lib/python3.8/site-packages/airflow/example_dags/example_setup_teardown.py
[2025-07-09T19:57:01.069+0000] {processor.py:830} INFO - Processing file /home/airflow/.local/lib/python3.8/site-packages/airflow/example_dags/example_setup_teardown.py for tasks to queue
[2025-07-09T19:57:01.072+0000] {logging_mixin.py:188} INFO - [2025-07-09T19:57:01.071+0000] {dagbag.py:538} INFO - Filling up the DagBag from /home/airflow/.local/lib/python3.8/site-packages/airflow/example_dags/example_setup_teardown.py
[2025-07-09T19:57:01.080+0000] {processor.py:840} INFO - DAG(s) 'example_setup_teardown' retrieved from /home/airflow/.local/lib/python3.8/site-packages/airflow/example_dags/example_setup_teardown.py
[2025-07-09T19:57:01.107+0000] {logging_mixin.py:188} INFO - [2025-07-09T19:57:01.107+0000] {dag.py:3036} INFO - Sync 1 DAGs
[2025-07-09T19:57:01.132+0000] {logging_mixin.py:188} INFO - [2025-07-09T19:57:01.132+0000] {dag.py:3823} INFO - Setting next_dagrun for example_setup_teardown to 2025-07-08 00:00:00+00:00, run_after=2025-07-09 00:00:00+00:00
[2025-07-09T19:57:01.158+0000] {processor.py:183} INFO - Processing /home/airflow/.local/lib/python3.8/site-packages/airflow/example_dags/example_setup_teardown.py took 0.096 seconds
[2025-07-09T19:57:31.641+0000] {processor.py:161} INFO - Started process (PID=431) to work on /home/airflow/.local/lib/python3.8/site-packages/airflow/example_dags/example_setup_teardown.py
[2025-07-09T19:57:31.643+0000] {processor.py:830} INFO - Processing file /home/airflow/.local/lib/python3.8/site-packages/airflow/example_dags/example_setup_teardown.py for tasks to queue
[2025-07-09T19:57:31.647+0000] {logging_mixin.py:188} INFO - [2025-07-09T19:57:31.647+0000] {dagbag.py:538} INFO - Filling up the DagBag from /home/airflow/.local/lib/python3.8/site-packages/airflow/example_dags/example_setup_teardown.py
[2025-07-09T19:57:31.659+0000] {processor.py:840} INFO - DAG(s) 'example_setup_teardown' retrieved from /home/airflow/.local/lib/python3.8/site-packages/airflow/example_dags/example_setup_teardown.py
[2025-07-09T19:57:31.687+0000] {logging_mixin.py:188} INFO - [2025-07-09T19:57:31.687+0000] {dag.py:3036} INFO - Sync 1 DAGs
[2025-07-09T19:57:31.712+0000] {logging_mixin.py:188} INFO - [2025-07-09T19:57:31.712+0000] {dag.py:3823} INFO - Setting next_dagrun for example_setup_teardown to 2025-07-08 00:00:00+00:00, run_after=2025-07-09 00:00:00+00:00
[2025-07-09T19:57:31.737+0000] {processor.py:183} INFO - Processing /home/airflow/.local/lib/python3.8/site-packages/airflow/example_dags/example_setup_teardown.py took 0.102 seconds
[2025-07-09T19:58:02.082+0000] {processor.py:161} INFO - Started process (PID=498) to work on /home/airflow/.local/lib/python3.8/site-packages/airflow/example_dags/example_setup_teardown.py
[2025-07-09T19:58:02.084+0000] {processor.py:830} INFO - Processing file /home/airflow/.local/lib/python3.8/site-packages/airflow/example_dags/example_setup_teardown.py for tasks to queue
[2025-07-09T19:58:02.087+0000] {logging_mixin.py:188} INFO - [2025-07-09T19:58:02.087+0000] {dagbag.py:538} INFO - Filling up the DagBag from /home/airflow/.local/lib/python3.8/site-packages/airflow/example_dags/example_setup_teardown.py
[2025-07-09T19:58:02.096+0000] {processor.py:840} INFO - DAG(s) 'example_setup_teardown' retrieved from /home/airflow/.local/lib/python3.8/site-packages/airflow/example_dags/example_setup_teardown.py
[2025-07-09T19:58:02.125+0000] {logging_mixin.py:188} INFO - [2025-07-09T19:58:02.125+0000] {dag.py:3036} INFO - Sync 1 DAGs
[2025-07-09T19:58:02.154+0000] {logging_mixin.py:188} INFO - [2025-07-09T19:58:02.153+0000] {dag.py:3823} INFO - Setting next_dagrun for example_setup_teardown to 2025-07-08 00:00:00+00:00, run_after=2025-07-09 00:00:00+00:00
[2025-07-09T19:58:02.185+0000] {processor.py:183} INFO - Processing /home/airflow/.local/lib/python3.8/site-packages/airflow/example_dags/example_setup_teardown.py took 0.108 seconds
[2025-07-09T19:58:32.321+0000] {processor.py:161} INFO - Started process (PID=555) to work on /home/airflow/.local/lib/python3.8/site-packages/airflow/example_dags/example_setup_teardown.py
[2025-07-09T19:58:32.322+0000] {processor.py:830} INFO - Processing file /home/airflow/.local/lib/python3.8/site-packages/airflow/example_dags/example_setup_teardown.py for tasks to queue
[2025-07-09T19:58:32.325+0000] {logging_mixin.py:188} INFO - [2025-07-09T19:58:32.325+0000] {dagbag.py:538} INFO - Filling up the DagBag from /home/airflow/.local/lib/python3.8/site-packages/airflow/example_dags/example_setup_teardown.py
[2025-07-09T19:58:32.335+0000] {processor.py:840} INFO - DAG(s) 'example_setup_teardown' retrieved from /home/airflow/.local/lib/python3.8/site-packages/airflow/example_dags/example_setup_teardown.py
[2025-07-09T19:58:32.361+0000] {logging_mixin.py:188} INFO - [2025-07-09T19:58:32.360+0000] {dag.py:3036} INFO - Sync 1 DAGs
[2025-07-09T19:58:32.386+0000] {logging_mixin.py:188} INFO - [2025-07-09T19:58:32.385+0000] {dag.py:3823} INFO - Setting next_dagrun for example_setup_teardown to 2025-07-08 00:00:00+00:00, run_after=2025-07-09 00:00:00+00:00
[2025-07-09T19:58:32.412+0000] {processor.py:183} INFO - Processing /home/airflow/.local/lib/python3.8/site-packages/airflow/example_dags/example_setup_teardown.py took 0.095 seconds
[2025-07-09T19:59:03.038+0000] {processor.py:161} INFO - Started process (PID=617) to work on /home/airflow/.local/lib/python3.8/site-packages/airflow/example_dags/example_setup_teardown.py
[2025-07-09T19:59:03.040+0000] {processor.py:830} INFO - Processing file /home/airflow/.local/lib/python3.8/site-packages/airflow/example_dags/example_setup_teardown.py for tasks to queue
[2025-07-09T19:59:03.043+0000] {logging_mixin.py:188} INFO - [2025-07-09T19:59:03.042+0000] {dagbag.py:538} INFO - Filling up the DagBag from /home/airflow/.local/lib/python3.8/site-packages/airflow/example_dags/example_setup_teardown.py
[2025-07-09T19:59:03.054+0000] {processor.py:840} INFO - DAG(s) 'example_setup_teardown' retrieved from /home/airflow/.local/lib/python3.8/site-packages/airflow/example_dags/example_setup_teardown.py
[2025-07-09T19:59:03.084+0000] {logging_mixin.py:188} INFO - [2025-07-09T19:59:03.084+0000] {dag.py:3036} INFO - Sync 1 DAGs
[2025-07-09T19:59:03.115+0000] {logging_mixin.py:188} INFO - [2025-07-09T19:59:03.115+0000] {dag.py:3823} INFO - Setting next_dagrun for example_setup_teardown to 2025-07-08 00:00:00+00:00, run_after=2025-07-09 00:00:00+00:00
[2025-07-09T19:59:03.148+0000] {processor.py:183} INFO - Processing /home/airflow/.local/lib/python3.8/site-packages/airflow/example_dags/example_setup_teardown.py took 0.116 seconds
[2025-07-09T19:59:33.898+0000] {processor.py:161} INFO - Started process (PID=674) to work on /home/airflow/.local/lib/python3.8/site-packages/airflow/example_dags/example_setup_teardown.py
[2025-07-09T19:59:33.900+0000] {processor.py:830} INFO - Processing file /home/airflow/.local/lib/python3.8/site-packages/airflow/example_dags/example_setup_teardown.py for tasks to queue
[2025-07-09T19:59:33.904+0000] {logging_mixin.py:188} INFO - [2025-07-09T19:59:33.903+0000] {dagbag.py:538} INFO - Filling up the DagBag from /home/airflow/.local/lib/python3.8/site-packages/airflow/example_dags/example_setup_teardown.py
[2025-07-09T19:59:33.915+0000] {processor.py:840} INFO - DAG(s) 'example_setup_teardown' retrieved from /home/airflow/.local/lib/python3.8/site-packages/airflow/example_dags/example_setup_teardown.py
[2025-07-09T19:59:33.941+0000] {logging_mixin.py:188} INFO - [2025-07-09T19:59:33.941+0000] {dag.py:3036} INFO - Sync 1 DAGs
[2025-07-09T19:59:33.965+0000] {logging_mixin.py:188} INFO - [2025-07-09T19:59:33.965+0000] {dag.py:3823} INFO - Setting next_dagrun for example_setup_teardown to 2025-07-08 00:00:00+00:00, run_after=2025-07-09 00:00:00+00:00
[2025-07-09T19:59:33.995+0000] {processor.py:183} INFO - Processing /home/airflow/.local/lib/python3.8/site-packages/airflow/example_dags/example_setup_teardown.py took 0.102 seconds
[2025-07-09T20:00:04.554+0000] {processor.py:161} INFO - Started process (PID=731) to work on /home/airflow/.local/lib/python3.8/site-packages/airflow/example_dags/example_setup_teardown.py
[2025-07-09T20:00:04.555+0000] {processor.py:830} INFO - Processing file /home/airflow/.local/lib/python3.8/site-packages/airflow/example_dags/example_setup_teardown.py for tasks to queue
[2025-07-09T20:00:04.558+0000] {logging_mixin.py:188} INFO - [2025-07-09T20:00:04.558+0000] {dagbag.py:538} INFO - Filling up the DagBag from /home/airflow/.local/lib/python3.8/site-packages/airflow/example_dags/example_setup_teardown.py
[2025-07-09T20:00:04.567+0000] {processor.py:840} INFO - DAG(s) 'example_setup_teardown' retrieved from /home/airflow/.local/lib/python3.8/site-packages/airflow/example_dags/example_setup_teardown.py
[2025-07-09T20:00:04.596+0000] {logging_mixin.py:188} INFO - [2025-07-09T20:00:04.595+0000] {dag.py:3036} INFO - Sync 1 DAGs
[2025-07-09T20:00:04.625+0000] {logging_mixin.py:188} INFO - [2025-07-09T20:00:04.624+0000] {dag.py:3823} INFO - Setting next_dagrun for example_setup_teardown to 2025-07-08 00:00:00+00:00, run_after=2025-07-09 00:00:00+00:00
[2025-07-09T20:00:04.663+0000] {processor.py:183} INFO - Processing /home/airflow/.local/lib/python3.8/site-packages/airflow/example_dags/example_setup_teardown.py took 0.114 seconds
[2025-07-09T20:00:36.032+0000] {processor.py:161} INFO - Started process (PID=787) to work on /home/airflow/.local/lib/python3.8/site-packages/airflow/example_dags/example_setup_teardown.py
[2025-07-09T20:00:36.034+0000] {processor.py:830} INFO - Processing file /home/airflow/.local/lib/python3.8/site-packages/airflow/example_dags/example_setup_teardown.py for tasks to queue
[2025-07-09T20:00:36.037+0000] {logging_mixin.py:188} INFO - [2025-07-09T20:00:36.036+0000] {dagbag.py:538} INFO - Filling up the DagBag from /home/airflow/.local/lib/python3.8/site-packages/airflow/example_dags/example_setup_teardown.py
[2025-07-09T20:00:36.045+0000] {processor.py:840} INFO - DAG(s) 'example_setup_teardown' retrieved from /home/airflow/.local/lib/python3.8/site-packages/airflow/example_dags/example_setup_teardown.py
[2025-07-09T20:00:36.074+0000] {logging_mixin.py:188} INFO - [2025-07-09T20:00:36.073+0000] {dag.py:3036} INFO - Sync 1 DAGs
[2025-07-09T20:00:36.099+0000] {logging_mixin.py:188} INFO - [2025-07-09T20:00:36.099+0000] {dag.py:3823} INFO - Setting next_dagrun for example_setup_teardown to 2025-07-08 00:00:00+00:00, run_after=2025-07-09 00:00:00+00:00
[2025-07-09T20:00:36.159+0000] {processor.py:183} INFO - Processing /home/airflow/.local/lib/python3.8/site-packages/airflow/example_dags/example_setup_teardown.py took 0.131 seconds
[2025-07-09T22:49:02.826+0000] {processor.py:161} INFO - Started process (PID=836) to work on /home/airflow/.local/lib/python3.8/site-packages/airflow/example_dags/example_setup_teardown.py
[2025-07-09T22:49:02.828+0000] {processor.py:830} INFO - Processing file /home/airflow/.local/lib/python3.8/site-packages/airflow/example_dags/example_setup_teardown.py for tasks to queue
[2025-07-09T22:49:02.835+0000] {logging_mixin.py:188} INFO - [2025-07-09T22:49:02.835+0000] {dagbag.py:538} INFO - Filling up the DagBag from /home/airflow/.local/lib/python3.8/site-packages/airflow/example_dags/example_setup_teardown.py
[2025-07-09T22:49:02.850+0000] {processor.py:840} INFO - DAG(s) 'example_setup_teardown' retrieved from /home/airflow/.local/lib/python3.8/site-packages/airflow/example_dags/example_setup_teardown.py
[2025-07-09T22:49:02.893+0000] {logging_mixin.py:188} INFO - [2025-07-09T22:49:02.892+0000] {dag.py:3036} INFO - Sync 1 DAGs
[2025-07-09T22:49:02.931+0000] {logging_mixin.py:188} INFO - [2025-07-09T22:49:02.930+0000] {dag.py:3823} INFO - Setting next_dagrun for example_setup_teardown to 2025-07-08 00:00:00+00:00, run_after=2025-07-09 00:00:00+00:00
[2025-07-09T22:49:02.970+0000] {processor.py:183} INFO - Processing /home/airflow/.local/lib/python3.8/site-packages/airflow/example_dags/example_setup_teardown.py took 0.152 seconds
[2025-07-09T22:49:33.961+0000] {processor.py:161} INFO - Started process (PID=893) to work on /home/airflow/.local/lib/python3.8/site-packages/airflow/example_dags/example_setup_teardown.py
[2025-07-09T22:49:33.962+0000] {processor.py:830} INFO - Processing file /home/airflow/.local/lib/python3.8/site-packages/airflow/example_dags/example_setup_teardown.py for tasks to queue
[2025-07-09T22:49:33.965+0000] {logging_mixin.py:188} INFO - [2025-07-09T22:49:33.965+0000] {dagbag.py:538} INFO - Filling up the DagBag from /home/airflow/.local/lib/python3.8/site-packages/airflow/example_dags/example_setup_teardown.py
[2025-07-09T22:49:33.975+0000] {processor.py:840} INFO - DAG(s) 'example_setup_teardown' retrieved from /home/airflow/.local/lib/python3.8/site-packages/airflow/example_dags/example_setup_teardown.py
[2025-07-09T22:49:34.003+0000] {logging_mixin.py:188} INFO - [2025-07-09T22:49:34.002+0000] {dag.py:3036} INFO - Sync 1 DAGs
[2025-07-09T22:49:34.030+0000] {logging_mixin.py:188} INFO - [2025-07-09T22:49:34.029+0000] {dag.py:3823} INFO - Setting next_dagrun for example_setup_teardown to 2025-07-08 00:00:00+00:00, run_after=2025-07-09 00:00:00+00:00
[2025-07-09T22:49:34.056+0000] {processor.py:183} INFO - Processing /home/airflow/.local/lib/python3.8/site-packages/airflow/example_dags/example_setup_teardown.py took 0.100 seconds
[2025-07-09T22:50:04.690+0000] {processor.py:161} INFO - Started process (PID=950) to work on /home/airflow/.local/lib/python3.8/site-packages/airflow/example_dags/example_setup_teardown.py
[2025-07-09T22:50:04.692+0000] {processor.py:830} INFO - Processing file /home/airflow/.local/lib/python3.8/site-packages/airflow/example_dags/example_setup_teardown.py for tasks to queue
[2025-07-09T22:50:04.695+0000] {logging_mixin.py:188} INFO - [2025-07-09T22:50:04.694+0000] {dagbag.py:538} INFO - Filling up the DagBag from /home/airflow/.local/lib/python3.8/site-packages/airflow/example_dags/example_setup_teardown.py
[2025-07-09T22:50:04.707+0000] {processor.py:840} INFO - DAG(s) 'example_setup_teardown' retrieved from /home/airflow/.local/lib/python3.8/site-packages/airflow/example_dags/example_setup_teardown.py
[2025-07-09T22:50:04.750+0000] {logging_mixin.py:188} INFO - [2025-07-09T22:50:04.750+0000] {dag.py:3036} INFO - Sync 1 DAGs
[2025-07-09T22:50:04.785+0000] {logging_mixin.py:188} INFO - [2025-07-09T22:50:04.784+0000] {dag.py:3823} INFO - Setting next_dagrun for example_setup_teardown to 2025-07-08 00:00:00+00:00, run_after=2025-07-09 00:00:00+00:00
[2025-07-09T22:50:04.832+0000] {processor.py:183} INFO - Processing /home/airflow/.local/lib/python3.8/site-packages/airflow/example_dags/example_setup_teardown.py took 0.148 seconds
[2025-07-09T22:50:34.913+0000] {processor.py:161} INFO - Started process (PID=1006) to work on /home/airflow/.local/lib/python3.8/site-packages/airflow/example_dags/example_setup_teardown.py
[2025-07-09T22:50:34.915+0000] {processor.py:830} INFO - Processing file /home/airflow/.local/lib/python3.8/site-packages/airflow/example_dags/example_setup_teardown.py for tasks to queue
[2025-07-09T22:50:34.923+0000] {logging_mixin.py:188} INFO - [2025-07-09T22:50:34.923+0000] {dagbag.py:538} INFO - Filling up the DagBag from /home/airflow/.local/lib/python3.8/site-packages/airflow/example_dags/example_setup_teardown.py
[2025-07-09T22:50:34.934+0000] {processor.py:840} INFO - DAG(s) 'example_setup_teardown' retrieved from /home/airflow/.local/lib/python3.8/site-packages/airflow/example_dags/example_setup_teardown.py
[2025-07-09T22:50:34.966+0000] {logging_mixin.py:188} INFO - [2025-07-09T22:50:34.966+0000] {dag.py:3036} INFO - Sync 1 DAGs
[2025-07-09T22:50:35.000+0000] {logging_mixin.py:188} INFO - [2025-07-09T22:50:35.000+0000] {dag.py:3823} INFO - Setting next_dagrun for example_setup_teardown to 2025-07-08 00:00:00+00:00, run_after=2025-07-09 00:00:00+00:00
[2025-07-09T22:50:35.036+0000] {processor.py:183} INFO - Processing /home/airflow/.local/lib/python3.8/site-packages/airflow/example_dags/example_setup_teardown.py took 0.128 seconds
[2025-07-09T22:51:05.160+0000] {processor.py:161} INFO - Started process (PID=1063) to work on /home/airflow/.local/lib/python3.8/site-packages/airflow/example_dags/example_setup_teardown.py
[2025-07-09T22:51:05.163+0000] {processor.py:830} INFO - Processing file /home/airflow/.local/lib/python3.8/site-packages/airflow/example_dags/example_setup_teardown.py for tasks to queue
[2025-07-09T22:51:05.167+0000] {logging_mixin.py:188} INFO - [2025-07-09T22:51:05.166+0000] {dagbag.py:538} INFO - Filling up the DagBag from /home/airflow/.local/lib/python3.8/site-packages/airflow/example_dags/example_setup_teardown.py
[2025-07-09T22:51:05.181+0000] {processor.py:840} INFO - DAG(s) 'example_setup_teardown' retrieved from /home/airflow/.local/lib/python3.8/site-packages/airflow/example_dags/example_setup_teardown.py
[2025-07-09T22:51:05.271+0000] {logging_mixin.py:188} INFO - [2025-07-09T22:51:05.270+0000] {dag.py:3036} INFO - Sync 1 DAGs
[2025-07-09T22:51:05.328+0000] {logging_mixin.py:188} INFO - [2025-07-09T22:51:05.325+0000] {dag.py:3823} INFO - Setting next_dagrun for example_setup_teardown to 2025-07-08 00:00:00+00:00, run_after=2025-07-09 00:00:00+00:00
[2025-07-09T22:51:05.388+0000] {processor.py:183} INFO - Processing /home/airflow/.local/lib/python3.8/site-packages/airflow/example_dags/example_setup_teardown.py took 0.235 seconds
[2025-07-09T22:51:35.998+0000] {processor.py:161} INFO - Started process (PID=1126) to work on /home/airflow/.local/lib/python3.8/site-packages/airflow/example_dags/example_setup_teardown.py
[2025-07-09T22:51:36.000+0000] {processor.py:830} INFO - Processing file /home/airflow/.local/lib/python3.8/site-packages/airflow/example_dags/example_setup_teardown.py for tasks to queue
[2025-07-09T22:51:36.003+0000] {logging_mixin.py:188} INFO - [2025-07-09T22:51:36.002+0000] {dagbag.py:538} INFO - Filling up the DagBag from /home/airflow/.local/lib/python3.8/site-packages/airflow/example_dags/example_setup_teardown.py
[2025-07-09T22:51:36.014+0000] {processor.py:840} INFO - DAG(s) 'example_setup_teardown' retrieved from /home/airflow/.local/lib/python3.8/site-packages/airflow/example_dags/example_setup_teardown.py
[2025-07-09T22:51:36.052+0000] {logging_mixin.py:188} INFO - [2025-07-09T22:51:36.052+0000] {dag.py:3036} INFO - Sync 1 DAGs
[2025-07-09T22:51:36.086+0000] {logging_mixin.py:188} INFO - [2025-07-09T22:51:36.086+0000] {dag.py:3823} INFO - Setting next_dagrun for example_setup_teardown to 2025-07-08 00:00:00+00:00, run_after=2025-07-09 00:00:00+00:00
[2025-07-09T22:51:36.119+0000] {processor.py:183} INFO - Processing /home/airflow/.local/lib/python3.8/site-packages/airflow/example_dags/example_setup_teardown.py took 0.125 seconds
[2025-07-09T22:52:06.252+0000] {processor.py:161} INFO - Started process (PID=1183) to work on /home/airflow/.local/lib/python3.8/site-packages/airflow/example_dags/example_setup_teardown.py
[2025-07-09T22:52:06.255+0000] {processor.py:830} INFO - Processing file /home/airflow/.local/lib/python3.8/site-packages/airflow/example_dags/example_setup_teardown.py for tasks to queue
[2025-07-09T22:52:06.259+0000] {logging_mixin.py:188} INFO - [2025-07-09T22:52:06.259+0000] {dagbag.py:538} INFO - Filling up the DagBag from /home/airflow/.local/lib/python3.8/site-packages/airflow/example_dags/example_setup_teardown.py
[2025-07-09T22:52:06.273+0000] {processor.py:840} INFO - DAG(s) 'example_setup_teardown' retrieved from /home/airflow/.local/lib/python3.8/site-packages/airflow/example_dags/example_setup_teardown.py
[2025-07-09T22:52:06.317+0000] {logging_mixin.py:188} INFO - [2025-07-09T22:52:06.317+0000] {dag.py:3036} INFO - Sync 1 DAGs
[2025-07-09T22:52:06.349+0000] {logging_mixin.py:188} INFO - [2025-07-09T22:52:06.348+0000] {dag.py:3823} INFO - Setting next_dagrun for example_setup_teardown to 2025-07-08 00:00:00+00:00, run_after=2025-07-09 00:00:00+00:00
[2025-07-09T22:52:06.386+0000] {processor.py:183} INFO - Processing /home/airflow/.local/lib/python3.8/site-packages/airflow/example_dags/example_setup_teardown.py took 0.141 seconds
[2025-07-09T22:52:36.547+0000] {processor.py:161} INFO - Started process (PID=1240) to work on /home/airflow/.local/lib/python3.8/site-packages/airflow/example_dags/example_setup_teardown.py
[2025-07-09T22:52:36.549+0000] {processor.py:830} INFO - Processing file /home/airflow/.local/lib/python3.8/site-packages/airflow/example_dags/example_setup_teardown.py for tasks to queue
[2025-07-09T22:52:36.553+0000] {logging_mixin.py:188} INFO - [2025-07-09T22:52:36.553+0000] {dagbag.py:538} INFO - Filling up the DagBag from /home/airflow/.local/lib/python3.8/site-packages/airflow/example_dags/example_setup_teardown.py
[2025-07-09T22:52:36.563+0000] {processor.py:840} INFO - DAG(s) 'example_setup_teardown' retrieved from /home/airflow/.local/lib/python3.8/site-packages/airflow/example_dags/example_setup_teardown.py
[2025-07-09T22:52:36.595+0000] {logging_mixin.py:188} INFO - [2025-07-09T22:52:36.594+0000] {dag.py:3036} INFO - Sync 1 DAGs
[2025-07-09T22:52:36.625+0000] {logging_mixin.py:188} INFO - [2025-07-09T22:52:36.625+0000] {dag.py:3823} INFO - Setting next_dagrun for example_setup_teardown to 2025-07-08 00:00:00+00:00, run_after=2025-07-09 00:00:00+00:00
[2025-07-09T22:52:36.660+0000] {processor.py:183} INFO - Processing /home/airflow/.local/lib/python3.8/site-packages/airflow/example_dags/example_setup_teardown.py took 0.117 seconds
[2025-07-09T22:53:07.089+0000] {processor.py:161} INFO - Started process (PID=1297) to work on /home/airflow/.local/lib/python3.8/site-packages/airflow/example_dags/example_setup_teardown.py
[2025-07-09T22:53:07.091+0000] {processor.py:830} INFO - Processing file /home/airflow/.local/lib/python3.8/site-packages/airflow/example_dags/example_setup_teardown.py for tasks to queue
[2025-07-09T22:53:07.094+0000] {logging_mixin.py:188} INFO - [2025-07-09T22:53:07.094+0000] {dagbag.py:538} INFO - Filling up the DagBag from /home/airflow/.local/lib/python3.8/site-packages/airflow/example_dags/example_setup_teardown.py
[2025-07-09T22:53:07.106+0000] {processor.py:840} INFO - DAG(s) 'example_setup_teardown' retrieved from /home/airflow/.local/lib/python3.8/site-packages/airflow/example_dags/example_setup_teardown.py
[2025-07-09T22:53:07.153+0000] {logging_mixin.py:188} INFO - [2025-07-09T22:53:07.153+0000] {dag.py:3036} INFO - Sync 1 DAGs
[2025-07-09T22:53:07.201+0000] {logging_mixin.py:188} INFO - [2025-07-09T22:53:07.201+0000] {dag.py:3823} INFO - Setting next_dagrun for example_setup_teardown to 2025-07-08 00:00:00+00:00, run_after=2025-07-09 00:00:00+00:00
[2025-07-09T22:53:07.247+0000] {processor.py:183} INFO - Processing /home/airflow/.local/lib/python3.8/site-packages/airflow/example_dags/example_setup_teardown.py took 0.162 seconds
[2025-07-09T22:53:38.877+0000] {processor.py:161} INFO - Started process (PID=1353) to work on /home/airflow/.local/lib/python3.8/site-packages/airflow/example_dags/example_setup_teardown.py
[2025-07-09T22:53:38.879+0000] {processor.py:830} INFO - Processing file /home/airflow/.local/lib/python3.8/site-packages/airflow/example_dags/example_setup_teardown.py for tasks to queue
[2025-07-09T22:53:38.883+0000] {logging_mixin.py:188} INFO - [2025-07-09T22:53:38.883+0000] {dagbag.py:538} INFO - Filling up the DagBag from /home/airflow/.local/lib/python3.8/site-packages/airflow/example_dags/example_setup_teardown.py
[2025-07-09T22:53:38.893+0000] {processor.py:840} INFO - DAG(s) 'example_setup_teardown' retrieved from /home/airflow/.local/lib/python3.8/site-packages/airflow/example_dags/example_setup_teardown.py
[2025-07-09T22:53:38.924+0000] {logging_mixin.py:188} INFO - [2025-07-09T22:53:38.923+0000] {dag.py:3036} INFO - Sync 1 DAGs
[2025-07-09T22:53:38.958+0000] {logging_mixin.py:188} INFO - [2025-07-09T22:53:38.957+0000] {dag.py:3823} INFO - Setting next_dagrun for example_setup_teardown to 2025-07-08 00:00:00+00:00, run_after=2025-07-09 00:00:00+00:00
[2025-07-09T22:53:38.997+0000] {processor.py:183} INFO - Processing /home/airflow/.local/lib/python3.8/site-packages/airflow/example_dags/example_setup_teardown.py took 0.127 seconds
[2025-07-09T22:54:09.262+0000] {processor.py:161} INFO - Started process (PID=1409) to work on /home/airflow/.local/lib/python3.8/site-packages/airflow/example_dags/example_setup_teardown.py
[2025-07-09T22:54:09.264+0000] {processor.py:830} INFO - Processing file /home/airflow/.local/lib/python3.8/site-packages/airflow/example_dags/example_setup_teardown.py for tasks to queue
[2025-07-09T22:54:09.270+0000] {logging_mixin.py:188} INFO - [2025-07-09T22:54:09.269+0000] {dagbag.py:538} INFO - Filling up the DagBag from /home/airflow/.local/lib/python3.8/site-packages/airflow/example_dags/example_setup_teardown.py
[2025-07-09T22:54:09.280+0000] {processor.py:840} INFO - DAG(s) 'example_setup_teardown' retrieved from /home/airflow/.local/lib/python3.8/site-packages/airflow/example_dags/example_setup_teardown.py
[2025-07-09T22:54:09.315+0000] {logging_mixin.py:188} INFO - [2025-07-09T22:54:09.314+0000] {dag.py:3036} INFO - Sync 1 DAGs
[2025-07-09T22:54:09.345+0000] {logging_mixin.py:188} INFO - [2025-07-09T22:54:09.345+0000] {dag.py:3823} INFO - Setting next_dagrun for example_setup_teardown to 2025-07-08 00:00:00+00:00, run_after=2025-07-09 00:00:00+00:00
[2025-07-09T22:54:09.377+0000] {processor.py:183} INFO - Processing /home/airflow/.local/lib/python3.8/site-packages/airflow/example_dags/example_setup_teardown.py took 0.119 seconds
[2025-07-09T22:54:39.617+0000] {processor.py:161} INFO - Started process (PID=1466) to work on /home/airflow/.local/lib/python3.8/site-packages/airflow/example_dags/example_setup_teardown.py
[2025-07-09T22:54:39.620+0000] {processor.py:830} INFO - Processing file /home/airflow/.local/lib/python3.8/site-packages/airflow/example_dags/example_setup_teardown.py for tasks to queue
[2025-07-09T22:54:39.625+0000] {logging_mixin.py:188} INFO - [2025-07-09T22:54:39.624+0000] {dagbag.py:538} INFO - Filling up the DagBag from /home/airflow/.local/lib/python3.8/site-packages/airflow/example_dags/example_setup_teardown.py
[2025-07-09T22:54:39.639+0000] {processor.py:840} INFO - DAG(s) 'example_setup_teardown' retrieved from /home/airflow/.local/lib/python3.8/site-packages/airflow/example_dags/example_setup_teardown.py
[2025-07-09T22:54:39.673+0000] {logging_mixin.py:188} INFO - [2025-07-09T22:54:39.673+0000] {dag.py:3036} INFO - Sync 1 DAGs
[2025-07-09T22:54:39.703+0000] {logging_mixin.py:188} INFO - [2025-07-09T22:54:39.703+0000] {dag.py:3823} INFO - Setting next_dagrun for example_setup_teardown to 2025-07-08 00:00:00+00:00, run_after=2025-07-09 00:00:00+00:00
[2025-07-09T22:54:39.740+0000] {processor.py:183} INFO - Processing /home/airflow/.local/lib/python3.8/site-packages/airflow/example_dags/example_setup_teardown.py took 0.131 seconds
[2025-07-09T22:55:10.491+0000] {processor.py:161} INFO - Started process (PID=1523) to work on /home/airflow/.local/lib/python3.8/site-packages/airflow/example_dags/example_setup_teardown.py
[2025-07-09T22:55:10.493+0000] {processor.py:830} INFO - Processing file /home/airflow/.local/lib/python3.8/site-packages/airflow/example_dags/example_setup_teardown.py for tasks to queue
[2025-07-09T22:55:10.496+0000] {logging_mixin.py:188} INFO - [2025-07-09T22:55:10.496+0000] {dagbag.py:538} INFO - Filling up the DagBag from /home/airflow/.local/lib/python3.8/site-packages/airflow/example_dags/example_setup_teardown.py
[2025-07-09T22:55:10.508+0000] {processor.py:840} INFO - DAG(s) 'example_setup_teardown' retrieved from /home/airflow/.local/lib/python3.8/site-packages/airflow/example_dags/example_setup_teardown.py
[2025-07-09T22:55:10.540+0000] {logging_mixin.py:188} INFO - [2025-07-09T22:55:10.540+0000] {dag.py:3036} INFO - Sync 1 DAGs
[2025-07-09T22:55:10.569+0000] {logging_mixin.py:188} INFO - [2025-07-09T22:55:10.569+0000] {dag.py:3823} INFO - Setting next_dagrun for example_setup_teardown to 2025-07-08 00:00:00+00:00, run_after=2025-07-09 00:00:00+00:00
[2025-07-09T22:55:10.601+0000] {processor.py:183} INFO - Processing /home/airflow/.local/lib/python3.8/site-packages/airflow/example_dags/example_setup_teardown.py took 0.115 seconds
[2025-07-09T22:55:40.899+0000] {processor.py:161} INFO - Started process (PID=1580) to work on /home/airflow/.local/lib/python3.8/site-packages/airflow/example_dags/example_setup_teardown.py
[2025-07-09T22:55:40.902+0000] {processor.py:830} INFO - Processing file /home/airflow/.local/lib/python3.8/site-packages/airflow/example_dags/example_setup_teardown.py for tasks to queue
[2025-07-09T22:55:40.905+0000] {logging_mixin.py:188} INFO - [2025-07-09T22:55:40.904+0000] {dagbag.py:538} INFO - Filling up the DagBag from /home/airflow/.local/lib/python3.8/site-packages/airflow/example_dags/example_setup_teardown.py
[2025-07-09T22:55:40.914+0000] {processor.py:840} INFO - DAG(s) 'example_setup_teardown' retrieved from /home/airflow/.local/lib/python3.8/site-packages/airflow/example_dags/example_setup_teardown.py
[2025-07-09T22:55:40.944+0000] {logging_mixin.py:188} INFO - [2025-07-09T22:55:40.944+0000] {dag.py:3036} INFO - Sync 1 DAGs
[2025-07-09T22:55:40.981+0000] {logging_mixin.py:188} INFO - [2025-07-09T22:55:40.981+0000] {dag.py:3823} INFO - Setting next_dagrun for example_setup_teardown to 2025-07-08 00:00:00+00:00, run_after=2025-07-09 00:00:00+00:00
[2025-07-09T22:55:41.017+0000] {processor.py:183} INFO - Processing /home/airflow/.local/lib/python3.8/site-packages/airflow/example_dags/example_setup_teardown.py took 0.125 seconds
[2025-07-09T22:56:11.539+0000] {processor.py:161} INFO - Started process (PID=1637) to work on /home/airflow/.local/lib/python3.8/site-packages/airflow/example_dags/example_setup_teardown.py
[2025-07-09T22:56:11.540+0000] {processor.py:830} INFO - Processing file /home/airflow/.local/lib/python3.8/site-packages/airflow/example_dags/example_setup_teardown.py for tasks to queue
[2025-07-09T22:56:11.543+0000] {logging_mixin.py:188} INFO - [2025-07-09T22:56:11.543+0000] {dagbag.py:538} INFO - Filling up the DagBag from /home/airflow/.local/lib/python3.8/site-packages/airflow/example_dags/example_setup_teardown.py
[2025-07-09T22:56:11.552+0000] {processor.py:840} INFO - DAG(s) 'example_setup_teardown' retrieved from /home/airflow/.local/lib/python3.8/site-packages/airflow/example_dags/example_setup_teardown.py
[2025-07-09T22:56:11.582+0000] {logging_mixin.py:188} INFO - [2025-07-09T22:56:11.582+0000] {dag.py:3036} INFO - Sync 1 DAGs
[2025-07-09T22:56:11.611+0000] {logging_mixin.py:188} INFO - [2025-07-09T22:56:11.610+0000] {dag.py:3823} INFO - Setting next_dagrun for example_setup_teardown to 2025-07-08 00:00:00+00:00, run_after=2025-07-09 00:00:00+00:00
[2025-07-09T22:56:11.639+0000] {processor.py:183} INFO - Processing /home/airflow/.local/lib/python3.8/site-packages/airflow/example_dags/example_setup_teardown.py took 0.104 seconds
[2025-07-09T23:01:55.822+0000] {processor.py:161} INFO - Started process (PID=89) to work on /home/airflow/.local/lib/python3.8/site-packages/airflow/example_dags/example_setup_teardown.py
[2025-07-09T23:01:55.825+0000] {processor.py:830} INFO - Processing file /home/airflow/.local/lib/python3.8/site-packages/airflow/example_dags/example_setup_teardown.py for tasks to queue
[2025-07-09T23:01:55.829+0000] {logging_mixin.py:188} INFO - [2025-07-09T23:01:55.828+0000] {dagbag.py:538} INFO - Filling up the DagBag from /home/airflow/.local/lib/python3.8/site-packages/airflow/example_dags/example_setup_teardown.py
[2025-07-09T23:01:55.850+0000] {processor.py:840} INFO - DAG(s) 'example_setup_teardown' retrieved from /home/airflow/.local/lib/python3.8/site-packages/airflow/example_dags/example_setup_teardown.py
[2025-07-09T23:01:56.071+0000] {logging_mixin.py:188} INFO - [2025-07-09T23:01:56.070+0000] {override.py:1769} INFO - Created Permission View: can edit on DAG:example_setup_teardown
[2025-07-09T23:01:56.098+0000] {logging_mixin.py:188} INFO - [2025-07-09T23:01:56.097+0000] {override.py:1769} INFO - Created Permission View: can delete on DAG:example_setup_teardown
[2025-07-09T23:01:56.117+0000] {logging_mixin.py:188} INFO - [2025-07-09T23:01:56.117+0000] {override.py:1769} INFO - Created Permission View: can read on DAG:example_setup_teardown
[2025-07-09T23:01:56.119+0000] {logging_mixin.py:188} INFO - [2025-07-09T23:01:56.119+0000] {dag.py:3036} INFO - Sync 1 DAGs
[2025-07-09T23:01:56.143+0000] {logging_mixin.py:188} INFO - [2025-07-09T23:01:56.142+0000] {dag.py:3058} INFO - Creating ORM DAG for example_setup_teardown
[2025-07-09T23:01:56.167+0000] {logging_mixin.py:188} INFO - [2025-07-09T23:01:56.166+0000] {dag.py:3823} INFO - Setting next_dagrun for example_setup_teardown to 2025-07-08 00:00:00+00:00, run_after=2025-07-09 00:00:00+00:00
[2025-07-09T23:01:56.212+0000] {processor.py:183} INFO - Processing /home/airflow/.local/lib/python3.8/site-packages/airflow/example_dags/example_setup_teardown.py took 0.397 seconds
[2025-07-09T23:02:27.024+0000] {processor.py:161} INFO - Started process (PID=145) to work on /home/airflow/.local/lib/python3.8/site-packages/airflow/example_dags/example_setup_teardown.py
[2025-07-09T23:02:27.026+0000] {processor.py:830} INFO - Processing file /home/airflow/.local/lib/python3.8/site-packages/airflow/example_dags/example_setup_teardown.py for tasks to queue
[2025-07-09T23:02:27.031+0000] {logging_mixin.py:188} INFO - [2025-07-09T23:02:27.030+0000] {dagbag.py:538} INFO - Filling up the DagBag from /home/airflow/.local/lib/python3.8/site-packages/airflow/example_dags/example_setup_teardown.py
[2025-07-09T23:02:27.049+0000] {processor.py:840} INFO - DAG(s) 'example_setup_teardown' retrieved from /home/airflow/.local/lib/python3.8/site-packages/airflow/example_dags/example_setup_teardown.py
[2025-07-09T23:02:27.090+0000] {logging_mixin.py:188} INFO - [2025-07-09T23:02:27.090+0000] {dag.py:3036} INFO - Sync 1 DAGs
[2025-07-09T23:02:27.125+0000] {logging_mixin.py:188} INFO - [2025-07-09T23:02:27.125+0000] {dag.py:3823} INFO - Setting next_dagrun for example_setup_teardown to 2025-07-08 00:00:00+00:00, run_after=2025-07-09 00:00:00+00:00
[2025-07-09T23:02:27.410+0000] {processor.py:183} INFO - Processing /home/airflow/.local/lib/python3.8/site-packages/airflow/example_dags/example_setup_teardown.py took 0.392 seconds
[2025-07-09T23:02:58.239+0000] {processor.py:161} INFO - Started process (PID=206) to work on /home/airflow/.local/lib/python3.8/site-packages/airflow/example_dags/example_setup_teardown.py
[2025-07-09T23:02:58.241+0000] {processor.py:830} INFO - Processing file /home/airflow/.local/lib/python3.8/site-packages/airflow/example_dags/example_setup_teardown.py for tasks to queue
[2025-07-09T23:02:58.245+0000] {logging_mixin.py:188} INFO - [2025-07-09T23:02:58.244+0000] {dagbag.py:538} INFO - Filling up the DagBag from /home/airflow/.local/lib/python3.8/site-packages/airflow/example_dags/example_setup_teardown.py
[2025-07-09T23:02:58.259+0000] {processor.py:840} INFO - DAG(s) 'example_setup_teardown' retrieved from /home/airflow/.local/lib/python3.8/site-packages/airflow/example_dags/example_setup_teardown.py
[2025-07-09T23:02:58.293+0000] {logging_mixin.py:188} INFO - [2025-07-09T23:02:58.293+0000] {dag.py:3036} INFO - Sync 1 DAGs
[2025-07-09T23:02:58.324+0000] {logging_mixin.py:188} INFO - [2025-07-09T23:02:58.323+0000] {dag.py:3823} INFO - Setting next_dagrun for example_setup_teardown to 2025-07-08 00:00:00+00:00, run_after=2025-07-09 00:00:00+00:00
[2025-07-09T23:02:58.355+0000] {processor.py:183} INFO - Processing /home/airflow/.local/lib/python3.8/site-packages/airflow/example_dags/example_setup_teardown.py took 0.122 seconds
[2025-07-09T23:03:28.498+0000] {processor.py:161} INFO - Started process (PID=265) to work on /home/airflow/.local/lib/python3.8/site-packages/airflow/example_dags/example_setup_teardown.py
[2025-07-09T23:03:28.500+0000] {processor.py:830} INFO - Processing file /home/airflow/.local/lib/python3.8/site-packages/airflow/example_dags/example_setup_teardown.py for tasks to queue
[2025-07-09T23:03:28.504+0000] {logging_mixin.py:188} INFO - [2025-07-09T23:03:28.504+0000] {dagbag.py:538} INFO - Filling up the DagBag from /home/airflow/.local/lib/python3.8/site-packages/airflow/example_dags/example_setup_teardown.py
[2025-07-09T23:03:28.514+0000] {processor.py:840} INFO - DAG(s) 'example_setup_teardown' retrieved from /home/airflow/.local/lib/python3.8/site-packages/airflow/example_dags/example_setup_teardown.py
[2025-07-09T23:03:28.550+0000] {logging_mixin.py:188} INFO - [2025-07-09T23:03:28.550+0000] {dag.py:3036} INFO - Sync 1 DAGs
[2025-07-09T23:03:28.582+0000] {logging_mixin.py:188} INFO - [2025-07-09T23:03:28.581+0000] {dag.py:3823} INFO - Setting next_dagrun for example_setup_teardown to 2025-07-08 00:00:00+00:00, run_after=2025-07-09 00:00:00+00:00
[2025-07-09T23:03:28.618+0000] {processor.py:183} INFO - Processing /home/airflow/.local/lib/python3.8/site-packages/airflow/example_dags/example_setup_teardown.py took 0.124 seconds
[2025-07-09T23:03:58.907+0000] {processor.py:161} INFO - Started process (PID=322) to work on /home/airflow/.local/lib/python3.8/site-packages/airflow/example_dags/example_setup_teardown.py
[2025-07-09T23:03:58.909+0000] {processor.py:830} INFO - Processing file /home/airflow/.local/lib/python3.8/site-packages/airflow/example_dags/example_setup_teardown.py for tasks to queue
[2025-07-09T23:03:58.913+0000] {logging_mixin.py:188} INFO - [2025-07-09T23:03:58.912+0000] {dagbag.py:538} INFO - Filling up the DagBag from /home/airflow/.local/lib/python3.8/site-packages/airflow/example_dags/example_setup_teardown.py
[2025-07-09T23:03:58.922+0000] {processor.py:840} INFO - DAG(s) 'example_setup_teardown' retrieved from /home/airflow/.local/lib/python3.8/site-packages/airflow/example_dags/example_setup_teardown.py
[2025-07-09T23:03:58.948+0000] {logging_mixin.py:188} INFO - [2025-07-09T23:03:58.948+0000] {dag.py:3036} INFO - Sync 1 DAGs
[2025-07-09T23:03:58.977+0000] {logging_mixin.py:188} INFO - [2025-07-09T23:03:58.976+0000] {dag.py:3823} INFO - Setting next_dagrun for example_setup_teardown to 2025-07-08 00:00:00+00:00, run_after=2025-07-09 00:00:00+00:00
[2025-07-09T23:03:59.011+0000] {processor.py:183} INFO - Processing /home/airflow/.local/lib/python3.8/site-packages/airflow/example_dags/example_setup_teardown.py took 0.110 seconds
[2025-07-09T23:04:29.567+0000] {processor.py:161} INFO - Started process (PID=383) to work on /home/airflow/.local/lib/python3.8/site-packages/airflow/example_dags/example_setup_teardown.py
[2025-07-09T23:04:29.569+0000] {processor.py:830} INFO - Processing file /home/airflow/.local/lib/python3.8/site-packages/airflow/example_dags/example_setup_teardown.py for tasks to queue
[2025-07-09T23:04:29.572+0000] {logging_mixin.py:188} INFO - [2025-07-09T23:04:29.572+0000] {dagbag.py:538} INFO - Filling up the DagBag from /home/airflow/.local/lib/python3.8/site-packages/airflow/example_dags/example_setup_teardown.py
[2025-07-09T23:04:29.581+0000] {processor.py:840} INFO - DAG(s) 'example_setup_teardown' retrieved from /home/airflow/.local/lib/python3.8/site-packages/airflow/example_dags/example_setup_teardown.py
[2025-07-09T23:04:29.612+0000] {logging_mixin.py:188} INFO - [2025-07-09T23:04:29.612+0000] {dag.py:3036} INFO - Sync 1 DAGs
[2025-07-09T23:04:29.641+0000] {logging_mixin.py:188} INFO - [2025-07-09T23:04:29.641+0000] {dag.py:3823} INFO - Setting next_dagrun for example_setup_teardown to 2025-07-08 00:00:00+00:00, run_after=2025-07-09 00:00:00+00:00
[2025-07-09T23:04:29.672+0000] {processor.py:183} INFO - Processing /home/airflow/.local/lib/python3.8/site-packages/airflow/example_dags/example_setup_teardown.py took 0.109 seconds
[2025-07-09T23:05:00.477+0000] {processor.py:161} INFO - Started process (PID=440) to work on /home/airflow/.local/lib/python3.8/site-packages/airflow/example_dags/example_setup_teardown.py
[2025-07-09T23:05:00.479+0000] {processor.py:830} INFO - Processing file /home/airflow/.local/lib/python3.8/site-packages/airflow/example_dags/example_setup_teardown.py for tasks to queue
[2025-07-09T23:05:00.482+0000] {logging_mixin.py:188} INFO - [2025-07-09T23:05:00.482+0000] {dagbag.py:538} INFO - Filling up the DagBag from /home/airflow/.local/lib/python3.8/site-packages/airflow/example_dags/example_setup_teardown.py
[2025-07-09T23:05:00.495+0000] {processor.py:840} INFO - DAG(s) 'example_setup_teardown' retrieved from /home/airflow/.local/lib/python3.8/site-packages/airflow/example_dags/example_setup_teardown.py
[2025-07-09T23:05:00.528+0000] {logging_mixin.py:188} INFO - [2025-07-09T23:05:00.527+0000] {dag.py:3036} INFO - Sync 1 DAGs
[2025-07-09T23:05:00.563+0000] {logging_mixin.py:188} INFO - [2025-07-09T23:05:00.563+0000] {dag.py:3823} INFO - Setting next_dagrun for example_setup_teardown to 2025-07-08 00:00:00+00:00, run_after=2025-07-09 00:00:00+00:00
[2025-07-09T23:05:00.599+0000] {processor.py:183} INFO - Processing /home/airflow/.local/lib/python3.8/site-packages/airflow/example_dags/example_setup_teardown.py took 0.128 seconds
[2025-07-09T23:05:30.900+0000] {processor.py:161} INFO - Started process (PID=498) to work on /home/airflow/.local/lib/python3.8/site-packages/airflow/example_dags/example_setup_teardown.py
[2025-07-09T23:05:30.903+0000] {processor.py:830} INFO - Processing file /home/airflow/.local/lib/python3.8/site-packages/airflow/example_dags/example_setup_teardown.py for tasks to queue
[2025-07-09T23:05:30.907+0000] {logging_mixin.py:188} INFO - [2025-07-09T23:05:30.906+0000] {dagbag.py:538} INFO - Filling up the DagBag from /home/airflow/.local/lib/python3.8/site-packages/airflow/example_dags/example_setup_teardown.py
[2025-07-09T23:05:30.917+0000] {processor.py:840} INFO - DAG(s) 'example_setup_teardown' retrieved from /home/airflow/.local/lib/python3.8/site-packages/airflow/example_dags/example_setup_teardown.py
[2025-07-09T23:05:30.954+0000] {logging_mixin.py:188} INFO - [2025-07-09T23:05:30.954+0000] {dag.py:3036} INFO - Sync 1 DAGs
[2025-07-09T23:05:30.990+0000] {logging_mixin.py:188} INFO - [2025-07-09T23:05:30.990+0000] {dag.py:3823} INFO - Setting next_dagrun for example_setup_teardown to 2025-07-08 00:00:00+00:00, run_after=2025-07-09 00:00:00+00:00
[2025-07-09T23:05:31.029+0000] {processor.py:183} INFO - Processing /home/airflow/.local/lib/python3.8/site-packages/airflow/example_dags/example_setup_teardown.py took 0.135 seconds
[2025-07-09T23:06:01.223+0000] {processor.py:161} INFO - Started process (PID=555) to work on /home/airflow/.local/lib/python3.8/site-packages/airflow/example_dags/example_setup_teardown.py
[2025-07-09T23:06:01.226+0000] {processor.py:830} INFO - Processing file /home/airflow/.local/lib/python3.8/site-packages/airflow/example_dags/example_setup_teardown.py for tasks to queue
[2025-07-09T23:06:01.231+0000] {logging_mixin.py:188} INFO - [2025-07-09T23:06:01.230+0000] {dagbag.py:538} INFO - Filling up the DagBag from /home/airflow/.local/lib/python3.8/site-packages/airflow/example_dags/example_setup_teardown.py
[2025-07-09T23:06:01.245+0000] {processor.py:840} INFO - DAG(s) 'example_setup_teardown' retrieved from /home/airflow/.local/lib/python3.8/site-packages/airflow/example_dags/example_setup_teardown.py
[2025-07-09T23:06:01.278+0000] {logging_mixin.py:188} INFO - [2025-07-09T23:06:01.278+0000] {dag.py:3036} INFO - Sync 1 DAGs
[2025-07-09T23:06:01.307+0000] {logging_mixin.py:188} INFO - [2025-07-09T23:06:01.307+0000] {dag.py:3823} INFO - Setting next_dagrun for example_setup_teardown to 2025-07-08 00:00:00+00:00, run_after=2025-07-09 00:00:00+00:00
[2025-07-09T23:06:01.350+0000] {processor.py:183} INFO - Processing /home/airflow/.local/lib/python3.8/site-packages/airflow/example_dags/example_setup_teardown.py took 0.133 seconds
[2025-07-09T23:06:32.028+0000] {processor.py:161} INFO - Started process (PID=611) to work on /home/airflow/.local/lib/python3.8/site-packages/airflow/example_dags/example_setup_teardown.py
[2025-07-09T23:06:32.031+0000] {processor.py:830} INFO - Processing file /home/airflow/.local/lib/python3.8/site-packages/airflow/example_dags/example_setup_teardown.py for tasks to queue
[2025-07-09T23:06:32.035+0000] {logging_mixin.py:188} INFO - [2025-07-09T23:06:32.035+0000] {dagbag.py:538} INFO - Filling up the DagBag from /home/airflow/.local/lib/python3.8/site-packages/airflow/example_dags/example_setup_teardown.py
[2025-07-09T23:06:32.049+0000] {processor.py:840} INFO - DAG(s) 'example_setup_teardown' retrieved from /home/airflow/.local/lib/python3.8/site-packages/airflow/example_dags/example_setup_teardown.py
[2025-07-09T23:06:32.080+0000] {logging_mixin.py:188} INFO - [2025-07-09T23:06:32.079+0000] {dag.py:3036} INFO - Sync 1 DAGs
[2025-07-09T23:06:32.117+0000] {logging_mixin.py:188} INFO - [2025-07-09T23:06:32.116+0000] {dag.py:3823} INFO - Setting next_dagrun for example_setup_teardown to 2025-07-08 00:00:00+00:00, run_after=2025-07-09 00:00:00+00:00
[2025-07-09T23:06:32.154+0000] {processor.py:183} INFO - Processing /home/airflow/.local/lib/python3.8/site-packages/airflow/example_dags/example_setup_teardown.py took 0.134 seconds
[2025-07-09T23:07:02.831+0000] {processor.py:161} INFO - Started process (PID=667) to work on /home/airflow/.local/lib/python3.8/site-packages/airflow/example_dags/example_setup_teardown.py
[2025-07-09T23:07:02.833+0000] {processor.py:830} INFO - Processing file /home/airflow/.local/lib/python3.8/site-packages/airflow/example_dags/example_setup_teardown.py for tasks to queue
[2025-07-09T23:07:02.836+0000] {logging_mixin.py:188} INFO - [2025-07-09T23:07:02.835+0000] {dagbag.py:538} INFO - Filling up the DagBag from /home/airflow/.local/lib/python3.8/site-packages/airflow/example_dags/example_setup_teardown.py
[2025-07-09T23:07:02.846+0000] {processor.py:840} INFO - DAG(s) 'example_setup_teardown' retrieved from /home/airflow/.local/lib/python3.8/site-packages/airflow/example_dags/example_setup_teardown.py
[2025-07-09T23:07:02.879+0000] {logging_mixin.py:188} INFO - [2025-07-09T23:07:02.878+0000] {dag.py:3036} INFO - Sync 1 DAGs
[2025-07-09T23:07:02.915+0000] {logging_mixin.py:188} INFO - [2025-07-09T23:07:02.915+0000] {dag.py:3823} INFO - Setting next_dagrun for example_setup_teardown to 2025-07-08 00:00:00+00:00, run_after=2025-07-09 00:00:00+00:00
[2025-07-09T23:07:02.972+0000] {processor.py:183} INFO - Processing /home/airflow/.local/lib/python3.8/site-packages/airflow/example_dags/example_setup_teardown.py took 0.145 seconds
[2025-07-09T23:07:33.131+0000] {processor.py:161} INFO - Started process (PID=724) to work on /home/airflow/.local/lib/python3.8/site-packages/airflow/example_dags/example_setup_teardown.py
[2025-07-09T23:07:33.133+0000] {processor.py:830} INFO - Processing file /home/airflow/.local/lib/python3.8/site-packages/airflow/example_dags/example_setup_teardown.py for tasks to queue
[2025-07-09T23:07:33.137+0000] {logging_mixin.py:188} INFO - [2025-07-09T23:07:33.136+0000] {dagbag.py:538} INFO - Filling up the DagBag from /home/airflow/.local/lib/python3.8/site-packages/airflow/example_dags/example_setup_teardown.py
[2025-07-09T23:07:33.148+0000] {processor.py:840} INFO - DAG(s) 'example_setup_teardown' retrieved from /home/airflow/.local/lib/python3.8/site-packages/airflow/example_dags/example_setup_teardown.py
[2025-07-09T23:07:33.179+0000] {logging_mixin.py:188} INFO - [2025-07-09T23:07:33.179+0000] {dag.py:3036} INFO - Sync 1 DAGs
[2025-07-09T23:07:33.214+0000] {logging_mixin.py:188} INFO - [2025-07-09T23:07:33.214+0000] {dag.py:3823} INFO - Setting next_dagrun for example_setup_teardown to 2025-07-08 00:00:00+00:00, run_after=2025-07-09 00:00:00+00:00
[2025-07-09T23:07:33.248+0000] {processor.py:183} INFO - Processing /home/airflow/.local/lib/python3.8/site-packages/airflow/example_dags/example_setup_teardown.py took 0.123 seconds
[2025-07-09T23:08:03.703+0000] {processor.py:161} INFO - Started process (PID=781) to work on /home/airflow/.local/lib/python3.8/site-packages/airflow/example_dags/example_setup_teardown.py
[2025-07-09T23:08:03.706+0000] {processor.py:830} INFO - Processing file /home/airflow/.local/lib/python3.8/site-packages/airflow/example_dags/example_setup_teardown.py for tasks to queue
[2025-07-09T23:08:03.716+0000] {logging_mixin.py:188} INFO - [2025-07-09T23:08:03.715+0000] {dagbag.py:538} INFO - Filling up the DagBag from /home/airflow/.local/lib/python3.8/site-packages/airflow/example_dags/example_setup_teardown.py
[2025-07-09T23:08:03.729+0000] {processor.py:840} INFO - DAG(s) 'example_setup_teardown' retrieved from /home/airflow/.local/lib/python3.8/site-packages/airflow/example_dags/example_setup_teardown.py
[2025-07-09T23:08:03.774+0000] {logging_mixin.py:188} INFO - [2025-07-09T23:08:03.774+0000] {dag.py:3036} INFO - Sync 1 DAGs
[2025-07-09T23:08:03.810+0000] {logging_mixin.py:188} INFO - [2025-07-09T23:08:03.809+0000] {dag.py:3823} INFO - Setting next_dagrun for example_setup_teardown to 2025-07-08 00:00:00+00:00, run_after=2025-07-09 00:00:00+00:00
[2025-07-09T23:08:03.848+0000] {processor.py:183} INFO - Processing /home/airflow/.local/lib/python3.8/site-packages/airflow/example_dags/example_setup_teardown.py took 0.151 seconds
[2025-07-09T23:08:34.651+0000] {processor.py:161} INFO - Started process (PID=838) to work on /home/airflow/.local/lib/python3.8/site-packages/airflow/example_dags/example_setup_teardown.py
[2025-07-09T23:08:34.653+0000] {processor.py:830} INFO - Processing file /home/airflow/.local/lib/python3.8/site-packages/airflow/example_dags/example_setup_teardown.py for tasks to queue
[2025-07-09T23:08:34.656+0000] {logging_mixin.py:188} INFO - [2025-07-09T23:08:34.655+0000] {dagbag.py:538} INFO - Filling up the DagBag from /home/airflow/.local/lib/python3.8/site-packages/airflow/example_dags/example_setup_teardown.py
[2025-07-09T23:08:34.666+0000] {processor.py:840} INFO - DAG(s) 'example_setup_teardown' retrieved from /home/airflow/.local/lib/python3.8/site-packages/airflow/example_dags/example_setup_teardown.py
[2025-07-09T23:08:34.697+0000] {logging_mixin.py:188} INFO - [2025-07-09T23:08:34.697+0000] {dag.py:3036} INFO - Sync 1 DAGs
[2025-07-09T23:08:34.729+0000] {logging_mixin.py:188} INFO - [2025-07-09T23:08:34.729+0000] {dag.py:3823} INFO - Setting next_dagrun for example_setup_teardown to 2025-07-08 00:00:00+00:00, run_after=2025-07-09 00:00:00+00:00
[2025-07-09T23:08:34.759+0000] {processor.py:183} INFO - Processing /home/airflow/.local/lib/python3.8/site-packages/airflow/example_dags/example_setup_teardown.py took 0.113 seconds
[2025-07-09T23:49:51.542+0000] {processor.py:161} INFO - Started process (PID=83) to work on /home/airflow/.local/lib/python3.8/site-packages/airflow/example_dags/example_setup_teardown.py
[2025-07-09T23:49:51.546+0000] {processor.py:830} INFO - Processing file /home/airflow/.local/lib/python3.8/site-packages/airflow/example_dags/example_setup_teardown.py for tasks to queue
[2025-07-09T23:49:51.551+0000] {logging_mixin.py:188} INFO - [2025-07-09T23:49:51.550+0000] {dagbag.py:538} INFO - Filling up the DagBag from /home/airflow/.local/lib/python3.8/site-packages/airflow/example_dags/example_setup_teardown.py
[2025-07-09T23:49:51.575+0000] {processor.py:840} INFO - DAG(s) 'example_setup_teardown' retrieved from /home/airflow/.local/lib/python3.8/site-packages/airflow/example_dags/example_setup_teardown.py
[2025-07-09T23:49:51.759+0000] {logging_mixin.py:188} INFO - [2025-07-09T23:49:51.758+0000] {override.py:1769} INFO - Created Permission View: can delete on DAG:example_setup_teardown
[2025-07-09T23:49:51.788+0000] {logging_mixin.py:188} INFO - [2025-07-09T23:49:51.787+0000] {override.py:1769} INFO - Created Permission View: can read on DAG:example_setup_teardown
[2025-07-09T23:49:51.808+0000] {logging_mixin.py:188} INFO - [2025-07-09T23:49:51.807+0000] {override.py:1769} INFO - Created Permission View: can edit on DAG:example_setup_teardown
[2025-07-09T23:49:51.810+0000] {logging_mixin.py:188} INFO - [2025-07-09T23:49:51.810+0000] {dag.py:3036} INFO - Sync 1 DAGs
[2025-07-09T23:49:51.831+0000] {logging_mixin.py:188} INFO - [2025-07-09T23:49:51.831+0000] {dag.py:3058} INFO - Creating ORM DAG for example_setup_teardown
[2025-07-09T23:49:51.850+0000] {logging_mixin.py:188} INFO - [2025-07-09T23:49:51.850+0000] {dag.py:3823} INFO - Setting next_dagrun for example_setup_teardown to 2025-07-08 00:00:00+00:00, run_after=2025-07-09 00:00:00+00:00
[2025-07-09T23:49:51.894+0000] {processor.py:183} INFO - Processing /home/airflow/.local/lib/python3.8/site-packages/airflow/example_dags/example_setup_teardown.py took 0.361 seconds
[2025-07-09T23:50:22.758+0000] {processor.py:161} INFO - Started process (PID=139) to work on /home/airflow/.local/lib/python3.8/site-packages/airflow/example_dags/example_setup_teardown.py
[2025-07-09T23:50:22.760+0000] {processor.py:830} INFO - Processing file /home/airflow/.local/lib/python3.8/site-packages/airflow/example_dags/example_setup_teardown.py for tasks to queue
[2025-07-09T23:50:22.763+0000] {logging_mixin.py:188} INFO - [2025-07-09T23:50:22.762+0000] {dagbag.py:538} INFO - Filling up the DagBag from /home/airflow/.local/lib/python3.8/site-packages/airflow/example_dags/example_setup_teardown.py
[2025-07-09T23:50:22.775+0000] {processor.py:840} INFO - DAG(s) 'example_setup_teardown' retrieved from /home/airflow/.local/lib/python3.8/site-packages/airflow/example_dags/example_setup_teardown.py
[2025-07-09T23:50:22.812+0000] {logging_mixin.py:188} INFO - [2025-07-09T23:50:22.812+0000] {dag.py:3036} INFO - Sync 1 DAGs
[2025-07-09T23:50:22.850+0000] {logging_mixin.py:188} INFO - [2025-07-09T23:50:22.850+0000] {dag.py:3823} INFO - Setting next_dagrun for example_setup_teardown to 2025-07-08 00:00:00+00:00, run_after=2025-07-09 00:00:00+00:00
[2025-07-09T23:50:22.891+0000] {processor.py:183} INFO - Processing /home/airflow/.local/lib/python3.8/site-packages/airflow/example_dags/example_setup_teardown.py took 0.138 seconds
[2025-07-09T23:54:30.715+0000] {processor.py:161} INFO - Started process (PID=90) to work on /home/airflow/.local/lib/python3.8/site-packages/airflow/example_dags/example_setup_teardown.py
[2025-07-09T23:54:30.717+0000] {processor.py:830} INFO - Processing file /home/airflow/.local/lib/python3.8/site-packages/airflow/example_dags/example_setup_teardown.py for tasks to queue
[2025-07-09T23:54:30.720+0000] {logging_mixin.py:188} INFO - [2025-07-09T23:54:30.719+0000] {dagbag.py:538} INFO - Filling up the DagBag from /home/airflow/.local/lib/python3.8/site-packages/airflow/example_dags/example_setup_teardown.py
[2025-07-09T23:54:30.733+0000] {processor.py:840} INFO - DAG(s) 'example_setup_teardown' retrieved from /home/airflow/.local/lib/python3.8/site-packages/airflow/example_dags/example_setup_teardown.py
[2025-07-09T23:54:30.859+0000] {logging_mixin.py:188} INFO - [2025-07-09T23:54:30.858+0000] {override.py:1769} INFO - Created Permission View: can edit on DAG:example_setup_teardown
[2025-07-09T23:54:30.875+0000] {logging_mixin.py:188} INFO - [2025-07-09T23:54:30.875+0000] {override.py:1769} INFO - Created Permission View: can read on DAG:example_setup_teardown
[2025-07-09T23:54:30.888+0000] {logging_mixin.py:188} INFO - [2025-07-09T23:54:30.887+0000] {override.py:1769} INFO - Created Permission View: can delete on DAG:example_setup_teardown
[2025-07-09T23:54:30.889+0000] {logging_mixin.py:188} INFO - [2025-07-09T23:54:30.889+0000] {dag.py:3036} INFO - Sync 1 DAGs
[2025-07-09T23:54:30.902+0000] {logging_mixin.py:188} INFO - [2025-07-09T23:54:30.902+0000] {dag.py:3058} INFO - Creating ORM DAG for example_setup_teardown
[2025-07-09T23:54:30.915+0000] {logging_mixin.py:188} INFO - [2025-07-09T23:54:30.915+0000] {dag.py:3823} INFO - Setting next_dagrun for example_setup_teardown to 2025-07-08 00:00:00+00:00, run_after=2025-07-09 00:00:00+00:00
[2025-07-09T23:54:30.941+0000] {processor.py:183} INFO - Processing /home/airflow/.local/lib/python3.8/site-packages/airflow/example_dags/example_setup_teardown.py took 0.231 seconds
[2025-07-09T23:55:02.104+0000] {processor.py:161} INFO - Started process (PID=146) to work on /home/airflow/.local/lib/python3.8/site-packages/airflow/example_dags/example_setup_teardown.py
[2025-07-09T23:55:02.107+0000] {processor.py:830} INFO - Processing file /home/airflow/.local/lib/python3.8/site-packages/airflow/example_dags/example_setup_teardown.py for tasks to queue
[2025-07-09T23:55:02.112+0000] {logging_mixin.py:188} INFO - [2025-07-09T23:55:02.111+0000] {dagbag.py:538} INFO - Filling up the DagBag from /home/airflow/.local/lib/python3.8/site-packages/airflow/example_dags/example_setup_teardown.py
[2025-07-09T23:55:02.124+0000] {processor.py:840} INFO - DAG(s) 'example_setup_teardown' retrieved from /home/airflow/.local/lib/python3.8/site-packages/airflow/example_dags/example_setup_teardown.py
[2025-07-09T23:55:02.165+0000] {logging_mixin.py:188} INFO - [2025-07-09T23:55:02.165+0000] {dag.py:3036} INFO - Sync 1 DAGs
[2025-07-09T23:55:02.208+0000] {logging_mixin.py:188} INFO - [2025-07-09T23:55:02.208+0000] {dag.py:3823} INFO - Setting next_dagrun for example_setup_teardown to 2025-07-08 00:00:00+00:00, run_after=2025-07-09 00:00:00+00:00
[2025-07-09T23:55:02.252+0000] {processor.py:183} INFO - Processing /home/airflow/.local/lib/python3.8/site-packages/airflow/example_dags/example_setup_teardown.py took 0.155 seconds
[2025-07-09T23:55:32.937+0000] {processor.py:161} INFO - Started process (PID=206) to work on /home/airflow/.local/lib/python3.8/site-packages/airflow/example_dags/example_setup_teardown.py
[2025-07-09T23:55:32.939+0000] {processor.py:830} INFO - Processing file /home/airflow/.local/lib/python3.8/site-packages/airflow/example_dags/example_setup_teardown.py for tasks to queue
[2025-07-09T23:55:32.941+0000] {logging_mixin.py:188} INFO - [2025-07-09T23:55:32.941+0000] {dagbag.py:538} INFO - Filling up the DagBag from /home/airflow/.local/lib/python3.8/site-packages/airflow/example_dags/example_setup_teardown.py
[2025-07-09T23:55:32.952+0000] {processor.py:840} INFO - DAG(s) 'example_setup_teardown' retrieved from /home/airflow/.local/lib/python3.8/site-packages/airflow/example_dags/example_setup_teardown.py
[2025-07-09T23:55:32.982+0000] {logging_mixin.py:188} INFO - [2025-07-09T23:55:32.982+0000] {dag.py:3036} INFO - Sync 1 DAGs
[2025-07-09T23:55:33.009+0000] {logging_mixin.py:188} INFO - [2025-07-09T23:55:33.008+0000] {dag.py:3823} INFO - Setting next_dagrun for example_setup_teardown to 2025-07-08 00:00:00+00:00, run_after=2025-07-09 00:00:00+00:00
[2025-07-09T23:55:33.036+0000] {processor.py:183} INFO - Processing /home/airflow/.local/lib/python3.8/site-packages/airflow/example_dags/example_setup_teardown.py took 0.103 seconds
[2025-07-09T23:56:03.782+0000] {processor.py:161} INFO - Started process (PID=267) to work on /home/airflow/.local/lib/python3.8/site-packages/airflow/example_dags/example_setup_teardown.py
[2025-07-09T23:56:03.789+0000] {processor.py:830} INFO - Processing file /home/airflow/.local/lib/python3.8/site-packages/airflow/example_dags/example_setup_teardown.py for tasks to queue
[2025-07-09T23:56:03.794+0000] {logging_mixin.py:188} INFO - [2025-07-09T23:56:03.793+0000] {dagbag.py:538} INFO - Filling up the DagBag from /home/airflow/.local/lib/python3.8/site-packages/airflow/example_dags/example_setup_teardown.py
[2025-07-09T23:56:03.804+0000] {processor.py:840} INFO - DAG(s) 'example_setup_teardown' retrieved from /home/airflow/.local/lib/python3.8/site-packages/airflow/example_dags/example_setup_teardown.py
[2025-07-09T23:56:03.833+0000] {logging_mixin.py:188} INFO - [2025-07-09T23:56:03.833+0000] {dag.py:3036} INFO - Sync 1 DAGs
[2025-07-09T23:56:03.861+0000] {logging_mixin.py:188} INFO - [2025-07-09T23:56:03.861+0000] {dag.py:3823} INFO - Setting next_dagrun for example_setup_teardown to 2025-07-08 00:00:00+00:00, run_after=2025-07-09 00:00:00+00:00
[2025-07-09T23:56:03.894+0000] {processor.py:183} INFO - Processing /home/airflow/.local/lib/python3.8/site-packages/airflow/example_dags/example_setup_teardown.py took 0.116 seconds
[2025-07-09T23:56:34.386+0000] {processor.py:161} INFO - Started process (PID=324) to work on /home/airflow/.local/lib/python3.8/site-packages/airflow/example_dags/example_setup_teardown.py
[2025-07-09T23:56:34.388+0000] {processor.py:830} INFO - Processing file /home/airflow/.local/lib/python3.8/site-packages/airflow/example_dags/example_setup_teardown.py for tasks to queue
[2025-07-09T23:56:34.391+0000] {logging_mixin.py:188} INFO - [2025-07-09T23:56:34.391+0000] {dagbag.py:538} INFO - Filling up the DagBag from /home/airflow/.local/lib/python3.8/site-packages/airflow/example_dags/example_setup_teardown.py
[2025-07-09T23:56:34.407+0000] {processor.py:840} INFO - DAG(s) 'example_setup_teardown' retrieved from /home/airflow/.local/lib/python3.8/site-packages/airflow/example_dags/example_setup_teardown.py
[2025-07-09T23:56:34.438+0000] {logging_mixin.py:188} INFO - [2025-07-09T23:56:34.438+0000] {dag.py:3036} INFO - Sync 1 DAGs
[2025-07-09T23:56:34.477+0000] {logging_mixin.py:188} INFO - [2025-07-09T23:56:34.477+0000] {dag.py:3823} INFO - Setting next_dagrun for example_setup_teardown to 2025-07-08 00:00:00+00:00, run_after=2025-07-09 00:00:00+00:00
[2025-07-09T23:56:34.510+0000] {processor.py:183} INFO - Processing /home/airflow/.local/lib/python3.8/site-packages/airflow/example_dags/example_setup_teardown.py took 0.130 seconds
[2025-07-09T23:57:05.369+0000] {processor.py:161} INFO - Started process (PID=384) to work on /home/airflow/.local/lib/python3.8/site-packages/airflow/example_dags/example_setup_teardown.py
[2025-07-09T23:57:05.371+0000] {processor.py:830} INFO - Processing file /home/airflow/.local/lib/python3.8/site-packages/airflow/example_dags/example_setup_teardown.py for tasks to queue
[2025-07-09T23:57:05.374+0000] {logging_mixin.py:188} INFO - [2025-07-09T23:57:05.373+0000] {dagbag.py:538} INFO - Filling up the DagBag from /home/airflow/.local/lib/python3.8/site-packages/airflow/example_dags/example_setup_teardown.py
[2025-07-09T23:57:05.385+0000] {processor.py:840} INFO - DAG(s) 'example_setup_teardown' retrieved from /home/airflow/.local/lib/python3.8/site-packages/airflow/example_dags/example_setup_teardown.py
[2025-07-09T23:57:05.419+0000] {logging_mixin.py:188} INFO - [2025-07-09T23:57:05.419+0000] {dag.py:3036} INFO - Sync 1 DAGs
[2025-07-09T23:57:05.450+0000] {logging_mixin.py:188} INFO - [2025-07-09T23:57:05.450+0000] {dag.py:3823} INFO - Setting next_dagrun for example_setup_teardown to 2025-07-08 00:00:00+00:00, run_after=2025-07-09 00:00:00+00:00
[2025-07-09T23:57:05.481+0000] {processor.py:183} INFO - Processing /home/airflow/.local/lib/python3.8/site-packages/airflow/example_dags/example_setup_teardown.py took 0.117 seconds
[2025-07-09T23:57:36.127+0000] {processor.py:161} INFO - Started process (PID=441) to work on /home/airflow/.local/lib/python3.8/site-packages/airflow/example_dags/example_setup_teardown.py
[2025-07-09T23:57:36.130+0000] {processor.py:830} INFO - Processing file /home/airflow/.local/lib/python3.8/site-packages/airflow/example_dags/example_setup_teardown.py for tasks to queue
[2025-07-09T23:57:36.132+0000] {logging_mixin.py:188} INFO - [2025-07-09T23:57:36.132+0000] {dagbag.py:538} INFO - Filling up the DagBag from /home/airflow/.local/lib/python3.8/site-packages/airflow/example_dags/example_setup_teardown.py
[2025-07-09T23:57:36.142+0000] {processor.py:840} INFO - DAG(s) 'example_setup_teardown' retrieved from /home/airflow/.local/lib/python3.8/site-packages/airflow/example_dags/example_setup_teardown.py
[2025-07-09T23:57:36.177+0000] {logging_mixin.py:188} INFO - [2025-07-09T23:57:36.176+0000] {dag.py:3036} INFO - Sync 1 DAGs
[2025-07-09T23:57:36.206+0000] {logging_mixin.py:188} INFO - [2025-07-09T23:57:36.206+0000] {dag.py:3823} INFO - Setting next_dagrun for example_setup_teardown to 2025-07-08 00:00:00+00:00, run_after=2025-07-09 00:00:00+00:00
[2025-07-09T23:57:36.237+0000] {processor.py:183} INFO - Processing /home/airflow/.local/lib/python3.8/site-packages/airflow/example_dags/example_setup_teardown.py took 0.114 seconds
[2025-07-09T23:58:06.483+0000] {processor.py:161} INFO - Started process (PID=497) to work on /home/airflow/.local/lib/python3.8/site-packages/airflow/example_dags/example_setup_teardown.py
[2025-07-09T23:58:06.485+0000] {processor.py:830} INFO - Processing file /home/airflow/.local/lib/python3.8/site-packages/airflow/example_dags/example_setup_teardown.py for tasks to queue
[2025-07-09T23:58:06.488+0000] {logging_mixin.py:188} INFO - [2025-07-09T23:58:06.487+0000] {dagbag.py:538} INFO - Filling up the DagBag from /home/airflow/.local/lib/python3.8/site-packages/airflow/example_dags/example_setup_teardown.py
[2025-07-09T23:58:06.500+0000] {processor.py:840} INFO - DAG(s) 'example_setup_teardown' retrieved from /home/airflow/.local/lib/python3.8/site-packages/airflow/example_dags/example_setup_teardown.py
[2025-07-09T23:58:06.531+0000] {logging_mixin.py:188} INFO - [2025-07-09T23:58:06.530+0000] {dag.py:3036} INFO - Sync 1 DAGs
[2025-07-09T23:58:06.558+0000] {logging_mixin.py:188} INFO - [2025-07-09T23:58:06.558+0000] {dag.py:3823} INFO - Setting next_dagrun for example_setup_teardown to 2025-07-08 00:00:00+00:00, run_after=2025-07-09 00:00:00+00:00
[2025-07-09T23:58:06.591+0000] {processor.py:183} INFO - Processing /home/airflow/.local/lib/python3.8/site-packages/airflow/example_dags/example_setup_teardown.py took 0.116 seconds
[2025-07-09T23:58:36.857+0000] {processor.py:161} INFO - Started process (PID=553) to work on /home/airflow/.local/lib/python3.8/site-packages/airflow/example_dags/example_setup_teardown.py
[2025-07-09T23:58:36.858+0000] {processor.py:830} INFO - Processing file /home/airflow/.local/lib/python3.8/site-packages/airflow/example_dags/example_setup_teardown.py for tasks to queue
[2025-07-09T23:58:36.860+0000] {logging_mixin.py:188} INFO - [2025-07-09T23:58:36.859+0000] {dagbag.py:538} INFO - Filling up the DagBag from /home/airflow/.local/lib/python3.8/site-packages/airflow/example_dags/example_setup_teardown.py
[2025-07-09T23:58:36.870+0000] {processor.py:840} INFO - DAG(s) 'example_setup_teardown' retrieved from /home/airflow/.local/lib/python3.8/site-packages/airflow/example_dags/example_setup_teardown.py
[2025-07-09T23:58:36.901+0000] {logging_mixin.py:188} INFO - [2025-07-09T23:58:36.901+0000] {dag.py:3036} INFO - Sync 1 DAGs
[2025-07-09T23:58:36.943+0000] {logging_mixin.py:188} INFO - [2025-07-09T23:58:36.942+0000] {dag.py:3823} INFO - Setting next_dagrun for example_setup_teardown to 2025-07-08 00:00:00+00:00, run_after=2025-07-09 00:00:00+00:00
[2025-07-09T23:58:36.971+0000] {processor.py:183} INFO - Processing /home/airflow/.local/lib/python3.8/site-packages/airflow/example_dags/example_setup_teardown.py took 0.119 seconds
[2025-07-09T23:59:07.614+0000] {processor.py:161} INFO - Started process (PID=609) to work on /home/airflow/.local/lib/python3.8/site-packages/airflow/example_dags/example_setup_teardown.py
[2025-07-09T23:59:07.617+0000] {processor.py:830} INFO - Processing file /home/airflow/.local/lib/python3.8/site-packages/airflow/example_dags/example_setup_teardown.py for tasks to queue
[2025-07-09T23:59:07.619+0000] {logging_mixin.py:188} INFO - [2025-07-09T23:59:07.618+0000] {dagbag.py:538} INFO - Filling up the DagBag from /home/airflow/.local/lib/python3.8/site-packages/airflow/example_dags/example_setup_teardown.py
[2025-07-09T23:59:07.630+0000] {processor.py:840} INFO - DAG(s) 'example_setup_teardown' retrieved from /home/airflow/.local/lib/python3.8/site-packages/airflow/example_dags/example_setup_teardown.py
[2025-07-09T23:59:07.661+0000] {logging_mixin.py:188} INFO - [2025-07-09T23:59:07.661+0000] {dag.py:3036} INFO - Sync 1 DAGs
[2025-07-09T23:59:07.691+0000] {logging_mixin.py:188} INFO - [2025-07-09T23:59:07.691+0000] {dag.py:3823} INFO - Setting next_dagrun for example_setup_teardown to 2025-07-08 00:00:00+00:00, run_after=2025-07-09 00:00:00+00:00
[2025-07-09T23:59:07.729+0000] {processor.py:183} INFO - Processing /home/airflow/.local/lib/python3.8/site-packages/airflow/example_dags/example_setup_teardown.py took 0.121 seconds
[2025-07-09T23:59:37.970+0000] {processor.py:161} INFO - Started process (PID=665) to work on /home/airflow/.local/lib/python3.8/site-packages/airflow/example_dags/example_setup_teardown.py
[2025-07-09T23:59:37.972+0000] {processor.py:830} INFO - Processing file /home/airflow/.local/lib/python3.8/site-packages/airflow/example_dags/example_setup_teardown.py for tasks to queue
[2025-07-09T23:59:37.974+0000] {logging_mixin.py:188} INFO - [2025-07-09T23:59:37.974+0000] {dagbag.py:538} INFO - Filling up the DagBag from /home/airflow/.local/lib/python3.8/site-packages/airflow/example_dags/example_setup_teardown.py
[2025-07-09T23:59:37.986+0000] {processor.py:840} INFO - DAG(s) 'example_setup_teardown' retrieved from /home/airflow/.local/lib/python3.8/site-packages/airflow/example_dags/example_setup_teardown.py
[2025-07-09T23:59:38.017+0000] {logging_mixin.py:188} INFO - [2025-07-09T23:59:38.016+0000] {dag.py:3036} INFO - Sync 1 DAGs
[2025-07-09T23:59:38.049+0000] {logging_mixin.py:188} INFO - [2025-07-09T23:59:38.049+0000] {dag.py:3823} INFO - Setting next_dagrun for example_setup_teardown to 2025-07-08 00:00:00+00:00, run_after=2025-07-09 00:00:00+00:00
[2025-07-09T23:59:38.084+0000] {processor.py:183} INFO - Processing /home/airflow/.local/lib/python3.8/site-packages/airflow/example_dags/example_setup_teardown.py took 0.120 seconds
