[2025-07-09T19:54:23.384+0000] {processor.py:161} INFO - Started process (PID=69) to work on /home/airflow/.local/lib/python3.8/site-packages/airflow/example_dags/example_branch_operator_decorator.py
[2025-07-09T19:54:23.386+0000] {processor.py:830} INFO - Processing file /home/airflow/.local/lib/python3.8/site-packages/airflow/example_dags/example_branch_operator_decorator.py for tasks to queue
[2025-07-09T19:54:23.389+0000] {logging_mixin.py:188} INFO - [2025-07-09T19:54:23.388+0000] {dagbag.py:538} INFO - Filling up the DagBag from /home/airflow/.local/lib/python3.8/site-packages/airflow/example_dags/example_branch_operator_decorator.py
[2025-07-09T19:54:23.421+0000] {processor.py:840} INFO - DAG(s) 'example_branch_python_operator_decorator' retrieved from /home/airflow/.local/lib/python3.8/site-packages/airflow/example_dags/example_branch_operator_decorator.py
[2025-07-09T19:54:23.575+0000] {logging_mixin.py:188} INFO - [2025-07-09T19:54:23.574+0000] {dag.py:3036} INFO - Sync 1 DAGs
[2025-07-09T19:54:23.600+0000] {logging_mixin.py:188} INFO - [2025-07-09T19:54:23.600+0000] {dag.py:3823} INFO - Setting next_dagrun for example_branch_python_operator_decorator to 2025-07-08 00:00:00+00:00, run_after=2025-07-09 00:00:00+00:00
[2025-07-09T19:54:23.630+0000] {processor.py:183} INFO - Processing /home/airflow/.local/lib/python3.8/site-packages/airflow/example_dags/example_branch_operator_decorator.py took 0.251 seconds
[2025-07-09T19:54:53.824+0000] {processor.py:161} INFO - Started process (PID=125) to work on /home/airflow/.local/lib/python3.8/site-packages/airflow/example_dags/example_branch_operator_decorator.py
[2025-07-09T19:54:53.826+0000] {processor.py:830} INFO - Processing file /home/airflow/.local/lib/python3.8/site-packages/airflow/example_dags/example_branch_operator_decorator.py for tasks to queue
[2025-07-09T19:54:53.828+0000] {logging_mixin.py:188} INFO - [2025-07-09T19:54:53.828+0000] {dagbag.py:538} INFO - Filling up the DagBag from /home/airflow/.local/lib/python3.8/site-packages/airflow/example_dags/example_branch_operator_decorator.py
[2025-07-09T19:54:53.853+0000] {processor.py:840} INFO - DAG(s) 'example_branch_python_operator_decorator' retrieved from /home/airflow/.local/lib/python3.8/site-packages/airflow/example_dags/example_branch_operator_decorator.py
[2025-07-09T19:54:53.885+0000] {logging_mixin.py:188} INFO - [2025-07-09T19:54:53.884+0000] {dag.py:3036} INFO - Sync 1 DAGs
[2025-07-09T19:54:53.910+0000] {logging_mixin.py:188} INFO - [2025-07-09T19:54:53.910+0000] {dag.py:3823} INFO - Setting next_dagrun for example_branch_python_operator_decorator to 2025-07-08 00:00:00+00:00, run_after=2025-07-09 00:00:00+00:00
[2025-07-09T19:54:53.935+0000] {processor.py:183} INFO - Processing /home/airflow/.local/lib/python3.8/site-packages/airflow/example_dags/example_branch_operator_decorator.py took 0.116 seconds
[2025-07-09T19:55:24.759+0000] {processor.py:161} INFO - Started process (PID=188) to work on /home/airflow/.local/lib/python3.8/site-packages/airflow/example_dags/example_branch_operator_decorator.py
[2025-07-09T19:55:24.760+0000] {processor.py:830} INFO - Processing file /home/airflow/.local/lib/python3.8/site-packages/airflow/example_dags/example_branch_operator_decorator.py for tasks to queue
[2025-07-09T19:55:24.763+0000] {logging_mixin.py:188} INFO - [2025-07-09T19:55:24.763+0000] {dagbag.py:538} INFO - Filling up the DagBag from /home/airflow/.local/lib/python3.8/site-packages/airflow/example_dags/example_branch_operator_decorator.py
[2025-07-09T19:55:24.792+0000] {processor.py:840} INFO - DAG(s) 'example_branch_python_operator_decorator' retrieved from /home/airflow/.local/lib/python3.8/site-packages/airflow/example_dags/example_branch_operator_decorator.py
[2025-07-09T19:55:24.830+0000] {logging_mixin.py:188} INFO - [2025-07-09T19:55:24.830+0000] {dag.py:3036} INFO - Sync 1 DAGs
[2025-07-09T19:55:24.861+0000] {logging_mixin.py:188} INFO - [2025-07-09T19:55:24.860+0000] {dag.py:3823} INFO - Setting next_dagrun for example_branch_python_operator_decorator to 2025-07-08 00:00:00+00:00, run_after=2025-07-09 00:00:00+00:00
[2025-07-09T19:55:24.890+0000] {processor.py:183} INFO - Processing /home/airflow/.local/lib/python3.8/site-packages/airflow/example_dags/example_branch_operator_decorator.py took 0.135 seconds
[2025-07-09T19:55:55.027+0000] {processor.py:161} INFO - Started process (PID=245) to work on /home/airflow/.local/lib/python3.8/site-packages/airflow/example_dags/example_branch_operator_decorator.py
[2025-07-09T19:55:55.029+0000] {processor.py:830} INFO - Processing file /home/airflow/.local/lib/python3.8/site-packages/airflow/example_dags/example_branch_operator_decorator.py for tasks to queue
[2025-07-09T19:55:55.031+0000] {logging_mixin.py:188} INFO - [2025-07-09T19:55:55.031+0000] {dagbag.py:538} INFO - Filling up the DagBag from /home/airflow/.local/lib/python3.8/site-packages/airflow/example_dags/example_branch_operator_decorator.py
[2025-07-09T19:55:55.056+0000] {processor.py:840} INFO - DAG(s) 'example_branch_python_operator_decorator' retrieved from /home/airflow/.local/lib/python3.8/site-packages/airflow/example_dags/example_branch_operator_decorator.py
[2025-07-09T19:55:55.092+0000] {logging_mixin.py:188} INFO - [2025-07-09T19:55:55.092+0000] {dag.py:3036} INFO - Sync 1 DAGs
[2025-07-09T19:55:55.123+0000] {logging_mixin.py:188} INFO - [2025-07-09T19:55:55.122+0000] {dag.py:3823} INFO - Setting next_dagrun for example_branch_python_operator_decorator to 2025-07-08 00:00:00+00:00, run_after=2025-07-09 00:00:00+00:00
[2025-07-09T19:55:55.149+0000] {processor.py:183} INFO - Processing /home/airflow/.local/lib/python3.8/site-packages/airflow/example_dags/example_branch_operator_decorator.py took 0.127 seconds
[2025-07-09T19:56:25.382+0000] {processor.py:161} INFO - Started process (PID=301) to work on /home/airflow/.local/lib/python3.8/site-packages/airflow/example_dags/example_branch_operator_decorator.py
[2025-07-09T19:56:25.384+0000] {processor.py:830} INFO - Processing file /home/airflow/.local/lib/python3.8/site-packages/airflow/example_dags/example_branch_operator_decorator.py for tasks to queue
[2025-07-09T19:56:25.387+0000] {logging_mixin.py:188} INFO - [2025-07-09T19:56:25.386+0000] {dagbag.py:538} INFO - Filling up the DagBag from /home/airflow/.local/lib/python3.8/site-packages/airflow/example_dags/example_branch_operator_decorator.py
[2025-07-09T19:56:25.413+0000] {processor.py:840} INFO - DAG(s) 'example_branch_python_operator_decorator' retrieved from /home/airflow/.local/lib/python3.8/site-packages/airflow/example_dags/example_branch_operator_decorator.py
[2025-07-09T19:56:25.449+0000] {logging_mixin.py:188} INFO - [2025-07-09T19:56:25.449+0000] {dag.py:3036} INFO - Sync 1 DAGs
[2025-07-09T19:56:25.477+0000] {logging_mixin.py:188} INFO - [2025-07-09T19:56:25.476+0000] {dag.py:3823} INFO - Setting next_dagrun for example_branch_python_operator_decorator to 2025-07-08 00:00:00+00:00, run_after=2025-07-09 00:00:00+00:00
[2025-07-09T19:56:25.507+0000] {processor.py:183} INFO - Processing /home/airflow/.local/lib/python3.8/site-packages/airflow/example_dags/example_branch_operator_decorator.py took 0.130 seconds
[2025-07-09T19:56:56.427+0000] {processor.py:161} INFO - Started process (PID=361) to work on /home/airflow/.local/lib/python3.8/site-packages/airflow/example_dags/example_branch_operator_decorator.py
[2025-07-09T19:56:56.428+0000] {processor.py:830} INFO - Processing file /home/airflow/.local/lib/python3.8/site-packages/airflow/example_dags/example_branch_operator_decorator.py for tasks to queue
[2025-07-09T19:56:56.431+0000] {logging_mixin.py:188} INFO - [2025-07-09T19:56:56.431+0000] {dagbag.py:538} INFO - Filling up the DagBag from /home/airflow/.local/lib/python3.8/site-packages/airflow/example_dags/example_branch_operator_decorator.py
[2025-07-09T19:56:56.457+0000] {processor.py:840} INFO - DAG(s) 'example_branch_python_operator_decorator' retrieved from /home/airflow/.local/lib/python3.8/site-packages/airflow/example_dags/example_branch_operator_decorator.py
[2025-07-09T19:56:56.490+0000] {logging_mixin.py:188} INFO - [2025-07-09T19:56:56.490+0000] {dag.py:3036} INFO - Sync 1 DAGs
[2025-07-09T19:56:56.517+0000] {logging_mixin.py:188} INFO - [2025-07-09T19:56:56.517+0000] {dag.py:3823} INFO - Setting next_dagrun for example_branch_python_operator_decorator to 2025-07-08 00:00:00+00:00, run_after=2025-07-09 00:00:00+00:00
[2025-07-09T19:56:56.545+0000] {processor.py:183} INFO - Processing /home/airflow/.local/lib/python3.8/site-packages/airflow/example_dags/example_branch_operator_decorator.py took 0.122 seconds
[2025-07-09T19:57:26.831+0000] {processor.py:161} INFO - Started process (PID=418) to work on /home/airflow/.local/lib/python3.8/site-packages/airflow/example_dags/example_branch_operator_decorator.py
[2025-07-09T19:57:26.835+0000] {processor.py:830} INFO - Processing file /home/airflow/.local/lib/python3.8/site-packages/airflow/example_dags/example_branch_operator_decorator.py for tasks to queue
[2025-07-09T19:57:26.838+0000] {logging_mixin.py:188} INFO - [2025-07-09T19:57:26.838+0000] {dagbag.py:538} INFO - Filling up the DagBag from /home/airflow/.local/lib/python3.8/site-packages/airflow/example_dags/example_branch_operator_decorator.py
[2025-07-09T19:57:26.879+0000] {processor.py:840} INFO - DAG(s) 'example_branch_python_operator_decorator' retrieved from /home/airflow/.local/lib/python3.8/site-packages/airflow/example_dags/example_branch_operator_decorator.py
[2025-07-09T19:57:26.928+0000] {logging_mixin.py:188} INFO - [2025-07-09T19:57:26.927+0000] {dag.py:3036} INFO - Sync 1 DAGs
[2025-07-09T19:57:26.968+0000] {logging_mixin.py:188} INFO - [2025-07-09T19:57:26.967+0000] {dag.py:3823} INFO - Setting next_dagrun for example_branch_python_operator_decorator to 2025-07-08 00:00:00+00:00, run_after=2025-07-09 00:00:00+00:00
[2025-07-09T19:57:27.003+0000] {processor.py:183} INFO - Processing /home/airflow/.local/lib/python3.8/site-packages/airflow/example_dags/example_branch_operator_decorator.py took 0.187 seconds
[2025-07-09T19:57:57.276+0000] {processor.py:161} INFO - Started process (PID=485) to work on /home/airflow/.local/lib/python3.8/site-packages/airflow/example_dags/example_branch_operator_decorator.py
[2025-07-09T19:57:57.278+0000] {processor.py:830} INFO - Processing file /home/airflow/.local/lib/python3.8/site-packages/airflow/example_dags/example_branch_operator_decorator.py for tasks to queue
[2025-07-09T19:57:57.281+0000] {logging_mixin.py:188} INFO - [2025-07-09T19:57:57.281+0000] {dagbag.py:538} INFO - Filling up the DagBag from /home/airflow/.local/lib/python3.8/site-packages/airflow/example_dags/example_branch_operator_decorator.py
[2025-07-09T19:57:57.312+0000] {processor.py:840} INFO - DAG(s) 'example_branch_python_operator_decorator' retrieved from /home/airflow/.local/lib/python3.8/site-packages/airflow/example_dags/example_branch_operator_decorator.py
[2025-07-09T19:57:57.348+0000] {logging_mixin.py:188} INFO - [2025-07-09T19:57:57.348+0000] {dag.py:3036} INFO - Sync 1 DAGs
[2025-07-09T19:57:57.375+0000] {logging_mixin.py:188} INFO - [2025-07-09T19:57:57.375+0000] {dag.py:3823} INFO - Setting next_dagrun for example_branch_python_operator_decorator to 2025-07-08 00:00:00+00:00, run_after=2025-07-09 00:00:00+00:00
[2025-07-09T19:57:57.402+0000] {processor.py:183} INFO - Processing /home/airflow/.local/lib/python3.8/site-packages/airflow/example_dags/example_branch_operator_decorator.py took 0.133 seconds
[2025-07-09T19:58:27.986+0000] {processor.py:161} INFO - Started process (PID=542) to work on /home/airflow/.local/lib/python3.8/site-packages/airflow/example_dags/example_branch_operator_decorator.py
[2025-07-09T19:58:27.991+0000] {processor.py:830} INFO - Processing file /home/airflow/.local/lib/python3.8/site-packages/airflow/example_dags/example_branch_operator_decorator.py for tasks to queue
[2025-07-09T19:58:27.996+0000] {logging_mixin.py:188} INFO - [2025-07-09T19:58:27.996+0000] {dagbag.py:538} INFO - Filling up the DagBag from /home/airflow/.local/lib/python3.8/site-packages/airflow/example_dags/example_branch_operator_decorator.py
[2025-07-09T19:58:28.029+0000] {processor.py:840} INFO - DAG(s) 'example_branch_python_operator_decorator' retrieved from /home/airflow/.local/lib/python3.8/site-packages/airflow/example_dags/example_branch_operator_decorator.py
[2025-07-09T19:58:28.070+0000] {logging_mixin.py:188} INFO - [2025-07-09T19:58:28.069+0000] {dag.py:3036} INFO - Sync 1 DAGs
[2025-07-09T19:58:28.107+0000] {logging_mixin.py:188} INFO - [2025-07-09T19:58:28.106+0000] {dag.py:3823} INFO - Setting next_dagrun for example_branch_python_operator_decorator to 2025-07-08 00:00:00+00:00, run_after=2025-07-09 00:00:00+00:00
[2025-07-09T19:58:28.150+0000] {processor.py:183} INFO - Processing /home/airflow/.local/lib/python3.8/site-packages/airflow/example_dags/example_branch_operator_decorator.py took 0.169 seconds
[2025-07-09T19:58:58.736+0000] {processor.py:161} INFO - Started process (PID=604) to work on /home/airflow/.local/lib/python3.8/site-packages/airflow/example_dags/example_branch_operator_decorator.py
[2025-07-09T19:58:58.738+0000] {processor.py:830} INFO - Processing file /home/airflow/.local/lib/python3.8/site-packages/airflow/example_dags/example_branch_operator_decorator.py for tasks to queue
[2025-07-09T19:58:58.745+0000] {logging_mixin.py:188} INFO - [2025-07-09T19:58:58.745+0000] {dagbag.py:538} INFO - Filling up the DagBag from /home/airflow/.local/lib/python3.8/site-packages/airflow/example_dags/example_branch_operator_decorator.py
[2025-07-09T19:58:58.794+0000] {processor.py:840} INFO - DAG(s) 'example_branch_python_operator_decorator' retrieved from /home/airflow/.local/lib/python3.8/site-packages/airflow/example_dags/example_branch_operator_decorator.py
[2025-07-09T19:58:58.851+0000] {logging_mixin.py:188} INFO - [2025-07-09T19:58:58.850+0000] {dag.py:3036} INFO - Sync 1 DAGs
[2025-07-09T19:58:58.895+0000] {logging_mixin.py:188} INFO - [2025-07-09T19:58:58.895+0000] {dag.py:3823} INFO - Setting next_dagrun for example_branch_python_operator_decorator to 2025-07-08 00:00:00+00:00, run_after=2025-07-09 00:00:00+00:00
[2025-07-09T19:58:58.929+0000] {processor.py:183} INFO - Processing /home/airflow/.local/lib/python3.8/site-packages/airflow/example_dags/example_branch_operator_decorator.py took 0.200 seconds
[2025-07-09T19:59:29.605+0000] {processor.py:161} INFO - Started process (PID=660) to work on /home/airflow/.local/lib/python3.8/site-packages/airflow/example_dags/example_branch_operator_decorator.py
[2025-07-09T19:59:29.607+0000] {processor.py:830} INFO - Processing file /home/airflow/.local/lib/python3.8/site-packages/airflow/example_dags/example_branch_operator_decorator.py for tasks to queue
[2025-07-09T19:59:29.610+0000] {logging_mixin.py:188} INFO - [2025-07-09T19:59:29.610+0000] {dagbag.py:538} INFO - Filling up the DagBag from /home/airflow/.local/lib/python3.8/site-packages/airflow/example_dags/example_branch_operator_decorator.py
[2025-07-09T19:59:29.639+0000] {processor.py:840} INFO - DAG(s) 'example_branch_python_operator_decorator' retrieved from /home/airflow/.local/lib/python3.8/site-packages/airflow/example_dags/example_branch_operator_decorator.py
[2025-07-09T19:59:29.682+0000] {logging_mixin.py:188} INFO - [2025-07-09T19:59:29.681+0000] {dag.py:3036} INFO - Sync 1 DAGs
[2025-07-09T19:59:29.711+0000] {logging_mixin.py:188} INFO - [2025-07-09T19:59:29.711+0000] {dag.py:3823} INFO - Setting next_dagrun for example_branch_python_operator_decorator to 2025-07-08 00:00:00+00:00, run_after=2025-07-09 00:00:00+00:00
[2025-07-09T19:59:29.751+0000] {processor.py:183} INFO - Processing /home/airflow/.local/lib/python3.8/site-packages/airflow/example_dags/example_branch_operator_decorator.py took 0.152 seconds
[2025-07-09T19:59:59.961+0000] {processor.py:161} INFO - Started process (PID=716) to work on /home/airflow/.local/lib/python3.8/site-packages/airflow/example_dags/example_branch_operator_decorator.py
[2025-07-09T19:59:59.963+0000] {processor.py:830} INFO - Processing file /home/airflow/.local/lib/python3.8/site-packages/airflow/example_dags/example_branch_operator_decorator.py for tasks to queue
[2025-07-09T19:59:59.968+0000] {logging_mixin.py:188} INFO - [2025-07-09T19:59:59.967+0000] {dagbag.py:538} INFO - Filling up the DagBag from /home/airflow/.local/lib/python3.8/site-packages/airflow/example_dags/example_branch_operator_decorator.py
[2025-07-09T19:59:59.996+0000] {processor.py:840} INFO - DAG(s) 'example_branch_python_operator_decorator' retrieved from /home/airflow/.local/lib/python3.8/site-packages/airflow/example_dags/example_branch_operator_decorator.py
[2025-07-09T20:00:00.042+0000] {logging_mixin.py:188} INFO - [2025-07-09T20:00:00.041+0000] {dag.py:3036} INFO - Sync 1 DAGs
[2025-07-09T20:00:00.077+0000] {logging_mixin.py:188} INFO - [2025-07-09T20:00:00.076+0000] {dag.py:3823} INFO - Setting next_dagrun for example_branch_python_operator_decorator to 2025-07-08 00:00:00+00:00, run_after=2025-07-09 00:00:00+00:00
[2025-07-09T20:00:00.111+0000] {processor.py:183} INFO - Processing /home/airflow/.local/lib/python3.8/site-packages/airflow/example_dags/example_branch_operator_decorator.py took 0.156 seconds
[2025-07-09T20:00:30.329+0000] {processor.py:161} INFO - Started process (PID=773) to work on /home/airflow/.local/lib/python3.8/site-packages/airflow/example_dags/example_branch_operator_decorator.py
[2025-07-09T20:00:30.331+0000] {processor.py:830} INFO - Processing file /home/airflow/.local/lib/python3.8/site-packages/airflow/example_dags/example_branch_operator_decorator.py for tasks to queue
[2025-07-09T20:00:30.334+0000] {logging_mixin.py:188} INFO - [2025-07-09T20:00:30.334+0000] {dagbag.py:538} INFO - Filling up the DagBag from /home/airflow/.local/lib/python3.8/site-packages/airflow/example_dags/example_branch_operator_decorator.py
[2025-07-09T20:00:30.364+0000] {processor.py:840} INFO - DAG(s) 'example_branch_python_operator_decorator' retrieved from /home/airflow/.local/lib/python3.8/site-packages/airflow/example_dags/example_branch_operator_decorator.py
[2025-07-09T20:00:30.398+0000] {logging_mixin.py:188} INFO - [2025-07-09T20:00:30.398+0000] {dag.py:3036} INFO - Sync 1 DAGs
[2025-07-09T20:00:30.430+0000] {logging_mixin.py:188} INFO - [2025-07-09T20:00:30.430+0000] {dag.py:3823} INFO - Setting next_dagrun for example_branch_python_operator_decorator to 2025-07-08 00:00:00+00:00, run_after=2025-07-09 00:00:00+00:00
[2025-07-09T20:00:30.463+0000] {processor.py:183} INFO - Processing /home/airflow/.local/lib/python3.8/site-packages/airflow/example_dags/example_branch_operator_decorator.py took 0.138 seconds
[2025-07-09T22:49:00.811+0000] {processor.py:161} INFO - Started process (PID=823) to work on /home/airflow/.local/lib/python3.8/site-packages/airflow/example_dags/example_branch_operator_decorator.py
[2025-07-09T22:49:00.813+0000] {processor.py:830} INFO - Processing file /home/airflow/.local/lib/python3.8/site-packages/airflow/example_dags/example_branch_operator_decorator.py for tasks to queue
[2025-07-09T22:49:00.817+0000] {logging_mixin.py:188} INFO - [2025-07-09T22:49:00.816+0000] {dagbag.py:538} INFO - Filling up the DagBag from /home/airflow/.local/lib/python3.8/site-packages/airflow/example_dags/example_branch_operator_decorator.py
[2025-07-09T22:49:00.858+0000] {processor.py:840} INFO - DAG(s) 'example_branch_python_operator_decorator' retrieved from /home/airflow/.local/lib/python3.8/site-packages/airflow/example_dags/example_branch_operator_decorator.py
[2025-07-09T22:49:00.926+0000] {logging_mixin.py:188} INFO - [2025-07-09T22:49:00.925+0000] {dag.py:3036} INFO - Sync 1 DAGs
[2025-07-09T22:49:00.988+0000] {logging_mixin.py:188} INFO - [2025-07-09T22:49:00.987+0000] {dag.py:3823} INFO - Setting next_dagrun for example_branch_python_operator_decorator to 2025-07-08 00:00:00+00:00, run_after=2025-07-09 00:00:00+00:00
[2025-07-09T22:49:01.038+0000] {processor.py:183} INFO - Processing /home/airflow/.local/lib/python3.8/site-packages/airflow/example_dags/example_branch_operator_decorator.py took 0.235 seconds
[2025-07-09T22:49:31.450+0000] {processor.py:161} INFO - Started process (PID=878) to work on /home/airflow/.local/lib/python3.8/site-packages/airflow/example_dags/example_branch_operator_decorator.py
[2025-07-09T22:49:31.453+0000] {processor.py:830} INFO - Processing file /home/airflow/.local/lib/python3.8/site-packages/airflow/example_dags/example_branch_operator_decorator.py for tasks to queue
[2025-07-09T22:49:31.458+0000] {logging_mixin.py:188} INFO - [2025-07-09T22:49:31.457+0000] {dagbag.py:538} INFO - Filling up the DagBag from /home/airflow/.local/lib/python3.8/site-packages/airflow/example_dags/example_branch_operator_decorator.py
[2025-07-09T22:49:31.500+0000] {processor.py:840} INFO - DAG(s) 'example_branch_python_operator_decorator' retrieved from /home/airflow/.local/lib/python3.8/site-packages/airflow/example_dags/example_branch_operator_decorator.py
[2025-07-09T22:49:31.558+0000] {logging_mixin.py:188} INFO - [2025-07-09T22:49:31.557+0000] {dag.py:3036} INFO - Sync 1 DAGs
[2025-07-09T22:49:31.605+0000] {logging_mixin.py:188} INFO - [2025-07-09T22:49:31.605+0000] {dag.py:3823} INFO - Setting next_dagrun for example_branch_python_operator_decorator to 2025-07-08 00:00:00+00:00, run_after=2025-07-09 00:00:00+00:00
[2025-07-09T22:49:31.650+0000] {processor.py:183} INFO - Processing /home/airflow/.local/lib/python3.8/site-packages/airflow/example_dags/example_branch_operator_decorator.py took 0.207 seconds
[2025-07-09T22:50:01.876+0000] {processor.py:161} INFO - Started process (PID=936) to work on /home/airflow/.local/lib/python3.8/site-packages/airflow/example_dags/example_branch_operator_decorator.py
[2025-07-09T22:50:01.879+0000] {processor.py:830} INFO - Processing file /home/airflow/.local/lib/python3.8/site-packages/airflow/example_dags/example_branch_operator_decorator.py for tasks to queue
[2025-07-09T22:50:01.882+0000] {logging_mixin.py:188} INFO - [2025-07-09T22:50:01.881+0000] {dagbag.py:538} INFO - Filling up the DagBag from /home/airflow/.local/lib/python3.8/site-packages/airflow/example_dags/example_branch_operator_decorator.py
[2025-07-09T22:50:01.916+0000] {processor.py:840} INFO - DAG(s) 'example_branch_python_operator_decorator' retrieved from /home/airflow/.local/lib/python3.8/site-packages/airflow/example_dags/example_branch_operator_decorator.py
[2025-07-09T22:50:01.962+0000] {logging_mixin.py:188} INFO - [2025-07-09T22:50:01.962+0000] {dag.py:3036} INFO - Sync 1 DAGs
[2025-07-09T22:50:01.998+0000] {logging_mixin.py:188} INFO - [2025-07-09T22:50:01.997+0000] {dag.py:3823} INFO - Setting next_dagrun for example_branch_python_operator_decorator to 2025-07-08 00:00:00+00:00, run_after=2025-07-09 00:00:00+00:00
[2025-07-09T22:50:02.027+0000] {processor.py:183} INFO - Processing /home/airflow/.local/lib/python3.8/site-packages/airflow/example_dags/example_branch_operator_decorator.py took 0.156 seconds
[2025-07-09T22:50:32.072+0000] {processor.py:161} INFO - Started process (PID=993) to work on /home/airflow/.local/lib/python3.8/site-packages/airflow/example_dags/example_branch_operator_decorator.py
[2025-07-09T22:50:32.074+0000] {processor.py:830} INFO - Processing file /home/airflow/.local/lib/python3.8/site-packages/airflow/example_dags/example_branch_operator_decorator.py for tasks to queue
[2025-07-09T22:50:32.077+0000] {logging_mixin.py:188} INFO - [2025-07-09T22:50:32.077+0000] {dagbag.py:538} INFO - Filling up the DagBag from /home/airflow/.local/lib/python3.8/site-packages/airflow/example_dags/example_branch_operator_decorator.py
[2025-07-09T22:50:32.108+0000] {processor.py:840} INFO - DAG(s) 'example_branch_python_operator_decorator' retrieved from /home/airflow/.local/lib/python3.8/site-packages/airflow/example_dags/example_branch_operator_decorator.py
[2025-07-09T22:50:32.144+0000] {logging_mixin.py:188} INFO - [2025-07-09T22:50:32.144+0000] {dag.py:3036} INFO - Sync 1 DAGs
[2025-07-09T22:50:32.177+0000] {logging_mixin.py:188} INFO - [2025-07-09T22:50:32.176+0000] {dag.py:3823} INFO - Setting next_dagrun for example_branch_python_operator_decorator to 2025-07-08 00:00:00+00:00, run_after=2025-07-09 00:00:00+00:00
[2025-07-09T22:50:32.215+0000] {processor.py:183} INFO - Processing /home/airflow/.local/lib/python3.8/site-packages/airflow/example_dags/example_branch_operator_decorator.py took 0.147 seconds
[2025-07-09T22:51:02.752+0000] {processor.py:161} INFO - Started process (PID=1050) to work on /home/airflow/.local/lib/python3.8/site-packages/airflow/example_dags/example_branch_operator_decorator.py
[2025-07-09T22:51:02.755+0000] {processor.py:830} INFO - Processing file /home/airflow/.local/lib/python3.8/site-packages/airflow/example_dags/example_branch_operator_decorator.py for tasks to queue
[2025-07-09T22:51:02.758+0000] {logging_mixin.py:188} INFO - [2025-07-09T22:51:02.757+0000] {dagbag.py:538} INFO - Filling up the DagBag from /home/airflow/.local/lib/python3.8/site-packages/airflow/example_dags/example_branch_operator_decorator.py
[2025-07-09T22:51:02.784+0000] {processor.py:840} INFO - DAG(s) 'example_branch_python_operator_decorator' retrieved from /home/airflow/.local/lib/python3.8/site-packages/airflow/example_dags/example_branch_operator_decorator.py
[2025-07-09T22:51:02.819+0000] {logging_mixin.py:188} INFO - [2025-07-09T22:51:02.819+0000] {dag.py:3036} INFO - Sync 1 DAGs
[2025-07-09T22:51:02.852+0000] {logging_mixin.py:188} INFO - [2025-07-09T22:51:02.852+0000] {dag.py:3823} INFO - Setting next_dagrun for example_branch_python_operator_decorator to 2025-07-08 00:00:00+00:00, run_after=2025-07-09 00:00:00+00:00
[2025-07-09T22:51:02.882+0000] {processor.py:183} INFO - Processing /home/airflow/.local/lib/python3.8/site-packages/airflow/example_dags/example_branch_operator_decorator.py took 0.136 seconds
[2025-07-09T22:51:33.461+0000] {processor.py:161} INFO - Started process (PID=1107) to work on /home/airflow/.local/lib/python3.8/site-packages/airflow/example_dags/example_branch_operator_decorator.py
[2025-07-09T22:51:33.463+0000] {processor.py:830} INFO - Processing file /home/airflow/.local/lib/python3.8/site-packages/airflow/example_dags/example_branch_operator_decorator.py for tasks to queue
[2025-07-09T22:51:33.466+0000] {logging_mixin.py:188} INFO - [2025-07-09T22:51:33.465+0000] {dagbag.py:538} INFO - Filling up the DagBag from /home/airflow/.local/lib/python3.8/site-packages/airflow/example_dags/example_branch_operator_decorator.py
[2025-07-09T22:51:33.506+0000] {processor.py:840} INFO - DAG(s) 'example_branch_python_operator_decorator' retrieved from /home/airflow/.local/lib/python3.8/site-packages/airflow/example_dags/example_branch_operator_decorator.py
[2025-07-09T22:51:33.557+0000] {logging_mixin.py:188} INFO - [2025-07-09T22:51:33.557+0000] {dag.py:3036} INFO - Sync 1 DAGs
[2025-07-09T22:51:33.605+0000] {logging_mixin.py:188} INFO - [2025-07-09T22:51:33.605+0000] {dag.py:3823} INFO - Setting next_dagrun for example_branch_python_operator_decorator to 2025-07-08 00:00:00+00:00, run_after=2025-07-09 00:00:00+00:00
[2025-07-09T22:51:33.655+0000] {processor.py:183} INFO - Processing /home/airflow/.local/lib/python3.8/site-packages/airflow/example_dags/example_branch_operator_decorator.py took 0.198 seconds
[2025-07-09T22:52:03.704+0000] {processor.py:161} INFO - Started process (PID=1164) to work on /home/airflow/.local/lib/python3.8/site-packages/airflow/example_dags/example_branch_operator_decorator.py
[2025-07-09T22:52:03.706+0000] {processor.py:830} INFO - Processing file /home/airflow/.local/lib/python3.8/site-packages/airflow/example_dags/example_branch_operator_decorator.py for tasks to queue
[2025-07-09T22:52:03.708+0000] {logging_mixin.py:188} INFO - [2025-07-09T22:52:03.708+0000] {dagbag.py:538} INFO - Filling up the DagBag from /home/airflow/.local/lib/python3.8/site-packages/airflow/example_dags/example_branch_operator_decorator.py
[2025-07-09T22:52:03.733+0000] {processor.py:840} INFO - DAG(s) 'example_branch_python_operator_decorator' retrieved from /home/airflow/.local/lib/python3.8/site-packages/airflow/example_dags/example_branch_operator_decorator.py
[2025-07-09T22:52:03.767+0000] {logging_mixin.py:188} INFO - [2025-07-09T22:52:03.767+0000] {dag.py:3036} INFO - Sync 1 DAGs
[2025-07-09T22:52:03.797+0000] {logging_mixin.py:188} INFO - [2025-07-09T22:52:03.796+0000] {dag.py:3823} INFO - Setting next_dagrun for example_branch_python_operator_decorator to 2025-07-08 00:00:00+00:00, run_after=2025-07-09 00:00:00+00:00
[2025-07-09T22:52:03.827+0000] {processor.py:183} INFO - Processing /home/airflow/.local/lib/python3.8/site-packages/airflow/example_dags/example_branch_operator_decorator.py took 0.128 seconds
[2025-07-09T22:52:34.146+0000] {processor.py:161} INFO - Started process (PID=1221) to work on /home/airflow/.local/lib/python3.8/site-packages/airflow/example_dags/example_branch_operator_decorator.py
[2025-07-09T22:52:34.148+0000] {processor.py:830} INFO - Processing file /home/airflow/.local/lib/python3.8/site-packages/airflow/example_dags/example_branch_operator_decorator.py for tasks to queue
[2025-07-09T22:52:34.151+0000] {logging_mixin.py:188} INFO - [2025-07-09T22:52:34.151+0000] {dagbag.py:538} INFO - Filling up the DagBag from /home/airflow/.local/lib/python3.8/site-packages/airflow/example_dags/example_branch_operator_decorator.py
[2025-07-09T22:52:34.184+0000] {processor.py:840} INFO - DAG(s) 'example_branch_python_operator_decorator' retrieved from /home/airflow/.local/lib/python3.8/site-packages/airflow/example_dags/example_branch_operator_decorator.py
[2025-07-09T22:52:34.223+0000] {logging_mixin.py:188} INFO - [2025-07-09T22:52:34.223+0000] {dag.py:3036} INFO - Sync 1 DAGs
[2025-07-09T22:52:34.258+0000] {logging_mixin.py:188} INFO - [2025-07-09T22:52:34.258+0000] {dag.py:3823} INFO - Setting next_dagrun for example_branch_python_operator_decorator to 2025-07-08 00:00:00+00:00, run_after=2025-07-09 00:00:00+00:00
[2025-07-09T22:52:34.296+0000] {processor.py:183} INFO - Processing /home/airflow/.local/lib/python3.8/site-packages/airflow/example_dags/example_branch_operator_decorator.py took 0.156 seconds
[2025-07-09T22:53:04.720+0000] {processor.py:161} INFO - Started process (PID=1278) to work on /home/airflow/.local/lib/python3.8/site-packages/airflow/example_dags/example_branch_operator_decorator.py
[2025-07-09T22:53:04.723+0000] {processor.py:830} INFO - Processing file /home/airflow/.local/lib/python3.8/site-packages/airflow/example_dags/example_branch_operator_decorator.py for tasks to queue
[2025-07-09T22:53:04.726+0000] {logging_mixin.py:188} INFO - [2025-07-09T22:53:04.725+0000] {dagbag.py:538} INFO - Filling up the DagBag from /home/airflow/.local/lib/python3.8/site-packages/airflow/example_dags/example_branch_operator_decorator.py
[2025-07-09T22:53:04.762+0000] {processor.py:840} INFO - DAG(s) 'example_branch_python_operator_decorator' retrieved from /home/airflow/.local/lib/python3.8/site-packages/airflow/example_dags/example_branch_operator_decorator.py
[2025-07-09T22:53:04.814+0000] {logging_mixin.py:188} INFO - [2025-07-09T22:53:04.813+0000] {dag.py:3036} INFO - Sync 1 DAGs
[2025-07-09T22:53:04.854+0000] {logging_mixin.py:188} INFO - [2025-07-09T22:53:04.854+0000] {dag.py:3823} INFO - Setting next_dagrun for example_branch_python_operator_decorator to 2025-07-08 00:00:00+00:00, run_after=2025-07-09 00:00:00+00:00
[2025-07-09T22:53:04.887+0000] {processor.py:183} INFO - Processing /home/airflow/.local/lib/python3.8/site-packages/airflow/example_dags/example_branch_operator_decorator.py took 0.174 seconds
[2025-07-09T22:53:35.795+0000] {processor.py:161} INFO - Started process (PID=1334) to work on /home/airflow/.local/lib/python3.8/site-packages/airflow/example_dags/example_branch_operator_decorator.py
[2025-07-09T22:53:35.797+0000] {processor.py:830} INFO - Processing file /home/airflow/.local/lib/python3.8/site-packages/airflow/example_dags/example_branch_operator_decorator.py for tasks to queue
[2025-07-09T22:53:35.801+0000] {logging_mixin.py:188} INFO - [2025-07-09T22:53:35.800+0000] {dagbag.py:538} INFO - Filling up the DagBag from /home/airflow/.local/lib/python3.8/site-packages/airflow/example_dags/example_branch_operator_decorator.py
[2025-07-09T22:53:35.828+0000] {processor.py:840} INFO - DAG(s) 'example_branch_python_operator_decorator' retrieved from /home/airflow/.local/lib/python3.8/site-packages/airflow/example_dags/example_branch_operator_decorator.py
[2025-07-09T22:53:35.878+0000] {logging_mixin.py:188} INFO - [2025-07-09T22:53:35.877+0000] {dag.py:3036} INFO - Sync 1 DAGs
[2025-07-09T22:53:35.925+0000] {logging_mixin.py:188} INFO - [2025-07-09T22:53:35.924+0000] {dag.py:3823} INFO - Setting next_dagrun for example_branch_python_operator_decorator to 2025-07-08 00:00:00+00:00, run_after=2025-07-09 00:00:00+00:00
[2025-07-09T22:53:35.960+0000] {processor.py:183} INFO - Processing /home/airflow/.local/lib/python3.8/site-packages/airflow/example_dags/example_branch_operator_decorator.py took 0.170 seconds
[2025-07-09T22:54:06.324+0000] {processor.py:161} INFO - Started process (PID=1396) to work on /home/airflow/.local/lib/python3.8/site-packages/airflow/example_dags/example_branch_operator_decorator.py
[2025-07-09T22:54:06.326+0000] {processor.py:830} INFO - Processing file /home/airflow/.local/lib/python3.8/site-packages/airflow/example_dags/example_branch_operator_decorator.py for tasks to queue
[2025-07-09T22:54:06.328+0000] {logging_mixin.py:188} INFO - [2025-07-09T22:54:06.328+0000] {dagbag.py:538} INFO - Filling up the DagBag from /home/airflow/.local/lib/python3.8/site-packages/airflow/example_dags/example_branch_operator_decorator.py
[2025-07-09T22:54:06.354+0000] {processor.py:840} INFO - DAG(s) 'example_branch_python_operator_decorator' retrieved from /home/airflow/.local/lib/python3.8/site-packages/airflow/example_dags/example_branch_operator_decorator.py
[2025-07-09T22:54:06.391+0000] {logging_mixin.py:188} INFO - [2025-07-09T22:54:06.390+0000] {dag.py:3036} INFO - Sync 1 DAGs
[2025-07-09T22:54:06.425+0000] {logging_mixin.py:188} INFO - [2025-07-09T22:54:06.425+0000] {dag.py:3823} INFO - Setting next_dagrun for example_branch_python_operator_decorator to 2025-07-08 00:00:00+00:00, run_after=2025-07-09 00:00:00+00:00
[2025-07-09T22:54:06.463+0000] {processor.py:183} INFO - Processing /home/airflow/.local/lib/python3.8/site-packages/airflow/example_dags/example_branch_operator_decorator.py took 0.144 seconds
[2025-07-09T22:54:36.998+0000] {processor.py:161} INFO - Started process (PID=1454) to work on /home/airflow/.local/lib/python3.8/site-packages/airflow/example_dags/example_branch_operator_decorator.py
[2025-07-09T22:54:37.000+0000] {processor.py:830} INFO - Processing file /home/airflow/.local/lib/python3.8/site-packages/airflow/example_dags/example_branch_operator_decorator.py for tasks to queue
[2025-07-09T22:54:37.003+0000] {logging_mixin.py:188} INFO - [2025-07-09T22:54:37.003+0000] {dagbag.py:538} INFO - Filling up the DagBag from /home/airflow/.local/lib/python3.8/site-packages/airflow/example_dags/example_branch_operator_decorator.py
[2025-07-09T22:54:37.040+0000] {processor.py:840} INFO - DAG(s) 'example_branch_python_operator_decorator' retrieved from /home/airflow/.local/lib/python3.8/site-packages/airflow/example_dags/example_branch_operator_decorator.py
[2025-07-09T22:54:37.085+0000] {logging_mixin.py:188} INFO - [2025-07-09T22:54:37.084+0000] {dag.py:3036} INFO - Sync 1 DAGs
[2025-07-09T22:54:37.119+0000] {logging_mixin.py:188} INFO - [2025-07-09T22:54:37.119+0000] {dag.py:3823} INFO - Setting next_dagrun for example_branch_python_operator_decorator to 2025-07-08 00:00:00+00:00, run_after=2025-07-09 00:00:00+00:00
[2025-07-09T22:54:37.150+0000] {processor.py:183} INFO - Processing /home/airflow/.local/lib/python3.8/site-packages/airflow/example_dags/example_branch_operator_decorator.py took 0.160 seconds
[2025-07-09T22:55:07.257+0000] {processor.py:161} INFO - Started process (PID=1511) to work on /home/airflow/.local/lib/python3.8/site-packages/airflow/example_dags/example_branch_operator_decorator.py
[2025-07-09T22:55:07.259+0000] {processor.py:830} INFO - Processing file /home/airflow/.local/lib/python3.8/site-packages/airflow/example_dags/example_branch_operator_decorator.py for tasks to queue
[2025-07-09T22:55:07.264+0000] {logging_mixin.py:188} INFO - [2025-07-09T22:55:07.263+0000] {dagbag.py:538} INFO - Filling up the DagBag from /home/airflow/.local/lib/python3.8/site-packages/airflow/example_dags/example_branch_operator_decorator.py
[2025-07-09T22:55:07.304+0000] {processor.py:840} INFO - DAG(s) 'example_branch_python_operator_decorator' retrieved from /home/airflow/.local/lib/python3.8/site-packages/airflow/example_dags/example_branch_operator_decorator.py
[2025-07-09T22:55:07.353+0000] {logging_mixin.py:188} INFO - [2025-07-09T22:55:07.353+0000] {dag.py:3036} INFO - Sync 1 DAGs
[2025-07-09T22:55:07.388+0000] {logging_mixin.py:188} INFO - [2025-07-09T22:55:07.387+0000] {dag.py:3823} INFO - Setting next_dagrun for example_branch_python_operator_decorator to 2025-07-08 00:00:00+00:00, run_after=2025-07-09 00:00:00+00:00
[2025-07-09T22:55:07.421+0000] {processor.py:183} INFO - Processing /home/airflow/.local/lib/python3.8/site-packages/airflow/example_dags/example_branch_operator_decorator.py took 0.173 seconds
[2025-07-09T22:55:37.591+0000] {processor.py:161} INFO - Started process (PID=1567) to work on /home/airflow/.local/lib/python3.8/site-packages/airflow/example_dags/example_branch_operator_decorator.py
[2025-07-09T22:55:37.593+0000] {processor.py:830} INFO - Processing file /home/airflow/.local/lib/python3.8/site-packages/airflow/example_dags/example_branch_operator_decorator.py for tasks to queue
[2025-07-09T22:55:37.597+0000] {logging_mixin.py:188} INFO - [2025-07-09T22:55:37.596+0000] {dagbag.py:538} INFO - Filling up the DagBag from /home/airflow/.local/lib/python3.8/site-packages/airflow/example_dags/example_branch_operator_decorator.py
[2025-07-09T22:55:37.630+0000] {processor.py:840} INFO - DAG(s) 'example_branch_python_operator_decorator' retrieved from /home/airflow/.local/lib/python3.8/site-packages/airflow/example_dags/example_branch_operator_decorator.py
[2025-07-09T22:55:37.670+0000] {logging_mixin.py:188} INFO - [2025-07-09T22:55:37.669+0000] {dag.py:3036} INFO - Sync 1 DAGs
[2025-07-09T22:55:37.701+0000] {logging_mixin.py:188} INFO - [2025-07-09T22:55:37.701+0000] {dag.py:3823} INFO - Setting next_dagrun for example_branch_python_operator_decorator to 2025-07-08 00:00:00+00:00, run_after=2025-07-09 00:00:00+00:00
[2025-07-09T22:55:37.733+0000] {processor.py:183} INFO - Processing /home/airflow/.local/lib/python3.8/site-packages/airflow/example_dags/example_branch_operator_decorator.py took 0.147 seconds
[2025-07-09T22:56:07.996+0000] {processor.py:161} INFO - Started process (PID=1625) to work on /home/airflow/.local/lib/python3.8/site-packages/airflow/example_dags/example_branch_operator_decorator.py
[2025-07-09T22:56:07.997+0000] {processor.py:830} INFO - Processing file /home/airflow/.local/lib/python3.8/site-packages/airflow/example_dags/example_branch_operator_decorator.py for tasks to queue
[2025-07-09T22:56:08.002+0000] {logging_mixin.py:188} INFO - [2025-07-09T22:56:08.002+0000] {dagbag.py:538} INFO - Filling up the DagBag from /home/airflow/.local/lib/python3.8/site-packages/airflow/example_dags/example_branch_operator_decorator.py
[2025-07-09T22:56:08.033+0000] {processor.py:840} INFO - DAG(s) 'example_branch_python_operator_decorator' retrieved from /home/airflow/.local/lib/python3.8/site-packages/airflow/example_dags/example_branch_operator_decorator.py
[2025-07-09T22:56:08.071+0000] {logging_mixin.py:188} INFO - [2025-07-09T22:56:08.071+0000] {dag.py:3036} INFO - Sync 1 DAGs
[2025-07-09T22:56:08.113+0000] {logging_mixin.py:188} INFO - [2025-07-09T22:56:08.113+0000] {dag.py:3823} INFO - Setting next_dagrun for example_branch_python_operator_decorator to 2025-07-08 00:00:00+00:00, run_after=2025-07-09 00:00:00+00:00
[2025-07-09T22:56:08.141+0000] {processor.py:183} INFO - Processing /home/airflow/.local/lib/python3.8/site-packages/airflow/example_dags/example_branch_operator_decorator.py took 0.150 seconds
[2025-07-09T23:01:52.867+0000] {processor.py:161} INFO - Started process (PID=76) to work on /home/airflow/.local/lib/python3.8/site-packages/airflow/example_dags/example_branch_operator_decorator.py
[2025-07-09T23:01:52.870+0000] {processor.py:830} INFO - Processing file /home/airflow/.local/lib/python3.8/site-packages/airflow/example_dags/example_branch_operator_decorator.py for tasks to queue
[2025-07-09T23:01:52.875+0000] {logging_mixin.py:188} INFO - [2025-07-09T23:01:52.875+0000] {dagbag.py:538} INFO - Filling up the DagBag from /home/airflow/.local/lib/python3.8/site-packages/airflow/example_dags/example_branch_operator_decorator.py
[2025-07-09T23:01:52.920+0000] {processor.py:840} INFO - DAG(s) 'example_branch_python_operator_decorator' retrieved from /home/airflow/.local/lib/python3.8/site-packages/airflow/example_dags/example_branch_operator_decorator.py
[2025-07-09T23:01:53.105+0000] {logging_mixin.py:188} INFO - [2025-07-09T23:01:53.104+0000] {override.py:1769} INFO - Created Permission View: can edit on DAG:example_branch_python_operator_decorator
[2025-07-09T23:01:53.124+0000] {logging_mixin.py:188} INFO - [2025-07-09T23:01:53.124+0000] {override.py:1769} INFO - Created Permission View: can delete on DAG:example_branch_python_operator_decorator
[2025-07-09T23:01:53.141+0000] {logging_mixin.py:188} INFO - [2025-07-09T23:01:53.141+0000] {override.py:1769} INFO - Created Permission View: can read on DAG:example_branch_python_operator_decorator
[2025-07-09T23:01:53.143+0000] {logging_mixin.py:188} INFO - [2025-07-09T23:01:53.142+0000] {dag.py:3036} INFO - Sync 1 DAGs
[2025-07-09T23:01:53.160+0000] {logging_mixin.py:188} INFO - [2025-07-09T23:01:53.160+0000] {dag.py:3058} INFO - Creating ORM DAG for example_branch_python_operator_decorator
[2025-07-09T23:01:53.177+0000] {logging_mixin.py:188} INFO - [2025-07-09T23:01:53.177+0000] {dag.py:3823} INFO - Setting next_dagrun for example_branch_python_operator_decorator to 2025-07-08 00:00:00+00:00, run_after=2025-07-09 00:00:00+00:00
[2025-07-09T23:01:53.215+0000] {processor.py:183} INFO - Processing /home/airflow/.local/lib/python3.8/site-packages/airflow/example_dags/example_branch_operator_decorator.py took 0.355 seconds
[2025-07-09T23:02:24.040+0000] {processor.py:161} INFO - Started process (PID=131) to work on /home/airflow/.local/lib/python3.8/site-packages/airflow/example_dags/example_branch_operator_decorator.py
[2025-07-09T23:02:24.042+0000] {processor.py:830} INFO - Processing file /home/airflow/.local/lib/python3.8/site-packages/airflow/example_dags/example_branch_operator_decorator.py for tasks to queue
[2025-07-09T23:02:24.046+0000] {logging_mixin.py:188} INFO - [2025-07-09T23:02:24.045+0000] {dagbag.py:538} INFO - Filling up the DagBag from /home/airflow/.local/lib/python3.8/site-packages/airflow/example_dags/example_branch_operator_decorator.py
[2025-07-09T23:02:24.073+0000] {processor.py:840} INFO - DAG(s) 'example_branch_python_operator_decorator' retrieved from /home/airflow/.local/lib/python3.8/site-packages/airflow/example_dags/example_branch_operator_decorator.py
[2025-07-09T23:02:24.112+0000] {logging_mixin.py:188} INFO - [2025-07-09T23:02:24.112+0000] {dag.py:3036} INFO - Sync 1 DAGs
[2025-07-09T23:02:24.143+0000] {logging_mixin.py:188} INFO - [2025-07-09T23:02:24.142+0000] {dag.py:3823} INFO - Setting next_dagrun for example_branch_python_operator_decorator to 2025-07-08 00:00:00+00:00, run_after=2025-07-09 00:00:00+00:00
[2025-07-09T23:02:24.179+0000] {processor.py:183} INFO - Processing /home/airflow/.local/lib/python3.8/site-packages/airflow/example_dags/example_branch_operator_decorator.py took 0.143 seconds
[2025-07-09T23:02:54.319+0000] {processor.py:161} INFO - Started process (PID=191) to work on /home/airflow/.local/lib/python3.8/site-packages/airflow/example_dags/example_branch_operator_decorator.py
[2025-07-09T23:02:54.321+0000] {processor.py:830} INFO - Processing file /home/airflow/.local/lib/python3.8/site-packages/airflow/example_dags/example_branch_operator_decorator.py for tasks to queue
[2025-07-09T23:02:54.324+0000] {logging_mixin.py:188} INFO - [2025-07-09T23:02:54.324+0000] {dagbag.py:538} INFO - Filling up the DagBag from /home/airflow/.local/lib/python3.8/site-packages/airflow/example_dags/example_branch_operator_decorator.py
[2025-07-09T23:02:54.356+0000] {processor.py:840} INFO - DAG(s) 'example_branch_python_operator_decorator' retrieved from /home/airflow/.local/lib/python3.8/site-packages/airflow/example_dags/example_branch_operator_decorator.py
[2025-07-09T23:02:54.392+0000] {logging_mixin.py:188} INFO - [2025-07-09T23:02:54.392+0000] {dag.py:3036} INFO - Sync 1 DAGs
[2025-07-09T23:02:54.422+0000] {logging_mixin.py:188} INFO - [2025-07-09T23:02:54.422+0000] {dag.py:3823} INFO - Setting next_dagrun for example_branch_python_operator_decorator to 2025-07-08 00:00:00+00:00, run_after=2025-07-09 00:00:00+00:00
[2025-07-09T23:02:54.454+0000] {processor.py:183} INFO - Processing /home/airflow/.local/lib/python3.8/site-packages/airflow/example_dags/example_branch_operator_decorator.py took 0.142 seconds
[2025-07-09T23:03:24.858+0000] {processor.py:161} INFO - Started process (PID=252) to work on /home/airflow/.local/lib/python3.8/site-packages/airflow/example_dags/example_branch_operator_decorator.py
[2025-07-09T23:03:24.860+0000] {processor.py:830} INFO - Processing file /home/airflow/.local/lib/python3.8/site-packages/airflow/example_dags/example_branch_operator_decorator.py for tasks to queue
[2025-07-09T23:03:24.863+0000] {logging_mixin.py:188} INFO - [2025-07-09T23:03:24.863+0000] {dagbag.py:538} INFO - Filling up the DagBag from /home/airflow/.local/lib/python3.8/site-packages/airflow/example_dags/example_branch_operator_decorator.py
[2025-07-09T23:03:24.894+0000] {processor.py:840} INFO - DAG(s) 'example_branch_python_operator_decorator' retrieved from /home/airflow/.local/lib/python3.8/site-packages/airflow/example_dags/example_branch_operator_decorator.py
[2025-07-09T23:03:24.939+0000] {logging_mixin.py:188} INFO - [2025-07-09T23:03:24.939+0000] {dag.py:3036} INFO - Sync 1 DAGs
[2025-07-09T23:03:24.974+0000] {logging_mixin.py:188} INFO - [2025-07-09T23:03:24.973+0000] {dag.py:3823} INFO - Setting next_dagrun for example_branch_python_operator_decorator to 2025-07-08 00:00:00+00:00, run_after=2025-07-09 00:00:00+00:00
[2025-07-09T23:03:25.007+0000] {processor.py:183} INFO - Processing /home/airflow/.local/lib/python3.8/site-packages/airflow/example_dags/example_branch_operator_decorator.py took 0.154 seconds
[2025-07-09T23:03:55.351+0000] {processor.py:161} INFO - Started process (PID=309) to work on /home/airflow/.local/lib/python3.8/site-packages/airflow/example_dags/example_branch_operator_decorator.py
[2025-07-09T23:03:55.352+0000] {processor.py:830} INFO - Processing file /home/airflow/.local/lib/python3.8/site-packages/airflow/example_dags/example_branch_operator_decorator.py for tasks to queue
[2025-07-09T23:03:55.355+0000] {logging_mixin.py:188} INFO - [2025-07-09T23:03:55.355+0000] {dagbag.py:538} INFO - Filling up the DagBag from /home/airflow/.local/lib/python3.8/site-packages/airflow/example_dags/example_branch_operator_decorator.py
[2025-07-09T23:03:55.385+0000] {processor.py:840} INFO - DAG(s) 'example_branch_python_operator_decorator' retrieved from /home/airflow/.local/lib/python3.8/site-packages/airflow/example_dags/example_branch_operator_decorator.py
[2025-07-09T23:03:55.424+0000] {logging_mixin.py:188} INFO - [2025-07-09T23:03:55.423+0000] {dag.py:3036} INFO - Sync 1 DAGs
[2025-07-09T23:03:55.457+0000] {logging_mixin.py:188} INFO - [2025-07-09T23:03:55.457+0000] {dag.py:3823} INFO - Setting next_dagrun for example_branch_python_operator_decorator to 2025-07-08 00:00:00+00:00, run_after=2025-07-09 00:00:00+00:00
[2025-07-09T23:03:55.514+0000] {processor.py:183} INFO - Processing /home/airflow/.local/lib/python3.8/site-packages/airflow/example_dags/example_branch_operator_decorator.py took 0.167 seconds
[2025-07-09T23:04:26.142+0000] {processor.py:161} INFO - Started process (PID=370) to work on /home/airflow/.local/lib/python3.8/site-packages/airflow/example_dags/example_branch_operator_decorator.py
[2025-07-09T23:04:26.146+0000] {processor.py:830} INFO - Processing file /home/airflow/.local/lib/python3.8/site-packages/airflow/example_dags/example_branch_operator_decorator.py for tasks to queue
[2025-07-09T23:04:26.150+0000] {logging_mixin.py:188} INFO - [2025-07-09T23:04:26.150+0000] {dagbag.py:538} INFO - Filling up the DagBag from /home/airflow/.local/lib/python3.8/site-packages/airflow/example_dags/example_branch_operator_decorator.py
[2025-07-09T23:04:26.180+0000] {processor.py:840} INFO - DAG(s) 'example_branch_python_operator_decorator' retrieved from /home/airflow/.local/lib/python3.8/site-packages/airflow/example_dags/example_branch_operator_decorator.py
[2025-07-09T23:04:26.217+0000] {logging_mixin.py:188} INFO - [2025-07-09T23:04:26.216+0000] {dag.py:3036} INFO - Sync 1 DAGs
[2025-07-09T23:04:26.245+0000] {logging_mixin.py:188} INFO - [2025-07-09T23:04:26.245+0000] {dag.py:3823} INFO - Setting next_dagrun for example_branch_python_operator_decorator to 2025-07-08 00:00:00+00:00, run_after=2025-07-09 00:00:00+00:00
[2025-07-09T23:04:26.277+0000] {processor.py:183} INFO - Processing /home/airflow/.local/lib/python3.8/site-packages/airflow/example_dags/example_branch_operator_decorator.py took 0.142 seconds
[2025-07-09T23:04:57.004+0000] {processor.py:161} INFO - Started process (PID=427) to work on /home/airflow/.local/lib/python3.8/site-packages/airflow/example_dags/example_branch_operator_decorator.py
[2025-07-09T23:04:57.006+0000] {processor.py:830} INFO - Processing file /home/airflow/.local/lib/python3.8/site-packages/airflow/example_dags/example_branch_operator_decorator.py for tasks to queue
[2025-07-09T23:04:57.011+0000] {logging_mixin.py:188} INFO - [2025-07-09T23:04:57.010+0000] {dagbag.py:538} INFO - Filling up the DagBag from /home/airflow/.local/lib/python3.8/site-packages/airflow/example_dags/example_branch_operator_decorator.py
[2025-07-09T23:04:57.050+0000] {processor.py:840} INFO - DAG(s) 'example_branch_python_operator_decorator' retrieved from /home/airflow/.local/lib/python3.8/site-packages/airflow/example_dags/example_branch_operator_decorator.py
[2025-07-09T23:04:57.092+0000] {logging_mixin.py:188} INFO - [2025-07-09T23:04:57.091+0000] {dag.py:3036} INFO - Sync 1 DAGs
[2025-07-09T23:04:57.131+0000] {logging_mixin.py:188} INFO - [2025-07-09T23:04:57.130+0000] {dag.py:3823} INFO - Setting next_dagrun for example_branch_python_operator_decorator to 2025-07-08 00:00:00+00:00, run_after=2025-07-09 00:00:00+00:00
[2025-07-09T23:04:57.162+0000] {processor.py:183} INFO - Processing /home/airflow/.local/lib/python3.8/site-packages/airflow/example_dags/example_branch_operator_decorator.py took 0.163 seconds
[2025-07-09T23:05:27.375+0000] {processor.py:161} INFO - Started process (PID=485) to work on /home/airflow/.local/lib/python3.8/site-packages/airflow/example_dags/example_branch_operator_decorator.py
[2025-07-09T23:05:27.378+0000] {processor.py:830} INFO - Processing file /home/airflow/.local/lib/python3.8/site-packages/airflow/example_dags/example_branch_operator_decorator.py for tasks to queue
[2025-07-09T23:05:27.381+0000] {logging_mixin.py:188} INFO - [2025-07-09T23:05:27.380+0000] {dagbag.py:538} INFO - Filling up the DagBag from /home/airflow/.local/lib/python3.8/site-packages/airflow/example_dags/example_branch_operator_decorator.py
[2025-07-09T23:05:27.408+0000] {processor.py:840} INFO - DAG(s) 'example_branch_python_operator_decorator' retrieved from /home/airflow/.local/lib/python3.8/site-packages/airflow/example_dags/example_branch_operator_decorator.py
[2025-07-09T23:05:27.445+0000] {logging_mixin.py:188} INFO - [2025-07-09T23:05:27.445+0000] {dag.py:3036} INFO - Sync 1 DAGs
[2025-07-09T23:05:27.474+0000] {logging_mixin.py:188} INFO - [2025-07-09T23:05:27.473+0000] {dag.py:3823} INFO - Setting next_dagrun for example_branch_python_operator_decorator to 2025-07-08 00:00:00+00:00, run_after=2025-07-09 00:00:00+00:00
[2025-07-09T23:05:27.507+0000] {processor.py:183} INFO - Processing /home/airflow/.local/lib/python3.8/site-packages/airflow/example_dags/example_branch_operator_decorator.py took 0.139 seconds
[2025-07-09T23:05:57.715+0000] {processor.py:161} INFO - Started process (PID=542) to work on /home/airflow/.local/lib/python3.8/site-packages/airflow/example_dags/example_branch_operator_decorator.py
[2025-07-09T23:05:57.718+0000] {processor.py:830} INFO - Processing file /home/airflow/.local/lib/python3.8/site-packages/airflow/example_dags/example_branch_operator_decorator.py for tasks to queue
[2025-07-09T23:05:57.723+0000] {logging_mixin.py:188} INFO - [2025-07-09T23:05:57.722+0000] {dagbag.py:538} INFO - Filling up the DagBag from /home/airflow/.local/lib/python3.8/site-packages/airflow/example_dags/example_branch_operator_decorator.py
[2025-07-09T23:05:57.755+0000] {processor.py:840} INFO - DAG(s) 'example_branch_python_operator_decorator' retrieved from /home/airflow/.local/lib/python3.8/site-packages/airflow/example_dags/example_branch_operator_decorator.py
[2025-07-09T23:05:57.793+0000] {logging_mixin.py:188} INFO - [2025-07-09T23:05:57.792+0000] {dag.py:3036} INFO - Sync 1 DAGs
[2025-07-09T23:05:57.831+0000] {logging_mixin.py:188} INFO - [2025-07-09T23:05:57.830+0000] {dag.py:3823} INFO - Setting next_dagrun for example_branch_python_operator_decorator to 2025-07-08 00:00:00+00:00, run_after=2025-07-09 00:00:00+00:00
[2025-07-09T23:05:57.860+0000] {processor.py:183} INFO - Processing /home/airflow/.local/lib/python3.8/site-packages/airflow/example_dags/example_branch_operator_decorator.py took 0.151 seconds
[2025-07-09T23:06:28.878+0000] {processor.py:161} INFO - Started process (PID=598) to work on /home/airflow/.local/lib/python3.8/site-packages/airflow/example_dags/example_branch_operator_decorator.py
[2025-07-09T23:06:28.881+0000] {processor.py:830} INFO - Processing file /home/airflow/.local/lib/python3.8/site-packages/airflow/example_dags/example_branch_operator_decorator.py for tasks to queue
[2025-07-09T23:06:28.885+0000] {logging_mixin.py:188} INFO - [2025-07-09T23:06:28.884+0000] {dagbag.py:538} INFO - Filling up the DagBag from /home/airflow/.local/lib/python3.8/site-packages/airflow/example_dags/example_branch_operator_decorator.py
[2025-07-09T23:06:28.923+0000] {processor.py:840} INFO - DAG(s) 'example_branch_python_operator_decorator' retrieved from /home/airflow/.local/lib/python3.8/site-packages/airflow/example_dags/example_branch_operator_decorator.py
[2025-07-09T23:06:28.986+0000] {logging_mixin.py:188} INFO - [2025-07-09T23:06:28.986+0000] {dag.py:3036} INFO - Sync 1 DAGs
[2025-07-09T23:06:29.018+0000] {logging_mixin.py:188} INFO - [2025-07-09T23:06:29.017+0000] {dag.py:3823} INFO - Setting next_dagrun for example_branch_python_operator_decorator to 2025-07-08 00:00:00+00:00, run_after=2025-07-09 00:00:00+00:00
[2025-07-09T23:06:29.066+0000] {processor.py:183} INFO - Processing /home/airflow/.local/lib/python3.8/site-packages/airflow/example_dags/example_branch_operator_decorator.py took 0.194 seconds
[2025-07-09T23:06:59.220+0000] {processor.py:161} INFO - Started process (PID=654) to work on /home/airflow/.local/lib/python3.8/site-packages/airflow/example_dags/example_branch_operator_decorator.py
[2025-07-09T23:06:59.221+0000] {processor.py:830} INFO - Processing file /home/airflow/.local/lib/python3.8/site-packages/airflow/example_dags/example_branch_operator_decorator.py for tasks to queue
[2025-07-09T23:06:59.224+0000] {logging_mixin.py:188} INFO - [2025-07-09T23:06:59.224+0000] {dagbag.py:538} INFO - Filling up the DagBag from /home/airflow/.local/lib/python3.8/site-packages/airflow/example_dags/example_branch_operator_decorator.py
[2025-07-09T23:06:59.260+0000] {processor.py:840} INFO - DAG(s) 'example_branch_python_operator_decorator' retrieved from /home/airflow/.local/lib/python3.8/site-packages/airflow/example_dags/example_branch_operator_decorator.py
[2025-07-09T23:06:59.296+0000] {logging_mixin.py:188} INFO - [2025-07-09T23:06:59.296+0000] {dag.py:3036} INFO - Sync 1 DAGs
[2025-07-09T23:06:59.325+0000] {logging_mixin.py:188} INFO - [2025-07-09T23:06:59.325+0000] {dag.py:3823} INFO - Setting next_dagrun for example_branch_python_operator_decorator to 2025-07-08 00:00:00+00:00, run_after=2025-07-09 00:00:00+00:00
[2025-07-09T23:06:59.354+0000] {processor.py:183} INFO - Processing /home/airflow/.local/lib/python3.8/site-packages/airflow/example_dags/example_branch_operator_decorator.py took 0.139 seconds
[2025-07-09T23:07:29.515+0000] {processor.py:161} INFO - Started process (PID=711) to work on /home/airflow/.local/lib/python3.8/site-packages/airflow/example_dags/example_branch_operator_decorator.py
[2025-07-09T23:07:29.518+0000] {processor.py:830} INFO - Processing file /home/airflow/.local/lib/python3.8/site-packages/airflow/example_dags/example_branch_operator_decorator.py for tasks to queue
[2025-07-09T23:07:29.523+0000] {logging_mixin.py:188} INFO - [2025-07-09T23:07:29.522+0000] {dagbag.py:538} INFO - Filling up the DagBag from /home/airflow/.local/lib/python3.8/site-packages/airflow/example_dags/example_branch_operator_decorator.py
[2025-07-09T23:07:29.551+0000] {processor.py:840} INFO - DAG(s) 'example_branch_python_operator_decorator' retrieved from /home/airflow/.local/lib/python3.8/site-packages/airflow/example_dags/example_branch_operator_decorator.py
[2025-07-09T23:07:29.595+0000] {logging_mixin.py:188} INFO - [2025-07-09T23:07:29.595+0000] {dag.py:3036} INFO - Sync 1 DAGs
[2025-07-09T23:07:29.632+0000] {logging_mixin.py:188} INFO - [2025-07-09T23:07:29.631+0000] {dag.py:3823} INFO - Setting next_dagrun for example_branch_python_operator_decorator to 2025-07-08 00:00:00+00:00, run_after=2025-07-09 00:00:00+00:00
[2025-07-09T23:07:29.663+0000] {processor.py:183} INFO - Processing /home/airflow/.local/lib/python3.8/site-packages/airflow/example_dags/example_branch_operator_decorator.py took 0.157 seconds
[2025-07-09T23:07:59.749+0000] {processor.py:161} INFO - Started process (PID=768) to work on /home/airflow/.local/lib/python3.8/site-packages/airflow/example_dags/example_branch_operator_decorator.py
[2025-07-09T23:07:59.751+0000] {processor.py:830} INFO - Processing file /home/airflow/.local/lib/python3.8/site-packages/airflow/example_dags/example_branch_operator_decorator.py for tasks to queue
[2025-07-09T23:07:59.754+0000] {logging_mixin.py:188} INFO - [2025-07-09T23:07:59.754+0000] {dagbag.py:538} INFO - Filling up the DagBag from /home/airflow/.local/lib/python3.8/site-packages/airflow/example_dags/example_branch_operator_decorator.py
[2025-07-09T23:07:59.781+0000] {processor.py:840} INFO - DAG(s) 'example_branch_python_operator_decorator' retrieved from /home/airflow/.local/lib/python3.8/site-packages/airflow/example_dags/example_branch_operator_decorator.py
[2025-07-09T23:07:59.818+0000] {logging_mixin.py:188} INFO - [2025-07-09T23:07:59.818+0000] {dag.py:3036} INFO - Sync 1 DAGs
[2025-07-09T23:07:59.845+0000] {logging_mixin.py:188} INFO - [2025-07-09T23:07:59.845+0000] {dag.py:3823} INFO - Setting next_dagrun for example_branch_python_operator_decorator to 2025-07-08 00:00:00+00:00, run_after=2025-07-09 00:00:00+00:00
[2025-07-09T23:07:59.876+0000] {processor.py:183} INFO - Processing /home/airflow/.local/lib/python3.8/site-packages/airflow/example_dags/example_branch_operator_decorator.py took 0.132 seconds
[2025-07-09T23:08:30.327+0000] {processor.py:161} INFO - Started process (PID=825) to work on /home/airflow/.local/lib/python3.8/site-packages/airflow/example_dags/example_branch_operator_decorator.py
[2025-07-09T23:08:30.330+0000] {processor.py:830} INFO - Processing file /home/airflow/.local/lib/python3.8/site-packages/airflow/example_dags/example_branch_operator_decorator.py for tasks to queue
[2025-07-09T23:08:30.333+0000] {logging_mixin.py:188} INFO - [2025-07-09T23:08:30.332+0000] {dagbag.py:538} INFO - Filling up the DagBag from /home/airflow/.local/lib/python3.8/site-packages/airflow/example_dags/example_branch_operator_decorator.py
[2025-07-09T23:08:30.368+0000] {processor.py:840} INFO - DAG(s) 'example_branch_python_operator_decorator' retrieved from /home/airflow/.local/lib/python3.8/site-packages/airflow/example_dags/example_branch_operator_decorator.py
[2025-07-09T23:08:30.408+0000] {logging_mixin.py:188} INFO - [2025-07-09T23:08:30.408+0000] {dag.py:3036} INFO - Sync 1 DAGs
[2025-07-09T23:08:30.447+0000] {logging_mixin.py:188} INFO - [2025-07-09T23:08:30.447+0000] {dag.py:3823} INFO - Setting next_dagrun for example_branch_python_operator_decorator to 2025-07-08 00:00:00+00:00, run_after=2025-07-09 00:00:00+00:00
[2025-07-09T23:08:30.480+0000] {processor.py:183} INFO - Processing /home/airflow/.local/lib/python3.8/site-packages/airflow/example_dags/example_branch_operator_decorator.py took 0.157 seconds
[2025-07-09T23:49:48.549+0000] {processor.py:161} INFO - Started process (PID=70) to work on /home/airflow/.local/lib/python3.8/site-packages/airflow/example_dags/example_branch_operator_decorator.py
[2025-07-09T23:49:48.552+0000] {processor.py:830} INFO - Processing file /home/airflow/.local/lib/python3.8/site-packages/airflow/example_dags/example_branch_operator_decorator.py for tasks to queue
[2025-07-09T23:49:48.556+0000] {logging_mixin.py:188} INFO - [2025-07-09T23:49:48.555+0000] {dagbag.py:538} INFO - Filling up the DagBag from /home/airflow/.local/lib/python3.8/site-packages/airflow/example_dags/example_branch_operator_decorator.py
[2025-07-09T23:49:48.589+0000] {processor.py:840} INFO - DAG(s) 'example_branch_python_operator_decorator' retrieved from /home/airflow/.local/lib/python3.8/site-packages/airflow/example_dags/example_branch_operator_decorator.py
[2025-07-09T23:49:48.749+0000] {logging_mixin.py:188} INFO - [2025-07-09T23:49:48.748+0000] {override.py:1769} INFO - Created Permission View: can delete on DAG:example_branch_python_operator_decorator
[2025-07-09T23:49:48.764+0000] {logging_mixin.py:188} INFO - [2025-07-09T23:49:48.764+0000] {override.py:1769} INFO - Created Permission View: can read on DAG:example_branch_python_operator_decorator
[2025-07-09T23:49:48.777+0000] {logging_mixin.py:188} INFO - [2025-07-09T23:49:48.776+0000] {override.py:1769} INFO - Created Permission View: can edit on DAG:example_branch_python_operator_decorator
[2025-07-09T23:49:48.779+0000] {logging_mixin.py:188} INFO - [2025-07-09T23:49:48.778+0000] {dag.py:3036} INFO - Sync 1 DAGs
[2025-07-09T23:49:48.793+0000] {logging_mixin.py:188} INFO - [2025-07-09T23:49:48.792+0000] {dag.py:3058} INFO - Creating ORM DAG for example_branch_python_operator_decorator
[2025-07-09T23:49:48.807+0000] {logging_mixin.py:188} INFO - [2025-07-09T23:49:48.807+0000] {dag.py:3823} INFO - Setting next_dagrun for example_branch_python_operator_decorator to 2025-07-08 00:00:00+00:00, run_after=2025-07-09 00:00:00+00:00
[2025-07-09T23:49:48.837+0000] {processor.py:183} INFO - Processing /home/airflow/.local/lib/python3.8/site-packages/airflow/example_dags/example_branch_operator_decorator.py took 0.293 seconds
[2025-07-09T23:50:19.287+0000] {processor.py:161} INFO - Started process (PID=126) to work on /home/airflow/.local/lib/python3.8/site-packages/airflow/example_dags/example_branch_operator_decorator.py
[2025-07-09T23:50:19.289+0000] {processor.py:830} INFO - Processing file /home/airflow/.local/lib/python3.8/site-packages/airflow/example_dags/example_branch_operator_decorator.py for tasks to queue
[2025-07-09T23:50:19.292+0000] {logging_mixin.py:188} INFO - [2025-07-09T23:50:19.291+0000] {dagbag.py:538} INFO - Filling up the DagBag from /home/airflow/.local/lib/python3.8/site-packages/airflow/example_dags/example_branch_operator_decorator.py
[2025-07-09T23:50:19.318+0000] {processor.py:840} INFO - DAG(s) 'example_branch_python_operator_decorator' retrieved from /home/airflow/.local/lib/python3.8/site-packages/airflow/example_dags/example_branch_operator_decorator.py
[2025-07-09T23:50:19.358+0000] {logging_mixin.py:188} INFO - [2025-07-09T23:50:19.357+0000] {dag.py:3036} INFO - Sync 1 DAGs
[2025-07-09T23:50:19.387+0000] {logging_mixin.py:188} INFO - [2025-07-09T23:50:19.386+0000] {dag.py:3823} INFO - Setting next_dagrun for example_branch_python_operator_decorator to 2025-07-08 00:00:00+00:00, run_after=2025-07-09 00:00:00+00:00
[2025-07-09T23:50:19.422+0000] {processor.py:183} INFO - Processing /home/airflow/.local/lib/python3.8/site-packages/airflow/example_dags/example_branch_operator_decorator.py took 0.139 seconds
[2025-07-09T23:54:28.690+0000] {processor.py:161} INFO - Started process (PID=77) to work on /home/airflow/.local/lib/python3.8/site-packages/airflow/example_dags/example_branch_operator_decorator.py
[2025-07-09T23:54:28.692+0000] {processor.py:830} INFO - Processing file /home/airflow/.local/lib/python3.8/site-packages/airflow/example_dags/example_branch_operator_decorator.py for tasks to queue
[2025-07-09T23:54:28.695+0000] {logging_mixin.py:188} INFO - [2025-07-09T23:54:28.695+0000] {dagbag.py:538} INFO - Filling up the DagBag from /home/airflow/.local/lib/python3.8/site-packages/airflow/example_dags/example_branch_operator_decorator.py
[2025-07-09T23:54:28.733+0000] {processor.py:840} INFO - DAG(s) 'example_branch_python_operator_decorator' retrieved from /home/airflow/.local/lib/python3.8/site-packages/airflow/example_dags/example_branch_operator_decorator.py
[2025-07-09T23:54:28.872+0000] {logging_mixin.py:188} INFO - [2025-07-09T23:54:28.871+0000] {override.py:1769} INFO - Created Permission View: can edit on DAG:example_branch_python_operator_decorator
[2025-07-09T23:54:28.893+0000] {logging_mixin.py:188} INFO - [2025-07-09T23:54:28.892+0000] {override.py:1769} INFO - Created Permission View: can read on DAG:example_branch_python_operator_decorator
[2025-07-09T23:54:28.910+0000] {logging_mixin.py:188} INFO - [2025-07-09T23:54:28.910+0000] {override.py:1769} INFO - Created Permission View: can delete on DAG:example_branch_python_operator_decorator
[2025-07-09T23:54:28.912+0000] {logging_mixin.py:188} INFO - [2025-07-09T23:54:28.911+0000] {dag.py:3036} INFO - Sync 1 DAGs
[2025-07-09T23:54:28.926+0000] {logging_mixin.py:188} INFO - [2025-07-09T23:54:28.926+0000] {dag.py:3058} INFO - Creating ORM DAG for example_branch_python_operator_decorator
[2025-07-09T23:54:28.941+0000] {logging_mixin.py:188} INFO - [2025-07-09T23:54:28.941+0000] {dag.py:3823} INFO - Setting next_dagrun for example_branch_python_operator_decorator to 2025-07-08 00:00:00+00:00, run_after=2025-07-09 00:00:00+00:00
[2025-07-09T23:54:28.966+0000] {processor.py:183} INFO - Processing /home/airflow/.local/lib/python3.8/site-packages/airflow/example_dags/example_branch_operator_decorator.py took 0.281 seconds
[2025-07-09T23:54:59.482+0000] {processor.py:161} INFO - Started process (PID=133) to work on /home/airflow/.local/lib/python3.8/site-packages/airflow/example_dags/example_branch_operator_decorator.py
[2025-07-09T23:54:59.484+0000] {processor.py:830} INFO - Processing file /home/airflow/.local/lib/python3.8/site-packages/airflow/example_dags/example_branch_operator_decorator.py for tasks to queue
[2025-07-09T23:54:59.489+0000] {logging_mixin.py:188} INFO - [2025-07-09T23:54:59.488+0000] {dagbag.py:538} INFO - Filling up the DagBag from /home/airflow/.local/lib/python3.8/site-packages/airflow/example_dags/example_branch_operator_decorator.py
[2025-07-09T23:54:59.522+0000] {processor.py:840} INFO - DAG(s) 'example_branch_python_operator_decorator' retrieved from /home/airflow/.local/lib/python3.8/site-packages/airflow/example_dags/example_branch_operator_decorator.py
[2025-07-09T23:54:59.559+0000] {logging_mixin.py:188} INFO - [2025-07-09T23:54:59.559+0000] {dag.py:3036} INFO - Sync 1 DAGs
[2025-07-09T23:54:59.593+0000] {logging_mixin.py:188} INFO - [2025-07-09T23:54:59.593+0000] {dag.py:3823} INFO - Setting next_dagrun for example_branch_python_operator_decorator to 2025-07-08 00:00:00+00:00, run_after=2025-07-09 00:00:00+00:00
[2025-07-09T23:54:59.630+0000] {processor.py:183} INFO - Processing /home/airflow/.local/lib/python3.8/site-packages/airflow/example_dags/example_branch_operator_decorator.py took 0.153 seconds
[2025-07-09T23:55:29.984+0000] {processor.py:161} INFO - Started process (PID=193) to work on /home/airflow/.local/lib/python3.8/site-packages/airflow/example_dags/example_branch_operator_decorator.py
[2025-07-09T23:55:29.986+0000] {processor.py:830} INFO - Processing file /home/airflow/.local/lib/python3.8/site-packages/airflow/example_dags/example_branch_operator_decorator.py for tasks to queue
[2025-07-09T23:55:29.989+0000] {logging_mixin.py:188} INFO - [2025-07-09T23:55:29.989+0000] {dagbag.py:538} INFO - Filling up the DagBag from /home/airflow/.local/lib/python3.8/site-packages/airflow/example_dags/example_branch_operator_decorator.py
[2025-07-09T23:55:30.016+0000] {processor.py:840} INFO - DAG(s) 'example_branch_python_operator_decorator' retrieved from /home/airflow/.local/lib/python3.8/site-packages/airflow/example_dags/example_branch_operator_decorator.py
[2025-07-09T23:55:30.049+0000] {logging_mixin.py:188} INFO - [2025-07-09T23:55:30.048+0000] {dag.py:3036} INFO - Sync 1 DAGs
[2025-07-09T23:55:30.074+0000] {logging_mixin.py:188} INFO - [2025-07-09T23:55:30.074+0000] {dag.py:3823} INFO - Setting next_dagrun for example_branch_python_operator_decorator to 2025-07-08 00:00:00+00:00, run_after=2025-07-09 00:00:00+00:00
[2025-07-09T23:55:30.103+0000] {processor.py:183} INFO - Processing /home/airflow/.local/lib/python3.8/site-packages/airflow/example_dags/example_branch_operator_decorator.py took 0.124 seconds
[2025-07-09T23:56:00.423+0000] {processor.py:161} INFO - Started process (PID=254) to work on /home/airflow/.local/lib/python3.8/site-packages/airflow/example_dags/example_branch_operator_decorator.py
[2025-07-09T23:56:00.425+0000] {processor.py:830} INFO - Processing file /home/airflow/.local/lib/python3.8/site-packages/airflow/example_dags/example_branch_operator_decorator.py for tasks to queue
[2025-07-09T23:56:00.430+0000] {logging_mixin.py:188} INFO - [2025-07-09T23:56:00.429+0000] {dagbag.py:538} INFO - Filling up the DagBag from /home/airflow/.local/lib/python3.8/site-packages/airflow/example_dags/example_branch_operator_decorator.py
[2025-07-09T23:56:00.513+0000] {processor.py:840} INFO - DAG(s) 'example_branch_python_operator_decorator' retrieved from /home/airflow/.local/lib/python3.8/site-packages/airflow/example_dags/example_branch_operator_decorator.py
[2025-07-09T23:56:00.579+0000] {logging_mixin.py:188} INFO - [2025-07-09T23:56:00.578+0000] {dag.py:3036} INFO - Sync 1 DAGs
[2025-07-09T23:56:00.642+0000] {logging_mixin.py:188} INFO - [2025-07-09T23:56:00.639+0000] {dag.py:3823} INFO - Setting next_dagrun for example_branch_python_operator_decorator to 2025-07-08 00:00:00+00:00, run_after=2025-07-09 00:00:00+00:00
[2025-07-09T23:56:00.682+0000] {processor.py:183} INFO - Processing /home/airflow/.local/lib/python3.8/site-packages/airflow/example_dags/example_branch_operator_decorator.py took 0.266 seconds
[2025-07-09T23:56:31.176+0000] {processor.py:161} INFO - Started process (PID=311) to work on /home/airflow/.local/lib/python3.8/site-packages/airflow/example_dags/example_branch_operator_decorator.py
[2025-07-09T23:56:31.177+0000] {processor.py:830} INFO - Processing file /home/airflow/.local/lib/python3.8/site-packages/airflow/example_dags/example_branch_operator_decorator.py for tasks to queue
[2025-07-09T23:56:31.181+0000] {logging_mixin.py:188} INFO - [2025-07-09T23:56:31.180+0000] {dagbag.py:538} INFO - Filling up the DagBag from /home/airflow/.local/lib/python3.8/site-packages/airflow/example_dags/example_branch_operator_decorator.py
[2025-07-09T23:56:31.210+0000] {processor.py:840} INFO - DAG(s) 'example_branch_python_operator_decorator' retrieved from /home/airflow/.local/lib/python3.8/site-packages/airflow/example_dags/example_branch_operator_decorator.py
[2025-07-09T23:56:31.250+0000] {logging_mixin.py:188} INFO - [2025-07-09T23:56:31.250+0000] {dag.py:3036} INFO - Sync 1 DAGs
[2025-07-09T23:56:31.283+0000] {logging_mixin.py:188} INFO - [2025-07-09T23:56:31.283+0000] {dag.py:3823} INFO - Setting next_dagrun for example_branch_python_operator_decorator to 2025-07-08 00:00:00+00:00, run_after=2025-07-09 00:00:00+00:00
[2025-07-09T23:56:31.318+0000] {processor.py:183} INFO - Processing /home/airflow/.local/lib/python3.8/site-packages/airflow/example_dags/example_branch_operator_decorator.py took 0.147 seconds
[2025-07-09T23:57:02.107+0000] {processor.py:161} INFO - Started process (PID=371) to work on /home/airflow/.local/lib/python3.8/site-packages/airflow/example_dags/example_branch_operator_decorator.py
[2025-07-09T23:57:02.109+0000] {processor.py:830} INFO - Processing file /home/airflow/.local/lib/python3.8/site-packages/airflow/example_dags/example_branch_operator_decorator.py for tasks to queue
[2025-07-09T23:57:02.114+0000] {logging_mixin.py:188} INFO - [2025-07-09T23:57:02.113+0000] {dagbag.py:538} INFO - Filling up the DagBag from /home/airflow/.local/lib/python3.8/site-packages/airflow/example_dags/example_branch_operator_decorator.py
[2025-07-09T23:57:02.145+0000] {processor.py:840} INFO - DAG(s) 'example_branch_python_operator_decorator' retrieved from /home/airflow/.local/lib/python3.8/site-packages/airflow/example_dags/example_branch_operator_decorator.py
[2025-07-09T23:57:02.188+0000] {logging_mixin.py:188} INFO - [2025-07-09T23:57:02.187+0000] {dag.py:3036} INFO - Sync 1 DAGs
[2025-07-09T23:57:02.222+0000] {logging_mixin.py:188} INFO - [2025-07-09T23:57:02.221+0000] {dag.py:3823} INFO - Setting next_dagrun for example_branch_python_operator_decorator to 2025-07-08 00:00:00+00:00, run_after=2025-07-09 00:00:00+00:00
[2025-07-09T23:57:02.258+0000] {processor.py:183} INFO - Processing /home/airflow/.local/lib/python3.8/site-packages/airflow/example_dags/example_branch_operator_decorator.py took 0.157 seconds
[2025-07-09T23:57:32.667+0000] {processor.py:161} INFO - Started process (PID=428) to work on /home/airflow/.local/lib/python3.8/site-packages/airflow/example_dags/example_branch_operator_decorator.py
[2025-07-09T23:57:32.669+0000] {processor.py:830} INFO - Processing file /home/airflow/.local/lib/python3.8/site-packages/airflow/example_dags/example_branch_operator_decorator.py for tasks to queue
[2025-07-09T23:57:32.671+0000] {logging_mixin.py:188} INFO - [2025-07-09T23:57:32.671+0000] {dagbag.py:538} INFO - Filling up the DagBag from /home/airflow/.local/lib/python3.8/site-packages/airflow/example_dags/example_branch_operator_decorator.py
[2025-07-09T23:57:32.760+0000] {processor.py:840} INFO - DAG(s) 'example_branch_python_operator_decorator' retrieved from /home/airflow/.local/lib/python3.8/site-packages/airflow/example_dags/example_branch_operator_decorator.py
[2025-07-09T23:57:32.799+0000] {logging_mixin.py:188} INFO - [2025-07-09T23:57:32.799+0000] {dag.py:3036} INFO - Sync 1 DAGs
[2025-07-09T23:57:32.826+0000] {logging_mixin.py:188} INFO - [2025-07-09T23:57:32.826+0000] {dag.py:3823} INFO - Setting next_dagrun for example_branch_python_operator_decorator to 2025-07-08 00:00:00+00:00, run_after=2025-07-09 00:00:00+00:00
[2025-07-09T23:57:32.862+0000] {processor.py:183} INFO - Processing /home/airflow/.local/lib/python3.8/site-packages/airflow/example_dags/example_branch_operator_decorator.py took 0.203 seconds
[2025-07-09T23:58:03.479+0000] {processor.py:161} INFO - Started process (PID=484) to work on /home/airflow/.local/lib/python3.8/site-packages/airflow/example_dags/example_branch_operator_decorator.py
[2025-07-09T23:58:03.481+0000] {processor.py:830} INFO - Processing file /home/airflow/.local/lib/python3.8/site-packages/airflow/example_dags/example_branch_operator_decorator.py for tasks to queue
[2025-07-09T23:58:03.482+0000] {logging_mixin.py:188} INFO - [2025-07-09T23:58:03.482+0000] {dagbag.py:538} INFO - Filling up the DagBag from /home/airflow/.local/lib/python3.8/site-packages/airflow/example_dags/example_branch_operator_decorator.py
[2025-07-09T23:58:03.556+0000] {processor.py:840} INFO - DAG(s) 'example_branch_python_operator_decorator' retrieved from /home/airflow/.local/lib/python3.8/site-packages/airflow/example_dags/example_branch_operator_decorator.py
[2025-07-09T23:58:03.592+0000] {logging_mixin.py:188} INFO - [2025-07-09T23:58:03.591+0000] {dag.py:3036} INFO - Sync 1 DAGs
[2025-07-09T23:58:03.622+0000] {logging_mixin.py:188} INFO - [2025-07-09T23:58:03.622+0000] {dag.py:3823} INFO - Setting next_dagrun for example_branch_python_operator_decorator to 2025-07-08 00:00:00+00:00, run_after=2025-07-09 00:00:00+00:00
[2025-07-09T23:58:03.652+0000] {processor.py:183} INFO - Processing /home/airflow/.local/lib/python3.8/site-packages/airflow/example_dags/example_branch_operator_decorator.py took 0.178 seconds
[2025-07-09T23:58:33.703+0000] {processor.py:161} INFO - Started process (PID=541) to work on /home/airflow/.local/lib/python3.8/site-packages/airflow/example_dags/example_branch_operator_decorator.py
[2025-07-09T23:58:33.706+0000] {processor.py:830} INFO - Processing file /home/airflow/.local/lib/python3.8/site-packages/airflow/example_dags/example_branch_operator_decorator.py for tasks to queue
[2025-07-09T23:58:33.707+0000] {logging_mixin.py:188} INFO - [2025-07-09T23:58:33.707+0000] {dagbag.py:538} INFO - Filling up the DagBag from /home/airflow/.local/lib/python3.8/site-packages/airflow/example_dags/example_branch_operator_decorator.py
[2025-07-09T23:58:33.737+0000] {processor.py:840} INFO - DAG(s) 'example_branch_python_operator_decorator' retrieved from /home/airflow/.local/lib/python3.8/site-packages/airflow/example_dags/example_branch_operator_decorator.py
[2025-07-09T23:58:33.775+0000] {logging_mixin.py:188} INFO - [2025-07-09T23:58:33.774+0000] {dag.py:3036} INFO - Sync 1 DAGs
[2025-07-09T23:58:33.813+0000] {logging_mixin.py:188} INFO - [2025-07-09T23:58:33.812+0000] {dag.py:3823} INFO - Setting next_dagrun for example_branch_python_operator_decorator to 2025-07-08 00:00:00+00:00, run_after=2025-07-09 00:00:00+00:00
[2025-07-09T23:58:33.856+0000] {processor.py:183} INFO - Processing /home/airflow/.local/lib/python3.8/site-packages/airflow/example_dags/example_branch_operator_decorator.py took 0.160 seconds
[2025-07-09T23:59:03.983+0000] {processor.py:161} INFO - Started process (PID=596) to work on /home/airflow/.local/lib/python3.8/site-packages/airflow/example_dags/example_branch_operator_decorator.py
[2025-07-09T23:59:03.986+0000] {processor.py:830} INFO - Processing file /home/airflow/.local/lib/python3.8/site-packages/airflow/example_dags/example_branch_operator_decorator.py for tasks to queue
[2025-07-09T23:59:03.990+0000] {logging_mixin.py:188} INFO - [2025-07-09T23:59:03.989+0000] {dagbag.py:538} INFO - Filling up the DagBag from /home/airflow/.local/lib/python3.8/site-packages/airflow/example_dags/example_branch_operator_decorator.py
[2025-07-09T23:59:04.041+0000] {processor.py:840} INFO - DAG(s) 'example_branch_python_operator_decorator' retrieved from /home/airflow/.local/lib/python3.8/site-packages/airflow/example_dags/example_branch_operator_decorator.py
[2025-07-09T23:59:04.090+0000] {logging_mixin.py:188} INFO - [2025-07-09T23:59:04.090+0000] {dag.py:3036} INFO - Sync 1 DAGs
[2025-07-09T23:59:04.127+0000] {logging_mixin.py:188} INFO - [2025-07-09T23:59:04.126+0000] {dag.py:3823} INFO - Setting next_dagrun for example_branch_python_operator_decorator to 2025-07-08 00:00:00+00:00, run_after=2025-07-09 00:00:00+00:00
[2025-07-09T23:59:04.167+0000] {processor.py:183} INFO - Processing /home/airflow/.local/lib/python3.8/site-packages/airflow/example_dags/example_branch_operator_decorator.py took 0.192 seconds
[2025-07-09T23:59:34.260+0000] {processor.py:161} INFO - Started process (PID=652) to work on /home/airflow/.local/lib/python3.8/site-packages/airflow/example_dags/example_branch_operator_decorator.py
[2025-07-09T23:59:34.262+0000] {processor.py:830} INFO - Processing file /home/airflow/.local/lib/python3.8/site-packages/airflow/example_dags/example_branch_operator_decorator.py for tasks to queue
[2025-07-09T23:59:34.265+0000] {logging_mixin.py:188} INFO - [2025-07-09T23:59:34.264+0000] {dagbag.py:538} INFO - Filling up the DagBag from /home/airflow/.local/lib/python3.8/site-packages/airflow/example_dags/example_branch_operator_decorator.py
[2025-07-09T23:59:34.292+0000] {processor.py:840} INFO - DAG(s) 'example_branch_python_operator_decorator' retrieved from /home/airflow/.local/lib/python3.8/site-packages/airflow/example_dags/example_branch_operator_decorator.py
[2025-07-09T23:59:34.338+0000] {logging_mixin.py:188} INFO - [2025-07-09T23:59:34.338+0000] {dag.py:3036} INFO - Sync 1 DAGs
[2025-07-09T23:59:34.375+0000] {logging_mixin.py:188} INFO - [2025-07-09T23:59:34.375+0000] {dag.py:3823} INFO - Setting next_dagrun for example_branch_python_operator_decorator to 2025-07-08 00:00:00+00:00, run_after=2025-07-09 00:00:00+00:00
[2025-07-09T23:59:34.415+0000] {processor.py:183} INFO - Processing /home/airflow/.local/lib/python3.8/site-packages/airflow/example_dags/example_branch_operator_decorator.py took 0.162 seconds
