[2025-07-09T19:54:33.793+0000] {processor.py:161} INFO - Started process (PID=102) to work on /home/airflow/.local/lib/python3.8/site-packages/airflow/example_dags/example_branch_python_dop_operator_3.py
[2025-07-09T19:54:33.796+0000] {processor.py:830} INFO - Processing file /home/airflow/.local/lib/python3.8/site-packages/airflow/example_dags/example_branch_python_dop_operator_3.py for tasks to queue
[2025-07-09T19:54:33.800+0000] {logging_mixin.py:188} INFO - [2025-07-09T19:54:33.799+0000] {dagbag.py:538} INFO - Filling up the DagBag from /home/airflow/.local/lib/python3.8/site-packages/airflow/example_dags/example_branch_python_dop_operator_3.py
[2025-07-09T19:54:33.821+0000] {processor.py:840} INFO - DAG(s) 'example_branch_dop_operator_v3' retrieved from /home/airflow/.local/lib/python3.8/site-packages/airflow/example_dags/example_branch_python_dop_operator_3.py
[2025-07-09T19:54:33.982+0000] {logging_mixin.py:188} INFO - [2025-07-09T19:54:33.982+0000] {dag.py:3036} INFO - Sync 1 DAGs
[2025-07-09T19:54:34.021+0000] {logging_mixin.py:188} INFO - [2025-07-09T19:54:34.020+0000] {dag.py:3823} INFO - Setting next_dagrun for example_branch_dop_operator_v3 to 2025-07-09 19:53:00+00:00, run_after=2025-07-09 19:54:00+00:00
[2025-07-09T19:54:34.061+0000] {processor.py:183} INFO - Processing /home/airflow/.local/lib/python3.8/site-packages/airflow/example_dags/example_branch_python_dop_operator_3.py took 0.274 seconds
[2025-07-09T19:55:04.772+0000] {processor.py:161} INFO - Started process (PID=158) to work on /home/airflow/.local/lib/python3.8/site-packages/airflow/example_dags/example_branch_python_dop_operator_3.py
[2025-07-09T19:55:04.774+0000] {processor.py:830} INFO - Processing file /home/airflow/.local/lib/python3.8/site-packages/airflow/example_dags/example_branch_python_dop_operator_3.py for tasks to queue
[2025-07-09T19:55:04.778+0000] {logging_mixin.py:188} INFO - [2025-07-09T19:55:04.778+0000] {dagbag.py:538} INFO - Filling up the DagBag from /home/airflow/.local/lib/python3.8/site-packages/airflow/example_dags/example_branch_python_dop_operator_3.py
[2025-07-09T19:55:04.792+0000] {processor.py:840} INFO - DAG(s) 'example_branch_dop_operator_v3' retrieved from /home/airflow/.local/lib/python3.8/site-packages/airflow/example_dags/example_branch_python_dop_operator_3.py
[2025-07-09T19:55:04.818+0000] {logging_mixin.py:188} INFO - [2025-07-09T19:55:04.818+0000] {dag.py:3036} INFO - Sync 1 DAGs
[2025-07-09T19:55:04.850+0000] {logging_mixin.py:188} INFO - [2025-07-09T19:55:04.850+0000] {dag.py:3823} INFO - Setting next_dagrun for example_branch_dop_operator_v3 to 2025-07-09 19:54:00+00:00, run_after=2025-07-09 19:55:00+00:00
[2025-07-09T19:55:04.877+0000] {processor.py:183} INFO - Processing /home/airflow/.local/lib/python3.8/site-packages/airflow/example_dags/example_branch_python_dop_operator_3.py took 0.109 seconds
[2025-07-09T19:55:35.065+0000] {processor.py:161} INFO - Started process (PID=214) to work on /home/airflow/.local/lib/python3.8/site-packages/airflow/example_dags/example_branch_python_dop_operator_3.py
[2025-07-09T19:55:35.067+0000] {processor.py:830} INFO - Processing file /home/airflow/.local/lib/python3.8/site-packages/airflow/example_dags/example_branch_python_dop_operator_3.py for tasks to queue
[2025-07-09T19:55:35.070+0000] {logging_mixin.py:188} INFO - [2025-07-09T19:55:35.070+0000] {dagbag.py:538} INFO - Filling up the DagBag from /home/airflow/.local/lib/python3.8/site-packages/airflow/example_dags/example_branch_python_dop_operator_3.py
[2025-07-09T19:55:35.084+0000] {processor.py:840} INFO - DAG(s) 'example_branch_dop_operator_v3' retrieved from /home/airflow/.local/lib/python3.8/site-packages/airflow/example_dags/example_branch_python_dop_operator_3.py
[2025-07-09T19:55:35.118+0000] {logging_mixin.py:188} INFO - [2025-07-09T19:55:35.118+0000] {dag.py:3036} INFO - Sync 1 DAGs
[2025-07-09T19:55:35.161+0000] {logging_mixin.py:188} INFO - [2025-07-09T19:55:35.161+0000] {dag.py:3823} INFO - Setting next_dagrun for example_branch_dop_operator_v3 to 2025-07-09 19:54:00+00:00, run_after=2025-07-09 19:55:00+00:00
[2025-07-09T19:55:35.190+0000] {processor.py:183} INFO - Processing /home/airflow/.local/lib/python3.8/site-packages/airflow/example_dags/example_branch_python_dop_operator_3.py took 0.130 seconds
[2025-07-09T19:56:05.616+0000] {processor.py:161} INFO - Started process (PID=271) to work on /home/airflow/.local/lib/python3.8/site-packages/airflow/example_dags/example_branch_python_dop_operator_3.py
[2025-07-09T19:56:05.618+0000] {processor.py:830} INFO - Processing file /home/airflow/.local/lib/python3.8/site-packages/airflow/example_dags/example_branch_python_dop_operator_3.py for tasks to queue
[2025-07-09T19:56:05.622+0000] {logging_mixin.py:188} INFO - [2025-07-09T19:56:05.622+0000] {dagbag.py:538} INFO - Filling up the DagBag from /home/airflow/.local/lib/python3.8/site-packages/airflow/example_dags/example_branch_python_dop_operator_3.py
[2025-07-09T19:56:05.636+0000] {processor.py:840} INFO - DAG(s) 'example_branch_dop_operator_v3' retrieved from /home/airflow/.local/lib/python3.8/site-packages/airflow/example_dags/example_branch_python_dop_operator_3.py
[2025-07-09T19:56:05.670+0000] {logging_mixin.py:188} INFO - [2025-07-09T19:56:05.670+0000] {dag.py:3036} INFO - Sync 1 DAGs
[2025-07-09T19:56:05.707+0000] {logging_mixin.py:188} INFO - [2025-07-09T19:56:05.707+0000] {dag.py:3823} INFO - Setting next_dagrun for example_branch_dop_operator_v3 to 2025-07-09 19:55:00+00:00, run_after=2025-07-09 19:56:00+00:00
[2025-07-09T19:56:05.743+0000] {processor.py:183} INFO - Processing /home/airflow/.local/lib/python3.8/site-packages/airflow/example_dags/example_branch_python_dop_operator_3.py took 0.132 seconds
[2025-07-09T19:56:36.598+0000] {processor.py:161} INFO - Started process (PID=332) to work on /home/airflow/.local/lib/python3.8/site-packages/airflow/example_dags/example_branch_python_dop_operator_3.py
[2025-07-09T19:56:36.600+0000] {processor.py:830} INFO - Processing file /home/airflow/.local/lib/python3.8/site-packages/airflow/example_dags/example_branch_python_dop_operator_3.py for tasks to queue
[2025-07-09T19:56:36.606+0000] {logging_mixin.py:188} INFO - [2025-07-09T19:56:36.605+0000] {dagbag.py:538} INFO - Filling up the DagBag from /home/airflow/.local/lib/python3.8/site-packages/airflow/example_dags/example_branch_python_dop_operator_3.py
[2025-07-09T19:56:36.621+0000] {processor.py:840} INFO - DAG(s) 'example_branch_dop_operator_v3' retrieved from /home/airflow/.local/lib/python3.8/site-packages/airflow/example_dags/example_branch_python_dop_operator_3.py
[2025-07-09T19:56:36.652+0000] {logging_mixin.py:188} INFO - [2025-07-09T19:56:36.652+0000] {dag.py:3036} INFO - Sync 1 DAGs
[2025-07-09T19:56:36.690+0000] {logging_mixin.py:188} INFO - [2025-07-09T19:56:36.690+0000] {dag.py:3823} INFO - Setting next_dagrun for example_branch_dop_operator_v3 to 2025-07-09 19:55:00+00:00, run_after=2025-07-09 19:56:00+00:00
[2025-07-09T19:56:36.732+0000] {processor.py:183} INFO - Processing /home/airflow/.local/lib/python3.8/site-packages/airflow/example_dags/example_branch_python_dop_operator_3.py took 0.138 seconds
[2025-07-09T19:57:08.048+0000] {processor.py:161} INFO - Started process (PID=388) to work on /home/airflow/.local/lib/python3.8/site-packages/airflow/example_dags/example_branch_python_dop_operator_3.py
[2025-07-09T19:57:08.051+0000] {processor.py:830} INFO - Processing file /home/airflow/.local/lib/python3.8/site-packages/airflow/example_dags/example_branch_python_dop_operator_3.py for tasks to queue
[2025-07-09T19:57:08.055+0000] {logging_mixin.py:188} INFO - [2025-07-09T19:57:08.055+0000] {dagbag.py:538} INFO - Filling up the DagBag from /home/airflow/.local/lib/python3.8/site-packages/airflow/example_dags/example_branch_python_dop_operator_3.py
[2025-07-09T19:57:08.069+0000] {processor.py:840} INFO - DAG(s) 'example_branch_dop_operator_v3' retrieved from /home/airflow/.local/lib/python3.8/site-packages/airflow/example_dags/example_branch_python_dop_operator_3.py
[2025-07-09T19:57:08.097+0000] {logging_mixin.py:188} INFO - [2025-07-09T19:57:08.096+0000] {dag.py:3036} INFO - Sync 1 DAGs
[2025-07-09T19:57:08.127+0000] {logging_mixin.py:188} INFO - [2025-07-09T19:57:08.126+0000] {dag.py:3823} INFO - Setting next_dagrun for example_branch_dop_operator_v3 to 2025-07-09 19:56:00+00:00, run_after=2025-07-09 19:57:00+00:00
[2025-07-09T19:57:08.168+0000] {processor.py:183} INFO - Processing /home/airflow/.local/lib/python3.8/site-packages/airflow/example_dags/example_branch_python_dop_operator_3.py took 0.128 seconds
[2025-07-09T19:57:38.832+0000] {processor.py:161} INFO - Started process (PID=449) to work on /home/airflow/.local/lib/python3.8/site-packages/airflow/example_dags/example_branch_python_dop_operator_3.py
[2025-07-09T19:57:38.834+0000] {processor.py:830} INFO - Processing file /home/airflow/.local/lib/python3.8/site-packages/airflow/example_dags/example_branch_python_dop_operator_3.py for tasks to queue
[2025-07-09T19:57:38.837+0000] {logging_mixin.py:188} INFO - [2025-07-09T19:57:38.837+0000] {dagbag.py:538} INFO - Filling up the DagBag from /home/airflow/.local/lib/python3.8/site-packages/airflow/example_dags/example_branch_python_dop_operator_3.py
[2025-07-09T19:57:38.856+0000] {processor.py:840} INFO - DAG(s) 'example_branch_dop_operator_v3' retrieved from /home/airflow/.local/lib/python3.8/site-packages/airflow/example_dags/example_branch_python_dop_operator_3.py
[2025-07-09T19:57:38.890+0000] {logging_mixin.py:188} INFO - [2025-07-09T19:57:38.890+0000] {dag.py:3036} INFO - Sync 1 DAGs
[2025-07-09T19:57:38.924+0000] {logging_mixin.py:188} INFO - [2025-07-09T19:57:38.924+0000] {dag.py:3823} INFO - Setting next_dagrun for example_branch_dop_operator_v3 to 2025-07-09 19:56:00+00:00, run_after=2025-07-09 19:57:00+00:00
[2025-07-09T19:57:38.954+0000] {processor.py:183} INFO - Processing /home/airflow/.local/lib/python3.8/site-packages/airflow/example_dags/example_branch_python_dop_operator_3.py took 0.128 seconds
[2025-07-09T19:58:09.129+0000] {processor.py:161} INFO - Started process (PID=511) to work on /home/airflow/.local/lib/python3.8/site-packages/airflow/example_dags/example_branch_python_dop_operator_3.py
[2025-07-09T19:58:09.132+0000] {processor.py:830} INFO - Processing file /home/airflow/.local/lib/python3.8/site-packages/airflow/example_dags/example_branch_python_dop_operator_3.py for tasks to queue
[2025-07-09T19:58:09.137+0000] {logging_mixin.py:188} INFO - [2025-07-09T19:58:09.137+0000] {dagbag.py:538} INFO - Filling up the DagBag from /home/airflow/.local/lib/python3.8/site-packages/airflow/example_dags/example_branch_python_dop_operator_3.py
[2025-07-09T19:58:09.156+0000] {processor.py:840} INFO - DAG(s) 'example_branch_dop_operator_v3' retrieved from /home/airflow/.local/lib/python3.8/site-packages/airflow/example_dags/example_branch_python_dop_operator_3.py
[2025-07-09T19:58:09.194+0000] {logging_mixin.py:188} INFO - [2025-07-09T19:58:09.194+0000] {dag.py:3036} INFO - Sync 1 DAGs
[2025-07-09T19:58:09.234+0000] {logging_mixin.py:188} INFO - [2025-07-09T19:58:09.234+0000] {dag.py:3823} INFO - Setting next_dagrun for example_branch_dop_operator_v3 to 2025-07-09 19:57:00+00:00, run_after=2025-07-09 19:58:00+00:00
[2025-07-09T19:58:09.273+0000] {processor.py:183} INFO - Processing /home/airflow/.local/lib/python3.8/site-packages/airflow/example_dags/example_branch_python_dop_operator_3.py took 0.150 seconds
[2025-07-09T19:58:39.720+0000] {processor.py:161} INFO - Started process (PID=568) to work on /home/airflow/.local/lib/python3.8/site-packages/airflow/example_dags/example_branch_python_dop_operator_3.py
[2025-07-09T19:58:39.722+0000] {processor.py:830} INFO - Processing file /home/airflow/.local/lib/python3.8/site-packages/airflow/example_dags/example_branch_python_dop_operator_3.py for tasks to queue
[2025-07-09T19:58:39.726+0000] {logging_mixin.py:188} INFO - [2025-07-09T19:58:39.725+0000] {dagbag.py:538} INFO - Filling up the DagBag from /home/airflow/.local/lib/python3.8/site-packages/airflow/example_dags/example_branch_python_dop_operator_3.py
[2025-07-09T19:58:39.745+0000] {processor.py:840} INFO - DAG(s) 'example_branch_dop_operator_v3' retrieved from /home/airflow/.local/lib/python3.8/site-packages/airflow/example_dags/example_branch_python_dop_operator_3.py
[2025-07-09T19:58:39.773+0000] {logging_mixin.py:188} INFO - [2025-07-09T19:58:39.773+0000] {dag.py:3036} INFO - Sync 1 DAGs
[2025-07-09T19:58:39.809+0000] {logging_mixin.py:188} INFO - [2025-07-09T19:58:39.809+0000] {dag.py:3823} INFO - Setting next_dagrun for example_branch_dop_operator_v3 to 2025-07-09 19:57:00+00:00, run_after=2025-07-09 19:58:00+00:00
[2025-07-09T19:58:39.844+0000] {processor.py:183} INFO - Processing /home/airflow/.local/lib/python3.8/site-packages/airflow/example_dags/example_branch_python_dop_operator_3.py took 0.129 seconds
[2025-07-09T19:59:10.231+0000] {processor.py:161} INFO - Started process (PID=630) to work on /home/airflow/.local/lib/python3.8/site-packages/airflow/example_dags/example_branch_python_dop_operator_3.py
[2025-07-09T19:59:10.234+0000] {processor.py:830} INFO - Processing file /home/airflow/.local/lib/python3.8/site-packages/airflow/example_dags/example_branch_python_dop_operator_3.py for tasks to queue
[2025-07-09T19:59:10.238+0000] {logging_mixin.py:188} INFO - [2025-07-09T19:59:10.237+0000] {dagbag.py:538} INFO - Filling up the DagBag from /home/airflow/.local/lib/python3.8/site-packages/airflow/example_dags/example_branch_python_dop_operator_3.py
[2025-07-09T19:59:10.258+0000] {processor.py:840} INFO - DAG(s) 'example_branch_dop_operator_v3' retrieved from /home/airflow/.local/lib/python3.8/site-packages/airflow/example_dags/example_branch_python_dop_operator_3.py
[2025-07-09T19:59:10.287+0000] {logging_mixin.py:188} INFO - [2025-07-09T19:59:10.287+0000] {dag.py:3036} INFO - Sync 1 DAGs
[2025-07-09T19:59:10.318+0000] {logging_mixin.py:188} INFO - [2025-07-09T19:59:10.318+0000] {dag.py:3823} INFO - Setting next_dagrun for example_branch_dop_operator_v3 to 2025-07-09 19:58:00+00:00, run_after=2025-07-09 19:59:00+00:00
[2025-07-09T19:59:10.355+0000] {processor.py:183} INFO - Processing /home/airflow/.local/lib/python3.8/site-packages/airflow/example_dags/example_branch_python_dop_operator_3.py took 0.132 seconds
[2025-07-09T19:59:41.095+0000] {processor.py:161} INFO - Started process (PID=687) to work on /home/airflow/.local/lib/python3.8/site-packages/airflow/example_dags/example_branch_python_dop_operator_3.py
[2025-07-09T19:59:41.097+0000] {processor.py:830} INFO - Processing file /home/airflow/.local/lib/python3.8/site-packages/airflow/example_dags/example_branch_python_dop_operator_3.py for tasks to queue
[2025-07-09T19:59:41.100+0000] {logging_mixin.py:188} INFO - [2025-07-09T19:59:41.100+0000] {dagbag.py:538} INFO - Filling up the DagBag from /home/airflow/.local/lib/python3.8/site-packages/airflow/example_dags/example_branch_python_dop_operator_3.py
[2025-07-09T19:59:41.112+0000] {processor.py:840} INFO - DAG(s) 'example_branch_dop_operator_v3' retrieved from /home/airflow/.local/lib/python3.8/site-packages/airflow/example_dags/example_branch_python_dop_operator_3.py
[2025-07-09T19:59:41.148+0000] {logging_mixin.py:188} INFO - [2025-07-09T19:59:41.148+0000] {dag.py:3036} INFO - Sync 1 DAGs
[2025-07-09T19:59:41.194+0000] {logging_mixin.py:188} INFO - [2025-07-09T19:59:41.194+0000] {dag.py:3823} INFO - Setting next_dagrun for example_branch_dop_operator_v3 to 2025-07-09 19:58:00+00:00, run_after=2025-07-09 19:59:00+00:00
[2025-07-09T19:59:41.232+0000] {processor.py:183} INFO - Processing /home/airflow/.local/lib/python3.8/site-packages/airflow/example_dags/example_branch_python_dop_operator_3.py took 0.142 seconds
[2025-07-09T20:00:11.728+0000] {processor.py:161} INFO - Started process (PID=744) to work on /home/airflow/.local/lib/python3.8/site-packages/airflow/example_dags/example_branch_python_dop_operator_3.py
[2025-07-09T20:00:11.731+0000] {processor.py:830} INFO - Processing file /home/airflow/.local/lib/python3.8/site-packages/airflow/example_dags/example_branch_python_dop_operator_3.py for tasks to queue
[2025-07-09T20:00:11.734+0000] {logging_mixin.py:188} INFO - [2025-07-09T20:00:11.734+0000] {dagbag.py:538} INFO - Filling up the DagBag from /home/airflow/.local/lib/python3.8/site-packages/airflow/example_dags/example_branch_python_dop_operator_3.py
[2025-07-09T20:00:11.749+0000] {processor.py:840} INFO - DAG(s) 'example_branch_dop_operator_v3' retrieved from /home/airflow/.local/lib/python3.8/site-packages/airflow/example_dags/example_branch_python_dop_operator_3.py
[2025-07-09T20:00:11.778+0000] {logging_mixin.py:188} INFO - [2025-07-09T20:00:11.777+0000] {dag.py:3036} INFO - Sync 1 DAGs
[2025-07-09T20:00:11.813+0000] {logging_mixin.py:188} INFO - [2025-07-09T20:00:11.812+0000] {dag.py:3823} INFO - Setting next_dagrun for example_branch_dop_operator_v3 to 2025-07-09 19:59:00+00:00, run_after=2025-07-09 20:00:00+00:00
[2025-07-09T20:00:11.845+0000] {processor.py:183} INFO - Processing /home/airflow/.local/lib/python3.8/site-packages/airflow/example_dags/example_branch_python_dop_operator_3.py took 0.122 seconds
[2025-07-09T20:00:42.529+0000] {processor.py:161} INFO - Started process (PID=800) to work on /home/airflow/.local/lib/python3.8/site-packages/airflow/example_dags/example_branch_python_dop_operator_3.py
[2025-07-09T20:00:42.533+0000] {processor.py:830} INFO - Processing file /home/airflow/.local/lib/python3.8/site-packages/airflow/example_dags/example_branch_python_dop_operator_3.py for tasks to queue
[2025-07-09T20:00:42.539+0000] {logging_mixin.py:188} INFO - [2025-07-09T20:00:42.538+0000] {dagbag.py:538} INFO - Filling up the DagBag from /home/airflow/.local/lib/python3.8/site-packages/airflow/example_dags/example_branch_python_dop_operator_3.py
[2025-07-09T20:00:42.559+0000] {processor.py:840} INFO - DAG(s) 'example_branch_dop_operator_v3' retrieved from /home/airflow/.local/lib/python3.8/site-packages/airflow/example_dags/example_branch_python_dop_operator_3.py
[2025-07-09T20:00:42.614+0000] {logging_mixin.py:188} INFO - [2025-07-09T20:00:42.613+0000] {dag.py:3036} INFO - Sync 1 DAGs
[2025-07-09T20:00:42.668+0000] {logging_mixin.py:188} INFO - [2025-07-09T20:00:42.667+0000] {dag.py:3823} INFO - Setting next_dagrun for example_branch_dop_operator_v3 to 2025-07-09 19:59:00+00:00, run_after=2025-07-09 20:00:00+00:00
[2025-07-09T20:00:42.725+0000] {processor.py:183} INFO - Processing /home/airflow/.local/lib/python3.8/site-packages/airflow/example_dags/example_branch_python_dop_operator_3.py took 0.206 seconds
[2025-07-09T22:49:04.188+0000] {processor.py:161} INFO - Started process (PID=849) to work on /home/airflow/.local/lib/python3.8/site-packages/airflow/example_dags/example_branch_python_dop_operator_3.py
[2025-07-09T22:49:04.190+0000] {processor.py:830} INFO - Processing file /home/airflow/.local/lib/python3.8/site-packages/airflow/example_dags/example_branch_python_dop_operator_3.py for tasks to queue
[2025-07-09T22:49:04.195+0000] {logging_mixin.py:188} INFO - [2025-07-09T22:49:04.194+0000] {dagbag.py:538} INFO - Filling up the DagBag from /home/airflow/.local/lib/python3.8/site-packages/airflow/example_dags/example_branch_python_dop_operator_3.py
[2025-07-09T22:49:04.213+0000] {processor.py:840} INFO - DAG(s) 'example_branch_dop_operator_v3' retrieved from /home/airflow/.local/lib/python3.8/site-packages/airflow/example_dags/example_branch_python_dop_operator_3.py
[2025-07-09T22:49:04.256+0000] {logging_mixin.py:188} INFO - [2025-07-09T22:49:04.255+0000] {dag.py:3036} INFO - Sync 1 DAGs
[2025-07-09T22:49:04.299+0000] {logging_mixin.py:188} INFO - [2025-07-09T22:49:04.299+0000] {dag.py:3823} INFO - Setting next_dagrun for example_branch_dop_operator_v3 to 2025-07-09 22:48:00+00:00, run_after=2025-07-09 22:49:00+00:00
[2025-07-09T22:49:04.344+0000] {processor.py:183} INFO - Processing /home/airflow/.local/lib/python3.8/site-packages/airflow/example_dags/example_branch_python_dop_operator_3.py took 0.161 seconds
[2025-07-09T22:49:35.020+0000] {processor.py:161} INFO - Started process (PID=913) to work on /home/airflow/.local/lib/python3.8/site-packages/airflow/example_dags/example_branch_python_dop_operator_3.py
[2025-07-09T22:49:35.022+0000] {processor.py:830} INFO - Processing file /home/airflow/.local/lib/python3.8/site-packages/airflow/example_dags/example_branch_python_dop_operator_3.py for tasks to queue
[2025-07-09T22:49:35.026+0000] {logging_mixin.py:188} INFO - [2025-07-09T22:49:35.025+0000] {dagbag.py:538} INFO - Filling up the DagBag from /home/airflow/.local/lib/python3.8/site-packages/airflow/example_dags/example_branch_python_dop_operator_3.py
[2025-07-09T22:49:35.037+0000] {processor.py:840} INFO - DAG(s) 'example_branch_dop_operator_v3' retrieved from /home/airflow/.local/lib/python3.8/site-packages/airflow/example_dags/example_branch_python_dop_operator_3.py
[2025-07-09T22:49:35.069+0000] {logging_mixin.py:188} INFO - [2025-07-09T22:49:35.069+0000] {dag.py:3036} INFO - Sync 1 DAGs
[2025-07-09T22:49:35.107+0000] {logging_mixin.py:188} INFO - [2025-07-09T22:49:35.107+0000] {dag.py:3823} INFO - Setting next_dagrun for example_branch_dop_operator_v3 to 2025-07-09 22:48:00+00:00, run_after=2025-07-09 22:49:00+00:00
[2025-07-09T22:49:35.148+0000] {processor.py:183} INFO - Processing /home/airflow/.local/lib/python3.8/site-packages/airflow/example_dags/example_branch_python_dop_operator_3.py took 0.132 seconds
[2025-07-09T22:50:06.587+0000] {processor.py:161} INFO - Started process (PID=970) to work on /home/airflow/.local/lib/python3.8/site-packages/airflow/example_dags/example_branch_python_dop_operator_3.py
[2025-07-09T22:50:06.589+0000] {processor.py:830} INFO - Processing file /home/airflow/.local/lib/python3.8/site-packages/airflow/example_dags/example_branch_python_dop_operator_3.py for tasks to queue
[2025-07-09T22:50:06.594+0000] {logging_mixin.py:188} INFO - [2025-07-09T22:50:06.594+0000] {dagbag.py:538} INFO - Filling up the DagBag from /home/airflow/.local/lib/python3.8/site-packages/airflow/example_dags/example_branch_python_dop_operator_3.py
[2025-07-09T22:50:06.608+0000] {processor.py:840} INFO - DAG(s) 'example_branch_dop_operator_v3' retrieved from /home/airflow/.local/lib/python3.8/site-packages/airflow/example_dags/example_branch_python_dop_operator_3.py
[2025-07-09T22:50:06.641+0000] {logging_mixin.py:188} INFO - [2025-07-09T22:50:06.641+0000] {dag.py:3036} INFO - Sync 1 DAGs
[2025-07-09T22:50:06.676+0000] {logging_mixin.py:188} INFO - [2025-07-09T22:50:06.676+0000] {dag.py:3823} INFO - Setting next_dagrun for example_branch_dop_operator_v3 to 2025-07-09 22:49:00+00:00, run_after=2025-07-09 22:50:00+00:00
[2025-07-09T22:50:06.703+0000] {processor.py:183} INFO - Processing /home/airflow/.local/lib/python3.8/site-packages/airflow/example_dags/example_branch_python_dop_operator_3.py took 0.122 seconds
[2025-07-09T22:50:38.351+0000] {processor.py:161} INFO - Started process (PID=1026) to work on /home/airflow/.local/lib/python3.8/site-packages/airflow/example_dags/example_branch_python_dop_operator_3.py
[2025-07-09T22:50:38.353+0000] {processor.py:830} INFO - Processing file /home/airflow/.local/lib/python3.8/site-packages/airflow/example_dags/example_branch_python_dop_operator_3.py for tasks to queue
[2025-07-09T22:50:38.358+0000] {logging_mixin.py:188} INFO - [2025-07-09T22:50:38.358+0000] {dagbag.py:538} INFO - Filling up the DagBag from /home/airflow/.local/lib/python3.8/site-packages/airflow/example_dags/example_branch_python_dop_operator_3.py
[2025-07-09T22:50:38.380+0000] {processor.py:840} INFO - DAG(s) 'example_branch_dop_operator_v3' retrieved from /home/airflow/.local/lib/python3.8/site-packages/airflow/example_dags/example_branch_python_dop_operator_3.py
[2025-07-09T22:50:38.412+0000] {logging_mixin.py:188} INFO - [2025-07-09T22:50:38.412+0000] {dag.py:3036} INFO - Sync 1 DAGs
[2025-07-09T22:50:38.446+0000] {logging_mixin.py:188} INFO - [2025-07-09T22:50:38.446+0000] {dag.py:3823} INFO - Setting next_dagrun for example_branch_dop_operator_v3 to 2025-07-09 22:49:00+00:00, run_after=2025-07-09 22:50:00+00:00
[2025-07-09T22:50:38.476+0000] {processor.py:183} INFO - Processing /home/airflow/.local/lib/python3.8/site-packages/airflow/example_dags/example_branch_python_dop_operator_3.py took 0.130 seconds
[2025-07-09T22:51:08.598+0000] {processor.py:161} INFO - Started process (PID=1082) to work on /home/airflow/.local/lib/python3.8/site-packages/airflow/example_dags/example_branch_python_dop_operator_3.py
[2025-07-09T22:51:08.601+0000] {processor.py:830} INFO - Processing file /home/airflow/.local/lib/python3.8/site-packages/airflow/example_dags/example_branch_python_dop_operator_3.py for tasks to queue
[2025-07-09T22:51:08.606+0000] {logging_mixin.py:188} INFO - [2025-07-09T22:51:08.605+0000] {dagbag.py:538} INFO - Filling up the DagBag from /home/airflow/.local/lib/python3.8/site-packages/airflow/example_dags/example_branch_python_dop_operator_3.py
[2025-07-09T22:51:08.620+0000] {processor.py:840} INFO - DAG(s) 'example_branch_dop_operator_v3' retrieved from /home/airflow/.local/lib/python3.8/site-packages/airflow/example_dags/example_branch_python_dop_operator_3.py
[2025-07-09T22:51:08.654+0000] {logging_mixin.py:188} INFO - [2025-07-09T22:51:08.654+0000] {dag.py:3036} INFO - Sync 1 DAGs
[2025-07-09T22:51:08.692+0000] {logging_mixin.py:188} INFO - [2025-07-09T22:51:08.692+0000] {dag.py:3823} INFO - Setting next_dagrun for example_branch_dop_operator_v3 to 2025-07-09 22:50:00+00:00, run_after=2025-07-09 22:51:00+00:00
[2025-07-09T22:51:08.737+0000] {processor.py:183} INFO - Processing /home/airflow/.local/lib/python3.8/site-packages/airflow/example_dags/example_branch_python_dop_operator_3.py took 0.148 seconds
[2025-07-09T22:51:39.623+0000] {processor.py:161} INFO - Started process (PID=1139) to work on /home/airflow/.local/lib/python3.8/site-packages/airflow/example_dags/example_branch_python_dop_operator_3.py
[2025-07-09T22:51:39.626+0000] {processor.py:830} INFO - Processing file /home/airflow/.local/lib/python3.8/site-packages/airflow/example_dags/example_branch_python_dop_operator_3.py for tasks to queue
[2025-07-09T22:51:39.629+0000] {logging_mixin.py:188} INFO - [2025-07-09T22:51:39.629+0000] {dagbag.py:538} INFO - Filling up the DagBag from /home/airflow/.local/lib/python3.8/site-packages/airflow/example_dags/example_branch_python_dop_operator_3.py
[2025-07-09T22:51:39.644+0000] {processor.py:840} INFO - DAG(s) 'example_branch_dop_operator_v3' retrieved from /home/airflow/.local/lib/python3.8/site-packages/airflow/example_dags/example_branch_python_dop_operator_3.py
[2025-07-09T22:51:39.677+0000] {logging_mixin.py:188} INFO - [2025-07-09T22:51:39.676+0000] {dag.py:3036} INFO - Sync 1 DAGs
[2025-07-09T22:51:39.712+0000] {logging_mixin.py:188} INFO - [2025-07-09T22:51:39.712+0000] {dag.py:3823} INFO - Setting next_dagrun for example_branch_dop_operator_v3 to 2025-07-09 22:50:00+00:00, run_after=2025-07-09 22:51:00+00:00
[2025-07-09T22:51:39.756+0000] {processor.py:183} INFO - Processing /home/airflow/.local/lib/python3.8/site-packages/airflow/example_dags/example_branch_python_dop_operator_3.py took 0.139 seconds
[2025-07-09T22:52:10.490+0000] {processor.py:161} INFO - Started process (PID=1196) to work on /home/airflow/.local/lib/python3.8/site-packages/airflow/example_dags/example_branch_python_dop_operator_3.py
[2025-07-09T22:52:10.492+0000] {processor.py:830} INFO - Processing file /home/airflow/.local/lib/python3.8/site-packages/airflow/example_dags/example_branch_python_dop_operator_3.py for tasks to queue
[2025-07-09T22:52:10.494+0000] {logging_mixin.py:188} INFO - [2025-07-09T22:52:10.494+0000] {dagbag.py:538} INFO - Filling up the DagBag from /home/airflow/.local/lib/python3.8/site-packages/airflow/example_dags/example_branch_python_dop_operator_3.py
[2025-07-09T22:52:10.506+0000] {processor.py:840} INFO - DAG(s) 'example_branch_dop_operator_v3' retrieved from /home/airflow/.local/lib/python3.8/site-packages/airflow/example_dags/example_branch_python_dop_operator_3.py
[2025-07-09T22:52:10.532+0000] {logging_mixin.py:188} INFO - [2025-07-09T22:52:10.531+0000] {dag.py:3036} INFO - Sync 1 DAGs
[2025-07-09T22:52:10.565+0000] {logging_mixin.py:188} INFO - [2025-07-09T22:52:10.564+0000] {dag.py:3823} INFO - Setting next_dagrun for example_branch_dop_operator_v3 to 2025-07-09 22:51:00+00:00, run_after=2025-07-09 22:52:00+00:00
[2025-07-09T22:52:10.603+0000] {processor.py:183} INFO - Processing /home/airflow/.local/lib/python3.8/site-packages/airflow/example_dags/example_branch_python_dop_operator_3.py took 0.117 seconds
[2025-07-09T22:52:41.003+0000] {processor.py:161} INFO - Started process (PID=1253) to work on /home/airflow/.local/lib/python3.8/site-packages/airflow/example_dags/example_branch_python_dop_operator_3.py
[2025-07-09T22:52:41.005+0000] {processor.py:830} INFO - Processing file /home/airflow/.local/lib/python3.8/site-packages/airflow/example_dags/example_branch_python_dop_operator_3.py for tasks to queue
[2025-07-09T22:52:41.008+0000] {logging_mixin.py:188} INFO - [2025-07-09T22:52:41.008+0000] {dagbag.py:538} INFO - Filling up the DagBag from /home/airflow/.local/lib/python3.8/site-packages/airflow/example_dags/example_branch_python_dop_operator_3.py
[2025-07-09T22:52:41.024+0000] {processor.py:840} INFO - DAG(s) 'example_branch_dop_operator_v3' retrieved from /home/airflow/.local/lib/python3.8/site-packages/airflow/example_dags/example_branch_python_dop_operator_3.py
[2025-07-09T22:52:41.054+0000] {logging_mixin.py:188} INFO - [2025-07-09T22:52:41.054+0000] {dag.py:3036} INFO - Sync 1 DAGs
[2025-07-09T22:52:41.095+0000] {logging_mixin.py:188} INFO - [2025-07-09T22:52:41.095+0000] {dag.py:3823} INFO - Setting next_dagrun for example_branch_dop_operator_v3 to 2025-07-09 22:51:00+00:00, run_after=2025-07-09 22:52:00+00:00
[2025-07-09T22:52:41.134+0000] {processor.py:183} INFO - Processing /home/airflow/.local/lib/python3.8/site-packages/airflow/example_dags/example_branch_python_dop_operator_3.py took 0.135 seconds
[2025-07-09T22:53:11.419+0000] {processor.py:161} INFO - Started process (PID=1310) to work on /home/airflow/.local/lib/python3.8/site-packages/airflow/example_dags/example_branch_python_dop_operator_3.py
[2025-07-09T22:53:11.425+0000] {processor.py:830} INFO - Processing file /home/airflow/.local/lib/python3.8/site-packages/airflow/example_dags/example_branch_python_dop_operator_3.py for tasks to queue
[2025-07-09T22:53:11.433+0000] {logging_mixin.py:188} INFO - [2025-07-09T22:53:11.432+0000] {dagbag.py:538} INFO - Filling up the DagBag from /home/airflow/.local/lib/python3.8/site-packages/airflow/example_dags/example_branch_python_dop_operator_3.py
[2025-07-09T22:53:11.452+0000] {processor.py:840} INFO - DAG(s) 'example_branch_dop_operator_v3' retrieved from /home/airflow/.local/lib/python3.8/site-packages/airflow/example_dags/example_branch_python_dop_operator_3.py
[2025-07-09T22:53:11.490+0000] {logging_mixin.py:188} INFO - [2025-07-09T22:53:11.490+0000] {dag.py:3036} INFO - Sync 1 DAGs
[2025-07-09T22:53:11.543+0000] {logging_mixin.py:188} INFO - [2025-07-09T22:53:11.543+0000] {dag.py:3823} INFO - Setting next_dagrun for example_branch_dop_operator_v3 to 2025-07-09 22:52:00+00:00, run_after=2025-07-09 22:53:00+00:00
[2025-07-09T22:53:11.581+0000] {processor.py:183} INFO - Processing /home/airflow/.local/lib/python3.8/site-packages/airflow/example_dags/example_branch_python_dop_operator_3.py took 0.172 seconds
[2025-07-09T22:53:41.840+0000] {processor.py:161} INFO - Started process (PID=1367) to work on /home/airflow/.local/lib/python3.8/site-packages/airflow/example_dags/example_branch_python_dop_operator_3.py
[2025-07-09T22:53:41.842+0000] {processor.py:830} INFO - Processing file /home/airflow/.local/lib/python3.8/site-packages/airflow/example_dags/example_branch_python_dop_operator_3.py for tasks to queue
[2025-07-09T22:53:41.844+0000] {logging_mixin.py:188} INFO - [2025-07-09T22:53:41.844+0000] {dagbag.py:538} INFO - Filling up the DagBag from /home/airflow/.local/lib/python3.8/site-packages/airflow/example_dags/example_branch_python_dop_operator_3.py
[2025-07-09T22:53:41.857+0000] {processor.py:840} INFO - DAG(s) 'example_branch_dop_operator_v3' retrieved from /home/airflow/.local/lib/python3.8/site-packages/airflow/example_dags/example_branch_python_dop_operator_3.py
[2025-07-09T22:53:41.890+0000] {logging_mixin.py:188} INFO - [2025-07-09T22:53:41.890+0000] {dag.py:3036} INFO - Sync 1 DAGs
[2025-07-09T22:53:41.923+0000] {logging_mixin.py:188} INFO - [2025-07-09T22:53:41.923+0000] {dag.py:3823} INFO - Setting next_dagrun for example_branch_dop_operator_v3 to 2025-07-09 22:52:00+00:00, run_after=2025-07-09 22:53:00+00:00
[2025-07-09T22:53:41.953+0000] {processor.py:183} INFO - Processing /home/airflow/.local/lib/python3.8/site-packages/airflow/example_dags/example_branch_python_dop_operator_3.py took 0.118 seconds
[2025-07-09T22:54:12.855+0000] {processor.py:161} INFO - Started process (PID=1423) to work on /home/airflow/.local/lib/python3.8/site-packages/airflow/example_dags/example_branch_python_dop_operator_3.py
[2025-07-09T22:54:12.857+0000] {processor.py:830} INFO - Processing file /home/airflow/.local/lib/python3.8/site-packages/airflow/example_dags/example_branch_python_dop_operator_3.py for tasks to queue
[2025-07-09T22:54:12.860+0000] {logging_mixin.py:188} INFO - [2025-07-09T22:54:12.859+0000] {dagbag.py:538} INFO - Filling up the DagBag from /home/airflow/.local/lib/python3.8/site-packages/airflow/example_dags/example_branch_python_dop_operator_3.py
[2025-07-09T22:54:12.878+0000] {processor.py:840} INFO - DAG(s) 'example_branch_dop_operator_v3' retrieved from /home/airflow/.local/lib/python3.8/site-packages/airflow/example_dags/example_branch_python_dop_operator_3.py
[2025-07-09T22:54:12.909+0000] {logging_mixin.py:188} INFO - [2025-07-09T22:54:12.909+0000] {dag.py:3036} INFO - Sync 1 DAGs
[2025-07-09T22:54:12.956+0000] {logging_mixin.py:188} INFO - [2025-07-09T22:54:12.956+0000] {dag.py:3823} INFO - Setting next_dagrun for example_branch_dop_operator_v3 to 2025-07-09 22:53:00+00:00, run_after=2025-07-09 22:54:00+00:00
[2025-07-09T22:54:12.990+0000] {processor.py:183} INFO - Processing /home/airflow/.local/lib/python3.8/site-packages/airflow/example_dags/example_branch_python_dop_operator_3.py took 0.139 seconds
[2025-07-09T22:54:43.350+0000] {processor.py:161} INFO - Started process (PID=1479) to work on /home/airflow/.local/lib/python3.8/site-packages/airflow/example_dags/example_branch_python_dop_operator_3.py
[2025-07-09T22:54:43.353+0000] {processor.py:830} INFO - Processing file /home/airflow/.local/lib/python3.8/site-packages/airflow/example_dags/example_branch_python_dop_operator_3.py for tasks to queue
[2025-07-09T22:54:43.356+0000] {logging_mixin.py:188} INFO - [2025-07-09T22:54:43.355+0000] {dagbag.py:538} INFO - Filling up the DagBag from /home/airflow/.local/lib/python3.8/site-packages/airflow/example_dags/example_branch_python_dop_operator_3.py
[2025-07-09T22:54:43.368+0000] {processor.py:840} INFO - DAG(s) 'example_branch_dop_operator_v3' retrieved from /home/airflow/.local/lib/python3.8/site-packages/airflow/example_dags/example_branch_python_dop_operator_3.py
[2025-07-09T22:54:43.400+0000] {logging_mixin.py:188} INFO - [2025-07-09T22:54:43.399+0000] {dag.py:3036} INFO - Sync 1 DAGs
[2025-07-09T22:54:43.438+0000] {logging_mixin.py:188} INFO - [2025-07-09T22:54:43.438+0000] {dag.py:3823} INFO - Setting next_dagrun for example_branch_dop_operator_v3 to 2025-07-09 22:53:00+00:00, run_after=2025-07-09 22:54:00+00:00
[2025-07-09T22:54:43.473+0000] {processor.py:183} INFO - Processing /home/airflow/.local/lib/python3.8/site-packages/airflow/example_dags/example_branch_python_dop_operator_3.py took 0.128 seconds
[2025-07-09T22:55:14.118+0000] {processor.py:161} INFO - Started process (PID=1536) to work on /home/airflow/.local/lib/python3.8/site-packages/airflow/example_dags/example_branch_python_dop_operator_3.py
[2025-07-09T22:55:14.121+0000] {processor.py:830} INFO - Processing file /home/airflow/.local/lib/python3.8/site-packages/airflow/example_dags/example_branch_python_dop_operator_3.py for tasks to queue
[2025-07-09T22:55:14.127+0000] {logging_mixin.py:188} INFO - [2025-07-09T22:55:14.126+0000] {dagbag.py:538} INFO - Filling up the DagBag from /home/airflow/.local/lib/python3.8/site-packages/airflow/example_dags/example_branch_python_dop_operator_3.py
[2025-07-09T22:55:14.147+0000] {processor.py:840} INFO - DAG(s) 'example_branch_dop_operator_v3' retrieved from /home/airflow/.local/lib/python3.8/site-packages/airflow/example_dags/example_branch_python_dop_operator_3.py
[2025-07-09T22:55:14.180+0000] {logging_mixin.py:188} INFO - [2025-07-09T22:55:14.180+0000] {dag.py:3036} INFO - Sync 1 DAGs
[2025-07-09T22:55:14.212+0000] {logging_mixin.py:188} INFO - [2025-07-09T22:55:14.212+0000] {dag.py:3823} INFO - Setting next_dagrun for example_branch_dop_operator_v3 to 2025-07-09 22:54:00+00:00, run_after=2025-07-09 22:55:00+00:00
[2025-07-09T22:55:14.251+0000] {processor.py:183} INFO - Processing /home/airflow/.local/lib/python3.8/site-packages/airflow/example_dags/example_branch_python_dop_operator_3.py took 0.142 seconds
[2025-07-09T22:55:44.492+0000] {processor.py:161} INFO - Started process (PID=1593) to work on /home/airflow/.local/lib/python3.8/site-packages/airflow/example_dags/example_branch_python_dop_operator_3.py
[2025-07-09T22:55:44.495+0000] {processor.py:830} INFO - Processing file /home/airflow/.local/lib/python3.8/site-packages/airflow/example_dags/example_branch_python_dop_operator_3.py for tasks to queue
[2025-07-09T22:55:44.498+0000] {logging_mixin.py:188} INFO - [2025-07-09T22:55:44.498+0000] {dagbag.py:538} INFO - Filling up the DagBag from /home/airflow/.local/lib/python3.8/site-packages/airflow/example_dags/example_branch_python_dop_operator_3.py
[2025-07-09T22:55:44.513+0000] {processor.py:840} INFO - DAG(s) 'example_branch_dop_operator_v3' retrieved from /home/airflow/.local/lib/python3.8/site-packages/airflow/example_dags/example_branch_python_dop_operator_3.py
[2025-07-09T22:55:44.547+0000] {logging_mixin.py:188} INFO - [2025-07-09T22:55:44.547+0000] {dag.py:3036} INFO - Sync 1 DAGs
[2025-07-09T22:55:44.584+0000] {logging_mixin.py:188} INFO - [2025-07-09T22:55:44.583+0000] {dag.py:3823} INFO - Setting next_dagrun for example_branch_dop_operator_v3 to 2025-07-09 22:54:00+00:00, run_after=2025-07-09 22:55:00+00:00
[2025-07-09T22:55:44.621+0000] {processor.py:183} INFO - Processing /home/airflow/.local/lib/python3.8/site-packages/airflow/example_dags/example_branch_python_dop_operator_3.py took 0.138 seconds
[2025-07-09T22:56:14.892+0000] {processor.py:161} INFO - Started process (PID=1650) to work on /home/airflow/.local/lib/python3.8/site-packages/airflow/example_dags/example_branch_python_dop_operator_3.py
[2025-07-09T22:56:14.894+0000] {processor.py:830} INFO - Processing file /home/airflow/.local/lib/python3.8/site-packages/airflow/example_dags/example_branch_python_dop_operator_3.py for tasks to queue
[2025-07-09T22:56:14.899+0000] {logging_mixin.py:188} INFO - [2025-07-09T22:56:14.898+0000] {dagbag.py:538} INFO - Filling up the DagBag from /home/airflow/.local/lib/python3.8/site-packages/airflow/example_dags/example_branch_python_dop_operator_3.py
[2025-07-09T22:56:14.912+0000] {processor.py:840} INFO - DAG(s) 'example_branch_dop_operator_v3' retrieved from /home/airflow/.local/lib/python3.8/site-packages/airflow/example_dags/example_branch_python_dop_operator_3.py
[2025-07-09T22:56:14.941+0000] {logging_mixin.py:188} INFO - [2025-07-09T22:56:14.941+0000] {dag.py:3036} INFO - Sync 1 DAGs
[2025-07-09T22:56:14.977+0000] {logging_mixin.py:188} INFO - [2025-07-09T22:56:14.977+0000] {dag.py:3823} INFO - Setting next_dagrun for example_branch_dop_operator_v3 to 2025-07-09 22:55:00+00:00, run_after=2025-07-09 22:56:00+00:00
[2025-07-09T22:56:15.005+0000] {processor.py:183} INFO - Processing /home/airflow/.local/lib/python3.8/site-packages/airflow/example_dags/example_branch_python_dop_operator_3.py took 0.119 seconds
[2025-07-09T23:01:58.987+0000] {processor.py:161} INFO - Started process (PID=102) to work on /home/airflow/.local/lib/python3.8/site-packages/airflow/example_dags/example_branch_python_dop_operator_3.py
[2025-07-09T23:01:58.989+0000] {processor.py:830} INFO - Processing file /home/airflow/.local/lib/python3.8/site-packages/airflow/example_dags/example_branch_python_dop_operator_3.py for tasks to queue
[2025-07-09T23:01:58.993+0000] {logging_mixin.py:188} INFO - [2025-07-09T23:01:58.992+0000] {dagbag.py:538} INFO - Filling up the DagBag from /home/airflow/.local/lib/python3.8/site-packages/airflow/example_dags/example_branch_python_dop_operator_3.py
[2025-07-09T23:01:59.013+0000] {processor.py:840} INFO - DAG(s) 'example_branch_dop_operator_v3' retrieved from /home/airflow/.local/lib/python3.8/site-packages/airflow/example_dags/example_branch_python_dop_operator_3.py
[2025-07-09T23:01:59.190+0000] {logging_mixin.py:188} INFO - [2025-07-09T23:01:59.190+0000] {override.py:1769} INFO - Created Permission View: can edit on DAG:example_branch_dop_operator_v3
[2025-07-09T23:01:59.211+0000] {logging_mixin.py:188} INFO - [2025-07-09T23:01:59.211+0000] {override.py:1769} INFO - Created Permission View: can delete on DAG:example_branch_dop_operator_v3
[2025-07-09T23:01:59.228+0000] {logging_mixin.py:188} INFO - [2025-07-09T23:01:59.227+0000] {override.py:1769} INFO - Created Permission View: can read on DAG:example_branch_dop_operator_v3
[2025-07-09T23:01:59.229+0000] {logging_mixin.py:188} INFO - [2025-07-09T23:01:59.229+0000] {dag.py:3036} INFO - Sync 1 DAGs
[2025-07-09T23:01:59.253+0000] {logging_mixin.py:188} INFO - [2025-07-09T23:01:59.253+0000] {dag.py:3058} INFO - Creating ORM DAG for example_branch_dop_operator_v3
[2025-07-09T23:01:59.276+0000] {logging_mixin.py:188} INFO - [2025-07-09T23:01:59.275+0000] {dag.py:3823} INFO - Setting next_dagrun for example_branch_dop_operator_v3 to 2025-07-09 23:00:00+00:00, run_after=2025-07-09 23:01:00+00:00
[2025-07-09T23:01:59.328+0000] {processor.py:183} INFO - Processing /home/airflow/.local/lib/python3.8/site-packages/airflow/example_dags/example_branch_python_dop_operator_3.py took 0.347 seconds
[2025-07-09T23:02:29.964+0000] {processor.py:161} INFO - Started process (PID=158) to work on /home/airflow/.local/lib/python3.8/site-packages/airflow/example_dags/example_branch_python_dop_operator_3.py
[2025-07-09T23:02:29.966+0000] {processor.py:830} INFO - Processing file /home/airflow/.local/lib/python3.8/site-packages/airflow/example_dags/example_branch_python_dop_operator_3.py for tasks to queue
[2025-07-09T23:02:29.969+0000] {logging_mixin.py:188} INFO - [2025-07-09T23:02:29.969+0000] {dagbag.py:538} INFO - Filling up the DagBag from /home/airflow/.local/lib/python3.8/site-packages/airflow/example_dags/example_branch_python_dop_operator_3.py
[2025-07-09T23:02:29.982+0000] {processor.py:840} INFO - DAG(s) 'example_branch_dop_operator_v3' retrieved from /home/airflow/.local/lib/python3.8/site-packages/airflow/example_dags/example_branch_python_dop_operator_3.py
[2025-07-09T23:02:30.012+0000] {logging_mixin.py:188} INFO - [2025-07-09T23:02:30.012+0000] {dag.py:3036} INFO - Sync 1 DAGs
[2025-07-09T23:02:30.045+0000] {logging_mixin.py:188} INFO - [2025-07-09T23:02:30.044+0000] {dag.py:3823} INFO - Setting next_dagrun for example_branch_dop_operator_v3 to 2025-07-09 23:01:00+00:00, run_after=2025-07-09 23:02:00+00:00
[2025-07-09T23:02:30.076+0000] {processor.py:183} INFO - Processing /home/airflow/.local/lib/python3.8/site-packages/airflow/example_dags/example_branch_python_dop_operator_3.py took 0.119 seconds
[2025-07-09T23:03:01.066+0000] {processor.py:161} INFO - Started process (PID=223) to work on /home/airflow/.local/lib/python3.8/site-packages/airflow/example_dags/example_branch_python_dop_operator_3.py
[2025-07-09T23:03:01.069+0000] {processor.py:830} INFO - Processing file /home/airflow/.local/lib/python3.8/site-packages/airflow/example_dags/example_branch_python_dop_operator_3.py for tasks to queue
[2025-07-09T23:03:01.073+0000] {logging_mixin.py:188} INFO - [2025-07-09T23:03:01.072+0000] {dagbag.py:538} INFO - Filling up the DagBag from /home/airflow/.local/lib/python3.8/site-packages/airflow/example_dags/example_branch_python_dop_operator_3.py
[2025-07-09T23:03:01.089+0000] {processor.py:840} INFO - DAG(s) 'example_branch_dop_operator_v3' retrieved from /home/airflow/.local/lib/python3.8/site-packages/airflow/example_dags/example_branch_python_dop_operator_3.py
[2025-07-09T23:03:01.127+0000] {logging_mixin.py:188} INFO - [2025-07-09T23:03:01.127+0000] {dag.py:3036} INFO - Sync 1 DAGs
[2025-07-09T23:03:01.175+0000] {logging_mixin.py:188} INFO - [2025-07-09T23:03:01.175+0000] {dag.py:3823} INFO - Setting next_dagrun for example_branch_dop_operator_v3 to 2025-07-09 23:02:00+00:00, run_after=2025-07-09 23:03:00+00:00
[2025-07-09T23:03:01.218+0000] {processor.py:183} INFO - Processing /home/airflow/.local/lib/python3.8/site-packages/airflow/example_dags/example_branch_python_dop_operator_3.py took 0.157 seconds
[2025-07-09T23:03:31.913+0000] {processor.py:161} INFO - Started process (PID=280) to work on /home/airflow/.local/lib/python3.8/site-packages/airflow/example_dags/example_branch_python_dop_operator_3.py
[2025-07-09T23:03:31.915+0000] {processor.py:830} INFO - Processing file /home/airflow/.local/lib/python3.8/site-packages/airflow/example_dags/example_branch_python_dop_operator_3.py for tasks to queue
[2025-07-09T23:03:31.918+0000] {logging_mixin.py:188} INFO - [2025-07-09T23:03:31.918+0000] {dagbag.py:538} INFO - Filling up the DagBag from /home/airflow/.local/lib/python3.8/site-packages/airflow/example_dags/example_branch_python_dop_operator_3.py
[2025-07-09T23:03:31.931+0000] {processor.py:840} INFO - DAG(s) 'example_branch_dop_operator_v3' retrieved from /home/airflow/.local/lib/python3.8/site-packages/airflow/example_dags/example_branch_python_dop_operator_3.py
[2025-07-09T23:03:31.962+0000] {logging_mixin.py:188} INFO - [2025-07-09T23:03:31.962+0000] {dag.py:3036} INFO - Sync 1 DAGs
[2025-07-09T23:03:32.001+0000] {logging_mixin.py:188} INFO - [2025-07-09T23:03:32.000+0000] {dag.py:3823} INFO - Setting next_dagrun for example_branch_dop_operator_v3 to 2025-07-09 23:02:00+00:00, run_after=2025-07-09 23:03:00+00:00
[2025-07-09T23:03:32.038+0000] {processor.py:183} INFO - Processing /home/airflow/.local/lib/python3.8/site-packages/airflow/example_dags/example_branch_python_dop_operator_3.py took 0.131 seconds
[2025-07-09T23:04:02.162+0000] {processor.py:161} INFO - Started process (PID=335) to work on /home/airflow/.local/lib/python3.8/site-packages/airflow/example_dags/example_branch_python_dop_operator_3.py
[2025-07-09T23:04:02.164+0000] {processor.py:830} INFO - Processing file /home/airflow/.local/lib/python3.8/site-packages/airflow/example_dags/example_branch_python_dop_operator_3.py for tasks to queue
[2025-07-09T23:04:02.167+0000] {logging_mixin.py:188} INFO - [2025-07-09T23:04:02.166+0000] {dagbag.py:538} INFO - Filling up the DagBag from /home/airflow/.local/lib/python3.8/site-packages/airflow/example_dags/example_branch_python_dop_operator_3.py
[2025-07-09T23:04:02.180+0000] {processor.py:840} INFO - DAG(s) 'example_branch_dop_operator_v3' retrieved from /home/airflow/.local/lib/python3.8/site-packages/airflow/example_dags/example_branch_python_dop_operator_3.py
[2025-07-09T23:04:02.209+0000] {logging_mixin.py:188} INFO - [2025-07-09T23:04:02.208+0000] {dag.py:3036} INFO - Sync 1 DAGs
[2025-07-09T23:04:02.251+0000] {logging_mixin.py:188} INFO - [2025-07-09T23:04:02.251+0000] {dag.py:3823} INFO - Setting next_dagrun for example_branch_dop_operator_v3 to 2025-07-09 23:03:00+00:00, run_after=2025-07-09 23:04:00+00:00
[2025-07-09T23:04:02.288+0000] {processor.py:183} INFO - Processing /home/airflow/.local/lib/python3.8/site-packages/airflow/example_dags/example_branch_python_dop_operator_3.py took 0.133 seconds
[2025-07-09T23:04:32.711+0000] {processor.py:161} INFO - Started process (PID=396) to work on /home/airflow/.local/lib/python3.8/site-packages/airflow/example_dags/example_branch_python_dop_operator_3.py
[2025-07-09T23:04:32.714+0000] {processor.py:830} INFO - Processing file /home/airflow/.local/lib/python3.8/site-packages/airflow/example_dags/example_branch_python_dop_operator_3.py for tasks to queue
[2025-07-09T23:04:32.718+0000] {logging_mixin.py:188} INFO - [2025-07-09T23:04:32.718+0000] {dagbag.py:538} INFO - Filling up the DagBag from /home/airflow/.local/lib/python3.8/site-packages/airflow/example_dags/example_branch_python_dop_operator_3.py
[2025-07-09T23:04:32.734+0000] {processor.py:840} INFO - DAG(s) 'example_branch_dop_operator_v3' retrieved from /home/airflow/.local/lib/python3.8/site-packages/airflow/example_dags/example_branch_python_dop_operator_3.py
[2025-07-09T23:04:32.767+0000] {logging_mixin.py:188} INFO - [2025-07-09T23:04:32.766+0000] {dag.py:3036} INFO - Sync 1 DAGs
[2025-07-09T23:04:32.795+0000] {logging_mixin.py:188} INFO - [2025-07-09T23:04:32.795+0000] {dag.py:3823} INFO - Setting next_dagrun for example_branch_dop_operator_v3 to 2025-07-09 23:03:00+00:00, run_after=2025-07-09 23:04:00+00:00
[2025-07-09T23:04:32.824+0000] {processor.py:183} INFO - Processing /home/airflow/.local/lib/python3.8/site-packages/airflow/example_dags/example_branch_python_dop_operator_3.py took 0.120 seconds
[2025-07-09T23:05:03.744+0000] {processor.py:161} INFO - Started process (PID=453) to work on /home/airflow/.local/lib/python3.8/site-packages/airflow/example_dags/example_branch_python_dop_operator_3.py
[2025-07-09T23:05:03.749+0000] {processor.py:830} INFO - Processing file /home/airflow/.local/lib/python3.8/site-packages/airflow/example_dags/example_branch_python_dop_operator_3.py for tasks to queue
[2025-07-09T23:05:03.753+0000] {logging_mixin.py:188} INFO - [2025-07-09T23:05:03.752+0000] {dagbag.py:538} INFO - Filling up the DagBag from /home/airflow/.local/lib/python3.8/site-packages/airflow/example_dags/example_branch_python_dop_operator_3.py
[2025-07-09T23:05:03.768+0000] {processor.py:840} INFO - DAG(s) 'example_branch_dop_operator_v3' retrieved from /home/airflow/.local/lib/python3.8/site-packages/airflow/example_dags/example_branch_python_dop_operator_3.py
[2025-07-09T23:05:03.806+0000] {logging_mixin.py:188} INFO - [2025-07-09T23:05:03.806+0000] {dag.py:3036} INFO - Sync 1 DAGs
[2025-07-09T23:05:03.843+0000] {logging_mixin.py:188} INFO - [2025-07-09T23:05:03.843+0000] {dag.py:3823} INFO - Setting next_dagrun for example_branch_dop_operator_v3 to 2025-07-09 23:04:00+00:00, run_after=2025-07-09 23:05:00+00:00
[2025-07-09T23:05:03.879+0000] {processor.py:183} INFO - Processing /home/airflow/.local/lib/python3.8/site-packages/airflow/example_dags/example_branch_python_dop_operator_3.py took 0.146 seconds
[2025-07-09T23:05:34.171+0000] {processor.py:161} INFO - Started process (PID=511) to work on /home/airflow/.local/lib/python3.8/site-packages/airflow/example_dags/example_branch_python_dop_operator_3.py
[2025-07-09T23:05:34.173+0000] {processor.py:830} INFO - Processing file /home/airflow/.local/lib/python3.8/site-packages/airflow/example_dags/example_branch_python_dop_operator_3.py for tasks to queue
[2025-07-09T23:05:34.178+0000] {logging_mixin.py:188} INFO - [2025-07-09T23:05:34.177+0000] {dagbag.py:538} INFO - Filling up the DagBag from /home/airflow/.local/lib/python3.8/site-packages/airflow/example_dags/example_branch_python_dop_operator_3.py
[2025-07-09T23:05:34.193+0000] {processor.py:840} INFO - DAG(s) 'example_branch_dop_operator_v3' retrieved from /home/airflow/.local/lib/python3.8/site-packages/airflow/example_dags/example_branch_python_dop_operator_3.py
[2025-07-09T23:05:34.221+0000] {logging_mixin.py:188} INFO - [2025-07-09T23:05:34.221+0000] {dag.py:3036} INFO - Sync 1 DAGs
[2025-07-09T23:05:34.256+0000] {logging_mixin.py:188} INFO - [2025-07-09T23:05:34.256+0000] {dag.py:3823} INFO - Setting next_dagrun for example_branch_dop_operator_v3 to 2025-07-09 23:04:00+00:00, run_after=2025-07-09 23:05:00+00:00
[2025-07-09T23:05:34.293+0000] {processor.py:183} INFO - Processing /home/airflow/.local/lib/python3.8/site-packages/airflow/example_dags/example_branch_python_dop_operator_3.py took 0.128 seconds
[2025-07-09T23:06:04.565+0000] {processor.py:161} INFO - Started process (PID=568) to work on /home/airflow/.local/lib/python3.8/site-packages/airflow/example_dags/example_branch_python_dop_operator_3.py
[2025-07-09T23:06:04.567+0000] {processor.py:830} INFO - Processing file /home/airflow/.local/lib/python3.8/site-packages/airflow/example_dags/example_branch_python_dop_operator_3.py for tasks to queue
[2025-07-09T23:06:04.572+0000] {logging_mixin.py:188} INFO - [2025-07-09T23:06:04.571+0000] {dagbag.py:538} INFO - Filling up the DagBag from /home/airflow/.local/lib/python3.8/site-packages/airflow/example_dags/example_branch_python_dop_operator_3.py
[2025-07-09T23:06:04.590+0000] {processor.py:840} INFO - DAG(s) 'example_branch_dop_operator_v3' retrieved from /home/airflow/.local/lib/python3.8/site-packages/airflow/example_dags/example_branch_python_dop_operator_3.py
[2025-07-09T23:06:04.626+0000] {logging_mixin.py:188} INFO - [2025-07-09T23:06:04.625+0000] {dag.py:3036} INFO - Sync 1 DAGs
[2025-07-09T23:06:04.694+0000] {logging_mixin.py:188} INFO - [2025-07-09T23:06:04.694+0000] {dag.py:3823} INFO - Setting next_dagrun for example_branch_dop_operator_v3 to 2025-07-09 23:05:00+00:00, run_after=2025-07-09 23:06:00+00:00
[2025-07-09T23:06:04.724+0000] {processor.py:183} INFO - Processing /home/airflow/.local/lib/python3.8/site-packages/airflow/example_dags/example_branch_python_dop_operator_3.py took 0.166 seconds
[2025-07-09T23:06:35.443+0000] {processor.py:161} INFO - Started process (PID=625) to work on /home/airflow/.local/lib/python3.8/site-packages/airflow/example_dags/example_branch_python_dop_operator_3.py
[2025-07-09T23:06:35.445+0000] {processor.py:830} INFO - Processing file /home/airflow/.local/lib/python3.8/site-packages/airflow/example_dags/example_branch_python_dop_operator_3.py for tasks to queue
[2025-07-09T23:06:35.448+0000] {logging_mixin.py:188} INFO - [2025-07-09T23:06:35.448+0000] {dagbag.py:538} INFO - Filling up the DagBag from /home/airflow/.local/lib/python3.8/site-packages/airflow/example_dags/example_branch_python_dop_operator_3.py
[2025-07-09T23:06:35.462+0000] {processor.py:840} INFO - DAG(s) 'example_branch_dop_operator_v3' retrieved from /home/airflow/.local/lib/python3.8/site-packages/airflow/example_dags/example_branch_python_dop_operator_3.py
[2025-07-09T23:06:35.493+0000] {logging_mixin.py:188} INFO - [2025-07-09T23:06:35.493+0000] {dag.py:3036} INFO - Sync 1 DAGs
[2025-07-09T23:06:35.524+0000] {logging_mixin.py:188} INFO - [2025-07-09T23:06:35.524+0000] {dag.py:3823} INFO - Setting next_dagrun for example_branch_dop_operator_v3 to 2025-07-09 23:05:00+00:00, run_after=2025-07-09 23:06:00+00:00
[2025-07-09T23:06:35.554+0000] {processor.py:183} INFO - Processing /home/airflow/.local/lib/python3.8/site-packages/airflow/example_dags/example_branch_python_dop_operator_3.py took 0.116 seconds
[2025-07-09T23:07:06.005+0000] {processor.py:161} INFO - Started process (PID=681) to work on /home/airflow/.local/lib/python3.8/site-packages/airflow/example_dags/example_branch_python_dop_operator_3.py
[2025-07-09T23:07:06.007+0000] {processor.py:830} INFO - Processing file /home/airflow/.local/lib/python3.8/site-packages/airflow/example_dags/example_branch_python_dop_operator_3.py for tasks to queue
[2025-07-09T23:07:06.010+0000] {logging_mixin.py:188} INFO - [2025-07-09T23:07:06.010+0000] {dagbag.py:538} INFO - Filling up the DagBag from /home/airflow/.local/lib/python3.8/site-packages/airflow/example_dags/example_branch_python_dop_operator_3.py
[2025-07-09T23:07:06.024+0000] {processor.py:840} INFO - DAG(s) 'example_branch_dop_operator_v3' retrieved from /home/airflow/.local/lib/python3.8/site-packages/airflow/example_dags/example_branch_python_dop_operator_3.py
[2025-07-09T23:07:06.057+0000] {logging_mixin.py:188} INFO - [2025-07-09T23:07:06.057+0000] {dag.py:3036} INFO - Sync 1 DAGs
[2025-07-09T23:07:06.097+0000] {logging_mixin.py:188} INFO - [2025-07-09T23:07:06.096+0000] {dag.py:3823} INFO - Setting next_dagrun for example_branch_dop_operator_v3 to 2025-07-09 23:06:00+00:00, run_after=2025-07-09 23:07:00+00:00
[2025-07-09T23:07:06.145+0000] {processor.py:183} INFO - Processing /home/airflow/.local/lib/python3.8/site-packages/airflow/example_dags/example_branch_python_dop_operator_3.py took 0.147 seconds
[2025-07-09T23:07:36.328+0000] {processor.py:161} INFO - Started process (PID=737) to work on /home/airflow/.local/lib/python3.8/site-packages/airflow/example_dags/example_branch_python_dop_operator_3.py
[2025-07-09T23:07:36.331+0000] {processor.py:830} INFO - Processing file /home/airflow/.local/lib/python3.8/site-packages/airflow/example_dags/example_branch_python_dop_operator_3.py for tasks to queue
[2025-07-09T23:07:36.335+0000] {logging_mixin.py:188} INFO - [2025-07-09T23:07:36.334+0000] {dagbag.py:538} INFO - Filling up the DagBag from /home/airflow/.local/lib/python3.8/site-packages/airflow/example_dags/example_branch_python_dop_operator_3.py
[2025-07-09T23:07:36.346+0000] {processor.py:840} INFO - DAG(s) 'example_branch_dop_operator_v3' retrieved from /home/airflow/.local/lib/python3.8/site-packages/airflow/example_dags/example_branch_python_dop_operator_3.py
[2025-07-09T23:07:36.377+0000] {logging_mixin.py:188} INFO - [2025-07-09T23:07:36.377+0000] {dag.py:3036} INFO - Sync 1 DAGs
[2025-07-09T23:07:36.412+0000] {logging_mixin.py:188} INFO - [2025-07-09T23:07:36.412+0000] {dag.py:3823} INFO - Setting next_dagrun for example_branch_dop_operator_v3 to 2025-07-09 23:06:00+00:00, run_after=2025-07-09 23:07:00+00:00
[2025-07-09T23:07:36.444+0000] {processor.py:183} INFO - Processing /home/airflow/.local/lib/python3.8/site-packages/airflow/example_dags/example_branch_python_dop_operator_3.py took 0.121 seconds
[2025-07-09T23:08:07.074+0000] {processor.py:161} INFO - Started process (PID=794) to work on /home/airflow/.local/lib/python3.8/site-packages/airflow/example_dags/example_branch_python_dop_operator_3.py
[2025-07-09T23:08:07.076+0000] {processor.py:830} INFO - Processing file /home/airflow/.local/lib/python3.8/site-packages/airflow/example_dags/example_branch_python_dop_operator_3.py for tasks to queue
[2025-07-09T23:08:07.079+0000] {logging_mixin.py:188} INFO - [2025-07-09T23:08:07.078+0000] {dagbag.py:538} INFO - Filling up the DagBag from /home/airflow/.local/lib/python3.8/site-packages/airflow/example_dags/example_branch_python_dop_operator_3.py
[2025-07-09T23:08:07.090+0000] {processor.py:840} INFO - DAG(s) 'example_branch_dop_operator_v3' retrieved from /home/airflow/.local/lib/python3.8/site-packages/airflow/example_dags/example_branch_python_dop_operator_3.py
[2025-07-09T23:08:07.119+0000] {logging_mixin.py:188} INFO - [2025-07-09T23:08:07.119+0000] {dag.py:3036} INFO - Sync 1 DAGs
[2025-07-09T23:08:07.157+0000] {logging_mixin.py:188} INFO - [2025-07-09T23:08:07.157+0000] {dag.py:3823} INFO - Setting next_dagrun for example_branch_dop_operator_v3 to 2025-07-09 23:07:00+00:00, run_after=2025-07-09 23:08:00+00:00
[2025-07-09T23:08:07.189+0000] {processor.py:183} INFO - Processing /home/airflow/.local/lib/python3.8/site-packages/airflow/example_dags/example_branch_python_dop_operator_3.py took 0.120 seconds
[2025-07-09T23:08:37.686+0000] {processor.py:161} INFO - Started process (PID=851) to work on /home/airflow/.local/lib/python3.8/site-packages/airflow/example_dags/example_branch_python_dop_operator_3.py
[2025-07-09T23:08:37.688+0000] {processor.py:830} INFO - Processing file /home/airflow/.local/lib/python3.8/site-packages/airflow/example_dags/example_branch_python_dop_operator_3.py for tasks to queue
[2025-07-09T23:08:37.691+0000] {logging_mixin.py:188} INFO - [2025-07-09T23:08:37.690+0000] {dagbag.py:538} INFO - Filling up the DagBag from /home/airflow/.local/lib/python3.8/site-packages/airflow/example_dags/example_branch_python_dop_operator_3.py
[2025-07-09T23:08:37.703+0000] {processor.py:840} INFO - DAG(s) 'example_branch_dop_operator_v3' retrieved from /home/airflow/.local/lib/python3.8/site-packages/airflow/example_dags/example_branch_python_dop_operator_3.py
[2025-07-09T23:08:37.732+0000] {logging_mixin.py:188} INFO - [2025-07-09T23:08:37.732+0000] {dag.py:3036} INFO - Sync 1 DAGs
[2025-07-09T23:08:37.769+0000] {logging_mixin.py:188} INFO - [2025-07-09T23:08:37.768+0000] {dag.py:3823} INFO - Setting next_dagrun for example_branch_dop_operator_v3 to 2025-07-09 23:07:00+00:00, run_after=2025-07-09 23:08:00+00:00
[2025-07-09T23:08:37.802+0000] {processor.py:183} INFO - Processing /home/airflow/.local/lib/python3.8/site-packages/airflow/example_dags/example_branch_python_dop_operator_3.py took 0.121 seconds
[2025-07-09T23:49:55.004+0000] {processor.py:161} INFO - Started process (PID=96) to work on /home/airflow/.local/lib/python3.8/site-packages/airflow/example_dags/example_branch_python_dop_operator_3.py
[2025-07-09T23:49:55.006+0000] {processor.py:830} INFO - Processing file /home/airflow/.local/lib/python3.8/site-packages/airflow/example_dags/example_branch_python_dop_operator_3.py for tasks to queue
[2025-07-09T23:49:55.011+0000] {logging_mixin.py:188} INFO - [2025-07-09T23:49:55.010+0000] {dagbag.py:538} INFO - Filling up the DagBag from /home/airflow/.local/lib/python3.8/site-packages/airflow/example_dags/example_branch_python_dop_operator_3.py
[2025-07-09T23:49:55.035+0000] {processor.py:840} INFO - DAG(s) 'example_branch_dop_operator_v3' retrieved from /home/airflow/.local/lib/python3.8/site-packages/airflow/example_dags/example_branch_python_dop_operator_3.py
[2025-07-09T23:49:55.253+0000] {logging_mixin.py:188} INFO - [2025-07-09T23:49:55.251+0000] {override.py:1769} INFO - Created Permission View: can delete on DAG:example_branch_dop_operator_v3
[2025-07-09T23:49:55.282+0000] {logging_mixin.py:188} INFO - [2025-07-09T23:49:55.281+0000] {override.py:1769} INFO - Created Permission View: can read on DAG:example_branch_dop_operator_v3
[2025-07-09T23:49:55.304+0000] {logging_mixin.py:188} INFO - [2025-07-09T23:49:55.303+0000] {override.py:1769} INFO - Created Permission View: can edit on DAG:example_branch_dop_operator_v3
[2025-07-09T23:49:55.306+0000] {logging_mixin.py:188} INFO - [2025-07-09T23:49:55.305+0000] {dag.py:3036} INFO - Sync 1 DAGs
[2025-07-09T23:49:55.333+0000] {logging_mixin.py:188} INFO - [2025-07-09T23:49:55.333+0000] {dag.py:3058} INFO - Creating ORM DAG for example_branch_dop_operator_v3
[2025-07-09T23:49:55.362+0000] {logging_mixin.py:188} INFO - [2025-07-09T23:49:55.362+0000] {dag.py:3823} INFO - Setting next_dagrun for example_branch_dop_operator_v3 to 2025-07-09 23:48:00+00:00, run_after=2025-07-09 23:49:00+00:00
[2025-07-09T23:49:55.414+0000] {processor.py:183} INFO - Processing /home/airflow/.local/lib/python3.8/site-packages/airflow/example_dags/example_branch_python_dop_operator_3.py took 0.417 seconds
[2025-07-09T23:50:26.360+0000] {processor.py:161} INFO - Started process (PID=153) to work on /home/airflow/.local/lib/python3.8/site-packages/airflow/example_dags/example_branch_python_dop_operator_3.py
[2025-07-09T23:50:26.361+0000] {processor.py:830} INFO - Processing file /home/airflow/.local/lib/python3.8/site-packages/airflow/example_dags/example_branch_python_dop_operator_3.py for tasks to queue
[2025-07-09T23:50:26.365+0000] {logging_mixin.py:188} INFO - [2025-07-09T23:50:26.364+0000] {dagbag.py:538} INFO - Filling up the DagBag from /home/airflow/.local/lib/python3.8/site-packages/airflow/example_dags/example_branch_python_dop_operator_3.py
[2025-07-09T23:50:26.379+0000] {processor.py:840} INFO - DAG(s) 'example_branch_dop_operator_v3' retrieved from /home/airflow/.local/lib/python3.8/site-packages/airflow/example_dags/example_branch_python_dop_operator_3.py
[2025-07-09T23:50:26.411+0000] {logging_mixin.py:188} INFO - [2025-07-09T23:50:26.411+0000] {dag.py:3036} INFO - Sync 1 DAGs
[2025-07-09T23:50:26.445+0000] {logging_mixin.py:188} INFO - [2025-07-09T23:50:26.444+0000] {dag.py:3823} INFO - Setting next_dagrun for example_branch_dop_operator_v3 to 2025-07-09 23:49:00+00:00, run_after=2025-07-09 23:50:00+00:00
[2025-07-09T23:50:26.481+0000] {processor.py:183} INFO - Processing /home/airflow/.local/lib/python3.8/site-packages/airflow/example_dags/example_branch_python_dop_operator_3.py took 0.125 seconds
[2025-07-09T23:54:32.742+0000] {processor.py:161} INFO - Started process (PID=103) to work on /home/airflow/.local/lib/python3.8/site-packages/airflow/example_dags/example_branch_python_dop_operator_3.py
[2025-07-09T23:54:32.745+0000] {processor.py:830} INFO - Processing file /home/airflow/.local/lib/python3.8/site-packages/airflow/example_dags/example_branch_python_dop_operator_3.py for tasks to queue
[2025-07-09T23:54:32.750+0000] {logging_mixin.py:188} INFO - [2025-07-09T23:54:32.749+0000] {dagbag.py:538} INFO - Filling up the DagBag from /home/airflow/.local/lib/python3.8/site-packages/airflow/example_dags/example_branch_python_dop_operator_3.py
[2025-07-09T23:54:32.766+0000] {processor.py:840} INFO - DAG(s) 'example_branch_dop_operator_v3' retrieved from /home/airflow/.local/lib/python3.8/site-packages/airflow/example_dags/example_branch_python_dop_operator_3.py
[2025-07-09T23:54:32.961+0000] {logging_mixin.py:188} INFO - [2025-07-09T23:54:32.960+0000] {override.py:1769} INFO - Created Permission View: can edit on DAG:example_branch_dop_operator_v3
[2025-07-09T23:54:32.979+0000] {logging_mixin.py:188} INFO - [2025-07-09T23:54:32.978+0000] {override.py:1769} INFO - Created Permission View: can read on DAG:example_branch_dop_operator_v3
[2025-07-09T23:54:32.991+0000] {logging_mixin.py:188} INFO - [2025-07-09T23:54:32.990+0000] {override.py:1769} INFO - Created Permission View: can delete on DAG:example_branch_dop_operator_v3
[2025-07-09T23:54:32.992+0000] {logging_mixin.py:188} INFO - [2025-07-09T23:54:32.992+0000] {dag.py:3036} INFO - Sync 1 DAGs
[2025-07-09T23:54:33.006+0000] {logging_mixin.py:188} INFO - [2025-07-09T23:54:33.006+0000] {dag.py:3058} INFO - Creating ORM DAG for example_branch_dop_operator_v3
[2025-07-09T23:54:33.026+0000] {logging_mixin.py:188} INFO - [2025-07-09T23:54:33.025+0000] {dag.py:3823} INFO - Setting next_dagrun for example_branch_dop_operator_v3 to 2025-07-09 23:53:00+00:00, run_after=2025-07-09 23:54:00+00:00
[2025-07-09T23:54:33.052+0000] {processor.py:183} INFO - Processing /home/airflow/.local/lib/python3.8/site-packages/airflow/example_dags/example_branch_python_dop_operator_3.py took 0.314 seconds
[2025-07-09T23:55:03.874+0000] {processor.py:161} INFO - Started process (PID=160) to work on /home/airflow/.local/lib/python3.8/site-packages/airflow/example_dags/example_branch_python_dop_operator_3.py
[2025-07-09T23:55:03.876+0000] {processor.py:830} INFO - Processing file /home/airflow/.local/lib/python3.8/site-packages/airflow/example_dags/example_branch_python_dop_operator_3.py for tasks to queue
[2025-07-09T23:55:03.883+0000] {logging_mixin.py:188} INFO - [2025-07-09T23:55:03.882+0000] {dagbag.py:538} INFO - Filling up the DagBag from /home/airflow/.local/lib/python3.8/site-packages/airflow/example_dags/example_branch_python_dop_operator_3.py
[2025-07-09T23:55:03.900+0000] {processor.py:840} INFO - DAG(s) 'example_branch_dop_operator_v3' retrieved from /home/airflow/.local/lib/python3.8/site-packages/airflow/example_dags/example_branch_python_dop_operator_3.py
[2025-07-09T23:55:03.935+0000] {logging_mixin.py:188} INFO - [2025-07-09T23:55:03.935+0000] {dag.py:3036} INFO - Sync 1 DAGs
[2025-07-09T23:55:03.976+0000] {logging_mixin.py:188} INFO - [2025-07-09T23:55:03.975+0000] {dag.py:3823} INFO - Setting next_dagrun for example_branch_dop_operator_v3 to 2025-07-09 23:54:00+00:00, run_after=2025-07-09 23:55:00+00:00
[2025-07-09T23:55:04.014+0000] {processor.py:183} INFO - Processing /home/airflow/.local/lib/python3.8/site-packages/airflow/example_dags/example_branch_python_dop_operator_3.py took 0.146 seconds
[2025-07-09T23:55:34.945+0000] {processor.py:161} INFO - Started process (PID=221) to work on /home/airflow/.local/lib/python3.8/site-packages/airflow/example_dags/example_branch_python_dop_operator_3.py
[2025-07-09T23:55:34.947+0000] {processor.py:830} INFO - Processing file /home/airflow/.local/lib/python3.8/site-packages/airflow/example_dags/example_branch_python_dop_operator_3.py for tasks to queue
[2025-07-09T23:55:34.952+0000] {logging_mixin.py:188} INFO - [2025-07-09T23:55:34.951+0000] {dagbag.py:538} INFO - Filling up the DagBag from /home/airflow/.local/lib/python3.8/site-packages/airflow/example_dags/example_branch_python_dop_operator_3.py
[2025-07-09T23:55:34.968+0000] {processor.py:840} INFO - DAG(s) 'example_branch_dop_operator_v3' retrieved from /home/airflow/.local/lib/python3.8/site-packages/airflow/example_dags/example_branch_python_dop_operator_3.py
[2025-07-09T23:55:35.014+0000] {logging_mixin.py:188} INFO - [2025-07-09T23:55:35.013+0000] {dag.py:3036} INFO - Sync 1 DAGs
[2025-07-09T23:55:35.053+0000] {logging_mixin.py:188} INFO - [2025-07-09T23:55:35.052+0000] {dag.py:3823} INFO - Setting next_dagrun for example_branch_dop_operator_v3 to 2025-07-09 23:54:00+00:00, run_after=2025-07-09 23:55:00+00:00
[2025-07-09T23:55:35.089+0000] {processor.py:183} INFO - Processing /home/airflow/.local/lib/python3.8/site-packages/airflow/example_dags/example_branch_python_dop_operator_3.py took 0.151 seconds
[2025-07-09T23:56:06.060+0000] {processor.py:161} INFO - Started process (PID=281) to work on /home/airflow/.local/lib/python3.8/site-packages/airflow/example_dags/example_branch_python_dop_operator_3.py
[2025-07-09T23:56:06.062+0000] {processor.py:830} INFO - Processing file /home/airflow/.local/lib/python3.8/site-packages/airflow/example_dags/example_branch_python_dop_operator_3.py for tasks to queue
[2025-07-09T23:56:06.066+0000] {logging_mixin.py:188} INFO - [2025-07-09T23:56:06.065+0000] {dagbag.py:538} INFO - Filling up the DagBag from /home/airflow/.local/lib/python3.8/site-packages/airflow/example_dags/example_branch_python_dop_operator_3.py
[2025-07-09T23:56:06.084+0000] {processor.py:840} INFO - DAG(s) 'example_branch_dop_operator_v3' retrieved from /home/airflow/.local/lib/python3.8/site-packages/airflow/example_dags/example_branch_python_dop_operator_3.py
[2025-07-09T23:56:06.120+0000] {logging_mixin.py:188} INFO - [2025-07-09T23:56:06.119+0000] {dag.py:3036} INFO - Sync 1 DAGs
[2025-07-09T23:56:06.170+0000] {logging_mixin.py:188} INFO - [2025-07-09T23:56:06.168+0000] {dag.py:3823} INFO - Setting next_dagrun for example_branch_dop_operator_v3 to 2025-07-09 23:55:00+00:00, run_after=2025-07-09 23:56:00+00:00
[2025-07-09T23:56:06.203+0000] {processor.py:183} INFO - Processing /home/airflow/.local/lib/python3.8/site-packages/airflow/example_dags/example_branch_python_dop_operator_3.py took 0.149 seconds
[2025-07-09T23:56:36.642+0000] {processor.py:161} INFO - Started process (PID=337) to work on /home/airflow/.local/lib/python3.8/site-packages/airflow/example_dags/example_branch_python_dop_operator_3.py
[2025-07-09T23:56:36.643+0000] {processor.py:830} INFO - Processing file /home/airflow/.local/lib/python3.8/site-packages/airflow/example_dags/example_branch_python_dop_operator_3.py for tasks to queue
[2025-07-09T23:56:36.646+0000] {logging_mixin.py:188} INFO - [2025-07-09T23:56:36.645+0000] {dagbag.py:538} INFO - Filling up the DagBag from /home/airflow/.local/lib/python3.8/site-packages/airflow/example_dags/example_branch_python_dop_operator_3.py
[2025-07-09T23:56:36.658+0000] {processor.py:840} INFO - DAG(s) 'example_branch_dop_operator_v3' retrieved from /home/airflow/.local/lib/python3.8/site-packages/airflow/example_dags/example_branch_python_dop_operator_3.py
[2025-07-09T23:56:36.690+0000] {logging_mixin.py:188} INFO - [2025-07-09T23:56:36.690+0000] {dag.py:3036} INFO - Sync 1 DAGs
[2025-07-09T23:56:36.727+0000] {logging_mixin.py:188} INFO - [2025-07-09T23:56:36.726+0000] {dag.py:3823} INFO - Setting next_dagrun for example_branch_dop_operator_v3 to 2025-07-09 23:55:00+00:00, run_after=2025-07-09 23:56:00+00:00
[2025-07-09T23:56:36.762+0000] {processor.py:183} INFO - Processing /home/airflow/.local/lib/python3.8/site-packages/airflow/example_dags/example_branch_python_dop_operator_3.py took 0.124 seconds
[2025-07-09T23:57:07.047+0000] {processor.py:161} INFO - Started process (PID=397) to work on /home/airflow/.local/lib/python3.8/site-packages/airflow/example_dags/example_branch_python_dop_operator_3.py
[2025-07-09T23:57:07.049+0000] {processor.py:830} INFO - Processing file /home/airflow/.local/lib/python3.8/site-packages/airflow/example_dags/example_branch_python_dop_operator_3.py for tasks to queue
[2025-07-09T23:57:07.053+0000] {logging_mixin.py:188} INFO - [2025-07-09T23:57:07.053+0000] {dagbag.py:538} INFO - Filling up the DagBag from /home/airflow/.local/lib/python3.8/site-packages/airflow/example_dags/example_branch_python_dop_operator_3.py
[2025-07-09T23:57:07.065+0000] {processor.py:840} INFO - DAG(s) 'example_branch_dop_operator_v3' retrieved from /home/airflow/.local/lib/python3.8/site-packages/airflow/example_dags/example_branch_python_dop_operator_3.py
[2025-07-09T23:57:07.092+0000] {logging_mixin.py:188} INFO - [2025-07-09T23:57:07.092+0000] {dag.py:3036} INFO - Sync 1 DAGs
[2025-07-09T23:57:07.128+0000] {logging_mixin.py:188} INFO - [2025-07-09T23:57:07.127+0000] {dag.py:3823} INFO - Setting next_dagrun for example_branch_dop_operator_v3 to 2025-07-09 23:56:00+00:00, run_after=2025-07-09 23:57:00+00:00
[2025-07-09T23:57:07.177+0000] {processor.py:183} INFO - Processing /home/airflow/.local/lib/python3.8/site-packages/airflow/example_dags/example_branch_python_dop_operator_3.py took 0.137 seconds
[2025-07-09T23:57:37.408+0000] {processor.py:161} INFO - Started process (PID=454) to work on /home/airflow/.local/lib/python3.8/site-packages/airflow/example_dags/example_branch_python_dop_operator_3.py
[2025-07-09T23:57:37.409+0000] {processor.py:830} INFO - Processing file /home/airflow/.local/lib/python3.8/site-packages/airflow/example_dags/example_branch_python_dop_operator_3.py for tasks to queue
[2025-07-09T23:57:37.412+0000] {logging_mixin.py:188} INFO - [2025-07-09T23:57:37.411+0000] {dagbag.py:538} INFO - Filling up the DagBag from /home/airflow/.local/lib/python3.8/site-packages/airflow/example_dags/example_branch_python_dop_operator_3.py
[2025-07-09T23:57:37.424+0000] {processor.py:840} INFO - DAG(s) 'example_branch_dop_operator_v3' retrieved from /home/airflow/.local/lib/python3.8/site-packages/airflow/example_dags/example_branch_python_dop_operator_3.py
[2025-07-09T23:57:37.456+0000] {logging_mixin.py:188} INFO - [2025-07-09T23:57:37.456+0000] {dag.py:3036} INFO - Sync 1 DAGs
[2025-07-09T23:57:37.492+0000] {logging_mixin.py:188} INFO - [2025-07-09T23:57:37.491+0000] {dag.py:3823} INFO - Setting next_dagrun for example_branch_dop_operator_v3 to 2025-07-09 23:56:00+00:00, run_after=2025-07-09 23:57:00+00:00
[2025-07-09T23:57:37.528+0000] {processor.py:183} INFO - Processing /home/airflow/.local/lib/python3.8/site-packages/airflow/example_dags/example_branch_python_dop_operator_3.py took 0.125 seconds
[2025-07-09T23:58:07.625+0000] {processor.py:161} INFO - Started process (PID=510) to work on /home/airflow/.local/lib/python3.8/site-packages/airflow/example_dags/example_branch_python_dop_operator_3.py
[2025-07-09T23:58:07.627+0000] {processor.py:830} INFO - Processing file /home/airflow/.local/lib/python3.8/site-packages/airflow/example_dags/example_branch_python_dop_operator_3.py for tasks to queue
[2025-07-09T23:58:07.628+0000] {logging_mixin.py:188} INFO - [2025-07-09T23:58:07.628+0000] {dagbag.py:538} INFO - Filling up the DagBag from /home/airflow/.local/lib/python3.8/site-packages/airflow/example_dags/example_branch_python_dop_operator_3.py
[2025-07-09T23:58:07.641+0000] {processor.py:840} INFO - DAG(s) 'example_branch_dop_operator_v3' retrieved from /home/airflow/.local/lib/python3.8/site-packages/airflow/example_dags/example_branch_python_dop_operator_3.py
[2025-07-09T23:58:07.672+0000] {logging_mixin.py:188} INFO - [2025-07-09T23:58:07.672+0000] {dag.py:3036} INFO - Sync 1 DAGs
[2025-07-09T23:58:07.707+0000] {logging_mixin.py:188} INFO - [2025-07-09T23:58:07.707+0000] {dag.py:3823} INFO - Setting next_dagrun for example_branch_dop_operator_v3 to 2025-07-09 23:57:00+00:00, run_after=2025-07-09 23:58:00+00:00
[2025-07-09T23:58:07.755+0000] {processor.py:183} INFO - Processing /home/airflow/.local/lib/python3.8/site-packages/airflow/example_dags/example_branch_python_dop_operator_3.py took 0.135 seconds
[2025-07-09T23:58:37.891+0000] {processor.py:161} INFO - Started process (PID=566) to work on /home/airflow/.local/lib/python3.8/site-packages/airflow/example_dags/example_branch_python_dop_operator_3.py
[2025-07-09T23:58:37.892+0000] {processor.py:830} INFO - Processing file /home/airflow/.local/lib/python3.8/site-packages/airflow/example_dags/example_branch_python_dop_operator_3.py for tasks to queue
[2025-07-09T23:58:37.894+0000] {logging_mixin.py:188} INFO - [2025-07-09T23:58:37.894+0000] {dagbag.py:538} INFO - Filling up the DagBag from /home/airflow/.local/lib/python3.8/site-packages/airflow/example_dags/example_branch_python_dop_operator_3.py
[2025-07-09T23:58:37.908+0000] {processor.py:840} INFO - DAG(s) 'example_branch_dop_operator_v3' retrieved from /home/airflow/.local/lib/python3.8/site-packages/airflow/example_dags/example_branch_python_dop_operator_3.py
[2025-07-09T23:58:37.946+0000] {logging_mixin.py:188} INFO - [2025-07-09T23:58:37.945+0000] {dag.py:3036} INFO - Sync 1 DAGs
[2025-07-09T23:58:37.981+0000] {logging_mixin.py:188} INFO - [2025-07-09T23:58:37.981+0000] {dag.py:3823} INFO - Setting next_dagrun for example_branch_dop_operator_v3 to 2025-07-09 23:57:00+00:00, run_after=2025-07-09 23:58:00+00:00
[2025-07-09T23:58:38.018+0000] {processor.py:183} INFO - Processing /home/airflow/.local/lib/python3.8/site-packages/airflow/example_dags/example_branch_python_dop_operator_3.py took 0.134 seconds
[2025-07-09T23:59:08.882+0000] {processor.py:161} INFO - Started process (PID=622) to work on /home/airflow/.local/lib/python3.8/site-packages/airflow/example_dags/example_branch_python_dop_operator_3.py
[2025-07-09T23:59:08.884+0000] {processor.py:830} INFO - Processing file /home/airflow/.local/lib/python3.8/site-packages/airflow/example_dags/example_branch_python_dop_operator_3.py for tasks to queue
[2025-07-09T23:59:08.886+0000] {logging_mixin.py:188} INFO - [2025-07-09T23:59:08.885+0000] {dagbag.py:538} INFO - Filling up the DagBag from /home/airflow/.local/lib/python3.8/site-packages/airflow/example_dags/example_branch_python_dop_operator_3.py
[2025-07-09T23:59:08.899+0000] {processor.py:840} INFO - DAG(s) 'example_branch_dop_operator_v3' retrieved from /home/airflow/.local/lib/python3.8/site-packages/airflow/example_dags/example_branch_python_dop_operator_3.py
[2025-07-09T23:59:08.930+0000] {logging_mixin.py:188} INFO - [2025-07-09T23:59:08.929+0000] {dag.py:3036} INFO - Sync 1 DAGs
[2025-07-09T23:59:08.965+0000] {logging_mixin.py:188} INFO - [2025-07-09T23:59:08.964+0000] {dag.py:3823} INFO - Setting next_dagrun for example_branch_dop_operator_v3 to 2025-07-09 23:58:00+00:00, run_after=2025-07-09 23:59:00+00:00
[2025-07-09T23:59:08.997+0000] {processor.py:183} INFO - Processing /home/airflow/.local/lib/python3.8/site-packages/airflow/example_dags/example_branch_python_dop_operator_3.py took 0.124 seconds
[2025-07-09T23:59:39.690+0000] {processor.py:161} INFO - Started process (PID=678) to work on /home/airflow/.local/lib/python3.8/site-packages/airflow/example_dags/example_branch_python_dop_operator_3.py
[2025-07-09T23:59:39.693+0000] {processor.py:830} INFO - Processing file /home/airflow/.local/lib/python3.8/site-packages/airflow/example_dags/example_branch_python_dop_operator_3.py for tasks to queue
[2025-07-09T23:59:39.695+0000] {logging_mixin.py:188} INFO - [2025-07-09T23:59:39.695+0000] {dagbag.py:538} INFO - Filling up the DagBag from /home/airflow/.local/lib/python3.8/site-packages/airflow/example_dags/example_branch_python_dop_operator_3.py
[2025-07-09T23:59:39.710+0000] {processor.py:840} INFO - DAG(s) 'example_branch_dop_operator_v3' retrieved from /home/airflow/.local/lib/python3.8/site-packages/airflow/example_dags/example_branch_python_dop_operator_3.py
[2025-07-09T23:59:39.742+0000] {logging_mixin.py:188} INFO - [2025-07-09T23:59:39.742+0000] {dag.py:3036} INFO - Sync 1 DAGs
[2025-07-09T23:59:39.774+0000] {logging_mixin.py:188} INFO - [2025-07-09T23:59:39.773+0000] {dag.py:3823} INFO - Setting next_dagrun for example_branch_dop_operator_v3 to 2025-07-09 23:58:00+00:00, run_after=2025-07-09 23:59:00+00:00
[2025-07-09T23:59:39.814+0000] {processor.py:183} INFO - Processing /home/airflow/.local/lib/python3.8/site-packages/airflow/example_dags/example_branch_python_dop_operator_3.py took 0.130 seconds
