[2025-07-09T19:54:31.822+0000] {processor.py:161} INFO - Started process (PID=95) to work on /home/airflow/.local/lib/python3.8/site-packages/airflow/example_dags/example_sla_dag.py
[2025-07-09T19:54:31.826+0000] {processor.py:830} INFO - Processing file /home/airflow/.local/lib/python3.8/site-packages/airflow/example_dags/example_sla_dag.py for tasks to queue
[2025-07-09T19:54:31.832+0000] {logging_mixin.py:188} INFO - [2025-07-09T19:54:31.831+0000] {dagbag.py:538} INFO - Filling up the DagBag from /home/airflow/.local/lib/python3.8/site-packages/airflow/example_dags/example_sla_dag.py
[2025-07-09T19:54:31.860+0000] {processor.py:840} INFO - DAG(s) 'example_sla_dag' retrieved from /home/airflow/.local/lib/python3.8/site-packages/airflow/example_dags/example_sla_dag.py
[2025-07-09T19:54:32.145+0000] {logging_mixin.py:188} INFO - [2025-07-09T19:54:32.144+0000] {dag.py:3036} INFO - Sync 1 DAGs
[2025-07-09T19:54:32.193+0000] {logging_mixin.py:188} INFO - [2025-07-09T19:54:32.193+0000] {dag.py:3823} INFO - Setting next_dagrun for example_sla_dag to 2025-07-09 19:52:00+00:00, run_after=2025-07-09 19:54:00+00:00
[2025-07-09T19:54:32.256+0000] {processor.py:183} INFO - Processing /home/airflow/.local/lib/python3.8/site-packages/airflow/example_dags/example_sla_dag.py took 0.443 seconds
[2025-07-09T19:55:02.447+0000] {processor.py:161} INFO - Started process (PID=150) to work on /home/airflow/.local/lib/python3.8/site-packages/airflow/example_dags/example_sla_dag.py
[2025-07-09T19:55:02.450+0000] {processor.py:830} INFO - Processing file /home/airflow/.local/lib/python3.8/site-packages/airflow/example_dags/example_sla_dag.py for tasks to queue
[2025-07-09T19:55:02.454+0000] {logging_mixin.py:188} INFO - [2025-07-09T19:55:02.454+0000] {dagbag.py:538} INFO - Filling up the DagBag from /home/airflow/.local/lib/python3.8/site-packages/airflow/example_dags/example_sla_dag.py
[2025-07-09T19:55:02.468+0000] {processor.py:840} INFO - DAG(s) 'example_sla_dag' retrieved from /home/airflow/.local/lib/python3.8/site-packages/airflow/example_dags/example_sla_dag.py
[2025-07-09T19:55:02.504+0000] {logging_mixin.py:188} INFO - [2025-07-09T19:55:02.503+0000] {dag.py:3036} INFO - Sync 1 DAGs
[2025-07-09T19:55:02.541+0000] {logging_mixin.py:188} INFO - [2025-07-09T19:55:02.540+0000] {dag.py:3823} INFO - Setting next_dagrun for example_sla_dag to 2025-07-09 19:52:00+00:00, run_after=2025-07-09 19:54:00+00:00
[2025-07-09T19:55:02.573+0000] {processor.py:183} INFO - Processing /home/airflow/.local/lib/python3.8/site-packages/airflow/example_dags/example_sla_dag.py took 0.130 seconds
[2025-07-09T19:55:32.834+0000] {processor.py:161} INFO - Started process (PID=207) to work on /home/airflow/.local/lib/python3.8/site-packages/airflow/example_dags/example_sla_dag.py
[2025-07-09T19:55:32.835+0000] {processor.py:830} INFO - Processing file /home/airflow/.local/lib/python3.8/site-packages/airflow/example_dags/example_sla_dag.py for tasks to queue
[2025-07-09T19:55:32.838+0000] {logging_mixin.py:188} INFO - [2025-07-09T19:55:32.838+0000] {dagbag.py:538} INFO - Filling up the DagBag from /home/airflow/.local/lib/python3.8/site-packages/airflow/example_dags/example_sla_dag.py
[2025-07-09T19:55:32.849+0000] {processor.py:840} INFO - DAG(s) 'example_sla_dag' retrieved from /home/airflow/.local/lib/python3.8/site-packages/airflow/example_dags/example_sla_dag.py
[2025-07-09T19:55:32.877+0000] {logging_mixin.py:188} INFO - [2025-07-09T19:55:32.877+0000] {dag.py:3036} INFO - Sync 1 DAGs
[2025-07-09T19:55:32.913+0000] {logging_mixin.py:188} INFO - [2025-07-09T19:55:32.913+0000] {dag.py:3823} INFO - Setting next_dagrun for example_sla_dag to 2025-07-09 19:52:00+00:00, run_after=2025-07-09 19:54:00+00:00
[2025-07-09T19:55:32.941+0000] {processor.py:183} INFO - Processing /home/airflow/.local/lib/python3.8/site-packages/airflow/example_dags/example_sla_dag.py took 0.111 seconds
[2025-07-09T19:56:03.088+0000] {processor.py:161} INFO - Started process (PID=264) to work on /home/airflow/.local/lib/python3.8/site-packages/airflow/example_dags/example_sla_dag.py
[2025-07-09T19:56:03.089+0000] {processor.py:830} INFO - Processing file /home/airflow/.local/lib/python3.8/site-packages/airflow/example_dags/example_sla_dag.py for tasks to queue
[2025-07-09T19:56:03.092+0000] {logging_mixin.py:188} INFO - [2025-07-09T19:56:03.092+0000] {dagbag.py:538} INFO - Filling up the DagBag from /home/airflow/.local/lib/python3.8/site-packages/airflow/example_dags/example_sla_dag.py
[2025-07-09T19:56:03.104+0000] {processor.py:840} INFO - DAG(s) 'example_sla_dag' retrieved from /home/airflow/.local/lib/python3.8/site-packages/airflow/example_dags/example_sla_dag.py
[2025-07-09T19:56:03.133+0000] {logging_mixin.py:188} INFO - [2025-07-09T19:56:03.133+0000] {dag.py:3036} INFO - Sync 1 DAGs
[2025-07-09T19:56:03.168+0000] {logging_mixin.py:188} INFO - [2025-07-09T19:56:03.168+0000] {dag.py:3823} INFO - Setting next_dagrun for example_sla_dag to 2025-07-09 19:54:00+00:00, run_after=2025-07-09 19:56:00+00:00
[2025-07-09T19:56:03.197+0000] {processor.py:183} INFO - Processing /home/airflow/.local/lib/python3.8/site-packages/airflow/example_dags/example_sla_dag.py took 0.114 seconds
[2025-07-09T19:56:33.595+0000] {processor.py:161} INFO - Started process (PID=325) to work on /home/airflow/.local/lib/python3.8/site-packages/airflow/example_dags/example_sla_dag.py
[2025-07-09T19:56:33.597+0000] {processor.py:830} INFO - Processing file /home/airflow/.local/lib/python3.8/site-packages/airflow/example_dags/example_sla_dag.py for tasks to queue
[2025-07-09T19:56:33.600+0000] {logging_mixin.py:188} INFO - [2025-07-09T19:56:33.600+0000] {dagbag.py:538} INFO - Filling up the DagBag from /home/airflow/.local/lib/python3.8/site-packages/airflow/example_dags/example_sla_dag.py
[2025-07-09T19:56:33.613+0000] {processor.py:840} INFO - DAG(s) 'example_sla_dag' retrieved from /home/airflow/.local/lib/python3.8/site-packages/airflow/example_dags/example_sla_dag.py
[2025-07-09T19:56:33.647+0000] {logging_mixin.py:188} INFO - [2025-07-09T19:56:33.646+0000] {dag.py:3036} INFO - Sync 1 DAGs
[2025-07-09T19:56:33.683+0000] {logging_mixin.py:188} INFO - [2025-07-09T19:56:33.683+0000] {dag.py:3823} INFO - Setting next_dagrun for example_sla_dag to 2025-07-09 19:54:00+00:00, run_after=2025-07-09 19:56:00+00:00
[2025-07-09T19:56:33.716+0000] {processor.py:183} INFO - Processing /home/airflow/.local/lib/python3.8/site-packages/airflow/example_dags/example_sla_dag.py took 0.127 seconds
[2025-07-09T19:57:04.724+0000] {processor.py:161} INFO - Started process (PID=381) to work on /home/airflow/.local/lib/python3.8/site-packages/airflow/example_dags/example_sla_dag.py
[2025-07-09T19:57:04.726+0000] {processor.py:830} INFO - Processing file /home/airflow/.local/lib/python3.8/site-packages/airflow/example_dags/example_sla_dag.py for tasks to queue
[2025-07-09T19:57:04.729+0000] {logging_mixin.py:188} INFO - [2025-07-09T19:57:04.728+0000] {dagbag.py:538} INFO - Filling up the DagBag from /home/airflow/.local/lib/python3.8/site-packages/airflow/example_dags/example_sla_dag.py
[2025-07-09T19:57:04.739+0000] {processor.py:840} INFO - DAG(s) 'example_sla_dag' retrieved from /home/airflow/.local/lib/python3.8/site-packages/airflow/example_dags/example_sla_dag.py
[2025-07-09T19:57:04.767+0000] {logging_mixin.py:188} INFO - [2025-07-09T19:57:04.766+0000] {dag.py:3036} INFO - Sync 1 DAGs
[2025-07-09T19:57:04.795+0000] {logging_mixin.py:188} INFO - [2025-07-09T19:57:04.795+0000] {dag.py:3823} INFO - Setting next_dagrun for example_sla_dag to 2025-07-09 19:54:00+00:00, run_after=2025-07-09 19:56:00+00:00
[2025-07-09T19:57:04.821+0000] {processor.py:183} INFO - Processing /home/airflow/.local/lib/python3.8/site-packages/airflow/example_dags/example_sla_dag.py took 0.102 seconds
[2025-07-09T19:57:35.065+0000] {processor.py:161} INFO - Started process (PID=437) to work on /home/airflow/.local/lib/python3.8/site-packages/airflow/example_dags/example_sla_dag.py
[2025-07-09T19:57:35.067+0000] {processor.py:830} INFO - Processing file /home/airflow/.local/lib/python3.8/site-packages/airflow/example_dags/example_sla_dag.py for tasks to queue
[2025-07-09T19:57:35.069+0000] {logging_mixin.py:188} INFO - [2025-07-09T19:57:35.069+0000] {dagbag.py:538} INFO - Filling up the DagBag from /home/airflow/.local/lib/python3.8/site-packages/airflow/example_dags/example_sla_dag.py
[2025-07-09T19:57:35.083+0000] {processor.py:840} INFO - DAG(s) 'example_sla_dag' retrieved from /home/airflow/.local/lib/python3.8/site-packages/airflow/example_dags/example_sla_dag.py
[2025-07-09T19:57:35.116+0000] {logging_mixin.py:188} INFO - [2025-07-09T19:57:35.116+0000] {dag.py:3036} INFO - Sync 1 DAGs
[2025-07-09T19:57:35.157+0000] {logging_mixin.py:188} INFO - [2025-07-09T19:57:35.157+0000] {dag.py:3823} INFO - Setting next_dagrun for example_sla_dag to 2025-07-09 19:54:00+00:00, run_after=2025-07-09 19:56:00+00:00
[2025-07-09T19:57:35.189+0000] {processor.py:183} INFO - Processing /home/airflow/.local/lib/python3.8/site-packages/airflow/example_dags/example_sla_dag.py took 0.129 seconds
[2025-07-09T19:58:05.438+0000] {processor.py:161} INFO - Started process (PID=504) to work on /home/airflow/.local/lib/python3.8/site-packages/airflow/example_dags/example_sla_dag.py
[2025-07-09T19:58:05.441+0000] {processor.py:830} INFO - Processing file /home/airflow/.local/lib/python3.8/site-packages/airflow/example_dags/example_sla_dag.py for tasks to queue
[2025-07-09T19:58:05.445+0000] {logging_mixin.py:188} INFO - [2025-07-09T19:58:05.445+0000] {dagbag.py:538} INFO - Filling up the DagBag from /home/airflow/.local/lib/python3.8/site-packages/airflow/example_dags/example_sla_dag.py
[2025-07-09T19:58:05.464+0000] {processor.py:840} INFO - DAG(s) 'example_sla_dag' retrieved from /home/airflow/.local/lib/python3.8/site-packages/airflow/example_dags/example_sla_dag.py
[2025-07-09T19:58:05.498+0000] {logging_mixin.py:188} INFO - [2025-07-09T19:58:05.498+0000] {dag.py:3036} INFO - Sync 1 DAGs
[2025-07-09T19:58:05.529+0000] {logging_mixin.py:188} INFO - [2025-07-09T19:58:05.528+0000] {dag.py:3823} INFO - Setting next_dagrun for example_sla_dag to 2025-07-09 19:56:00+00:00, run_after=2025-07-09 19:58:00+00:00
[2025-07-09T19:58:05.557+0000] {processor.py:183} INFO - Processing /home/airflow/.local/lib/python3.8/site-packages/airflow/example_dags/example_sla_dag.py took 0.126 seconds
[2025-07-09T19:58:35.839+0000] {processor.py:161} INFO - Started process (PID=561) to work on /home/airflow/.local/lib/python3.8/site-packages/airflow/example_dags/example_sla_dag.py
[2025-07-09T19:58:35.841+0000] {processor.py:830} INFO - Processing file /home/airflow/.local/lib/python3.8/site-packages/airflow/example_dags/example_sla_dag.py for tasks to queue
[2025-07-09T19:58:35.844+0000] {logging_mixin.py:188} INFO - [2025-07-09T19:58:35.843+0000] {dagbag.py:538} INFO - Filling up the DagBag from /home/airflow/.local/lib/python3.8/site-packages/airflow/example_dags/example_sla_dag.py
[2025-07-09T19:58:35.856+0000] {processor.py:840} INFO - DAG(s) 'example_sla_dag' retrieved from /home/airflow/.local/lib/python3.8/site-packages/airflow/example_dags/example_sla_dag.py
[2025-07-09T19:58:35.885+0000] {logging_mixin.py:188} INFO - [2025-07-09T19:58:35.884+0000] {dag.py:3036} INFO - Sync 1 DAGs
[2025-07-09T19:58:35.916+0000] {logging_mixin.py:188} INFO - [2025-07-09T19:58:35.915+0000] {dag.py:3823} INFO - Setting next_dagrun for example_sla_dag to 2025-07-09 19:56:00+00:00, run_after=2025-07-09 19:58:00+00:00
[2025-07-09T19:58:35.947+0000] {processor.py:183} INFO - Processing /home/airflow/.local/lib/python3.8/site-packages/airflow/example_dags/example_sla_dag.py took 0.112 seconds
[2025-07-09T19:59:06.433+0000] {processor.py:161} INFO - Started process (PID=623) to work on /home/airflow/.local/lib/python3.8/site-packages/airflow/example_dags/example_sla_dag.py
[2025-07-09T19:59:06.435+0000] {processor.py:830} INFO - Processing file /home/airflow/.local/lib/python3.8/site-packages/airflow/example_dags/example_sla_dag.py for tasks to queue
[2025-07-09T19:59:06.439+0000] {logging_mixin.py:188} INFO - [2025-07-09T19:59:06.438+0000] {dagbag.py:538} INFO - Filling up the DagBag from /home/airflow/.local/lib/python3.8/site-packages/airflow/example_dags/example_sla_dag.py
[2025-07-09T19:59:06.454+0000] {processor.py:840} INFO - DAG(s) 'example_sla_dag' retrieved from /home/airflow/.local/lib/python3.8/site-packages/airflow/example_dags/example_sla_dag.py
[2025-07-09T19:59:06.483+0000] {logging_mixin.py:188} INFO - [2025-07-09T19:59:06.482+0000] {dag.py:3036} INFO - Sync 1 DAGs
[2025-07-09T19:59:06.513+0000] {logging_mixin.py:188} INFO - [2025-07-09T19:59:06.512+0000] {dag.py:3823} INFO - Setting next_dagrun for example_sla_dag to 2025-07-09 19:56:00+00:00, run_after=2025-07-09 19:58:00+00:00
[2025-07-09T19:59:06.547+0000] {processor.py:183} INFO - Processing /home/airflow/.local/lib/python3.8/site-packages/airflow/example_dags/example_sla_dag.py took 0.118 seconds
[2025-07-09T19:59:37.315+0000] {processor.py:161} INFO - Started process (PID=680) to work on /home/airflow/.local/lib/python3.8/site-packages/airflow/example_dags/example_sla_dag.py
[2025-07-09T19:59:37.318+0000] {processor.py:830} INFO - Processing file /home/airflow/.local/lib/python3.8/site-packages/airflow/example_dags/example_sla_dag.py for tasks to queue
[2025-07-09T19:59:37.323+0000] {logging_mixin.py:188} INFO - [2025-07-09T19:59:37.322+0000] {dagbag.py:538} INFO - Filling up the DagBag from /home/airflow/.local/lib/python3.8/site-packages/airflow/example_dags/example_sla_dag.py
[2025-07-09T19:59:37.340+0000] {processor.py:840} INFO - DAG(s) 'example_sla_dag' retrieved from /home/airflow/.local/lib/python3.8/site-packages/airflow/example_dags/example_sla_dag.py
[2025-07-09T19:59:37.369+0000] {logging_mixin.py:188} INFO - [2025-07-09T19:59:37.369+0000] {dag.py:3036} INFO - Sync 1 DAGs
[2025-07-09T19:59:37.400+0000] {logging_mixin.py:188} INFO - [2025-07-09T19:59:37.399+0000] {dag.py:3823} INFO - Setting next_dagrun for example_sla_dag to 2025-07-09 19:56:00+00:00, run_after=2025-07-09 19:58:00+00:00
[2025-07-09T19:59:37.429+0000] {processor.py:183} INFO - Processing /home/airflow/.local/lib/python3.8/site-packages/airflow/example_dags/example_sla_dag.py took 0.121 seconds
[2025-07-09T20:00:07.975+0000] {processor.py:161} INFO - Started process (PID=737) to work on /home/airflow/.local/lib/python3.8/site-packages/airflow/example_dags/example_sla_dag.py
[2025-07-09T20:00:07.977+0000] {processor.py:830} INFO - Processing file /home/airflow/.local/lib/python3.8/site-packages/airflow/example_dags/example_sla_dag.py for tasks to queue
[2025-07-09T20:00:07.981+0000] {logging_mixin.py:188} INFO - [2025-07-09T20:00:07.980+0000] {dagbag.py:538} INFO - Filling up the DagBag from /home/airflow/.local/lib/python3.8/site-packages/airflow/example_dags/example_sla_dag.py
[2025-07-09T20:00:07.996+0000] {processor.py:840} INFO - DAG(s) 'example_sla_dag' retrieved from /home/airflow/.local/lib/python3.8/site-packages/airflow/example_dags/example_sla_dag.py
[2025-07-09T20:00:08.027+0000] {logging_mixin.py:188} INFO - [2025-07-09T20:00:08.026+0000] {dag.py:3036} INFO - Sync 1 DAGs
[2025-07-09T20:00:08.067+0000] {logging_mixin.py:188} INFO - [2025-07-09T20:00:08.066+0000] {dag.py:3823} INFO - Setting next_dagrun for example_sla_dag to 2025-07-09 19:58:00+00:00, run_after=2025-07-09 20:00:00+00:00
[2025-07-09T20:00:08.104+0000] {processor.py:183} INFO - Processing /home/airflow/.local/lib/python3.8/site-packages/airflow/example_dags/example_sla_dag.py took 0.135 seconds
[2025-07-09T20:00:38.775+0000] {processor.py:161} INFO - Started process (PID=793) to work on /home/airflow/.local/lib/python3.8/site-packages/airflow/example_dags/example_sla_dag.py
[2025-07-09T20:00:38.779+0000] {processor.py:830} INFO - Processing file /home/airflow/.local/lib/python3.8/site-packages/airflow/example_dags/example_sla_dag.py for tasks to queue
[2025-07-09T20:00:38.787+0000] {logging_mixin.py:188} INFO - [2025-07-09T20:00:38.786+0000] {dagbag.py:538} INFO - Filling up the DagBag from /home/airflow/.local/lib/python3.8/site-packages/airflow/example_dags/example_sla_dag.py
[2025-07-09T20:00:38.802+0000] {processor.py:840} INFO - DAG(s) 'example_sla_dag' retrieved from /home/airflow/.local/lib/python3.8/site-packages/airflow/example_dags/example_sla_dag.py
[2025-07-09T20:00:38.831+0000] {logging_mixin.py:188} INFO - [2025-07-09T20:00:38.831+0000] {dag.py:3036} INFO - Sync 1 DAGs
[2025-07-09T20:00:38.867+0000] {logging_mixin.py:188} INFO - [2025-07-09T20:00:38.867+0000] {dag.py:3823} INFO - Setting next_dagrun for example_sla_dag to 2025-07-09 19:58:00+00:00, run_after=2025-07-09 20:00:00+00:00
[2025-07-09T20:00:38.897+0000] {processor.py:183} INFO - Processing /home/airflow/.local/lib/python3.8/site-packages/airflow/example_dags/example_sla_dag.py took 0.127 seconds
[2025-07-09T22:49:03.451+0000] {processor.py:161} INFO - Started process (PID=842) to work on /home/airflow/.local/lib/python3.8/site-packages/airflow/example_dags/example_sla_dag.py
[2025-07-09T22:49:03.453+0000] {processor.py:830} INFO - Processing file /home/airflow/.local/lib/python3.8/site-packages/airflow/example_dags/example_sla_dag.py for tasks to queue
[2025-07-09T22:49:03.457+0000] {logging_mixin.py:188} INFO - [2025-07-09T22:49:03.457+0000] {dagbag.py:538} INFO - Filling up the DagBag from /home/airflow/.local/lib/python3.8/site-packages/airflow/example_dags/example_sla_dag.py
[2025-07-09T22:49:03.471+0000] {processor.py:840} INFO - DAG(s) 'example_sla_dag' retrieved from /home/airflow/.local/lib/python3.8/site-packages/airflow/example_dags/example_sla_dag.py
[2025-07-09T22:49:03.499+0000] {logging_mixin.py:188} INFO - [2025-07-09T22:49:03.499+0000] {dag.py:3036} INFO - Sync 1 DAGs
[2025-07-09T22:49:03.538+0000] {logging_mixin.py:188} INFO - [2025-07-09T22:49:03.537+0000] {dag.py:3823} INFO - Setting next_dagrun for example_sla_dag to 2025-07-09 22:46:00+00:00, run_after=2025-07-09 22:48:00+00:00
[2025-07-09T22:49:03.567+0000] {processor.py:183} INFO - Processing /home/airflow/.local/lib/python3.8/site-packages/airflow/example_dags/example_sla_dag.py took 0.121 seconds
[2025-07-09T22:49:34.421+0000] {processor.py:161} INFO - Started process (PID=899) to work on /home/airflow/.local/lib/python3.8/site-packages/airflow/example_dags/example_sla_dag.py
[2025-07-09T22:49:34.423+0000] {processor.py:830} INFO - Processing file /home/airflow/.local/lib/python3.8/site-packages/airflow/example_dags/example_sla_dag.py for tasks to queue
[2025-07-09T22:49:34.426+0000] {logging_mixin.py:188} INFO - [2025-07-09T22:49:34.426+0000] {dagbag.py:538} INFO - Filling up the DagBag from /home/airflow/.local/lib/python3.8/site-packages/airflow/example_dags/example_sla_dag.py
[2025-07-09T22:49:34.438+0000] {processor.py:840} INFO - DAG(s) 'example_sla_dag' retrieved from /home/airflow/.local/lib/python3.8/site-packages/airflow/example_dags/example_sla_dag.py
[2025-07-09T22:49:34.469+0000] {logging_mixin.py:188} INFO - [2025-07-09T22:49:34.468+0000] {dag.py:3036} INFO - Sync 1 DAGs
[2025-07-09T22:49:34.504+0000] {logging_mixin.py:188} INFO - [2025-07-09T22:49:34.504+0000] {dag.py:3823} INFO - Setting next_dagrun for example_sla_dag to 2025-07-09 22:46:00+00:00, run_after=2025-07-09 22:48:00+00:00
[2025-07-09T22:49:34.533+0000] {processor.py:183} INFO - Processing /home/airflow/.local/lib/python3.8/site-packages/airflow/example_dags/example_sla_dag.py took 0.117 seconds
[2025-07-09T22:50:05.945+0000] {processor.py:161} INFO - Started process (PID=963) to work on /home/airflow/.local/lib/python3.8/site-packages/airflow/example_dags/example_sla_dag.py
[2025-07-09T22:50:05.947+0000] {processor.py:830} INFO - Processing file /home/airflow/.local/lib/python3.8/site-packages/airflow/example_dags/example_sla_dag.py for tasks to queue
[2025-07-09T22:50:05.949+0000] {logging_mixin.py:188} INFO - [2025-07-09T22:50:05.949+0000] {dagbag.py:538} INFO - Filling up the DagBag from /home/airflow/.local/lib/python3.8/site-packages/airflow/example_dags/example_sla_dag.py
[2025-07-09T22:50:05.961+0000] {processor.py:840} INFO - DAG(s) 'example_sla_dag' retrieved from /home/airflow/.local/lib/python3.8/site-packages/airflow/example_dags/example_sla_dag.py
[2025-07-09T22:50:05.988+0000] {logging_mixin.py:188} INFO - [2025-07-09T22:50:05.987+0000] {dag.py:3036} INFO - Sync 1 DAGs
[2025-07-09T22:50:06.017+0000] {logging_mixin.py:188} INFO - [2025-07-09T22:50:06.017+0000] {dag.py:3823} INFO - Setting next_dagrun for example_sla_dag to 2025-07-09 22:48:00+00:00, run_after=2025-07-09 22:50:00+00:00
[2025-07-09T22:50:06.057+0000] {processor.py:183} INFO - Processing /home/airflow/.local/lib/python3.8/site-packages/airflow/example_dags/example_sla_dag.py took 0.116 seconds
[2025-07-09T22:50:36.861+0000] {processor.py:161} INFO - Started process (PID=1019) to work on /home/airflow/.local/lib/python3.8/site-packages/airflow/example_dags/example_sla_dag.py
[2025-07-09T22:50:36.863+0000] {processor.py:830} INFO - Processing file /home/airflow/.local/lib/python3.8/site-packages/airflow/example_dags/example_sla_dag.py for tasks to queue
[2025-07-09T22:50:36.868+0000] {logging_mixin.py:188} INFO - [2025-07-09T22:50:36.867+0000] {dagbag.py:538} INFO - Filling up the DagBag from /home/airflow/.local/lib/python3.8/site-packages/airflow/example_dags/example_sla_dag.py
[2025-07-09T22:50:36.885+0000] {processor.py:840} INFO - DAG(s) 'example_sla_dag' retrieved from /home/airflow/.local/lib/python3.8/site-packages/airflow/example_dags/example_sla_dag.py
[2025-07-09T22:50:36.915+0000] {logging_mixin.py:188} INFO - [2025-07-09T22:50:36.915+0000] {dag.py:3036} INFO - Sync 1 DAGs
[2025-07-09T22:50:36.945+0000] {logging_mixin.py:188} INFO - [2025-07-09T22:50:36.945+0000] {dag.py:3823} INFO - Setting next_dagrun for example_sla_dag to 2025-07-09 22:48:00+00:00, run_after=2025-07-09 22:50:00+00:00
[2025-07-09T22:50:36.981+0000] {processor.py:183} INFO - Processing /home/airflow/.local/lib/python3.8/site-packages/airflow/example_dags/example_sla_dag.py took 0.128 seconds
[2025-07-09T22:51:07.213+0000] {processor.py:161} INFO - Started process (PID=1075) to work on /home/airflow/.local/lib/python3.8/site-packages/airflow/example_dags/example_sla_dag.py
[2025-07-09T22:51:07.215+0000] {processor.py:830} INFO - Processing file /home/airflow/.local/lib/python3.8/site-packages/airflow/example_dags/example_sla_dag.py for tasks to queue
[2025-07-09T22:51:07.219+0000] {logging_mixin.py:188} INFO - [2025-07-09T22:51:07.218+0000] {dagbag.py:538} INFO - Filling up the DagBag from /home/airflow/.local/lib/python3.8/site-packages/airflow/example_dags/example_sla_dag.py
[2025-07-09T22:51:07.236+0000] {processor.py:840} INFO - DAG(s) 'example_sla_dag' retrieved from /home/airflow/.local/lib/python3.8/site-packages/airflow/example_dags/example_sla_dag.py
[2025-07-09T22:51:07.275+0000] {logging_mixin.py:188} INFO - [2025-07-09T22:51:07.275+0000] {dag.py:3036} INFO - Sync 1 DAGs
[2025-07-09T22:51:07.315+0000] {logging_mixin.py:188} INFO - [2025-07-09T22:51:07.314+0000] {dag.py:3823} INFO - Setting next_dagrun for example_sla_dag to 2025-07-09 22:48:00+00:00, run_after=2025-07-09 22:50:00+00:00
[2025-07-09T22:51:07.351+0000] {processor.py:183} INFO - Processing /home/airflow/.local/lib/python3.8/site-packages/airflow/example_dags/example_sla_dag.py took 0.144 seconds
[2025-07-09T22:51:37.659+0000] {processor.py:161} INFO - Started process (PID=1132) to work on /home/airflow/.local/lib/python3.8/site-packages/airflow/example_dags/example_sla_dag.py
[2025-07-09T22:51:37.662+0000] {processor.py:830} INFO - Processing file /home/airflow/.local/lib/python3.8/site-packages/airflow/example_dags/example_sla_dag.py for tasks to queue
[2025-07-09T22:51:37.667+0000] {logging_mixin.py:188} INFO - [2025-07-09T22:51:37.666+0000] {dagbag.py:538} INFO - Filling up the DagBag from /home/airflow/.local/lib/python3.8/site-packages/airflow/example_dags/example_sla_dag.py
[2025-07-09T22:51:37.687+0000] {processor.py:840} INFO - DAG(s) 'example_sla_dag' retrieved from /home/airflow/.local/lib/python3.8/site-packages/airflow/example_dags/example_sla_dag.py
[2025-07-09T22:51:37.734+0000] {logging_mixin.py:188} INFO - [2025-07-09T22:51:37.734+0000] {dag.py:3036} INFO - Sync 1 DAGs
[2025-07-09T22:51:37.778+0000] {logging_mixin.py:188} INFO - [2025-07-09T22:51:37.778+0000] {dag.py:3823} INFO - Setting next_dagrun for example_sla_dag to 2025-07-09 22:48:00+00:00, run_after=2025-07-09 22:50:00+00:00
[2025-07-09T22:51:37.827+0000] {processor.py:183} INFO - Processing /home/airflow/.local/lib/python3.8/site-packages/airflow/example_dags/example_sla_dag.py took 0.175 seconds
[2025-07-09T22:52:07.925+0000] {processor.py:161} INFO - Started process (PID=1189) to work on /home/airflow/.local/lib/python3.8/site-packages/airflow/example_dags/example_sla_dag.py
[2025-07-09T22:52:07.928+0000] {processor.py:830} INFO - Processing file /home/airflow/.local/lib/python3.8/site-packages/airflow/example_dags/example_sla_dag.py for tasks to queue
[2025-07-09T22:52:07.932+0000] {logging_mixin.py:188} INFO - [2025-07-09T22:52:07.931+0000] {dagbag.py:538} INFO - Filling up the DagBag from /home/airflow/.local/lib/python3.8/site-packages/airflow/example_dags/example_sla_dag.py
[2025-07-09T22:52:07.946+0000] {processor.py:840} INFO - DAG(s) 'example_sla_dag' retrieved from /home/airflow/.local/lib/python3.8/site-packages/airflow/example_dags/example_sla_dag.py
[2025-07-09T22:52:07.975+0000] {logging_mixin.py:188} INFO - [2025-07-09T22:52:07.974+0000] {dag.py:3036} INFO - Sync 1 DAGs
[2025-07-09T22:52:08.009+0000] {logging_mixin.py:188} INFO - [2025-07-09T22:52:08.009+0000] {dag.py:3823} INFO - Setting next_dagrun for example_sla_dag to 2025-07-09 22:50:00+00:00, run_after=2025-07-09 22:52:00+00:00
[2025-07-09T22:52:08.042+0000] {processor.py:183} INFO - Processing /home/airflow/.local/lib/python3.8/site-packages/airflow/example_dags/example_sla_dag.py took 0.123 seconds
[2025-07-09T22:52:38.348+0000] {processor.py:161} INFO - Started process (PID=1246) to work on /home/airflow/.local/lib/python3.8/site-packages/airflow/example_dags/example_sla_dag.py
[2025-07-09T22:52:38.350+0000] {processor.py:830} INFO - Processing file /home/airflow/.local/lib/python3.8/site-packages/airflow/example_dags/example_sla_dag.py for tasks to queue
[2025-07-09T22:52:38.353+0000] {logging_mixin.py:188} INFO - [2025-07-09T22:52:38.353+0000] {dagbag.py:538} INFO - Filling up the DagBag from /home/airflow/.local/lib/python3.8/site-packages/airflow/example_dags/example_sla_dag.py
[2025-07-09T22:52:38.367+0000] {processor.py:840} INFO - DAG(s) 'example_sla_dag' retrieved from /home/airflow/.local/lib/python3.8/site-packages/airflow/example_dags/example_sla_dag.py
[2025-07-09T22:52:38.396+0000] {logging_mixin.py:188} INFO - [2025-07-09T22:52:38.396+0000] {dag.py:3036} INFO - Sync 1 DAGs
[2025-07-09T22:52:38.428+0000] {logging_mixin.py:188} INFO - [2025-07-09T22:52:38.428+0000] {dag.py:3823} INFO - Setting next_dagrun for example_sla_dag to 2025-07-09 22:50:00+00:00, run_after=2025-07-09 22:52:00+00:00
[2025-07-09T22:52:38.459+0000] {processor.py:183} INFO - Processing /home/airflow/.local/lib/python3.8/site-packages/airflow/example_dags/example_sla_dag.py took 0.115 seconds
[2025-07-09T22:53:08.739+0000] {processor.py:161} INFO - Started process (PID=1303) to work on /home/airflow/.local/lib/python3.8/site-packages/airflow/example_dags/example_sla_dag.py
[2025-07-09T22:53:08.741+0000] {processor.py:830} INFO - Processing file /home/airflow/.local/lib/python3.8/site-packages/airflow/example_dags/example_sla_dag.py for tasks to queue
[2025-07-09T22:53:08.745+0000] {logging_mixin.py:188} INFO - [2025-07-09T22:53:08.744+0000] {dagbag.py:538} INFO - Filling up the DagBag from /home/airflow/.local/lib/python3.8/site-packages/airflow/example_dags/example_sla_dag.py
[2025-07-09T22:53:08.762+0000] {processor.py:840} INFO - DAG(s) 'example_sla_dag' retrieved from /home/airflow/.local/lib/python3.8/site-packages/airflow/example_dags/example_sla_dag.py
[2025-07-09T22:53:08.796+0000] {logging_mixin.py:188} INFO - [2025-07-09T22:53:08.795+0000] {dag.py:3036} INFO - Sync 1 DAGs
[2025-07-09T22:53:08.833+0000] {logging_mixin.py:188} INFO - [2025-07-09T22:53:08.833+0000] {dag.py:3823} INFO - Setting next_dagrun for example_sla_dag to 2025-07-09 22:50:00+00:00, run_after=2025-07-09 22:52:00+00:00
[2025-07-09T22:53:08.868+0000] {processor.py:183} INFO - Processing /home/airflow/.local/lib/python3.8/site-packages/airflow/example_dags/example_sla_dag.py took 0.135 seconds
[2025-07-09T22:53:39.918+0000] {processor.py:161} INFO - Started process (PID=1359) to work on /home/airflow/.local/lib/python3.8/site-packages/airflow/example_dags/example_sla_dag.py
[2025-07-09T22:53:39.920+0000] {processor.py:830} INFO - Processing file /home/airflow/.local/lib/python3.8/site-packages/airflow/example_dags/example_sla_dag.py for tasks to queue
[2025-07-09T22:53:39.925+0000] {logging_mixin.py:188} INFO - [2025-07-09T22:53:39.925+0000] {dagbag.py:538} INFO - Filling up the DagBag from /home/airflow/.local/lib/python3.8/site-packages/airflow/example_dags/example_sla_dag.py
[2025-07-09T22:53:39.938+0000] {processor.py:840} INFO - DAG(s) 'example_sla_dag' retrieved from /home/airflow/.local/lib/python3.8/site-packages/airflow/example_dags/example_sla_dag.py
[2025-07-09T22:53:39.970+0000] {logging_mixin.py:188} INFO - [2025-07-09T22:53:39.970+0000] {dag.py:3036} INFO - Sync 1 DAGs
[2025-07-09T22:53:40.001+0000] {logging_mixin.py:188} INFO - [2025-07-09T22:53:40.001+0000] {dag.py:3823} INFO - Setting next_dagrun for example_sla_dag to 2025-07-09 22:50:00+00:00, run_after=2025-07-09 22:52:00+00:00
[2025-07-09T22:53:40.038+0000] {processor.py:183} INFO - Processing /home/airflow/.local/lib/python3.8/site-packages/airflow/example_dags/example_sla_dag.py took 0.126 seconds
[2025-07-09T22:54:10.130+0000] {processor.py:161} INFO - Started process (PID=1415) to work on /home/airflow/.local/lib/python3.8/site-packages/airflow/example_dags/example_sla_dag.py
[2025-07-09T22:54:10.133+0000] {processor.py:830} INFO - Processing file /home/airflow/.local/lib/python3.8/site-packages/airflow/example_dags/example_sla_dag.py for tasks to queue
[2025-07-09T22:54:10.138+0000] {logging_mixin.py:188} INFO - [2025-07-09T22:54:10.137+0000] {dagbag.py:538} INFO - Filling up the DagBag from /home/airflow/.local/lib/python3.8/site-packages/airflow/example_dags/example_sla_dag.py
[2025-07-09T22:54:10.155+0000] {processor.py:840} INFO - DAG(s) 'example_sla_dag' retrieved from /home/airflow/.local/lib/python3.8/site-packages/airflow/example_dags/example_sla_dag.py
[2025-07-09T22:54:10.190+0000] {logging_mixin.py:188} INFO - [2025-07-09T22:54:10.189+0000] {dag.py:3036} INFO - Sync 1 DAGs
[2025-07-09T22:54:10.230+0000] {logging_mixin.py:188} INFO - [2025-07-09T22:54:10.230+0000] {dag.py:3823} INFO - Setting next_dagrun for example_sla_dag to 2025-07-09 22:52:00+00:00, run_after=2025-07-09 22:54:00+00:00
[2025-07-09T22:54:10.288+0000] {processor.py:183} INFO - Processing /home/airflow/.local/lib/python3.8/site-packages/airflow/example_dags/example_sla_dag.py took 0.166 seconds
[2025-07-09T22:54:40.547+0000] {processor.py:161} INFO - Started process (PID=1472) to work on /home/airflow/.local/lib/python3.8/site-packages/airflow/example_dags/example_sla_dag.py
[2025-07-09T22:54:40.549+0000] {processor.py:830} INFO - Processing file /home/airflow/.local/lib/python3.8/site-packages/airflow/example_dags/example_sla_dag.py for tasks to queue
[2025-07-09T22:54:40.551+0000] {logging_mixin.py:188} INFO - [2025-07-09T22:54:40.551+0000] {dagbag.py:538} INFO - Filling up the DagBag from /home/airflow/.local/lib/python3.8/site-packages/airflow/example_dags/example_sla_dag.py
[2025-07-09T22:54:40.562+0000] {processor.py:840} INFO - DAG(s) 'example_sla_dag' retrieved from /home/airflow/.local/lib/python3.8/site-packages/airflow/example_dags/example_sla_dag.py
[2025-07-09T22:54:40.589+0000] {logging_mixin.py:188} INFO - [2025-07-09T22:54:40.588+0000] {dag.py:3036} INFO - Sync 1 DAGs
[2025-07-09T22:54:40.622+0000] {logging_mixin.py:188} INFO - [2025-07-09T22:54:40.622+0000] {dag.py:3823} INFO - Setting next_dagrun for example_sla_dag to 2025-07-09 22:52:00+00:00, run_after=2025-07-09 22:54:00+00:00
[2025-07-09T22:54:40.651+0000] {processor.py:183} INFO - Processing /home/airflow/.local/lib/python3.8/site-packages/airflow/example_dags/example_sla_dag.py took 0.108 seconds
[2025-07-09T22:55:11.286+0000] {processor.py:161} INFO - Started process (PID=1529) to work on /home/airflow/.local/lib/python3.8/site-packages/airflow/example_dags/example_sla_dag.py
[2025-07-09T22:55:11.289+0000] {processor.py:830} INFO - Processing file /home/airflow/.local/lib/python3.8/site-packages/airflow/example_dags/example_sla_dag.py for tasks to queue
[2025-07-09T22:55:11.294+0000] {logging_mixin.py:188} INFO - [2025-07-09T22:55:11.294+0000] {dagbag.py:538} INFO - Filling up the DagBag from /home/airflow/.local/lib/python3.8/site-packages/airflow/example_dags/example_sla_dag.py
[2025-07-09T22:55:11.310+0000] {processor.py:840} INFO - DAG(s) 'example_sla_dag' retrieved from /home/airflow/.local/lib/python3.8/site-packages/airflow/example_dags/example_sla_dag.py
[2025-07-09T22:55:11.345+0000] {logging_mixin.py:188} INFO - [2025-07-09T22:55:11.344+0000] {dag.py:3036} INFO - Sync 1 DAGs
[2025-07-09T22:55:11.380+0000] {logging_mixin.py:188} INFO - [2025-07-09T22:55:11.379+0000] {dag.py:3823} INFO - Setting next_dagrun for example_sla_dag to 2025-07-09 22:52:00+00:00, run_after=2025-07-09 22:54:00+00:00
[2025-07-09T22:55:11.410+0000] {processor.py:183} INFO - Processing /home/airflow/.local/lib/python3.8/site-packages/airflow/example_dags/example_sla_dag.py took 0.131 seconds
[2025-07-09T22:55:41.664+0000] {processor.py:161} INFO - Started process (PID=1586) to work on /home/airflow/.local/lib/python3.8/site-packages/airflow/example_dags/example_sla_dag.py
[2025-07-09T22:55:41.667+0000] {processor.py:830} INFO - Processing file /home/airflow/.local/lib/python3.8/site-packages/airflow/example_dags/example_sla_dag.py for tasks to queue
[2025-07-09T22:55:41.672+0000] {logging_mixin.py:188} INFO - [2025-07-09T22:55:41.671+0000] {dagbag.py:538} INFO - Filling up the DagBag from /home/airflow/.local/lib/python3.8/site-packages/airflow/example_dags/example_sla_dag.py
[2025-07-09T22:55:41.685+0000] {processor.py:840} INFO - DAG(s) 'example_sla_dag' retrieved from /home/airflow/.local/lib/python3.8/site-packages/airflow/example_dags/example_sla_dag.py
[2025-07-09T22:55:41.714+0000] {logging_mixin.py:188} INFO - [2025-07-09T22:55:41.714+0000] {dag.py:3036} INFO - Sync 1 DAGs
[2025-07-09T22:55:41.743+0000] {logging_mixin.py:188} INFO - [2025-07-09T22:55:41.743+0000] {dag.py:3823} INFO - Setting next_dagrun for example_sla_dag to 2025-07-09 22:52:00+00:00, run_after=2025-07-09 22:54:00+00:00
[2025-07-09T22:55:41.770+0000] {processor.py:183} INFO - Processing /home/airflow/.local/lib/python3.8/site-packages/airflow/example_dags/example_sla_dag.py took 0.115 seconds
[2025-07-09T22:56:12.112+0000] {processor.py:161} INFO - Started process (PID=1643) to work on /home/airflow/.local/lib/python3.8/site-packages/airflow/example_dags/example_sla_dag.py
[2025-07-09T22:56:12.113+0000] {processor.py:830} INFO - Processing file /home/airflow/.local/lib/python3.8/site-packages/airflow/example_dags/example_sla_dag.py for tasks to queue
[2025-07-09T22:56:12.116+0000] {logging_mixin.py:188} INFO - [2025-07-09T22:56:12.116+0000] {dagbag.py:538} INFO - Filling up the DagBag from /home/airflow/.local/lib/python3.8/site-packages/airflow/example_dags/example_sla_dag.py
[2025-07-09T22:56:12.135+0000] {processor.py:840} INFO - DAG(s) 'example_sla_dag' retrieved from /home/airflow/.local/lib/python3.8/site-packages/airflow/example_dags/example_sla_dag.py
[2025-07-09T22:56:12.182+0000] {logging_mixin.py:188} INFO - [2025-07-09T22:56:12.182+0000] {dag.py:3036} INFO - Sync 1 DAGs
[2025-07-09T22:56:12.217+0000] {logging_mixin.py:188} INFO - [2025-07-09T22:56:12.217+0000] {dag.py:3823} INFO - Setting next_dagrun for example_sla_dag to 2025-07-09 22:54:00+00:00, run_after=2025-07-09 22:56:00+00:00
[2025-07-09T22:56:12.248+0000] {processor.py:183} INFO - Processing /home/airflow/.local/lib/python3.8/site-packages/airflow/example_dags/example_sla_dag.py took 0.141 seconds
[2025-07-09T23:01:57.134+0000] {processor.py:161} INFO - Started process (PID=95) to work on /home/airflow/.local/lib/python3.8/site-packages/airflow/example_dags/example_sla_dag.py
[2025-07-09T23:01:57.136+0000] {processor.py:830} INFO - Processing file /home/airflow/.local/lib/python3.8/site-packages/airflow/example_dags/example_sla_dag.py for tasks to queue
[2025-07-09T23:01:57.140+0000] {logging_mixin.py:188} INFO - [2025-07-09T23:01:57.140+0000] {dagbag.py:538} INFO - Filling up the DagBag from /home/airflow/.local/lib/python3.8/site-packages/airflow/example_dags/example_sla_dag.py
[2025-07-09T23:01:57.160+0000] {processor.py:840} INFO - DAG(s) 'example_sla_dag' retrieved from /home/airflow/.local/lib/python3.8/site-packages/airflow/example_dags/example_sla_dag.py
[2025-07-09T23:01:57.356+0000] {logging_mixin.py:188} INFO - [2025-07-09T23:01:57.355+0000] {override.py:1769} INFO - Created Permission View: can edit on DAG:example_sla_dag
[2025-07-09T23:01:57.386+0000] {logging_mixin.py:188} INFO - [2025-07-09T23:01:57.385+0000] {override.py:1769} INFO - Created Permission View: can delete on DAG:example_sla_dag
[2025-07-09T23:01:57.407+0000] {logging_mixin.py:188} INFO - [2025-07-09T23:01:57.406+0000] {override.py:1769} INFO - Created Permission View: can read on DAG:example_sla_dag
[2025-07-09T23:01:57.408+0000] {logging_mixin.py:188} INFO - [2025-07-09T23:01:57.408+0000] {dag.py:3036} INFO - Sync 1 DAGs
[2025-07-09T23:01:57.431+0000] {logging_mixin.py:188} INFO - [2025-07-09T23:01:57.430+0000] {dag.py:3058} INFO - Creating ORM DAG for example_sla_dag
[2025-07-09T23:01:57.455+0000] {logging_mixin.py:188} INFO - [2025-07-09T23:01:57.454+0000] {dag.py:3823} INFO - Setting next_dagrun for example_sla_dag to 2025-07-09 22:58:00+00:00, run_after=2025-07-09 23:00:00+00:00
[2025-07-09T23:01:57.523+0000] {processor.py:183} INFO - Processing /home/airflow/.local/lib/python3.8/site-packages/airflow/example_dags/example_sla_dag.py took 0.395 seconds
[2025-07-09T23:02:28.144+0000] {processor.py:161} INFO - Started process (PID=151) to work on /home/airflow/.local/lib/python3.8/site-packages/airflow/example_dags/example_sla_dag.py
[2025-07-09T23:02:28.147+0000] {processor.py:830} INFO - Processing file /home/airflow/.local/lib/python3.8/site-packages/airflow/example_dags/example_sla_dag.py for tasks to queue
[2025-07-09T23:02:28.150+0000] {logging_mixin.py:188} INFO - [2025-07-09T23:02:28.150+0000] {dagbag.py:538} INFO - Filling up the DagBag from /home/airflow/.local/lib/python3.8/site-packages/airflow/example_dags/example_sla_dag.py
[2025-07-09T23:02:28.165+0000] {processor.py:840} INFO - DAG(s) 'example_sla_dag' retrieved from /home/airflow/.local/lib/python3.8/site-packages/airflow/example_dags/example_sla_dag.py
[2025-07-09T23:02:28.196+0000] {logging_mixin.py:188} INFO - [2025-07-09T23:02:28.196+0000] {dag.py:3036} INFO - Sync 1 DAGs
[2025-07-09T23:02:28.232+0000] {logging_mixin.py:188} INFO - [2025-07-09T23:02:28.232+0000] {dag.py:3823} INFO - Setting next_dagrun for example_sla_dag to 2025-07-09 23:00:00+00:00, run_after=2025-07-09 23:02:00+00:00
[2025-07-09T23:02:28.266+0000] {processor.py:183} INFO - Processing /home/airflow/.local/lib/python3.8/site-packages/airflow/example_dags/example_sla_dag.py took 0.126 seconds
[2025-07-09T23:02:59.179+0000] {processor.py:161} INFO - Started process (PID=216) to work on /home/airflow/.local/lib/python3.8/site-packages/airflow/example_dags/example_sla_dag.py
[2025-07-09T23:02:59.181+0000] {processor.py:830} INFO - Processing file /home/airflow/.local/lib/python3.8/site-packages/airflow/example_dags/example_sla_dag.py for tasks to queue
[2025-07-09T23:02:59.183+0000] {logging_mixin.py:188} INFO - [2025-07-09T23:02:59.183+0000] {dagbag.py:538} INFO - Filling up the DagBag from /home/airflow/.local/lib/python3.8/site-packages/airflow/example_dags/example_sla_dag.py
[2025-07-09T23:02:59.195+0000] {processor.py:840} INFO - DAG(s) 'example_sla_dag' retrieved from /home/airflow/.local/lib/python3.8/site-packages/airflow/example_dags/example_sla_dag.py
[2025-07-09T23:02:59.222+0000] {logging_mixin.py:188} INFO - [2025-07-09T23:02:59.221+0000] {dag.py:3036} INFO - Sync 1 DAGs
[2025-07-09T23:02:59.256+0000] {logging_mixin.py:188} INFO - [2025-07-09T23:02:59.256+0000] {dag.py:3823} INFO - Setting next_dagrun for example_sla_dag to 2025-07-09 23:00:00+00:00, run_after=2025-07-09 23:02:00+00:00
[2025-07-09T23:02:59.288+0000] {processor.py:183} INFO - Processing /home/airflow/.local/lib/python3.8/site-packages/airflow/example_dags/example_sla_dag.py took 0.114 seconds
[2025-07-09T23:03:29.740+0000] {processor.py:161} INFO - Started process (PID=272) to work on /home/airflow/.local/lib/python3.8/site-packages/airflow/example_dags/example_sla_dag.py
[2025-07-09T23:03:29.742+0000] {processor.py:830} INFO - Processing file /home/airflow/.local/lib/python3.8/site-packages/airflow/example_dags/example_sla_dag.py for tasks to queue
[2025-07-09T23:03:29.747+0000] {logging_mixin.py:188} INFO - [2025-07-09T23:03:29.746+0000] {dagbag.py:538} INFO - Filling up the DagBag from /home/airflow/.local/lib/python3.8/site-packages/airflow/example_dags/example_sla_dag.py
[2025-07-09T23:03:29.760+0000] {processor.py:840} INFO - DAG(s) 'example_sla_dag' retrieved from /home/airflow/.local/lib/python3.8/site-packages/airflow/example_dags/example_sla_dag.py
[2025-07-09T23:03:29.798+0000] {logging_mixin.py:188} INFO - [2025-07-09T23:03:29.797+0000] {dag.py:3036} INFO - Sync 1 DAGs
[2025-07-09T23:03:29.833+0000] {logging_mixin.py:188} INFO - [2025-07-09T23:03:29.832+0000] {dag.py:3823} INFO - Setting next_dagrun for example_sla_dag to 2025-07-09 23:00:00+00:00, run_after=2025-07-09 23:02:00+00:00
[2025-07-09T23:03:29.867+0000] {processor.py:183} INFO - Processing /home/airflow/.local/lib/python3.8/site-packages/airflow/example_dags/example_sla_dag.py took 0.132 seconds
[2025-07-09T23:04:00.105+0000] {processor.py:161} INFO - Started process (PID=328) to work on /home/airflow/.local/lib/python3.8/site-packages/airflow/example_dags/example_sla_dag.py
[2025-07-09T23:04:00.108+0000] {processor.py:830} INFO - Processing file /home/airflow/.local/lib/python3.8/site-packages/airflow/example_dags/example_sla_dag.py for tasks to queue
[2025-07-09T23:04:00.114+0000] {logging_mixin.py:188} INFO - [2025-07-09T23:04:00.113+0000] {dagbag.py:538} INFO - Filling up the DagBag from /home/airflow/.local/lib/python3.8/site-packages/airflow/example_dags/example_sla_dag.py
[2025-07-09T23:04:00.132+0000] {processor.py:840} INFO - DAG(s) 'example_sla_dag' retrieved from /home/airflow/.local/lib/python3.8/site-packages/airflow/example_dags/example_sla_dag.py
[2025-07-09T23:04:00.166+0000] {logging_mixin.py:188} INFO - [2025-07-09T23:04:00.165+0000] {dag.py:3036} INFO - Sync 1 DAGs
[2025-07-09T23:04:00.200+0000] {logging_mixin.py:188} INFO - [2025-07-09T23:04:00.200+0000] {dag.py:3823} INFO - Setting next_dagrun for example_sla_dag to 2025-07-09 23:02:00+00:00, run_after=2025-07-09 23:04:00+00:00
[2025-07-09T23:04:00.235+0000] {processor.py:183} INFO - Processing /home/airflow/.local/lib/python3.8/site-packages/airflow/example_dags/example_sla_dag.py took 0.142 seconds
[2025-07-09T23:04:31.055+0000] {processor.py:161} INFO - Started process (PID=389) to work on /home/airflow/.local/lib/python3.8/site-packages/airflow/example_dags/example_sla_dag.py
[2025-07-09T23:04:31.057+0000] {processor.py:830} INFO - Processing file /home/airflow/.local/lib/python3.8/site-packages/airflow/example_dags/example_sla_dag.py for tasks to queue
[2025-07-09T23:04:31.060+0000] {logging_mixin.py:188} INFO - [2025-07-09T23:04:31.059+0000] {dagbag.py:538} INFO - Filling up the DagBag from /home/airflow/.local/lib/python3.8/site-packages/airflow/example_dags/example_sla_dag.py
[2025-07-09T23:04:31.071+0000] {processor.py:840} INFO - DAG(s) 'example_sla_dag' retrieved from /home/airflow/.local/lib/python3.8/site-packages/airflow/example_dags/example_sla_dag.py
[2025-07-09T23:04:31.101+0000] {logging_mixin.py:188} INFO - [2025-07-09T23:04:31.101+0000] {dag.py:3036} INFO - Sync 1 DAGs
[2025-07-09T23:04:31.139+0000] {logging_mixin.py:188} INFO - [2025-07-09T23:04:31.139+0000] {dag.py:3823} INFO - Setting next_dagrun for example_sla_dag to 2025-07-09 23:02:00+00:00, run_after=2025-07-09 23:04:00+00:00
[2025-07-09T23:04:31.169+0000] {processor.py:183} INFO - Processing /home/airflow/.local/lib/python3.8/site-packages/airflow/example_dags/example_sla_dag.py took 0.118 seconds
[2025-07-09T23:05:02.020+0000] {processor.py:161} INFO - Started process (PID=446) to work on /home/airflow/.local/lib/python3.8/site-packages/airflow/example_dags/example_sla_dag.py
[2025-07-09T23:05:02.023+0000] {processor.py:830} INFO - Processing file /home/airflow/.local/lib/python3.8/site-packages/airflow/example_dags/example_sla_dag.py for tasks to queue
[2025-07-09T23:05:02.029+0000] {logging_mixin.py:188} INFO - [2025-07-09T23:05:02.028+0000] {dagbag.py:538} INFO - Filling up the DagBag from /home/airflow/.local/lib/python3.8/site-packages/airflow/example_dags/example_sla_dag.py
[2025-07-09T23:05:02.045+0000] {processor.py:840} INFO - DAG(s) 'example_sla_dag' retrieved from /home/airflow/.local/lib/python3.8/site-packages/airflow/example_dags/example_sla_dag.py
[2025-07-09T23:05:02.075+0000] {logging_mixin.py:188} INFO - [2025-07-09T23:05:02.075+0000] {dag.py:3036} INFO - Sync 1 DAGs
[2025-07-09T23:05:02.108+0000] {logging_mixin.py:188} INFO - [2025-07-09T23:05:02.108+0000] {dag.py:3823} INFO - Setting next_dagrun for example_sla_dag to 2025-07-09 23:02:00+00:00, run_after=2025-07-09 23:04:00+00:00
[2025-07-09T23:05:02.137+0000] {processor.py:183} INFO - Processing /home/airflow/.local/lib/python3.8/site-packages/airflow/example_dags/example_sla_dag.py took 0.124 seconds
[2025-07-09T23:05:32.488+0000] {processor.py:161} INFO - Started process (PID=504) to work on /home/airflow/.local/lib/python3.8/site-packages/airflow/example_dags/example_sla_dag.py
[2025-07-09T23:05:32.492+0000] {processor.py:830} INFO - Processing file /home/airflow/.local/lib/python3.8/site-packages/airflow/example_dags/example_sla_dag.py for tasks to queue
[2025-07-09T23:05:32.499+0000] {logging_mixin.py:188} INFO - [2025-07-09T23:05:32.495+0000] {dagbag.py:538} INFO - Filling up the DagBag from /home/airflow/.local/lib/python3.8/site-packages/airflow/example_dags/example_sla_dag.py
[2025-07-09T23:05:32.518+0000] {processor.py:840} INFO - DAG(s) 'example_sla_dag' retrieved from /home/airflow/.local/lib/python3.8/site-packages/airflow/example_dags/example_sla_dag.py
[2025-07-09T23:05:32.563+0000] {logging_mixin.py:188} INFO - [2025-07-09T23:05:32.562+0000] {dag.py:3036} INFO - Sync 1 DAGs
[2025-07-09T23:05:32.628+0000] {logging_mixin.py:188} INFO - [2025-07-09T23:05:32.627+0000] {dag.py:3823} INFO - Setting next_dagrun for example_sla_dag to 2025-07-09 23:02:00+00:00, run_after=2025-07-09 23:04:00+00:00
[2025-07-09T23:05:32.653+0000] {processor.py:183} INFO - Processing /home/airflow/.local/lib/python3.8/site-packages/airflow/example_dags/example_sla_dag.py took 0.170 seconds
[2025-07-09T23:06:02.875+0000] {processor.py:161} INFO - Started process (PID=561) to work on /home/airflow/.local/lib/python3.8/site-packages/airflow/example_dags/example_sla_dag.py
[2025-07-09T23:06:02.877+0000] {processor.py:830} INFO - Processing file /home/airflow/.local/lib/python3.8/site-packages/airflow/example_dags/example_sla_dag.py for tasks to queue
[2025-07-09T23:06:02.881+0000] {logging_mixin.py:188} INFO - [2025-07-09T23:06:02.880+0000] {dagbag.py:538} INFO - Filling up the DagBag from /home/airflow/.local/lib/python3.8/site-packages/airflow/example_dags/example_sla_dag.py
[2025-07-09T23:06:02.898+0000] {processor.py:840} INFO - DAG(s) 'example_sla_dag' retrieved from /home/airflow/.local/lib/python3.8/site-packages/airflow/example_dags/example_sla_dag.py
[2025-07-09T23:06:02.934+0000] {logging_mixin.py:188} INFO - [2025-07-09T23:06:02.933+0000] {dag.py:3036} INFO - Sync 1 DAGs
[2025-07-09T23:06:02.965+0000] {logging_mixin.py:188} INFO - [2025-07-09T23:06:02.964+0000] {dag.py:3823} INFO - Setting next_dagrun for example_sla_dag to 2025-07-09 23:04:00+00:00, run_after=2025-07-09 23:06:00+00:00
[2025-07-09T23:06:02.994+0000] {processor.py:183} INFO - Processing /home/airflow/.local/lib/python3.8/site-packages/airflow/example_dags/example_sla_dag.py took 0.128 seconds
[2025-07-09T23:06:33.472+0000] {processor.py:161} INFO - Started process (PID=617) to work on /home/airflow/.local/lib/python3.8/site-packages/airflow/example_dags/example_sla_dag.py
[2025-07-09T23:06:33.475+0000] {processor.py:830} INFO - Processing file /home/airflow/.local/lib/python3.8/site-packages/airflow/example_dags/example_sla_dag.py for tasks to queue
[2025-07-09T23:06:33.479+0000] {logging_mixin.py:188} INFO - [2025-07-09T23:06:33.479+0000] {dagbag.py:538} INFO - Filling up the DagBag from /home/airflow/.local/lib/python3.8/site-packages/airflow/example_dags/example_sla_dag.py
[2025-07-09T23:06:33.499+0000] {processor.py:840} INFO - DAG(s) 'example_sla_dag' retrieved from /home/airflow/.local/lib/python3.8/site-packages/airflow/example_dags/example_sla_dag.py
[2025-07-09T23:06:33.545+0000] {logging_mixin.py:188} INFO - [2025-07-09T23:06:33.544+0000] {dag.py:3036} INFO - Sync 1 DAGs
[2025-07-09T23:06:33.588+0000] {logging_mixin.py:188} INFO - [2025-07-09T23:06:33.588+0000] {dag.py:3823} INFO - Setting next_dagrun for example_sla_dag to 2025-07-09 23:04:00+00:00, run_after=2025-07-09 23:06:00+00:00
[2025-07-09T23:06:33.629+0000] {processor.py:183} INFO - Processing /home/airflow/.local/lib/python3.8/site-packages/airflow/example_dags/example_sla_dag.py took 0.165 seconds
[2025-07-09T23:07:03.924+0000] {processor.py:161} INFO - Started process (PID=673) to work on /home/airflow/.local/lib/python3.8/site-packages/airflow/example_dags/example_sla_dag.py
[2025-07-09T23:07:03.926+0000] {processor.py:830} INFO - Processing file /home/airflow/.local/lib/python3.8/site-packages/airflow/example_dags/example_sla_dag.py for tasks to queue
[2025-07-09T23:07:03.931+0000] {logging_mixin.py:188} INFO - [2025-07-09T23:07:03.930+0000] {dagbag.py:538} INFO - Filling up the DagBag from /home/airflow/.local/lib/python3.8/site-packages/airflow/example_dags/example_sla_dag.py
[2025-07-09T23:07:03.947+0000] {processor.py:840} INFO - DAG(s) 'example_sla_dag' retrieved from /home/airflow/.local/lib/python3.8/site-packages/airflow/example_dags/example_sla_dag.py
[2025-07-09T23:07:03.979+0000] {logging_mixin.py:188} INFO - [2025-07-09T23:07:03.978+0000] {dag.py:3036} INFO - Sync 1 DAGs
[2025-07-09T23:07:04.015+0000] {logging_mixin.py:188} INFO - [2025-07-09T23:07:04.015+0000] {dag.py:3823} INFO - Setting next_dagrun for example_sla_dag to 2025-07-09 23:04:00+00:00, run_after=2025-07-09 23:06:00+00:00
[2025-07-09T23:07:04.055+0000] {processor.py:183} INFO - Processing /home/airflow/.local/lib/python3.8/site-packages/airflow/example_dags/example_sla_dag.py took 0.139 seconds
[2025-07-09T23:07:34.784+0000] {processor.py:161} INFO - Started process (PID=730) to work on /home/airflow/.local/lib/python3.8/site-packages/airflow/example_dags/example_sla_dag.py
[2025-07-09T23:07:34.786+0000] {processor.py:830} INFO - Processing file /home/airflow/.local/lib/python3.8/site-packages/airflow/example_dags/example_sla_dag.py for tasks to queue
[2025-07-09T23:07:34.789+0000] {logging_mixin.py:188} INFO - [2025-07-09T23:07:34.788+0000] {dagbag.py:538} INFO - Filling up the DagBag from /home/airflow/.local/lib/python3.8/site-packages/airflow/example_dags/example_sla_dag.py
[2025-07-09T23:07:34.800+0000] {processor.py:840} INFO - DAG(s) 'example_sla_dag' retrieved from /home/airflow/.local/lib/python3.8/site-packages/airflow/example_dags/example_sla_dag.py
[2025-07-09T23:07:34.828+0000] {logging_mixin.py:188} INFO - [2025-07-09T23:07:34.828+0000] {dag.py:3036} INFO - Sync 1 DAGs
[2025-07-09T23:07:34.860+0000] {logging_mixin.py:188} INFO - [2025-07-09T23:07:34.860+0000] {dag.py:3823} INFO - Setting next_dagrun for example_sla_dag to 2025-07-09 23:04:00+00:00, run_after=2025-07-09 23:06:00+00:00
[2025-07-09T23:07:34.887+0000] {processor.py:183} INFO - Processing /home/airflow/.local/lib/python3.8/site-packages/airflow/example_dags/example_sla_dag.py took 0.108 seconds
[2025-07-09T23:08:05.325+0000] {processor.py:161} INFO - Started process (PID=787) to work on /home/airflow/.local/lib/python3.8/site-packages/airflow/example_dags/example_sla_dag.py
[2025-07-09T23:08:05.327+0000] {processor.py:830} INFO - Processing file /home/airflow/.local/lib/python3.8/site-packages/airflow/example_dags/example_sla_dag.py for tasks to queue
[2025-07-09T23:08:05.330+0000] {logging_mixin.py:188} INFO - [2025-07-09T23:08:05.330+0000] {dagbag.py:538} INFO - Filling up the DagBag from /home/airflow/.local/lib/python3.8/site-packages/airflow/example_dags/example_sla_dag.py
[2025-07-09T23:08:05.342+0000] {processor.py:840} INFO - DAG(s) 'example_sla_dag' retrieved from /home/airflow/.local/lib/python3.8/site-packages/airflow/example_dags/example_sla_dag.py
[2025-07-09T23:08:05.374+0000] {logging_mixin.py:188} INFO - [2025-07-09T23:08:05.373+0000] {dag.py:3036} INFO - Sync 1 DAGs
[2025-07-09T23:08:05.409+0000] {logging_mixin.py:188} INFO - [2025-07-09T23:08:05.409+0000] {dag.py:3823} INFO - Setting next_dagrun for example_sla_dag to 2025-07-09 23:06:00+00:00, run_after=2025-07-09 23:08:00+00:00
[2025-07-09T23:08:05.440+0000] {processor.py:183} INFO - Processing /home/airflow/.local/lib/python3.8/site-packages/airflow/example_dags/example_sla_dag.py took 0.120 seconds
[2025-07-09T23:08:36.041+0000] {processor.py:161} INFO - Started process (PID=844) to work on /home/airflow/.local/lib/python3.8/site-packages/airflow/example_dags/example_sla_dag.py
[2025-07-09T23:08:36.043+0000] {processor.py:830} INFO - Processing file /home/airflow/.local/lib/python3.8/site-packages/airflow/example_dags/example_sla_dag.py for tasks to queue
[2025-07-09T23:08:36.048+0000] {logging_mixin.py:188} INFO - [2025-07-09T23:08:36.046+0000] {dagbag.py:538} INFO - Filling up the DagBag from /home/airflow/.local/lib/python3.8/site-packages/airflow/example_dags/example_sla_dag.py
[2025-07-09T23:08:36.074+0000] {processor.py:840} INFO - DAG(s) 'example_sla_dag' retrieved from /home/airflow/.local/lib/python3.8/site-packages/airflow/example_dags/example_sla_dag.py
[2025-07-09T23:08:36.133+0000] {logging_mixin.py:188} INFO - [2025-07-09T23:08:36.132+0000] {dag.py:3036} INFO - Sync 1 DAGs
[2025-07-09T23:08:36.196+0000] {logging_mixin.py:188} INFO - [2025-07-09T23:08:36.196+0000] {dag.py:3823} INFO - Setting next_dagrun for example_sla_dag to 2025-07-09 23:06:00+00:00, run_after=2025-07-09 23:08:00+00:00
[2025-07-09T23:08:36.227+0000] {processor.py:183} INFO - Processing /home/airflow/.local/lib/python3.8/site-packages/airflow/example_dags/example_sla_dag.py took 0.191 seconds
[2025-07-09T23:49:52.989+0000] {processor.py:161} INFO - Started process (PID=89) to work on /home/airflow/.local/lib/python3.8/site-packages/airflow/example_dags/example_sla_dag.py
[2025-07-09T23:49:52.994+0000] {processor.py:830} INFO - Processing file /home/airflow/.local/lib/python3.8/site-packages/airflow/example_dags/example_sla_dag.py for tasks to queue
[2025-07-09T23:49:53.007+0000] {logging_mixin.py:188} INFO - [2025-07-09T23:49:53.006+0000] {dagbag.py:538} INFO - Filling up the DagBag from /home/airflow/.local/lib/python3.8/site-packages/airflow/example_dags/example_sla_dag.py
[2025-07-09T23:49:53.059+0000] {processor.py:840} INFO - DAG(s) 'example_sla_dag' retrieved from /home/airflow/.local/lib/python3.8/site-packages/airflow/example_dags/example_sla_dag.py
[2025-07-09T23:49:53.486+0000] {logging_mixin.py:188} INFO - [2025-07-09T23:49:53.484+0000] {override.py:1769} INFO - Created Permission View: can delete on DAG:example_sla_dag
[2025-07-09T23:49:53.532+0000] {logging_mixin.py:188} INFO - [2025-07-09T23:49:53.531+0000] {override.py:1769} INFO - Created Permission View: can read on DAG:example_sla_dag
[2025-07-09T23:49:53.583+0000] {logging_mixin.py:188} INFO - [2025-07-09T23:49:53.582+0000] {override.py:1769} INFO - Created Permission View: can edit on DAG:example_sla_dag
[2025-07-09T23:49:53.586+0000] {logging_mixin.py:188} INFO - [2025-07-09T23:49:53.585+0000] {dag.py:3036} INFO - Sync 1 DAGs
[2025-07-09T23:49:53.624+0000] {logging_mixin.py:188} INFO - [2025-07-09T23:49:53.623+0000] {dag.py:3058} INFO - Creating ORM DAG for example_sla_dag
[2025-07-09T23:49:53.655+0000] {logging_mixin.py:188} INFO - [2025-07-09T23:49:53.655+0000] {dag.py:3823} INFO - Setting next_dagrun for example_sla_dag to 2025-07-09 23:46:00+00:00, run_after=2025-07-09 23:48:00+00:00
[2025-07-09T23:49:53.700+0000] {processor.py:183} INFO - Processing /home/airflow/.local/lib/python3.8/site-packages/airflow/example_dags/example_sla_dag.py took 0.723 seconds
[2025-07-09T23:50:23.864+0000] {processor.py:161} INFO - Started process (PID=145) to work on /home/airflow/.local/lib/python3.8/site-packages/airflow/example_dags/example_sla_dag.py
[2025-07-09T23:50:23.869+0000] {processor.py:830} INFO - Processing file /home/airflow/.local/lib/python3.8/site-packages/airflow/example_dags/example_sla_dag.py for tasks to queue
[2025-07-09T23:50:23.873+0000] {logging_mixin.py:188} INFO - [2025-07-09T23:50:23.873+0000] {dagbag.py:538} INFO - Filling up the DagBag from /home/airflow/.local/lib/python3.8/site-packages/airflow/example_dags/example_sla_dag.py
[2025-07-09T23:50:23.889+0000] {processor.py:840} INFO - DAG(s) 'example_sla_dag' retrieved from /home/airflow/.local/lib/python3.8/site-packages/airflow/example_dags/example_sla_dag.py
[2025-07-09T23:50:23.925+0000] {logging_mixin.py:188} INFO - [2025-07-09T23:50:23.925+0000] {dag.py:3036} INFO - Sync 1 DAGs
[2025-07-09T23:50:23.963+0000] {logging_mixin.py:188} INFO - [2025-07-09T23:50:23.963+0000] {dag.py:3823} INFO - Setting next_dagrun for example_sla_dag to 2025-07-09 23:48:00+00:00, run_after=2025-07-09 23:50:00+00:00
[2025-07-09T23:50:23.997+0000] {processor.py:183} INFO - Processing /home/airflow/.local/lib/python3.8/site-packages/airflow/example_dags/example_sla_dag.py took 0.138 seconds
[2025-07-09T23:54:31.553+0000] {processor.py:161} INFO - Started process (PID=96) to work on /home/airflow/.local/lib/python3.8/site-packages/airflow/example_dags/example_sla_dag.py
[2025-07-09T23:54:31.555+0000] {processor.py:830} INFO - Processing file /home/airflow/.local/lib/python3.8/site-packages/airflow/example_dags/example_sla_dag.py for tasks to queue
[2025-07-09T23:54:31.558+0000] {logging_mixin.py:188} INFO - [2025-07-09T23:54:31.557+0000] {dagbag.py:538} INFO - Filling up the DagBag from /home/airflow/.local/lib/python3.8/site-packages/airflow/example_dags/example_sla_dag.py
[2025-07-09T23:54:31.572+0000] {processor.py:840} INFO - DAG(s) 'example_sla_dag' retrieved from /home/airflow/.local/lib/python3.8/site-packages/airflow/example_dags/example_sla_dag.py
[2025-07-09T23:54:31.709+0000] {logging_mixin.py:188} INFO - [2025-07-09T23:54:31.708+0000] {override.py:1769} INFO - Created Permission View: can edit on DAG:example_sla_dag
[2025-07-09T23:54:31.725+0000] {logging_mixin.py:188} INFO - [2025-07-09T23:54:31.724+0000] {override.py:1769} INFO - Created Permission View: can read on DAG:example_sla_dag
[2025-07-09T23:54:31.738+0000] {logging_mixin.py:188} INFO - [2025-07-09T23:54:31.738+0000] {override.py:1769} INFO - Created Permission View: can delete on DAG:example_sla_dag
[2025-07-09T23:54:31.739+0000] {logging_mixin.py:188} INFO - [2025-07-09T23:54:31.739+0000] {dag.py:3036} INFO - Sync 1 DAGs
[2025-07-09T23:54:31.754+0000] {logging_mixin.py:188} INFO - [2025-07-09T23:54:31.754+0000] {dag.py:3058} INFO - Creating ORM DAG for example_sla_dag
[2025-07-09T23:54:31.773+0000] {logging_mixin.py:188} INFO - [2025-07-09T23:54:31.773+0000] {dag.py:3823} INFO - Setting next_dagrun for example_sla_dag to 2025-07-09 23:52:00+00:00, run_after=2025-07-09 23:54:00+00:00
[2025-07-09T23:54:31.796+0000] {processor.py:183} INFO - Processing /home/airflow/.local/lib/python3.8/site-packages/airflow/example_dags/example_sla_dag.py took 0.247 seconds
[2025-07-09T23:55:03.230+0000] {processor.py:161} INFO - Started process (PID=153) to work on /home/airflow/.local/lib/python3.8/site-packages/airflow/example_dags/example_sla_dag.py
[2025-07-09T23:55:03.232+0000] {processor.py:830} INFO - Processing file /home/airflow/.local/lib/python3.8/site-packages/airflow/example_dags/example_sla_dag.py for tasks to queue
[2025-07-09T23:55:03.235+0000] {logging_mixin.py:188} INFO - [2025-07-09T23:55:03.235+0000] {dagbag.py:538} INFO - Filling up the DagBag from /home/airflow/.local/lib/python3.8/site-packages/airflow/example_dags/example_sla_dag.py
[2025-07-09T23:55:03.248+0000] {processor.py:840} INFO - DAG(s) 'example_sla_dag' retrieved from /home/airflow/.local/lib/python3.8/site-packages/airflow/example_dags/example_sla_dag.py
[2025-07-09T23:55:03.283+0000] {logging_mixin.py:188} INFO - [2025-07-09T23:55:03.282+0000] {dag.py:3036} INFO - Sync 1 DAGs
[2025-07-09T23:55:03.321+0000] {logging_mixin.py:188} INFO - [2025-07-09T23:55:03.320+0000] {dag.py:3823} INFO - Setting next_dagrun for example_sla_dag to 2025-07-09 23:52:00+00:00, run_after=2025-07-09 23:54:00+00:00
[2025-07-09T23:55:03.355+0000] {processor.py:183} INFO - Processing /home/airflow/.local/lib/python3.8/site-packages/airflow/example_dags/example_sla_dag.py took 0.130 seconds
[2025-07-09T23:55:33.560+0000] {processor.py:161} INFO - Started process (PID=213) to work on /home/airflow/.local/lib/python3.8/site-packages/airflow/example_dags/example_sla_dag.py
[2025-07-09T23:55:33.562+0000] {processor.py:830} INFO - Processing file /home/airflow/.local/lib/python3.8/site-packages/airflow/example_dags/example_sla_dag.py for tasks to queue
[2025-07-09T23:55:33.565+0000] {logging_mixin.py:188} INFO - [2025-07-09T23:55:33.564+0000] {dagbag.py:538} INFO - Filling up the DagBag from /home/airflow/.local/lib/python3.8/site-packages/airflow/example_dags/example_sla_dag.py
[2025-07-09T23:55:33.578+0000] {processor.py:840} INFO - DAG(s) 'example_sla_dag' retrieved from /home/airflow/.local/lib/python3.8/site-packages/airflow/example_dags/example_sla_dag.py
[2025-07-09T23:55:33.606+0000] {logging_mixin.py:188} INFO - [2025-07-09T23:55:33.605+0000] {dag.py:3036} INFO - Sync 1 DAGs
[2025-07-09T23:55:33.646+0000] {logging_mixin.py:188} INFO - [2025-07-09T23:55:33.645+0000] {dag.py:3823} INFO - Setting next_dagrun for example_sla_dag to 2025-07-09 23:52:00+00:00, run_after=2025-07-09 23:54:00+00:00
[2025-07-09T23:55:33.706+0000] {processor.py:183} INFO - Processing /home/airflow/.local/lib/python3.8/site-packages/airflow/example_dags/example_sla_dag.py took 0.154 seconds
[2025-07-09T23:56:04.218+0000] {processor.py:161} INFO - Started process (PID=273) to work on /home/airflow/.local/lib/python3.8/site-packages/airflow/example_dags/example_sla_dag.py
[2025-07-09T23:56:04.220+0000] {processor.py:830} INFO - Processing file /home/airflow/.local/lib/python3.8/site-packages/airflow/example_dags/example_sla_dag.py for tasks to queue
[2025-07-09T23:56:04.224+0000] {logging_mixin.py:188} INFO - [2025-07-09T23:56:04.223+0000] {dagbag.py:538} INFO - Filling up the DagBag from /home/airflow/.local/lib/python3.8/site-packages/airflow/example_dags/example_sla_dag.py
[2025-07-09T23:56:04.235+0000] {processor.py:840} INFO - DAG(s) 'example_sla_dag' retrieved from /home/airflow/.local/lib/python3.8/site-packages/airflow/example_dags/example_sla_dag.py
[2025-07-09T23:56:04.265+0000] {logging_mixin.py:188} INFO - [2025-07-09T23:56:04.265+0000] {dag.py:3036} INFO - Sync 1 DAGs
[2025-07-09T23:56:04.303+0000] {logging_mixin.py:188} INFO - [2025-07-09T23:56:04.302+0000] {dag.py:3823} INFO - Setting next_dagrun for example_sla_dag to 2025-07-09 23:54:00+00:00, run_after=2025-07-09 23:56:00+00:00
[2025-07-09T23:56:04.335+0000] {processor.py:183} INFO - Processing /home/airflow/.local/lib/python3.8/site-packages/airflow/example_dags/example_sla_dag.py took 0.122 seconds
[2025-07-09T23:56:34.917+0000] {processor.py:161} INFO - Started process (PID=330) to work on /home/airflow/.local/lib/python3.8/site-packages/airflow/example_dags/example_sla_dag.py
[2025-07-09T23:56:34.922+0000] {processor.py:830} INFO - Processing file /home/airflow/.local/lib/python3.8/site-packages/airflow/example_dags/example_sla_dag.py for tasks to queue
[2025-07-09T23:56:34.932+0000] {logging_mixin.py:188} INFO - [2025-07-09T23:56:34.931+0000] {dagbag.py:538} INFO - Filling up the DagBag from /home/airflow/.local/lib/python3.8/site-packages/airflow/example_dags/example_sla_dag.py
[2025-07-09T23:56:34.948+0000] {processor.py:840} INFO - DAG(s) 'example_sla_dag' retrieved from /home/airflow/.local/lib/python3.8/site-packages/airflow/example_dags/example_sla_dag.py
[2025-07-09T23:56:34.991+0000] {logging_mixin.py:188} INFO - [2025-07-09T23:56:34.991+0000] {dag.py:3036} INFO - Sync 1 DAGs
[2025-07-09T23:56:35.049+0000] {logging_mixin.py:188} INFO - [2025-07-09T23:56:35.048+0000] {dag.py:3823} INFO - Setting next_dagrun for example_sla_dag to 2025-07-09 23:54:00+00:00, run_after=2025-07-09 23:56:00+00:00
[2025-07-09T23:56:35.087+0000] {processor.py:183} INFO - Processing /home/airflow/.local/lib/python3.8/site-packages/airflow/example_dags/example_sla_dag.py took 0.178 seconds
[2025-07-09T23:57:06.119+0000] {processor.py:161} INFO - Started process (PID=390) to work on /home/airflow/.local/lib/python3.8/site-packages/airflow/example_dags/example_sla_dag.py
[2025-07-09T23:57:06.121+0000] {processor.py:830} INFO - Processing file /home/airflow/.local/lib/python3.8/site-packages/airflow/example_dags/example_sla_dag.py for tasks to queue
[2025-07-09T23:57:06.125+0000] {logging_mixin.py:188} INFO - [2025-07-09T23:57:06.124+0000] {dagbag.py:538} INFO - Filling up the DagBag from /home/airflow/.local/lib/python3.8/site-packages/airflow/example_dags/example_sla_dag.py
[2025-07-09T23:57:06.139+0000] {processor.py:840} INFO - DAG(s) 'example_sla_dag' retrieved from /home/airflow/.local/lib/python3.8/site-packages/airflow/example_dags/example_sla_dag.py
[2025-07-09T23:57:06.170+0000] {logging_mixin.py:188} INFO - [2025-07-09T23:57:06.170+0000] {dag.py:3036} INFO - Sync 1 DAGs
[2025-07-09T23:57:06.203+0000] {logging_mixin.py:188} INFO - [2025-07-09T23:57:06.203+0000] {dag.py:3823} INFO - Setting next_dagrun for example_sla_dag to 2025-07-09 23:54:00+00:00, run_after=2025-07-09 23:56:00+00:00
[2025-07-09T23:57:06.239+0000] {processor.py:183} INFO - Processing /home/airflow/.local/lib/python3.8/site-packages/airflow/example_dags/example_sla_dag.py took 0.125 seconds
[2025-07-09T23:57:36.837+0000] {processor.py:161} INFO - Started process (PID=447) to work on /home/airflow/.local/lib/python3.8/site-packages/airflow/example_dags/example_sla_dag.py
[2025-07-09T23:57:36.839+0000] {processor.py:830} INFO - Processing file /home/airflow/.local/lib/python3.8/site-packages/airflow/example_dags/example_sla_dag.py for tasks to queue
[2025-07-09T23:57:36.842+0000] {logging_mixin.py:188} INFO - [2025-07-09T23:57:36.842+0000] {dagbag.py:538} INFO - Filling up the DagBag from /home/airflow/.local/lib/python3.8/site-packages/airflow/example_dags/example_sla_dag.py
[2025-07-09T23:57:36.853+0000] {processor.py:840} INFO - DAG(s) 'example_sla_dag' retrieved from /home/airflow/.local/lib/python3.8/site-packages/airflow/example_dags/example_sla_dag.py
[2025-07-09T23:57:36.882+0000] {logging_mixin.py:188} INFO - [2025-07-09T23:57:36.882+0000] {dag.py:3036} INFO - Sync 1 DAGs
[2025-07-09T23:57:36.930+0000] {logging_mixin.py:188} INFO - [2025-07-09T23:57:36.930+0000] {dag.py:3823} INFO - Setting next_dagrun for example_sla_dag to 2025-07-09 23:54:00+00:00, run_after=2025-07-09 23:56:00+00:00
[2025-07-09T23:57:36.966+0000] {processor.py:183} INFO - Processing /home/airflow/.local/lib/python3.8/site-packages/airflow/example_dags/example_sla_dag.py took 0.133 seconds
[2025-07-09T23:58:07.086+0000] {processor.py:161} INFO - Started process (PID=503) to work on /home/airflow/.local/lib/python3.8/site-packages/airflow/example_dags/example_sla_dag.py
[2025-07-09T23:58:07.088+0000] {processor.py:830} INFO - Processing file /home/airflow/.local/lib/python3.8/site-packages/airflow/example_dags/example_sla_dag.py for tasks to queue
[2025-07-09T23:58:07.090+0000] {logging_mixin.py:188} INFO - [2025-07-09T23:58:07.089+0000] {dagbag.py:538} INFO - Filling up the DagBag from /home/airflow/.local/lib/python3.8/site-packages/airflow/example_dags/example_sla_dag.py
[2025-07-09T23:58:07.101+0000] {processor.py:840} INFO - DAG(s) 'example_sla_dag' retrieved from /home/airflow/.local/lib/python3.8/site-packages/airflow/example_dags/example_sla_dag.py
[2025-07-09T23:58:07.131+0000] {logging_mixin.py:188} INFO - [2025-07-09T23:58:07.131+0000] {dag.py:3036} INFO - Sync 1 DAGs
[2025-07-09T23:58:07.163+0000] {logging_mixin.py:188} INFO - [2025-07-09T23:58:07.163+0000] {dag.py:3823} INFO - Setting next_dagrun for example_sla_dag to 2025-07-09 23:56:00+00:00, run_after=2025-07-09 23:58:00+00:00
[2025-07-09T23:58:07.194+0000] {processor.py:183} INFO - Processing /home/airflow/.local/lib/python3.8/site-packages/airflow/example_dags/example_sla_dag.py took 0.112 seconds
[2025-07-09T23:58:37.305+0000] {processor.py:161} INFO - Started process (PID=559) to work on /home/airflow/.local/lib/python3.8/site-packages/airflow/example_dags/example_sla_dag.py
[2025-07-09T23:58:37.307+0000] {processor.py:830} INFO - Processing file /home/airflow/.local/lib/python3.8/site-packages/airflow/example_dags/example_sla_dag.py for tasks to queue
[2025-07-09T23:58:37.309+0000] {logging_mixin.py:188} INFO - [2025-07-09T23:58:37.309+0000] {dagbag.py:538} INFO - Filling up the DagBag from /home/airflow/.local/lib/python3.8/site-packages/airflow/example_dags/example_sla_dag.py
[2025-07-09T23:58:37.321+0000] {processor.py:840} INFO - DAG(s) 'example_sla_dag' retrieved from /home/airflow/.local/lib/python3.8/site-packages/airflow/example_dags/example_sla_dag.py
[2025-07-09T23:58:37.349+0000] {logging_mixin.py:188} INFO - [2025-07-09T23:58:37.349+0000] {dag.py:3036} INFO - Sync 1 DAGs
[2025-07-09T23:58:37.382+0000] {logging_mixin.py:188} INFO - [2025-07-09T23:58:37.382+0000] {dag.py:3823} INFO - Setting next_dagrun for example_sla_dag to 2025-07-09 23:56:00+00:00, run_after=2025-07-09 23:58:00+00:00
[2025-07-09T23:58:37.412+0000] {processor.py:183} INFO - Processing /home/airflow/.local/lib/python3.8/site-packages/airflow/example_dags/example_sla_dag.py took 0.112 seconds
[2025-07-09T23:59:08.186+0000] {processor.py:161} INFO - Started process (PID=615) to work on /home/airflow/.local/lib/python3.8/site-packages/airflow/example_dags/example_sla_dag.py
[2025-07-09T23:59:08.190+0000] {processor.py:830} INFO - Processing file /home/airflow/.local/lib/python3.8/site-packages/airflow/example_dags/example_sla_dag.py for tasks to queue
[2025-07-09T23:59:08.192+0000] {logging_mixin.py:188} INFO - [2025-07-09T23:59:08.191+0000] {dagbag.py:538} INFO - Filling up the DagBag from /home/airflow/.local/lib/python3.8/site-packages/airflow/example_dags/example_sla_dag.py
[2025-07-09T23:59:08.206+0000] {processor.py:840} INFO - DAG(s) 'example_sla_dag' retrieved from /home/airflow/.local/lib/python3.8/site-packages/airflow/example_dags/example_sla_dag.py
[2025-07-09T23:59:08.246+0000] {logging_mixin.py:188} INFO - [2025-07-09T23:59:08.246+0000] {dag.py:3036} INFO - Sync 1 DAGs
[2025-07-09T23:59:08.287+0000] {logging_mixin.py:188} INFO - [2025-07-09T23:59:08.286+0000] {dag.py:3823} INFO - Setting next_dagrun for example_sla_dag to 2025-07-09 23:56:00+00:00, run_after=2025-07-09 23:58:00+00:00
[2025-07-09T23:59:08.324+0000] {processor.py:183} INFO - Processing /home/airflow/.local/lib/python3.8/site-packages/airflow/example_dags/example_sla_dag.py took 0.144 seconds
[2025-07-09T23:59:38.688+0000] {processor.py:161} INFO - Started process (PID=671) to work on /home/airflow/.local/lib/python3.8/site-packages/airflow/example_dags/example_sla_dag.py
[2025-07-09T23:59:38.690+0000] {processor.py:830} INFO - Processing file /home/airflow/.local/lib/python3.8/site-packages/airflow/example_dags/example_sla_dag.py for tasks to queue
[2025-07-09T23:59:38.692+0000] {logging_mixin.py:188} INFO - [2025-07-09T23:59:38.691+0000] {dagbag.py:538} INFO - Filling up the DagBag from /home/airflow/.local/lib/python3.8/site-packages/airflow/example_dags/example_sla_dag.py
[2025-07-09T23:59:38.709+0000] {processor.py:840} INFO - DAG(s) 'example_sla_dag' retrieved from /home/airflow/.local/lib/python3.8/site-packages/airflow/example_dags/example_sla_dag.py
[2025-07-09T23:59:38.741+0000] {logging_mixin.py:188} INFO - [2025-07-09T23:59:38.741+0000] {dag.py:3036} INFO - Sync 1 DAGs
[2025-07-09T23:59:38.785+0000] {logging_mixin.py:188} INFO - [2025-07-09T23:59:38.785+0000] {dag.py:3823} INFO - Setting next_dagrun for example_sla_dag to 2025-07-09 23:56:00+00:00, run_after=2025-07-09 23:58:00+00:00
[2025-07-09T23:59:38.827+0000] {processor.py:183} INFO - Processing /home/airflow/.local/lib/python3.8/site-packages/airflow/example_dags/example_sla_dag.py took 0.145 seconds
