[2025-07-09T19:54:27.700+0000] {processor.py:161} INFO - Started process (PID=87) to work on /home/airflow/.local/lib/python3.8/site-packages/airflow/example_dags/tutorial_dag.py
[2025-07-09T19:54:27.703+0000] {processor.py:830} INFO - Processing file /home/airflow/.local/lib/python3.8/site-packages/airflow/example_dags/tutorial_dag.py for tasks to queue
[2025-07-09T19:54:27.708+0000] {logging_mixin.py:188} INFO - [2025-07-09T19:54:27.707+0000] {dagbag.py:538} INFO - Filling up the DagBag from /home/airflow/.local/lib/python3.8/site-packages/airflow/example_dags/tutorial_dag.py
[2025-07-09T19:54:27.724+0000] {processor.py:840} INFO - DAG(s) 'tutorial_dag' retrieved from /home/airflow/.local/lib/python3.8/site-packages/airflow/example_dags/tutorial_dag.py
[2025-07-09T19:54:27.892+0000] {logging_mixin.py:188} INFO - [2025-07-09T19:54:27.892+0000] {dag.py:3036} INFO - Sync 1 DAGs
[2025-07-09T19:54:27.911+0000] {logging_mixin.py:188} INFO - [2025-07-09T19:54:27.910+0000] {dag.py:3823} INFO - Setting next_dagrun for tutorial_dag to None, run_after=None
[2025-07-09T19:54:27.954+0000] {processor.py:183} INFO - Processing /home/airflow/.local/lib/python3.8/site-packages/airflow/example_dags/tutorial_dag.py took 0.262 seconds
[2025-07-09T19:54:58.079+0000] {processor.py:161} INFO - Started process (PID=143) to work on /home/airflow/.local/lib/python3.8/site-packages/airflow/example_dags/tutorial_dag.py
[2025-07-09T19:54:58.081+0000] {processor.py:830} INFO - Processing file /home/airflow/.local/lib/python3.8/site-packages/airflow/example_dags/tutorial_dag.py for tasks to queue
[2025-07-09T19:54:58.084+0000] {logging_mixin.py:188} INFO - [2025-07-09T19:54:58.083+0000] {dagbag.py:538} INFO - Filling up the DagBag from /home/airflow/.local/lib/python3.8/site-packages/airflow/example_dags/tutorial_dag.py
[2025-07-09T19:54:58.092+0000] {processor.py:840} INFO - DAG(s) 'tutorial_dag' retrieved from /home/airflow/.local/lib/python3.8/site-packages/airflow/example_dags/tutorial_dag.py
[2025-07-09T19:54:58.120+0000] {logging_mixin.py:188} INFO - [2025-07-09T19:54:58.120+0000] {dag.py:3036} INFO - Sync 1 DAGs
[2025-07-09T19:54:58.136+0000] {logging_mixin.py:188} INFO - [2025-07-09T19:54:58.136+0000] {dag.py:3823} INFO - Setting next_dagrun for tutorial_dag to None, run_after=None
[2025-07-09T19:54:58.177+0000] {processor.py:183} INFO - Processing /home/airflow/.local/lib/python3.8/site-packages/airflow/example_dags/tutorial_dag.py took 0.102 seconds
[2025-07-09T19:55:28.226+0000] {processor.py:161} INFO - Started process (PID=200) to work on /home/airflow/.local/lib/python3.8/site-packages/airflow/example_dags/tutorial_dag.py
[2025-07-09T19:55:28.228+0000] {processor.py:830} INFO - Processing file /home/airflow/.local/lib/python3.8/site-packages/airflow/example_dags/tutorial_dag.py for tasks to queue
[2025-07-09T19:55:28.231+0000] {logging_mixin.py:188} INFO - [2025-07-09T19:55:28.231+0000] {dagbag.py:538} INFO - Filling up the DagBag from /home/airflow/.local/lib/python3.8/site-packages/airflow/example_dags/tutorial_dag.py
[2025-07-09T19:55:28.240+0000] {processor.py:840} INFO - DAG(s) 'tutorial_dag' retrieved from /home/airflow/.local/lib/python3.8/site-packages/airflow/example_dags/tutorial_dag.py
[2025-07-09T19:55:28.269+0000] {logging_mixin.py:188} INFO - [2025-07-09T19:55:28.269+0000] {dag.py:3036} INFO - Sync 1 DAGs
[2025-07-09T19:55:28.285+0000] {logging_mixin.py:188} INFO - [2025-07-09T19:55:28.285+0000] {dag.py:3823} INFO - Setting next_dagrun for tutorial_dag to None, run_after=None
[2025-07-09T19:55:28.312+0000] {processor.py:183} INFO - Processing /home/airflow/.local/lib/python3.8/site-packages/airflow/example_dags/tutorial_dag.py took 0.089 seconds
[2025-07-09T19:55:58.531+0000] {processor.py:161} INFO - Started process (PID=257) to work on /home/airflow/.local/lib/python3.8/site-packages/airflow/example_dags/tutorial_dag.py
[2025-07-09T19:55:58.533+0000] {processor.py:830} INFO - Processing file /home/airflow/.local/lib/python3.8/site-packages/airflow/example_dags/tutorial_dag.py for tasks to queue
[2025-07-09T19:55:58.536+0000] {logging_mixin.py:188} INFO - [2025-07-09T19:55:58.536+0000] {dagbag.py:538} INFO - Filling up the DagBag from /home/airflow/.local/lib/python3.8/site-packages/airflow/example_dags/tutorial_dag.py
[2025-07-09T19:55:58.546+0000] {processor.py:840} INFO - DAG(s) 'tutorial_dag' retrieved from /home/airflow/.local/lib/python3.8/site-packages/airflow/example_dags/tutorial_dag.py
[2025-07-09T19:55:58.588+0000] {logging_mixin.py:188} INFO - [2025-07-09T19:55:58.588+0000] {dag.py:3036} INFO - Sync 1 DAGs
[2025-07-09T19:55:58.608+0000] {logging_mixin.py:188} INFO - [2025-07-09T19:55:58.608+0000] {dag.py:3823} INFO - Setting next_dagrun for tutorial_dag to None, run_after=None
[2025-07-09T19:55:58.637+0000] {processor.py:183} INFO - Processing /home/airflow/.local/lib/python3.8/site-packages/airflow/example_dags/tutorial_dag.py took 0.112 seconds
[2025-07-09T19:56:29.750+0000] {processor.py:161} INFO - Started process (PID=318) to work on /home/airflow/.local/lib/python3.8/site-packages/airflow/example_dags/tutorial_dag.py
[2025-07-09T19:56:29.753+0000] {processor.py:830} INFO - Processing file /home/airflow/.local/lib/python3.8/site-packages/airflow/example_dags/tutorial_dag.py for tasks to queue
[2025-07-09T19:56:29.760+0000] {logging_mixin.py:188} INFO - [2025-07-09T19:56:29.759+0000] {dagbag.py:538} INFO - Filling up the DagBag from /home/airflow/.local/lib/python3.8/site-packages/airflow/example_dags/tutorial_dag.py
[2025-07-09T19:56:29.776+0000] {processor.py:840} INFO - DAG(s) 'tutorial_dag' retrieved from /home/airflow/.local/lib/python3.8/site-packages/airflow/example_dags/tutorial_dag.py
[2025-07-09T19:56:29.823+0000] {logging_mixin.py:188} INFO - [2025-07-09T19:56:29.823+0000] {dag.py:3036} INFO - Sync 1 DAGs
[2025-07-09T19:56:29.846+0000] {logging_mixin.py:188} INFO - [2025-07-09T19:56:29.845+0000] {dag.py:3823} INFO - Setting next_dagrun for tutorial_dag to None, run_after=None
[2025-07-09T19:56:29.895+0000] {processor.py:183} INFO - Processing /home/airflow/.local/lib/python3.8/site-packages/airflow/example_dags/tutorial_dag.py took 0.154 seconds
[2025-07-09T19:57:00.939+0000] {processor.py:161} INFO - Started process (PID=374) to work on /home/airflow/.local/lib/python3.8/site-packages/airflow/example_dags/tutorial_dag.py
[2025-07-09T19:57:00.941+0000] {processor.py:830} INFO - Processing file /home/airflow/.local/lib/python3.8/site-packages/airflow/example_dags/tutorial_dag.py for tasks to queue
[2025-07-09T19:57:00.944+0000] {logging_mixin.py:188} INFO - [2025-07-09T19:57:00.943+0000] {dagbag.py:538} INFO - Filling up the DagBag from /home/airflow/.local/lib/python3.8/site-packages/airflow/example_dags/tutorial_dag.py
[2025-07-09T19:57:00.951+0000] {processor.py:840} INFO - DAG(s) 'tutorial_dag' retrieved from /home/airflow/.local/lib/python3.8/site-packages/airflow/example_dags/tutorial_dag.py
[2025-07-09T19:57:00.978+0000] {logging_mixin.py:188} INFO - [2025-07-09T19:57:00.977+0000] {dag.py:3036} INFO - Sync 1 DAGs
[2025-07-09T19:57:00.993+0000] {logging_mixin.py:188} INFO - [2025-07-09T19:57:00.993+0000] {dag.py:3823} INFO - Setting next_dagrun for tutorial_dag to None, run_after=None
[2025-07-09T19:57:01.018+0000] {processor.py:183} INFO - Processing /home/airflow/.local/lib/python3.8/site-packages/airflow/example_dags/tutorial_dag.py took 0.083 seconds
[2025-07-09T19:57:31.507+0000] {processor.py:161} INFO - Started process (PID=430) to work on /home/airflow/.local/lib/python3.8/site-packages/airflow/example_dags/tutorial_dag.py
[2025-07-09T19:57:31.509+0000] {processor.py:830} INFO - Processing file /home/airflow/.local/lib/python3.8/site-packages/airflow/example_dags/tutorial_dag.py for tasks to queue
[2025-07-09T19:57:31.512+0000] {logging_mixin.py:188} INFO - [2025-07-09T19:57:31.511+0000] {dagbag.py:538} INFO - Filling up the DagBag from /home/airflow/.local/lib/python3.8/site-packages/airflow/example_dags/tutorial_dag.py
[2025-07-09T19:57:31.519+0000] {processor.py:840} INFO - DAG(s) 'tutorial_dag' retrieved from /home/airflow/.local/lib/python3.8/site-packages/airflow/example_dags/tutorial_dag.py
[2025-07-09T19:57:31.547+0000] {logging_mixin.py:188} INFO - [2025-07-09T19:57:31.546+0000] {dag.py:3036} INFO - Sync 1 DAGs
[2025-07-09T19:57:31.561+0000] {logging_mixin.py:188} INFO - [2025-07-09T19:57:31.560+0000] {dag.py:3823} INFO - Setting next_dagrun for tutorial_dag to None, run_after=None
[2025-07-09T19:57:31.585+0000] {processor.py:183} INFO - Processing /home/airflow/.local/lib/python3.8/site-packages/airflow/example_dags/tutorial_dag.py took 0.082 seconds
[2025-07-09T19:58:01.947+0000] {processor.py:161} INFO - Started process (PID=497) to work on /home/airflow/.local/lib/python3.8/site-packages/airflow/example_dags/tutorial_dag.py
[2025-07-09T19:58:01.949+0000] {processor.py:830} INFO - Processing file /home/airflow/.local/lib/python3.8/site-packages/airflow/example_dags/tutorial_dag.py for tasks to queue
[2025-07-09T19:58:01.952+0000] {logging_mixin.py:188} INFO - [2025-07-09T19:58:01.951+0000] {dagbag.py:538} INFO - Filling up the DagBag from /home/airflow/.local/lib/python3.8/site-packages/airflow/example_dags/tutorial_dag.py
[2025-07-09T19:58:01.959+0000] {processor.py:840} INFO - DAG(s) 'tutorial_dag' retrieved from /home/airflow/.local/lib/python3.8/site-packages/airflow/example_dags/tutorial_dag.py
[2025-07-09T19:58:01.986+0000] {logging_mixin.py:188} INFO - [2025-07-09T19:58:01.986+0000] {dag.py:3036} INFO - Sync 1 DAGs
[2025-07-09T19:58:02.001+0000] {logging_mixin.py:188} INFO - [2025-07-09T19:58:02.001+0000] {dag.py:3823} INFO - Setting next_dagrun for tutorial_dag to None, run_after=None
[2025-07-09T19:58:02.031+0000] {processor.py:183} INFO - Processing /home/airflow/.local/lib/python3.8/site-packages/airflow/example_dags/tutorial_dag.py took 0.088 seconds
[2025-07-09T19:58:32.320+0000] {processor.py:161} INFO - Started process (PID=554) to work on /home/airflow/.local/lib/python3.8/site-packages/airflow/example_dags/tutorial_dag.py
[2025-07-09T19:58:32.322+0000] {processor.py:830} INFO - Processing file /home/airflow/.local/lib/python3.8/site-packages/airflow/example_dags/tutorial_dag.py for tasks to queue
[2025-07-09T19:58:32.324+0000] {logging_mixin.py:188} INFO - [2025-07-09T19:58:32.324+0000] {dagbag.py:538} INFO - Filling up the DagBag from /home/airflow/.local/lib/python3.8/site-packages/airflow/example_dags/tutorial_dag.py
[2025-07-09T19:58:32.332+0000] {processor.py:840} INFO - DAG(s) 'tutorial_dag' retrieved from /home/airflow/.local/lib/python3.8/site-packages/airflow/example_dags/tutorial_dag.py
[2025-07-09T19:58:32.360+0000] {logging_mixin.py:188} INFO - [2025-07-09T19:58:32.359+0000] {dag.py:3036} INFO - Sync 1 DAGs
[2025-07-09T19:58:32.375+0000] {logging_mixin.py:188} INFO - [2025-07-09T19:58:32.375+0000] {dag.py:3823} INFO - Setting next_dagrun for tutorial_dag to None, run_after=None
[2025-07-09T19:58:32.402+0000] {processor.py:183} INFO - Processing /home/airflow/.local/lib/python3.8/site-packages/airflow/example_dags/tutorial_dag.py took 0.086 seconds
[2025-07-09T19:59:02.911+0000] {processor.py:161} INFO - Started process (PID=616) to work on /home/airflow/.local/lib/python3.8/site-packages/airflow/example_dags/tutorial_dag.py
[2025-07-09T19:59:02.913+0000] {processor.py:830} INFO - Processing file /home/airflow/.local/lib/python3.8/site-packages/airflow/example_dags/tutorial_dag.py for tasks to queue
[2025-07-09T19:59:02.916+0000] {logging_mixin.py:188} INFO - [2025-07-09T19:59:02.916+0000] {dagbag.py:538} INFO - Filling up the DagBag from /home/airflow/.local/lib/python3.8/site-packages/airflow/example_dags/tutorial_dag.py
[2025-07-09T19:59:02.924+0000] {processor.py:840} INFO - DAG(s) 'tutorial_dag' retrieved from /home/airflow/.local/lib/python3.8/site-packages/airflow/example_dags/tutorial_dag.py
[2025-07-09T19:59:02.956+0000] {logging_mixin.py:188} INFO - [2025-07-09T19:59:02.955+0000] {dag.py:3036} INFO - Sync 1 DAGs
[2025-07-09T19:59:02.974+0000] {logging_mixin.py:188} INFO - [2025-07-09T19:59:02.973+0000] {dag.py:3823} INFO - Setting next_dagrun for tutorial_dag to None, run_after=None
[2025-07-09T19:59:03.005+0000] {processor.py:183} INFO - Processing /home/airflow/.local/lib/python3.8/site-packages/airflow/example_dags/tutorial_dag.py took 0.100 seconds
[2025-07-09T19:59:33.750+0000] {processor.py:161} INFO - Started process (PID=673) to work on /home/airflow/.local/lib/python3.8/site-packages/airflow/example_dags/tutorial_dag.py
[2025-07-09T19:59:33.754+0000] {processor.py:830} INFO - Processing file /home/airflow/.local/lib/python3.8/site-packages/airflow/example_dags/tutorial_dag.py for tasks to queue
[2025-07-09T19:59:33.757+0000] {logging_mixin.py:188} INFO - [2025-07-09T19:59:33.756+0000] {dagbag.py:538} INFO - Filling up the DagBag from /home/airflow/.local/lib/python3.8/site-packages/airflow/example_dags/tutorial_dag.py
[2025-07-09T19:59:33.773+0000] {processor.py:840} INFO - DAG(s) 'tutorial_dag' retrieved from /home/airflow/.local/lib/python3.8/site-packages/airflow/example_dags/tutorial_dag.py
[2025-07-09T19:59:33.801+0000] {logging_mixin.py:188} INFO - [2025-07-09T19:59:33.801+0000] {dag.py:3036} INFO - Sync 1 DAGs
[2025-07-09T19:59:33.815+0000] {logging_mixin.py:188} INFO - [2025-07-09T19:59:33.815+0000] {dag.py:3823} INFO - Setting next_dagrun for tutorial_dag to None, run_after=None
[2025-07-09T19:59:33.841+0000] {processor.py:183} INFO - Processing /home/airflow/.local/lib/python3.8/site-packages/airflow/example_dags/tutorial_dag.py took 0.096 seconds
[2025-07-09T20:00:04.404+0000] {processor.py:161} INFO - Started process (PID=730) to work on /home/airflow/.local/lib/python3.8/site-packages/airflow/example_dags/tutorial_dag.py
[2025-07-09T20:00:04.408+0000] {processor.py:830} INFO - Processing file /home/airflow/.local/lib/python3.8/site-packages/airflow/example_dags/tutorial_dag.py for tasks to queue
[2025-07-09T20:00:04.412+0000] {logging_mixin.py:188} INFO - [2025-07-09T20:00:04.411+0000] {dagbag.py:538} INFO - Filling up the DagBag from /home/airflow/.local/lib/python3.8/site-packages/airflow/example_dags/tutorial_dag.py
[2025-07-09T20:00:04.421+0000] {processor.py:840} INFO - DAG(s) 'tutorial_dag' retrieved from /home/airflow/.local/lib/python3.8/site-packages/airflow/example_dags/tutorial_dag.py
[2025-07-09T20:00:04.452+0000] {logging_mixin.py:188} INFO - [2025-07-09T20:00:04.451+0000] {dag.py:3036} INFO - Sync 1 DAGs
[2025-07-09T20:00:04.467+0000] {logging_mixin.py:188} INFO - [2025-07-09T20:00:04.466+0000] {dag.py:3823} INFO - Setting next_dagrun for tutorial_dag to None, run_after=None
[2025-07-09T20:00:04.497+0000] {processor.py:183} INFO - Processing /home/airflow/.local/lib/python3.8/site-packages/airflow/example_dags/tutorial_dag.py took 0.097 seconds
[2025-07-09T20:00:35.847+0000] {processor.py:161} INFO - Started process (PID=786) to work on /home/airflow/.local/lib/python3.8/site-packages/airflow/example_dags/tutorial_dag.py
[2025-07-09T20:00:35.849+0000] {processor.py:830} INFO - Processing file /home/airflow/.local/lib/python3.8/site-packages/airflow/example_dags/tutorial_dag.py for tasks to queue
[2025-07-09T20:00:35.852+0000] {logging_mixin.py:188} INFO - [2025-07-09T20:00:35.851+0000] {dagbag.py:538} INFO - Filling up the DagBag from /home/airflow/.local/lib/python3.8/site-packages/airflow/example_dags/tutorial_dag.py
[2025-07-09T20:00:35.862+0000] {processor.py:840} INFO - DAG(s) 'tutorial_dag' retrieved from /home/airflow/.local/lib/python3.8/site-packages/airflow/example_dags/tutorial_dag.py
[2025-07-09T20:00:35.892+0000] {logging_mixin.py:188} INFO - [2025-07-09T20:00:35.891+0000] {dag.py:3036} INFO - Sync 1 DAGs
[2025-07-09T20:00:35.910+0000] {logging_mixin.py:188} INFO - [2025-07-09T20:00:35.910+0000] {dag.py:3823} INFO - Setting next_dagrun for tutorial_dag to None, run_after=None
[2025-07-09T20:00:35.992+0000] {processor.py:183} INFO - Processing /home/airflow/.local/lib/python3.8/site-packages/airflow/example_dags/tutorial_dag.py took 0.150 seconds
[2025-07-09T22:49:02.675+0000] {processor.py:161} INFO - Started process (PID=835) to work on /home/airflow/.local/lib/python3.8/site-packages/airflow/example_dags/tutorial_dag.py
[2025-07-09T22:49:02.679+0000] {processor.py:830} INFO - Processing file /home/airflow/.local/lib/python3.8/site-packages/airflow/example_dags/tutorial_dag.py for tasks to queue
[2025-07-09T22:49:02.684+0000] {logging_mixin.py:188} INFO - [2025-07-09T22:49:02.684+0000] {dagbag.py:538} INFO - Filling up the DagBag from /home/airflow/.local/lib/python3.8/site-packages/airflow/example_dags/tutorial_dag.py
[2025-07-09T22:49:02.698+0000] {processor.py:840} INFO - DAG(s) 'tutorial_dag' retrieved from /home/airflow/.local/lib/python3.8/site-packages/airflow/example_dags/tutorial_dag.py
[2025-07-09T22:49:02.744+0000] {logging_mixin.py:188} INFO - [2025-07-09T22:49:02.743+0000] {dag.py:3036} INFO - Sync 1 DAGs
[2025-07-09T22:49:02.771+0000] {logging_mixin.py:188} INFO - [2025-07-09T22:49:02.770+0000] {dag.py:3823} INFO - Setting next_dagrun for tutorial_dag to None, run_after=None
[2025-07-09T22:49:02.816+0000] {processor.py:183} INFO - Processing /home/airflow/.local/lib/python3.8/site-packages/airflow/example_dags/tutorial_dag.py took 0.149 seconds
[2025-07-09T22:49:33.933+0000] {processor.py:161} INFO - Started process (PID=892) to work on /home/airflow/.local/lib/python3.8/site-packages/airflow/example_dags/tutorial_dag.py
[2025-07-09T22:49:33.935+0000] {processor.py:830} INFO - Processing file /home/airflow/.local/lib/python3.8/site-packages/airflow/example_dags/tutorial_dag.py for tasks to queue
[2025-07-09T22:49:33.938+0000] {logging_mixin.py:188} INFO - [2025-07-09T22:49:33.937+0000] {dagbag.py:538} INFO - Filling up the DagBag from /home/airflow/.local/lib/python3.8/site-packages/airflow/example_dags/tutorial_dag.py
[2025-07-09T22:49:33.946+0000] {processor.py:840} INFO - DAG(s) 'tutorial_dag' retrieved from /home/airflow/.local/lib/python3.8/site-packages/airflow/example_dags/tutorial_dag.py
[2025-07-09T22:49:33.971+0000] {logging_mixin.py:188} INFO - [2025-07-09T22:49:33.971+0000] {dag.py:3036} INFO - Sync 1 DAGs
[2025-07-09T22:49:33.988+0000] {logging_mixin.py:188} INFO - [2025-07-09T22:49:33.988+0000] {dag.py:3823} INFO - Setting next_dagrun for tutorial_dag to None, run_after=None
[2025-07-09T22:49:34.013+0000] {processor.py:183} INFO - Processing /home/airflow/.local/lib/python3.8/site-packages/airflow/example_dags/tutorial_dag.py took 0.084 seconds
[2025-07-09T22:50:04.505+0000] {processor.py:161} INFO - Started process (PID=949) to work on /home/airflow/.local/lib/python3.8/site-packages/airflow/example_dags/tutorial_dag.py
[2025-07-09T22:50:04.508+0000] {processor.py:830} INFO - Processing file /home/airflow/.local/lib/python3.8/site-packages/airflow/example_dags/tutorial_dag.py for tasks to queue
[2025-07-09T22:50:04.511+0000] {logging_mixin.py:188} INFO - [2025-07-09T22:50:04.511+0000] {dagbag.py:538} INFO - Filling up the DagBag from /home/airflow/.local/lib/python3.8/site-packages/airflow/example_dags/tutorial_dag.py
[2025-07-09T22:50:04.522+0000] {processor.py:840} INFO - DAG(s) 'tutorial_dag' retrieved from /home/airflow/.local/lib/python3.8/site-packages/airflow/example_dags/tutorial_dag.py
[2025-07-09T22:50:04.557+0000] {logging_mixin.py:188} INFO - [2025-07-09T22:50:04.557+0000] {dag.py:3036} INFO - Sync 1 DAGs
[2025-07-09T22:50:04.573+0000] {logging_mixin.py:188} INFO - [2025-07-09T22:50:04.573+0000] {dag.py:3823} INFO - Setting next_dagrun for tutorial_dag to None, run_after=None
[2025-07-09T22:50:04.609+0000] {processor.py:183} INFO - Processing /home/airflow/.local/lib/python3.8/site-packages/airflow/example_dags/tutorial_dag.py took 0.110 seconds
[2025-07-09T22:50:34.711+0000] {processor.py:161} INFO - Started process (PID=1005) to work on /home/airflow/.local/lib/python3.8/site-packages/airflow/example_dags/tutorial_dag.py
[2025-07-09T22:50:34.713+0000] {processor.py:830} INFO - Processing file /home/airflow/.local/lib/python3.8/site-packages/airflow/example_dags/tutorial_dag.py for tasks to queue
[2025-07-09T22:50:34.716+0000] {logging_mixin.py:188} INFO - [2025-07-09T22:50:34.716+0000] {dagbag.py:538} INFO - Filling up the DagBag from /home/airflow/.local/lib/python3.8/site-packages/airflow/example_dags/tutorial_dag.py
[2025-07-09T22:50:34.725+0000] {processor.py:840} INFO - DAG(s) 'tutorial_dag' retrieved from /home/airflow/.local/lib/python3.8/site-packages/airflow/example_dags/tutorial_dag.py
[2025-07-09T22:50:34.756+0000] {logging_mixin.py:188} INFO - [2025-07-09T22:50:34.756+0000] {dag.py:3036} INFO - Sync 1 DAGs
[2025-07-09T22:50:34.773+0000] {logging_mixin.py:188} INFO - [2025-07-09T22:50:34.773+0000] {dag.py:3823} INFO - Setting next_dagrun for tutorial_dag to None, run_after=None
[2025-07-09T22:50:34.817+0000] {processor.py:183} INFO - Processing /home/airflow/.local/lib/python3.8/site-packages/airflow/example_dags/tutorial_dag.py took 0.103 seconds
[2025-07-09T22:51:04.947+0000] {processor.py:161} INFO - Started process (PID=1062) to work on /home/airflow/.local/lib/python3.8/site-packages/airflow/example_dags/tutorial_dag.py
[2025-07-09T22:51:04.950+0000] {processor.py:830} INFO - Processing file /home/airflow/.local/lib/python3.8/site-packages/airflow/example_dags/tutorial_dag.py for tasks to queue
[2025-07-09T22:51:04.956+0000] {logging_mixin.py:188} INFO - [2025-07-09T22:51:04.955+0000] {dagbag.py:538} INFO - Filling up the DagBag from /home/airflow/.local/lib/python3.8/site-packages/airflow/example_dags/tutorial_dag.py
[2025-07-09T22:51:04.967+0000] {processor.py:840} INFO - DAG(s) 'tutorial_dag' retrieved from /home/airflow/.local/lib/python3.8/site-packages/airflow/example_dags/tutorial_dag.py
[2025-07-09T22:51:05.000+0000] {logging_mixin.py:188} INFO - [2025-07-09T22:51:05.000+0000] {dag.py:3036} INFO - Sync 1 DAGs
[2025-07-09T22:51:05.018+0000] {logging_mixin.py:188} INFO - [2025-07-09T22:51:05.018+0000] {dag.py:3823} INFO - Setting next_dagrun for tutorial_dag to None, run_after=None
[2025-07-09T22:51:05.054+0000] {processor.py:183} INFO - Processing /home/airflow/.local/lib/python3.8/site-packages/airflow/example_dags/tutorial_dag.py took 0.117 seconds
[2025-07-09T22:51:35.824+0000] {processor.py:161} INFO - Started process (PID=1125) to work on /home/airflow/.local/lib/python3.8/site-packages/airflow/example_dags/tutorial_dag.py
[2025-07-09T22:51:35.826+0000] {processor.py:830} INFO - Processing file /home/airflow/.local/lib/python3.8/site-packages/airflow/example_dags/tutorial_dag.py for tasks to queue
[2025-07-09T22:51:35.829+0000] {logging_mixin.py:188} INFO - [2025-07-09T22:51:35.829+0000] {dagbag.py:538} INFO - Filling up the DagBag from /home/airflow/.local/lib/python3.8/site-packages/airflow/example_dags/tutorial_dag.py
[2025-07-09T22:51:35.839+0000] {processor.py:840} INFO - DAG(s) 'tutorial_dag' retrieved from /home/airflow/.local/lib/python3.8/site-packages/airflow/example_dags/tutorial_dag.py
[2025-07-09T22:51:35.870+0000] {logging_mixin.py:188} INFO - [2025-07-09T22:51:35.869+0000] {dag.py:3036} INFO - Sync 1 DAGs
[2025-07-09T22:51:35.887+0000] {logging_mixin.py:188} INFO - [2025-07-09T22:51:35.887+0000] {dag.py:3823} INFO - Setting next_dagrun for tutorial_dag to None, run_after=None
[2025-07-09T22:51:35.927+0000] {processor.py:183} INFO - Processing /home/airflow/.local/lib/python3.8/site-packages/airflow/example_dags/tutorial_dag.py took 0.108 seconds
[2025-07-09T22:52:05.969+0000] {processor.py:161} INFO - Started process (PID=1181) to work on /home/airflow/.local/lib/python3.8/site-packages/airflow/example_dags/tutorial_dag.py
[2025-07-09T22:52:05.971+0000] {processor.py:830} INFO - Processing file /home/airflow/.local/lib/python3.8/site-packages/airflow/example_dags/tutorial_dag.py for tasks to queue
[2025-07-09T22:52:05.973+0000] {logging_mixin.py:188} INFO - [2025-07-09T22:52:05.973+0000] {dagbag.py:538} INFO - Filling up the DagBag from /home/airflow/.local/lib/python3.8/site-packages/airflow/example_dags/tutorial_dag.py
[2025-07-09T22:52:05.981+0000] {processor.py:840} INFO - DAG(s) 'tutorial_dag' retrieved from /home/airflow/.local/lib/python3.8/site-packages/airflow/example_dags/tutorial_dag.py
[2025-07-09T22:52:06.020+0000] {logging_mixin.py:188} INFO - [2025-07-09T22:52:06.019+0000] {dag.py:3036} INFO - Sync 1 DAGs
[2025-07-09T22:52:06.036+0000] {logging_mixin.py:188} INFO - [2025-07-09T22:52:06.036+0000] {dag.py:3823} INFO - Setting next_dagrun for tutorial_dag to None, run_after=None
[2025-07-09T22:52:06.066+0000] {processor.py:183} INFO - Processing /home/airflow/.local/lib/python3.8/site-packages/airflow/example_dags/tutorial_dag.py took 0.101 seconds
[2025-07-09T22:52:36.411+0000] {processor.py:161} INFO - Started process (PID=1238) to work on /home/airflow/.local/lib/python3.8/site-packages/airflow/example_dags/tutorial_dag.py
[2025-07-09T22:52:36.412+0000] {processor.py:830} INFO - Processing file /home/airflow/.local/lib/python3.8/site-packages/airflow/example_dags/tutorial_dag.py for tasks to queue
[2025-07-09T22:52:36.415+0000] {logging_mixin.py:188} INFO - [2025-07-09T22:52:36.415+0000] {dagbag.py:538} INFO - Filling up the DagBag from /home/airflow/.local/lib/python3.8/site-packages/airflow/example_dags/tutorial_dag.py
[2025-07-09T22:52:36.423+0000] {processor.py:840} INFO - DAG(s) 'tutorial_dag' retrieved from /home/airflow/.local/lib/python3.8/site-packages/airflow/example_dags/tutorial_dag.py
[2025-07-09T22:52:36.450+0000] {logging_mixin.py:188} INFO - [2025-07-09T22:52:36.450+0000] {dag.py:3036} INFO - Sync 1 DAGs
[2025-07-09T22:52:36.467+0000] {logging_mixin.py:188} INFO - [2025-07-09T22:52:36.467+0000] {dag.py:3823} INFO - Setting next_dagrun for tutorial_dag to None, run_after=None
[2025-07-09T22:52:36.499+0000] {processor.py:183} INFO - Processing /home/airflow/.local/lib/python3.8/site-packages/airflow/example_dags/tutorial_dag.py took 0.093 seconds
[2025-07-09T22:53:07.026+0000] {processor.py:161} INFO - Started process (PID=1296) to work on /home/airflow/.local/lib/python3.8/site-packages/airflow/example_dags/tutorial_dag.py
[2025-07-09T22:53:07.028+0000] {processor.py:830} INFO - Processing file /home/airflow/.local/lib/python3.8/site-packages/airflow/example_dags/tutorial_dag.py for tasks to queue
[2025-07-09T22:53:07.031+0000] {logging_mixin.py:188} INFO - [2025-07-09T22:53:07.031+0000] {dagbag.py:538} INFO - Filling up the DagBag from /home/airflow/.local/lib/python3.8/site-packages/airflow/example_dags/tutorial_dag.py
[2025-07-09T22:53:07.041+0000] {processor.py:840} INFO - DAG(s) 'tutorial_dag' retrieved from /home/airflow/.local/lib/python3.8/site-packages/airflow/example_dags/tutorial_dag.py
[2025-07-09T22:53:07.074+0000] {logging_mixin.py:188} INFO - [2025-07-09T22:53:07.074+0000] {dag.py:3036} INFO - Sync 1 DAGs
[2025-07-09T22:53:07.092+0000] {logging_mixin.py:188} INFO - [2025-07-09T22:53:07.092+0000] {dag.py:3823} INFO - Setting next_dagrun for tutorial_dag to None, run_after=None
[2025-07-09T22:53:07.129+0000] {processor.py:183} INFO - Processing /home/airflow/.local/lib/python3.8/site-packages/airflow/example_dags/tutorial_dag.py took 0.107 seconds
[2025-07-09T22:53:38.658+0000] {processor.py:161} INFO - Started process (PID=1352) to work on /home/airflow/.local/lib/python3.8/site-packages/airflow/example_dags/tutorial_dag.py
[2025-07-09T22:53:38.660+0000] {processor.py:830} INFO - Processing file /home/airflow/.local/lib/python3.8/site-packages/airflow/example_dags/tutorial_dag.py for tasks to queue
[2025-07-09T22:53:38.666+0000] {logging_mixin.py:188} INFO - [2025-07-09T22:53:38.665+0000] {dagbag.py:538} INFO - Filling up the DagBag from /home/airflow/.local/lib/python3.8/site-packages/airflow/example_dags/tutorial_dag.py
[2025-07-09T22:53:38.680+0000] {processor.py:840} INFO - DAG(s) 'tutorial_dag' retrieved from /home/airflow/.local/lib/python3.8/site-packages/airflow/example_dags/tutorial_dag.py
[2025-07-09T22:53:38.728+0000] {logging_mixin.py:188} INFO - [2025-07-09T22:53:38.728+0000] {dag.py:3036} INFO - Sync 1 DAGs
[2025-07-09T22:53:38.765+0000] {logging_mixin.py:188} INFO - [2025-07-09T22:53:38.765+0000] {dag.py:3823} INFO - Setting next_dagrun for tutorial_dag to None, run_after=None
[2025-07-09T22:53:38.809+0000] {processor.py:183} INFO - Processing /home/airflow/.local/lib/python3.8/site-packages/airflow/example_dags/tutorial_dag.py took 0.159 seconds
[2025-07-09T22:54:09.052+0000] {processor.py:161} INFO - Started process (PID=1408) to work on /home/airflow/.local/lib/python3.8/site-packages/airflow/example_dags/tutorial_dag.py
[2025-07-09T22:54:09.056+0000] {processor.py:830} INFO - Processing file /home/airflow/.local/lib/python3.8/site-packages/airflow/example_dags/tutorial_dag.py for tasks to queue
[2025-07-09T22:54:09.062+0000] {logging_mixin.py:188} INFO - [2025-07-09T22:54:09.061+0000] {dagbag.py:538} INFO - Filling up the DagBag from /home/airflow/.local/lib/python3.8/site-packages/airflow/example_dags/tutorial_dag.py
[2025-07-09T22:54:09.073+0000] {processor.py:840} INFO - DAG(s) 'tutorial_dag' retrieved from /home/airflow/.local/lib/python3.8/site-packages/airflow/example_dags/tutorial_dag.py
[2025-07-09T22:54:09.123+0000] {logging_mixin.py:188} INFO - [2025-07-09T22:54:09.122+0000] {dag.py:3036} INFO - Sync 1 DAGs
[2025-07-09T22:54:09.150+0000] {logging_mixin.py:188} INFO - [2025-07-09T22:54:09.149+0000] {dag.py:3823} INFO - Setting next_dagrun for tutorial_dag to None, run_after=None
[2025-07-09T22:54:09.200+0000] {processor.py:183} INFO - Processing /home/airflow/.local/lib/python3.8/site-packages/airflow/example_dags/tutorial_dag.py took 0.153 seconds
[2025-07-09T22:54:39.401+0000] {processor.py:161} INFO - Started process (PID=1465) to work on /home/airflow/.local/lib/python3.8/site-packages/airflow/example_dags/tutorial_dag.py
[2025-07-09T22:54:39.404+0000] {processor.py:830} INFO - Processing file /home/airflow/.local/lib/python3.8/site-packages/airflow/example_dags/tutorial_dag.py for tasks to queue
[2025-07-09T22:54:39.408+0000] {logging_mixin.py:188} INFO - [2025-07-09T22:54:39.407+0000] {dagbag.py:538} INFO - Filling up the DagBag from /home/airflow/.local/lib/python3.8/site-packages/airflow/example_dags/tutorial_dag.py
[2025-07-09T22:54:39.419+0000] {processor.py:840} INFO - DAG(s) 'tutorial_dag' retrieved from /home/airflow/.local/lib/python3.8/site-packages/airflow/example_dags/tutorial_dag.py
[2025-07-09T22:54:39.464+0000] {logging_mixin.py:188} INFO - [2025-07-09T22:54:39.464+0000] {dag.py:3036} INFO - Sync 1 DAGs
[2025-07-09T22:54:39.481+0000] {logging_mixin.py:188} INFO - [2025-07-09T22:54:39.481+0000] {dag.py:3823} INFO - Setting next_dagrun for tutorial_dag to None, run_after=None
[2025-07-09T22:54:39.522+0000] {processor.py:183} INFO - Processing /home/airflow/.local/lib/python3.8/site-packages/airflow/example_dags/tutorial_dag.py took 0.128 seconds
[2025-07-09T22:55:10.491+0000] {processor.py:161} INFO - Started process (PID=1522) to work on /home/airflow/.local/lib/python3.8/site-packages/airflow/example_dags/tutorial_dag.py
[2025-07-09T22:55:10.493+0000] {processor.py:830} INFO - Processing file /home/airflow/.local/lib/python3.8/site-packages/airflow/example_dags/tutorial_dag.py for tasks to queue
[2025-07-09T22:55:10.496+0000] {logging_mixin.py:188} INFO - [2025-07-09T22:55:10.496+0000] {dagbag.py:538} INFO - Filling up the DagBag from /home/airflow/.local/lib/python3.8/site-packages/airflow/example_dags/tutorial_dag.py
[2025-07-09T22:55:10.506+0000] {processor.py:840} INFO - DAG(s) 'tutorial_dag' retrieved from /home/airflow/.local/lib/python3.8/site-packages/airflow/example_dags/tutorial_dag.py
[2025-07-09T22:55:10.539+0000] {logging_mixin.py:188} INFO - [2025-07-09T22:55:10.539+0000] {dag.py:3036} INFO - Sync 1 DAGs
[2025-07-09T22:55:10.557+0000] {logging_mixin.py:188} INFO - [2025-07-09T22:55:10.557+0000] {dag.py:3823} INFO - Setting next_dagrun for tutorial_dag to None, run_after=None
[2025-07-09T22:55:10.588+0000] {processor.py:183} INFO - Processing /home/airflow/.local/lib/python3.8/site-packages/airflow/example_dags/tutorial_dag.py took 0.103 seconds
[2025-07-09T22:55:40.899+0000] {processor.py:161} INFO - Started process (PID=1579) to work on /home/airflow/.local/lib/python3.8/site-packages/airflow/example_dags/tutorial_dag.py
[2025-07-09T22:55:40.902+0000] {processor.py:830} INFO - Processing file /home/airflow/.local/lib/python3.8/site-packages/airflow/example_dags/tutorial_dag.py for tasks to queue
[2025-07-09T22:55:40.905+0000] {logging_mixin.py:188} INFO - [2025-07-09T22:55:40.904+0000] {dagbag.py:538} INFO - Filling up the DagBag from /home/airflow/.local/lib/python3.8/site-packages/airflow/example_dags/tutorial_dag.py
[2025-07-09T22:55:40.913+0000] {processor.py:840} INFO - DAG(s) 'tutorial_dag' retrieved from /home/airflow/.local/lib/python3.8/site-packages/airflow/example_dags/tutorial_dag.py
[2025-07-09T22:55:40.946+0000] {logging_mixin.py:188} INFO - [2025-07-09T22:55:40.946+0000] {dag.py:3036} INFO - Sync 1 DAGs
[2025-07-09T22:55:40.966+0000] {logging_mixin.py:188} INFO - [2025-07-09T22:55:40.966+0000] {dag.py:3823} INFO - Setting next_dagrun for tutorial_dag to None, run_after=None
[2025-07-09T22:55:41.001+0000] {processor.py:183} INFO - Processing /home/airflow/.local/lib/python3.8/site-packages/airflow/example_dags/tutorial_dag.py took 0.107 seconds
[2025-07-09T22:56:11.538+0000] {processor.py:161} INFO - Started process (PID=1636) to work on /home/airflow/.local/lib/python3.8/site-packages/airflow/example_dags/tutorial_dag.py
[2025-07-09T22:56:11.540+0000] {processor.py:830} INFO - Processing file /home/airflow/.local/lib/python3.8/site-packages/airflow/example_dags/tutorial_dag.py for tasks to queue
[2025-07-09T22:56:11.543+0000] {logging_mixin.py:188} INFO - [2025-07-09T22:56:11.543+0000] {dagbag.py:538} INFO - Filling up the DagBag from /home/airflow/.local/lib/python3.8/site-packages/airflow/example_dags/tutorial_dag.py
[2025-07-09T22:56:11.551+0000] {processor.py:840} INFO - DAG(s) 'tutorial_dag' retrieved from /home/airflow/.local/lib/python3.8/site-packages/airflow/example_dags/tutorial_dag.py
[2025-07-09T22:56:11.580+0000] {logging_mixin.py:188} INFO - [2025-07-09T22:56:11.579+0000] {dag.py:3036} INFO - Sync 1 DAGs
[2025-07-09T22:56:11.596+0000] {logging_mixin.py:188} INFO - [2025-07-09T22:56:11.596+0000] {dag.py:3823} INFO - Setting next_dagrun for tutorial_dag to None, run_after=None
[2025-07-09T22:56:11.625+0000] {processor.py:183} INFO - Processing /home/airflow/.local/lib/python3.8/site-packages/airflow/example_dags/tutorial_dag.py took 0.091 seconds
[2025-07-09T23:01:55.686+0000] {processor.py:161} INFO - Started process (PID=88) to work on /home/airflow/.local/lib/python3.8/site-packages/airflow/example_dags/tutorial_dag.py
[2025-07-09T23:01:55.692+0000] {processor.py:830} INFO - Processing file /home/airflow/.local/lib/python3.8/site-packages/airflow/example_dags/tutorial_dag.py for tasks to queue
[2025-07-09T23:01:55.698+0000] {logging_mixin.py:188} INFO - [2025-07-09T23:01:55.697+0000] {dagbag.py:538} INFO - Filling up the DagBag from /home/airflow/.local/lib/python3.8/site-packages/airflow/example_dags/tutorial_dag.py
[2025-07-09T23:01:55.725+0000] {processor.py:840} INFO - DAG(s) 'tutorial_dag' retrieved from /home/airflow/.local/lib/python3.8/site-packages/airflow/example_dags/tutorial_dag.py
[2025-07-09T23:01:55.942+0000] {logging_mixin.py:188} INFO - [2025-07-09T23:01:55.941+0000] {override.py:1769} INFO - Created Permission View: can edit on DAG:tutorial_dag
[2025-07-09T23:01:55.965+0000] {logging_mixin.py:188} INFO - [2025-07-09T23:01:55.964+0000] {override.py:1769} INFO - Created Permission View: can delete on DAG:tutorial_dag
[2025-07-09T23:01:55.981+0000] {logging_mixin.py:188} INFO - [2025-07-09T23:01:55.981+0000] {override.py:1769} INFO - Created Permission View: can read on DAG:tutorial_dag
[2025-07-09T23:01:55.983+0000] {logging_mixin.py:188} INFO - [2025-07-09T23:01:55.982+0000] {dag.py:3036} INFO - Sync 1 DAGs
[2025-07-09T23:01:56.003+0000] {logging_mixin.py:188} INFO - [2025-07-09T23:01:56.002+0000] {dag.py:3058} INFO - Creating ORM DAG for tutorial_dag
[2025-07-09T23:01:56.005+0000] {logging_mixin.py:188} INFO - [2025-07-09T23:01:56.005+0000] {dag.py:3823} INFO - Setting next_dagrun for tutorial_dag to None, run_after=None
[2025-07-09T23:01:56.047+0000] {processor.py:183} INFO - Processing /home/airflow/.local/lib/python3.8/site-packages/airflow/example_dags/tutorial_dag.py took 0.372 seconds
[2025-07-09T23:02:26.688+0000] {processor.py:161} INFO - Started process (PID=144) to work on /home/airflow/.local/lib/python3.8/site-packages/airflow/example_dags/tutorial_dag.py
[2025-07-09T23:02:26.706+0000] {processor.py:830} INFO - Processing file /home/airflow/.local/lib/python3.8/site-packages/airflow/example_dags/tutorial_dag.py for tasks to queue
[2025-07-09T23:02:26.711+0000] {logging_mixin.py:188} INFO - [2025-07-09T23:02:26.710+0000] {dagbag.py:538} INFO - Filling up the DagBag from /home/airflow/.local/lib/python3.8/site-packages/airflow/example_dags/tutorial_dag.py
[2025-07-09T23:02:26.725+0000] {processor.py:840} INFO - DAG(s) 'tutorial_dag' retrieved from /home/airflow/.local/lib/python3.8/site-packages/airflow/example_dags/tutorial_dag.py
[2025-07-09T23:02:26.764+0000] {logging_mixin.py:188} INFO - [2025-07-09T23:02:26.764+0000] {dag.py:3036} INFO - Sync 1 DAGs
[2025-07-09T23:02:26.782+0000] {logging_mixin.py:188} INFO - [2025-07-09T23:02:26.782+0000] {dag.py:3823} INFO - Setting next_dagrun for tutorial_dag to None, run_after=None
[2025-07-09T23:02:26.927+0000] {processor.py:183} INFO - Processing /home/airflow/.local/lib/python3.8/site-packages/airflow/example_dags/tutorial_dag.py took 0.244 seconds
[2025-07-09T23:02:57.222+0000] {processor.py:161} INFO - Started process (PID=204) to work on /home/airflow/.local/lib/python3.8/site-packages/airflow/example_dags/tutorial_dag.py
[2025-07-09T23:02:57.224+0000] {processor.py:830} INFO - Processing file /home/airflow/.local/lib/python3.8/site-packages/airflow/example_dags/tutorial_dag.py for tasks to queue
[2025-07-09T23:02:57.229+0000] {logging_mixin.py:188} INFO - [2025-07-09T23:02:57.228+0000] {dagbag.py:538} INFO - Filling up the DagBag from /home/airflow/.local/lib/python3.8/site-packages/airflow/example_dags/tutorial_dag.py
[2025-07-09T23:02:57.239+0000] {processor.py:840} INFO - DAG(s) 'tutorial_dag' retrieved from /home/airflow/.local/lib/python3.8/site-packages/airflow/example_dags/tutorial_dag.py
[2025-07-09T23:02:57.277+0000] {logging_mixin.py:188} INFO - [2025-07-09T23:02:57.277+0000] {dag.py:3036} INFO - Sync 1 DAGs
[2025-07-09T23:02:57.297+0000] {logging_mixin.py:188} INFO - [2025-07-09T23:02:57.297+0000] {dag.py:3823} INFO - Setting next_dagrun for tutorial_dag to None, run_after=None
[2025-07-09T23:02:57.326+0000] {processor.py:183} INFO - Processing /home/airflow/.local/lib/python3.8/site-packages/airflow/example_dags/tutorial_dag.py took 0.110 seconds
[2025-07-09T23:03:27.498+0000] {processor.py:161} INFO - Started process (PID=264) to work on /home/airflow/.local/lib/python3.8/site-packages/airflow/example_dags/tutorial_dag.py
[2025-07-09T23:03:27.501+0000] {processor.py:830} INFO - Processing file /home/airflow/.local/lib/python3.8/site-packages/airflow/example_dags/tutorial_dag.py for tasks to queue
[2025-07-09T23:03:27.505+0000] {logging_mixin.py:188} INFO - [2025-07-09T23:03:27.504+0000] {dagbag.py:538} INFO - Filling up the DagBag from /home/airflow/.local/lib/python3.8/site-packages/airflow/example_dags/tutorial_dag.py
[2025-07-09T23:03:27.517+0000] {processor.py:840} INFO - DAG(s) 'tutorial_dag' retrieved from /home/airflow/.local/lib/python3.8/site-packages/airflow/example_dags/tutorial_dag.py
[2025-07-09T23:03:27.568+0000] {logging_mixin.py:188} INFO - [2025-07-09T23:03:27.568+0000] {dag.py:3036} INFO - Sync 1 DAGs
[2025-07-09T23:03:27.588+0000] {logging_mixin.py:188} INFO - [2025-07-09T23:03:27.587+0000] {dag.py:3823} INFO - Setting next_dagrun for tutorial_dag to None, run_after=None
[2025-07-09T23:03:27.628+0000] {processor.py:183} INFO - Processing /home/airflow/.local/lib/python3.8/site-packages/airflow/example_dags/tutorial_dag.py took 0.138 seconds
[2025-07-09T23:03:57.890+0000] {processor.py:161} INFO - Started process (PID=321) to work on /home/airflow/.local/lib/python3.8/site-packages/airflow/example_dags/tutorial_dag.py
[2025-07-09T23:03:57.891+0000] {processor.py:830} INFO - Processing file /home/airflow/.local/lib/python3.8/site-packages/airflow/example_dags/tutorial_dag.py for tasks to queue
[2025-07-09T23:03:57.894+0000] {logging_mixin.py:188} INFO - [2025-07-09T23:03:57.894+0000] {dagbag.py:538} INFO - Filling up the DagBag from /home/airflow/.local/lib/python3.8/site-packages/airflow/example_dags/tutorial_dag.py
[2025-07-09T23:03:57.901+0000] {processor.py:840} INFO - DAG(s) 'tutorial_dag' retrieved from /home/airflow/.local/lib/python3.8/site-packages/airflow/example_dags/tutorial_dag.py
[2025-07-09T23:03:57.930+0000] {logging_mixin.py:188} INFO - [2025-07-09T23:03:57.930+0000] {dag.py:3036} INFO - Sync 1 DAGs
[2025-07-09T23:03:57.944+0000] {logging_mixin.py:188} INFO - [2025-07-09T23:03:57.944+0000] {dag.py:3823} INFO - Setting next_dagrun for tutorial_dag to None, run_after=None
[2025-07-09T23:03:57.971+0000] {processor.py:183} INFO - Processing /home/airflow/.local/lib/python3.8/site-packages/airflow/example_dags/tutorial_dag.py took 0.085 seconds
[2025-07-09T23:04:28.441+0000] {processor.py:161} INFO - Started process (PID=382) to work on /home/airflow/.local/lib/python3.8/site-packages/airflow/example_dags/tutorial_dag.py
[2025-07-09T23:04:28.443+0000] {processor.py:830} INFO - Processing file /home/airflow/.local/lib/python3.8/site-packages/airflow/example_dags/tutorial_dag.py for tasks to queue
[2025-07-09T23:04:28.446+0000] {logging_mixin.py:188} INFO - [2025-07-09T23:04:28.446+0000] {dagbag.py:538} INFO - Filling up the DagBag from /home/airflow/.local/lib/python3.8/site-packages/airflow/example_dags/tutorial_dag.py
[2025-07-09T23:04:28.454+0000] {processor.py:840} INFO - DAG(s) 'tutorial_dag' retrieved from /home/airflow/.local/lib/python3.8/site-packages/airflow/example_dags/tutorial_dag.py
[2025-07-09T23:04:28.484+0000] {logging_mixin.py:188} INFO - [2025-07-09T23:04:28.484+0000] {dag.py:3036} INFO - Sync 1 DAGs
[2025-07-09T23:04:28.519+0000] {logging_mixin.py:188} INFO - [2025-07-09T23:04:28.519+0000] {dag.py:3823} INFO - Setting next_dagrun for tutorial_dag to None, run_after=None
[2025-07-09T23:04:28.549+0000] {processor.py:183} INFO - Processing /home/airflow/.local/lib/python3.8/site-packages/airflow/example_dags/tutorial_dag.py took 0.112 seconds
[2025-07-09T23:04:59.426+0000] {processor.py:161} INFO - Started process (PID=439) to work on /home/airflow/.local/lib/python3.8/site-packages/airflow/example_dags/tutorial_dag.py
[2025-07-09T23:04:59.428+0000] {processor.py:830} INFO - Processing file /home/airflow/.local/lib/python3.8/site-packages/airflow/example_dags/tutorial_dag.py for tasks to queue
[2025-07-09T23:04:59.431+0000] {logging_mixin.py:188} INFO - [2025-07-09T23:04:59.430+0000] {dagbag.py:538} INFO - Filling up the DagBag from /home/airflow/.local/lib/python3.8/site-packages/airflow/example_dags/tutorial_dag.py
[2025-07-09T23:04:59.440+0000] {processor.py:840} INFO - DAG(s) 'tutorial_dag' retrieved from /home/airflow/.local/lib/python3.8/site-packages/airflow/example_dags/tutorial_dag.py
[2025-07-09T23:04:59.488+0000] {logging_mixin.py:188} INFO - [2025-07-09T23:04:59.487+0000] {dag.py:3036} INFO - Sync 1 DAGs
[2025-07-09T23:04:59.503+0000] {logging_mixin.py:188} INFO - [2025-07-09T23:04:59.503+0000] {dag.py:3823} INFO - Setting next_dagrun for tutorial_dag to None, run_after=None
[2025-07-09T23:04:59.531+0000] {processor.py:183} INFO - Processing /home/airflow/.local/lib/python3.8/site-packages/airflow/example_dags/tutorial_dag.py took 0.109 seconds
[2025-07-09T23:05:29.874+0000] {processor.py:161} INFO - Started process (PID=497) to work on /home/airflow/.local/lib/python3.8/site-packages/airflow/example_dags/tutorial_dag.py
[2025-07-09T23:05:29.876+0000] {processor.py:830} INFO - Processing file /home/airflow/.local/lib/python3.8/site-packages/airflow/example_dags/tutorial_dag.py for tasks to queue
[2025-07-09T23:05:29.879+0000] {logging_mixin.py:188} INFO - [2025-07-09T23:05:29.879+0000] {dagbag.py:538} INFO - Filling up the DagBag from /home/airflow/.local/lib/python3.8/site-packages/airflow/example_dags/tutorial_dag.py
[2025-07-09T23:05:29.888+0000] {processor.py:840} INFO - DAG(s) 'tutorial_dag' retrieved from /home/airflow/.local/lib/python3.8/site-packages/airflow/example_dags/tutorial_dag.py
[2025-07-09T23:05:29.916+0000] {logging_mixin.py:188} INFO - [2025-07-09T23:05:29.916+0000] {dag.py:3036} INFO - Sync 1 DAGs
[2025-07-09T23:05:29.931+0000] {logging_mixin.py:188} INFO - [2025-07-09T23:05:29.931+0000] {dag.py:3823} INFO - Setting next_dagrun for tutorial_dag to None, run_after=None
[2025-07-09T23:05:29.965+0000] {processor.py:183} INFO - Processing /home/airflow/.local/lib/python3.8/site-packages/airflow/example_dags/tutorial_dag.py took 0.098 seconds
[2025-07-09T23:06:00.017+0000] {processor.py:161} INFO - Started process (PID=554) to work on /home/airflow/.local/lib/python3.8/site-packages/airflow/example_dags/tutorial_dag.py
[2025-07-09T23:06:00.019+0000] {processor.py:830} INFO - Processing file /home/airflow/.local/lib/python3.8/site-packages/airflow/example_dags/tutorial_dag.py for tasks to queue
[2025-07-09T23:06:00.022+0000] {logging_mixin.py:188} INFO - [2025-07-09T23:06:00.021+0000] {dagbag.py:538} INFO - Filling up the DagBag from /home/airflow/.local/lib/python3.8/site-packages/airflow/example_dags/tutorial_dag.py
[2025-07-09T23:06:00.031+0000] {processor.py:840} INFO - DAG(s) 'tutorial_dag' retrieved from /home/airflow/.local/lib/python3.8/site-packages/airflow/example_dags/tutorial_dag.py
[2025-07-09T23:06:00.062+0000] {logging_mixin.py:188} INFO - [2025-07-09T23:06:00.062+0000] {dag.py:3036} INFO - Sync 1 DAGs
[2025-07-09T23:06:00.085+0000] {logging_mixin.py:188} INFO - [2025-07-09T23:06:00.084+0000] {dag.py:3823} INFO - Setting next_dagrun for tutorial_dag to None, run_after=None
[2025-07-09T23:06:00.129+0000] {processor.py:183} INFO - Processing /home/airflow/.local/lib/python3.8/site-packages/airflow/example_dags/tutorial_dag.py took 0.117 seconds
[2025-07-09T23:06:31.814+0000] {processor.py:161} INFO - Started process (PID=610) to work on /home/airflow/.local/lib/python3.8/site-packages/airflow/example_dags/tutorial_dag.py
[2025-07-09T23:06:31.825+0000] {processor.py:830} INFO - Processing file /home/airflow/.local/lib/python3.8/site-packages/airflow/example_dags/tutorial_dag.py for tasks to queue
[2025-07-09T23:06:31.836+0000] {logging_mixin.py:188} INFO - [2025-07-09T23:06:31.836+0000] {dagbag.py:538} INFO - Filling up the DagBag from /home/airflow/.local/lib/python3.8/site-packages/airflow/example_dags/tutorial_dag.py
[2025-07-09T23:06:31.854+0000] {processor.py:840} INFO - DAG(s) 'tutorial_dag' retrieved from /home/airflow/.local/lib/python3.8/site-packages/airflow/example_dags/tutorial_dag.py
[2025-07-09T23:06:31.895+0000] {logging_mixin.py:188} INFO - [2025-07-09T23:06:31.895+0000] {dag.py:3036} INFO - Sync 1 DAGs
[2025-07-09T23:06:31.919+0000] {logging_mixin.py:188} INFO - [2025-07-09T23:06:31.918+0000] {dag.py:3823} INFO - Setting next_dagrun for tutorial_dag to None, run_after=None
[2025-07-09T23:06:31.954+0000] {processor.py:183} INFO - Processing /home/airflow/.local/lib/python3.8/site-packages/airflow/example_dags/tutorial_dag.py took 0.145 seconds
[2025-07-09T23:07:02.604+0000] {processor.py:161} INFO - Started process (PID=666) to work on /home/airflow/.local/lib/python3.8/site-packages/airflow/example_dags/tutorial_dag.py
[2025-07-09T23:07:02.609+0000] {processor.py:830} INFO - Processing file /home/airflow/.local/lib/python3.8/site-packages/airflow/example_dags/tutorial_dag.py for tasks to queue
[2025-07-09T23:07:02.613+0000] {logging_mixin.py:188} INFO - [2025-07-09T23:07:02.613+0000] {dagbag.py:538} INFO - Filling up the DagBag from /home/airflow/.local/lib/python3.8/site-packages/airflow/example_dags/tutorial_dag.py
[2025-07-09T23:07:02.627+0000] {processor.py:840} INFO - DAG(s) 'tutorial_dag' retrieved from /home/airflow/.local/lib/python3.8/site-packages/airflow/example_dags/tutorial_dag.py
[2025-07-09T23:07:02.687+0000] {logging_mixin.py:188} INFO - [2025-07-09T23:07:02.686+0000] {dag.py:3036} INFO - Sync 1 DAGs
[2025-07-09T23:07:02.722+0000] {logging_mixin.py:188} INFO - [2025-07-09T23:07:02.722+0000] {dag.py:3823} INFO - Setting next_dagrun for tutorial_dag to None, run_after=None
[2025-07-09T23:07:02.756+0000] {processor.py:183} INFO - Processing /home/airflow/.local/lib/python3.8/site-packages/airflow/example_dags/tutorial_dag.py took 0.161 seconds
[2025-07-09T23:07:32.957+0000] {processor.py:161} INFO - Started process (PID=723) to work on /home/airflow/.local/lib/python3.8/site-packages/airflow/example_dags/tutorial_dag.py
[2025-07-09T23:07:32.959+0000] {processor.py:830} INFO - Processing file /home/airflow/.local/lib/python3.8/site-packages/airflow/example_dags/tutorial_dag.py for tasks to queue
[2025-07-09T23:07:32.963+0000] {logging_mixin.py:188} INFO - [2025-07-09T23:07:32.962+0000] {dagbag.py:538} INFO - Filling up the DagBag from /home/airflow/.local/lib/python3.8/site-packages/airflow/example_dags/tutorial_dag.py
[2025-07-09T23:07:32.974+0000] {processor.py:840} INFO - DAG(s) 'tutorial_dag' retrieved from /home/airflow/.local/lib/python3.8/site-packages/airflow/example_dags/tutorial_dag.py
[2025-07-09T23:07:33.006+0000] {logging_mixin.py:188} INFO - [2025-07-09T23:07:33.006+0000] {dag.py:3036} INFO - Sync 1 DAGs
[2025-07-09T23:07:33.021+0000] {logging_mixin.py:188} INFO - [2025-07-09T23:07:33.021+0000] {dag.py:3823} INFO - Setting next_dagrun for tutorial_dag to None, run_after=None
[2025-07-09T23:07:33.052+0000] {processor.py:183} INFO - Processing /home/airflow/.local/lib/python3.8/site-packages/airflow/example_dags/tutorial_dag.py took 0.100 seconds
[2025-07-09T23:08:03.508+0000] {processor.py:161} INFO - Started process (PID=780) to work on /home/airflow/.local/lib/python3.8/site-packages/airflow/example_dags/tutorial_dag.py
[2025-07-09T23:08:03.510+0000] {processor.py:830} INFO - Processing file /home/airflow/.local/lib/python3.8/site-packages/airflow/example_dags/tutorial_dag.py for tasks to queue
[2025-07-09T23:08:03.515+0000] {logging_mixin.py:188} INFO - [2025-07-09T23:08:03.514+0000] {dagbag.py:538} INFO - Filling up the DagBag from /home/airflow/.local/lib/python3.8/site-packages/airflow/example_dags/tutorial_dag.py
[2025-07-09T23:08:03.527+0000] {processor.py:840} INFO - DAG(s) 'tutorial_dag' retrieved from /home/airflow/.local/lib/python3.8/site-packages/airflow/example_dags/tutorial_dag.py
[2025-07-09T23:08:03.563+0000] {logging_mixin.py:188} INFO - [2025-07-09T23:08:03.562+0000] {dag.py:3036} INFO - Sync 1 DAGs
[2025-07-09T23:08:03.589+0000] {logging_mixin.py:188} INFO - [2025-07-09T23:08:03.589+0000] {dag.py:3823} INFO - Setting next_dagrun for tutorial_dag to None, run_after=None
[2025-07-09T23:08:03.623+0000] {processor.py:183} INFO - Processing /home/airflow/.local/lib/python3.8/site-packages/airflow/example_dags/tutorial_dag.py took 0.119 seconds
[2025-07-09T23:08:34.501+0000] {processor.py:161} INFO - Started process (PID=837) to work on /home/airflow/.local/lib/python3.8/site-packages/airflow/example_dags/tutorial_dag.py
[2025-07-09T23:08:34.504+0000] {processor.py:830} INFO - Processing file /home/airflow/.local/lib/python3.8/site-packages/airflow/example_dags/tutorial_dag.py for tasks to queue
[2025-07-09T23:08:34.508+0000] {logging_mixin.py:188} INFO - [2025-07-09T23:08:34.507+0000] {dagbag.py:538} INFO - Filling up the DagBag from /home/airflow/.local/lib/python3.8/site-packages/airflow/example_dags/tutorial_dag.py
[2025-07-09T23:08:34.519+0000] {processor.py:840} INFO - DAG(s) 'tutorial_dag' retrieved from /home/airflow/.local/lib/python3.8/site-packages/airflow/example_dags/tutorial_dag.py
[2025-07-09T23:08:34.555+0000] {logging_mixin.py:188} INFO - [2025-07-09T23:08:34.554+0000] {dag.py:3036} INFO - Sync 1 DAGs
[2025-07-09T23:08:34.575+0000] {logging_mixin.py:188} INFO - [2025-07-09T23:08:34.575+0000] {dag.py:3823} INFO - Setting next_dagrun for tutorial_dag to None, run_after=None
[2025-07-09T23:08:34.610+0000] {processor.py:183} INFO - Processing /home/airflow/.local/lib/python3.8/site-packages/airflow/example_dags/tutorial_dag.py took 0.117 seconds
[2025-07-09T23:49:51.280+0000] {processor.py:161} INFO - Started process (PID=82) to work on /home/airflow/.local/lib/python3.8/site-packages/airflow/example_dags/tutorial_dag.py
[2025-07-09T23:49:51.282+0000] {processor.py:830} INFO - Processing file /home/airflow/.local/lib/python3.8/site-packages/airflow/example_dags/tutorial_dag.py for tasks to queue
[2025-07-09T23:49:51.288+0000] {logging_mixin.py:188} INFO - [2025-07-09T23:49:51.287+0000] {dagbag.py:538} INFO - Filling up the DagBag from /home/airflow/.local/lib/python3.8/site-packages/airflow/example_dags/tutorial_dag.py
[2025-07-09T23:49:51.304+0000] {processor.py:840} INFO - DAG(s) 'tutorial_dag' retrieved from /home/airflow/.local/lib/python3.8/site-packages/airflow/example_dags/tutorial_dag.py
[2025-07-09T23:49:51.505+0000] {logging_mixin.py:188} INFO - [2025-07-09T23:49:51.504+0000] {override.py:1769} INFO - Created Permission View: can delete on DAG:tutorial_dag
[2025-07-09T23:49:51.530+0000] {logging_mixin.py:188} INFO - [2025-07-09T23:49:51.530+0000] {override.py:1769} INFO - Created Permission View: can read on DAG:tutorial_dag
[2025-07-09T23:49:51.551+0000] {logging_mixin.py:188} INFO - [2025-07-09T23:49:51.551+0000] {override.py:1769} INFO - Created Permission View: can edit on DAG:tutorial_dag
[2025-07-09T23:49:51.553+0000] {logging_mixin.py:188} INFO - [2025-07-09T23:49:51.553+0000] {dag.py:3036} INFO - Sync 1 DAGs
[2025-07-09T23:49:51.574+0000] {logging_mixin.py:188} INFO - [2025-07-09T23:49:51.574+0000] {dag.py:3058} INFO - Creating ORM DAG for tutorial_dag
[2025-07-09T23:49:51.577+0000] {logging_mixin.py:188} INFO - [2025-07-09T23:49:51.576+0000] {dag.py:3823} INFO - Setting next_dagrun for tutorial_dag to None, run_after=None
[2025-07-09T23:49:51.615+0000] {processor.py:183} INFO - Processing /home/airflow/.local/lib/python3.8/site-packages/airflow/example_dags/tutorial_dag.py took 0.342 seconds
[2025-07-09T23:50:21.712+0000] {processor.py:161} INFO - Started process (PID=138) to work on /home/airflow/.local/lib/python3.8/site-packages/airflow/example_dags/tutorial_dag.py
[2025-07-09T23:50:21.714+0000] {processor.py:830} INFO - Processing file /home/airflow/.local/lib/python3.8/site-packages/airflow/example_dags/tutorial_dag.py for tasks to queue
[2025-07-09T23:50:21.717+0000] {logging_mixin.py:188} INFO - [2025-07-09T23:50:21.717+0000] {dagbag.py:538} INFO - Filling up the DagBag from /home/airflow/.local/lib/python3.8/site-packages/airflow/example_dags/tutorial_dag.py
[2025-07-09T23:50:21.726+0000] {processor.py:840} INFO - DAG(s) 'tutorial_dag' retrieved from /home/airflow/.local/lib/python3.8/site-packages/airflow/example_dags/tutorial_dag.py
[2025-07-09T23:50:21.757+0000] {logging_mixin.py:188} INFO - [2025-07-09T23:50:21.756+0000] {dag.py:3036} INFO - Sync 1 DAGs
[2025-07-09T23:50:21.773+0000] {logging_mixin.py:188} INFO - [2025-07-09T23:50:21.773+0000] {dag.py:3823} INFO - Setting next_dagrun for tutorial_dag to None, run_after=None
[2025-07-09T23:50:21.802+0000] {processor.py:183} INFO - Processing /home/airflow/.local/lib/python3.8/site-packages/airflow/example_dags/tutorial_dag.py took 0.094 seconds
[2025-07-09T23:54:30.679+0000] {processor.py:161} INFO - Started process (PID=89) to work on /home/airflow/.local/lib/python3.8/site-packages/airflow/example_dags/tutorial_dag.py
[2025-07-09T23:54:30.683+0000] {processor.py:830} INFO - Processing file /home/airflow/.local/lib/python3.8/site-packages/airflow/example_dags/tutorial_dag.py for tasks to queue
[2025-07-09T23:54:30.687+0000] {logging_mixin.py:188} INFO - [2025-07-09T23:54:30.686+0000] {dagbag.py:538} INFO - Filling up the DagBag from /home/airflow/.local/lib/python3.8/site-packages/airflow/example_dags/tutorial_dag.py
[2025-07-09T23:54:30.700+0000] {processor.py:840} INFO - DAG(s) 'tutorial_dag' retrieved from /home/airflow/.local/lib/python3.8/site-packages/airflow/example_dags/tutorial_dag.py
[2025-07-09T23:54:30.830+0000] {logging_mixin.py:188} INFO - [2025-07-09T23:54:30.829+0000] {override.py:1769} INFO - Created Permission View: can edit on DAG:tutorial_dag
[2025-07-09T23:54:30.847+0000] {logging_mixin.py:188} INFO - [2025-07-09T23:54:30.846+0000] {override.py:1769} INFO - Created Permission View: can read on DAG:tutorial_dag
[2025-07-09T23:54:30.862+0000] {logging_mixin.py:188} INFO - [2025-07-09T23:54:30.861+0000] {override.py:1769} INFO - Created Permission View: can delete on DAG:tutorial_dag
[2025-07-09T23:54:30.863+0000] {logging_mixin.py:188} INFO - [2025-07-09T23:54:30.863+0000] {dag.py:3036} INFO - Sync 1 DAGs
[2025-07-09T23:54:30.876+0000] {logging_mixin.py:188} INFO - [2025-07-09T23:54:30.876+0000] {dag.py:3058} INFO - Creating ORM DAG for tutorial_dag
[2025-07-09T23:54:30.878+0000] {logging_mixin.py:188} INFO - [2025-07-09T23:54:30.878+0000] {dag.py:3823} INFO - Setting next_dagrun for tutorial_dag to None, run_after=None
[2025-07-09T23:54:30.903+0000] {processor.py:183} INFO - Processing /home/airflow/.local/lib/python3.8/site-packages/airflow/example_dags/tutorial_dag.py took 0.230 seconds
[2025-07-09T23:55:01.918+0000] {processor.py:161} INFO - Started process (PID=145) to work on /home/airflow/.local/lib/python3.8/site-packages/airflow/example_dags/tutorial_dag.py
[2025-07-09T23:55:01.921+0000] {processor.py:830} INFO - Processing file /home/airflow/.local/lib/python3.8/site-packages/airflow/example_dags/tutorial_dag.py for tasks to queue
[2025-07-09T23:55:01.925+0000] {logging_mixin.py:188} INFO - [2025-07-09T23:55:01.924+0000] {dagbag.py:538} INFO - Filling up the DagBag from /home/airflow/.local/lib/python3.8/site-packages/airflow/example_dags/tutorial_dag.py
[2025-07-09T23:55:01.934+0000] {processor.py:840} INFO - DAG(s) 'tutorial_dag' retrieved from /home/airflow/.local/lib/python3.8/site-packages/airflow/example_dags/tutorial_dag.py
[2025-07-09T23:55:01.967+0000] {logging_mixin.py:188} INFO - [2025-07-09T23:55:01.966+0000] {dag.py:3036} INFO - Sync 1 DAGs
[2025-07-09T23:55:01.983+0000] {logging_mixin.py:188} INFO - [2025-07-09T23:55:01.983+0000] {dag.py:3823} INFO - Setting next_dagrun for tutorial_dag to None, run_after=None
[2025-07-09T23:55:02.019+0000] {processor.py:183} INFO - Processing /home/airflow/.local/lib/python3.8/site-packages/airflow/example_dags/tutorial_dag.py took 0.111 seconds
[2025-07-09T23:55:32.936+0000] {processor.py:161} INFO - Started process (PID=205) to work on /home/airflow/.local/lib/python3.8/site-packages/airflow/example_dags/tutorial_dag.py
[2025-07-09T23:55:32.938+0000] {processor.py:830} INFO - Processing file /home/airflow/.local/lib/python3.8/site-packages/airflow/example_dags/tutorial_dag.py for tasks to queue
[2025-07-09T23:55:32.941+0000] {logging_mixin.py:188} INFO - [2025-07-09T23:55:32.941+0000] {dagbag.py:538} INFO - Filling up the DagBag from /home/airflow/.local/lib/python3.8/site-packages/airflow/example_dags/tutorial_dag.py
[2025-07-09T23:55:32.950+0000] {processor.py:840} INFO - DAG(s) 'tutorial_dag' retrieved from /home/airflow/.local/lib/python3.8/site-packages/airflow/example_dags/tutorial_dag.py
[2025-07-09T23:55:32.978+0000] {logging_mixin.py:188} INFO - [2025-07-09T23:55:32.978+0000] {dag.py:3036} INFO - Sync 1 DAGs
[2025-07-09T23:55:32.993+0000] {logging_mixin.py:188} INFO - [2025-07-09T23:55:32.993+0000] {dag.py:3823} INFO - Setting next_dagrun for tutorial_dag to None, run_after=None
[2025-07-09T23:55:33.020+0000] {processor.py:183} INFO - Processing /home/airflow/.local/lib/python3.8/site-packages/airflow/example_dags/tutorial_dag.py took 0.088 seconds
[2025-07-09T23:56:03.781+0000] {processor.py:161} INFO - Started process (PID=266) to work on /home/airflow/.local/lib/python3.8/site-packages/airflow/example_dags/tutorial_dag.py
[2025-07-09T23:56:03.789+0000] {processor.py:830} INFO - Processing file /home/airflow/.local/lib/python3.8/site-packages/airflow/example_dags/tutorial_dag.py for tasks to queue
[2025-07-09T23:56:03.793+0000] {logging_mixin.py:188} INFO - [2025-07-09T23:56:03.793+0000] {dagbag.py:538} INFO - Filling up the DagBag from /home/airflow/.local/lib/python3.8/site-packages/airflow/example_dags/tutorial_dag.py
[2025-07-09T23:56:03.801+0000] {processor.py:840} INFO - DAG(s) 'tutorial_dag' retrieved from /home/airflow/.local/lib/python3.8/site-packages/airflow/example_dags/tutorial_dag.py
[2025-07-09T23:56:03.831+0000] {logging_mixin.py:188} INFO - [2025-07-09T23:56:03.830+0000] {dag.py:3036} INFO - Sync 1 DAGs
[2025-07-09T23:56:03.847+0000] {logging_mixin.py:188} INFO - [2025-07-09T23:56:03.846+0000] {dag.py:3823} INFO - Setting next_dagrun for tutorial_dag to None, run_after=None
[2025-07-09T23:56:03.875+0000] {processor.py:183} INFO - Processing /home/airflow/.local/lib/python3.8/site-packages/airflow/example_dags/tutorial_dag.py took 0.098 seconds
[2025-07-09T23:56:34.385+0000] {processor.py:161} INFO - Started process (PID=323) to work on /home/airflow/.local/lib/python3.8/site-packages/airflow/example_dags/tutorial_dag.py
[2025-07-09T23:56:34.388+0000] {processor.py:830} INFO - Processing file /home/airflow/.local/lib/python3.8/site-packages/airflow/example_dags/tutorial_dag.py for tasks to queue
[2025-07-09T23:56:34.392+0000] {logging_mixin.py:188} INFO - [2025-07-09T23:56:34.391+0000] {dagbag.py:538} INFO - Filling up the DagBag from /home/airflow/.local/lib/python3.8/site-packages/airflow/example_dags/tutorial_dag.py
[2025-07-09T23:56:34.400+0000] {processor.py:840} INFO - DAG(s) 'tutorial_dag' retrieved from /home/airflow/.local/lib/python3.8/site-packages/airflow/example_dags/tutorial_dag.py
[2025-07-09T23:56:34.434+0000] {logging_mixin.py:188} INFO - [2025-07-09T23:56:34.433+0000] {dag.py:3036} INFO - Sync 1 DAGs
[2025-07-09T23:56:34.453+0000] {logging_mixin.py:188} INFO - [2025-07-09T23:56:34.453+0000] {dag.py:3823} INFO - Setting next_dagrun for tutorial_dag to None, run_after=None
[2025-07-09T23:56:34.486+0000] {processor.py:183} INFO - Processing /home/airflow/.local/lib/python3.8/site-packages/airflow/example_dags/tutorial_dag.py took 0.107 seconds
[2025-07-09T23:57:05.373+0000] {processor.py:161} INFO - Started process (PID=383) to work on /home/airflow/.local/lib/python3.8/site-packages/airflow/example_dags/tutorial_dag.py
[2025-07-09T23:57:05.375+0000] {processor.py:830} INFO - Processing file /home/airflow/.local/lib/python3.8/site-packages/airflow/example_dags/tutorial_dag.py for tasks to queue
[2025-07-09T23:57:05.378+0000] {logging_mixin.py:188} INFO - [2025-07-09T23:57:05.378+0000] {dagbag.py:538} INFO - Filling up the DagBag from /home/airflow/.local/lib/python3.8/site-packages/airflow/example_dags/tutorial_dag.py
[2025-07-09T23:57:05.386+0000] {processor.py:840} INFO - DAG(s) 'tutorial_dag' retrieved from /home/airflow/.local/lib/python3.8/site-packages/airflow/example_dags/tutorial_dag.py
[2025-07-09T23:57:05.421+0000] {logging_mixin.py:188} INFO - [2025-07-09T23:57:05.421+0000] {dag.py:3036} INFO - Sync 1 DAGs
[2025-07-09T23:57:05.436+0000] {logging_mixin.py:188} INFO - [2025-07-09T23:57:05.436+0000] {dag.py:3823} INFO - Setting next_dagrun for tutorial_dag to None, run_after=None
[2025-07-09T23:57:05.470+0000] {processor.py:183} INFO - Processing /home/airflow/.local/lib/python3.8/site-packages/airflow/example_dags/tutorial_dag.py took 0.108 seconds
[2025-07-09T23:57:36.127+0000] {processor.py:161} INFO - Started process (PID=440) to work on /home/airflow/.local/lib/python3.8/site-packages/airflow/example_dags/tutorial_dag.py
[2025-07-09T23:57:36.130+0000] {processor.py:830} INFO - Processing file /home/airflow/.local/lib/python3.8/site-packages/airflow/example_dags/tutorial_dag.py for tasks to queue
[2025-07-09T23:57:36.132+0000] {logging_mixin.py:188} INFO - [2025-07-09T23:57:36.132+0000] {dagbag.py:538} INFO - Filling up the DagBag from /home/airflow/.local/lib/python3.8/site-packages/airflow/example_dags/tutorial_dag.py
[2025-07-09T23:57:36.141+0000] {processor.py:840} INFO - DAG(s) 'tutorial_dag' retrieved from /home/airflow/.local/lib/python3.8/site-packages/airflow/example_dags/tutorial_dag.py
[2025-07-09T23:57:36.175+0000] {logging_mixin.py:188} INFO - [2025-07-09T23:57:36.174+0000] {dag.py:3036} INFO - Sync 1 DAGs
[2025-07-09T23:57:36.192+0000] {logging_mixin.py:188} INFO - [2025-07-09T23:57:36.191+0000] {dag.py:3823} INFO - Setting next_dagrun for tutorial_dag to None, run_after=None
[2025-07-09T23:57:36.224+0000] {processor.py:183} INFO - Processing /home/airflow/.local/lib/python3.8/site-packages/airflow/example_dags/tutorial_dag.py took 0.102 seconds
[2025-07-09T23:58:06.483+0000] {processor.py:161} INFO - Started process (PID=496) to work on /home/airflow/.local/lib/python3.8/site-packages/airflow/example_dags/tutorial_dag.py
[2025-07-09T23:58:06.485+0000] {processor.py:830} INFO - Processing file /home/airflow/.local/lib/python3.8/site-packages/airflow/example_dags/tutorial_dag.py for tasks to queue
[2025-07-09T23:58:06.488+0000] {logging_mixin.py:188} INFO - [2025-07-09T23:58:06.487+0000] {dagbag.py:538} INFO - Filling up the DagBag from /home/airflow/.local/lib/python3.8/site-packages/airflow/example_dags/tutorial_dag.py
[2025-07-09T23:58:06.497+0000] {processor.py:840} INFO - DAG(s) 'tutorial_dag' retrieved from /home/airflow/.local/lib/python3.8/site-packages/airflow/example_dags/tutorial_dag.py
[2025-07-09T23:58:06.530+0000] {logging_mixin.py:188} INFO - [2025-07-09T23:58:06.530+0000] {dag.py:3036} INFO - Sync 1 DAGs
[2025-07-09T23:58:06.546+0000] {logging_mixin.py:188} INFO - [2025-07-09T23:58:06.546+0000] {dag.py:3823} INFO - Setting next_dagrun for tutorial_dag to None, run_after=None
[2025-07-09T23:58:06.577+0000] {processor.py:183} INFO - Processing /home/airflow/.local/lib/python3.8/site-packages/airflow/example_dags/tutorial_dag.py took 0.102 seconds
[2025-07-09T23:58:36.858+0000] {processor.py:161} INFO - Started process (PID=552) to work on /home/airflow/.local/lib/python3.8/site-packages/airflow/example_dags/tutorial_dag.py
[2025-07-09T23:58:36.860+0000] {processor.py:830} INFO - Processing file /home/airflow/.local/lib/python3.8/site-packages/airflow/example_dags/tutorial_dag.py for tasks to queue
[2025-07-09T23:58:36.861+0000] {logging_mixin.py:188} INFO - [2025-07-09T23:58:36.861+0000] {dagbag.py:538} INFO - Filling up the DagBag from /home/airflow/.local/lib/python3.8/site-packages/airflow/example_dags/tutorial_dag.py
[2025-07-09T23:58:36.869+0000] {processor.py:840} INFO - DAG(s) 'tutorial_dag' retrieved from /home/airflow/.local/lib/python3.8/site-packages/airflow/example_dags/tutorial_dag.py
[2025-07-09T23:58:36.900+0000] {logging_mixin.py:188} INFO - [2025-07-09T23:58:36.899+0000] {dag.py:3036} INFO - Sync 1 DAGs
[2025-07-09T23:58:36.922+0000] {logging_mixin.py:188} INFO - [2025-07-09T23:58:36.922+0000] {dag.py:3823} INFO - Setting next_dagrun for tutorial_dag to None, run_after=None
[2025-07-09T23:58:36.954+0000] {processor.py:183} INFO - Processing /home/airflow/.local/lib/python3.8/site-packages/airflow/example_dags/tutorial_dag.py took 0.100 seconds
[2025-07-09T23:59:07.616+0000] {processor.py:161} INFO - Started process (PID=608) to work on /home/airflow/.local/lib/python3.8/site-packages/airflow/example_dags/tutorial_dag.py
[2025-07-09T23:59:07.618+0000] {processor.py:830} INFO - Processing file /home/airflow/.local/lib/python3.8/site-packages/airflow/example_dags/tutorial_dag.py for tasks to queue
[2025-07-09T23:59:07.620+0000] {logging_mixin.py:188} INFO - [2025-07-09T23:59:07.619+0000] {dagbag.py:538} INFO - Filling up the DagBag from /home/airflow/.local/lib/python3.8/site-packages/airflow/example_dags/tutorial_dag.py
[2025-07-09T23:59:07.627+0000] {processor.py:840} INFO - DAG(s) 'tutorial_dag' retrieved from /home/airflow/.local/lib/python3.8/site-packages/airflow/example_dags/tutorial_dag.py
[2025-07-09T23:59:07.658+0000] {logging_mixin.py:188} INFO - [2025-07-09T23:59:07.658+0000] {dag.py:3036} INFO - Sync 1 DAGs
[2025-07-09T23:59:07.677+0000] {logging_mixin.py:188} INFO - [2025-07-09T23:59:07.677+0000] {dag.py:3823} INFO - Setting next_dagrun for tutorial_dag to None, run_after=None
[2025-07-09T23:59:07.710+0000] {processor.py:183} INFO - Processing /home/airflow/.local/lib/python3.8/site-packages/airflow/example_dags/tutorial_dag.py took 0.101 seconds
[2025-07-09T23:59:37.970+0000] {processor.py:161} INFO - Started process (PID=664) to work on /home/airflow/.local/lib/python3.8/site-packages/airflow/example_dags/tutorial_dag.py
[2025-07-09T23:59:37.973+0000] {processor.py:830} INFO - Processing file /home/airflow/.local/lib/python3.8/site-packages/airflow/example_dags/tutorial_dag.py for tasks to queue
[2025-07-09T23:59:37.975+0000] {logging_mixin.py:188} INFO - [2025-07-09T23:59:37.974+0000] {dagbag.py:538} INFO - Filling up the DagBag from /home/airflow/.local/lib/python3.8/site-packages/airflow/example_dags/tutorial_dag.py
[2025-07-09T23:59:37.983+0000] {processor.py:840} INFO - DAG(s) 'tutorial_dag' retrieved from /home/airflow/.local/lib/python3.8/site-packages/airflow/example_dags/tutorial_dag.py
[2025-07-09T23:59:38.019+0000] {logging_mixin.py:188} INFO - [2025-07-09T23:59:38.019+0000] {dag.py:3036} INFO - Sync 1 DAGs
[2025-07-09T23:59:38.035+0000] {logging_mixin.py:188} INFO - [2025-07-09T23:59:38.035+0000] {dag.py:3823} INFO - Setting next_dagrun for tutorial_dag to None, run_after=None
[2025-07-09T23:59:38.068+0000] {processor.py:183} INFO - Processing /home/airflow/.local/lib/python3.8/site-packages/airflow/example_dags/tutorial_dag.py took 0.104 seconds
