[2025-07-15T18:14:31.746+0000] {taskinstance.py:1956} INFO - Dependencies all met for dep_context=non-requeueable deps ti=<TaskInstance: flight_etl_dag.loading_data manual__2025-07-15T18:13:15.003515+00:00 [queued]>
[2025-07-15T18:14:31.760+0000] {taskinstance.py:1956} INFO - Dependencies all met for dep_context=requeueable deps ti=<TaskInstance: flight_etl_dag.loading_data manual__2025-07-15T18:13:15.003515+00:00 [queued]>
[2025-07-15T18:14:31.761+0000] {taskinstance.py:2170} INFO - Starting attempt 2 of 2
[2025-07-15T18:14:31.780+0000] {taskinstance.py:2191} INFO - Executing <Task(PythonOperator): loading_data> on 2025-07-15 18:13:15.003515+00:00
[2025-07-15T18:14:31.788+0000] {standard_task_runner.py:60} INFO - Started process 99 to run task
[2025-07-15T18:14:31.795+0000] {standard_task_runner.py:87} INFO - Running: ['airflow', 'tasks', 'run', 'flight_etl_dag', 'loading_data', 'manual__2025-07-15T18:13:15.003515+00:00', '--job-id', '20', '--raw', '--subdir', 'DAGS_FOLDER/flight_etl_dag.py', '--cfg-path', '/tmp/tmpxvllxn5c']
[2025-07-15T18:14:31.797+0000] {standard_task_runner.py:88} INFO - Job 20: Subtask loading_data
[2025-07-15T18:14:31.907+0000] {task_command.py:423} INFO - Running <TaskInstance: flight_etl_dag.loading_data manual__2025-07-15T18:13:15.003515+00:00 [running]> on host 3eb6f9d291a3
[2025-07-15T18:14:32.047+0000] {taskinstance.py:2480} INFO - Exporting env vars: AIRFLOW_CTX_DAG_OWNER='airflow' AIRFLOW_CTX_DAG_ID='flight_etl_dag' AIRFLOW_CTX_TASK_ID='loading_data' AIRFLOW_CTX_EXECUTION_DATE='2025-07-15T18:13:15.003515+00:00' AIRFLOW_CTX_TRY_NUMBER='2' AIRFLOW_CTX_DAG_RUN_ID='manual__2025-07-15T18:13:15.003515+00:00'
[2025-07-15T18:14:32.172+0000] {logging_mixin.py:188} INFO - Data to load:
[2025-07-15T18:14:32.200+0000] {logging_mixin.py:188} INFO -   aircraft_id flight_number origin_country  ...  position_source      time       date
0      c07d0b      CGVJE            Canada  ...            ADS-B  13:11:04 2025-07-15
1      ab1644                United States  ...            ADS-B  13:11:05 2025-07-15
2      a61867      N492K     United States  ...            ADS-B  13:11:03 2025-07-15
3      39de4a                       France  ...            ADS-B  13:11:04 2025-07-15
4      a53edd      GPD437    United States  ...            ADS-B  13:11:04 2025-07-15

[5 rows x 11 columns]
[2025-07-15T18:14:32.202+0000] {taskinstance.py:2698} ERROR - Task failed with exception
Traceback (most recent call last):
  File "/home/airflow/.local/lib/python3.8/site-packages/airflow/models/taskinstance.py", line 433, in _execute_task
    result = execute_callable(context=context, **execute_callable_kwargs)
  File "/home/airflow/.local/lib/python3.8/site-packages/airflow/operators/python.py", line 199, in execute
    return_value = self.execute_callable()
  File "/home/airflow/.local/lib/python3.8/site-packages/airflow/operators/python.py", line 216, in execute_callable
    return self.python_callable(*self.op_args, **self.op_kwargs)
  File "/opt/airflow/load.py", line 17, in load_to_db
    conn=psycopg2.connect(**DB_CONFIG)
  File "/home/airflow/.local/lib/python3.8/site-packages/psycopg2/__init__.py", line 122, in connect
    conn = _connect(dsn, connection_factory=connection_factory, **kwasync)
psycopg2.OperationalError: connection to server at "postgres" (172.18.0.3), port 5433 failed: Connection refused
	Is the server running on that host and accepting TCP/IP connections?

[2025-07-15T18:14:32.226+0000] {taskinstance.py:1138} INFO - Marking task as FAILED. dag_id=flight_etl_dag, task_id=loading_data, execution_date=20250715T181315, start_date=20250715T181431, end_date=20250715T181432
[2025-07-15T18:14:32.243+0000] {standard_task_runner.py:107} ERROR - Failed to execute job 20 for task loading_data (connection to server at "postgres" (172.18.0.3), port 5433 failed: Connection refused
	Is the server running on that host and accepting TCP/IP connections?
; 99)
[2025-07-15T18:14:32.292+0000] {local_task_job_runner.py:234} INFO - Task exited with return code 1
[2025-07-15T18:14:32.316+0000] {taskinstance.py:3280} INFO - 0 downstream tasks scheduled from follow-on schedule check
