[2025-07-11T15:36:19.349+0000] {taskinstance.py:1956} INFO - Dependencies all met for dep_context=non-requeueable deps ti=<TaskInstance: flight_etl_dag.transforming_data scheduled__2025-07-10T00:00:00+00:00 [queued]>
[2025-07-11T15:36:19.367+0000] {taskinstance.py:1956} INFO - Dependencies all met for dep_context=requeueable deps ti=<TaskInstance: flight_etl_dag.transforming_data scheduled__2025-07-10T00:00:00+00:00 [queued]>
[2025-07-11T15:36:19.368+0000] {taskinstance.py:2170} INFO - Starting attempt 1 of 2
[2025-07-11T15:36:19.393+0000] {taskinstance.py:2191} INFO - Executing <Task(PythonOperator): transforming_data> on 2025-07-10 00:00:00+00:00
[2025-07-11T15:36:19.404+0000] {standard_task_runner.py:60} INFO - Started process 88 to run task
[2025-07-11T15:36:19.413+0000] {standard_task_runner.py:87} INFO - Running: ['airflow', 'tasks', 'run', 'flight_etl_dag', 'transforming_data', 'scheduled__2025-07-10T00:00:00+00:00', '--job-id', '41', '--raw', '--subdir', 'DAGS_FOLDER/flight_etl_dag.py', '--cfg-path', '/tmp/tmp684xysfo']
[2025-07-11T15:36:19.416+0000] {standard_task_runner.py:88} INFO - Job 41: Subtask transforming_data
[2025-07-11T15:36:19.556+0000] {task_command.py:423} INFO - Running <TaskInstance: flight_etl_dag.transforming_data scheduled__2025-07-10T00:00:00+00:00 [running]> on host c93b05155523
[2025-07-11T15:36:19.702+0000] {taskinstance.py:2480} INFO - Exporting env vars: AIRFLOW_CTX_DAG_OWNER='airflow' AIRFLOW_CTX_DAG_ID='flight_etl_dag' AIRFLOW_CTX_TASK_ID='transforming_data' AIRFLOW_CTX_EXECUTION_DATE='2025-07-10T00:00:00+00:00' AIRFLOW_CTX_TRY_NUMBER='1' AIRFLOW_CTX_DAG_RUN_ID='scheduled__2025-07-10T00:00:00+00:00'
[2025-07-11T15:36:20.555+0000] {python.py:201} INFO - Done. Returned value was: None
[2025-07-11T15:36:20.570+0000] {taskinstance.py:1138} INFO - Marking task as SUCCESS. dag_id=flight_etl_dag, task_id=transforming_data, execution_date=20250710T000000, start_date=20250711T153619, end_date=20250711T153620
[2025-07-11T15:36:20.636+0000] {local_task_job_runner.py:234} INFO - Task exited with return code 0
[2025-07-11T15:36:20.681+0000] {taskinstance.py:3280} INFO - 1 downstream tasks scheduled from follow-on schedule check
[2025-07-11T16:00:56.062+0000] {taskinstance.py:1956} INFO - Dependencies all met for dep_context=non-requeueable deps ti=<TaskInstance: flight_etl_dag.transforming_data scheduled__2025-07-10T00:00:00+00:00 [queued]>
[2025-07-11T16:00:56.070+0000] {taskinstance.py:1956} INFO - Dependencies all met for dep_context=requeueable deps ti=<TaskInstance: flight_etl_dag.transforming_data scheduled__2025-07-10T00:00:00+00:00 [queued]>
[2025-07-11T16:00:56.072+0000] {taskinstance.py:2170} INFO - Starting attempt 1 of 2
[2025-07-11T16:00:56.086+0000] {taskinstance.py:2191} INFO - Executing <Task(PythonOperator): transforming_data> on 2025-07-10 00:00:00+00:00
[2025-07-11T16:00:56.092+0000] {standard_task_runner.py:60} INFO - Started process 86 to run task
[2025-07-11T16:00:56.096+0000] {standard_task_runner.py:87} INFO - Running: ['airflow', 'tasks', 'run', 'flight_etl_dag', 'transforming_data', 'scheduled__2025-07-10T00:00:00+00:00', '--job-id', '5', '--raw', '--subdir', 'DAGS_FOLDER/flight_etl_dag.py', '--cfg-path', '/tmp/tmp5pfgc6zb']
[2025-07-11T16:00:56.098+0000] {standard_task_runner.py:88} INFO - Job 5: Subtask transforming_data
[2025-07-11T16:00:56.177+0000] {task_command.py:423} INFO - Running <TaskInstance: flight_etl_dag.transforming_data scheduled__2025-07-10T00:00:00+00:00 [running]> on host faee04e61171
[2025-07-11T16:00:56.247+0000] {taskinstance.py:2480} INFO - Exporting env vars: AIRFLOW_CTX_DAG_OWNER='airflow' AIRFLOW_CTX_DAG_ID='flight_etl_dag' AIRFLOW_CTX_TASK_ID='transforming_data' AIRFLOW_CTX_EXECUTION_DATE='2025-07-10T00:00:00+00:00' AIRFLOW_CTX_TRY_NUMBER='1' AIRFLOW_CTX_DAG_RUN_ID='scheduled__2025-07-10T00:00:00+00:00'
[2025-07-11T16:00:56.981+0000] {python.py:201} INFO - Done. Returned value was: None
[2025-07-11T16:00:56.991+0000] {taskinstance.py:1138} INFO - Marking task as SUCCESS. dag_id=flight_etl_dag, task_id=transforming_data, execution_date=20250710T000000, start_date=20250711T160056, end_date=20250711T160056
[2025-07-11T16:00:57.076+0000] {local_task_job_runner.py:234} INFO - Task exited with return code 0
[2025-07-11T16:00:57.097+0000] {taskinstance.py:3280} INFO - 1 downstream tasks scheduled from follow-on schedule check
