[2025-07-22T17:55:08.648+0000] {processor.py:161} INFO - Started process (PID=107) to work on /home/airflow/.local/lib/python3.8/site-packages/airflow/example_dags/example_sla_dag.py
[2025-07-22T17:55:08.653+0000] {processor.py:830} INFO - Processing file /home/airflow/.local/lib/python3.8/site-packages/airflow/example_dags/example_sla_dag.py for tasks to queue
[2025-07-22T17:55:08.662+0000] {logging_mixin.py:188} INFO - [2025-07-22T17:55:08.661+0000] {dagbag.py:538} INFO - Filling up the DagBag from /home/airflow/.local/lib/python3.8/site-packages/airflow/example_dags/example_sla_dag.py
[2025-07-22T17:55:08.702+0000] {processor.py:840} INFO - DAG(s) 'example_sla_dag' retrieved from /home/airflow/.local/lib/python3.8/site-packages/airflow/example_dags/example_sla_dag.py
[2025-07-22T17:55:08.814+0000] {logging_mixin.py:188} INFO - [2025-07-22T17:55:08.812+0000] {dag.py:3036} INFO - Sync 1 DAGs
[2025-07-22T17:55:08.915+0000] {logging_mixin.py:188} INFO - [2025-07-22T17:55:08.914+0000] {dag.py:3823} INFO - Setting next_dagrun for example_sla_dag to 2025-07-22 17:52:00+00:00, run_after=2025-07-22 17:54:00+00:00
[2025-07-22T17:55:08.998+0000] {processor.py:183} INFO - Processing /home/airflow/.local/lib/python3.8/site-packages/airflow/example_dags/example_sla_dag.py took 0.363 seconds
[2025-07-22T17:55:39.757+0000] {processor.py:161} INFO - Started process (PID=173) to work on /home/airflow/.local/lib/python3.8/site-packages/airflow/example_dags/example_sla_dag.py
[2025-07-22T17:55:39.759+0000] {processor.py:830} INFO - Processing file /home/airflow/.local/lib/python3.8/site-packages/airflow/example_dags/example_sla_dag.py for tasks to queue
[2025-07-22T17:55:39.762+0000] {logging_mixin.py:188} INFO - [2025-07-22T17:55:39.762+0000] {dagbag.py:538} INFO - Filling up the DagBag from /home/airflow/.local/lib/python3.8/site-packages/airflow/example_dags/example_sla_dag.py
[2025-07-22T17:55:39.776+0000] {processor.py:840} INFO - DAG(s) 'example_sla_dag' retrieved from /home/airflow/.local/lib/python3.8/site-packages/airflow/example_dags/example_sla_dag.py
[2025-07-22T17:55:39.810+0000] {logging_mixin.py:188} INFO - [2025-07-22T17:55:39.809+0000] {dag.py:3036} INFO - Sync 1 DAGs
[2025-07-22T17:55:39.859+0000] {logging_mixin.py:188} INFO - [2025-07-22T17:55:39.858+0000] {dag.py:3823} INFO - Setting next_dagrun for example_sla_dag to 2025-07-22 17:52:00+00:00, run_after=2025-07-22 17:54:00+00:00
[2025-07-22T17:55:39.956+0000] {processor.py:183} INFO - Processing /home/airflow/.local/lib/python3.8/site-packages/airflow/example_dags/example_sla_dag.py took 0.204 seconds
[2025-07-22T17:56:10.412+0000] {processor.py:161} INFO - Started process (PID=230) to work on /home/airflow/.local/lib/python3.8/site-packages/airflow/example_dags/example_sla_dag.py
[2025-07-22T17:56:10.414+0000] {processor.py:830} INFO - Processing file /home/airflow/.local/lib/python3.8/site-packages/airflow/example_dags/example_sla_dag.py for tasks to queue
[2025-07-22T17:56:10.416+0000] {logging_mixin.py:188} INFO - [2025-07-22T17:56:10.416+0000] {dagbag.py:538} INFO - Filling up the DagBag from /home/airflow/.local/lib/python3.8/site-packages/airflow/example_dags/example_sla_dag.py
[2025-07-22T17:56:10.428+0000] {processor.py:840} INFO - DAG(s) 'example_sla_dag' retrieved from /home/airflow/.local/lib/python3.8/site-packages/airflow/example_dags/example_sla_dag.py
[2025-07-22T17:56:10.445+0000] {logging_mixin.py:188} INFO - [2025-07-22T17:56:10.445+0000] {dag.py:3036} INFO - Sync 1 DAGs
[2025-07-22T17:56:10.477+0000] {logging_mixin.py:188} INFO - [2025-07-22T17:56:10.477+0000] {dag.py:3823} INFO - Setting next_dagrun for example_sla_dag to 2025-07-22 17:54:00+00:00, run_after=2025-07-22 17:56:00+00:00
[2025-07-22T17:56:10.505+0000] {processor.py:183} INFO - Processing /home/airflow/.local/lib/python3.8/site-packages/airflow/example_dags/example_sla_dag.py took 0.098 seconds
[2025-07-22T17:56:42.030+0000] {processor.py:161} INFO - Started process (PID=287) to work on /home/airflow/.local/lib/python3.8/site-packages/airflow/example_dags/example_sla_dag.py
[2025-07-22T17:56:42.032+0000] {processor.py:830} INFO - Processing file /home/airflow/.local/lib/python3.8/site-packages/airflow/example_dags/example_sla_dag.py for tasks to queue
[2025-07-22T17:56:42.035+0000] {logging_mixin.py:188} INFO - [2025-07-22T17:56:42.035+0000] {dagbag.py:538} INFO - Filling up the DagBag from /home/airflow/.local/lib/python3.8/site-packages/airflow/example_dags/example_sla_dag.py
[2025-07-22T17:56:42.053+0000] {processor.py:840} INFO - DAG(s) 'example_sla_dag' retrieved from /home/airflow/.local/lib/python3.8/site-packages/airflow/example_dags/example_sla_dag.py
[2025-07-22T17:56:42.202+0000] {logging_mixin.py:188} INFO - [2025-07-22T17:56:42.202+0000] {dag.py:3036} INFO - Sync 1 DAGs
[2025-07-22T17:56:42.236+0000] {logging_mixin.py:188} INFO - [2025-07-22T17:56:42.236+0000] {dag.py:3823} INFO - Setting next_dagrun for example_sla_dag to 2025-07-22 17:54:00+00:00, run_after=2025-07-22 17:56:00+00:00
[2025-07-22T17:56:42.275+0000] {processor.py:183} INFO - Processing /home/airflow/.local/lib/python3.8/site-packages/airflow/example_dags/example_sla_dag.py took 0.251 seconds
[2025-07-22T17:57:12.821+0000] {processor.py:161} INFO - Started process (PID=344) to work on /home/airflow/.local/lib/python3.8/site-packages/airflow/example_dags/example_sla_dag.py
[2025-07-22T17:57:12.823+0000] {processor.py:830} INFO - Processing file /home/airflow/.local/lib/python3.8/site-packages/airflow/example_dags/example_sla_dag.py for tasks to queue
[2025-07-22T17:57:12.831+0000] {logging_mixin.py:188} INFO - [2025-07-22T17:57:12.830+0000] {dagbag.py:538} INFO - Filling up the DagBag from /home/airflow/.local/lib/python3.8/site-packages/airflow/example_dags/example_sla_dag.py
[2025-07-22T17:57:12.845+0000] {processor.py:840} INFO - DAG(s) 'example_sla_dag' retrieved from /home/airflow/.local/lib/python3.8/site-packages/airflow/example_dags/example_sla_dag.py
[2025-07-22T17:57:12.876+0000] {logging_mixin.py:188} INFO - [2025-07-22T17:57:12.876+0000] {dag.py:3036} INFO - Sync 1 DAGs
[2025-07-22T17:57:12.907+0000] {logging_mixin.py:188} INFO - [2025-07-22T17:57:12.907+0000] {dag.py:3823} INFO - Setting next_dagrun for example_sla_dag to 2025-07-22 17:54:00+00:00, run_after=2025-07-22 17:56:00+00:00
[2025-07-22T17:57:12.934+0000] {processor.py:183} INFO - Processing /home/airflow/.local/lib/python3.8/site-packages/airflow/example_dags/example_sla_dag.py took 0.118 seconds
[2025-07-22T17:57:43.381+0000] {processor.py:161} INFO - Started process (PID=401) to work on /home/airflow/.local/lib/python3.8/site-packages/airflow/example_dags/example_sla_dag.py
[2025-07-22T17:57:43.384+0000] {processor.py:830} INFO - Processing file /home/airflow/.local/lib/python3.8/site-packages/airflow/example_dags/example_sla_dag.py for tasks to queue
[2025-07-22T17:57:43.389+0000] {logging_mixin.py:188} INFO - [2025-07-22T17:57:43.389+0000] {dagbag.py:538} INFO - Filling up the DagBag from /home/airflow/.local/lib/python3.8/site-packages/airflow/example_dags/example_sla_dag.py
[2025-07-22T17:57:43.411+0000] {processor.py:840} INFO - DAG(s) 'example_sla_dag' retrieved from /home/airflow/.local/lib/python3.8/site-packages/airflow/example_dags/example_sla_dag.py
[2025-07-22T17:57:43.455+0000] {logging_mixin.py:188} INFO - [2025-07-22T17:57:43.455+0000] {dag.py:3036} INFO - Sync 1 DAGs
[2025-07-22T17:57:43.488+0000] {logging_mixin.py:188} INFO - [2025-07-22T17:57:43.488+0000] {dag.py:3823} INFO - Setting next_dagrun for example_sla_dag to 2025-07-22 17:54:00+00:00, run_after=2025-07-22 17:56:00+00:00
[2025-07-22T17:57:43.518+0000] {processor.py:183} INFO - Processing /home/airflow/.local/lib/python3.8/site-packages/airflow/example_dags/example_sla_dag.py took 0.145 seconds
[2025-07-22T17:58:13.707+0000] {processor.py:161} INFO - Started process (PID=458) to work on /home/airflow/.local/lib/python3.8/site-packages/airflow/example_dags/example_sla_dag.py
[2025-07-22T17:58:13.709+0000] {processor.py:830} INFO - Processing file /home/airflow/.local/lib/python3.8/site-packages/airflow/example_dags/example_sla_dag.py for tasks to queue
[2025-07-22T17:58:13.717+0000] {logging_mixin.py:188} INFO - [2025-07-22T17:58:13.715+0000] {dagbag.py:538} INFO - Filling up the DagBag from /home/airflow/.local/lib/python3.8/site-packages/airflow/example_dags/example_sla_dag.py
[2025-07-22T17:58:13.756+0000] {processor.py:840} INFO - DAG(s) 'example_sla_dag' retrieved from /home/airflow/.local/lib/python3.8/site-packages/airflow/example_dags/example_sla_dag.py
[2025-07-22T17:58:13.786+0000] {logging_mixin.py:188} INFO - [2025-07-22T17:58:13.786+0000] {dag.py:3036} INFO - Sync 1 DAGs
[2025-07-22T17:58:13.826+0000] {logging_mixin.py:188} INFO - [2025-07-22T17:58:13.825+0000] {dag.py:3823} INFO - Setting next_dagrun for example_sla_dag to 2025-07-22 17:56:00+00:00, run_after=2025-07-22 17:58:00+00:00
[2025-07-22T17:58:13.857+0000] {processor.py:183} INFO - Processing /home/airflow/.local/lib/python3.8/site-packages/airflow/example_dags/example_sla_dag.py took 0.154 seconds
[2025-07-22T17:58:44.217+0000] {processor.py:161} INFO - Started process (PID=515) to work on /home/airflow/.local/lib/python3.8/site-packages/airflow/example_dags/example_sla_dag.py
[2025-07-22T17:58:44.218+0000] {processor.py:830} INFO - Processing file /home/airflow/.local/lib/python3.8/site-packages/airflow/example_dags/example_sla_dag.py for tasks to queue
[2025-07-22T17:58:44.221+0000] {logging_mixin.py:188} INFO - [2025-07-22T17:58:44.220+0000] {dagbag.py:538} INFO - Filling up the DagBag from /home/airflow/.local/lib/python3.8/site-packages/airflow/example_dags/example_sla_dag.py
[2025-07-22T17:58:44.232+0000] {processor.py:840} INFO - DAG(s) 'example_sla_dag' retrieved from /home/airflow/.local/lib/python3.8/site-packages/airflow/example_dags/example_sla_dag.py
[2025-07-22T17:58:44.260+0000] {logging_mixin.py:188} INFO - [2025-07-22T17:58:44.260+0000] {dag.py:3036} INFO - Sync 1 DAGs
[2025-07-22T17:58:44.288+0000] {logging_mixin.py:188} INFO - [2025-07-22T17:58:44.288+0000] {dag.py:3823} INFO - Setting next_dagrun for example_sla_dag to 2025-07-22 17:56:00+00:00, run_after=2025-07-22 17:58:00+00:00
[2025-07-22T17:58:44.325+0000] {processor.py:183} INFO - Processing /home/airflow/.local/lib/python3.8/site-packages/airflow/example_dags/example_sla_dag.py took 0.113 seconds
[2025-07-22T17:59:14.595+0000] {processor.py:161} INFO - Started process (PID=572) to work on /home/airflow/.local/lib/python3.8/site-packages/airflow/example_dags/example_sla_dag.py
[2025-07-22T17:59:14.596+0000] {processor.py:830} INFO - Processing file /home/airflow/.local/lib/python3.8/site-packages/airflow/example_dags/example_sla_dag.py for tasks to queue
[2025-07-22T17:59:14.599+0000] {logging_mixin.py:188} INFO - [2025-07-22T17:59:14.599+0000] {dagbag.py:538} INFO - Filling up the DagBag from /home/airflow/.local/lib/python3.8/site-packages/airflow/example_dags/example_sla_dag.py
[2025-07-22T17:59:14.612+0000] {processor.py:840} INFO - DAG(s) 'example_sla_dag' retrieved from /home/airflow/.local/lib/python3.8/site-packages/airflow/example_dags/example_sla_dag.py
[2025-07-22T17:59:14.641+0000] {logging_mixin.py:188} INFO - [2025-07-22T17:59:14.640+0000] {dag.py:3036} INFO - Sync 1 DAGs
[2025-07-22T17:59:14.678+0000] {logging_mixin.py:188} INFO - [2025-07-22T17:59:14.677+0000] {dag.py:3823} INFO - Setting next_dagrun for example_sla_dag to 2025-07-22 17:56:00+00:00, run_after=2025-07-22 17:58:00+00:00
[2025-07-22T17:59:14.706+0000] {processor.py:183} INFO - Processing /home/airflow/.local/lib/python3.8/site-packages/airflow/example_dags/example_sla_dag.py took 0.116 seconds
[2025-07-22T17:59:45.495+0000] {processor.py:161} INFO - Started process (PID=629) to work on /home/airflow/.local/lib/python3.8/site-packages/airflow/example_dags/example_sla_dag.py
[2025-07-22T17:59:45.497+0000] {processor.py:830} INFO - Processing file /home/airflow/.local/lib/python3.8/site-packages/airflow/example_dags/example_sla_dag.py for tasks to queue
[2025-07-22T17:59:45.501+0000] {logging_mixin.py:188} INFO - [2025-07-22T17:59:45.501+0000] {dagbag.py:538} INFO - Filling up the DagBag from /home/airflow/.local/lib/python3.8/site-packages/airflow/example_dags/example_sla_dag.py
[2025-07-22T17:59:45.513+0000] {processor.py:840} INFO - DAG(s) 'example_sla_dag' retrieved from /home/airflow/.local/lib/python3.8/site-packages/airflow/example_dags/example_sla_dag.py
[2025-07-22T17:59:45.543+0000] {logging_mixin.py:188} INFO - [2025-07-22T17:59:45.542+0000] {dag.py:3036} INFO - Sync 1 DAGs
[2025-07-22T17:59:45.574+0000] {logging_mixin.py:188} INFO - [2025-07-22T17:59:45.574+0000] {dag.py:3823} INFO - Setting next_dagrun for example_sla_dag to 2025-07-22 17:56:00+00:00, run_after=2025-07-22 17:58:00+00:00
[2025-07-22T17:59:45.602+0000] {processor.py:183} INFO - Processing /home/airflow/.local/lib/python3.8/site-packages/airflow/example_dags/example_sla_dag.py took 0.111 seconds
[2025-07-22T18:00:16.088+0000] {processor.py:161} INFO - Started process (PID=687) to work on /home/airflow/.local/lib/python3.8/site-packages/airflow/example_dags/example_sla_dag.py
[2025-07-22T18:00:16.090+0000] {processor.py:830} INFO - Processing file /home/airflow/.local/lib/python3.8/site-packages/airflow/example_dags/example_sla_dag.py for tasks to queue
[2025-07-22T18:00:16.092+0000] {logging_mixin.py:188} INFO - [2025-07-22T18:00:16.092+0000] {dagbag.py:538} INFO - Filling up the DagBag from /home/airflow/.local/lib/python3.8/site-packages/airflow/example_dags/example_sla_dag.py
[2025-07-22T18:00:16.103+0000] {processor.py:840} INFO - DAG(s) 'example_sla_dag' retrieved from /home/airflow/.local/lib/python3.8/site-packages/airflow/example_dags/example_sla_dag.py
[2025-07-22T18:00:16.131+0000] {logging_mixin.py:188} INFO - [2025-07-22T18:00:16.130+0000] {dag.py:3036} INFO - Sync 1 DAGs
[2025-07-22T18:00:16.161+0000] {logging_mixin.py:188} INFO - [2025-07-22T18:00:16.161+0000] {dag.py:3823} INFO - Setting next_dagrun for example_sla_dag to 2025-07-22 17:58:00+00:00, run_after=2025-07-22 18:00:00+00:00
[2025-07-22T18:00:16.188+0000] {processor.py:183} INFO - Processing /home/airflow/.local/lib/python3.8/site-packages/airflow/example_dags/example_sla_dag.py took 0.104 seconds
