[2025-07-22T17:55:02.339+0000] {processor.py:161} INFO - Started process (PID=84) to work on /home/airflow/.local/lib/python3.8/site-packages/airflow/example_dags/example_kubernetes_executor.py
[2025-07-22T17:55:02.343+0000] {processor.py:830} INFO - Processing file /home/airflow/.local/lib/python3.8/site-packages/airflow/example_dags/example_kubernetes_executor.py for tasks to queue
[2025-07-22T17:55:02.351+0000] {logging_mixin.py:188} INFO - [2025-07-22T17:55:02.350+0000] {dagbag.py:538} INFO - Filling up the DagBag from /home/airflow/.local/lib/python3.8/site-packages/airflow/example_dags/example_kubernetes_executor.py
[2025-07-22T17:55:02.407+0000] {processor.py:840} INFO - DAG(s) 'example_kubernetes_executor' retrieved from /home/airflow/.local/lib/python3.8/site-packages/airflow/example_dags/example_kubernetes_executor.py
[2025-07-22T17:55:02.580+0000] {logging_mixin.py:188} INFO - [2025-07-22T17:55:02.579+0000] {dag.py:3036} INFO - Sync 1 DAGs
[2025-07-22T17:55:02.620+0000] {logging_mixin.py:188} INFO - [2025-07-22T17:55:02.619+0000] {dag.py:3823} INFO - Setting next_dagrun for example_kubernetes_executor to None, run_after=None
[2025-07-22T17:55:02.711+0000] {processor.py:183} INFO - Processing /home/airflow/.local/lib/python3.8/site-packages/airflow/example_dags/example_kubernetes_executor.py took 0.383 seconds
[2025-07-22T17:55:33.498+0000] {processor.py:161} INFO - Started process (PID=149) to work on /home/airflow/.local/lib/python3.8/site-packages/airflow/example_dags/example_kubernetes_executor.py
[2025-07-22T17:55:33.500+0000] {processor.py:830} INFO - Processing file /home/airflow/.local/lib/python3.8/site-packages/airflow/example_dags/example_kubernetes_executor.py for tasks to queue
[2025-07-22T17:55:33.504+0000] {logging_mixin.py:188} INFO - [2025-07-22T17:55:33.503+0000] {dagbag.py:538} INFO - Filling up the DagBag from /home/airflow/.local/lib/python3.8/site-packages/airflow/example_dags/example_kubernetes_executor.py
[2025-07-22T17:55:33.524+0000] {processor.py:840} INFO - DAG(s) 'example_kubernetes_executor' retrieved from /home/airflow/.local/lib/python3.8/site-packages/airflow/example_dags/example_kubernetes_executor.py
[2025-07-22T17:55:33.580+0000] {logging_mixin.py:188} INFO - [2025-07-22T17:55:33.579+0000] {dag.py:3036} INFO - Sync 1 DAGs
[2025-07-22T17:55:33.598+0000] {logging_mixin.py:188} INFO - [2025-07-22T17:55:33.598+0000] {dag.py:3823} INFO - Setting next_dagrun for example_kubernetes_executor to None, run_after=None
[2025-07-22T17:55:33.646+0000] {processor.py:183} INFO - Processing /home/airflow/.local/lib/python3.8/site-packages/airflow/example_dags/example_kubernetes_executor.py took 0.155 seconds
[2025-07-22T17:56:03.851+0000] {processor.py:161} INFO - Started process (PID=205) to work on /home/airflow/.local/lib/python3.8/site-packages/airflow/example_dags/example_kubernetes_executor.py
[2025-07-22T17:56:03.853+0000] {processor.py:830} INFO - Processing file /home/airflow/.local/lib/python3.8/site-packages/airflow/example_dags/example_kubernetes_executor.py for tasks to queue
[2025-07-22T17:56:03.857+0000] {logging_mixin.py:188} INFO - [2025-07-22T17:56:03.856+0000] {dagbag.py:538} INFO - Filling up the DagBag from /home/airflow/.local/lib/python3.8/site-packages/airflow/example_dags/example_kubernetes_executor.py
[2025-07-22T17:56:03.875+0000] {processor.py:840} INFO - DAG(s) 'example_kubernetes_executor' retrieved from /home/airflow/.local/lib/python3.8/site-packages/airflow/example_dags/example_kubernetes_executor.py
[2025-07-22T17:56:03.895+0000] {logging_mixin.py:188} INFO - [2025-07-22T17:56:03.894+0000] {dag.py:3036} INFO - Sync 1 DAGs
[2025-07-22T17:56:03.915+0000] {logging_mixin.py:188} INFO - [2025-07-22T17:56:03.914+0000] {dag.py:3823} INFO - Setting next_dagrun for example_kubernetes_executor to None, run_after=None
[2025-07-22T17:56:03.956+0000] {processor.py:183} INFO - Processing /home/airflow/.local/lib/python3.8/site-packages/airflow/example_dags/example_kubernetes_executor.py took 0.109 seconds
[2025-07-22T17:56:34.614+0000] {processor.py:161} INFO - Started process (PID=262) to work on /home/airflow/.local/lib/python3.8/site-packages/airflow/example_dags/example_kubernetes_executor.py
[2025-07-22T17:56:34.617+0000] {processor.py:830} INFO - Processing file /home/airflow/.local/lib/python3.8/site-packages/airflow/example_dags/example_kubernetes_executor.py for tasks to queue
[2025-07-22T17:56:34.621+0000] {logging_mixin.py:188} INFO - [2025-07-22T17:56:34.621+0000] {dagbag.py:538} INFO - Filling up the DagBag from /home/airflow/.local/lib/python3.8/site-packages/airflow/example_dags/example_kubernetes_executor.py
[2025-07-22T17:56:34.641+0000] {processor.py:840} INFO - DAG(s) 'example_kubernetes_executor' retrieved from /home/airflow/.local/lib/python3.8/site-packages/airflow/example_dags/example_kubernetes_executor.py
[2025-07-22T17:56:34.816+0000] {logging_mixin.py:188} INFO - [2025-07-22T17:56:34.815+0000] {dag.py:3036} INFO - Sync 1 DAGs
[2025-07-22T17:56:34.830+0000] {logging_mixin.py:188} INFO - [2025-07-22T17:56:34.830+0000] {dag.py:3823} INFO - Setting next_dagrun for example_kubernetes_executor to None, run_after=None
[2025-07-22T17:56:34.861+0000] {processor.py:183} INFO - Processing /home/airflow/.local/lib/python3.8/site-packages/airflow/example_dags/example_kubernetes_executor.py took 0.252 seconds
[2025-07-22T17:57:05.380+0000] {processor.py:161} INFO - Started process (PID=319) to work on /home/airflow/.local/lib/python3.8/site-packages/airflow/example_dags/example_kubernetes_executor.py
[2025-07-22T17:57:05.383+0000] {processor.py:830} INFO - Processing file /home/airflow/.local/lib/python3.8/site-packages/airflow/example_dags/example_kubernetes_executor.py for tasks to queue
[2025-07-22T17:57:05.389+0000] {logging_mixin.py:188} INFO - [2025-07-22T17:57:05.388+0000] {dagbag.py:538} INFO - Filling up the DagBag from /home/airflow/.local/lib/python3.8/site-packages/airflow/example_dags/example_kubernetes_executor.py
[2025-07-22T17:57:05.422+0000] {processor.py:840} INFO - DAG(s) 'example_kubernetes_executor' retrieved from /home/airflow/.local/lib/python3.8/site-packages/airflow/example_dags/example_kubernetes_executor.py
[2025-07-22T17:57:05.506+0000] {logging_mixin.py:188} INFO - [2025-07-22T17:57:05.506+0000] {dag.py:3036} INFO - Sync 1 DAGs
[2025-07-22T17:57:05.530+0000] {logging_mixin.py:188} INFO - [2025-07-22T17:57:05.529+0000] {dag.py:3823} INFO - Setting next_dagrun for example_kubernetes_executor to None, run_after=None
[2025-07-22T17:57:05.574+0000] {processor.py:183} INFO - Processing /home/airflow/.local/lib/python3.8/site-packages/airflow/example_dags/example_kubernetes_executor.py took 0.202 seconds
[2025-07-22T17:57:35.974+0000] {processor.py:161} INFO - Started process (PID=376) to work on /home/airflow/.local/lib/python3.8/site-packages/airflow/example_dags/example_kubernetes_executor.py
[2025-07-22T17:57:35.976+0000] {processor.py:830} INFO - Processing file /home/airflow/.local/lib/python3.8/site-packages/airflow/example_dags/example_kubernetes_executor.py for tasks to queue
[2025-07-22T17:57:35.979+0000] {logging_mixin.py:188} INFO - [2025-07-22T17:57:35.979+0000] {dagbag.py:538} INFO - Filling up the DagBag from /home/airflow/.local/lib/python3.8/site-packages/airflow/example_dags/example_kubernetes_executor.py
[2025-07-22T17:57:35.995+0000] {processor.py:840} INFO - DAG(s) 'example_kubernetes_executor' retrieved from /home/airflow/.local/lib/python3.8/site-packages/airflow/example_dags/example_kubernetes_executor.py
[2025-07-22T17:57:36.043+0000] {logging_mixin.py:188} INFO - [2025-07-22T17:57:36.043+0000] {dag.py:3036} INFO - Sync 1 DAGs
[2025-07-22T17:57:36.062+0000] {logging_mixin.py:188} INFO - [2025-07-22T17:57:36.062+0000] {dag.py:3823} INFO - Setting next_dagrun for example_kubernetes_executor to None, run_after=None
[2025-07-22T17:57:36.096+0000] {processor.py:183} INFO - Processing /home/airflow/.local/lib/python3.8/site-packages/airflow/example_dags/example_kubernetes_executor.py took 0.125 seconds
[2025-07-22T17:58:06.601+0000] {processor.py:161} INFO - Started process (PID=433) to work on /home/airflow/.local/lib/python3.8/site-packages/airflow/example_dags/example_kubernetes_executor.py
[2025-07-22T17:58:06.604+0000] {processor.py:830} INFO - Processing file /home/airflow/.local/lib/python3.8/site-packages/airflow/example_dags/example_kubernetes_executor.py for tasks to queue
[2025-07-22T17:58:06.610+0000] {logging_mixin.py:188} INFO - [2025-07-22T17:58:06.609+0000] {dagbag.py:538} INFO - Filling up the DagBag from /home/airflow/.local/lib/python3.8/site-packages/airflow/example_dags/example_kubernetes_executor.py
[2025-07-22T17:58:06.638+0000] {processor.py:840} INFO - DAG(s) 'example_kubernetes_executor' retrieved from /home/airflow/.local/lib/python3.8/site-packages/airflow/example_dags/example_kubernetes_executor.py
[2025-07-22T17:58:06.690+0000] {logging_mixin.py:188} INFO - [2025-07-22T17:58:06.690+0000] {dag.py:3036} INFO - Sync 1 DAGs
[2025-07-22T17:58:06.705+0000] {logging_mixin.py:188} INFO - [2025-07-22T17:58:06.705+0000] {dag.py:3823} INFO - Setting next_dagrun for example_kubernetes_executor to None, run_after=None
[2025-07-22T17:58:06.733+0000] {processor.py:183} INFO - Processing /home/airflow/.local/lib/python3.8/site-packages/airflow/example_dags/example_kubernetes_executor.py took 0.140 seconds
[2025-07-22T17:58:36.936+0000] {processor.py:161} INFO - Started process (PID=490) to work on /home/airflow/.local/lib/python3.8/site-packages/airflow/example_dags/example_kubernetes_executor.py
[2025-07-22T17:58:36.939+0000] {processor.py:830} INFO - Processing file /home/airflow/.local/lib/python3.8/site-packages/airflow/example_dags/example_kubernetes_executor.py for tasks to queue
[2025-07-22T17:58:36.948+0000] {logging_mixin.py:188} INFO - [2025-07-22T17:58:36.947+0000] {dagbag.py:538} INFO - Filling up the DagBag from /home/airflow/.local/lib/python3.8/site-packages/airflow/example_dags/example_kubernetes_executor.py
[2025-07-22T17:58:36.977+0000] {processor.py:840} INFO - DAG(s) 'example_kubernetes_executor' retrieved from /home/airflow/.local/lib/python3.8/site-packages/airflow/example_dags/example_kubernetes_executor.py
[2025-07-22T17:58:37.041+0000] {logging_mixin.py:188} INFO - [2025-07-22T17:58:37.040+0000] {dag.py:3036} INFO - Sync 1 DAGs
[2025-07-22T17:58:37.066+0000] {logging_mixin.py:188} INFO - [2025-07-22T17:58:37.066+0000] {dag.py:3823} INFO - Setting next_dagrun for example_kubernetes_executor to None, run_after=None
[2025-07-22T17:58:37.103+0000] {processor.py:183} INFO - Processing /home/airflow/.local/lib/python3.8/site-packages/airflow/example_dags/example_kubernetes_executor.py took 0.176 seconds
[2025-07-22T17:59:07.557+0000] {processor.py:161} INFO - Started process (PID=547) to work on /home/airflow/.local/lib/python3.8/site-packages/airflow/example_dags/example_kubernetes_executor.py
[2025-07-22T17:59:07.559+0000] {processor.py:830} INFO - Processing file /home/airflow/.local/lib/python3.8/site-packages/airflow/example_dags/example_kubernetes_executor.py for tasks to queue
[2025-07-22T17:59:07.563+0000] {logging_mixin.py:188} INFO - [2025-07-22T17:59:07.563+0000] {dagbag.py:538} INFO - Filling up the DagBag from /home/airflow/.local/lib/python3.8/site-packages/airflow/example_dags/example_kubernetes_executor.py
[2025-07-22T17:59:07.581+0000] {processor.py:840} INFO - DAG(s) 'example_kubernetes_executor' retrieved from /home/airflow/.local/lib/python3.8/site-packages/airflow/example_dags/example_kubernetes_executor.py
[2025-07-22T17:59:07.647+0000] {logging_mixin.py:188} INFO - [2025-07-22T17:59:07.647+0000] {dag.py:3036} INFO - Sync 1 DAGs
[2025-07-22T17:59:07.665+0000] {logging_mixin.py:188} INFO - [2025-07-22T17:59:07.665+0000] {dag.py:3823} INFO - Setting next_dagrun for example_kubernetes_executor to None, run_after=None
[2025-07-22T17:59:07.702+0000] {processor.py:183} INFO - Processing /home/airflow/.local/lib/python3.8/site-packages/airflow/example_dags/example_kubernetes_executor.py took 0.152 seconds
[2025-07-22T17:59:37.912+0000] {processor.py:161} INFO - Started process (PID=604) to work on /home/airflow/.local/lib/python3.8/site-packages/airflow/example_dags/example_kubernetes_executor.py
[2025-07-22T17:59:37.914+0000] {processor.py:830} INFO - Processing file /home/airflow/.local/lib/python3.8/site-packages/airflow/example_dags/example_kubernetes_executor.py for tasks to queue
[2025-07-22T17:59:37.917+0000] {logging_mixin.py:188} INFO - [2025-07-22T17:59:37.917+0000] {dagbag.py:538} INFO - Filling up the DagBag from /home/airflow/.local/lib/python3.8/site-packages/airflow/example_dags/example_kubernetes_executor.py
[2025-07-22T17:59:37.934+0000] {processor.py:840} INFO - DAG(s) 'example_kubernetes_executor' retrieved from /home/airflow/.local/lib/python3.8/site-packages/airflow/example_dags/example_kubernetes_executor.py
[2025-07-22T17:59:38.010+0000] {logging_mixin.py:188} INFO - [2025-07-22T17:59:38.010+0000] {dag.py:3036} INFO - Sync 1 DAGs
[2025-07-22T17:59:38.027+0000] {logging_mixin.py:188} INFO - [2025-07-22T17:59:38.027+0000] {dag.py:3823} INFO - Setting next_dagrun for example_kubernetes_executor to None, run_after=None
[2025-07-22T17:59:38.059+0000] {processor.py:183} INFO - Processing /home/airflow/.local/lib/python3.8/site-packages/airflow/example_dags/example_kubernetes_executor.py took 0.152 seconds
[2025-07-22T18:00:08.420+0000] {processor.py:161} INFO - Started process (PID=662) to work on /home/airflow/.local/lib/python3.8/site-packages/airflow/example_dags/example_kubernetes_executor.py
[2025-07-22T18:00:08.424+0000] {processor.py:830} INFO - Processing file /home/airflow/.local/lib/python3.8/site-packages/airflow/example_dags/example_kubernetes_executor.py for tasks to queue
[2025-07-22T18:00:08.427+0000] {logging_mixin.py:188} INFO - [2025-07-22T18:00:08.427+0000] {dagbag.py:538} INFO - Filling up the DagBag from /home/airflow/.local/lib/python3.8/site-packages/airflow/example_dags/example_kubernetes_executor.py
[2025-07-22T18:00:08.442+0000] {processor.py:840} INFO - DAG(s) 'example_kubernetes_executor' retrieved from /home/airflow/.local/lib/python3.8/site-packages/airflow/example_dags/example_kubernetes_executor.py
[2025-07-22T18:00:08.491+0000] {logging_mixin.py:188} INFO - [2025-07-22T18:00:08.491+0000] {dag.py:3036} INFO - Sync 1 DAGs
[2025-07-22T18:00:08.507+0000] {logging_mixin.py:188} INFO - [2025-07-22T18:00:08.507+0000] {dag.py:3823} INFO - Setting next_dagrun for example_kubernetes_executor to None, run_after=None
[2025-07-22T18:00:08.543+0000] {processor.py:183} INFO - Processing /home/airflow/.local/lib/python3.8/site-packages/airflow/example_dags/example_kubernetes_executor.py took 0.128 seconds
[2025-07-22T18:00:38.831+0000] {processor.py:161} INFO - Started process (PID=719) to work on /home/airflow/.local/lib/python3.8/site-packages/airflow/example_dags/example_kubernetes_executor.py
[2025-07-22T18:00:38.833+0000] {processor.py:830} INFO - Processing file /home/airflow/.local/lib/python3.8/site-packages/airflow/example_dags/example_kubernetes_executor.py for tasks to queue
[2025-07-22T18:00:38.836+0000] {logging_mixin.py:188} INFO - [2025-07-22T18:00:38.836+0000] {dagbag.py:538} INFO - Filling up the DagBag from /home/airflow/.local/lib/python3.8/site-packages/airflow/example_dags/example_kubernetes_executor.py
[2025-07-22T18:00:38.855+0000] {processor.py:840} INFO - DAG(s) 'example_kubernetes_executor' retrieved from /home/airflow/.local/lib/python3.8/site-packages/airflow/example_dags/example_kubernetes_executor.py
[2025-07-22T18:00:38.907+0000] {logging_mixin.py:188} INFO - [2025-07-22T18:00:38.906+0000] {dag.py:3036} INFO - Sync 1 DAGs
[2025-07-22T18:00:38.921+0000] {logging_mixin.py:188} INFO - [2025-07-22T18:00:38.921+0000] {dag.py:3823} INFO - Setting next_dagrun for example_kubernetes_executor to None, run_after=None
[2025-07-22T18:00:38.951+0000] {processor.py:183} INFO - Processing /home/airflow/.local/lib/python3.8/site-packages/airflow/example_dags/example_kubernetes_executor.py took 0.125 seconds
