[2025-07-22T17:55:04.148+0000] {processor.py:161} INFO - Started process (PID=88) to work on /home/airflow/.local/lib/python3.8/site-packages/airflow/example_dags/example_branch_operator_decorator.py
[2025-07-22T17:55:04.156+0000] {processor.py:830} INFO - Processing file /home/airflow/.local/lib/python3.8/site-packages/airflow/example_dags/example_branch_operator_decorator.py for tasks to queue
[2025-07-22T17:55:04.177+0000] {logging_mixin.py:188} INFO - [2025-07-22T17:55:04.176+0000] {dagbag.py:538} INFO - Filling up the DagBag from /home/airflow/.local/lib/python3.8/site-packages/airflow/example_dags/example_branch_operator_decorator.py
[2025-07-22T17:55:04.281+0000] {processor.py:840} INFO - DAG(s) 'example_branch_python_operator_decorator' retrieved from /home/airflow/.local/lib/python3.8/site-packages/airflow/example_dags/example_branch_operator_decorator.py
[2025-07-22T17:55:04.722+0000] {logging_mixin.py:188} INFO - [2025-07-22T17:55:04.720+0000] {dag.py:3036} INFO - Sync 1 DAGs
[2025-07-22T17:55:04.819+0000] {logging_mixin.py:188} INFO - [2025-07-22T17:55:04.818+0000] {dag.py:3823} INFO - Setting next_dagrun for example_branch_python_operator_decorator to 2025-07-21 00:00:00+00:00, run_after=2025-07-22 00:00:00+00:00
[2025-07-22T17:55:04.903+0000] {processor.py:183} INFO - Processing /home/airflow/.local/lib/python3.8/site-packages/airflow/example_dags/example_branch_operator_decorator.py took 0.768 seconds
[2025-07-22T17:55:35.088+0000] {processor.py:161} INFO - Started process (PID=154) to work on /home/airflow/.local/lib/python3.8/site-packages/airflow/example_dags/example_branch_operator_decorator.py
[2025-07-22T17:55:35.091+0000] {processor.py:830} INFO - Processing file /home/airflow/.local/lib/python3.8/site-packages/airflow/example_dags/example_branch_operator_decorator.py for tasks to queue
[2025-07-22T17:55:35.097+0000] {logging_mixin.py:188} INFO - [2025-07-22T17:55:35.096+0000] {dagbag.py:538} INFO - Filling up the DagBag from /home/airflow/.local/lib/python3.8/site-packages/airflow/example_dags/example_branch_operator_decorator.py
[2025-07-22T17:55:35.135+0000] {processor.py:840} INFO - DAG(s) 'example_branch_python_operator_decorator' retrieved from /home/airflow/.local/lib/python3.8/site-packages/airflow/example_dags/example_branch_operator_decorator.py
[2025-07-22T17:55:35.195+0000] {logging_mixin.py:188} INFO - [2025-07-22T17:55:35.194+0000] {dag.py:3036} INFO - Sync 1 DAGs
[2025-07-22T17:55:35.233+0000] {logging_mixin.py:188} INFO - [2025-07-22T17:55:35.233+0000] {dag.py:3823} INFO - Setting next_dagrun for example_branch_python_operator_decorator to 2025-07-21 00:00:00+00:00, run_after=2025-07-22 00:00:00+00:00
[2025-07-22T17:55:35.270+0000] {processor.py:183} INFO - Processing /home/airflow/.local/lib/python3.8/site-packages/airflow/example_dags/example_branch_operator_decorator.py took 0.191 seconds
[2025-07-22T17:56:05.647+0000] {processor.py:161} INFO - Started process (PID=212) to work on /home/airflow/.local/lib/python3.8/site-packages/airflow/example_dags/example_branch_operator_decorator.py
[2025-07-22T17:56:05.649+0000] {processor.py:830} INFO - Processing file /home/airflow/.local/lib/python3.8/site-packages/airflow/example_dags/example_branch_operator_decorator.py for tasks to queue
[2025-07-22T17:56:05.651+0000] {logging_mixin.py:188} INFO - [2025-07-22T17:56:05.651+0000] {dagbag.py:538} INFO - Filling up the DagBag from /home/airflow/.local/lib/python3.8/site-packages/airflow/example_dags/example_branch_operator_decorator.py
[2025-07-22T17:56:05.677+0000] {processor.py:840} INFO - DAG(s) 'example_branch_python_operator_decorator' retrieved from /home/airflow/.local/lib/python3.8/site-packages/airflow/example_dags/example_branch_operator_decorator.py
[2025-07-22T17:56:05.692+0000] {logging_mixin.py:188} INFO - [2025-07-22T17:56:05.692+0000] {dag.py:3036} INFO - Sync 1 DAGs
[2025-07-22T17:56:05.737+0000] {logging_mixin.py:188} INFO - [2025-07-22T17:56:05.736+0000] {dag.py:3823} INFO - Setting next_dagrun for example_branch_python_operator_decorator to 2025-07-21 00:00:00+00:00, run_after=2025-07-22 00:00:00+00:00
[2025-07-22T17:56:05.774+0000] {processor.py:183} INFO - Processing /home/airflow/.local/lib/python3.8/site-packages/airflow/example_dags/example_branch_operator_decorator.py took 0.131 seconds
[2025-07-22T17:56:36.831+0000] {processor.py:161} INFO - Started process (PID=268) to work on /home/airflow/.local/lib/python3.8/site-packages/airflow/example_dags/example_branch_operator_decorator.py
[2025-07-22T17:56:36.838+0000] {processor.py:830} INFO - Processing file /home/airflow/.local/lib/python3.8/site-packages/airflow/example_dags/example_branch_operator_decorator.py for tasks to queue
[2025-07-22T17:56:36.854+0000] {logging_mixin.py:188} INFO - [2025-07-22T17:56:36.852+0000] {dagbag.py:538} INFO - Filling up the DagBag from /home/airflow/.local/lib/python3.8/site-packages/airflow/example_dags/example_branch_operator_decorator.py
[2025-07-22T17:56:36.901+0000] {processor.py:840} INFO - DAG(s) 'example_branch_python_operator_decorator' retrieved from /home/airflow/.local/lib/python3.8/site-packages/airflow/example_dags/example_branch_operator_decorator.py
[2025-07-22T17:56:37.044+0000] {logging_mixin.py:188} INFO - [2025-07-22T17:56:37.043+0000] {dag.py:3036} INFO - Sync 1 DAGs
[2025-07-22T17:56:37.072+0000] {logging_mixin.py:188} INFO - [2025-07-22T17:56:37.071+0000] {dag.py:3823} INFO - Setting next_dagrun for example_branch_python_operator_decorator to 2025-07-21 00:00:00+00:00, run_after=2025-07-22 00:00:00+00:00
[2025-07-22T17:56:37.102+0000] {processor.py:183} INFO - Processing /home/airflow/.local/lib/python3.8/site-packages/airflow/example_dags/example_branch_operator_decorator.py took 0.279 seconds
[2025-07-22T17:57:07.764+0000] {processor.py:161} INFO - Started process (PID=325) to work on /home/airflow/.local/lib/python3.8/site-packages/airflow/example_dags/example_branch_operator_decorator.py
[2025-07-22T17:57:07.766+0000] {processor.py:830} INFO - Processing file /home/airflow/.local/lib/python3.8/site-packages/airflow/example_dags/example_branch_operator_decorator.py for tasks to queue
[2025-07-22T17:57:07.769+0000] {logging_mixin.py:188} INFO - [2025-07-22T17:57:07.769+0000] {dagbag.py:538} INFO - Filling up the DagBag from /home/airflow/.local/lib/python3.8/site-packages/airflow/example_dags/example_branch_operator_decorator.py
[2025-07-22T17:57:07.804+0000] {processor.py:840} INFO - DAG(s) 'example_branch_python_operator_decorator' retrieved from /home/airflow/.local/lib/python3.8/site-packages/airflow/example_dags/example_branch_operator_decorator.py
[2025-07-22T17:57:07.845+0000] {logging_mixin.py:188} INFO - [2025-07-22T17:57:07.844+0000] {dag.py:3036} INFO - Sync 1 DAGs
[2025-07-22T17:57:07.872+0000] {logging_mixin.py:188} INFO - [2025-07-22T17:57:07.871+0000] {dag.py:3823} INFO - Setting next_dagrun for example_branch_python_operator_decorator to 2025-07-21 00:00:00+00:00, run_after=2025-07-22 00:00:00+00:00
[2025-07-22T17:57:07.902+0000] {processor.py:183} INFO - Processing /home/airflow/.local/lib/python3.8/site-packages/airflow/example_dags/example_branch_operator_decorator.py took 0.143 seconds
[2025-07-22T17:57:38.315+0000] {processor.py:161} INFO - Started process (PID=381) to work on /home/airflow/.local/lib/python3.8/site-packages/airflow/example_dags/example_branch_operator_decorator.py
[2025-07-22T17:57:38.317+0000] {processor.py:830} INFO - Processing file /home/airflow/.local/lib/python3.8/site-packages/airflow/example_dags/example_branch_operator_decorator.py for tasks to queue
[2025-07-22T17:57:38.320+0000] {logging_mixin.py:188} INFO - [2025-07-22T17:57:38.320+0000] {dagbag.py:538} INFO - Filling up the DagBag from /home/airflow/.local/lib/python3.8/site-packages/airflow/example_dags/example_branch_operator_decorator.py
[2025-07-22T17:57:38.347+0000] {processor.py:840} INFO - DAG(s) 'example_branch_python_operator_decorator' retrieved from /home/airflow/.local/lib/python3.8/site-packages/airflow/example_dags/example_branch_operator_decorator.py
[2025-07-22T17:57:38.383+0000] {logging_mixin.py:188} INFO - [2025-07-22T17:57:38.383+0000] {dag.py:3036} INFO - Sync 1 DAGs
[2025-07-22T17:57:38.413+0000] {logging_mixin.py:188} INFO - [2025-07-22T17:57:38.412+0000] {dag.py:3823} INFO - Setting next_dagrun for example_branch_python_operator_decorator to 2025-07-21 00:00:00+00:00, run_after=2025-07-22 00:00:00+00:00
[2025-07-22T17:57:38.443+0000] {processor.py:183} INFO - Processing /home/airflow/.local/lib/python3.8/site-packages/airflow/example_dags/example_branch_operator_decorator.py took 0.132 seconds
[2025-07-22T17:58:08.886+0000] {processor.py:161} INFO - Started process (PID=437) to work on /home/airflow/.local/lib/python3.8/site-packages/airflow/example_dags/example_branch_operator_decorator.py
[2025-07-22T17:58:08.888+0000] {processor.py:830} INFO - Processing file /home/airflow/.local/lib/python3.8/site-packages/airflow/example_dags/example_branch_operator_decorator.py for tasks to queue
[2025-07-22T17:58:08.891+0000] {logging_mixin.py:188} INFO - [2025-07-22T17:58:08.890+0000] {dagbag.py:538} INFO - Filling up the DagBag from /home/airflow/.local/lib/python3.8/site-packages/airflow/example_dags/example_branch_operator_decorator.py
[2025-07-22T17:58:08.915+0000] {processor.py:840} INFO - DAG(s) 'example_branch_python_operator_decorator' retrieved from /home/airflow/.local/lib/python3.8/site-packages/airflow/example_dags/example_branch_operator_decorator.py
[2025-07-22T17:58:08.950+0000] {logging_mixin.py:188} INFO - [2025-07-22T17:58:08.950+0000] {dag.py:3036} INFO - Sync 1 DAGs
[2025-07-22T17:58:08.980+0000] {logging_mixin.py:188} INFO - [2025-07-22T17:58:08.980+0000] {dag.py:3823} INFO - Setting next_dagrun for example_branch_python_operator_decorator to 2025-07-21 00:00:00+00:00, run_after=2025-07-22 00:00:00+00:00
[2025-07-22T17:58:09.008+0000] {processor.py:183} INFO - Processing /home/airflow/.local/lib/python3.8/site-packages/airflow/example_dags/example_branch_operator_decorator.py took 0.126 seconds
[2025-07-22T17:58:39.277+0000] {processor.py:161} INFO - Started process (PID=494) to work on /home/airflow/.local/lib/python3.8/site-packages/airflow/example_dags/example_branch_operator_decorator.py
[2025-07-22T17:58:39.279+0000] {processor.py:830} INFO - Processing file /home/airflow/.local/lib/python3.8/site-packages/airflow/example_dags/example_branch_operator_decorator.py for tasks to queue
[2025-07-22T17:58:39.283+0000] {logging_mixin.py:188} INFO - [2025-07-22T17:58:39.282+0000] {dagbag.py:538} INFO - Filling up the DagBag from /home/airflow/.local/lib/python3.8/site-packages/airflow/example_dags/example_branch_operator_decorator.py
[2025-07-22T17:58:39.314+0000] {processor.py:840} INFO - DAG(s) 'example_branch_python_operator_decorator' retrieved from /home/airflow/.local/lib/python3.8/site-packages/airflow/example_dags/example_branch_operator_decorator.py
[2025-07-22T17:58:39.356+0000] {logging_mixin.py:188} INFO - [2025-07-22T17:58:39.356+0000] {dag.py:3036} INFO - Sync 1 DAGs
[2025-07-22T17:58:39.387+0000] {logging_mixin.py:188} INFO - [2025-07-22T17:58:39.387+0000] {dag.py:3823} INFO - Setting next_dagrun for example_branch_python_operator_decorator to 2025-07-21 00:00:00+00:00, run_after=2025-07-22 00:00:00+00:00
[2025-07-22T17:58:39.422+0000] {processor.py:183} INFO - Processing /home/airflow/.local/lib/python3.8/site-packages/airflow/example_dags/example_branch_operator_decorator.py took 0.153 seconds
[2025-07-22T17:59:09.891+0000] {processor.py:161} INFO - Started process (PID=551) to work on /home/airflow/.local/lib/python3.8/site-packages/airflow/example_dags/example_branch_operator_decorator.py
[2025-07-22T17:59:09.893+0000] {processor.py:830} INFO - Processing file /home/airflow/.local/lib/python3.8/site-packages/airflow/example_dags/example_branch_operator_decorator.py for tasks to queue
[2025-07-22T17:59:09.896+0000] {logging_mixin.py:188} INFO - [2025-07-22T17:59:09.895+0000] {dagbag.py:538} INFO - Filling up the DagBag from /home/airflow/.local/lib/python3.8/site-packages/airflow/example_dags/example_branch_operator_decorator.py
[2025-07-22T17:59:09.932+0000] {processor.py:840} INFO - DAG(s) 'example_branch_python_operator_decorator' retrieved from /home/airflow/.local/lib/python3.8/site-packages/airflow/example_dags/example_branch_operator_decorator.py
[2025-07-22T17:59:09.972+0000] {logging_mixin.py:188} INFO - [2025-07-22T17:59:09.971+0000] {dag.py:3036} INFO - Sync 1 DAGs
[2025-07-22T17:59:10.001+0000] {logging_mixin.py:188} INFO - [2025-07-22T17:59:10.001+0000] {dag.py:3823} INFO - Setting next_dagrun for example_branch_python_operator_decorator to 2025-07-21 00:00:00+00:00, run_after=2025-07-22 00:00:00+00:00
[2025-07-22T17:59:10.030+0000] {processor.py:183} INFO - Processing /home/airflow/.local/lib/python3.8/site-packages/airflow/example_dags/example_branch_operator_decorator.py took 0.144 seconds
[2025-07-22T17:59:40.246+0000] {processor.py:161} INFO - Started process (PID=608) to work on /home/airflow/.local/lib/python3.8/site-packages/airflow/example_dags/example_branch_operator_decorator.py
[2025-07-22T17:59:40.248+0000] {processor.py:830} INFO - Processing file /home/airflow/.local/lib/python3.8/site-packages/airflow/example_dags/example_branch_operator_decorator.py for tasks to queue
[2025-07-22T17:59:40.253+0000] {logging_mixin.py:188} INFO - [2025-07-22T17:59:40.252+0000] {dagbag.py:538} INFO - Filling up the DagBag from /home/airflow/.local/lib/python3.8/site-packages/airflow/example_dags/example_branch_operator_decorator.py
[2025-07-22T17:59:40.282+0000] {processor.py:840} INFO - DAG(s) 'example_branch_python_operator_decorator' retrieved from /home/airflow/.local/lib/python3.8/site-packages/airflow/example_dags/example_branch_operator_decorator.py
[2025-07-22T17:59:40.316+0000] {logging_mixin.py:188} INFO - [2025-07-22T17:59:40.316+0000] {dag.py:3036} INFO - Sync 1 DAGs
[2025-07-22T17:59:40.345+0000] {logging_mixin.py:188} INFO - [2025-07-22T17:59:40.345+0000] {dag.py:3823} INFO - Setting next_dagrun for example_branch_python_operator_decorator to 2025-07-21 00:00:00+00:00, run_after=2025-07-22 00:00:00+00:00
[2025-07-22T17:59:40.376+0000] {processor.py:183} INFO - Processing /home/airflow/.local/lib/python3.8/site-packages/airflow/example_dags/example_branch_operator_decorator.py took 0.135 seconds
[2025-07-22T18:00:10.844+0000] {processor.py:161} INFO - Started process (PID=666) to work on /home/airflow/.local/lib/python3.8/site-packages/airflow/example_dags/example_branch_operator_decorator.py
[2025-07-22T18:00:10.846+0000] {processor.py:830} INFO - Processing file /home/airflow/.local/lib/python3.8/site-packages/airflow/example_dags/example_branch_operator_decorator.py for tasks to queue
[2025-07-22T18:00:10.849+0000] {logging_mixin.py:188} INFO - [2025-07-22T18:00:10.848+0000] {dagbag.py:538} INFO - Filling up the DagBag from /home/airflow/.local/lib/python3.8/site-packages/airflow/example_dags/example_branch_operator_decorator.py
[2025-07-22T18:00:10.873+0000] {processor.py:840} INFO - DAG(s) 'example_branch_python_operator_decorator' retrieved from /home/airflow/.local/lib/python3.8/site-packages/airflow/example_dags/example_branch_operator_decorator.py
[2025-07-22T18:00:10.907+0000] {logging_mixin.py:188} INFO - [2025-07-22T18:00:10.907+0000] {dag.py:3036} INFO - Sync 1 DAGs
[2025-07-22T18:00:10.934+0000] {logging_mixin.py:188} INFO - [2025-07-22T18:00:10.933+0000] {dag.py:3823} INFO - Setting next_dagrun for example_branch_python_operator_decorator to 2025-07-21 00:00:00+00:00, run_after=2025-07-22 00:00:00+00:00
[2025-07-22T18:00:10.960+0000] {processor.py:183} INFO - Processing /home/airflow/.local/lib/python3.8/site-packages/airflow/example_dags/example_branch_operator_decorator.py took 0.121 seconds
[2025-07-22T18:00:41.221+0000] {processor.py:161} INFO - Started process (PID=723) to work on /home/airflow/.local/lib/python3.8/site-packages/airflow/example_dags/example_branch_operator_decorator.py
[2025-07-22T18:00:41.224+0000] {processor.py:830} INFO - Processing file /home/airflow/.local/lib/python3.8/site-packages/airflow/example_dags/example_branch_operator_decorator.py for tasks to queue
[2025-07-22T18:00:41.228+0000] {logging_mixin.py:188} INFO - [2025-07-22T18:00:41.227+0000] {dagbag.py:538} INFO - Filling up the DagBag from /home/airflow/.local/lib/python3.8/site-packages/airflow/example_dags/example_branch_operator_decorator.py
[2025-07-22T18:00:41.265+0000] {processor.py:840} INFO - DAG(s) 'example_branch_python_operator_decorator' retrieved from /home/airflow/.local/lib/python3.8/site-packages/airflow/example_dags/example_branch_operator_decorator.py
[2025-07-22T18:00:41.299+0000] {logging_mixin.py:188} INFO - [2025-07-22T18:00:41.299+0000] {dag.py:3036} INFO - Sync 1 DAGs
[2025-07-22T18:00:41.327+0000] {logging_mixin.py:188} INFO - [2025-07-22T18:00:41.326+0000] {dag.py:3823} INFO - Setting next_dagrun for example_branch_python_operator_decorator to 2025-07-21 00:00:00+00:00, run_after=2025-07-22 00:00:00+00:00
[2025-07-22T18:00:41.361+0000] {processor.py:183} INFO - Processing /home/airflow/.local/lib/python3.8/site-packages/airflow/example_dags/example_branch_operator_decorator.py took 0.149 seconds
