[2025-07-22T17:55:11.067+0000] {processor.py:161} INFO - Started process (PID=122) to work on /home/airflow/.local/lib/python3.8/site-packages/airflow/example_dags/example_latest_only_with_trigger.py
[2025-07-22T17:55:11.070+0000] {processor.py:830} INFO - Processing file /home/airflow/.local/lib/python3.8/site-packages/airflow/example_dags/example_latest_only_with_trigger.py for tasks to queue
[2025-07-22T17:55:11.075+0000] {logging_mixin.py:188} INFO - [2025-07-22T17:55:11.075+0000] {dagbag.py:538} INFO - Filling up the DagBag from /home/airflow/.local/lib/python3.8/site-packages/airflow/example_dags/example_latest_only_with_trigger.py
[2025-07-22T17:55:11.097+0000] {processor.py:840} INFO - DAG(s) 'latest_only_with_trigger' retrieved from /home/airflow/.local/lib/python3.8/site-packages/airflow/example_dags/example_latest_only_with_trigger.py
[2025-07-22T17:55:11.171+0000] {logging_mixin.py:188} INFO - [2025-07-22T17:55:11.170+0000] {dag.py:3036} INFO - Sync 1 DAGs
[2025-07-22T17:55:11.226+0000] {logging_mixin.py:188} INFO - [2025-07-22T17:55:11.225+0000] {dag.py:3823} INFO - Setting next_dagrun for latest_only_with_trigger to 2025-07-22 12:00:00+00:00, run_after=2025-07-22 16:00:00+00:00
[2025-07-22T17:55:11.280+0000] {processor.py:183} INFO - Processing /home/airflow/.local/lib/python3.8/site-packages/airflow/example_dags/example_latest_only_with_trigger.py took 0.221 seconds
[2025-07-22T17:55:41.732+0000] {processor.py:161} INFO - Started process (PID=184) to work on /home/airflow/.local/lib/python3.8/site-packages/airflow/example_dags/example_latest_only_with_trigger.py
[2025-07-22T17:55:41.735+0000] {processor.py:830} INFO - Processing file /home/airflow/.local/lib/python3.8/site-packages/airflow/example_dags/example_latest_only_with_trigger.py for tasks to queue
[2025-07-22T17:55:41.738+0000] {logging_mixin.py:188} INFO - [2025-07-22T17:55:41.738+0000] {dagbag.py:538} INFO - Filling up the DagBag from /home/airflow/.local/lib/python3.8/site-packages/airflow/example_dags/example_latest_only_with_trigger.py
[2025-07-22T17:55:41.750+0000] {processor.py:840} INFO - DAG(s) 'latest_only_with_trigger' retrieved from /home/airflow/.local/lib/python3.8/site-packages/airflow/example_dags/example_latest_only_with_trigger.py
[2025-07-22T17:55:41.773+0000] {logging_mixin.py:188} INFO - [2025-07-22T17:55:41.773+0000] {dag.py:3036} INFO - Sync 1 DAGs
[2025-07-22T17:55:41.814+0000] {logging_mixin.py:188} INFO - [2025-07-22T17:55:41.814+0000] {dag.py:3823} INFO - Setting next_dagrun for latest_only_with_trigger to 2025-07-22 12:00:00+00:00, run_after=2025-07-22 16:00:00+00:00
[2025-07-22T17:55:41.851+0000] {processor.py:183} INFO - Processing /home/airflow/.local/lib/python3.8/site-packages/airflow/example_dags/example_latest_only_with_trigger.py took 0.125 seconds
[2025-07-22T17:56:12.136+0000] {processor.py:161} INFO - Started process (PID=241) to work on /home/airflow/.local/lib/python3.8/site-packages/airflow/example_dags/example_latest_only_with_trigger.py
[2025-07-22T17:56:12.139+0000] {processor.py:830} INFO - Processing file /home/airflow/.local/lib/python3.8/site-packages/airflow/example_dags/example_latest_only_with_trigger.py for tasks to queue
[2025-07-22T17:56:12.144+0000] {logging_mixin.py:188} INFO - [2025-07-22T17:56:12.143+0000] {dagbag.py:538} INFO - Filling up the DagBag from /home/airflow/.local/lib/python3.8/site-packages/airflow/example_dags/example_latest_only_with_trigger.py
[2025-07-22T17:56:12.156+0000] {processor.py:840} INFO - DAG(s) 'latest_only_with_trigger' retrieved from /home/airflow/.local/lib/python3.8/site-packages/airflow/example_dags/example_latest_only_with_trigger.py
[2025-07-22T17:56:12.299+0000] {logging_mixin.py:188} INFO - [2025-07-22T17:56:12.299+0000] {dag.py:3036} INFO - Sync 1 DAGs
[2025-07-22T17:56:12.326+0000] {logging_mixin.py:188} INFO - [2025-07-22T17:56:12.325+0000] {dag.py:3823} INFO - Setting next_dagrun for latest_only_with_trigger to 2025-07-22 12:00:00+00:00, run_after=2025-07-22 16:00:00+00:00
[2025-07-22T17:56:12.366+0000] {processor.py:183} INFO - Processing /home/airflow/.local/lib/python3.8/site-packages/airflow/example_dags/example_latest_only_with_trigger.py took 0.237 seconds
[2025-07-22T17:56:43.254+0000] {processor.py:161} INFO - Started process (PID=298) to work on /home/airflow/.local/lib/python3.8/site-packages/airflow/example_dags/example_latest_only_with_trigger.py
[2025-07-22T17:56:43.256+0000] {processor.py:830} INFO - Processing file /home/airflow/.local/lib/python3.8/site-packages/airflow/example_dags/example_latest_only_with_trigger.py for tasks to queue
[2025-07-22T17:56:43.259+0000] {logging_mixin.py:188} INFO - [2025-07-22T17:56:43.259+0000] {dagbag.py:538} INFO - Filling up the DagBag from /home/airflow/.local/lib/python3.8/site-packages/airflow/example_dags/example_latest_only_with_trigger.py
[2025-07-22T17:56:43.269+0000] {processor.py:840} INFO - DAG(s) 'latest_only_with_trigger' retrieved from /home/airflow/.local/lib/python3.8/site-packages/airflow/example_dags/example_latest_only_with_trigger.py
[2025-07-22T17:56:43.307+0000] {logging_mixin.py:188} INFO - [2025-07-22T17:56:43.307+0000] {dag.py:3036} INFO - Sync 1 DAGs
[2025-07-22T17:56:43.343+0000] {logging_mixin.py:188} INFO - [2025-07-22T17:56:43.343+0000] {dag.py:3823} INFO - Setting next_dagrun for latest_only_with_trigger to 2025-07-22 12:00:00+00:00, run_after=2025-07-22 16:00:00+00:00
[2025-07-22T17:56:43.393+0000] {processor.py:183} INFO - Processing /home/airflow/.local/lib/python3.8/site-packages/airflow/example_dags/example_latest_only_with_trigger.py took 0.145 seconds
[2025-07-22T17:57:14.026+0000] {processor.py:161} INFO - Started process (PID=355) to work on /home/airflow/.local/lib/python3.8/site-packages/airflow/example_dags/example_latest_only_with_trigger.py
[2025-07-22T17:57:14.028+0000] {processor.py:830} INFO - Processing file /home/airflow/.local/lib/python3.8/site-packages/airflow/example_dags/example_latest_only_with_trigger.py for tasks to queue
[2025-07-22T17:57:14.032+0000] {logging_mixin.py:188} INFO - [2025-07-22T17:57:14.031+0000] {dagbag.py:538} INFO - Filling up the DagBag from /home/airflow/.local/lib/python3.8/site-packages/airflow/example_dags/example_latest_only_with_trigger.py
[2025-07-22T17:57:14.040+0000] {processor.py:840} INFO - DAG(s) 'latest_only_with_trigger' retrieved from /home/airflow/.local/lib/python3.8/site-packages/airflow/example_dags/example_latest_only_with_trigger.py
[2025-07-22T17:57:14.071+0000] {logging_mixin.py:188} INFO - [2025-07-22T17:57:14.070+0000] {dag.py:3036} INFO - Sync 1 DAGs
[2025-07-22T17:57:14.098+0000] {logging_mixin.py:188} INFO - [2025-07-22T17:57:14.098+0000] {dag.py:3823} INFO - Setting next_dagrun for latest_only_with_trigger to 2025-07-22 12:00:00+00:00, run_after=2025-07-22 16:00:00+00:00
[2025-07-22T17:57:14.134+0000] {processor.py:183} INFO - Processing /home/airflow/.local/lib/python3.8/site-packages/airflow/example_dags/example_latest_only_with_trigger.py took 0.113 seconds
[2025-07-22T17:57:44.726+0000] {processor.py:161} INFO - Started process (PID=412) to work on /home/airflow/.local/lib/python3.8/site-packages/airflow/example_dags/example_latest_only_with_trigger.py
[2025-07-22T17:57:44.728+0000] {processor.py:830} INFO - Processing file /home/airflow/.local/lib/python3.8/site-packages/airflow/example_dags/example_latest_only_with_trigger.py for tasks to queue
[2025-07-22T17:57:44.731+0000] {logging_mixin.py:188} INFO - [2025-07-22T17:57:44.730+0000] {dagbag.py:538} INFO - Filling up the DagBag from /home/airflow/.local/lib/python3.8/site-packages/airflow/example_dags/example_latest_only_with_trigger.py
[2025-07-22T17:57:44.738+0000] {processor.py:840} INFO - DAG(s) 'latest_only_with_trigger' retrieved from /home/airflow/.local/lib/python3.8/site-packages/airflow/example_dags/example_latest_only_with_trigger.py
[2025-07-22T17:57:44.769+0000] {logging_mixin.py:188} INFO - [2025-07-22T17:57:44.768+0000] {dag.py:3036} INFO - Sync 1 DAGs
[2025-07-22T17:57:44.795+0000] {logging_mixin.py:188} INFO - [2025-07-22T17:57:44.795+0000] {dag.py:3823} INFO - Setting next_dagrun for latest_only_with_trigger to 2025-07-22 12:00:00+00:00, run_after=2025-07-22 16:00:00+00:00
[2025-07-22T17:57:44.826+0000] {processor.py:183} INFO - Processing /home/airflow/.local/lib/python3.8/site-packages/airflow/example_dags/example_latest_only_with_trigger.py took 0.105 seconds
[2025-07-22T17:58:14.920+0000] {processor.py:161} INFO - Started process (PID=469) to work on /home/airflow/.local/lib/python3.8/site-packages/airflow/example_dags/example_latest_only_with_trigger.py
[2025-07-22T17:58:14.922+0000] {processor.py:830} INFO - Processing file /home/airflow/.local/lib/python3.8/site-packages/airflow/example_dags/example_latest_only_with_trigger.py for tasks to queue
[2025-07-22T17:58:14.924+0000] {logging_mixin.py:188} INFO - [2025-07-22T17:58:14.924+0000] {dagbag.py:538} INFO - Filling up the DagBag from /home/airflow/.local/lib/python3.8/site-packages/airflow/example_dags/example_latest_only_with_trigger.py
[2025-07-22T17:58:14.933+0000] {processor.py:840} INFO - DAG(s) 'latest_only_with_trigger' retrieved from /home/airflow/.local/lib/python3.8/site-packages/airflow/example_dags/example_latest_only_with_trigger.py
[2025-07-22T17:58:14.963+0000] {logging_mixin.py:188} INFO - [2025-07-22T17:58:14.963+0000] {dag.py:3036} INFO - Sync 1 DAGs
[2025-07-22T17:58:14.990+0000] {logging_mixin.py:188} INFO - [2025-07-22T17:58:14.989+0000] {dag.py:3823} INFO - Setting next_dagrun for latest_only_with_trigger to 2025-07-22 12:00:00+00:00, run_after=2025-07-22 16:00:00+00:00
[2025-07-22T17:58:15.021+0000] {processor.py:183} INFO - Processing /home/airflow/.local/lib/python3.8/site-packages/airflow/example_dags/example_latest_only_with_trigger.py took 0.105 seconds
[2025-07-22T17:58:45.577+0000] {processor.py:161} INFO - Started process (PID=526) to work on /home/airflow/.local/lib/python3.8/site-packages/airflow/example_dags/example_latest_only_with_trigger.py
[2025-07-22T17:58:45.580+0000] {processor.py:830} INFO - Processing file /home/airflow/.local/lib/python3.8/site-packages/airflow/example_dags/example_latest_only_with_trigger.py for tasks to queue
[2025-07-22T17:58:45.583+0000] {logging_mixin.py:188} INFO - [2025-07-22T17:58:45.583+0000] {dagbag.py:538} INFO - Filling up the DagBag from /home/airflow/.local/lib/python3.8/site-packages/airflow/example_dags/example_latest_only_with_trigger.py
[2025-07-22T17:58:45.596+0000] {processor.py:840} INFO - DAG(s) 'latest_only_with_trigger' retrieved from /home/airflow/.local/lib/python3.8/site-packages/airflow/example_dags/example_latest_only_with_trigger.py
[2025-07-22T17:58:45.635+0000] {logging_mixin.py:188} INFO - [2025-07-22T17:58:45.634+0000] {dag.py:3036} INFO - Sync 1 DAGs
[2025-07-22T17:58:45.669+0000] {logging_mixin.py:188} INFO - [2025-07-22T17:58:45.669+0000] {dag.py:3823} INFO - Setting next_dagrun for latest_only_with_trigger to 2025-07-22 12:00:00+00:00, run_after=2025-07-22 16:00:00+00:00
[2025-07-22T17:58:45.722+0000] {processor.py:183} INFO - Processing /home/airflow/.local/lib/python3.8/site-packages/airflow/example_dags/example_latest_only_with_trigger.py took 0.152 seconds
[2025-07-22T17:59:15.906+0000] {processor.py:161} INFO - Started process (PID=583) to work on /home/airflow/.local/lib/python3.8/site-packages/airflow/example_dags/example_latest_only_with_trigger.py
[2025-07-22T17:59:15.909+0000] {processor.py:830} INFO - Processing file /home/airflow/.local/lib/python3.8/site-packages/airflow/example_dags/example_latest_only_with_trigger.py for tasks to queue
[2025-07-22T17:59:15.912+0000] {logging_mixin.py:188} INFO - [2025-07-22T17:59:15.912+0000] {dagbag.py:538} INFO - Filling up the DagBag from /home/airflow/.local/lib/python3.8/site-packages/airflow/example_dags/example_latest_only_with_trigger.py
[2025-07-22T17:59:15.921+0000] {processor.py:840} INFO - DAG(s) 'latest_only_with_trigger' retrieved from /home/airflow/.local/lib/python3.8/site-packages/airflow/example_dags/example_latest_only_with_trigger.py
[2025-07-22T17:59:15.952+0000] {logging_mixin.py:188} INFO - [2025-07-22T17:59:15.952+0000] {dag.py:3036} INFO - Sync 1 DAGs
[2025-07-22T17:59:15.980+0000] {logging_mixin.py:188} INFO - [2025-07-22T17:59:15.980+0000] {dag.py:3823} INFO - Setting next_dagrun for latest_only_with_trigger to 2025-07-22 12:00:00+00:00, run_after=2025-07-22 16:00:00+00:00
[2025-07-22T17:59:16.013+0000] {processor.py:183} INFO - Processing /home/airflow/.local/lib/python3.8/site-packages/airflow/example_dags/example_latest_only_with_trigger.py took 0.112 seconds
[2025-07-22T17:59:46.625+0000] {processor.py:161} INFO - Started process (PID=640) to work on /home/airflow/.local/lib/python3.8/site-packages/airflow/example_dags/example_latest_only_with_trigger.py
[2025-07-22T17:59:46.627+0000] {processor.py:830} INFO - Processing file /home/airflow/.local/lib/python3.8/site-packages/airflow/example_dags/example_latest_only_with_trigger.py for tasks to queue
[2025-07-22T17:59:46.631+0000] {logging_mixin.py:188} INFO - [2025-07-22T17:59:46.630+0000] {dagbag.py:538} INFO - Filling up the DagBag from /home/airflow/.local/lib/python3.8/site-packages/airflow/example_dags/example_latest_only_with_trigger.py
[2025-07-22T17:59:46.639+0000] {processor.py:840} INFO - DAG(s) 'latest_only_with_trigger' retrieved from /home/airflow/.local/lib/python3.8/site-packages/airflow/example_dags/example_latest_only_with_trigger.py
[2025-07-22T17:59:46.666+0000] {logging_mixin.py:188} INFO - [2025-07-22T17:59:46.666+0000] {dag.py:3036} INFO - Sync 1 DAGs
[2025-07-22T17:59:46.699+0000] {logging_mixin.py:188} INFO - [2025-07-22T17:59:46.698+0000] {dag.py:3823} INFO - Setting next_dagrun for latest_only_with_trigger to 2025-07-22 12:00:00+00:00, run_after=2025-07-22 16:00:00+00:00
[2025-07-22T17:59:46.734+0000] {processor.py:183} INFO - Processing /home/airflow/.local/lib/python3.8/site-packages/airflow/example_dags/example_latest_only_with_trigger.py took 0.116 seconds
[2025-07-22T18:00:17.352+0000] {processor.py:161} INFO - Started process (PID=698) to work on /home/airflow/.local/lib/python3.8/site-packages/airflow/example_dags/example_latest_only_with_trigger.py
[2025-07-22T18:00:17.355+0000] {processor.py:830} INFO - Processing file /home/airflow/.local/lib/python3.8/site-packages/airflow/example_dags/example_latest_only_with_trigger.py for tasks to queue
[2025-07-22T18:00:17.361+0000] {logging_mixin.py:188} INFO - [2025-07-22T18:00:17.360+0000] {dagbag.py:538} INFO - Filling up the DagBag from /home/airflow/.local/lib/python3.8/site-packages/airflow/example_dags/example_latest_only_with_trigger.py
[2025-07-22T18:00:17.375+0000] {processor.py:840} INFO - DAG(s) 'latest_only_with_trigger' retrieved from /home/airflow/.local/lib/python3.8/site-packages/airflow/example_dags/example_latest_only_with_trigger.py
[2025-07-22T18:00:17.414+0000] {logging_mixin.py:188} INFO - [2025-07-22T18:00:17.414+0000] {dag.py:3036} INFO - Sync 1 DAGs
[2025-07-22T18:00:17.442+0000] {logging_mixin.py:188} INFO - [2025-07-22T18:00:17.442+0000] {dag.py:3823} INFO - Setting next_dagrun for latest_only_with_trigger to 2025-07-22 12:00:00+00:00, run_after=2025-07-22 16:00:00+00:00
[2025-07-22T18:00:17.473+0000] {processor.py:183} INFO - Processing /home/airflow/.local/lib/python3.8/site-packages/airflow/example_dags/example_latest_only_with_trigger.py took 0.128 seconds
