[2025-07-22T17:55:11.252+0000] {processor.py:161} INFO - Started process (PID=123) to work on /home/airflow/.local/lib/python3.8/site-packages/airflow/example_dags/example_trigger_target_dag.py
[2025-07-22T17:55:11.255+0000] {processor.py:830} INFO - Processing file /home/airflow/.local/lib/python3.8/site-packages/airflow/example_dags/example_trigger_target_dag.py for tasks to queue
[2025-07-22T17:55:11.260+0000] {logging_mixin.py:188} INFO - [2025-07-22T17:55:11.260+0000] {dagbag.py:538} INFO - Filling up the DagBag from /home/airflow/.local/lib/python3.8/site-packages/airflow/example_dags/example_trigger_target_dag.py
[2025-07-22T17:55:11.281+0000] {processor.py:840} INFO - DAG(s) 'example_trigger_target_dag' retrieved from /home/airflow/.local/lib/python3.8/site-packages/airflow/example_dags/example_trigger_target_dag.py
[2025-07-22T17:55:11.345+0000] {logging_mixin.py:188} INFO - [2025-07-22T17:55:11.344+0000] {dag.py:3036} INFO - Sync 1 DAGs
[2025-07-22T17:55:11.380+0000] {logging_mixin.py:188} INFO - [2025-07-22T17:55:11.380+0000] {dag.py:3823} INFO - Setting next_dagrun for example_trigger_target_dag to None, run_after=None
[2025-07-22T17:55:11.438+0000] {processor.py:183} INFO - Processing /home/airflow/.local/lib/python3.8/site-packages/airflow/example_dags/example_trigger_target_dag.py took 0.194 seconds
[2025-07-22T17:55:41.929+0000] {processor.py:161} INFO - Started process (PID=185) to work on /home/airflow/.local/lib/python3.8/site-packages/airflow/example_dags/example_trigger_target_dag.py
[2025-07-22T17:55:41.932+0000] {processor.py:830} INFO - Processing file /home/airflow/.local/lib/python3.8/site-packages/airflow/example_dags/example_trigger_target_dag.py for tasks to queue
[2025-07-22T17:55:41.936+0000] {logging_mixin.py:188} INFO - [2025-07-22T17:55:41.935+0000] {dagbag.py:538} INFO - Filling up the DagBag from /home/airflow/.local/lib/python3.8/site-packages/airflow/example_dags/example_trigger_target_dag.py
[2025-07-22T17:55:41.948+0000] {processor.py:840} INFO - DAG(s) 'example_trigger_target_dag' retrieved from /home/airflow/.local/lib/python3.8/site-packages/airflow/example_dags/example_trigger_target_dag.py
[2025-07-22T17:55:41.972+0000] {logging_mixin.py:188} INFO - [2025-07-22T17:55:41.972+0000] {dag.py:3036} INFO - Sync 1 DAGs
[2025-07-22T17:55:41.994+0000] {logging_mixin.py:188} INFO - [2025-07-22T17:55:41.994+0000] {dag.py:3823} INFO - Setting next_dagrun for example_trigger_target_dag to None, run_after=None
[2025-07-22T17:55:42.034+0000] {processor.py:183} INFO - Processing /home/airflow/.local/lib/python3.8/site-packages/airflow/example_dags/example_trigger_target_dag.py took 0.111 seconds
[2025-07-22T17:56:12.477+0000] {processor.py:161} INFO - Started process (PID=242) to work on /home/airflow/.local/lib/python3.8/site-packages/airflow/example_dags/example_trigger_target_dag.py
[2025-07-22T17:56:12.479+0000] {processor.py:830} INFO - Processing file /home/airflow/.local/lib/python3.8/site-packages/airflow/example_dags/example_trigger_target_dag.py for tasks to queue
[2025-07-22T17:56:12.483+0000] {logging_mixin.py:188} INFO - [2025-07-22T17:56:12.483+0000] {dagbag.py:538} INFO - Filling up the DagBag from /home/airflow/.local/lib/python3.8/site-packages/airflow/example_dags/example_trigger_target_dag.py
[2025-07-22T17:56:12.492+0000] {processor.py:840} INFO - DAG(s) 'example_trigger_target_dag' retrieved from /home/airflow/.local/lib/python3.8/site-packages/airflow/example_dags/example_trigger_target_dag.py
[2025-07-22T17:56:12.636+0000] {logging_mixin.py:188} INFO - [2025-07-22T17:56:12.635+0000] {dag.py:3036} INFO - Sync 1 DAGs
[2025-07-22T17:56:12.652+0000] {logging_mixin.py:188} INFO - [2025-07-22T17:56:12.652+0000] {dag.py:3823} INFO - Setting next_dagrun for example_trigger_target_dag to None, run_after=None
[2025-07-22T17:56:12.688+0000] {processor.py:183} INFO - Processing /home/airflow/.local/lib/python3.8/site-packages/airflow/example_dags/example_trigger_target_dag.py took 0.219 seconds
[2025-07-22T17:56:43.326+0000] {processor.py:161} INFO - Started process (PID=299) to work on /home/airflow/.local/lib/python3.8/site-packages/airflow/example_dags/example_trigger_target_dag.py
[2025-07-22T17:56:43.330+0000] {processor.py:830} INFO - Processing file /home/airflow/.local/lib/python3.8/site-packages/airflow/example_dags/example_trigger_target_dag.py for tasks to queue
[2025-07-22T17:56:43.335+0000] {logging_mixin.py:188} INFO - [2025-07-22T17:56:43.335+0000] {dagbag.py:538} INFO - Filling up the DagBag from /home/airflow/.local/lib/python3.8/site-packages/airflow/example_dags/example_trigger_target_dag.py
[2025-07-22T17:56:43.343+0000] {processor.py:840} INFO - DAG(s) 'example_trigger_target_dag' retrieved from /home/airflow/.local/lib/python3.8/site-packages/airflow/example_dags/example_trigger_target_dag.py
[2025-07-22T17:56:43.391+0000] {logging_mixin.py:188} INFO - [2025-07-22T17:56:43.390+0000] {dag.py:3036} INFO - Sync 1 DAGs
[2025-07-22T17:56:43.424+0000] {logging_mixin.py:188} INFO - [2025-07-22T17:56:43.424+0000] {dag.py:3823} INFO - Setting next_dagrun for example_trigger_target_dag to None, run_after=None
[2025-07-22T17:56:43.476+0000] {processor.py:183} INFO - Processing /home/airflow/.local/lib/python3.8/site-packages/airflow/example_dags/example_trigger_target_dag.py took 0.154 seconds
[2025-07-22T17:57:14.193+0000] {processor.py:161} INFO - Started process (PID=356) to work on /home/airflow/.local/lib/python3.8/site-packages/airflow/example_dags/example_trigger_target_dag.py
[2025-07-22T17:57:14.196+0000] {processor.py:830} INFO - Processing file /home/airflow/.local/lib/python3.8/site-packages/airflow/example_dags/example_trigger_target_dag.py for tasks to queue
[2025-07-22T17:57:14.201+0000] {logging_mixin.py:188} INFO - [2025-07-22T17:57:14.200+0000] {dagbag.py:538} INFO - Filling up the DagBag from /home/airflow/.local/lib/python3.8/site-packages/airflow/example_dags/example_trigger_target_dag.py
[2025-07-22T17:57:14.211+0000] {processor.py:840} INFO - DAG(s) 'example_trigger_target_dag' retrieved from /home/airflow/.local/lib/python3.8/site-packages/airflow/example_dags/example_trigger_target_dag.py
[2025-07-22T17:57:14.247+0000] {logging_mixin.py:188} INFO - [2025-07-22T17:57:14.247+0000] {dag.py:3036} INFO - Sync 1 DAGs
[2025-07-22T17:57:14.263+0000] {logging_mixin.py:188} INFO - [2025-07-22T17:57:14.262+0000] {dag.py:3823} INFO - Setting next_dagrun for example_trigger_target_dag to None, run_after=None
[2025-07-22T17:57:14.288+0000] {processor.py:183} INFO - Processing /home/airflow/.local/lib/python3.8/site-packages/airflow/example_dags/example_trigger_target_dag.py took 0.102 seconds
[2025-07-22T17:57:44.891+0000] {processor.py:161} INFO - Started process (PID=413) to work on /home/airflow/.local/lib/python3.8/site-packages/airflow/example_dags/example_trigger_target_dag.py
[2025-07-22T17:57:44.892+0000] {processor.py:830} INFO - Processing file /home/airflow/.local/lib/python3.8/site-packages/airflow/example_dags/example_trigger_target_dag.py for tasks to queue
[2025-07-22T17:57:44.896+0000] {logging_mixin.py:188} INFO - [2025-07-22T17:57:44.895+0000] {dagbag.py:538} INFO - Filling up the DagBag from /home/airflow/.local/lib/python3.8/site-packages/airflow/example_dags/example_trigger_target_dag.py
[2025-07-22T17:57:44.905+0000] {processor.py:840} INFO - DAG(s) 'example_trigger_target_dag' retrieved from /home/airflow/.local/lib/python3.8/site-packages/airflow/example_dags/example_trigger_target_dag.py
[2025-07-22T17:57:44.932+0000] {logging_mixin.py:188} INFO - [2025-07-22T17:57:44.932+0000] {dag.py:3036} INFO - Sync 1 DAGs
[2025-07-22T17:57:44.947+0000] {logging_mixin.py:188} INFO - [2025-07-22T17:57:44.947+0000] {dag.py:3823} INFO - Setting next_dagrun for example_trigger_target_dag to None, run_after=None
[2025-07-22T17:57:44.981+0000] {processor.py:183} INFO - Processing /home/airflow/.local/lib/python3.8/site-packages/airflow/example_dags/example_trigger_target_dag.py took 0.096 seconds
[2025-07-22T17:58:15.078+0000] {processor.py:161} INFO - Started process (PID=470) to work on /home/airflow/.local/lib/python3.8/site-packages/airflow/example_dags/example_trigger_target_dag.py
[2025-07-22T17:58:15.080+0000] {processor.py:830} INFO - Processing file /home/airflow/.local/lib/python3.8/site-packages/airflow/example_dags/example_trigger_target_dag.py for tasks to queue
[2025-07-22T17:58:15.084+0000] {logging_mixin.py:188} INFO - [2025-07-22T17:58:15.083+0000] {dagbag.py:538} INFO - Filling up the DagBag from /home/airflow/.local/lib/python3.8/site-packages/airflow/example_dags/example_trigger_target_dag.py
[2025-07-22T17:58:15.092+0000] {processor.py:840} INFO - DAG(s) 'example_trigger_target_dag' retrieved from /home/airflow/.local/lib/python3.8/site-packages/airflow/example_dags/example_trigger_target_dag.py
[2025-07-22T17:58:15.118+0000] {logging_mixin.py:188} INFO - [2025-07-22T17:58:15.118+0000] {dag.py:3036} INFO - Sync 1 DAGs
[2025-07-22T17:58:15.132+0000] {logging_mixin.py:188} INFO - [2025-07-22T17:58:15.132+0000] {dag.py:3823} INFO - Setting next_dagrun for example_trigger_target_dag to None, run_after=None
[2025-07-22T17:58:15.158+0000] {processor.py:183} INFO - Processing /home/airflow/.local/lib/python3.8/site-packages/airflow/example_dags/example_trigger_target_dag.py took 0.089 seconds
[2025-07-22T17:58:45.776+0000] {processor.py:161} INFO - Started process (PID=527) to work on /home/airflow/.local/lib/python3.8/site-packages/airflow/example_dags/example_trigger_target_dag.py
[2025-07-22T17:58:45.779+0000] {processor.py:830} INFO - Processing file /home/airflow/.local/lib/python3.8/site-packages/airflow/example_dags/example_trigger_target_dag.py for tasks to queue
[2025-07-22T17:58:45.782+0000] {logging_mixin.py:188} INFO - [2025-07-22T17:58:45.781+0000] {dagbag.py:538} INFO - Filling up the DagBag from /home/airflow/.local/lib/python3.8/site-packages/airflow/example_dags/example_trigger_target_dag.py
[2025-07-22T17:58:45.789+0000] {processor.py:840} INFO - DAG(s) 'example_trigger_target_dag' retrieved from /home/airflow/.local/lib/python3.8/site-packages/airflow/example_dags/example_trigger_target_dag.py
[2025-07-22T17:58:45.824+0000] {logging_mixin.py:188} INFO - [2025-07-22T17:58:45.824+0000] {dag.py:3036} INFO - Sync 1 DAGs
[2025-07-22T17:58:45.848+0000] {logging_mixin.py:188} INFO - [2025-07-22T17:58:45.848+0000] {dag.py:3823} INFO - Setting next_dagrun for example_trigger_target_dag to None, run_after=None
[2025-07-22T17:58:45.881+0000] {processor.py:183} INFO - Processing /home/airflow/.local/lib/python3.8/site-packages/airflow/example_dags/example_trigger_target_dag.py took 0.109 seconds
[2025-07-22T17:59:16.079+0000] {processor.py:161} INFO - Started process (PID=584) to work on /home/airflow/.local/lib/python3.8/site-packages/airflow/example_dags/example_trigger_target_dag.py
[2025-07-22T17:59:16.081+0000] {processor.py:830} INFO - Processing file /home/airflow/.local/lib/python3.8/site-packages/airflow/example_dags/example_trigger_target_dag.py for tasks to queue
[2025-07-22T17:59:16.085+0000] {logging_mixin.py:188} INFO - [2025-07-22T17:59:16.084+0000] {dagbag.py:538} INFO - Filling up the DagBag from /home/airflow/.local/lib/python3.8/site-packages/airflow/example_dags/example_trigger_target_dag.py
[2025-07-22T17:59:16.093+0000] {processor.py:840} INFO - DAG(s) 'example_trigger_target_dag' retrieved from /home/airflow/.local/lib/python3.8/site-packages/airflow/example_dags/example_trigger_target_dag.py
[2025-07-22T17:59:16.124+0000] {logging_mixin.py:188} INFO - [2025-07-22T17:59:16.124+0000] {dag.py:3036} INFO - Sync 1 DAGs
[2025-07-22T17:59:16.142+0000] {logging_mixin.py:188} INFO - [2025-07-22T17:59:16.142+0000] {dag.py:3823} INFO - Setting next_dagrun for example_trigger_target_dag to None, run_after=None
[2025-07-22T17:59:16.176+0000] {processor.py:183} INFO - Processing /home/airflow/.local/lib/python3.8/site-packages/airflow/example_dags/example_trigger_target_dag.py took 0.101 seconds
[2025-07-22T17:59:46.649+0000] {processor.py:161} INFO - Started process (PID=641) to work on /home/airflow/.local/lib/python3.8/site-packages/airflow/example_dags/example_trigger_target_dag.py
[2025-07-22T17:59:46.650+0000] {processor.py:830} INFO - Processing file /home/airflow/.local/lib/python3.8/site-packages/airflow/example_dags/example_trigger_target_dag.py for tasks to queue
[2025-07-22T17:59:46.654+0000] {logging_mixin.py:188} INFO - [2025-07-22T17:59:46.653+0000] {dagbag.py:538} INFO - Filling up the DagBag from /home/airflow/.local/lib/python3.8/site-packages/airflow/example_dags/example_trigger_target_dag.py
[2025-07-22T17:59:46.663+0000] {processor.py:840} INFO - DAG(s) 'example_trigger_target_dag' retrieved from /home/airflow/.local/lib/python3.8/site-packages/airflow/example_dags/example_trigger_target_dag.py
[2025-07-22T17:59:46.697+0000] {logging_mixin.py:188} INFO - [2025-07-22T17:59:46.696+0000] {dag.py:3036} INFO - Sync 1 DAGs
[2025-07-22T17:59:46.715+0000] {logging_mixin.py:188} INFO - [2025-07-22T17:59:46.714+0000] {dag.py:3823} INFO - Setting next_dagrun for example_trigger_target_dag to None, run_after=None
[2025-07-22T17:59:46.752+0000] {processor.py:183} INFO - Processing /home/airflow/.local/lib/python3.8/site-packages/airflow/example_dags/example_trigger_target_dag.py took 0.108 seconds
[2025-07-22T18:00:17.528+0000] {processor.py:161} INFO - Started process (PID=699) to work on /home/airflow/.local/lib/python3.8/site-packages/airflow/example_dags/example_trigger_target_dag.py
[2025-07-22T18:00:17.529+0000] {processor.py:830} INFO - Processing file /home/airflow/.local/lib/python3.8/site-packages/airflow/example_dags/example_trigger_target_dag.py for tasks to queue
[2025-07-22T18:00:17.534+0000] {logging_mixin.py:188} INFO - [2025-07-22T18:00:17.533+0000] {dagbag.py:538} INFO - Filling up the DagBag from /home/airflow/.local/lib/python3.8/site-packages/airflow/example_dags/example_trigger_target_dag.py
[2025-07-22T18:00:17.545+0000] {processor.py:840} INFO - DAG(s) 'example_trigger_target_dag' retrieved from /home/airflow/.local/lib/python3.8/site-packages/airflow/example_dags/example_trigger_target_dag.py
[2025-07-22T18:00:17.574+0000] {logging_mixin.py:188} INFO - [2025-07-22T18:00:17.574+0000] {dag.py:3036} INFO - Sync 1 DAGs
[2025-07-22T18:00:17.589+0000] {logging_mixin.py:188} INFO - [2025-07-22T18:00:17.589+0000] {dag.py:3823} INFO - Setting next_dagrun for example_trigger_target_dag to None, run_after=None
[2025-07-22T18:00:17.619+0000] {processor.py:183} INFO - Processing /home/airflow/.local/lib/python3.8/site-packages/airflow/example_dags/example_trigger_target_dag.py took 0.097 seconds
