[2025-07-22T17:55:08.292+0000] {processor.py:161} INFO - Started process (PID=106) to work on /home/airflow/.local/lib/python3.8/site-packages/airflow/example_dags/example_python_operator.py
[2025-07-22T17:55:08.296+0000] {processor.py:830} INFO - Processing file /home/airflow/.local/lib/python3.8/site-packages/airflow/example_dags/example_python_operator.py for tasks to queue
[2025-07-22T17:55:08.303+0000] {logging_mixin.py:188} INFO - [2025-07-22T17:55:08.302+0000] {dagbag.py:538} INFO - Filling up the DagBag from /home/airflow/.local/lib/python3.8/site-packages/airflow/example_dags/example_python_operator.py
[2025-07-22T17:55:08.354+0000] {processor.py:840} INFO - DAG(s) 'example_python_operator' retrieved from /home/airflow/.local/lib/python3.8/site-packages/airflow/example_dags/example_python_operator.py
[2025-07-22T17:55:08.679+0000] {logging_mixin.py:188} INFO - [2025-07-22T17:55:08.678+0000] {dag.py:3036} INFO - Sync 1 DAGs
[2025-07-22T17:55:08.714+0000] {logging_mixin.py:188} INFO - [2025-07-22T17:55:08.713+0000] {dag.py:3823} INFO - Setting next_dagrun for example_python_operator to None, run_after=None
[2025-07-22T17:55:08.795+0000] {processor.py:183} INFO - Processing /home/airflow/.local/lib/python3.8/site-packages/airflow/example_dags/example_python_operator.py took 0.515 seconds
[2025-07-22T17:55:39.698+0000] {processor.py:161} INFO - Started process (PID=172) to work on /home/airflow/.local/lib/python3.8/site-packages/airflow/example_dags/example_python_operator.py
[2025-07-22T17:55:39.700+0000] {processor.py:830} INFO - Processing file /home/airflow/.local/lib/python3.8/site-packages/airflow/example_dags/example_python_operator.py for tasks to queue
[2025-07-22T17:55:39.703+0000] {logging_mixin.py:188} INFO - [2025-07-22T17:55:39.703+0000] {dagbag.py:538} INFO - Filling up the DagBag from /home/airflow/.local/lib/python3.8/site-packages/airflow/example_dags/example_python_operator.py
[2025-07-22T17:55:39.721+0000] {processor.py:840} INFO - DAG(s) 'example_python_operator' retrieved from /home/airflow/.local/lib/python3.8/site-packages/airflow/example_dags/example_python_operator.py
[2025-07-22T17:55:39.757+0000] {logging_mixin.py:188} INFO - [2025-07-22T17:55:39.757+0000] {dag.py:3036} INFO - Sync 1 DAGs
[2025-07-22T17:55:39.775+0000] {logging_mixin.py:188} INFO - [2025-07-22T17:55:39.774+0000] {dag.py:3823} INFO - Setting next_dagrun for example_python_operator to None, run_after=None
[2025-07-22T17:55:39.811+0000] {processor.py:183} INFO - Processing /home/airflow/.local/lib/python3.8/site-packages/airflow/example_dags/example_python_operator.py took 0.120 seconds
[2025-07-22T17:56:10.321+0000] {processor.py:161} INFO - Started process (PID=229) to work on /home/airflow/.local/lib/python3.8/site-packages/airflow/example_dags/example_python_operator.py
[2025-07-22T17:56:10.326+0000] {processor.py:830} INFO - Processing file /home/airflow/.local/lib/python3.8/site-packages/airflow/example_dags/example_python_operator.py for tasks to queue
[2025-07-22T17:56:10.332+0000] {logging_mixin.py:188} INFO - [2025-07-22T17:56:10.332+0000] {dagbag.py:538} INFO - Filling up the DagBag from /home/airflow/.local/lib/python3.8/site-packages/airflow/example_dags/example_python_operator.py
[2025-07-22T17:56:10.352+0000] {processor.py:840} INFO - DAG(s) 'example_python_operator' retrieved from /home/airflow/.local/lib/python3.8/site-packages/airflow/example_dags/example_python_operator.py
[2025-07-22T17:56:10.378+0000] {logging_mixin.py:188} INFO - [2025-07-22T17:56:10.378+0000] {dag.py:3036} INFO - Sync 1 DAGs
[2025-07-22T17:56:10.401+0000] {logging_mixin.py:188} INFO - [2025-07-22T17:56:10.400+0000] {dag.py:3823} INFO - Setting next_dagrun for example_python_operator to None, run_after=None
[2025-07-22T17:56:10.429+0000] {processor.py:183} INFO - Processing /home/airflow/.local/lib/python3.8/site-packages/airflow/example_dags/example_python_operator.py took 0.112 seconds
[2025-07-22T17:56:41.774+0000] {processor.py:161} INFO - Started process (PID=286) to work on /home/airflow/.local/lib/python3.8/site-packages/airflow/example_dags/example_python_operator.py
[2025-07-22T17:56:41.776+0000] {processor.py:830} INFO - Processing file /home/airflow/.local/lib/python3.8/site-packages/airflow/example_dags/example_python_operator.py for tasks to queue
[2025-07-22T17:56:41.779+0000] {logging_mixin.py:188} INFO - [2025-07-22T17:56:41.778+0000] {dagbag.py:538} INFO - Filling up the DagBag from /home/airflow/.local/lib/python3.8/site-packages/airflow/example_dags/example_python_operator.py
[2025-07-22T17:56:41.794+0000] {processor.py:840} INFO - DAG(s) 'example_python_operator' retrieved from /home/airflow/.local/lib/python3.8/site-packages/airflow/example_dags/example_python_operator.py
[2025-07-22T17:56:41.916+0000] {logging_mixin.py:188} INFO - [2025-07-22T17:56:41.916+0000] {dag.py:3036} INFO - Sync 1 DAGs
[2025-07-22T17:56:41.930+0000] {logging_mixin.py:188} INFO - [2025-07-22T17:56:41.930+0000] {dag.py:3823} INFO - Setting next_dagrun for example_python_operator to None, run_after=None
[2025-07-22T17:56:41.959+0000] {processor.py:183} INFO - Processing /home/airflow/.local/lib/python3.8/site-packages/airflow/example_dags/example_python_operator.py took 0.189 seconds
[2025-07-22T17:57:12.666+0000] {processor.py:161} INFO - Started process (PID=343) to work on /home/airflow/.local/lib/python3.8/site-packages/airflow/example_dags/example_python_operator.py
[2025-07-22T17:57:12.668+0000] {processor.py:830} INFO - Processing file /home/airflow/.local/lib/python3.8/site-packages/airflow/example_dags/example_python_operator.py for tasks to queue
[2025-07-22T17:57:12.670+0000] {logging_mixin.py:188} INFO - [2025-07-22T17:57:12.670+0000] {dagbag.py:538} INFO - Filling up the DagBag from /home/airflow/.local/lib/python3.8/site-packages/airflow/example_dags/example_python_operator.py
[2025-07-22T17:57:12.684+0000] {processor.py:840} INFO - DAG(s) 'example_python_operator' retrieved from /home/airflow/.local/lib/python3.8/site-packages/airflow/example_dags/example_python_operator.py
[2025-07-22T17:57:12.724+0000] {logging_mixin.py:188} INFO - [2025-07-22T17:57:12.723+0000] {dag.py:3036} INFO - Sync 1 DAGs
[2025-07-22T17:57:12.739+0000] {logging_mixin.py:188} INFO - [2025-07-22T17:57:12.739+0000] {dag.py:3823} INFO - Setting next_dagrun for example_python_operator to None, run_after=None
[2025-07-22T17:57:12.765+0000] {processor.py:183} INFO - Processing /home/airflow/.local/lib/python3.8/site-packages/airflow/example_dags/example_python_operator.py took 0.104 seconds
[2025-07-22T17:57:43.183+0000] {processor.py:161} INFO - Started process (PID=400) to work on /home/airflow/.local/lib/python3.8/site-packages/airflow/example_dags/example_python_operator.py
[2025-07-22T17:57:43.185+0000] {processor.py:830} INFO - Processing file /home/airflow/.local/lib/python3.8/site-packages/airflow/example_dags/example_python_operator.py for tasks to queue
[2025-07-22T17:57:43.189+0000] {logging_mixin.py:188} INFO - [2025-07-22T17:57:43.188+0000] {dagbag.py:538} INFO - Filling up the DagBag from /home/airflow/.local/lib/python3.8/site-packages/airflow/example_dags/example_python_operator.py
[2025-07-22T17:57:43.203+0000] {processor.py:840} INFO - DAG(s) 'example_python_operator' retrieved from /home/airflow/.local/lib/python3.8/site-packages/airflow/example_dags/example_python_operator.py
[2025-07-22T17:57:43.240+0000] {logging_mixin.py:188} INFO - [2025-07-22T17:57:43.239+0000] {dag.py:3036} INFO - Sync 1 DAGs
[2025-07-22T17:57:43.260+0000] {logging_mixin.py:188} INFO - [2025-07-22T17:57:43.259+0000] {dag.py:3823} INFO - Setting next_dagrun for example_python_operator to None, run_after=None
[2025-07-22T17:57:43.288+0000] {processor.py:183} INFO - Processing /home/airflow/.local/lib/python3.8/site-packages/airflow/example_dags/example_python_operator.py took 0.110 seconds
[2025-07-22T17:58:13.566+0000] {processor.py:161} INFO - Started process (PID=457) to work on /home/airflow/.local/lib/python3.8/site-packages/airflow/example_dags/example_python_operator.py
[2025-07-22T17:58:13.568+0000] {processor.py:830} INFO - Processing file /home/airflow/.local/lib/python3.8/site-packages/airflow/example_dags/example_python_operator.py for tasks to queue
[2025-07-22T17:58:13.571+0000] {logging_mixin.py:188} INFO - [2025-07-22T17:58:13.571+0000] {dagbag.py:538} INFO - Filling up the DagBag from /home/airflow/.local/lib/python3.8/site-packages/airflow/example_dags/example_python_operator.py
[2025-07-22T17:58:13.583+0000] {processor.py:840} INFO - DAG(s) 'example_python_operator' retrieved from /home/airflow/.local/lib/python3.8/site-packages/airflow/example_dags/example_python_operator.py
[2025-07-22T17:58:13.609+0000] {logging_mixin.py:188} INFO - [2025-07-22T17:58:13.609+0000] {dag.py:3036} INFO - Sync 1 DAGs
[2025-07-22T17:58:13.623+0000] {logging_mixin.py:188} INFO - [2025-07-22T17:58:13.623+0000] {dag.py:3823} INFO - Setting next_dagrun for example_python_operator to None, run_after=None
[2025-07-22T17:58:13.648+0000] {processor.py:183} INFO - Processing /home/airflow/.local/lib/python3.8/site-packages/airflow/example_dags/example_python_operator.py took 0.086 seconds
[2025-07-22T17:58:44.197+0000] {processor.py:161} INFO - Started process (PID=514) to work on /home/airflow/.local/lib/python3.8/site-packages/airflow/example_dags/example_python_operator.py
[2025-07-22T17:58:44.199+0000] {processor.py:830} INFO - Processing file /home/airflow/.local/lib/python3.8/site-packages/airflow/example_dags/example_python_operator.py for tasks to queue
[2025-07-22T17:58:44.202+0000] {logging_mixin.py:188} INFO - [2025-07-22T17:58:44.202+0000] {dagbag.py:538} INFO - Filling up the DagBag from /home/airflow/.local/lib/python3.8/site-packages/airflow/example_dags/example_python_operator.py
[2025-07-22T17:58:44.219+0000] {processor.py:840} INFO - DAG(s) 'example_python_operator' retrieved from /home/airflow/.local/lib/python3.8/site-packages/airflow/example_dags/example_python_operator.py
[2025-07-22T17:58:44.249+0000] {logging_mixin.py:188} INFO - [2025-07-22T17:58:44.249+0000] {dag.py:3036} INFO - Sync 1 DAGs
[2025-07-22T17:58:44.264+0000] {logging_mixin.py:188} INFO - [2025-07-22T17:58:44.264+0000] {dag.py:3823} INFO - Setting next_dagrun for example_python_operator to None, run_after=None
[2025-07-22T17:58:44.294+0000] {processor.py:183} INFO - Processing /home/airflow/.local/lib/python3.8/site-packages/airflow/example_dags/example_python_operator.py took 0.100 seconds
[2025-07-22T17:59:14.580+0000] {processor.py:161} INFO - Started process (PID=571) to work on /home/airflow/.local/lib/python3.8/site-packages/airflow/example_dags/example_python_operator.py
[2025-07-22T17:59:14.581+0000] {processor.py:830} INFO - Processing file /home/airflow/.local/lib/python3.8/site-packages/airflow/example_dags/example_python_operator.py for tasks to queue
[2025-07-22T17:59:14.584+0000] {logging_mixin.py:188} INFO - [2025-07-22T17:59:14.584+0000] {dagbag.py:538} INFO - Filling up the DagBag from /home/airflow/.local/lib/python3.8/site-packages/airflow/example_dags/example_python_operator.py
[2025-07-22T17:59:14.598+0000] {processor.py:840} INFO - DAG(s) 'example_python_operator' retrieved from /home/airflow/.local/lib/python3.8/site-packages/airflow/example_dags/example_python_operator.py
[2025-07-22T17:59:14.629+0000] {logging_mixin.py:188} INFO - [2025-07-22T17:59:14.629+0000] {dag.py:3036} INFO - Sync 1 DAGs
[2025-07-22T17:59:14.646+0000] {logging_mixin.py:188} INFO - [2025-07-22T17:59:14.646+0000] {dag.py:3823} INFO - Setting next_dagrun for example_python_operator to None, run_after=None
[2025-07-22T17:59:14.680+0000] {processor.py:183} INFO - Processing /home/airflow/.local/lib/python3.8/site-packages/airflow/example_dags/example_python_operator.py took 0.104 seconds
[2025-07-22T17:59:45.350+0000] {processor.py:161} INFO - Started process (PID=628) to work on /home/airflow/.local/lib/python3.8/site-packages/airflow/example_dags/example_python_operator.py
[2025-07-22T17:59:45.352+0000] {processor.py:830} INFO - Processing file /home/airflow/.local/lib/python3.8/site-packages/airflow/example_dags/example_python_operator.py for tasks to queue
[2025-07-22T17:59:45.355+0000] {logging_mixin.py:188} INFO - [2025-07-22T17:59:45.354+0000] {dagbag.py:538} INFO - Filling up the DagBag from /home/airflow/.local/lib/python3.8/site-packages/airflow/example_dags/example_python_operator.py
[2025-07-22T17:59:45.370+0000] {processor.py:840} INFO - DAG(s) 'example_python_operator' retrieved from /home/airflow/.local/lib/python3.8/site-packages/airflow/example_dags/example_python_operator.py
[2025-07-22T17:59:45.401+0000] {logging_mixin.py:188} INFO - [2025-07-22T17:59:45.401+0000] {dag.py:3036} INFO - Sync 1 DAGs
[2025-07-22T17:59:45.416+0000] {logging_mixin.py:188} INFO - [2025-07-22T17:59:45.416+0000] {dag.py:3823} INFO - Setting next_dagrun for example_python_operator to None, run_after=None
[2025-07-22T17:59:45.443+0000] {processor.py:183} INFO - Processing /home/airflow/.local/lib/python3.8/site-packages/airflow/example_dags/example_python_operator.py took 0.098 seconds
[2025-07-22T18:00:16.088+0000] {processor.py:161} INFO - Started process (PID=686) to work on /home/airflow/.local/lib/python3.8/site-packages/airflow/example_dags/example_python_operator.py
[2025-07-22T18:00:16.090+0000] {processor.py:830} INFO - Processing file /home/airflow/.local/lib/python3.8/site-packages/airflow/example_dags/example_python_operator.py for tasks to queue
[2025-07-22T18:00:16.092+0000] {logging_mixin.py:188} INFO - [2025-07-22T18:00:16.092+0000] {dagbag.py:538} INFO - Filling up the DagBag from /home/airflow/.local/lib/python3.8/site-packages/airflow/example_dags/example_python_operator.py
[2025-07-22T18:00:16.105+0000] {processor.py:840} INFO - DAG(s) 'example_python_operator' retrieved from /home/airflow/.local/lib/python3.8/site-packages/airflow/example_dags/example_python_operator.py
[2025-07-22T18:00:16.133+0000] {logging_mixin.py:188} INFO - [2025-07-22T18:00:16.133+0000] {dag.py:3036} INFO - Sync 1 DAGs
[2025-07-22T18:00:16.148+0000] {logging_mixin.py:188} INFO - [2025-07-22T18:00:16.148+0000] {dag.py:3823} INFO - Setting next_dagrun for example_python_operator to None, run_after=None
[2025-07-22T18:00:16.175+0000] {processor.py:183} INFO - Processing /home/airflow/.local/lib/python3.8/site-packages/airflow/example_dags/example_python_operator.py took 0.091 seconds
