[2025-07-22T17:55:01.520+0000] {processor.py:161} INFO - Started process (PID=82) to work on /home/airflow/.local/lib/python3.8/site-packages/airflow/example_dags/example_short_circuit_operator.py
[2025-07-22T17:55:01.524+0000] {processor.py:830} INFO - Processing file /home/airflow/.local/lib/python3.8/site-packages/airflow/example_dags/example_short_circuit_operator.py for tasks to queue
[2025-07-22T17:55:01.531+0000] {logging_mixin.py:188} INFO - [2025-07-22T17:55:01.530+0000] {dagbag.py:538} INFO - Filling up the DagBag from /home/airflow/.local/lib/python3.8/site-packages/airflow/example_dags/example_short_circuit_operator.py
[2025-07-22T17:55:01.562+0000] {processor.py:840} INFO - DAG(s) 'example_short_circuit_operator' retrieved from /home/airflow/.local/lib/python3.8/site-packages/airflow/example_dags/example_short_circuit_operator.py
[2025-07-22T17:55:01.696+0000] {logging_mixin.py:188} INFO - [2025-07-22T17:55:01.695+0000] {dag.py:3036} INFO - Sync 1 DAGs
[2025-07-22T17:55:01.766+0000] {logging_mixin.py:188} INFO - [2025-07-22T17:55:01.765+0000] {dag.py:3823} INFO - Setting next_dagrun for example_short_circuit_operator to 2025-07-21 00:00:00+00:00, run_after=2025-07-22 00:00:00+00:00
[2025-07-22T17:55:01.856+0000] {processor.py:183} INFO - Processing /home/airflow/.local/lib/python3.8/site-packages/airflow/example_dags/example_short_circuit_operator.py took 0.345 seconds
[2025-07-22T17:55:32.170+0000] {processor.py:161} INFO - Started process (PID=146) to work on /home/airflow/.local/lib/python3.8/site-packages/airflow/example_dags/example_short_circuit_operator.py
[2025-07-22T17:55:32.172+0000] {processor.py:830} INFO - Processing file /home/airflow/.local/lib/python3.8/site-packages/airflow/example_dags/example_short_circuit_operator.py for tasks to queue
[2025-07-22T17:55:32.182+0000] {logging_mixin.py:188} INFO - [2025-07-22T17:55:32.177+0000] {dagbag.py:538} INFO - Filling up the DagBag from /home/airflow/.local/lib/python3.8/site-packages/airflow/example_dags/example_short_circuit_operator.py
[2025-07-22T17:55:32.207+0000] {processor.py:840} INFO - DAG(s) 'example_short_circuit_operator' retrieved from /home/airflow/.local/lib/python3.8/site-packages/airflow/example_dags/example_short_circuit_operator.py
[2025-07-22T17:55:32.251+0000] {logging_mixin.py:188} INFO - [2025-07-22T17:55:32.251+0000] {dag.py:3036} INFO - Sync 1 DAGs
[2025-07-22T17:55:32.287+0000] {logging_mixin.py:188} INFO - [2025-07-22T17:55:32.287+0000] {dag.py:3823} INFO - Setting next_dagrun for example_short_circuit_operator to 2025-07-21 00:00:00+00:00, run_after=2025-07-22 00:00:00+00:00
[2025-07-22T17:55:32.343+0000] {processor.py:183} INFO - Processing /home/airflow/.local/lib/python3.8/site-packages/airflow/example_dags/example_short_circuit_operator.py took 0.179 seconds
[2025-07-22T17:56:02.693+0000] {processor.py:161} INFO - Started process (PID=203) to work on /home/airflow/.local/lib/python3.8/site-packages/airflow/example_dags/example_short_circuit_operator.py
[2025-07-22T17:56:02.696+0000] {processor.py:830} INFO - Processing file /home/airflow/.local/lib/python3.8/site-packages/airflow/example_dags/example_short_circuit_operator.py for tasks to queue
[2025-07-22T17:56:02.699+0000] {logging_mixin.py:188} INFO - [2025-07-22T17:56:02.698+0000] {dagbag.py:538} INFO - Filling up the DagBag from /home/airflow/.local/lib/python3.8/site-packages/airflow/example_dags/example_short_circuit_operator.py
[2025-07-22T17:56:02.709+0000] {processor.py:840} INFO - DAG(s) 'example_short_circuit_operator' retrieved from /home/airflow/.local/lib/python3.8/site-packages/airflow/example_dags/example_short_circuit_operator.py
[2025-07-22T17:56:02.729+0000] {logging_mixin.py:188} INFO - [2025-07-22T17:56:02.729+0000] {dag.py:3036} INFO - Sync 1 DAGs
[2025-07-22T17:56:02.756+0000] {logging_mixin.py:188} INFO - [2025-07-22T17:56:02.755+0000] {dag.py:3823} INFO - Setting next_dagrun for example_short_circuit_operator to 2025-07-21 00:00:00+00:00, run_after=2025-07-22 00:00:00+00:00
[2025-07-22T17:56:02.784+0000] {processor.py:183} INFO - Processing /home/airflow/.local/lib/python3.8/site-packages/airflow/example_dags/example_short_circuit_operator.py took 0.095 seconds
[2025-07-22T17:56:33.299+0000] {processor.py:161} INFO - Started process (PID=260) to work on /home/airflow/.local/lib/python3.8/site-packages/airflow/example_dags/example_short_circuit_operator.py
[2025-07-22T17:56:33.301+0000] {processor.py:830} INFO - Processing file /home/airflow/.local/lib/python3.8/site-packages/airflow/example_dags/example_short_circuit_operator.py for tasks to queue
[2025-07-22T17:56:33.303+0000] {logging_mixin.py:188} INFO - [2025-07-22T17:56:33.303+0000] {dagbag.py:538} INFO - Filling up the DagBag from /home/airflow/.local/lib/python3.8/site-packages/airflow/example_dags/example_short_circuit_operator.py
[2025-07-22T17:56:33.313+0000] {processor.py:840} INFO - DAG(s) 'example_short_circuit_operator' retrieved from /home/airflow/.local/lib/python3.8/site-packages/airflow/example_dags/example_short_circuit_operator.py
[2025-07-22T17:56:33.436+0000] {logging_mixin.py:188} INFO - [2025-07-22T17:56:33.436+0000] {dag.py:3036} INFO - Sync 1 DAGs
[2025-07-22T17:56:33.475+0000] {logging_mixin.py:188} INFO - [2025-07-22T17:56:33.474+0000] {dag.py:3823} INFO - Setting next_dagrun for example_short_circuit_operator to 2025-07-21 00:00:00+00:00, run_after=2025-07-22 00:00:00+00:00
[2025-07-22T17:56:33.508+0000] {processor.py:183} INFO - Processing /home/airflow/.local/lib/python3.8/site-packages/airflow/example_dags/example_short_circuit_operator.py took 0.214 seconds
[2025-07-22T17:57:04.107+0000] {processor.py:161} INFO - Started process (PID=317) to work on /home/airflow/.local/lib/python3.8/site-packages/airflow/example_dags/example_short_circuit_operator.py
[2025-07-22T17:57:04.109+0000] {processor.py:830} INFO - Processing file /home/airflow/.local/lib/python3.8/site-packages/airflow/example_dags/example_short_circuit_operator.py for tasks to queue
[2025-07-22T17:57:04.115+0000] {logging_mixin.py:188} INFO - [2025-07-22T17:57:04.115+0000] {dagbag.py:538} INFO - Filling up the DagBag from /home/airflow/.local/lib/python3.8/site-packages/airflow/example_dags/example_short_circuit_operator.py
[2025-07-22T17:57:04.129+0000] {processor.py:840} INFO - DAG(s) 'example_short_circuit_operator' retrieved from /home/airflow/.local/lib/python3.8/site-packages/airflow/example_dags/example_short_circuit_operator.py
[2025-07-22T17:57:04.169+0000] {logging_mixin.py:188} INFO - [2025-07-22T17:57:04.169+0000] {dag.py:3036} INFO - Sync 1 DAGs
[2025-07-22T17:57:04.201+0000] {logging_mixin.py:188} INFO - [2025-07-22T17:57:04.201+0000] {dag.py:3823} INFO - Setting next_dagrun for example_short_circuit_operator to 2025-07-21 00:00:00+00:00, run_after=2025-07-22 00:00:00+00:00
[2025-07-22T17:57:04.234+0000] {processor.py:183} INFO - Processing /home/airflow/.local/lib/python3.8/site-packages/airflow/example_dags/example_short_circuit_operator.py took 0.134 seconds
[2025-07-22T17:57:34.763+0000] {processor.py:161} INFO - Started process (PID=374) to work on /home/airflow/.local/lib/python3.8/site-packages/airflow/example_dags/example_short_circuit_operator.py
[2025-07-22T17:57:34.764+0000] {processor.py:830} INFO - Processing file /home/airflow/.local/lib/python3.8/site-packages/airflow/example_dags/example_short_circuit_operator.py for tasks to queue
[2025-07-22T17:57:34.768+0000] {logging_mixin.py:188} INFO - [2025-07-22T17:57:34.767+0000] {dagbag.py:538} INFO - Filling up the DagBag from /home/airflow/.local/lib/python3.8/site-packages/airflow/example_dags/example_short_circuit_operator.py
[2025-07-22T17:57:34.777+0000] {processor.py:840} INFO - DAG(s) 'example_short_circuit_operator' retrieved from /home/airflow/.local/lib/python3.8/site-packages/airflow/example_dags/example_short_circuit_operator.py
[2025-07-22T17:57:34.812+0000] {logging_mixin.py:188} INFO - [2025-07-22T17:57:34.812+0000] {dag.py:3036} INFO - Sync 1 DAGs
[2025-07-22T17:57:34.838+0000] {logging_mixin.py:188} INFO - [2025-07-22T17:57:34.838+0000] {dag.py:3823} INFO - Setting next_dagrun for example_short_circuit_operator to 2025-07-21 00:00:00+00:00, run_after=2025-07-22 00:00:00+00:00
[2025-07-22T17:57:34.866+0000] {processor.py:183} INFO - Processing /home/airflow/.local/lib/python3.8/site-packages/airflow/example_dags/example_short_circuit_operator.py took 0.108 seconds
[2025-07-22T17:58:05.343+0000] {processor.py:161} INFO - Started process (PID=431) to work on /home/airflow/.local/lib/python3.8/site-packages/airflow/example_dags/example_short_circuit_operator.py
[2025-07-22T17:58:05.345+0000] {processor.py:830} INFO - Processing file /home/airflow/.local/lib/python3.8/site-packages/airflow/example_dags/example_short_circuit_operator.py for tasks to queue
[2025-07-22T17:58:05.350+0000] {logging_mixin.py:188} INFO - [2025-07-22T17:58:05.349+0000] {dagbag.py:538} INFO - Filling up the DagBag from /home/airflow/.local/lib/python3.8/site-packages/airflow/example_dags/example_short_circuit_operator.py
[2025-07-22T17:58:05.360+0000] {processor.py:840} INFO - DAG(s) 'example_short_circuit_operator' retrieved from /home/airflow/.local/lib/python3.8/site-packages/airflow/example_dags/example_short_circuit_operator.py
[2025-07-22T17:58:05.393+0000] {logging_mixin.py:188} INFO - [2025-07-22T17:58:05.393+0000] {dag.py:3036} INFO - Sync 1 DAGs
[2025-07-22T17:58:05.420+0000] {logging_mixin.py:188} INFO - [2025-07-22T17:58:05.420+0000] {dag.py:3823} INFO - Setting next_dagrun for example_short_circuit_operator to 2025-07-21 00:00:00+00:00, run_after=2025-07-22 00:00:00+00:00
[2025-07-22T17:58:05.450+0000] {processor.py:183} INFO - Processing /home/airflow/.local/lib/python3.8/site-packages/airflow/example_dags/example_short_circuit_operator.py took 0.112 seconds
[2025-07-22T17:58:35.660+0000] {processor.py:161} INFO - Started process (PID=488) to work on /home/airflow/.local/lib/python3.8/site-packages/airflow/example_dags/example_short_circuit_operator.py
[2025-07-22T17:58:35.663+0000] {processor.py:830} INFO - Processing file /home/airflow/.local/lib/python3.8/site-packages/airflow/example_dags/example_short_circuit_operator.py for tasks to queue
[2025-07-22T17:58:35.669+0000] {logging_mixin.py:188} INFO - [2025-07-22T17:58:35.669+0000] {dagbag.py:538} INFO - Filling up the DagBag from /home/airflow/.local/lib/python3.8/site-packages/airflow/example_dags/example_short_circuit_operator.py
[2025-07-22T17:58:35.679+0000] {processor.py:840} INFO - DAG(s) 'example_short_circuit_operator' retrieved from /home/airflow/.local/lib/python3.8/site-packages/airflow/example_dags/example_short_circuit_operator.py
[2025-07-22T17:58:35.716+0000] {logging_mixin.py:188} INFO - [2025-07-22T17:58:35.715+0000] {dag.py:3036} INFO - Sync 1 DAGs
[2025-07-22T17:58:35.746+0000] {logging_mixin.py:188} INFO - [2025-07-22T17:58:35.745+0000] {dag.py:3823} INFO - Setting next_dagrun for example_short_circuit_operator to 2025-07-21 00:00:00+00:00, run_after=2025-07-22 00:00:00+00:00
[2025-07-22T17:58:35.774+0000] {processor.py:183} INFO - Processing /home/airflow/.local/lib/python3.8/site-packages/airflow/example_dags/example_short_circuit_operator.py took 0.120 seconds
[2025-07-22T17:59:06.311+0000] {processor.py:161} INFO - Started process (PID=545) to work on /home/airflow/.local/lib/python3.8/site-packages/airflow/example_dags/example_short_circuit_operator.py
[2025-07-22T17:59:06.313+0000] {processor.py:830} INFO - Processing file /home/airflow/.local/lib/python3.8/site-packages/airflow/example_dags/example_short_circuit_operator.py for tasks to queue
[2025-07-22T17:59:06.318+0000] {logging_mixin.py:188} INFO - [2025-07-22T17:59:06.317+0000] {dagbag.py:538} INFO - Filling up the DagBag from /home/airflow/.local/lib/python3.8/site-packages/airflow/example_dags/example_short_circuit_operator.py
[2025-07-22T17:59:06.329+0000] {processor.py:840} INFO - DAG(s) 'example_short_circuit_operator' retrieved from /home/airflow/.local/lib/python3.8/site-packages/airflow/example_dags/example_short_circuit_operator.py
[2025-07-22T17:59:06.368+0000] {logging_mixin.py:188} INFO - [2025-07-22T17:59:06.368+0000] {dag.py:3036} INFO - Sync 1 DAGs
[2025-07-22T17:59:06.397+0000] {logging_mixin.py:188} INFO - [2025-07-22T17:59:06.397+0000] {dag.py:3823} INFO - Setting next_dagrun for example_short_circuit_operator to 2025-07-21 00:00:00+00:00, run_after=2025-07-22 00:00:00+00:00
[2025-07-22T17:59:06.427+0000] {processor.py:183} INFO - Processing /home/airflow/.local/lib/python3.8/site-packages/airflow/example_dags/example_short_circuit_operator.py took 0.121 seconds
[2025-07-22T17:59:36.657+0000] {processor.py:161} INFO - Started process (PID=602) to work on /home/airflow/.local/lib/python3.8/site-packages/airflow/example_dags/example_short_circuit_operator.py
[2025-07-22T17:59:36.659+0000] {processor.py:830} INFO - Processing file /home/airflow/.local/lib/python3.8/site-packages/airflow/example_dags/example_short_circuit_operator.py for tasks to queue
[2025-07-22T17:59:36.664+0000] {logging_mixin.py:188} INFO - [2025-07-22T17:59:36.664+0000] {dagbag.py:538} INFO - Filling up the DagBag from /home/airflow/.local/lib/python3.8/site-packages/airflow/example_dags/example_short_circuit_operator.py
[2025-07-22T17:59:36.678+0000] {processor.py:840} INFO - DAG(s) 'example_short_circuit_operator' retrieved from /home/airflow/.local/lib/python3.8/site-packages/airflow/example_dags/example_short_circuit_operator.py
[2025-07-22T17:59:36.716+0000] {logging_mixin.py:188} INFO - [2025-07-22T17:59:36.716+0000] {dag.py:3036} INFO - Sync 1 DAGs
[2025-07-22T17:59:36.745+0000] {logging_mixin.py:188} INFO - [2025-07-22T17:59:36.745+0000] {dag.py:3823} INFO - Setting next_dagrun for example_short_circuit_operator to 2025-07-21 00:00:00+00:00, run_after=2025-07-22 00:00:00+00:00
[2025-07-22T17:59:36.775+0000] {processor.py:183} INFO - Processing /home/airflow/.local/lib/python3.8/site-packages/airflow/example_dags/example_short_circuit_operator.py took 0.127 seconds
[2025-07-22T18:00:07.221+0000] {processor.py:161} INFO - Started process (PID=660) to work on /home/airflow/.local/lib/python3.8/site-packages/airflow/example_dags/example_short_circuit_operator.py
[2025-07-22T18:00:07.222+0000] {processor.py:830} INFO - Processing file /home/airflow/.local/lib/python3.8/site-packages/airflow/example_dags/example_short_circuit_operator.py for tasks to queue
[2025-07-22T18:00:07.226+0000] {logging_mixin.py:188} INFO - [2025-07-22T18:00:07.225+0000] {dagbag.py:538} INFO - Filling up the DagBag from /home/airflow/.local/lib/python3.8/site-packages/airflow/example_dags/example_short_circuit_operator.py
[2025-07-22T18:00:07.237+0000] {processor.py:840} INFO - DAG(s) 'example_short_circuit_operator' retrieved from /home/airflow/.local/lib/python3.8/site-packages/airflow/example_dags/example_short_circuit_operator.py
[2025-07-22T18:00:07.269+0000] {logging_mixin.py:188} INFO - [2025-07-22T18:00:07.268+0000] {dag.py:3036} INFO - Sync 1 DAGs
[2025-07-22T18:00:07.295+0000] {logging_mixin.py:188} INFO - [2025-07-22T18:00:07.295+0000] {dag.py:3823} INFO - Setting next_dagrun for example_short_circuit_operator to 2025-07-21 00:00:00+00:00, run_after=2025-07-22 00:00:00+00:00
[2025-07-22T18:00:07.321+0000] {processor.py:183} INFO - Processing /home/airflow/.local/lib/python3.8/site-packages/airflow/example_dags/example_short_circuit_operator.py took 0.106 seconds
[2025-07-22T18:00:37.601+0000] {processor.py:161} INFO - Started process (PID=717) to work on /home/airflow/.local/lib/python3.8/site-packages/airflow/example_dags/example_short_circuit_operator.py
[2025-07-22T18:00:37.603+0000] {processor.py:830} INFO - Processing file /home/airflow/.local/lib/python3.8/site-packages/airflow/example_dags/example_short_circuit_operator.py for tasks to queue
[2025-07-22T18:00:37.606+0000] {logging_mixin.py:188} INFO - [2025-07-22T18:00:37.605+0000] {dagbag.py:538} INFO - Filling up the DagBag from /home/airflow/.local/lib/python3.8/site-packages/airflow/example_dags/example_short_circuit_operator.py
[2025-07-22T18:00:37.618+0000] {processor.py:840} INFO - DAG(s) 'example_short_circuit_operator' retrieved from /home/airflow/.local/lib/python3.8/site-packages/airflow/example_dags/example_short_circuit_operator.py
[2025-07-22T18:00:37.652+0000] {logging_mixin.py:188} INFO - [2025-07-22T18:00:37.652+0000] {dag.py:3036} INFO - Sync 1 DAGs
[2025-07-22T18:00:37.680+0000] {logging_mixin.py:188} INFO - [2025-07-22T18:00:37.679+0000] {dag.py:3823} INFO - Setting next_dagrun for example_short_circuit_operator to 2025-07-21 00:00:00+00:00, run_after=2025-07-22 00:00:00+00:00
[2025-07-22T18:00:37.710+0000] {processor.py:183} INFO - Processing /home/airflow/.local/lib/python3.8/site-packages/airflow/example_dags/example_short_circuit_operator.py took 0.115 seconds
