[2025-07-22T17:55:11.364+0000] {processor.py:161} INFO - Started process (PID=124) to work on /home/airflow/.local/lib/python3.8/site-packages/airflow/example_dags/example_python_decorator.py
[2025-07-22T17:55:11.367+0000] {processor.py:830} INFO - Processing file /home/airflow/.local/lib/python3.8/site-packages/airflow/example_dags/example_python_decorator.py for tasks to queue
[2025-07-22T17:55:11.373+0000] {logging_mixin.py:188} INFO - [2025-07-22T17:55:11.372+0000] {dagbag.py:538} INFO - Filling up the DagBag from /home/airflow/.local/lib/python3.8/site-packages/airflow/example_dags/example_python_decorator.py
[2025-07-22T17:55:11.406+0000] {processor.py:840} INFO - DAG(s) 'example_python_decorator' retrieved from /home/airflow/.local/lib/python3.8/site-packages/airflow/example_dags/example_python_decorator.py
[2025-07-22T17:55:11.748+0000] {logging_mixin.py:188} INFO - [2025-07-22T17:55:11.748+0000] {dag.py:3036} INFO - Sync 1 DAGs
[2025-07-22T17:55:11.782+0000] {logging_mixin.py:188} INFO - [2025-07-22T17:55:11.781+0000] {dag.py:3823} INFO - Setting next_dagrun for example_python_decorator to None, run_after=None
[2025-07-22T17:55:11.857+0000] {processor.py:183} INFO - Processing /home/airflow/.local/lib/python3.8/site-packages/airflow/example_dags/example_python_decorator.py took 0.503 seconds
[2025-07-22T17:55:42.115+0000] {processor.py:161} INFO - Started process (PID=186) to work on /home/airflow/.local/lib/python3.8/site-packages/airflow/example_dags/example_python_decorator.py
[2025-07-22T17:55:42.117+0000] {processor.py:830} INFO - Processing file /home/airflow/.local/lib/python3.8/site-packages/airflow/example_dags/example_python_decorator.py for tasks to queue
[2025-07-22T17:55:42.121+0000] {logging_mixin.py:188} INFO - [2025-07-22T17:55:42.121+0000] {dagbag.py:538} INFO - Filling up the DagBag from /home/airflow/.local/lib/python3.8/site-packages/airflow/example_dags/example_python_decorator.py
[2025-07-22T17:55:42.143+0000] {processor.py:840} INFO - DAG(s) 'example_python_decorator' retrieved from /home/airflow/.local/lib/python3.8/site-packages/airflow/example_dags/example_python_decorator.py
[2025-07-22T17:55:42.192+0000] {logging_mixin.py:188} INFO - [2025-07-22T17:55:42.191+0000] {dag.py:3036} INFO - Sync 1 DAGs
[2025-07-22T17:55:42.217+0000] {logging_mixin.py:188} INFO - [2025-07-22T17:55:42.216+0000] {dag.py:3823} INFO - Setting next_dagrun for example_python_decorator to None, run_after=None
[2025-07-22T17:55:42.255+0000] {processor.py:183} INFO - Processing /home/airflow/.local/lib/python3.8/site-packages/airflow/example_dags/example_python_decorator.py took 0.146 seconds
[2025-07-22T17:56:12.753+0000] {processor.py:161} INFO - Started process (PID=243) to work on /home/airflow/.local/lib/python3.8/site-packages/airflow/example_dags/example_python_decorator.py
[2025-07-22T17:56:12.755+0000] {processor.py:830} INFO - Processing file /home/airflow/.local/lib/python3.8/site-packages/airflow/example_dags/example_python_decorator.py for tasks to queue
[2025-07-22T17:56:12.759+0000] {logging_mixin.py:188} INFO - [2025-07-22T17:56:12.758+0000] {dagbag.py:538} INFO - Filling up the DagBag from /home/airflow/.local/lib/python3.8/site-packages/airflow/example_dags/example_python_decorator.py
[2025-07-22T17:56:12.779+0000] {processor.py:840} INFO - DAG(s) 'example_python_decorator' retrieved from /home/airflow/.local/lib/python3.8/site-packages/airflow/example_dags/example_python_decorator.py
[2025-07-22T17:56:12.810+0000] {logging_mixin.py:188} INFO - [2025-07-22T17:56:12.809+0000] {dag.py:3036} INFO - Sync 1 DAGs
[2025-07-22T17:56:12.824+0000] {logging_mixin.py:188} INFO - [2025-07-22T17:56:12.823+0000] {dag.py:3823} INFO - Setting next_dagrun for example_python_decorator to None, run_after=None
[2025-07-22T17:56:12.851+0000] {processor.py:183} INFO - Processing /home/airflow/.local/lib/python3.8/site-packages/airflow/example_dags/example_python_decorator.py took 0.103 seconds
[2025-07-22T17:56:43.469+0000] {processor.py:161} INFO - Started process (PID=300) to work on /home/airflow/.local/lib/python3.8/site-packages/airflow/example_dags/example_python_decorator.py
[2025-07-22T17:56:43.471+0000] {processor.py:830} INFO - Processing file /home/airflow/.local/lib/python3.8/site-packages/airflow/example_dags/example_python_decorator.py for tasks to queue
[2025-07-22T17:56:43.474+0000] {logging_mixin.py:188} INFO - [2025-07-22T17:56:43.473+0000] {dagbag.py:538} INFO - Filling up the DagBag from /home/airflow/.local/lib/python3.8/site-packages/airflow/example_dags/example_python_decorator.py
[2025-07-22T17:56:43.495+0000] {processor.py:840} INFO - DAG(s) 'example_python_decorator' retrieved from /home/airflow/.local/lib/python3.8/site-packages/airflow/example_dags/example_python_decorator.py
[2025-07-22T17:56:43.544+0000] {logging_mixin.py:188} INFO - [2025-07-22T17:56:43.544+0000] {dag.py:3036} INFO - Sync 1 DAGs
[2025-07-22T17:56:43.568+0000] {logging_mixin.py:188} INFO - [2025-07-22T17:56:43.567+0000] {dag.py:3823} INFO - Setting next_dagrun for example_python_decorator to None, run_after=None
[2025-07-22T17:56:43.604+0000] {processor.py:183} INFO - Processing /home/airflow/.local/lib/python3.8/site-packages/airflow/example_dags/example_python_decorator.py took 0.143 seconds
[2025-07-22T17:57:14.348+0000] {processor.py:161} INFO - Started process (PID=357) to work on /home/airflow/.local/lib/python3.8/site-packages/airflow/example_dags/example_python_decorator.py
[2025-07-22T17:57:14.350+0000] {processor.py:830} INFO - Processing file /home/airflow/.local/lib/python3.8/site-packages/airflow/example_dags/example_python_decorator.py for tasks to queue
[2025-07-22T17:57:14.353+0000] {logging_mixin.py:188} INFO - [2025-07-22T17:57:14.352+0000] {dagbag.py:538} INFO - Filling up the DagBag from /home/airflow/.local/lib/python3.8/site-packages/airflow/example_dags/example_python_decorator.py
[2025-07-22T17:57:14.369+0000] {processor.py:840} INFO - DAG(s) 'example_python_decorator' retrieved from /home/airflow/.local/lib/python3.8/site-packages/airflow/example_dags/example_python_decorator.py
[2025-07-22T17:57:14.394+0000] {logging_mixin.py:188} INFO - [2025-07-22T17:57:14.394+0000] {dag.py:3036} INFO - Sync 1 DAGs
[2025-07-22T17:57:14.408+0000] {logging_mixin.py:188} INFO - [2025-07-22T17:57:14.408+0000] {dag.py:3823} INFO - Setting next_dagrun for example_python_decorator to None, run_after=None
[2025-07-22T17:57:14.435+0000] {processor.py:183} INFO - Processing /home/airflow/.local/lib/python3.8/site-packages/airflow/example_dags/example_python_decorator.py took 0.093 seconds
[2025-07-22T17:57:45.033+0000] {processor.py:161} INFO - Started process (PID=414) to work on /home/airflow/.local/lib/python3.8/site-packages/airflow/example_dags/example_python_decorator.py
[2025-07-22T17:57:45.035+0000] {processor.py:830} INFO - Processing file /home/airflow/.local/lib/python3.8/site-packages/airflow/example_dags/example_python_decorator.py for tasks to queue
[2025-07-22T17:57:45.038+0000] {logging_mixin.py:188} INFO - [2025-07-22T17:57:45.038+0000] {dagbag.py:538} INFO - Filling up the DagBag from /home/airflow/.local/lib/python3.8/site-packages/airflow/example_dags/example_python_decorator.py
[2025-07-22T17:57:45.056+0000] {processor.py:840} INFO - DAG(s) 'example_python_decorator' retrieved from /home/airflow/.local/lib/python3.8/site-packages/airflow/example_dags/example_python_decorator.py
[2025-07-22T17:57:45.084+0000] {logging_mixin.py:188} INFO - [2025-07-22T17:57:45.084+0000] {dag.py:3036} INFO - Sync 1 DAGs
[2025-07-22T17:57:45.099+0000] {logging_mixin.py:188} INFO - [2025-07-22T17:57:45.099+0000] {dag.py:3823} INFO - Setting next_dagrun for example_python_decorator to None, run_after=None
[2025-07-22T17:57:45.128+0000] {processor.py:183} INFO - Processing /home/airflow/.local/lib/python3.8/site-packages/airflow/example_dags/example_python_decorator.py took 0.099 seconds
[2025-07-22T17:58:15.226+0000] {processor.py:161} INFO - Started process (PID=471) to work on /home/airflow/.local/lib/python3.8/site-packages/airflow/example_dags/example_python_decorator.py
[2025-07-22T17:58:15.229+0000] {processor.py:830} INFO - Processing file /home/airflow/.local/lib/python3.8/site-packages/airflow/example_dags/example_python_decorator.py for tasks to queue
[2025-07-22T17:58:15.234+0000] {logging_mixin.py:188} INFO - [2025-07-22T17:58:15.233+0000] {dagbag.py:538} INFO - Filling up the DagBag from /home/airflow/.local/lib/python3.8/site-packages/airflow/example_dags/example_python_decorator.py
[2025-07-22T17:58:15.253+0000] {processor.py:840} INFO - DAG(s) 'example_python_decorator' retrieved from /home/airflow/.local/lib/python3.8/site-packages/airflow/example_dags/example_python_decorator.py
[2025-07-22T17:58:15.283+0000] {logging_mixin.py:188} INFO - [2025-07-22T17:58:15.283+0000] {dag.py:3036} INFO - Sync 1 DAGs
[2025-07-22T17:58:15.298+0000] {logging_mixin.py:188} INFO - [2025-07-22T17:58:15.298+0000] {dag.py:3823} INFO - Setting next_dagrun for example_python_decorator to None, run_after=None
[2025-07-22T17:58:15.327+0000] {processor.py:183} INFO - Processing /home/airflow/.local/lib/python3.8/site-packages/airflow/example_dags/example_python_decorator.py took 0.109 seconds
[2025-07-22T17:58:45.775+0000] {processor.py:161} INFO - Started process (PID=528) to work on /home/airflow/.local/lib/python3.8/site-packages/airflow/example_dags/example_python_decorator.py
[2025-07-22T17:58:45.778+0000] {processor.py:830} INFO - Processing file /home/airflow/.local/lib/python3.8/site-packages/airflow/example_dags/example_python_decorator.py for tasks to queue
[2025-07-22T17:58:45.781+0000] {logging_mixin.py:188} INFO - [2025-07-22T17:58:45.780+0000] {dagbag.py:538} INFO - Filling up the DagBag from /home/airflow/.local/lib/python3.8/site-packages/airflow/example_dags/example_python_decorator.py
[2025-07-22T17:58:45.798+0000] {processor.py:840} INFO - DAG(s) 'example_python_decorator' retrieved from /home/airflow/.local/lib/python3.8/site-packages/airflow/example_dags/example_python_decorator.py
[2025-07-22T17:58:45.841+0000] {logging_mixin.py:188} INFO - [2025-07-22T17:58:45.841+0000] {dag.py:3036} INFO - Sync 1 DAGs
[2025-07-22T17:58:45.861+0000] {logging_mixin.py:188} INFO - [2025-07-22T17:58:45.861+0000] {dag.py:3823} INFO - Setting next_dagrun for example_python_decorator to None, run_after=None
[2025-07-22T17:58:45.891+0000] {processor.py:183} INFO - Processing /home/airflow/.local/lib/python3.8/site-packages/airflow/example_dags/example_python_decorator.py took 0.121 seconds
[2025-07-22T17:59:16.080+0000] {processor.py:161} INFO - Started process (PID=585) to work on /home/airflow/.local/lib/python3.8/site-packages/airflow/example_dags/example_python_decorator.py
[2025-07-22T17:59:16.083+0000] {processor.py:830} INFO - Processing file /home/airflow/.local/lib/python3.8/site-packages/airflow/example_dags/example_python_decorator.py for tasks to queue
[2025-07-22T17:59:16.086+0000] {logging_mixin.py:188} INFO - [2025-07-22T17:59:16.085+0000] {dagbag.py:538} INFO - Filling up the DagBag from /home/airflow/.local/lib/python3.8/site-packages/airflow/example_dags/example_python_decorator.py
[2025-07-22T17:59:16.102+0000] {processor.py:840} INFO - DAG(s) 'example_python_decorator' retrieved from /home/airflow/.local/lib/python3.8/site-packages/airflow/example_dags/example_python_decorator.py
[2025-07-22T17:59:16.137+0000] {logging_mixin.py:188} INFO - [2025-07-22T17:59:16.137+0000] {dag.py:3036} INFO - Sync 1 DAGs
[2025-07-22T17:59:16.154+0000] {logging_mixin.py:188} INFO - [2025-07-22T17:59:16.154+0000] {dag.py:3823} INFO - Setting next_dagrun for example_python_decorator to None, run_after=None
[2025-07-22T17:59:16.187+0000] {processor.py:183} INFO - Processing /home/airflow/.local/lib/python3.8/site-packages/airflow/example_dags/example_python_decorator.py took 0.111 seconds
[2025-07-22T17:59:46.804+0000] {processor.py:161} INFO - Started process (PID=642) to work on /home/airflow/.local/lib/python3.8/site-packages/airflow/example_dags/example_python_decorator.py
[2025-07-22T17:59:46.806+0000] {processor.py:830} INFO - Processing file /home/airflow/.local/lib/python3.8/site-packages/airflow/example_dags/example_python_decorator.py for tasks to queue
[2025-07-22T17:59:46.810+0000] {logging_mixin.py:188} INFO - [2025-07-22T17:59:46.809+0000] {dagbag.py:538} INFO - Filling up the DagBag from /home/airflow/.local/lib/python3.8/site-packages/airflow/example_dags/example_python_decorator.py
[2025-07-22T17:59:46.844+0000] {processor.py:840} INFO - DAG(s) 'example_python_decorator' retrieved from /home/airflow/.local/lib/python3.8/site-packages/airflow/example_dags/example_python_decorator.py
[2025-07-22T17:59:46.886+0000] {logging_mixin.py:188} INFO - [2025-07-22T17:59:46.886+0000] {dag.py:3036} INFO - Sync 1 DAGs
[2025-07-22T17:59:46.902+0000] {logging_mixin.py:188} INFO - [2025-07-22T17:59:46.901+0000] {dag.py:3823} INFO - Setting next_dagrun for example_python_decorator to None, run_after=None
[2025-07-22T17:59:46.929+0000] {processor.py:183} INFO - Processing /home/airflow/.local/lib/python3.8/site-packages/airflow/example_dags/example_python_decorator.py took 0.129 seconds
[2025-07-22T18:00:17.681+0000] {processor.py:161} INFO - Started process (PID=700) to work on /home/airflow/.local/lib/python3.8/site-packages/airflow/example_dags/example_python_decorator.py
[2025-07-22T18:00:17.683+0000] {processor.py:830} INFO - Processing file /home/airflow/.local/lib/python3.8/site-packages/airflow/example_dags/example_python_decorator.py for tasks to queue
[2025-07-22T18:00:17.686+0000] {logging_mixin.py:188} INFO - [2025-07-22T18:00:17.686+0000] {dagbag.py:538} INFO - Filling up the DagBag from /home/airflow/.local/lib/python3.8/site-packages/airflow/example_dags/example_python_decorator.py
[2025-07-22T18:00:17.705+0000] {processor.py:840} INFO - DAG(s) 'example_python_decorator' retrieved from /home/airflow/.local/lib/python3.8/site-packages/airflow/example_dags/example_python_decorator.py
[2025-07-22T18:00:17.735+0000] {logging_mixin.py:188} INFO - [2025-07-22T18:00:17.734+0000] {dag.py:3036} INFO - Sync 1 DAGs
[2025-07-22T18:00:17.751+0000] {logging_mixin.py:188} INFO - [2025-07-22T18:00:17.750+0000] {dag.py:3823} INFO - Setting next_dagrun for example_python_decorator to None, run_after=None
[2025-07-22T18:00:17.781+0000] {processor.py:183} INFO - Processing /home/airflow/.local/lib/python3.8/site-packages/airflow/example_dags/example_python_decorator.py took 0.107 seconds
