[2025-07-22T17:55:04.910+0000] {processor.py:161} INFO - Started process (PID=90) to work on /home/airflow/.local/lib/python3.8/site-packages/airflow/example_dags/example_dag_decorator.py
[2025-07-22T17:55:04.915+0000] {processor.py:830} INFO - Processing file /home/airflow/.local/lib/python3.8/site-packages/airflow/example_dags/example_dag_decorator.py for tasks to queue
[2025-07-22T17:55:04.927+0000] {logging_mixin.py:188} INFO - [2025-07-22T17:55:04.926+0000] {dagbag.py:538} INFO - Filling up the DagBag from /home/airflow/.local/lib/python3.8/site-packages/airflow/example_dags/example_dag_decorator.py
[2025-07-22T17:55:05.398+0000] {processor.py:840} INFO - DAG(s) 'example_dag_decorator' retrieved from /home/airflow/.local/lib/python3.8/site-packages/airflow/example_dags/example_dag_decorator.py
[2025-07-22T17:55:05.723+0000] {logging_mixin.py:188} INFO - [2025-07-22T17:55:05.723+0000] {dag.py:3036} INFO - Sync 1 DAGs
[2025-07-22T17:55:05.749+0000] {logging_mixin.py:188} INFO - [2025-07-22T17:55:05.748+0000] {dag.py:3823} INFO - Setting next_dagrun for example_dag_decorator to None, run_after=None
[2025-07-22T17:55:05.810+0000] {processor.py:183} INFO - Processing /home/airflow/.local/lib/python3.8/site-packages/airflow/example_dags/example_dag_decorator.py took 0.911 seconds
[2025-07-22T17:55:36.319+0000] {processor.py:161} INFO - Started process (PID=156) to work on /home/airflow/.local/lib/python3.8/site-packages/airflow/example_dags/example_dag_decorator.py
[2025-07-22T17:55:36.322+0000] {processor.py:830} INFO - Processing file /home/airflow/.local/lib/python3.8/site-packages/airflow/example_dags/example_dag_decorator.py for tasks to queue
[2025-07-22T17:55:36.326+0000] {logging_mixin.py:188} INFO - [2025-07-22T17:55:36.325+0000] {dagbag.py:538} INFO - Filling up the DagBag from /home/airflow/.local/lib/python3.8/site-packages/airflow/example_dags/example_dag_decorator.py
[2025-07-22T17:55:36.474+0000] {processor.py:840} INFO - DAG(s) 'example_dag_decorator' retrieved from /home/airflow/.local/lib/python3.8/site-packages/airflow/example_dags/example_dag_decorator.py
[2025-07-22T17:55:36.644+0000] {logging_mixin.py:188} INFO - [2025-07-22T17:55:36.643+0000] {dag.py:3036} INFO - Sync 1 DAGs
[2025-07-22T17:55:36.663+0000] {logging_mixin.py:188} INFO - [2025-07-22T17:55:36.662+0000] {dag.py:3823} INFO - Setting next_dagrun for example_dag_decorator to None, run_after=None
[2025-07-22T17:55:39.308+0000] {processor.py:183} INFO - Processing /home/airflow/.local/lib/python3.8/site-packages/airflow/example_dags/example_dag_decorator.py took 2.994 seconds
[2025-07-22T17:56:09.827+0000] {processor.py:161} INFO - Started process (PID=223) to work on /home/airflow/.local/lib/python3.8/site-packages/airflow/example_dags/example_dag_decorator.py
[2025-07-22T17:56:09.830+0000] {processor.py:830} INFO - Processing file /home/airflow/.local/lib/python3.8/site-packages/airflow/example_dags/example_dag_decorator.py for tasks to queue
[2025-07-22T17:56:09.835+0000] {logging_mixin.py:188} INFO - [2025-07-22T17:56:09.835+0000] {dagbag.py:538} INFO - Filling up the DagBag from /home/airflow/.local/lib/python3.8/site-packages/airflow/example_dags/example_dag_decorator.py
[2025-07-22T17:56:09.965+0000] {processor.py:840} INFO - DAG(s) 'example_dag_decorator' retrieved from /home/airflow/.local/lib/python3.8/site-packages/airflow/example_dags/example_dag_decorator.py
[2025-07-22T17:56:10.083+0000] {logging_mixin.py:188} INFO - [2025-07-22T17:56:10.083+0000] {dag.py:3036} INFO - Sync 1 DAGs
[2025-07-22T17:56:10.096+0000] {logging_mixin.py:188} INFO - [2025-07-22T17:56:10.095+0000] {dag.py:3823} INFO - Setting next_dagrun for example_dag_decorator to None, run_after=None
[2025-07-22T17:56:10.123+0000] {processor.py:183} INFO - Processing /home/airflow/.local/lib/python3.8/site-packages/airflow/example_dags/example_dag_decorator.py took 0.301 seconds
[2025-07-22T17:56:40.328+0000] {processor.py:161} INFO - Started process (PID=280) to work on /home/airflow/.local/lib/python3.8/site-packages/airflow/example_dags/example_dag_decorator.py
[2025-07-22T17:56:40.331+0000] {processor.py:830} INFO - Processing file /home/airflow/.local/lib/python3.8/site-packages/airflow/example_dags/example_dag_decorator.py for tasks to queue
[2025-07-22T17:56:40.336+0000] {logging_mixin.py:188} INFO - [2025-07-22T17:56:40.335+0000] {dagbag.py:538} INFO - Filling up the DagBag from /home/airflow/.local/lib/python3.8/site-packages/airflow/example_dags/example_dag_decorator.py
[2025-07-22T17:56:40.482+0000] {processor.py:840} INFO - DAG(s) 'example_dag_decorator' retrieved from /home/airflow/.local/lib/python3.8/site-packages/airflow/example_dags/example_dag_decorator.py
[2025-07-22T17:56:40.653+0000] {logging_mixin.py:188} INFO - [2025-07-22T17:56:40.652+0000] {dag.py:3036} INFO - Sync 1 DAGs
[2025-07-22T17:56:40.676+0000] {logging_mixin.py:188} INFO - [2025-07-22T17:56:40.676+0000] {dag.py:3823} INFO - Setting next_dagrun for example_dag_decorator to None, run_after=None
[2025-07-22T17:56:40.735+0000] {processor.py:183} INFO - Processing /home/airflow/.local/lib/python3.8/site-packages/airflow/example_dags/example_dag_decorator.py took 0.413 seconds
[2025-07-22T17:57:10.941+0000] {processor.py:161} INFO - Started process (PID=337) to work on /home/airflow/.local/lib/python3.8/site-packages/airflow/example_dags/example_dag_decorator.py
[2025-07-22T17:57:10.942+0000] {processor.py:830} INFO - Processing file /home/airflow/.local/lib/python3.8/site-packages/airflow/example_dags/example_dag_decorator.py for tasks to queue
[2025-07-22T17:57:10.946+0000] {logging_mixin.py:188} INFO - [2025-07-22T17:57:10.945+0000] {dagbag.py:538} INFO - Filling up the DagBag from /home/airflow/.local/lib/python3.8/site-packages/airflow/example_dags/example_dag_decorator.py
[2025-07-22T17:57:11.063+0000] {processor.py:840} INFO - DAG(s) 'example_dag_decorator' retrieved from /home/airflow/.local/lib/python3.8/site-packages/airflow/example_dags/example_dag_decorator.py
[2025-07-22T17:57:11.181+0000] {logging_mixin.py:188} INFO - [2025-07-22T17:57:11.181+0000] {dag.py:3036} INFO - Sync 1 DAGs
[2025-07-22T17:57:11.193+0000] {logging_mixin.py:188} INFO - [2025-07-22T17:57:11.193+0000] {dag.py:3823} INFO - Setting next_dagrun for example_dag_decorator to None, run_after=None
[2025-07-22T17:57:11.219+0000] {processor.py:183} INFO - Processing /home/airflow/.local/lib/python3.8/site-packages/airflow/example_dags/example_dag_decorator.py took 0.283 seconds
[2025-07-22T17:57:41.325+0000] {processor.py:161} INFO - Started process (PID=390) to work on /home/airflow/.local/lib/python3.8/site-packages/airflow/example_dags/example_dag_decorator.py
[2025-07-22T17:57:41.327+0000] {processor.py:830} INFO - Processing file /home/airflow/.local/lib/python3.8/site-packages/airflow/example_dags/example_dag_decorator.py for tasks to queue
[2025-07-22T17:57:41.330+0000] {logging_mixin.py:188} INFO - [2025-07-22T17:57:41.330+0000] {dagbag.py:538} INFO - Filling up the DagBag from /home/airflow/.local/lib/python3.8/site-packages/airflow/example_dags/example_dag_decorator.py
[2025-07-22T17:57:41.456+0000] {processor.py:840} INFO - DAG(s) 'example_dag_decorator' retrieved from /home/airflow/.local/lib/python3.8/site-packages/airflow/example_dags/example_dag_decorator.py
[2025-07-22T17:57:41.581+0000] {logging_mixin.py:188} INFO - [2025-07-22T17:57:41.581+0000] {dag.py:3036} INFO - Sync 1 DAGs
[2025-07-22T17:57:41.596+0000] {logging_mixin.py:188} INFO - [2025-07-22T17:57:41.595+0000] {dag.py:3823} INFO - Setting next_dagrun for example_dag_decorator to None, run_after=None
[2025-07-22T17:57:41.633+0000] {processor.py:183} INFO - Processing /home/airflow/.local/lib/python3.8/site-packages/airflow/example_dags/example_dag_decorator.py took 0.312 seconds
[2025-07-22T17:58:11.838+0000] {processor.py:161} INFO - Started process (PID=449) to work on /home/airflow/.local/lib/python3.8/site-packages/airflow/example_dags/example_dag_decorator.py
[2025-07-22T17:58:11.842+0000] {processor.py:830} INFO - Processing file /home/airflow/.local/lib/python3.8/site-packages/airflow/example_dags/example_dag_decorator.py for tasks to queue
[2025-07-22T17:58:11.848+0000] {logging_mixin.py:188} INFO - [2025-07-22T17:58:11.847+0000] {dagbag.py:538} INFO - Filling up the DagBag from /home/airflow/.local/lib/python3.8/site-packages/airflow/example_dags/example_dag_decorator.py
[2025-07-22T17:58:12.002+0000] {processor.py:840} INFO - DAG(s) 'example_dag_decorator' retrieved from /home/airflow/.local/lib/python3.8/site-packages/airflow/example_dags/example_dag_decorator.py
[2025-07-22T17:58:12.155+0000] {logging_mixin.py:188} INFO - [2025-07-22T17:58:12.154+0000] {dag.py:3036} INFO - Sync 1 DAGs
[2025-07-22T17:58:12.167+0000] {logging_mixin.py:188} INFO - [2025-07-22T17:58:12.167+0000] {dag.py:3823} INFO - Setting next_dagrun for example_dag_decorator to None, run_after=None
[2025-07-22T17:58:12.199+0000] {processor.py:183} INFO - Processing /home/airflow/.local/lib/python3.8/site-packages/airflow/example_dags/example_dag_decorator.py took 0.370 seconds
[2025-07-22T17:58:42.394+0000] {processor.py:161} INFO - Started process (PID=504) to work on /home/airflow/.local/lib/python3.8/site-packages/airflow/example_dags/example_dag_decorator.py
[2025-07-22T17:58:42.396+0000] {processor.py:830} INFO - Processing file /home/airflow/.local/lib/python3.8/site-packages/airflow/example_dags/example_dag_decorator.py for tasks to queue
[2025-07-22T17:58:42.398+0000] {logging_mixin.py:188} INFO - [2025-07-22T17:58:42.398+0000] {dagbag.py:538} INFO - Filling up the DagBag from /home/airflow/.local/lib/python3.8/site-packages/airflow/example_dags/example_dag_decorator.py
[2025-07-22T17:58:42.529+0000] {processor.py:840} INFO - DAG(s) 'example_dag_decorator' retrieved from /home/airflow/.local/lib/python3.8/site-packages/airflow/example_dags/example_dag_decorator.py
[2025-07-22T17:58:42.567+0000] {logging_mixin.py:188} INFO - [2025-07-22T17:58:42.566+0000] {dag.py:3036} INFO - Sync 1 DAGs
[2025-07-22T17:58:42.584+0000] {logging_mixin.py:188} INFO - [2025-07-22T17:58:42.583+0000] {dag.py:3823} INFO - Setting next_dagrun for example_dag_decorator to None, run_after=None
[2025-07-22T17:58:42.617+0000] {processor.py:183} INFO - Processing /home/airflow/.local/lib/python3.8/site-packages/airflow/example_dags/example_dag_decorator.py took 0.227 seconds
[2025-07-22T17:59:12.777+0000] {processor.py:161} INFO - Started process (PID=561) to work on /home/airflow/.local/lib/python3.8/site-packages/airflow/example_dags/example_dag_decorator.py
[2025-07-22T17:59:12.778+0000] {processor.py:830} INFO - Processing file /home/airflow/.local/lib/python3.8/site-packages/airflow/example_dags/example_dag_decorator.py for tasks to queue
[2025-07-22T17:59:12.781+0000] {logging_mixin.py:188} INFO - [2025-07-22T17:59:12.781+0000] {dagbag.py:538} INFO - Filling up the DagBag from /home/airflow/.local/lib/python3.8/site-packages/airflow/example_dags/example_dag_decorator.py
[2025-07-22T17:59:12.905+0000] {processor.py:840} INFO - DAG(s) 'example_dag_decorator' retrieved from /home/airflow/.local/lib/python3.8/site-packages/airflow/example_dags/example_dag_decorator.py
[2025-07-22T17:59:12.939+0000] {logging_mixin.py:188} INFO - [2025-07-22T17:59:12.939+0000] {dag.py:3036} INFO - Sync 1 DAGs
[2025-07-22T17:59:12.956+0000] {logging_mixin.py:188} INFO - [2025-07-22T17:59:12.956+0000] {dag.py:3823} INFO - Setting next_dagrun for example_dag_decorator to None, run_after=None
[2025-07-22T17:59:12.987+0000] {processor.py:183} INFO - Processing /home/airflow/.local/lib/python3.8/site-packages/airflow/example_dags/example_dag_decorator.py took 0.215 seconds
[2025-07-22T17:59:43.220+0000] {processor.py:161} INFO - Started process (PID=619) to work on /home/airflow/.local/lib/python3.8/site-packages/airflow/example_dags/example_dag_decorator.py
[2025-07-22T17:59:43.221+0000] {processor.py:830} INFO - Processing file /home/airflow/.local/lib/python3.8/site-packages/airflow/example_dags/example_dag_decorator.py for tasks to queue
[2025-07-22T17:59:43.225+0000] {logging_mixin.py:188} INFO - [2025-07-22T17:59:43.224+0000] {dagbag.py:538} INFO - Filling up the DagBag from /home/airflow/.local/lib/python3.8/site-packages/airflow/example_dags/example_dag_decorator.py
[2025-07-22T17:59:43.339+0000] {processor.py:840} INFO - DAG(s) 'example_dag_decorator' retrieved from /home/airflow/.local/lib/python3.8/site-packages/airflow/example_dags/example_dag_decorator.py
[2025-07-22T17:59:43.456+0000] {logging_mixin.py:188} INFO - [2025-07-22T17:59:43.456+0000] {dag.py:3036} INFO - Sync 1 DAGs
[2025-07-22T17:59:43.471+0000] {logging_mixin.py:188} INFO - [2025-07-22T17:59:43.470+0000] {dag.py:3823} INFO - Setting next_dagrun for example_dag_decorator to None, run_after=None
[2025-07-22T17:59:43.511+0000] {processor.py:183} INFO - Processing /home/airflow/.local/lib/python3.8/site-packages/airflow/example_dags/example_dag_decorator.py took 0.296 seconds
[2025-07-22T18:00:13.645+0000] {processor.py:161} INFO - Started process (PID=675) to work on /home/airflow/.local/lib/python3.8/site-packages/airflow/example_dags/example_dag_decorator.py
[2025-07-22T18:00:13.647+0000] {processor.py:830} INFO - Processing file /home/airflow/.local/lib/python3.8/site-packages/airflow/example_dags/example_dag_decorator.py for tasks to queue
[2025-07-22T18:00:13.650+0000] {logging_mixin.py:188} INFO - [2025-07-22T18:00:13.650+0000] {dagbag.py:538} INFO - Filling up the DagBag from /home/airflow/.local/lib/python3.8/site-packages/airflow/example_dags/example_dag_decorator.py
[2025-07-22T18:00:13.825+0000] {processor.py:840} INFO - DAG(s) 'example_dag_decorator' retrieved from /home/airflow/.local/lib/python3.8/site-packages/airflow/example_dags/example_dag_decorator.py
[2025-07-22T18:00:14.021+0000] {logging_mixin.py:188} INFO - [2025-07-22T18:00:14.021+0000] {dag.py:3036} INFO - Sync 1 DAGs
[2025-07-22T18:00:14.039+0000] {logging_mixin.py:188} INFO - [2025-07-22T18:00:14.038+0000] {dag.py:3823} INFO - Setting next_dagrun for example_dag_decorator to None, run_after=None
[2025-07-22T18:00:14.067+0000] {processor.py:183} INFO - Processing /home/airflow/.local/lib/python3.8/site-packages/airflow/example_dags/example_dag_decorator.py took 0.426 seconds
