[2025-07-22T17:55:06.298+0000] {processor.py:161} INFO - Started process (PID=94) to work on /home/airflow/.local/lib/python3.8/site-packages/airflow/example_dags/example_skip_dag.py
[2025-07-22T17:55:06.301+0000] {processor.py:830} INFO - Processing file /home/airflow/.local/lib/python3.8/site-packages/airflow/example_dags/example_skip_dag.py for tasks to queue
[2025-07-22T17:55:06.304+0000] {logging_mixin.py:188} INFO - [2025-07-22T17:55:06.304+0000] {dagbag.py:538} INFO - Filling up the DagBag from /home/airflow/.local/lib/python3.8/site-packages/airflow/example_dags/example_skip_dag.py
[2025-07-22T17:55:06.318+0000] {processor.py:840} INFO - DAG(s) 'example_skip_dag' retrieved from /home/airflow/.local/lib/python3.8/site-packages/airflow/example_dags/example_skip_dag.py
[2025-07-22T17:55:06.376+0000] {logging_mixin.py:188} INFO - [2025-07-22T17:55:06.376+0000] {dag.py:3036} INFO - Sync 1 DAGs
[2025-07-22T17:55:06.419+0000] {logging_mixin.py:188} INFO - [2025-07-22T17:55:06.419+0000] {dag.py:3823} INFO - Setting next_dagrun for example_skip_dag to 2025-07-21 00:00:00+00:00, run_after=2025-07-22 00:00:00+00:00
[2025-07-22T17:55:06.456+0000] {processor.py:183} INFO - Processing /home/airflow/.local/lib/python3.8/site-packages/airflow/example_dags/example_skip_dag.py took 0.163 seconds
[2025-07-22T17:55:36.956+0000] {processor.py:161} INFO - Started process (PID=160) to work on /home/airflow/.local/lib/python3.8/site-packages/airflow/example_dags/example_skip_dag.py
[2025-07-22T17:55:36.958+0000] {processor.py:830} INFO - Processing file /home/airflow/.local/lib/python3.8/site-packages/airflow/example_dags/example_skip_dag.py for tasks to queue
[2025-07-22T17:55:36.961+0000] {logging_mixin.py:188} INFO - [2025-07-22T17:55:36.961+0000] {dagbag.py:538} INFO - Filling up the DagBag from /home/airflow/.local/lib/python3.8/site-packages/airflow/example_dags/example_skip_dag.py
[2025-07-22T17:55:36.972+0000] {processor.py:840} INFO - DAG(s) 'example_skip_dag' retrieved from /home/airflow/.local/lib/python3.8/site-packages/airflow/example_dags/example_skip_dag.py
[2025-07-22T17:55:37.010+0000] {logging_mixin.py:188} INFO - [2025-07-22T17:55:37.009+0000] {dag.py:3036} INFO - Sync 1 DAGs
[2025-07-22T17:55:37.045+0000] {logging_mixin.py:188} INFO - [2025-07-22T17:55:37.045+0000] {dag.py:3823} INFO - Setting next_dagrun for example_skip_dag to 2025-07-21 00:00:00+00:00, run_after=2025-07-22 00:00:00+00:00
[2025-07-22T17:55:37.079+0000] {processor.py:183} INFO - Processing /home/airflow/.local/lib/python3.8/site-packages/airflow/example_dags/example_skip_dag.py took 0.130 seconds
[2025-07-22T17:56:08.096+0000] {processor.py:161} INFO - Started process (PID=216) to work on /home/airflow/.local/lib/python3.8/site-packages/airflow/example_dags/example_skip_dag.py
[2025-07-22T17:56:08.101+0000] {processor.py:830} INFO - Processing file /home/airflow/.local/lib/python3.8/site-packages/airflow/example_dags/example_skip_dag.py for tasks to queue
[2025-07-22T17:56:08.105+0000] {logging_mixin.py:188} INFO - [2025-07-22T17:56:08.104+0000] {dagbag.py:538} INFO - Filling up the DagBag from /home/airflow/.local/lib/python3.8/site-packages/airflow/example_dags/example_skip_dag.py
[2025-07-22T17:56:08.113+0000] {processor.py:840} INFO - DAG(s) 'example_skip_dag' retrieved from /home/airflow/.local/lib/python3.8/site-packages/airflow/example_dags/example_skip_dag.py
[2025-07-22T17:56:08.133+0000] {logging_mixin.py:188} INFO - [2025-07-22T17:56:08.133+0000] {dag.py:3036} INFO - Sync 1 DAGs
[2025-07-22T17:56:08.160+0000] {logging_mixin.py:188} INFO - [2025-07-22T17:56:08.160+0000] {dag.py:3823} INFO - Setting next_dagrun for example_skip_dag to 2025-07-21 00:00:00+00:00, run_after=2025-07-22 00:00:00+00:00
[2025-07-22T17:56:08.193+0000] {processor.py:183} INFO - Processing /home/airflow/.local/lib/python3.8/site-packages/airflow/example_dags/example_skip_dag.py took 0.101 seconds
[2025-07-22T17:56:39.019+0000] {processor.py:161} INFO - Started process (PID=273) to work on /home/airflow/.local/lib/python3.8/site-packages/airflow/example_dags/example_skip_dag.py
[2025-07-22T17:56:39.023+0000] {processor.py:830} INFO - Processing file /home/airflow/.local/lib/python3.8/site-packages/airflow/example_dags/example_skip_dag.py for tasks to queue
[2025-07-22T17:56:39.032+0000] {logging_mixin.py:188} INFO - [2025-07-22T17:56:39.031+0000] {dagbag.py:538} INFO - Filling up the DagBag from /home/airflow/.local/lib/python3.8/site-packages/airflow/example_dags/example_skip_dag.py
[2025-07-22T17:56:39.049+0000] {processor.py:840} INFO - DAG(s) 'example_skip_dag' retrieved from /home/airflow/.local/lib/python3.8/site-packages/airflow/example_dags/example_skip_dag.py
[2025-07-22T17:56:39.201+0000] {logging_mixin.py:188} INFO - [2025-07-22T17:56:39.200+0000] {dag.py:3036} INFO - Sync 1 DAGs
[2025-07-22T17:56:39.231+0000] {logging_mixin.py:188} INFO - [2025-07-22T17:56:39.231+0000] {dag.py:3823} INFO - Setting next_dagrun for example_skip_dag to 2025-07-21 00:00:00+00:00, run_after=2025-07-22 00:00:00+00:00
[2025-07-22T17:56:39.267+0000] {processor.py:183} INFO - Processing /home/airflow/.local/lib/python3.8/site-packages/airflow/example_dags/example_skip_dag.py took 0.263 seconds
[2025-07-22T17:57:09.339+0000] {processor.py:161} INFO - Started process (PID=330) to work on /home/airflow/.local/lib/python3.8/site-packages/airflow/example_dags/example_skip_dag.py
[2025-07-22T17:57:09.341+0000] {processor.py:830} INFO - Processing file /home/airflow/.local/lib/python3.8/site-packages/airflow/example_dags/example_skip_dag.py for tasks to queue
[2025-07-22T17:57:09.344+0000] {logging_mixin.py:188} INFO - [2025-07-22T17:57:09.344+0000] {dagbag.py:538} INFO - Filling up the DagBag from /home/airflow/.local/lib/python3.8/site-packages/airflow/example_dags/example_skip_dag.py
[2025-07-22T17:57:09.354+0000] {processor.py:840} INFO - DAG(s) 'example_skip_dag' retrieved from /home/airflow/.local/lib/python3.8/site-packages/airflow/example_dags/example_skip_dag.py
[2025-07-22T17:57:09.385+0000] {logging_mixin.py:188} INFO - [2025-07-22T17:57:09.385+0000] {dag.py:3036} INFO - Sync 1 DAGs
[2025-07-22T17:57:09.413+0000] {logging_mixin.py:188} INFO - [2025-07-22T17:57:09.412+0000] {dag.py:3823} INFO - Setting next_dagrun for example_skip_dag to 2025-07-21 00:00:00+00:00, run_after=2025-07-22 00:00:00+00:00
[2025-07-22T17:57:09.440+0000] {processor.py:183} INFO - Processing /home/airflow/.local/lib/python3.8/site-packages/airflow/example_dags/example_skip_dag.py took 0.105 seconds
[2025-07-22T17:57:39.975+0000] {processor.py:161} INFO - Started process (PID=387) to work on /home/airflow/.local/lib/python3.8/site-packages/airflow/example_dags/example_skip_dag.py
[2025-07-22T17:57:39.978+0000] {processor.py:830} INFO - Processing file /home/airflow/.local/lib/python3.8/site-packages/airflow/example_dags/example_skip_dag.py for tasks to queue
[2025-07-22T17:57:39.981+0000] {logging_mixin.py:188} INFO - [2025-07-22T17:57:39.980+0000] {dagbag.py:538} INFO - Filling up the DagBag from /home/airflow/.local/lib/python3.8/site-packages/airflow/example_dags/example_skip_dag.py
[2025-07-22T17:57:39.992+0000] {processor.py:840} INFO - DAG(s) 'example_skip_dag' retrieved from /home/airflow/.local/lib/python3.8/site-packages/airflow/example_dags/example_skip_dag.py
[2025-07-22T17:57:40.032+0000] {logging_mixin.py:188} INFO - [2025-07-22T17:57:40.031+0000] {dag.py:3036} INFO - Sync 1 DAGs
[2025-07-22T17:57:40.062+0000] {logging_mixin.py:188} INFO - [2025-07-22T17:57:40.061+0000] {dag.py:3823} INFO - Setting next_dagrun for example_skip_dag to 2025-07-21 00:00:00+00:00, run_after=2025-07-22 00:00:00+00:00
[2025-07-22T17:57:40.089+0000] {processor.py:183} INFO - Processing /home/airflow/.local/lib/python3.8/site-packages/airflow/example_dags/example_skip_dag.py took 0.119 seconds
[2025-07-22T17:58:10.218+0000] {processor.py:161} INFO - Started process (PID=444) to work on /home/airflow/.local/lib/python3.8/site-packages/airflow/example_dags/example_skip_dag.py
[2025-07-22T17:58:10.220+0000] {processor.py:830} INFO - Processing file /home/airflow/.local/lib/python3.8/site-packages/airflow/example_dags/example_skip_dag.py for tasks to queue
[2025-07-22T17:58:10.224+0000] {logging_mixin.py:188} INFO - [2025-07-22T17:58:10.223+0000] {dagbag.py:538} INFO - Filling up the DagBag from /home/airflow/.local/lib/python3.8/site-packages/airflow/example_dags/example_skip_dag.py
[2025-07-22T17:58:10.234+0000] {processor.py:840} INFO - DAG(s) 'example_skip_dag' retrieved from /home/airflow/.local/lib/python3.8/site-packages/airflow/example_dags/example_skip_dag.py
[2025-07-22T17:58:10.265+0000] {logging_mixin.py:188} INFO - [2025-07-22T17:58:10.264+0000] {dag.py:3036} INFO - Sync 1 DAGs
[2025-07-22T17:58:10.291+0000] {logging_mixin.py:188} INFO - [2025-07-22T17:58:10.291+0000] {dag.py:3823} INFO - Setting next_dagrun for example_skip_dag to 2025-07-21 00:00:00+00:00, run_after=2025-07-22 00:00:00+00:00
[2025-07-22T17:58:10.318+0000] {processor.py:183} INFO - Processing /home/airflow/.local/lib/python3.8/site-packages/airflow/example_dags/example_skip_dag.py took 0.104 seconds
[2025-07-22T17:58:40.856+0000] {processor.py:161} INFO - Started process (PID=501) to work on /home/airflow/.local/lib/python3.8/site-packages/airflow/example_dags/example_skip_dag.py
[2025-07-22T17:58:40.858+0000] {processor.py:830} INFO - Processing file /home/airflow/.local/lib/python3.8/site-packages/airflow/example_dags/example_skip_dag.py for tasks to queue
[2025-07-22T17:58:40.861+0000] {logging_mixin.py:188} INFO - [2025-07-22T17:58:40.860+0000] {dagbag.py:538} INFO - Filling up the DagBag from /home/airflow/.local/lib/python3.8/site-packages/airflow/example_dags/example_skip_dag.py
[2025-07-22T17:58:40.869+0000] {processor.py:840} INFO - DAG(s) 'example_skip_dag' retrieved from /home/airflow/.local/lib/python3.8/site-packages/airflow/example_dags/example_skip_dag.py
[2025-07-22T17:58:40.898+0000] {logging_mixin.py:188} INFO - [2025-07-22T17:58:40.898+0000] {dag.py:3036} INFO - Sync 1 DAGs
[2025-07-22T17:58:40.929+0000] {logging_mixin.py:188} INFO - [2025-07-22T17:58:40.929+0000] {dag.py:3823} INFO - Setting next_dagrun for example_skip_dag to 2025-07-21 00:00:00+00:00, run_after=2025-07-22 00:00:00+00:00
[2025-07-22T17:58:40.960+0000] {processor.py:183} INFO - Processing /home/airflow/.local/lib/python3.8/site-packages/airflow/example_dags/example_skip_dag.py took 0.108 seconds
[2025-07-22T17:59:11.237+0000] {processor.py:161} INFO - Started process (PID=556) to work on /home/airflow/.local/lib/python3.8/site-packages/airflow/example_dags/example_skip_dag.py
[2025-07-22T17:59:11.239+0000] {processor.py:830} INFO - Processing file /home/airflow/.local/lib/python3.8/site-packages/airflow/example_dags/example_skip_dag.py for tasks to queue
[2025-07-22T17:59:11.243+0000] {logging_mixin.py:188} INFO - [2025-07-22T17:59:11.242+0000] {dagbag.py:538} INFO - Filling up the DagBag from /home/airflow/.local/lib/python3.8/site-packages/airflow/example_dags/example_skip_dag.py
[2025-07-22T17:59:11.254+0000] {processor.py:840} INFO - DAG(s) 'example_skip_dag' retrieved from /home/airflow/.local/lib/python3.8/site-packages/airflow/example_dags/example_skip_dag.py
[2025-07-22T17:59:11.288+0000] {logging_mixin.py:188} INFO - [2025-07-22T17:59:11.287+0000] {dag.py:3036} INFO - Sync 1 DAGs
[2025-07-22T17:59:11.319+0000] {logging_mixin.py:188} INFO - [2025-07-22T17:59:11.318+0000] {dag.py:3823} INFO - Setting next_dagrun for example_skip_dag to 2025-07-21 00:00:00+00:00, run_after=2025-07-22 00:00:00+00:00
[2025-07-22T17:59:11.352+0000] {processor.py:183} INFO - Processing /home/airflow/.local/lib/python3.8/site-packages/airflow/example_dags/example_skip_dag.py took 0.120 seconds
[2025-07-22T17:59:41.602+0000] {processor.py:161} INFO - Started process (PID=613) to work on /home/airflow/.local/lib/python3.8/site-packages/airflow/example_dags/example_skip_dag.py
[2025-07-22T17:59:41.604+0000] {processor.py:830} INFO - Processing file /home/airflow/.local/lib/python3.8/site-packages/airflow/example_dags/example_skip_dag.py for tasks to queue
[2025-07-22T17:59:41.607+0000] {logging_mixin.py:188} INFO - [2025-07-22T17:59:41.607+0000] {dagbag.py:538} INFO - Filling up the DagBag from /home/airflow/.local/lib/python3.8/site-packages/airflow/example_dags/example_skip_dag.py
[2025-07-22T17:59:41.618+0000] {processor.py:840} INFO - DAG(s) 'example_skip_dag' retrieved from /home/airflow/.local/lib/python3.8/site-packages/airflow/example_dags/example_skip_dag.py
[2025-07-22T17:59:41.649+0000] {logging_mixin.py:188} INFO - [2025-07-22T17:59:41.649+0000] {dag.py:3036} INFO - Sync 1 DAGs
[2025-07-22T17:59:41.682+0000] {logging_mixin.py:188} INFO - [2025-07-22T17:59:41.681+0000] {dag.py:3823} INFO - Setting next_dagrun for example_skip_dag to 2025-07-21 00:00:00+00:00, run_after=2025-07-22 00:00:00+00:00
[2025-07-22T17:59:41.715+0000] {processor.py:183} INFO - Processing /home/airflow/.local/lib/python3.8/site-packages/airflow/example_dags/example_skip_dag.py took 0.117 seconds
[2025-07-22T18:00:12.154+0000] {processor.py:161} INFO - Started process (PID=671) to work on /home/airflow/.local/lib/python3.8/site-packages/airflow/example_dags/example_skip_dag.py
[2025-07-22T18:00:12.157+0000] {processor.py:830} INFO - Processing file /home/airflow/.local/lib/python3.8/site-packages/airflow/example_dags/example_skip_dag.py for tasks to queue
[2025-07-22T18:00:12.160+0000] {logging_mixin.py:188} INFO - [2025-07-22T18:00:12.160+0000] {dagbag.py:538} INFO - Filling up the DagBag from /home/airflow/.local/lib/python3.8/site-packages/airflow/example_dags/example_skip_dag.py
[2025-07-22T18:00:12.174+0000] {processor.py:840} INFO - DAG(s) 'example_skip_dag' retrieved from /home/airflow/.local/lib/python3.8/site-packages/airflow/example_dags/example_skip_dag.py
[2025-07-22T18:00:12.213+0000] {logging_mixin.py:188} INFO - [2025-07-22T18:00:12.212+0000] {dag.py:3036} INFO - Sync 1 DAGs
[2025-07-22T18:00:12.244+0000] {logging_mixin.py:188} INFO - [2025-07-22T18:00:12.243+0000] {dag.py:3823} INFO - Setting next_dagrun for example_skip_dag to 2025-07-21 00:00:00+00:00, run_after=2025-07-22 00:00:00+00:00
[2025-07-22T18:00:12.273+0000] {processor.py:183} INFO - Processing /home/airflow/.local/lib/python3.8/site-packages/airflow/example_dags/example_skip_dag.py took 0.124 seconds
