[2025-07-22T17:55:03.117+0000] {processor.py:161} INFO - Started process (PID=86) to work on /home/airflow/.local/lib/python3.8/site-packages/airflow/example_dags/example_branch_labels.py
[2025-07-22T17:55:03.123+0000] {processor.py:830} INFO - Processing file /home/airflow/.local/lib/python3.8/site-packages/airflow/example_dags/example_branch_labels.py for tasks to queue
[2025-07-22T17:55:03.135+0000] {logging_mixin.py:188} INFO - [2025-07-22T17:55:03.131+0000] {dagbag.py:538} INFO - Filling up the DagBag from /home/airflow/.local/lib/python3.8/site-packages/airflow/example_dags/example_branch_labels.py
[2025-07-22T17:55:03.179+0000] {processor.py:840} INFO - DAG(s) 'example_branch_labels' retrieved from /home/airflow/.local/lib/python3.8/site-packages/airflow/example_dags/example_branch_labels.py
[2025-07-22T17:55:03.313+0000] {logging_mixin.py:188} INFO - [2025-07-22T17:55:03.312+0000] {dag.py:3036} INFO - Sync 1 DAGs
[2025-07-22T17:55:03.411+0000] {logging_mixin.py:188} INFO - [2025-07-22T17:55:03.410+0000] {dag.py:3823} INFO - Setting next_dagrun for example_branch_labels to 2025-07-21 00:00:00+00:00, run_after=2025-07-22 00:00:00+00:00
[2025-07-22T17:55:03.491+0000] {processor.py:183} INFO - Processing /home/airflow/.local/lib/python3.8/site-packages/airflow/example_dags/example_branch_labels.py took 0.389 seconds
[2025-07-22T17:55:33.770+0000] {processor.py:161} INFO - Started process (PID=150) to work on /home/airflow/.local/lib/python3.8/site-packages/airflow/example_dags/example_branch_labels.py
[2025-07-22T17:55:33.774+0000] {processor.py:830} INFO - Processing file /home/airflow/.local/lib/python3.8/site-packages/airflow/example_dags/example_branch_labels.py for tasks to queue
[2025-07-22T17:55:33.787+0000] {logging_mixin.py:188} INFO - [2025-07-22T17:55:33.785+0000] {dagbag.py:538} INFO - Filling up the DagBag from /home/airflow/.local/lib/python3.8/site-packages/airflow/example_dags/example_branch_labels.py
[2025-07-22T17:55:33.823+0000] {processor.py:840} INFO - DAG(s) 'example_branch_labels' retrieved from /home/airflow/.local/lib/python3.8/site-packages/airflow/example_dags/example_branch_labels.py
[2025-07-22T17:55:33.902+0000] {logging_mixin.py:188} INFO - [2025-07-22T17:55:33.901+0000] {dag.py:3036} INFO - Sync 1 DAGs
[2025-07-22T17:55:33.978+0000] {logging_mixin.py:188} INFO - [2025-07-22T17:55:33.978+0000] {dag.py:3823} INFO - Setting next_dagrun for example_branch_labels to 2025-07-21 00:00:00+00:00, run_after=2025-07-22 00:00:00+00:00
[2025-07-22T17:55:34.029+0000] {processor.py:183} INFO - Processing /home/airflow/.local/lib/python3.8/site-packages/airflow/example_dags/example_branch_labels.py took 0.283 seconds
[2025-07-22T17:56:05.095+0000] {processor.py:161} INFO - Started process (PID=208) to work on /home/airflow/.local/lib/python3.8/site-packages/airflow/example_dags/example_branch_labels.py
[2025-07-22T17:56:05.099+0000] {processor.py:830} INFO - Processing file /home/airflow/.local/lib/python3.8/site-packages/airflow/example_dags/example_branch_labels.py for tasks to queue
[2025-07-22T17:56:05.107+0000] {logging_mixin.py:188} INFO - [2025-07-22T17:56:05.106+0000] {dagbag.py:538} INFO - Filling up the DagBag from /home/airflow/.local/lib/python3.8/site-packages/airflow/example_dags/example_branch_labels.py
[2025-07-22T17:56:05.124+0000] {processor.py:840} INFO - DAG(s) 'example_branch_labels' retrieved from /home/airflow/.local/lib/python3.8/site-packages/airflow/example_dags/example_branch_labels.py
[2025-07-22T17:56:05.150+0000] {logging_mixin.py:188} INFO - [2025-07-22T17:56:05.149+0000] {dag.py:3036} INFO - Sync 1 DAGs
[2025-07-22T17:56:05.193+0000] {logging_mixin.py:188} INFO - [2025-07-22T17:56:05.192+0000] {dag.py:3823} INFO - Setting next_dagrun for example_branch_labels to 2025-07-21 00:00:00+00:00, run_after=2025-07-22 00:00:00+00:00
[2025-07-22T17:56:05.232+0000] {processor.py:183} INFO - Processing /home/airflow/.local/lib/python3.8/site-packages/airflow/example_dags/example_branch_labels.py took 0.143 seconds
[2025-07-22T17:56:36.274+0000] {processor.py:161} INFO - Started process (PID=266) to work on /home/airflow/.local/lib/python3.8/site-packages/airflow/example_dags/example_branch_labels.py
[2025-07-22T17:56:36.276+0000] {processor.py:830} INFO - Processing file /home/airflow/.local/lib/python3.8/site-packages/airflow/example_dags/example_branch_labels.py for tasks to queue
[2025-07-22T17:56:36.279+0000] {logging_mixin.py:188} INFO - [2025-07-22T17:56:36.278+0000] {dagbag.py:538} INFO - Filling up the DagBag from /home/airflow/.local/lib/python3.8/site-packages/airflow/example_dags/example_branch_labels.py
[2025-07-22T17:56:36.289+0000] {processor.py:840} INFO - DAG(s) 'example_branch_labels' retrieved from /home/airflow/.local/lib/python3.8/site-packages/airflow/example_dags/example_branch_labels.py
[2025-07-22T17:56:36.414+0000] {logging_mixin.py:188} INFO - [2025-07-22T17:56:36.414+0000] {dag.py:3036} INFO - Sync 1 DAGs
[2025-07-22T17:56:36.443+0000] {logging_mixin.py:188} INFO - [2025-07-22T17:56:36.443+0000] {dag.py:3823} INFO - Setting next_dagrun for example_branch_labels to 2025-07-21 00:00:00+00:00, run_after=2025-07-22 00:00:00+00:00
[2025-07-22T17:56:36.478+0000] {processor.py:183} INFO - Processing /home/airflow/.local/lib/python3.8/site-packages/airflow/example_dags/example_branch_labels.py took 0.208 seconds
[2025-07-22T17:57:06.648+0000] {processor.py:161} INFO - Started process (PID=321) to work on /home/airflow/.local/lib/python3.8/site-packages/airflow/example_dags/example_branch_labels.py
[2025-07-22T17:57:06.650+0000] {processor.py:830} INFO - Processing file /home/airflow/.local/lib/python3.8/site-packages/airflow/example_dags/example_branch_labels.py for tasks to queue
[2025-07-22T17:57:06.654+0000] {logging_mixin.py:188} INFO - [2025-07-22T17:57:06.653+0000] {dagbag.py:538} INFO - Filling up the DagBag from /home/airflow/.local/lib/python3.8/site-packages/airflow/example_dags/example_branch_labels.py
[2025-07-22T17:57:06.664+0000] {processor.py:840} INFO - DAG(s) 'example_branch_labels' retrieved from /home/airflow/.local/lib/python3.8/site-packages/airflow/example_dags/example_branch_labels.py
[2025-07-22T17:57:06.702+0000] {logging_mixin.py:188} INFO - [2025-07-22T17:57:06.702+0000] {dag.py:3036} INFO - Sync 1 DAGs
[2025-07-22T17:57:06.736+0000] {logging_mixin.py:188} INFO - [2025-07-22T17:57:06.736+0000] {dag.py:3823} INFO - Setting next_dagrun for example_branch_labels to 2025-07-21 00:00:00+00:00, run_after=2025-07-22 00:00:00+00:00
[2025-07-22T17:57:06.789+0000] {processor.py:183} INFO - Processing /home/airflow/.local/lib/python3.8/site-packages/airflow/example_dags/example_branch_labels.py took 0.147 seconds
[2025-07-22T17:57:37.099+0000] {processor.py:161} INFO - Started process (PID=378) to work on /home/airflow/.local/lib/python3.8/site-packages/airflow/example_dags/example_branch_labels.py
[2025-07-22T17:57:37.101+0000] {processor.py:830} INFO - Processing file /home/airflow/.local/lib/python3.8/site-packages/airflow/example_dags/example_branch_labels.py for tasks to queue
[2025-07-22T17:57:37.104+0000] {logging_mixin.py:188} INFO - [2025-07-22T17:57:37.104+0000] {dagbag.py:538} INFO - Filling up the DagBag from /home/airflow/.local/lib/python3.8/site-packages/airflow/example_dags/example_branch_labels.py
[2025-07-22T17:57:37.114+0000] {processor.py:840} INFO - DAG(s) 'example_branch_labels' retrieved from /home/airflow/.local/lib/python3.8/site-packages/airflow/example_dags/example_branch_labels.py
[2025-07-22T17:57:37.146+0000] {logging_mixin.py:188} INFO - [2025-07-22T17:57:37.146+0000] {dag.py:3036} INFO - Sync 1 DAGs
[2025-07-22T17:57:37.176+0000] {logging_mixin.py:188} INFO - [2025-07-22T17:57:37.176+0000] {dag.py:3823} INFO - Setting next_dagrun for example_branch_labels to 2025-07-21 00:00:00+00:00, run_after=2025-07-22 00:00:00+00:00
[2025-07-22T17:57:37.209+0000] {processor.py:183} INFO - Processing /home/airflow/.local/lib/python3.8/site-packages/airflow/example_dags/example_branch_labels.py took 0.116 seconds
[2025-07-22T17:58:07.705+0000] {processor.py:161} INFO - Started process (PID=435) to work on /home/airflow/.local/lib/python3.8/site-packages/airflow/example_dags/example_branch_labels.py
[2025-07-22T17:58:07.707+0000] {processor.py:830} INFO - Processing file /home/airflow/.local/lib/python3.8/site-packages/airflow/example_dags/example_branch_labels.py for tasks to queue
[2025-07-22T17:58:07.710+0000] {logging_mixin.py:188} INFO - [2025-07-22T17:58:07.709+0000] {dagbag.py:538} INFO - Filling up the DagBag from /home/airflow/.local/lib/python3.8/site-packages/airflow/example_dags/example_branch_labels.py
[2025-07-22T17:58:07.720+0000] {processor.py:840} INFO - DAG(s) 'example_branch_labels' retrieved from /home/airflow/.local/lib/python3.8/site-packages/airflow/example_dags/example_branch_labels.py
[2025-07-22T17:58:07.748+0000] {logging_mixin.py:188} INFO - [2025-07-22T17:58:07.748+0000] {dag.py:3036} INFO - Sync 1 DAGs
[2025-07-22T17:58:07.777+0000] {logging_mixin.py:188} INFO - [2025-07-22T17:58:07.777+0000] {dag.py:3823} INFO - Setting next_dagrun for example_branch_labels to 2025-07-21 00:00:00+00:00, run_after=2025-07-22 00:00:00+00:00
[2025-07-22T17:58:07.805+0000] {processor.py:183} INFO - Processing /home/airflow/.local/lib/python3.8/site-packages/airflow/example_dags/example_branch_labels.py took 0.105 seconds
[2025-07-22T17:58:38.029+0000] {processor.py:161} INFO - Started process (PID=492) to work on /home/airflow/.local/lib/python3.8/site-packages/airflow/example_dags/example_branch_labels.py
[2025-07-22T17:58:38.031+0000] {processor.py:830} INFO - Processing file /home/airflow/.local/lib/python3.8/site-packages/airflow/example_dags/example_branch_labels.py for tasks to queue
[2025-07-22T17:58:38.035+0000] {logging_mixin.py:188} INFO - [2025-07-22T17:58:38.034+0000] {dagbag.py:538} INFO - Filling up the DagBag from /home/airflow/.local/lib/python3.8/site-packages/airflow/example_dags/example_branch_labels.py
[2025-07-22T17:58:38.048+0000] {processor.py:840} INFO - DAG(s) 'example_branch_labels' retrieved from /home/airflow/.local/lib/python3.8/site-packages/airflow/example_dags/example_branch_labels.py
[2025-07-22T17:58:38.086+0000] {logging_mixin.py:188} INFO - [2025-07-22T17:58:38.085+0000] {dag.py:3036} INFO - Sync 1 DAGs
[2025-07-22T17:58:38.119+0000] {logging_mixin.py:188} INFO - [2025-07-22T17:58:38.119+0000] {dag.py:3823} INFO - Setting next_dagrun for example_branch_labels to 2025-07-21 00:00:00+00:00, run_after=2025-07-22 00:00:00+00:00
[2025-07-22T17:58:38.153+0000] {processor.py:183} INFO - Processing /home/airflow/.local/lib/python3.8/site-packages/airflow/example_dags/example_branch_labels.py took 0.129 seconds
[2025-07-22T17:59:08.691+0000] {processor.py:161} INFO - Started process (PID=549) to work on /home/airflow/.local/lib/python3.8/site-packages/airflow/example_dags/example_branch_labels.py
[2025-07-22T17:59:08.693+0000] {processor.py:830} INFO - Processing file /home/airflow/.local/lib/python3.8/site-packages/airflow/example_dags/example_branch_labels.py for tasks to queue
[2025-07-22T17:59:08.696+0000] {logging_mixin.py:188} INFO - [2025-07-22T17:59:08.695+0000] {dagbag.py:538} INFO - Filling up the DagBag from /home/airflow/.local/lib/python3.8/site-packages/airflow/example_dags/example_branch_labels.py
[2025-07-22T17:59:08.706+0000] {processor.py:840} INFO - DAG(s) 'example_branch_labels' retrieved from /home/airflow/.local/lib/python3.8/site-packages/airflow/example_dags/example_branch_labels.py
[2025-07-22T17:59:08.739+0000] {logging_mixin.py:188} INFO - [2025-07-22T17:59:08.739+0000] {dag.py:3036} INFO - Sync 1 DAGs
[2025-07-22T17:59:08.772+0000] {logging_mixin.py:188} INFO - [2025-07-22T17:59:08.771+0000] {dag.py:3823} INFO - Setting next_dagrun for example_branch_labels to 2025-07-21 00:00:00+00:00, run_after=2025-07-22 00:00:00+00:00
[2025-07-22T17:59:08.802+0000] {processor.py:183} INFO - Processing /home/airflow/.local/lib/python3.8/site-packages/airflow/example_dags/example_branch_labels.py took 0.116 seconds
[2025-07-22T17:59:39.079+0000] {processor.py:161} INFO - Started process (PID=606) to work on /home/airflow/.local/lib/python3.8/site-packages/airflow/example_dags/example_branch_labels.py
[2025-07-22T17:59:39.081+0000] {processor.py:830} INFO - Processing file /home/airflow/.local/lib/python3.8/site-packages/airflow/example_dags/example_branch_labels.py for tasks to queue
[2025-07-22T17:59:39.085+0000] {logging_mixin.py:188} INFO - [2025-07-22T17:59:39.084+0000] {dagbag.py:538} INFO - Filling up the DagBag from /home/airflow/.local/lib/python3.8/site-packages/airflow/example_dags/example_branch_labels.py
[2025-07-22T17:59:39.095+0000] {processor.py:840} INFO - DAG(s) 'example_branch_labels' retrieved from /home/airflow/.local/lib/python3.8/site-packages/airflow/example_dags/example_branch_labels.py
[2025-07-22T17:59:39.128+0000] {logging_mixin.py:188} INFO - [2025-07-22T17:59:39.127+0000] {dag.py:3036} INFO - Sync 1 DAGs
[2025-07-22T17:59:39.157+0000] {logging_mixin.py:188} INFO - [2025-07-22T17:59:39.156+0000] {dag.py:3823} INFO - Setting next_dagrun for example_branch_labels to 2025-07-21 00:00:00+00:00, run_after=2025-07-22 00:00:00+00:00
[2025-07-22T17:59:39.186+0000] {processor.py:183} INFO - Processing /home/airflow/.local/lib/python3.8/site-packages/airflow/example_dags/example_branch_labels.py took 0.111 seconds
[2025-07-22T18:00:09.622+0000] {processor.py:161} INFO - Started process (PID=664) to work on /home/airflow/.local/lib/python3.8/site-packages/airflow/example_dags/example_branch_labels.py
[2025-07-22T18:00:09.624+0000] {processor.py:830} INFO - Processing file /home/airflow/.local/lib/python3.8/site-packages/airflow/example_dags/example_branch_labels.py for tasks to queue
[2025-07-22T18:00:09.627+0000] {logging_mixin.py:188} INFO - [2025-07-22T18:00:09.627+0000] {dagbag.py:538} INFO - Filling up the DagBag from /home/airflow/.local/lib/python3.8/site-packages/airflow/example_dags/example_branch_labels.py
[2025-07-22T18:00:09.637+0000] {processor.py:840} INFO - DAG(s) 'example_branch_labels' retrieved from /home/airflow/.local/lib/python3.8/site-packages/airflow/example_dags/example_branch_labels.py
[2025-07-22T18:00:09.674+0000] {logging_mixin.py:188} INFO - [2025-07-22T18:00:09.674+0000] {dag.py:3036} INFO - Sync 1 DAGs
[2025-07-22T18:00:09.730+0000] {logging_mixin.py:188} INFO - [2025-07-22T18:00:09.729+0000] {dag.py:3823} INFO - Setting next_dagrun for example_branch_labels to 2025-07-21 00:00:00+00:00, run_after=2025-07-22 00:00:00+00:00
[2025-07-22T18:00:09.764+0000] {processor.py:183} INFO - Processing /home/airflow/.local/lib/python3.8/site-packages/airflow/example_dags/example_branch_labels.py took 0.145 seconds
[2025-07-22T18:00:39.962+0000] {processor.py:161} INFO - Started process (PID=721) to work on /home/airflow/.local/lib/python3.8/site-packages/airflow/example_dags/example_branch_labels.py
[2025-07-22T18:00:39.965+0000] {processor.py:830} INFO - Processing file /home/airflow/.local/lib/python3.8/site-packages/airflow/example_dags/example_branch_labels.py for tasks to queue
[2025-07-22T18:00:39.969+0000] {logging_mixin.py:188} INFO - [2025-07-22T18:00:39.968+0000] {dagbag.py:538} INFO - Filling up the DagBag from /home/airflow/.local/lib/python3.8/site-packages/airflow/example_dags/example_branch_labels.py
[2025-07-22T18:00:39.987+0000] {processor.py:840} INFO - DAG(s) 'example_branch_labels' retrieved from /home/airflow/.local/lib/python3.8/site-packages/airflow/example_dags/example_branch_labels.py
[2025-07-22T18:00:40.026+0000] {logging_mixin.py:188} INFO - [2025-07-22T18:00:40.026+0000] {dag.py:3036} INFO - Sync 1 DAGs
[2025-07-22T18:00:40.067+0000] {logging_mixin.py:188} INFO - [2025-07-22T18:00:40.066+0000] {dag.py:3823} INFO - Setting next_dagrun for example_branch_labels to 2025-07-21 00:00:00+00:00, run_after=2025-07-22 00:00:00+00:00
[2025-07-22T18:00:40.104+0000] {processor.py:183} INFO - Processing /home/airflow/.local/lib/python3.8/site-packages/airflow/example_dags/example_branch_labels.py took 0.151 seconds
