[2025-07-22T17:55:11.989+0000] {processor.py:161} INFO - Started process (PID=126) to work on /home/airflow/.local/lib/python3.8/site-packages/airflow/example_dags/example_external_task_marker_dag.py
[2025-07-22T17:55:11.992+0000] {processor.py:830} INFO - Processing file /home/airflow/.local/lib/python3.8/site-packages/airflow/example_dags/example_external_task_marker_dag.py for tasks to queue
[2025-07-22T17:55:11.997+0000] {logging_mixin.py:188} INFO - [2025-07-22T17:55:11.997+0000] {dagbag.py:538} INFO - Filling up the DagBag from /home/airflow/.local/lib/python3.8/site-packages/airflow/example_dags/example_external_task_marker_dag.py
[2025-07-22T17:55:12.012+0000] {processor.py:840} INFO - DAG(s) 'example_external_task_marker_parent', 'example_external_task_marker_child' retrieved from /home/airflow/.local/lib/python3.8/site-packages/airflow/example_dags/example_external_task_marker_dag.py
[2025-07-22T17:55:12.089+0000] {logging_mixin.py:188} INFO - [2025-07-22T17:55:12.089+0000] {dag.py:3036} INFO - Sync 2 DAGs
[2025-07-22T17:55:12.135+0000] {logging_mixin.py:188} INFO - [2025-07-22T17:55:12.134+0000] {dag.py:3823} INFO - Setting next_dagrun for example_external_task_marker_child to None, run_after=None
[2025-07-22T17:55:12.147+0000] {logging_mixin.py:188} INFO - [2025-07-22T17:55:12.146+0000] {dag.py:3823} INFO - Setting next_dagrun for example_external_task_marker_parent to None, run_after=None
[2025-07-22T17:55:12.205+0000] {processor.py:183} INFO - Processing /home/airflow/.local/lib/python3.8/site-packages/airflow/example_dags/example_external_task_marker_dag.py took 0.223 seconds
[2025-07-22T17:55:42.315+0000] {processor.py:161} INFO - Started process (PID=188) to work on /home/airflow/.local/lib/python3.8/site-packages/airflow/example_dags/example_external_task_marker_dag.py
[2025-07-22T17:55:42.317+0000] {processor.py:830} INFO - Processing file /home/airflow/.local/lib/python3.8/site-packages/airflow/example_dags/example_external_task_marker_dag.py for tasks to queue
[2025-07-22T17:55:42.321+0000] {logging_mixin.py:188} INFO - [2025-07-22T17:55:42.320+0000] {dagbag.py:538} INFO - Filling up the DagBag from /home/airflow/.local/lib/python3.8/site-packages/airflow/example_dags/example_external_task_marker_dag.py
[2025-07-22T17:55:42.332+0000] {processor.py:840} INFO - DAG(s) 'example_external_task_marker_child', 'example_external_task_marker_parent' retrieved from /home/airflow/.local/lib/python3.8/site-packages/airflow/example_dags/example_external_task_marker_dag.py
[2025-07-22T17:55:42.357+0000] {logging_mixin.py:188} INFO - [2025-07-22T17:55:42.357+0000] {dag.py:3036} INFO - Sync 2 DAGs
[2025-07-22T17:55:42.384+0000] {logging_mixin.py:188} INFO - [2025-07-22T17:55:42.384+0000] {dag.py:3823} INFO - Setting next_dagrun for example_external_task_marker_child to None, run_after=None
[2025-07-22T17:55:42.392+0000] {logging_mixin.py:188} INFO - [2025-07-22T17:55:42.391+0000] {dag.py:3823} INFO - Setting next_dagrun for example_external_task_marker_parent to None, run_after=None
[2025-07-22T17:55:42.432+0000] {processor.py:183} INFO - Processing /home/airflow/.local/lib/python3.8/site-packages/airflow/example_dags/example_external_task_marker_dag.py took 0.122 seconds
[2025-07-22T17:56:12.894+0000] {processor.py:161} INFO - Started process (PID=245) to work on /home/airflow/.local/lib/python3.8/site-packages/airflow/example_dags/example_external_task_marker_dag.py
[2025-07-22T17:56:12.896+0000] {processor.py:830} INFO - Processing file /home/airflow/.local/lib/python3.8/site-packages/airflow/example_dags/example_external_task_marker_dag.py for tasks to queue
[2025-07-22T17:56:12.900+0000] {logging_mixin.py:188} INFO - [2025-07-22T17:56:12.899+0000] {dagbag.py:538} INFO - Filling up the DagBag from /home/airflow/.local/lib/python3.8/site-packages/airflow/example_dags/example_external_task_marker_dag.py
[2025-07-22T17:56:12.911+0000] {processor.py:840} INFO - DAG(s) 'example_external_task_marker_child', 'example_external_task_marker_parent' retrieved from /home/airflow/.local/lib/python3.8/site-packages/airflow/example_dags/example_external_task_marker_dag.py
[2025-07-22T17:56:13.058+0000] {logging_mixin.py:188} INFO - [2025-07-22T17:56:13.058+0000] {dag.py:3036} INFO - Sync 2 DAGs
[2025-07-22T17:56:13.072+0000] {logging_mixin.py:188} INFO - [2025-07-22T17:56:13.071+0000] {dag.py:3823} INFO - Setting next_dagrun for example_external_task_marker_child to None, run_after=None
[2025-07-22T17:56:13.077+0000] {logging_mixin.py:188} INFO - [2025-07-22T17:56:13.077+0000] {dag.py:3823} INFO - Setting next_dagrun for example_external_task_marker_parent to None, run_after=None
[2025-07-22T17:56:13.105+0000] {processor.py:183} INFO - Processing /home/airflow/.local/lib/python3.8/site-packages/airflow/example_dags/example_external_task_marker_dag.py took 0.217 seconds
[2025-07-22T17:56:43.667+0000] {processor.py:161} INFO - Started process (PID=302) to work on /home/airflow/.local/lib/python3.8/site-packages/airflow/example_dags/example_external_task_marker_dag.py
[2025-07-22T17:56:43.670+0000] {processor.py:830} INFO - Processing file /home/airflow/.local/lib/python3.8/site-packages/airflow/example_dags/example_external_task_marker_dag.py for tasks to queue
[2025-07-22T17:56:43.677+0000] {logging_mixin.py:188} INFO - [2025-07-22T17:56:43.675+0000] {dagbag.py:538} INFO - Filling up the DagBag from /home/airflow/.local/lib/python3.8/site-packages/airflow/example_dags/example_external_task_marker_dag.py
[2025-07-22T17:56:43.694+0000] {processor.py:840} INFO - DAG(s) 'example_external_task_marker_child', 'example_external_task_marker_parent' retrieved from /home/airflow/.local/lib/python3.8/site-packages/airflow/example_dags/example_external_task_marker_dag.py
[2025-07-22T17:56:43.770+0000] {logging_mixin.py:188} INFO - [2025-07-22T17:56:43.769+0000] {dag.py:3036} INFO - Sync 2 DAGs
[2025-07-22T17:56:43.810+0000] {logging_mixin.py:188} INFO - [2025-07-22T17:56:43.810+0000] {dag.py:3823} INFO - Setting next_dagrun for example_external_task_marker_child to None, run_after=None
[2025-07-22T17:56:43.817+0000] {logging_mixin.py:188} INFO - [2025-07-22T17:56:43.817+0000] {dag.py:3823} INFO - Setting next_dagrun for example_external_task_marker_parent to None, run_after=None
[2025-07-22T17:56:43.857+0000] {processor.py:183} INFO - Processing /home/airflow/.local/lib/python3.8/site-packages/airflow/example_dags/example_external_task_marker_dag.py took 0.199 seconds
[2025-07-22T17:57:14.488+0000] {processor.py:161} INFO - Started process (PID=359) to work on /home/airflow/.local/lib/python3.8/site-packages/airflow/example_dags/example_external_task_marker_dag.py
[2025-07-22T17:57:14.489+0000] {processor.py:830} INFO - Processing file /home/airflow/.local/lib/python3.8/site-packages/airflow/example_dags/example_external_task_marker_dag.py for tasks to queue
[2025-07-22T17:57:14.492+0000] {logging_mixin.py:188} INFO - [2025-07-22T17:57:14.492+0000] {dagbag.py:538} INFO - Filling up the DagBag from /home/airflow/.local/lib/python3.8/site-packages/airflow/example_dags/example_external_task_marker_dag.py
[2025-07-22T17:57:14.500+0000] {processor.py:840} INFO - DAG(s) 'example_external_task_marker_parent', 'example_external_task_marker_child' retrieved from /home/airflow/.local/lib/python3.8/site-packages/airflow/example_dags/example_external_task_marker_dag.py
[2025-07-22T17:57:14.531+0000] {logging_mixin.py:188} INFO - [2025-07-22T17:57:14.530+0000] {dag.py:3036} INFO - Sync 2 DAGs
[2025-07-22T17:57:14.546+0000] {logging_mixin.py:188} INFO - [2025-07-22T17:57:14.546+0000] {dag.py:3823} INFO - Setting next_dagrun for example_external_task_marker_child to None, run_after=None
[2025-07-22T17:57:14.551+0000] {logging_mixin.py:188} INFO - [2025-07-22T17:57:14.551+0000] {dag.py:3823} INFO - Setting next_dagrun for example_external_task_marker_parent to None, run_after=None
[2025-07-22T17:57:14.579+0000] {processor.py:183} INFO - Processing /home/airflow/.local/lib/python3.8/site-packages/airflow/example_dags/example_external_task_marker_dag.py took 0.096 seconds
[2025-07-22T17:57:45.168+0000] {processor.py:161} INFO - Started process (PID=416) to work on /home/airflow/.local/lib/python3.8/site-packages/airflow/example_dags/example_external_task_marker_dag.py
[2025-07-22T17:57:45.170+0000] {processor.py:830} INFO - Processing file /home/airflow/.local/lib/python3.8/site-packages/airflow/example_dags/example_external_task_marker_dag.py for tasks to queue
[2025-07-22T17:57:45.173+0000] {logging_mixin.py:188} INFO - [2025-07-22T17:57:45.173+0000] {dagbag.py:538} INFO - Filling up the DagBag from /home/airflow/.local/lib/python3.8/site-packages/airflow/example_dags/example_external_task_marker_dag.py
[2025-07-22T17:57:45.182+0000] {processor.py:840} INFO - DAG(s) 'example_external_task_marker_parent', 'example_external_task_marker_child' retrieved from /home/airflow/.local/lib/python3.8/site-packages/airflow/example_dags/example_external_task_marker_dag.py
[2025-07-22T17:57:45.212+0000] {logging_mixin.py:188} INFO - [2025-07-22T17:57:45.212+0000] {dag.py:3036} INFO - Sync 2 DAGs
[2025-07-22T17:57:45.228+0000] {logging_mixin.py:188} INFO - [2025-07-22T17:57:45.228+0000] {dag.py:3823} INFO - Setting next_dagrun for example_external_task_marker_child to None, run_after=None
[2025-07-22T17:57:45.235+0000] {logging_mixin.py:188} INFO - [2025-07-22T17:57:45.235+0000] {dag.py:3823} INFO - Setting next_dagrun for example_external_task_marker_parent to None, run_after=None
[2025-07-22T17:57:45.262+0000] {processor.py:183} INFO - Processing /home/airflow/.local/lib/python3.8/site-packages/airflow/example_dags/example_external_task_marker_dag.py took 0.099 seconds
[2025-07-22T17:58:15.374+0000] {processor.py:161} INFO - Started process (PID=473) to work on /home/airflow/.local/lib/python3.8/site-packages/airflow/example_dags/example_external_task_marker_dag.py
[2025-07-22T17:58:15.376+0000] {processor.py:830} INFO - Processing file /home/airflow/.local/lib/python3.8/site-packages/airflow/example_dags/example_external_task_marker_dag.py for tasks to queue
[2025-07-22T17:58:15.380+0000] {logging_mixin.py:188} INFO - [2025-07-22T17:58:15.379+0000] {dagbag.py:538} INFO - Filling up the DagBag from /home/airflow/.local/lib/python3.8/site-packages/airflow/example_dags/example_external_task_marker_dag.py
[2025-07-22T17:58:15.389+0000] {processor.py:840} INFO - DAG(s) 'example_external_task_marker_parent', 'example_external_task_marker_child' retrieved from /home/airflow/.local/lib/python3.8/site-packages/airflow/example_dags/example_external_task_marker_dag.py
[2025-07-22T17:58:15.419+0000] {logging_mixin.py:188} INFO - [2025-07-22T17:58:15.419+0000] {dag.py:3036} INFO - Sync 2 DAGs
[2025-07-22T17:58:15.435+0000] {logging_mixin.py:188} INFO - [2025-07-22T17:58:15.434+0000] {dag.py:3823} INFO - Setting next_dagrun for example_external_task_marker_child to None, run_after=None
[2025-07-22T17:58:15.440+0000] {logging_mixin.py:188} INFO - [2025-07-22T17:58:15.440+0000] {dag.py:3823} INFO - Setting next_dagrun for example_external_task_marker_parent to None, run_after=None
[2025-07-22T17:58:15.468+0000] {processor.py:183} INFO - Processing /home/airflow/.local/lib/python3.8/site-packages/airflow/example_dags/example_external_task_marker_dag.py took 0.099 seconds
[2025-07-22T17:58:46.132+0000] {processor.py:161} INFO - Started process (PID=530) to work on /home/airflow/.local/lib/python3.8/site-packages/airflow/example_dags/example_external_task_marker_dag.py
[2025-07-22T17:58:46.133+0000] {processor.py:830} INFO - Processing file /home/airflow/.local/lib/python3.8/site-packages/airflow/example_dags/example_external_task_marker_dag.py for tasks to queue
[2025-07-22T17:58:46.136+0000] {logging_mixin.py:188} INFO - [2025-07-22T17:58:46.136+0000] {dagbag.py:538} INFO - Filling up the DagBag from /home/airflow/.local/lib/python3.8/site-packages/airflow/example_dags/example_external_task_marker_dag.py
[2025-07-22T17:58:46.148+0000] {processor.py:840} INFO - DAG(s) 'example_external_task_marker_parent', 'example_external_task_marker_child' retrieved from /home/airflow/.local/lib/python3.8/site-packages/airflow/example_dags/example_external_task_marker_dag.py
[2025-07-22T17:58:46.185+0000] {logging_mixin.py:188} INFO - [2025-07-22T17:58:46.185+0000] {dag.py:3036} INFO - Sync 2 DAGs
[2025-07-22T17:58:46.203+0000] {logging_mixin.py:188} INFO - [2025-07-22T17:58:46.203+0000] {dag.py:3823} INFO - Setting next_dagrun for example_external_task_marker_child to None, run_after=None
[2025-07-22T17:58:46.208+0000] {logging_mixin.py:188} INFO - [2025-07-22T17:58:46.208+0000] {dag.py:3823} INFO - Setting next_dagrun for example_external_task_marker_parent to None, run_after=None
[2025-07-22T17:58:46.238+0000] {processor.py:183} INFO - Processing /home/airflow/.local/lib/python3.8/site-packages/airflow/example_dags/example_external_task_marker_dag.py took 0.110 seconds
[2025-07-22T17:59:16.433+0000] {processor.py:161} INFO - Started process (PID=587) to work on /home/airflow/.local/lib/python3.8/site-packages/airflow/example_dags/example_external_task_marker_dag.py
[2025-07-22T17:59:16.434+0000] {processor.py:830} INFO - Processing file /home/airflow/.local/lib/python3.8/site-packages/airflow/example_dags/example_external_task_marker_dag.py for tasks to queue
[2025-07-22T17:59:16.437+0000] {logging_mixin.py:188} INFO - [2025-07-22T17:59:16.437+0000] {dagbag.py:538} INFO - Filling up the DagBag from /home/airflow/.local/lib/python3.8/site-packages/airflow/example_dags/example_external_task_marker_dag.py
[2025-07-22T17:59:16.446+0000] {processor.py:840} INFO - DAG(s) 'example_external_task_marker_child', 'example_external_task_marker_parent' retrieved from /home/airflow/.local/lib/python3.8/site-packages/airflow/example_dags/example_external_task_marker_dag.py
[2025-07-22T17:59:16.482+0000] {logging_mixin.py:188} INFO - [2025-07-22T17:59:16.482+0000] {dag.py:3036} INFO - Sync 2 DAGs
[2025-07-22T17:59:16.500+0000] {logging_mixin.py:188} INFO - [2025-07-22T17:59:16.500+0000] {dag.py:3823} INFO - Setting next_dagrun for example_external_task_marker_child to None, run_after=None
[2025-07-22T17:59:16.507+0000] {logging_mixin.py:188} INFO - [2025-07-22T17:59:16.506+0000] {dag.py:3823} INFO - Setting next_dagrun for example_external_task_marker_parent to None, run_after=None
[2025-07-22T17:59:16.537+0000] {processor.py:183} INFO - Processing /home/airflow/.local/lib/python3.8/site-packages/airflow/example_dags/example_external_task_marker_dag.py took 0.109 seconds
[2025-07-22T17:59:46.982+0000] {processor.py:161} INFO - Started process (PID=644) to work on /home/airflow/.local/lib/python3.8/site-packages/airflow/example_dags/example_external_task_marker_dag.py
[2025-07-22T17:59:46.985+0000] {processor.py:830} INFO - Processing file /home/airflow/.local/lib/python3.8/site-packages/airflow/example_dags/example_external_task_marker_dag.py for tasks to queue
[2025-07-22T17:59:46.988+0000] {logging_mixin.py:188} INFO - [2025-07-22T17:59:46.988+0000] {dagbag.py:538} INFO - Filling up the DagBag from /home/airflow/.local/lib/python3.8/site-packages/airflow/example_dags/example_external_task_marker_dag.py
[2025-07-22T17:59:47.004+0000] {processor.py:840} INFO - DAG(s) 'example_external_task_marker_child', 'example_external_task_marker_parent' retrieved from /home/airflow/.local/lib/python3.8/site-packages/airflow/example_dags/example_external_task_marker_dag.py
[2025-07-22T17:59:47.046+0000] {logging_mixin.py:188} INFO - [2025-07-22T17:59:47.046+0000] {dag.py:3036} INFO - Sync 2 DAGs
[2025-07-22T17:59:47.063+0000] {logging_mixin.py:188} INFO - [2025-07-22T17:59:47.062+0000] {dag.py:3823} INFO - Setting next_dagrun for example_external_task_marker_child to None, run_after=None
[2025-07-22T17:59:47.068+0000] {logging_mixin.py:188} INFO - [2025-07-22T17:59:47.068+0000] {dag.py:3823} INFO - Setting next_dagrun for example_external_task_marker_parent to None, run_after=None
[2025-07-22T17:59:47.097+0000] {processor.py:183} INFO - Processing /home/airflow/.local/lib/python3.8/site-packages/airflow/example_dags/example_external_task_marker_dag.py took 0.119 seconds
[2025-07-22T18:00:17.832+0000] {processor.py:161} INFO - Started process (PID=702) to work on /home/airflow/.local/lib/python3.8/site-packages/airflow/example_dags/example_external_task_marker_dag.py
[2025-07-22T18:00:17.834+0000] {processor.py:830} INFO - Processing file /home/airflow/.local/lib/python3.8/site-packages/airflow/example_dags/example_external_task_marker_dag.py for tasks to queue
[2025-07-22T18:00:17.837+0000] {logging_mixin.py:188} INFO - [2025-07-22T18:00:17.836+0000] {dagbag.py:538} INFO - Filling up the DagBag from /home/airflow/.local/lib/python3.8/site-packages/airflow/example_dags/example_external_task_marker_dag.py
[2025-07-22T18:00:17.846+0000] {processor.py:840} INFO - DAG(s) 'example_external_task_marker_parent', 'example_external_task_marker_child' retrieved from /home/airflow/.local/lib/python3.8/site-packages/airflow/example_dags/example_external_task_marker_dag.py
[2025-07-22T18:00:17.876+0000] {logging_mixin.py:188} INFO - [2025-07-22T18:00:17.875+0000] {dag.py:3036} INFO - Sync 2 DAGs
[2025-07-22T18:00:17.891+0000] {logging_mixin.py:188} INFO - [2025-07-22T18:00:17.891+0000] {dag.py:3823} INFO - Setting next_dagrun for example_external_task_marker_child to None, run_after=None
[2025-07-22T18:00:17.897+0000] {logging_mixin.py:188} INFO - [2025-07-22T18:00:17.896+0000] {dag.py:3823} INFO - Setting next_dagrun for example_external_task_marker_parent to None, run_after=None
[2025-07-22T18:00:17.922+0000] {processor.py:183} INFO - Processing /home/airflow/.local/lib/python3.8/site-packages/airflow/example_dags/example_external_task_marker_dag.py took 0.095 seconds
