[2025-07-22T17:55:06.300+0000] {processor.py:161} INFO - Started process (PID=95) to work on /home/airflow/.local/lib/python3.8/site-packages/airflow/example_dags/example_sensors.py
[2025-07-22T17:55:06.303+0000] {processor.py:830} INFO - Processing file /home/airflow/.local/lib/python3.8/site-packages/airflow/example_dags/example_sensors.py for tasks to queue
[2025-07-22T17:55:06.306+0000] {logging_mixin.py:188} INFO - [2025-07-22T17:55:06.306+0000] {dagbag.py:538} INFO - Filling up the DagBag from /home/airflow/.local/lib/python3.8/site-packages/airflow/example_dags/example_sensors.py
[2025-07-22T17:55:06.327+0000] {processor.py:840} INFO - DAG(s) 'example_sensors' retrieved from /home/airflow/.local/lib/python3.8/site-packages/airflow/example_dags/example_sensors.py
[2025-07-22T17:55:06.387+0000] {logging_mixin.py:188} INFO - [2025-07-22T17:55:06.386+0000] {dag.py:3036} INFO - Sync 1 DAGs
[2025-07-22T17:55:06.412+0000] {logging_mixin.py:188} INFO - [2025-07-22T17:55:06.411+0000] {dag.py:3823} INFO - Setting next_dagrun for example_sensors to None, run_after=None
[2025-07-22T17:55:06.451+0000] {processor.py:183} INFO - Processing /home/airflow/.local/lib/python3.8/site-packages/airflow/example_dags/example_sensors.py took 0.157 seconds
[2025-07-22T17:55:37.128+0000] {processor.py:161} INFO - Started process (PID=161) to work on /home/airflow/.local/lib/python3.8/site-packages/airflow/example_dags/example_sensors.py
[2025-07-22T17:55:37.130+0000] {processor.py:830} INFO - Processing file /home/airflow/.local/lib/python3.8/site-packages/airflow/example_dags/example_sensors.py for tasks to queue
[2025-07-22T17:55:37.135+0000] {logging_mixin.py:188} INFO - [2025-07-22T17:55:37.134+0000] {dagbag.py:538} INFO - Filling up the DagBag from /home/airflow/.local/lib/python3.8/site-packages/airflow/example_dags/example_sensors.py
[2025-07-22T17:55:37.150+0000] {processor.py:840} INFO - DAG(s) 'example_sensors' retrieved from /home/airflow/.local/lib/python3.8/site-packages/airflow/example_dags/example_sensors.py
[2025-07-22T17:55:37.216+0000] {logging_mixin.py:188} INFO - [2025-07-22T17:55:37.216+0000] {dag.py:3036} INFO - Sync 1 DAGs
[2025-07-22T17:55:37.240+0000] {logging_mixin.py:188} INFO - [2025-07-22T17:55:37.239+0000] {dag.py:3823} INFO - Setting next_dagrun for example_sensors to None, run_after=None
[2025-07-22T17:55:37.280+0000] {processor.py:183} INFO - Processing /home/airflow/.local/lib/python3.8/site-packages/airflow/example_dags/example_sensors.py took 0.158 seconds
[2025-07-22T17:56:08.100+0000] {processor.py:161} INFO - Started process (PID=217) to work on /home/airflow/.local/lib/python3.8/site-packages/airflow/example_dags/example_sensors.py
[2025-07-22T17:56:08.102+0000] {processor.py:830} INFO - Processing file /home/airflow/.local/lib/python3.8/site-packages/airflow/example_dags/example_sensors.py for tasks to queue
[2025-07-22T17:56:08.106+0000] {logging_mixin.py:188} INFO - [2025-07-22T17:56:08.106+0000] {dagbag.py:538} INFO - Filling up the DagBag from /home/airflow/.local/lib/python3.8/site-packages/airflow/example_dags/example_sensors.py
[2025-07-22T17:56:08.120+0000] {processor.py:840} INFO - DAG(s) 'example_sensors' retrieved from /home/airflow/.local/lib/python3.8/site-packages/airflow/example_dags/example_sensors.py
[2025-07-22T17:56:08.139+0000] {logging_mixin.py:188} INFO - [2025-07-22T17:56:08.139+0000] {dag.py:3036} INFO - Sync 1 DAGs
[2025-07-22T17:56:08.157+0000] {logging_mixin.py:188} INFO - [2025-07-22T17:56:08.157+0000] {dag.py:3823} INFO - Setting next_dagrun for example_sensors to None, run_after=None
[2025-07-22T17:56:08.193+0000] {processor.py:183} INFO - Processing /home/airflow/.local/lib/python3.8/site-packages/airflow/example_dags/example_sensors.py took 0.098 seconds
[2025-07-22T17:56:39.017+0000] {processor.py:161} INFO - Started process (PID=274) to work on /home/airflow/.local/lib/python3.8/site-packages/airflow/example_dags/example_sensors.py
[2025-07-22T17:56:39.022+0000] {processor.py:830} INFO - Processing file /home/airflow/.local/lib/python3.8/site-packages/airflow/example_dags/example_sensors.py for tasks to queue
[2025-07-22T17:56:39.029+0000] {logging_mixin.py:188} INFO - [2025-07-22T17:56:39.028+0000] {dagbag.py:538} INFO - Filling up the DagBag from /home/airflow/.local/lib/python3.8/site-packages/airflow/example_dags/example_sensors.py
[2025-07-22T17:56:39.052+0000] {processor.py:840} INFO - DAG(s) 'example_sensors' retrieved from /home/airflow/.local/lib/python3.8/site-packages/airflow/example_dags/example_sensors.py
[2025-07-22T17:56:39.217+0000] {logging_mixin.py:188} INFO - [2025-07-22T17:56:39.217+0000] {dag.py:3036} INFO - Sync 1 DAGs
[2025-07-22T17:56:39.234+0000] {logging_mixin.py:188} INFO - [2025-07-22T17:56:39.233+0000] {dag.py:3823} INFO - Setting next_dagrun for example_sensors to None, run_after=None
[2025-07-22T17:56:39.272+0000] {processor.py:183} INFO - Processing /home/airflow/.local/lib/python3.8/site-packages/airflow/example_dags/example_sensors.py took 0.268 seconds
[2025-07-22T17:57:09.499+0000] {processor.py:161} INFO - Started process (PID=331) to work on /home/airflow/.local/lib/python3.8/site-packages/airflow/example_dags/example_sensors.py
[2025-07-22T17:57:09.500+0000] {processor.py:830} INFO - Processing file /home/airflow/.local/lib/python3.8/site-packages/airflow/example_dags/example_sensors.py for tasks to queue
[2025-07-22T17:57:09.504+0000] {logging_mixin.py:188} INFO - [2025-07-22T17:57:09.503+0000] {dagbag.py:538} INFO - Filling up the DagBag from /home/airflow/.local/lib/python3.8/site-packages/airflow/example_dags/example_sensors.py
[2025-07-22T17:57:09.517+0000] {processor.py:840} INFO - DAG(s) 'example_sensors' retrieved from /home/airflow/.local/lib/python3.8/site-packages/airflow/example_dags/example_sensors.py
[2025-07-22T17:57:09.550+0000] {logging_mixin.py:188} INFO - [2025-07-22T17:57:09.549+0000] {dag.py:3036} INFO - Sync 1 DAGs
[2025-07-22T17:57:09.566+0000] {logging_mixin.py:188} INFO - [2025-07-22T17:57:09.566+0000] {dag.py:3823} INFO - Setting next_dagrun for example_sensors to None, run_after=None
[2025-07-22T17:57:09.593+0000] {processor.py:183} INFO - Processing /home/airflow/.local/lib/python3.8/site-packages/airflow/example_dags/example_sensors.py took 0.100 seconds
[2025-07-22T17:57:40.125+0000] {processor.py:161} INFO - Started process (PID=388) to work on /home/airflow/.local/lib/python3.8/site-packages/airflow/example_dags/example_sensors.py
[2025-07-22T17:57:40.127+0000] {processor.py:830} INFO - Processing file /home/airflow/.local/lib/python3.8/site-packages/airflow/example_dags/example_sensors.py for tasks to queue
[2025-07-22T17:57:40.129+0000] {logging_mixin.py:188} INFO - [2025-07-22T17:57:40.129+0000] {dagbag.py:538} INFO - Filling up the DagBag from /home/airflow/.local/lib/python3.8/site-packages/airflow/example_dags/example_sensors.py
[2025-07-22T17:57:40.141+0000] {processor.py:840} INFO - DAG(s) 'example_sensors' retrieved from /home/airflow/.local/lib/python3.8/site-packages/airflow/example_dags/example_sensors.py
[2025-07-22T17:57:40.176+0000] {logging_mixin.py:188} INFO - [2025-07-22T17:57:40.175+0000] {dag.py:3036} INFO - Sync 1 DAGs
[2025-07-22T17:57:40.194+0000] {logging_mixin.py:188} INFO - [2025-07-22T17:57:40.194+0000] {dag.py:3823} INFO - Setting next_dagrun for example_sensors to None, run_after=None
[2025-07-22T17:57:40.234+0000] {processor.py:183} INFO - Processing /home/airflow/.local/lib/python3.8/site-packages/airflow/example_dags/example_sensors.py took 0.113 seconds
[2025-07-22T17:58:10.357+0000] {processor.py:161} INFO - Started process (PID=445) to work on /home/airflow/.local/lib/python3.8/site-packages/airflow/example_dags/example_sensors.py
[2025-07-22T17:58:10.359+0000] {processor.py:830} INFO - Processing file /home/airflow/.local/lib/python3.8/site-packages/airflow/example_dags/example_sensors.py for tasks to queue
[2025-07-22T17:58:10.362+0000] {logging_mixin.py:188} INFO - [2025-07-22T17:58:10.361+0000] {dagbag.py:538} INFO - Filling up the DagBag from /home/airflow/.local/lib/python3.8/site-packages/airflow/example_dags/example_sensors.py
[2025-07-22T17:58:10.373+0000] {processor.py:840} INFO - DAG(s) 'example_sensors' retrieved from /home/airflow/.local/lib/python3.8/site-packages/airflow/example_dags/example_sensors.py
[2025-07-22T17:58:10.404+0000] {logging_mixin.py:188} INFO - [2025-07-22T17:58:10.404+0000] {dag.py:3036} INFO - Sync 1 DAGs
[2025-07-22T17:58:10.419+0000] {logging_mixin.py:188} INFO - [2025-07-22T17:58:10.419+0000] {dag.py:3823} INFO - Setting next_dagrun for example_sensors to None, run_after=None
[2025-07-22T17:58:10.445+0000] {processor.py:183} INFO - Processing /home/airflow/.local/lib/python3.8/site-packages/airflow/example_dags/example_sensors.py took 0.093 seconds
[2025-07-22T17:58:41.002+0000] {processor.py:161} INFO - Started process (PID=502) to work on /home/airflow/.local/lib/python3.8/site-packages/airflow/example_dags/example_sensors.py
[2025-07-22T17:58:41.003+0000] {processor.py:830} INFO - Processing file /home/airflow/.local/lib/python3.8/site-packages/airflow/example_dags/example_sensors.py for tasks to queue
[2025-07-22T17:58:41.007+0000] {logging_mixin.py:188} INFO - [2025-07-22T17:58:41.006+0000] {dagbag.py:538} INFO - Filling up the DagBag from /home/airflow/.local/lib/python3.8/site-packages/airflow/example_dags/example_sensors.py
[2025-07-22T17:58:41.019+0000] {processor.py:840} INFO - DAG(s) 'example_sensors' retrieved from /home/airflow/.local/lib/python3.8/site-packages/airflow/example_dags/example_sensors.py
[2025-07-22T17:58:41.058+0000] {logging_mixin.py:188} INFO - [2025-07-22T17:58:41.058+0000] {dag.py:3036} INFO - Sync 1 DAGs
[2025-07-22T17:58:41.074+0000] {logging_mixin.py:188} INFO - [2025-07-22T17:58:41.074+0000] {dag.py:3823} INFO - Setting next_dagrun for example_sensors to None, run_after=None
[2025-07-22T17:58:41.104+0000] {processor.py:183} INFO - Processing /home/airflow/.local/lib/python3.8/site-packages/airflow/example_dags/example_sensors.py took 0.106 seconds
[2025-07-22T17:59:11.395+0000] {processor.py:161} INFO - Started process (PID=557) to work on /home/airflow/.local/lib/python3.8/site-packages/airflow/example_dags/example_sensors.py
[2025-07-22T17:59:11.397+0000] {processor.py:830} INFO - Processing file /home/airflow/.local/lib/python3.8/site-packages/airflow/example_dags/example_sensors.py for tasks to queue
[2025-07-22T17:59:11.400+0000] {logging_mixin.py:188} INFO - [2025-07-22T17:59:11.400+0000] {dagbag.py:538} INFO - Filling up the DagBag from /home/airflow/.local/lib/python3.8/site-packages/airflow/example_dags/example_sensors.py
[2025-07-22T17:59:11.411+0000] {processor.py:840} INFO - DAG(s) 'example_sensors' retrieved from /home/airflow/.local/lib/python3.8/site-packages/airflow/example_dags/example_sensors.py
[2025-07-22T17:59:11.445+0000] {logging_mixin.py:188} INFO - [2025-07-22T17:59:11.445+0000] {dag.py:3036} INFO - Sync 1 DAGs
[2025-07-22T17:59:11.461+0000] {logging_mixin.py:188} INFO - [2025-07-22T17:59:11.460+0000] {dag.py:3823} INFO - Setting next_dagrun for example_sensors to None, run_after=None
[2025-07-22T17:59:11.488+0000] {processor.py:183} INFO - Processing /home/airflow/.local/lib/python3.8/site-packages/airflow/example_dags/example_sensors.py took 0.097 seconds
[2025-07-22T17:59:41.759+0000] {processor.py:161} INFO - Started process (PID=614) to work on /home/airflow/.local/lib/python3.8/site-packages/airflow/example_dags/example_sensors.py
[2025-07-22T17:59:41.761+0000] {processor.py:830} INFO - Processing file /home/airflow/.local/lib/python3.8/site-packages/airflow/example_dags/example_sensors.py for tasks to queue
[2025-07-22T17:59:41.764+0000] {logging_mixin.py:188} INFO - [2025-07-22T17:59:41.763+0000] {dagbag.py:538} INFO - Filling up the DagBag from /home/airflow/.local/lib/python3.8/site-packages/airflow/example_dags/example_sensors.py
[2025-07-22T17:59:41.777+0000] {processor.py:840} INFO - DAG(s) 'example_sensors' retrieved from /home/airflow/.local/lib/python3.8/site-packages/airflow/example_dags/example_sensors.py
[2025-07-22T17:59:41.811+0000] {logging_mixin.py:188} INFO - [2025-07-22T17:59:41.811+0000] {dag.py:3036} INFO - Sync 1 DAGs
[2025-07-22T17:59:41.826+0000] {logging_mixin.py:188} INFO - [2025-07-22T17:59:41.826+0000] {dag.py:3823} INFO - Setting next_dagrun for example_sensors to None, run_after=None
[2025-07-22T17:59:41.856+0000] {processor.py:183} INFO - Processing /home/airflow/.local/lib/python3.8/site-packages/airflow/example_dags/example_sensors.py took 0.102 seconds
[2025-07-22T18:00:12.319+0000] {processor.py:161} INFO - Started process (PID=672) to work on /home/airflow/.local/lib/python3.8/site-packages/airflow/example_dags/example_sensors.py
[2025-07-22T18:00:12.322+0000] {processor.py:830} INFO - Processing file /home/airflow/.local/lib/python3.8/site-packages/airflow/example_dags/example_sensors.py for tasks to queue
[2025-07-22T18:00:12.325+0000] {logging_mixin.py:188} INFO - [2025-07-22T18:00:12.325+0000] {dagbag.py:538} INFO - Filling up the DagBag from /home/airflow/.local/lib/python3.8/site-packages/airflow/example_dags/example_sensors.py
[2025-07-22T18:00:12.337+0000] {processor.py:840} INFO - DAG(s) 'example_sensors' retrieved from /home/airflow/.local/lib/python3.8/site-packages/airflow/example_dags/example_sensors.py
[2025-07-22T18:00:12.380+0000] {logging_mixin.py:188} INFO - [2025-07-22T18:00:12.379+0000] {dag.py:3036} INFO - Sync 1 DAGs
[2025-07-22T18:00:12.397+0000] {logging_mixin.py:188} INFO - [2025-07-22T18:00:12.397+0000] {dag.py:3823} INFO - Setting next_dagrun for example_sensors to None, run_after=None
[2025-07-22T18:00:12.429+0000] {processor.py:183} INFO - Processing /home/airflow/.local/lib/python3.8/site-packages/airflow/example_dags/example_sensors.py took 0.114 seconds
