[2025-07-22T17:55:07.269+0000] {processor.py:161} INFO - Started process (PID=100) to work on /home/airflow/.local/lib/python3.8/site-packages/airflow/example_dags/tutorial_dag.py
[2025-07-22T17:55:07.274+0000] {processor.py:830} INFO - Processing file /home/airflow/.local/lib/python3.8/site-packages/airflow/example_dags/tutorial_dag.py for tasks to queue
[2025-07-22T17:55:07.283+0000] {logging_mixin.py:188} INFO - [2025-07-22T17:55:07.282+0000] {dagbag.py:538} INFO - Filling up the DagBag from /home/airflow/.local/lib/python3.8/site-packages/airflow/example_dags/tutorial_dag.py
[2025-07-22T17:55:07.317+0000] {processor.py:840} INFO - DAG(s) 'tutorial_dag' retrieved from /home/airflow/.local/lib/python3.8/site-packages/airflow/example_dags/tutorial_dag.py
[2025-07-22T17:55:07.411+0000] {logging_mixin.py:188} INFO - [2025-07-22T17:55:07.410+0000] {dag.py:3036} INFO - Sync 1 DAGs
[2025-07-22T17:55:07.445+0000] {logging_mixin.py:188} INFO - [2025-07-22T17:55:07.444+0000] {dag.py:3823} INFO - Setting next_dagrun for tutorial_dag to None, run_after=None
[2025-07-22T17:55:07.510+0000] {processor.py:183} INFO - Processing /home/airflow/.local/lib/python3.8/site-packages/airflow/example_dags/tutorial_dag.py took 0.257 seconds
[2025-07-22T17:55:38.060+0000] {processor.py:161} INFO - Started process (PID=166) to work on /home/airflow/.local/lib/python3.8/site-packages/airflow/example_dags/tutorial_dag.py
[2025-07-22T17:55:38.062+0000] {processor.py:830} INFO - Processing file /home/airflow/.local/lib/python3.8/site-packages/airflow/example_dags/tutorial_dag.py for tasks to queue
[2025-07-22T17:55:38.066+0000] {logging_mixin.py:188} INFO - [2025-07-22T17:55:38.065+0000] {dagbag.py:538} INFO - Filling up the DagBag from /home/airflow/.local/lib/python3.8/site-packages/airflow/example_dags/tutorial_dag.py
[2025-07-22T17:55:38.075+0000] {processor.py:840} INFO - DAG(s) 'tutorial_dag' retrieved from /home/airflow/.local/lib/python3.8/site-packages/airflow/example_dags/tutorial_dag.py
[2025-07-22T17:55:38.114+0000] {logging_mixin.py:188} INFO - [2025-07-22T17:55:38.113+0000] {dag.py:3036} INFO - Sync 1 DAGs
[2025-07-22T17:55:38.136+0000] {logging_mixin.py:188} INFO - [2025-07-22T17:55:38.135+0000] {dag.py:3823} INFO - Setting next_dagrun for tutorial_dag to None, run_after=None
[2025-07-22T17:55:38.172+0000] {processor.py:183} INFO - Processing /home/airflow/.local/lib/python3.8/site-packages/airflow/example_dags/tutorial_dag.py took 0.118 seconds
[2025-07-22T17:56:08.665+0000] {processor.py:161} INFO - Started process (PID=222) to work on /home/airflow/.local/lib/python3.8/site-packages/airflow/example_dags/tutorial_dag.py
[2025-07-22T17:56:08.666+0000] {processor.py:830} INFO - Processing file /home/airflow/.local/lib/python3.8/site-packages/airflow/example_dags/tutorial_dag.py for tasks to queue
[2025-07-22T17:56:08.669+0000] {logging_mixin.py:188} INFO - [2025-07-22T17:56:08.669+0000] {dagbag.py:538} INFO - Filling up the DagBag from /home/airflow/.local/lib/python3.8/site-packages/airflow/example_dags/tutorial_dag.py
[2025-07-22T17:56:08.677+0000] {processor.py:840} INFO - DAG(s) 'tutorial_dag' retrieved from /home/airflow/.local/lib/python3.8/site-packages/airflow/example_dags/tutorial_dag.py
[2025-07-22T17:56:08.695+0000] {logging_mixin.py:188} INFO - [2025-07-22T17:56:08.694+0000] {dag.py:3036} INFO - Sync 1 DAGs
[2025-07-22T17:56:08.710+0000] {logging_mixin.py:188} INFO - [2025-07-22T17:56:08.710+0000] {dag.py:3823} INFO - Setting next_dagrun for tutorial_dag to None, run_after=None
[2025-07-22T17:56:08.737+0000] {processor.py:183} INFO - Processing /home/airflow/.local/lib/python3.8/site-packages/airflow/example_dags/tutorial_dag.py took 0.077 seconds
[2025-07-22T17:56:40.034+0000] {processor.py:161} INFO - Started process (PID=279) to work on /home/airflow/.local/lib/python3.8/site-packages/airflow/example_dags/tutorial_dag.py
[2025-07-22T17:56:40.036+0000] {processor.py:830} INFO - Processing file /home/airflow/.local/lib/python3.8/site-packages/airflow/example_dags/tutorial_dag.py for tasks to queue
[2025-07-22T17:56:40.039+0000] {logging_mixin.py:188} INFO - [2025-07-22T17:56:40.039+0000] {dagbag.py:538} INFO - Filling up the DagBag from /home/airflow/.local/lib/python3.8/site-packages/airflow/example_dags/tutorial_dag.py
[2025-07-22T17:56:40.049+0000] {processor.py:840} INFO - DAG(s) 'tutorial_dag' retrieved from /home/airflow/.local/lib/python3.8/site-packages/airflow/example_dags/tutorial_dag.py
[2025-07-22T17:56:40.210+0000] {logging_mixin.py:188} INFO - [2025-07-22T17:56:40.210+0000] {dag.py:3036} INFO - Sync 1 DAGs
[2025-07-22T17:56:40.229+0000] {logging_mixin.py:188} INFO - [2025-07-22T17:56:40.228+0000] {dag.py:3823} INFO - Setting next_dagrun for tutorial_dag to None, run_after=None
[2025-07-22T17:56:40.269+0000] {processor.py:183} INFO - Processing /home/airflow/.local/lib/python3.8/site-packages/airflow/example_dags/tutorial_dag.py took 0.241 seconds
[2025-07-22T17:57:10.808+0000] {processor.py:161} INFO - Started process (PID=336) to work on /home/airflow/.local/lib/python3.8/site-packages/airflow/example_dags/tutorial_dag.py
[2025-07-22T17:57:10.809+0000] {processor.py:830} INFO - Processing file /home/airflow/.local/lib/python3.8/site-packages/airflow/example_dags/tutorial_dag.py for tasks to queue
[2025-07-22T17:57:10.813+0000] {logging_mixin.py:188} INFO - [2025-07-22T17:57:10.812+0000] {dagbag.py:538} INFO - Filling up the DagBag from /home/airflow/.local/lib/python3.8/site-packages/airflow/example_dags/tutorial_dag.py
[2025-07-22T17:57:10.821+0000] {processor.py:840} INFO - DAG(s) 'tutorial_dag' retrieved from /home/airflow/.local/lib/python3.8/site-packages/airflow/example_dags/tutorial_dag.py
[2025-07-22T17:57:10.851+0000] {logging_mixin.py:188} INFO - [2025-07-22T17:57:10.850+0000] {dag.py:3036} INFO - Sync 1 DAGs
[2025-07-22T17:57:10.867+0000] {logging_mixin.py:188} INFO - [2025-07-22T17:57:10.867+0000] {dag.py:3823} INFO - Setting next_dagrun for tutorial_dag to None, run_after=None
[2025-07-22T17:57:10.897+0000] {processor.py:183} INFO - Processing /home/airflow/.local/lib/python3.8/site-packages/airflow/example_dags/tutorial_dag.py took 0.094 seconds
[2025-07-22T17:57:41.687+0000] {processor.py:161} INFO - Started process (PID=394) to work on /home/airflow/.local/lib/python3.8/site-packages/airflow/example_dags/tutorial_dag.py
[2025-07-22T17:57:41.689+0000] {processor.py:830} INFO - Processing file /home/airflow/.local/lib/python3.8/site-packages/airflow/example_dags/tutorial_dag.py for tasks to queue
[2025-07-22T17:57:41.692+0000] {logging_mixin.py:188} INFO - [2025-07-22T17:57:41.692+0000] {dagbag.py:538} INFO - Filling up the DagBag from /home/airflow/.local/lib/python3.8/site-packages/airflow/example_dags/tutorial_dag.py
[2025-07-22T17:57:41.702+0000] {processor.py:840} INFO - DAG(s) 'tutorial_dag' retrieved from /home/airflow/.local/lib/python3.8/site-packages/airflow/example_dags/tutorial_dag.py
[2025-07-22T17:57:41.741+0000] {logging_mixin.py:188} INFO - [2025-07-22T17:57:41.740+0000] {dag.py:3036} INFO - Sync 1 DAGs
[2025-07-22T17:57:41.759+0000] {logging_mixin.py:188} INFO - [2025-07-22T17:57:41.758+0000] {dag.py:3823} INFO - Setting next_dagrun for tutorial_dag to None, run_after=None
[2025-07-22T17:57:41.788+0000] {processor.py:183} INFO - Processing /home/airflow/.local/lib/python3.8/site-packages/airflow/example_dags/tutorial_dag.py took 0.107 seconds
[2025-07-22T17:58:12.017+0000] {processor.py:161} INFO - Started process (PID=451) to work on /home/airflow/.local/lib/python3.8/site-packages/airflow/example_dags/tutorial_dag.py
[2025-07-22T17:58:12.019+0000] {processor.py:830} INFO - Processing file /home/airflow/.local/lib/python3.8/site-packages/airflow/example_dags/tutorial_dag.py for tasks to queue
[2025-07-22T17:58:12.025+0000] {logging_mixin.py:188} INFO - [2025-07-22T17:58:12.024+0000] {dagbag.py:538} INFO - Filling up the DagBag from /home/airflow/.local/lib/python3.8/site-packages/airflow/example_dags/tutorial_dag.py
[2025-07-22T17:58:12.040+0000] {processor.py:840} INFO - DAG(s) 'tutorial_dag' retrieved from /home/airflow/.local/lib/python3.8/site-packages/airflow/example_dags/tutorial_dag.py
[2025-07-22T17:58:12.077+0000] {logging_mixin.py:188} INFO - [2025-07-22T17:58:12.077+0000] {dag.py:3036} INFO - Sync 1 DAGs
[2025-07-22T17:58:12.092+0000] {logging_mixin.py:188} INFO - [2025-07-22T17:58:12.091+0000] {dag.py:3823} INFO - Setting next_dagrun for tutorial_dag to None, run_after=None
[2025-07-22T17:58:12.120+0000] {processor.py:183} INFO - Processing /home/airflow/.local/lib/python3.8/site-packages/airflow/example_dags/tutorial_dag.py took 0.108 seconds
[2025-07-22T17:58:42.694+0000] {processor.py:161} INFO - Started process (PID=508) to work on /home/airflow/.local/lib/python3.8/site-packages/airflow/example_dags/tutorial_dag.py
[2025-07-22T17:58:42.696+0000] {processor.py:830} INFO - Processing file /home/airflow/.local/lib/python3.8/site-packages/airflow/example_dags/tutorial_dag.py for tasks to queue
[2025-07-22T17:58:42.703+0000] {logging_mixin.py:188} INFO - [2025-07-22T17:58:42.702+0000] {dagbag.py:538} INFO - Filling up the DagBag from /home/airflow/.local/lib/python3.8/site-packages/airflow/example_dags/tutorial_dag.py
[2025-07-22T17:58:42.711+0000] {processor.py:840} INFO - DAG(s) 'tutorial_dag' retrieved from /home/airflow/.local/lib/python3.8/site-packages/airflow/example_dags/tutorial_dag.py
[2025-07-22T17:58:42.745+0000] {logging_mixin.py:188} INFO - [2025-07-22T17:58:42.744+0000] {dag.py:3036} INFO - Sync 1 DAGs
[2025-07-22T17:58:42.768+0000] {logging_mixin.py:188} INFO - [2025-07-22T17:58:42.768+0000] {dag.py:3823} INFO - Setting next_dagrun for tutorial_dag to None, run_after=None
[2025-07-22T17:58:42.798+0000] {processor.py:183} INFO - Processing /home/airflow/.local/lib/python3.8/site-packages/airflow/example_dags/tutorial_dag.py took 0.109 seconds
[2025-07-22T17:59:13.066+0000] {processor.py:161} INFO - Started process (PID=565) to work on /home/airflow/.local/lib/python3.8/site-packages/airflow/example_dags/tutorial_dag.py
[2025-07-22T17:59:13.068+0000] {processor.py:830} INFO - Processing file /home/airflow/.local/lib/python3.8/site-packages/airflow/example_dags/tutorial_dag.py for tasks to queue
[2025-07-22T17:59:13.071+0000] {logging_mixin.py:188} INFO - [2025-07-22T17:59:13.070+0000] {dagbag.py:538} INFO - Filling up the DagBag from /home/airflow/.local/lib/python3.8/site-packages/airflow/example_dags/tutorial_dag.py
[2025-07-22T17:59:13.079+0000] {processor.py:840} INFO - DAG(s) 'tutorial_dag' retrieved from /home/airflow/.local/lib/python3.8/site-packages/airflow/example_dags/tutorial_dag.py
[2025-07-22T17:59:13.107+0000] {logging_mixin.py:188} INFO - [2025-07-22T17:59:13.107+0000] {dag.py:3036} INFO - Sync 1 DAGs
[2025-07-22T17:59:13.123+0000] {logging_mixin.py:188} INFO - [2025-07-22T17:59:13.123+0000] {dag.py:3823} INFO - Setting next_dagrun for tutorial_dag to None, run_after=None
[2025-07-22T17:59:13.153+0000] {processor.py:183} INFO - Processing /home/airflow/.local/lib/python3.8/site-packages/airflow/example_dags/tutorial_dag.py took 0.092 seconds
[2025-07-22T17:59:43.784+0000] {processor.py:161} INFO - Started process (PID=622) to work on /home/airflow/.local/lib/python3.8/site-packages/airflow/example_dags/tutorial_dag.py
[2025-07-22T17:59:43.786+0000] {processor.py:830} INFO - Processing file /home/airflow/.local/lib/python3.8/site-packages/airflow/example_dags/tutorial_dag.py for tasks to queue
[2025-07-22T17:59:43.790+0000] {logging_mixin.py:188} INFO - [2025-07-22T17:59:43.789+0000] {dagbag.py:538} INFO - Filling up the DagBag from /home/airflow/.local/lib/python3.8/site-packages/airflow/example_dags/tutorial_dag.py
[2025-07-22T17:59:43.802+0000] {processor.py:840} INFO - DAG(s) 'tutorial_dag' retrieved from /home/airflow/.local/lib/python3.8/site-packages/airflow/example_dags/tutorial_dag.py
[2025-07-22T17:59:43.868+0000] {logging_mixin.py:188} INFO - [2025-07-22T17:59:43.868+0000] {dag.py:3036} INFO - Sync 1 DAGs
[2025-07-22T17:59:43.888+0000] {logging_mixin.py:188} INFO - [2025-07-22T17:59:43.888+0000] {dag.py:3823} INFO - Setting next_dagrun for tutorial_dag to None, run_after=None
[2025-07-22T17:59:43.934+0000] {processor.py:183} INFO - Processing /home/airflow/.local/lib/python3.8/site-packages/airflow/example_dags/tutorial_dag.py took 0.157 seconds
[2025-07-22T18:00:14.301+0000] {processor.py:161} INFO - Started process (PID=680) to work on /home/airflow/.local/lib/python3.8/site-packages/airflow/example_dags/tutorial_dag.py
[2025-07-22T18:00:14.303+0000] {processor.py:830} INFO - Processing file /home/airflow/.local/lib/python3.8/site-packages/airflow/example_dags/tutorial_dag.py for tasks to queue
[2025-07-22T18:00:14.306+0000] {logging_mixin.py:188} INFO - [2025-07-22T18:00:14.305+0000] {dagbag.py:538} INFO - Filling up the DagBag from /home/airflow/.local/lib/python3.8/site-packages/airflow/example_dags/tutorial_dag.py
[2025-07-22T18:00:14.313+0000] {processor.py:840} INFO - DAG(s) 'tutorial_dag' retrieved from /home/airflow/.local/lib/python3.8/site-packages/airflow/example_dags/tutorial_dag.py
[2025-07-22T18:00:14.341+0000] {logging_mixin.py:188} INFO - [2025-07-22T18:00:14.340+0000] {dag.py:3036} INFO - Sync 1 DAGs
[2025-07-22T18:00:14.365+0000] {logging_mixin.py:188} INFO - [2025-07-22T18:00:14.365+0000] {dag.py:3823} INFO - Setting next_dagrun for tutorial_dag to None, run_after=None
[2025-07-22T18:00:14.433+0000] {processor.py:183} INFO - Processing /home/airflow/.local/lib/python3.8/site-packages/airflow/example_dags/tutorial_dag.py took 0.136 seconds
