[2025-07-22T17:55:07.954+0000] {processor.py:161} INFO - Started process (PID=104) to work on /home/airflow/.local/lib/python3.8/site-packages/airflow/example_dags/tutorial_taskflow_api.py
[2025-07-22T17:55:07.958+0000] {processor.py:830} INFO - Processing file /home/airflow/.local/lib/python3.8/site-packages/airflow/example_dags/tutorial_taskflow_api.py for tasks to queue
[2025-07-22T17:55:07.964+0000] {logging_mixin.py:188} INFO - [2025-07-22T17:55:07.964+0000] {dagbag.py:538} INFO - Filling up the DagBag from /home/airflow/.local/lib/python3.8/site-packages/airflow/example_dags/tutorial_taskflow_api.py
[2025-07-22T17:55:07.989+0000] {processor.py:840} INFO - DAG(s) 'tutorial_taskflow_api' retrieved from /home/airflow/.local/lib/python3.8/site-packages/airflow/example_dags/tutorial_taskflow_api.py
[2025-07-22T17:55:08.069+0000] {logging_mixin.py:188} INFO - [2025-07-22T17:55:08.068+0000] {dag.py:3036} INFO - Sync 1 DAGs
[2025-07-22T17:55:08.108+0000] {logging_mixin.py:188} INFO - [2025-07-22T17:55:08.108+0000] {dag.py:3823} INFO - Setting next_dagrun for tutorial_taskflow_api to None, run_after=None
[2025-07-22T17:55:08.172+0000] {processor.py:183} INFO - Processing /home/airflow/.local/lib/python3.8/site-packages/airflow/example_dags/tutorial_taskflow_api.py took 0.227 seconds
[2025-07-22T17:55:39.548+0000] {processor.py:161} INFO - Started process (PID=170) to work on /home/airflow/.local/lib/python3.8/site-packages/airflow/example_dags/tutorial_taskflow_api.py
[2025-07-22T17:55:39.550+0000] {processor.py:830} INFO - Processing file /home/airflow/.local/lib/python3.8/site-packages/airflow/example_dags/tutorial_taskflow_api.py for tasks to queue
[2025-07-22T17:55:39.553+0000] {logging_mixin.py:188} INFO - [2025-07-22T17:55:39.553+0000] {dagbag.py:538} INFO - Filling up the DagBag from /home/airflow/.local/lib/python3.8/site-packages/airflow/example_dags/tutorial_taskflow_api.py
[2025-07-22T17:55:39.563+0000] {processor.py:840} INFO - DAG(s) 'tutorial_taskflow_api' retrieved from /home/airflow/.local/lib/python3.8/site-packages/airflow/example_dags/tutorial_taskflow_api.py
[2025-07-22T17:55:39.593+0000] {logging_mixin.py:188} INFO - [2025-07-22T17:55:39.592+0000] {dag.py:3036} INFO - Sync 1 DAGs
[2025-07-22T17:55:39.611+0000] {logging_mixin.py:188} INFO - [2025-07-22T17:55:39.610+0000] {dag.py:3823} INFO - Setting next_dagrun for tutorial_taskflow_api to None, run_after=None
[2025-07-22T17:55:39.645+0000] {processor.py:183} INFO - Processing /home/airflow/.local/lib/python3.8/site-packages/airflow/example_dags/tutorial_taskflow_api.py took 0.102 seconds
[2025-07-22T17:56:10.164+0000] {processor.py:161} INFO - Started process (PID=227) to work on /home/airflow/.local/lib/python3.8/site-packages/airflow/example_dags/tutorial_taskflow_api.py
[2025-07-22T17:56:10.166+0000] {processor.py:830} INFO - Processing file /home/airflow/.local/lib/python3.8/site-packages/airflow/example_dags/tutorial_taskflow_api.py for tasks to queue
[2025-07-22T17:56:10.168+0000] {logging_mixin.py:188} INFO - [2025-07-22T17:56:10.168+0000] {dagbag.py:538} INFO - Filling up the DagBag from /home/airflow/.local/lib/python3.8/site-packages/airflow/example_dags/tutorial_taskflow_api.py
[2025-07-22T17:56:10.177+0000] {processor.py:840} INFO - DAG(s) 'tutorial_taskflow_api' retrieved from /home/airflow/.local/lib/python3.8/site-packages/airflow/example_dags/tutorial_taskflow_api.py
[2025-07-22T17:56:10.194+0000] {logging_mixin.py:188} INFO - [2025-07-22T17:56:10.194+0000] {dag.py:3036} INFO - Sync 1 DAGs
[2025-07-22T17:56:10.211+0000] {logging_mixin.py:188} INFO - [2025-07-22T17:56:10.211+0000] {dag.py:3823} INFO - Setting next_dagrun for tutorial_taskflow_api to None, run_after=None
[2025-07-22T17:56:10.242+0000] {processor.py:183} INFO - Processing /home/airflow/.local/lib/python3.8/site-packages/airflow/example_dags/tutorial_taskflow_api.py took 0.083 seconds
[2025-07-22T17:56:41.396+0000] {processor.py:161} INFO - Started process (PID=284) to work on /home/airflow/.local/lib/python3.8/site-packages/airflow/example_dags/tutorial_taskflow_api.py
[2025-07-22T17:56:41.398+0000] {processor.py:830} INFO - Processing file /home/airflow/.local/lib/python3.8/site-packages/airflow/example_dags/tutorial_taskflow_api.py for tasks to queue
[2025-07-22T17:56:41.401+0000] {logging_mixin.py:188} INFO - [2025-07-22T17:56:41.401+0000] {dagbag.py:538} INFO - Filling up the DagBag from /home/airflow/.local/lib/python3.8/site-packages/airflow/example_dags/tutorial_taskflow_api.py
[2025-07-22T17:56:41.412+0000] {processor.py:840} INFO - DAG(s) 'tutorial_taskflow_api' retrieved from /home/airflow/.local/lib/python3.8/site-packages/airflow/example_dags/tutorial_taskflow_api.py
[2025-07-22T17:56:41.561+0000] {logging_mixin.py:188} INFO - [2025-07-22T17:56:41.561+0000] {dag.py:3036} INFO - Sync 1 DAGs
[2025-07-22T17:56:41.589+0000] {logging_mixin.py:188} INFO - [2025-07-22T17:56:41.589+0000] {dag.py:3823} INFO - Setting next_dagrun for tutorial_taskflow_api to None, run_after=None
[2025-07-22T17:56:41.694+0000] {processor.py:183} INFO - Processing /home/airflow/.local/lib/python3.8/site-packages/airflow/example_dags/tutorial_taskflow_api.py took 0.304 seconds
[2025-07-22T17:57:12.496+0000] {processor.py:161} INFO - Started process (PID=341) to work on /home/airflow/.local/lib/python3.8/site-packages/airflow/example_dags/tutorial_taskflow_api.py
[2025-07-22T17:57:12.498+0000] {processor.py:830} INFO - Processing file /home/airflow/.local/lib/python3.8/site-packages/airflow/example_dags/tutorial_taskflow_api.py for tasks to queue
[2025-07-22T17:57:12.501+0000] {logging_mixin.py:188} INFO - [2025-07-22T17:57:12.501+0000] {dagbag.py:538} INFO - Filling up the DagBag from /home/airflow/.local/lib/python3.8/site-packages/airflow/example_dags/tutorial_taskflow_api.py
[2025-07-22T17:57:12.510+0000] {processor.py:840} INFO - DAG(s) 'tutorial_taskflow_api' retrieved from /home/airflow/.local/lib/python3.8/site-packages/airflow/example_dags/tutorial_taskflow_api.py
[2025-07-22T17:57:12.538+0000] {logging_mixin.py:188} INFO - [2025-07-22T17:57:12.538+0000] {dag.py:3036} INFO - Sync 1 DAGs
[2025-07-22T17:57:12.552+0000] {logging_mixin.py:188} INFO - [2025-07-22T17:57:12.552+0000] {dag.py:3823} INFO - Setting next_dagrun for tutorial_taskflow_api to None, run_after=None
[2025-07-22T17:57:12.587+0000] {processor.py:183} INFO - Processing /home/airflow/.local/lib/python3.8/site-packages/airflow/example_dags/tutorial_taskflow_api.py took 0.094 seconds
[2025-07-22T17:57:43.035+0000] {processor.py:161} INFO - Started process (PID=398) to work on /home/airflow/.local/lib/python3.8/site-packages/airflow/example_dags/tutorial_taskflow_api.py
[2025-07-22T17:57:43.037+0000] {processor.py:830} INFO - Processing file /home/airflow/.local/lib/python3.8/site-packages/airflow/example_dags/tutorial_taskflow_api.py for tasks to queue
[2025-07-22T17:57:43.041+0000] {logging_mixin.py:188} INFO - [2025-07-22T17:57:43.040+0000] {dagbag.py:538} INFO - Filling up the DagBag from /home/airflow/.local/lib/python3.8/site-packages/airflow/example_dags/tutorial_taskflow_api.py
[2025-07-22T17:57:43.050+0000] {processor.py:840} INFO - DAG(s) 'tutorial_taskflow_api' retrieved from /home/airflow/.local/lib/python3.8/site-packages/airflow/example_dags/tutorial_taskflow_api.py
[2025-07-22T17:57:43.077+0000] {logging_mixin.py:188} INFO - [2025-07-22T17:57:43.077+0000] {dag.py:3036} INFO - Sync 1 DAGs
[2025-07-22T17:57:43.093+0000] {logging_mixin.py:188} INFO - [2025-07-22T17:57:43.093+0000] {dag.py:3823} INFO - Setting next_dagrun for tutorial_taskflow_api to None, run_after=None
[2025-07-22T17:57:43.121+0000] {processor.py:183} INFO - Processing /home/airflow/.local/lib/python3.8/site-packages/airflow/example_dags/tutorial_taskflow_api.py took 0.091 seconds
[2025-07-22T17:58:13.407+0000] {processor.py:161} INFO - Started process (PID=455) to work on /home/airflow/.local/lib/python3.8/site-packages/airflow/example_dags/tutorial_taskflow_api.py
[2025-07-22T17:58:13.408+0000] {processor.py:830} INFO - Processing file /home/airflow/.local/lib/python3.8/site-packages/airflow/example_dags/tutorial_taskflow_api.py for tasks to queue
[2025-07-22T17:58:13.411+0000] {logging_mixin.py:188} INFO - [2025-07-22T17:58:13.410+0000] {dagbag.py:538} INFO - Filling up the DagBag from /home/airflow/.local/lib/python3.8/site-packages/airflow/example_dags/tutorial_taskflow_api.py
[2025-07-22T17:58:13.422+0000] {processor.py:840} INFO - DAG(s) 'tutorial_taskflow_api' retrieved from /home/airflow/.local/lib/python3.8/site-packages/airflow/example_dags/tutorial_taskflow_api.py
[2025-07-22T17:58:13.464+0000] {logging_mixin.py:188} INFO - [2025-07-22T17:58:13.463+0000] {dag.py:3036} INFO - Sync 1 DAGs
[2025-07-22T17:58:13.479+0000] {logging_mixin.py:188} INFO - [2025-07-22T17:58:13.478+0000] {dag.py:3823} INFO - Setting next_dagrun for tutorial_taskflow_api to None, run_after=None
[2025-07-22T17:58:13.509+0000] {processor.py:183} INFO - Processing /home/airflow/.local/lib/python3.8/site-packages/airflow/example_dags/tutorial_taskflow_api.py took 0.106 seconds
[2025-07-22T17:58:44.030+0000] {processor.py:161} INFO - Started process (PID=512) to work on /home/airflow/.local/lib/python3.8/site-packages/airflow/example_dags/tutorial_taskflow_api.py
[2025-07-22T17:58:44.033+0000] {processor.py:830} INFO - Processing file /home/airflow/.local/lib/python3.8/site-packages/airflow/example_dags/tutorial_taskflow_api.py for tasks to queue
[2025-07-22T17:58:44.038+0000] {logging_mixin.py:188} INFO - [2025-07-22T17:58:44.038+0000] {dagbag.py:538} INFO - Filling up the DagBag from /home/airflow/.local/lib/python3.8/site-packages/airflow/example_dags/tutorial_taskflow_api.py
[2025-07-22T17:58:44.052+0000] {processor.py:840} INFO - DAG(s) 'tutorial_taskflow_api' retrieved from /home/airflow/.local/lib/python3.8/site-packages/airflow/example_dags/tutorial_taskflow_api.py
[2025-07-22T17:58:44.091+0000] {logging_mixin.py:188} INFO - [2025-07-22T17:58:44.091+0000] {dag.py:3036} INFO - Sync 1 DAGs
[2025-07-22T17:58:44.114+0000] {logging_mixin.py:188} INFO - [2025-07-22T17:58:44.113+0000] {dag.py:3823} INFO - Setting next_dagrun for tutorial_taskflow_api to None, run_after=None
[2025-07-22T17:58:44.153+0000] {processor.py:183} INFO - Processing /home/airflow/.local/lib/python3.8/site-packages/airflow/example_dags/tutorial_taskflow_api.py took 0.128 seconds
[2025-07-22T17:59:14.399+0000] {processor.py:161} INFO - Started process (PID=569) to work on /home/airflow/.local/lib/python3.8/site-packages/airflow/example_dags/tutorial_taskflow_api.py
[2025-07-22T17:59:14.401+0000] {processor.py:830} INFO - Processing file /home/airflow/.local/lib/python3.8/site-packages/airflow/example_dags/tutorial_taskflow_api.py for tasks to queue
[2025-07-22T17:59:14.404+0000] {logging_mixin.py:188} INFO - [2025-07-22T17:59:14.403+0000] {dagbag.py:538} INFO - Filling up the DagBag from /home/airflow/.local/lib/python3.8/site-packages/airflow/example_dags/tutorial_taskflow_api.py
[2025-07-22T17:59:14.412+0000] {processor.py:840} INFO - DAG(s) 'tutorial_taskflow_api' retrieved from /home/airflow/.local/lib/python3.8/site-packages/airflow/example_dags/tutorial_taskflow_api.py
[2025-07-22T17:59:14.462+0000] {logging_mixin.py:188} INFO - [2025-07-22T17:59:14.462+0000] {dag.py:3036} INFO - Sync 1 DAGs
[2025-07-22T17:59:14.483+0000] {logging_mixin.py:188} INFO - [2025-07-22T17:59:14.483+0000] {dag.py:3823} INFO - Setting next_dagrun for tutorial_taskflow_api to None, run_after=None
[2025-07-22T17:59:14.532+0000] {processor.py:183} INFO - Processing /home/airflow/.local/lib/python3.8/site-packages/airflow/example_dags/tutorial_taskflow_api.py took 0.137 seconds
[2025-07-22T17:59:45.196+0000] {processor.py:161} INFO - Started process (PID=626) to work on /home/airflow/.local/lib/python3.8/site-packages/airflow/example_dags/tutorial_taskflow_api.py
[2025-07-22T17:59:45.198+0000] {processor.py:830} INFO - Processing file /home/airflow/.local/lib/python3.8/site-packages/airflow/example_dags/tutorial_taskflow_api.py for tasks to queue
[2025-07-22T17:59:45.201+0000] {logging_mixin.py:188} INFO - [2025-07-22T17:59:45.201+0000] {dagbag.py:538} INFO - Filling up the DagBag from /home/airflow/.local/lib/python3.8/site-packages/airflow/example_dags/tutorial_taskflow_api.py
[2025-07-22T17:59:45.211+0000] {processor.py:840} INFO - DAG(s) 'tutorial_taskflow_api' retrieved from /home/airflow/.local/lib/python3.8/site-packages/airflow/example_dags/tutorial_taskflow_api.py
[2025-07-22T17:59:45.240+0000] {logging_mixin.py:188} INFO - [2025-07-22T17:59:45.239+0000] {dag.py:3036} INFO - Sync 1 DAGs
[2025-07-22T17:59:45.256+0000] {logging_mixin.py:188} INFO - [2025-07-22T17:59:45.255+0000] {dag.py:3823} INFO - Setting next_dagrun for tutorial_taskflow_api to None, run_after=None
[2025-07-22T17:59:45.284+0000] {processor.py:183} INFO - Processing /home/airflow/.local/lib/python3.8/site-packages/airflow/example_dags/tutorial_taskflow_api.py took 0.093 seconds
[2025-07-22T18:00:15.930+0000] {processor.py:161} INFO - Started process (PID=684) to work on /home/airflow/.local/lib/python3.8/site-packages/airflow/example_dags/tutorial_taskflow_api.py
[2025-07-22T18:00:15.933+0000] {processor.py:830} INFO - Processing file /home/airflow/.local/lib/python3.8/site-packages/airflow/example_dags/tutorial_taskflow_api.py for tasks to queue
[2025-07-22T18:00:15.936+0000] {logging_mixin.py:188} INFO - [2025-07-22T18:00:15.935+0000] {dagbag.py:538} INFO - Filling up the DagBag from /home/airflow/.local/lib/python3.8/site-packages/airflow/example_dags/tutorial_taskflow_api.py
[2025-07-22T18:00:15.949+0000] {processor.py:840} INFO - DAG(s) 'tutorial_taskflow_api' retrieved from /home/airflow/.local/lib/python3.8/site-packages/airflow/example_dags/tutorial_taskflow_api.py
[2025-07-22T18:00:15.978+0000] {logging_mixin.py:188} INFO - [2025-07-22T18:00:15.977+0000] {dag.py:3036} INFO - Sync 1 DAGs
[2025-07-22T18:00:15.993+0000] {logging_mixin.py:188} INFO - [2025-07-22T18:00:15.993+0000] {dag.py:3823} INFO - Setting next_dagrun for tutorial_taskflow_api to None, run_after=None
[2025-07-22T18:00:16.023+0000] {processor.py:183} INFO - Processing /home/airflow/.local/lib/python3.8/site-packages/airflow/example_dags/tutorial_taskflow_api.py took 0.098 seconds
