[2025-07-22T17:55:07.197+0000] {processor.py:161} INFO - Started process (PID=99) to work on /home/airflow/.local/lib/python3.8/site-packages/airflow/example_dags/tutorial.py
[2025-07-22T17:55:07.201+0000] {processor.py:830} INFO - Processing file /home/airflow/.local/lib/python3.8/site-packages/airflow/example_dags/tutorial.py for tasks to queue
[2025-07-22T17:55:07.208+0000] {logging_mixin.py:188} INFO - [2025-07-22T17:55:07.207+0000] {dagbag.py:538} INFO - Filling up the DagBag from /home/airflow/.local/lib/python3.8/site-packages/airflow/example_dags/tutorial.py
[2025-07-22T17:55:07.231+0000] {processor.py:840} INFO - DAG(s) 'tutorial' retrieved from /home/airflow/.local/lib/python3.8/site-packages/airflow/example_dags/tutorial.py
[2025-07-22T17:55:07.304+0000] {logging_mixin.py:188} INFO - [2025-07-22T17:55:07.304+0000] {dag.py:3036} INFO - Sync 1 DAGs
[2025-07-22T17:55:07.369+0000] {logging_mixin.py:188} INFO - [2025-07-22T17:55:07.368+0000] {dag.py:3823} INFO - Setting next_dagrun for tutorial to 2025-07-21 00:00:00+00:00, run_after=2025-07-22 00:00:00+00:00
[2025-07-22T17:55:07.432+0000] {processor.py:183} INFO - Processing /home/airflow/.local/lib/python3.8/site-packages/airflow/example_dags/tutorial.py took 0.243 seconds
[2025-07-22T17:55:37.891+0000] {processor.py:161} INFO - Started process (PID=165) to work on /home/airflow/.local/lib/python3.8/site-packages/airflow/example_dags/tutorial.py
[2025-07-22T17:55:37.893+0000] {processor.py:830} INFO - Processing file /home/airflow/.local/lib/python3.8/site-packages/airflow/example_dags/tutorial.py for tasks to queue
[2025-07-22T17:55:37.897+0000] {logging_mixin.py:188} INFO - [2025-07-22T17:55:37.897+0000] {dagbag.py:538} INFO - Filling up the DagBag from /home/airflow/.local/lib/python3.8/site-packages/airflow/example_dags/tutorial.py
[2025-07-22T17:55:37.907+0000] {processor.py:840} INFO - DAG(s) 'tutorial' retrieved from /home/airflow/.local/lib/python3.8/site-packages/airflow/example_dags/tutorial.py
[2025-07-22T17:55:37.940+0000] {logging_mixin.py:188} INFO - [2025-07-22T17:55:37.940+0000] {dag.py:3036} INFO - Sync 1 DAGs
[2025-07-22T17:55:37.972+0000] {logging_mixin.py:188} INFO - [2025-07-22T17:55:37.972+0000] {dag.py:3823} INFO - Setting next_dagrun for tutorial to 2025-07-21 00:00:00+00:00, run_after=2025-07-22 00:00:00+00:00
[2025-07-22T17:55:38.007+0000] {processor.py:183} INFO - Processing /home/airflow/.local/lib/python3.8/site-packages/airflow/example_dags/tutorial.py took 0.121 seconds
[2025-07-22T17:56:08.639+0000] {processor.py:161} INFO - Started process (PID=221) to work on /home/airflow/.local/lib/python3.8/site-packages/airflow/example_dags/tutorial.py
[2025-07-22T17:56:08.641+0000] {processor.py:830} INFO - Processing file /home/airflow/.local/lib/python3.8/site-packages/airflow/example_dags/tutorial.py for tasks to queue
[2025-07-22T17:56:08.644+0000] {logging_mixin.py:188} INFO - [2025-07-22T17:56:08.643+0000] {dagbag.py:538} INFO - Filling up the DagBag from /home/airflow/.local/lib/python3.8/site-packages/airflow/example_dags/tutorial.py
[2025-07-22T17:56:08.651+0000] {processor.py:840} INFO - DAG(s) 'tutorial' retrieved from /home/airflow/.local/lib/python3.8/site-packages/airflow/example_dags/tutorial.py
[2025-07-22T17:56:08.666+0000] {logging_mixin.py:188} INFO - [2025-07-22T17:56:08.666+0000] {dag.py:3036} INFO - Sync 1 DAGs
[2025-07-22T17:56:08.694+0000] {logging_mixin.py:188} INFO - [2025-07-22T17:56:08.694+0000] {dag.py:3823} INFO - Setting next_dagrun for tutorial to 2025-07-21 00:00:00+00:00, run_after=2025-07-22 00:00:00+00:00
[2025-07-22T17:56:08.721+0000] {processor.py:183} INFO - Processing /home/airflow/.local/lib/python3.8/site-packages/airflow/example_dags/tutorial.py took 0.086 seconds
[2025-07-22T17:56:39.999+0000] {processor.py:161} INFO - Started process (PID=278) to work on /home/airflow/.local/lib/python3.8/site-packages/airflow/example_dags/tutorial.py
[2025-07-22T17:56:40.001+0000] {processor.py:830} INFO - Processing file /home/airflow/.local/lib/python3.8/site-packages/airflow/example_dags/tutorial.py for tasks to queue
[2025-07-22T17:56:40.005+0000] {logging_mixin.py:188} INFO - [2025-07-22T17:56:40.005+0000] {dagbag.py:538} INFO - Filling up the DagBag from /home/airflow/.local/lib/python3.8/site-packages/airflow/example_dags/tutorial.py
[2025-07-22T17:56:40.016+0000] {processor.py:840} INFO - DAG(s) 'tutorial' retrieved from /home/airflow/.local/lib/python3.8/site-packages/airflow/example_dags/tutorial.py
[2025-07-22T17:56:40.187+0000] {logging_mixin.py:188} INFO - [2025-07-22T17:56:40.186+0000] {dag.py:3036} INFO - Sync 1 DAGs
[2025-07-22T17:56:40.220+0000] {logging_mixin.py:188} INFO - [2025-07-22T17:56:40.220+0000] {dag.py:3823} INFO - Setting next_dagrun for tutorial to 2025-07-21 00:00:00+00:00, run_after=2025-07-22 00:00:00+00:00
[2025-07-22T17:56:40.258+0000] {processor.py:183} INFO - Processing /home/airflow/.local/lib/python3.8/site-packages/airflow/example_dags/tutorial.py took 0.266 seconds
[2025-07-22T17:57:10.784+0000] {processor.py:161} INFO - Started process (PID=335) to work on /home/airflow/.local/lib/python3.8/site-packages/airflow/example_dags/tutorial.py
[2025-07-22T17:57:10.785+0000] {processor.py:830} INFO - Processing file /home/airflow/.local/lib/python3.8/site-packages/airflow/example_dags/tutorial.py for tasks to queue
[2025-07-22T17:57:10.789+0000] {logging_mixin.py:188} INFO - [2025-07-22T17:57:10.788+0000] {dagbag.py:538} INFO - Filling up the DagBag from /home/airflow/.local/lib/python3.8/site-packages/airflow/example_dags/tutorial.py
[2025-07-22T17:57:10.797+0000] {processor.py:840} INFO - DAG(s) 'tutorial' retrieved from /home/airflow/.local/lib/python3.8/site-packages/airflow/example_dags/tutorial.py
[2025-07-22T17:57:10.825+0000] {logging_mixin.py:188} INFO - [2025-07-22T17:57:10.825+0000] {dag.py:3036} INFO - Sync 1 DAGs
[2025-07-22T17:57:10.857+0000] {logging_mixin.py:188} INFO - [2025-07-22T17:57:10.856+0000] {dag.py:3823} INFO - Setting next_dagrun for tutorial to 2025-07-21 00:00:00+00:00, run_after=2025-07-22 00:00:00+00:00
[2025-07-22T17:57:10.885+0000] {processor.py:183} INFO - Processing /home/airflow/.local/lib/python3.8/site-packages/airflow/example_dags/tutorial.py took 0.105 seconds
[2025-07-22T17:57:41.602+0000] {processor.py:161} INFO - Started process (PID=393) to work on /home/airflow/.local/lib/python3.8/site-packages/airflow/example_dags/tutorial.py
[2025-07-22T17:57:41.603+0000] {processor.py:830} INFO - Processing file /home/airflow/.local/lib/python3.8/site-packages/airflow/example_dags/tutorial.py for tasks to queue
[2025-07-22T17:57:41.606+0000] {logging_mixin.py:188} INFO - [2025-07-22T17:57:41.606+0000] {dagbag.py:538} INFO - Filling up the DagBag from /home/airflow/.local/lib/python3.8/site-packages/airflow/example_dags/tutorial.py
[2025-07-22T17:57:41.615+0000] {processor.py:840} INFO - DAG(s) 'tutorial' retrieved from /home/airflow/.local/lib/python3.8/site-packages/airflow/example_dags/tutorial.py
[2025-07-22T17:57:41.658+0000] {logging_mixin.py:188} INFO - [2025-07-22T17:57:41.658+0000] {dag.py:3036} INFO - Sync 1 DAGs
[2025-07-22T17:57:41.692+0000] {logging_mixin.py:188} INFO - [2025-07-22T17:57:41.692+0000] {dag.py:3823} INFO - Setting next_dagrun for tutorial to 2025-07-21 00:00:00+00:00, run_after=2025-07-22 00:00:00+00:00
[2025-07-22T17:57:41.729+0000] {processor.py:183} INFO - Processing /home/airflow/.local/lib/python3.8/site-packages/airflow/example_dags/tutorial.py took 0.132 seconds
[2025-07-22T17:58:11.836+0000] {processor.py:161} INFO - Started process (PID=450) to work on /home/airflow/.local/lib/python3.8/site-packages/airflow/example_dags/tutorial.py
[2025-07-22T17:58:11.839+0000] {processor.py:830} INFO - Processing file /home/airflow/.local/lib/python3.8/site-packages/airflow/example_dags/tutorial.py for tasks to queue
[2025-07-22T17:58:11.844+0000] {logging_mixin.py:188} INFO - [2025-07-22T17:58:11.843+0000] {dagbag.py:538} INFO - Filling up the DagBag from /home/airflow/.local/lib/python3.8/site-packages/airflow/example_dags/tutorial.py
[2025-07-22T17:58:11.856+0000] {processor.py:840} INFO - DAG(s) 'tutorial' retrieved from /home/airflow/.local/lib/python3.8/site-packages/airflow/example_dags/tutorial.py
[2025-07-22T17:58:11.887+0000] {logging_mixin.py:188} INFO - [2025-07-22T17:58:11.886+0000] {dag.py:3036} INFO - Sync 1 DAGs
[2025-07-22T17:58:11.915+0000] {logging_mixin.py:188} INFO - [2025-07-22T17:58:11.915+0000] {dag.py:3823} INFO - Setting next_dagrun for tutorial to 2025-07-21 00:00:00+00:00, run_after=2025-07-22 00:00:00+00:00
[2025-07-22T17:58:11.966+0000] {processor.py:183} INFO - Processing /home/airflow/.local/lib/python3.8/site-packages/airflow/example_dags/tutorial.py took 0.137 seconds
[2025-07-22T17:58:42.656+0000] {processor.py:161} INFO - Started process (PID=507) to work on /home/airflow/.local/lib/python3.8/site-packages/airflow/example_dags/tutorial.py
[2025-07-22T17:58:42.658+0000] {processor.py:830} INFO - Processing file /home/airflow/.local/lib/python3.8/site-packages/airflow/example_dags/tutorial.py for tasks to queue
[2025-07-22T17:58:42.662+0000] {logging_mixin.py:188} INFO - [2025-07-22T17:58:42.661+0000] {dagbag.py:538} INFO - Filling up the DagBag from /home/airflow/.local/lib/python3.8/site-packages/airflow/example_dags/tutorial.py
[2025-07-22T17:58:42.671+0000] {processor.py:840} INFO - DAG(s) 'tutorial' retrieved from /home/airflow/.local/lib/python3.8/site-packages/airflow/example_dags/tutorial.py
[2025-07-22T17:58:42.698+0000] {logging_mixin.py:188} INFO - [2025-07-22T17:58:42.697+0000] {dag.py:3036} INFO - Sync 1 DAGs
[2025-07-22T17:58:42.728+0000] {logging_mixin.py:188} INFO - [2025-07-22T17:58:42.728+0000] {dag.py:3823} INFO - Setting next_dagrun for tutorial to 2025-07-21 00:00:00+00:00, run_after=2025-07-22 00:00:00+00:00
[2025-07-22T17:58:42.768+0000] {processor.py:183} INFO - Processing /home/airflow/.local/lib/python3.8/site-packages/airflow/example_dags/tutorial.py took 0.116 seconds
[2025-07-22T17:59:13.032+0000] {processor.py:161} INFO - Started process (PID=564) to work on /home/airflow/.local/lib/python3.8/site-packages/airflow/example_dags/tutorial.py
[2025-07-22T17:59:13.034+0000] {processor.py:830} INFO - Processing file /home/airflow/.local/lib/python3.8/site-packages/airflow/example_dags/tutorial.py for tasks to queue
[2025-07-22T17:59:13.037+0000] {logging_mixin.py:188} INFO - [2025-07-22T17:59:13.037+0000] {dagbag.py:538} INFO - Filling up the DagBag from /home/airflow/.local/lib/python3.8/site-packages/airflow/example_dags/tutorial.py
[2025-07-22T17:59:13.046+0000] {processor.py:840} INFO - DAG(s) 'tutorial' retrieved from /home/airflow/.local/lib/python3.8/site-packages/airflow/example_dags/tutorial.py
[2025-07-22T17:59:13.074+0000] {logging_mixin.py:188} INFO - [2025-07-22T17:59:13.074+0000] {dag.py:3036} INFO - Sync 1 DAGs
[2025-07-22T17:59:13.104+0000] {logging_mixin.py:188} INFO - [2025-07-22T17:59:13.103+0000] {dag.py:3823} INFO - Setting next_dagrun for tutorial to 2025-07-21 00:00:00+00:00, run_after=2025-07-22 00:00:00+00:00
[2025-07-22T17:59:13.133+0000] {processor.py:183} INFO - Processing /home/airflow/.local/lib/python3.8/site-packages/airflow/example_dags/tutorial.py took 0.106 seconds
[2025-07-22T17:59:43.718+0000] {processor.py:161} INFO - Started process (PID=621) to work on /home/airflow/.local/lib/python3.8/site-packages/airflow/example_dags/tutorial.py
[2025-07-22T17:59:43.720+0000] {processor.py:830} INFO - Processing file /home/airflow/.local/lib/python3.8/site-packages/airflow/example_dags/tutorial.py for tasks to queue
[2025-07-22T17:59:43.725+0000] {logging_mixin.py:188} INFO - [2025-07-22T17:59:43.724+0000] {dagbag.py:538} INFO - Filling up the DagBag from /home/airflow/.local/lib/python3.8/site-packages/airflow/example_dags/tutorial.py
[2025-07-22T17:59:43.734+0000] {processor.py:840} INFO - DAG(s) 'tutorial' retrieved from /home/airflow/.local/lib/python3.8/site-packages/airflow/example_dags/tutorial.py
[2025-07-22T17:59:43.777+0000] {logging_mixin.py:188} INFO - [2025-07-22T17:59:43.776+0000] {dag.py:3036} INFO - Sync 1 DAGs
[2025-07-22T17:59:43.846+0000] {logging_mixin.py:188} INFO - [2025-07-22T17:59:43.845+0000] {dag.py:3823} INFO - Setting next_dagrun for tutorial to 2025-07-21 00:00:00+00:00, run_after=2025-07-22 00:00:00+00:00
[2025-07-22T17:59:43.888+0000] {processor.py:183} INFO - Processing /home/airflow/.local/lib/python3.8/site-packages/airflow/example_dags/tutorial.py took 0.176 seconds
[2025-07-22T18:00:14.116+0000] {processor.py:161} INFO - Started process (PID=678) to work on /home/airflow/.local/lib/python3.8/site-packages/airflow/example_dags/tutorial.py
[2025-07-22T18:00:14.118+0000] {processor.py:830} INFO - Processing file /home/airflow/.local/lib/python3.8/site-packages/airflow/example_dags/tutorial.py for tasks to queue
[2025-07-22T18:00:14.121+0000] {logging_mixin.py:188} INFO - [2025-07-22T18:00:14.120+0000] {dagbag.py:538} INFO - Filling up the DagBag from /home/airflow/.local/lib/python3.8/site-packages/airflow/example_dags/tutorial.py
[2025-07-22T18:00:14.131+0000] {processor.py:840} INFO - DAG(s) 'tutorial' retrieved from /home/airflow/.local/lib/python3.8/site-packages/airflow/example_dags/tutorial.py
[2025-07-22T18:00:14.165+0000] {logging_mixin.py:188} INFO - [2025-07-22T18:00:14.165+0000] {dag.py:3036} INFO - Sync 1 DAGs
[2025-07-22T18:00:14.206+0000] {logging_mixin.py:188} INFO - [2025-07-22T18:00:14.205+0000] {dag.py:3823} INFO - Setting next_dagrun for tutorial to 2025-07-21 00:00:00+00:00, run_after=2025-07-22 00:00:00+00:00
[2025-07-22T18:00:14.245+0000] {processor.py:183} INFO - Processing /home/airflow/.local/lib/python3.8/site-packages/airflow/example_dags/tutorial.py took 0.133 seconds
